microsoft-windows-security-auditing,success audit,file system,gcegy0400.global.com,127.0.0.1,MSWinEventLog	1	Security	1078873	Tue May  2 17:02:37 2017	4656	Microsoft-Windows-Security-Auditing	N/A	N/A	Success Audit	gcEGY0400.global.com	File System		A handle to an object was requested.    Subject:   Security ID:  S-1-5-18   Account Name:  gcEGY0400$   Account Domain:  globalcom   Logon ID:  0x3e7    Object:   Object Server:  Security   Object Type:  File   Object Name:  C:\Windows\System32\attrib.exe   Handle ID:  0x620    Process Information:   Process ID:  0x270   Process Name:  C:\Windows\System32\services.exe    Access Request Information:   Transaction ID:  {00000000-0000-0000-0000-000000000000}   Accesses:  READ_CONTROL      WRITE_DAC         Access Reasons:  READ_CONTROL: Granted by Ownership      WRITE_DAC: Granted by Ownership         Access Mask:  0x60000   Privileges Used for Access Check: -   Restricted SID Count: 0	169322713,a handle to an object was requested,"auth,windows",2017-05-02T15:02:37.923Z,62367,172.20.40.23,ms_windows_event-1655484026,908,<14>May  2 17:02:37 gcEGY0400.global.com ,192248601,1,0.0.0.0/514/tcp,2afc-b757b19,11004,gcegy0400.global.com, ,4656,ms_windows_event,security,5454712b-209d-4907-bf27-de1b49efdbf6#413,"{""id"":""5454712b-209d-4907-bf27-de1b49efdbf6#413"",""num_events"":566,""data_type"":""passthrough"",""batch_id"":""5454712b-209d-4907-bf27-de1b49efdbf6"",""batch_segment"":0,""customer_id"":""lga03"",""sequence_number"":412,""source_type"":""json"",""target_index"":""""}",11004,s-1-5-18,gcegy0400$,{00000000-0000-0000-0000-000000000000},security,0x270,c:\windows\system32\services.exe,-,0x3e7,read_control      write_dac         access reasons:  read_control: granted by ownership      write_dac: granted by ownership,1568,c:\windows\system32\attrib.exe,globalcom, , , , , , , , , , , , , , , , , , , , , , , , , , , , , 
microsoft-windows-security-auditing,success audit,logogc,gcbrw0000.global.com,127.0.0.1,MSWinEventLog	1	Security	796303	Tue May  2 11:02:43 2017	4634	Microsoft-Windows-Security-Auditing	N/A	N/A	Success Audit	gcBRW0000.global.com	Logogc		An account was logged ogc.    Subject:   Security ID:  S-1-5-21-2029550947-1910908428-336986018-35847   Account Name:  NYCLT4721$   Account Domain:  globalcom   Logon ID:  0x9F81D9A    Logon Type:   3    This event is generated when a logon session is destroyed. It may be positively correlated with a logon event using the Logon ID value. Logon IDs are only unique between reboots on the same computer.	64591012,an account was logged ogc,"auth,windows",2017-05-02T15:04:41.825Z,54837,172.24.19.20,ms_windows_event-3012490973,613,<14>May  2 11:02:43 gcBRW0000.global.com ,3969016790,1,0.0.0.0/514/tcp,2b04-ec9263d6,11012,gcbrw0000.global.com,2017-05-02T11:02:43.000Z,4634,ms_windows_event,security,5454712b-209d-4907-bf27-de1b49efdbf6#415,"{""id"":""5454712b-209d-4907-bf27-de1b49efdbf6#415"",""num_events"":566,""data_type"":""passthrough"",""batch_id"":""5454712b-209d-4907-bf27-de1b49efdbf6"",""batch_segment"":0,""customer_id"":""lga03"",""sequence_number"":414,""source_type"":""json"",""target_index"":""""}",11012,s-1-5-21-2029550947-1910908428-336986018-35847,nyclt4721$, , , , , ,0x9f81d9a, , , ,globalcom, , , , , , , ,3,this event is generated when a logon session is destroyed, , , , , , , , , , , , , , , , , , , , 
microsoft-windows-security-auditing,success audit,file system,gcegy0400.global.com,127.0.0.1,MSWinEventLog	1	Security	1078889	Tue May  2 17:02:37 2017	4656	Microsoft-Windows-Security-Auditing	N/A	N/A	Success Audit	gcEGY0400.global.com	File System		A handle to an object was requested.    Subject:   Security ID:  S-1-5-18   Account Name:  gcEGY0400$   Account Domain:  globalcom   Logon ID:  0x3e7    Object:   Object Server:  Security   Object Type:  File   Object Name:  C:\Windows\System32\net.exe   Handle ID:  0x620    Process Information:   Process ID:  0x270   Process Name:  C:\Windows\System32\services.exe    Access Request Information:   Transaction ID:  {00000000-0000-0000-0000-000000000000}   Accesses:  READ_CONTROL      WRITE_DAC         Access Reasons:  READ_CONTROL: Granted by Ownership      WRITE_DAC: Granted by Ownership         Access Mask:  0x60000   Privileges Used for Access Check: -   Restricted SID Count: 0	169322729,a handle to an object was requested,"auth,windows",2017-05-02T15:02:37.932Z,62367,172.20.40.23,ms_windows_event-1655484026,905,<14>May  2 17:02:37 gcEGY0400.global.com ,192248617,1,0.0.0.0/514/tcp,2afc-b757b29,11004,gcegy0400.global.com, ,4656,ms_windows_event,security,5454712b-209d-4907-bf27-de1b49efdbf6#514,"{""id"":""5454712b-209d-4907-bf27-de1b49efdbf6#514"",""num_events"":533,""data_type"":""passthrough"",""batch_id"":""5454712b-209d-4907-bf27-de1b49efdbf6"",""batch_segment"":0,""customer_id"":""lga03"",""sequence_number"":513,""source_type"":""json"",""target_index"":""""}",11004,s-1-5-18,gcegy0400$,{00000000-0000-0000-0000-000000000000},security,0x270,c:\windows\system32\services.exe,-,0x3e7,read_control      write_dac         access reasons:  read_control: granted by ownership      write_dac: granted by ownership,1568,c:\windows\system32\net.exe,globalcom, , , , , , , , , , , , , , , , , , , , , , , , , , , , , 
microsoft-windows-security-auditing,success audit,file system,gcegy0400.global.com,127.0.0.1,MSWinEventLog	1	Security	1078919	Tue May  2 17:02:37 2017	4658	Microsoft-Windows-Security-Auditing	N/A	N/A	Success Audit	gcEGY0400.global.com	File System		The handle to an object was closed.    Subject :   Security ID:  S-1-5-18   Account Name:  gcEGY0400$   Account Domain:  globalcom   Logon ID:  0x3e7    Object:   Object Server:  Security   Handle ID:  0x6cc    Process Information:   Process ID:  0x270   Process Name:  C:\Windows\System32\services.exe	169322759,the handle to an object was closed,"auth,windows",2017-05-02T15:02:37.950Z,62367,172.20.40.23,ms_windows_event-259117541,519,<14>May  2 17:02:37 gcEGY0400.global.com ,192248647,1,0.0.0.0/514/tcp,2afc-b757b47,11004,gcegy0400.global.com,2017-05-02T17:02:37.000Z,4658,ms_windows_event,security,5454712b-209d-4907-bf27-de1b49efdbf6#517,"{""id"":""5454712b-209d-4907-bf27-de1b49efdbf6#517"",""num_events"":533,""data_type"":""passthrough"",""batch_id"":""5454712b-209d-4907-bf27-de1b49efdbf6"",""batch_segment"":0,""customer_id"":""lga03"",""sequence_number"":516,""source_type"":""json"",""target_index"":""""}",11004, ,gcegy0400$, ,security,0x270,c:\windows\system32\services.exe, ,0x3e7, ,1740, ,globalcom, , , , , , , , , , , , , , , , , , , , , , , , , , , , , 
microsoft-windows-security-auditing,success audit,kerberos service ticket operations,gcbrw0000.global.com,127.0.0.1,"MSWinEventLog	1	Security	796258	Tue May  2 11:02:37 2017	4769	Microsoft-Windows-Security-Auditing	N/A	N/A	Success Audit	gcBRW0000.global.com	Kerberos Service Ticket Operations		A Kerberos service ticket was requested.    Account Information:   Account Name:  l.mowers@global.com   Account Domain:  global.com   Logon GUID:  {D8526F29-7F77-DBB8-A70C-CE6537BC3CD8}    Service Information:   Service Name:  krbtgt_6246   Service ID:  S-1-5-21-2029550947-1910908428-336986018-41663    Network Information:   Client Address:  ::gcgc:172.24.33.148   Client Port:  49512    Additional Information:   Ticket Options:  0x60000000   Ticket Encryption Type: 0x12   Failure Code:  0x0   Transited Services: -    This event is generated every time access is requested to a resource such as a computer or a Windows service.  The service name indicates the resource to which access was requested.    This event can be correlated with Windows logon events by comparing the Logon GUID fields in each event.  The logon event occurs on the machine that was accessed, which is often a digcerent machine than the domain controller which issued the service ticket.    Ticket options, encryption types, and failure codes are defined in RFC 4120.	64590967",a kerberos service ticket was requested,"auth,windows",2017-05-02T15:04:35.827Z,54837,172.24.19.20,ms_windows_event-504109373,1284,<14>May  2 11:02:37 gcBRW0000.global.com ,3969012593,1,0.0.0.0/514/tcp,2b04-ec925371,11012,gcbrw0000.global.com, ,4769,ms_windows_event,security,5454712b-209d-4907-bf27-de1b49efdbf6#551,"{""id"":""5454712b-209d-4907-bf27-de1b49efdbf6#551"",""num_events"":533,""data_type"":""passthrough"",""batch_id"":""5454712b-209d-4907-bf27-de1b49efdbf6"",""batch_segment"":0,""customer_id"":""lga03"",""sequence_number"":550,""source_type"":""json"",""target_index"":""""}",11012, ,l.mowers@global.com, , , , , , , , , ,global.com, ,49512, , , , , , ,this event is generated every time access is requested to a resource such as a computer or a windows service,::gcgc:172.24.33.148, , , , , , , , , , , , , , , , , , , 
microsoft-windows-wmi-activity,information,n/a,gcgcp0301.global.com,127.0.0.1,MSWinEventLog	1	Microsoft-Windows-WMI-Activity/Operational	17686	Tue May  2 11:02:43 2017	5857	Microsoft-Windows-WMI-Activity	SYSTEM	User	Information	gcgcp0301.global.com	N/A		SmsClientMethodProvider provider started with result code 0x0. HostProcess = wmiprvse.exe; ProcessID = 7900; ProviderPath = C:\windows\CCM\smsclient.dll	1034666,smsclientmethodprovider provider started with result code 0x0,"auth,windows",2017-05-02T15:02:45.526Z,56620,172.25.0.5,ms_windows_event-1320725749,383,<14>May  2 11:02:43 gcgcp0301.global.com ,27946635560,0,0.0.0.0/514/tcp,2b03-681bfd128,11011,gcgcp0301.global.com,2017-05-02T11:02:43.000Z,5857,ms_windows_event,microsoft-windows-wmi-activity/operational,5454712b-209d-4907-bf27-de1b49efdbf6#569,"{""id"":""5454712b-209d-4907-bf27-de1b49efdbf6#569"",""num_events"":533,""data_type"":""passthrough"",""batch_id"":""5454712b-209d-4907-bf27-de1b49efdbf6"",""batch_segment"":0,""customer_id"":""lga03"",""sequence_number"":568,""source_type"":""json"",""target_index"":""""}",11011, , , , ,7900,wmiprvse.exe, , , , , , , , , , , , , , , , , , , ,c:\windows\ccm\smsclient.dll, , , , , , , , , , , , , , , 
microsoft-windows-security-auditing,success audit,logon,gcsmq0601.global.com,127.0.0.1,"MSWinEventLog	1	Security	3425265	Tue May  2 11:02:43 2017	4624	Microsoft-Windows-Security-Auditing	N/A	N/A	Success Audit	gcsmq0601.global.com	Logon		An account was successfully logged on.    Subject:   Security ID:  S-1-0-0   Account Name:  -   Account Domain:  -   Logon ID:  0x0    Logon Type:   3    New Logon:   Security ID:  S-1-5-21-2029550947-1910908428-336986018-41777   Account Name:  COLLT5532$   Account Domain:  globalcom   Logon ID:  0x1b5f7780   Logon GUID:  {5DB6AAA2-C3DF-B472-FBD1-CDB9A3296BCA}    Process Information:   Process ID:  0x0   Process Name:  -    Network Information:   Workstation Name:    Source Network Address: 172.20.80.133   Source Port:  51052    Detailed Authentication Information:   Logon Process:  Kerberos   Authentication Package: Kerberos   Transited Services: -   Package Name (NTLM only): -   Key Length:  0    This event is generated when a logon session is created. It is generated on the computer that was accessed.    The subject fields indicate the account on the local system which requested the logon. This is most commonly a service such as the Server service, or a local process such as Winlogon.exe or Services.exe.    The logon type field indicates the kind of logon that occurred. The most common types are 2 (interactive) and 3 (network).    The New Logon fields indicate the account for whom the new logon was created, i.e. the account that was logged on.    The network fields indicate where a remote logon request originated. Workstation name is not always available and may be left blank in some cases.    The authentication information fields provide detailed information about this specific logon request.   - Logon GUID is a unique identifier that can be used to correlate this event with a KDC event.   - Transited services indicate which intermediate services have participated in this logon request.   - Package name indicates which sub-protocol was used among the NTLM protocols.   - Key length indicates the length of the generated session key. This will be 0 if no session key was requested.	1445130156",an account was successfully logged on,"auth,windows",2017-05-02T15:02:45.549Z,49941,172.21.19.25,ms_windows_event-3795724934,2126,<14>May  2 11:02:43 gcsmq0601.global.com ,27946635564,0,0.0.0.0/514/tcp,2b03-681bfd12c,11011,gcsmq0601.global.com,2017-05-02T11:02:43.000Z,4624,ms_windows_event,security,5454712b-209d-4907-bf27-de1b49efdbf6#570,"{""id"":""5454712b-209d-4907-bf27-de1b49efdbf6#570"",""num_events"":533,""data_type"":""passthrough"",""batch_id"":""5454712b-209d-4907-bf27-de1b49efdbf6"",""batch_segment"":0,""customer_id"":""lga03"",""sequence_number"":569,""source_type"":""json"",""target_index"":""""}",11011,s-1-5-21-2029550947-1910908428-336986018-41777,collt5532$, , ,0x0,-, ,0x1b5f7780, , , ,globalcom, ,51052,172.20.80.133, , ,private ip address lan,rsv,3,this event is generated when a logon session is created, ,,kerberos,"[""1.1.1521""]", , , , , , , , , , , , , , , , 
microsoft-windows-security-auditing,success audit,logogc,gcnyc-60-010.global.com,127.0.0.1,MSWinEventLog	1	Security	1354631	Tue May  2 11:02:35 2017	4634	Microsoft-Windows-Security-Auditing	N/A	N/A	Success Audit	gcNYC-60-010.global.com	Logogc		N/A	153578611,n/a,"auth,windows",2017-05-02T15:02:36.924Z,59147,172.21.14.26,ms_windows_event-1377334112,216,<14>May  2 11:02:35 gcNYC-60-010.global.com ,27946632877,0,0.0.0.0/514/tcp,2b03-681bfc6ad,11011,gcnyc-60-010.global.com,2017-05-02T11:02:35.000Z,4634,ms_windows_event,security,370d8384-bb25-4458-a611-a58c66a7e065#90,"{""id"":""370d8384-bb25-4458-a611-a58c66a7e065#90"",""num_events"":2999,""data_type"":""passthrough"",""batch_id"":""370d8384-bb25-4458-a611-a58c66a7e065"",""batch_segment"":0,""customer_id"":""lga03"",""sequence_number"":89,""source_type"":""json"",""target_index"":""""}",11011, , , , , , , , , , , , , , , , , , , , , , , , , , , , , , , , , , , , , , , , , 
microsoft-windows-security-auditing,success audit,logogc,gcsmq0002.global.com,127.0.0.1,MSWinEventLog	1	Security	2131783	Tue May  2 11:02:39 2017	4634	Microsoft-Windows-Security-Auditing	N/A	N/A	Success Audit	gcSMQ0002.global.com	Logogc		N/A	304321339,n/a,"auth,windows",2017-05-02T15:02:40.285Z,50165,172.21.14.21,ms_windows_event-1377334112,210,<14>May  2 11:02:39 gcSMQ0002.global.com ,27946633577,0,0.0.0.0/514/tcp,2b03-681bfc969,11011,gcsmq0002.global.com,2017-05-02T11:02:39.000Z,4634,ms_windows_event,security,370d8384-bb25-4458-a611-a58c66a7e065#126,"{""id"":""370d8384-bb25-4458-a611-a58c66a7e065#126"",""num_events"":2999,""data_type"":""passthrough"",""batch_id"":""370d8384-bb25-4458-a611-a58c66a7e065"",""batch_segment"":0,""customer_id"":""lga03"",""sequence_number"":125,""source_type"":""json"",""target_index"":""""}",11011, , , , , , , , , , , , , , , , , , , , , , , , , , , , , , , , , , , , , , , , , 
microsoft-windows-security-auditing,success audit,logon,gcsmq0002.global.com,127.0.0.1,MSWinEventLog	1	Security	2131787	Tue May  2 11:02:40 2017	4624	Microsoft-Windows-Security-Auditing	N/A	N/A	Success Audit	gcSMQ0002.global.com	Logon		N/A	304321343,n/a,"auth,windows",2017-05-02T15:02:40.288Z,50165,172.21.14.21,ms_windows_event-796723568,209,<14>May  2 11:02:40 gcSMQ0002.global.com ,27946633581,0,0.0.0.0/514/tcp,2b03-681bfc96d,11011,gcsmq0002.global.com,2017-05-02T11:02:40.000Z,4624,ms_windows_event,security,370d8384-bb25-4458-a611-a58c66a7e065#127,"{""id"":""370d8384-bb25-4458-a611-a58c66a7e065#127"",""num_events"":2999,""data_type"":""passthrough"",""batch_id"":""370d8384-bb25-4458-a611-a58c66a7e065"",""batch_segment"":0,""customer_id"":""lga03"",""sequence_number"":126,""source_type"":""json"",""target_index"":""""}",11011, , , , , , , , , , , , , , , , , , , , , , , , , , , , , , , , , , , , , , , , , 
microsoft-windows-security-auditing,success audit,sam,gcegy0400.global.com,127.0.0.1,MSWinEventLog	1	Security	1078941	Tue May  2 17:02:39 2017	4656	Microsoft-Windows-Security-Auditing	N/A	N/A	Success Audit	gcEGY0400.global.com	SAM		A handle to an object was requested.    Subject:   Security ID:  S-1-5-18   Account Name:  gcEGY0400$   Account Domain:  globalcom   Logon ID:  0x3e7    Object:   Object Server:  Security Account Manager   Object Type:  SAM_DOMAIN   Object Name:  Builtin   Handle ID:  0x1d2d930    Process Information:   Process ID:  0x27c   Process Name:  C:\Windows\System32\lsass.exe    Access Request Information:   Transaction ID:  {00000000-0000-0000-0000-000000000000}   Accesses:  READ_CONTROL      WRITE_DAC      ReadPasswordParameters      ReadOtherParameters      CreateLocalGroup      GetLocalGroupMembership      ListAccounts      LookupIDs      AdministerServer         Access Reasons:  -   Access Mask:  0x607c5   Privileges Used for Access Check: -   Restricted SID Count: 0	169322781,a handle to an object was requested,"auth,windows",2017-05-02T15:02:40.035Z,62367,172.20.40.23,ms_windows_event-1655484026,983,<14>May  2 17:02:39 gcEGY0400.global.com ,192248704,1,0.0.0.0/514/tcp,2afc-b757b80,11004,gcegy0400.global.com, ,4656,ms_windows_event,security,370d8384-bb25-4458-a611-a58c66a7e065#145,"{""id"":""370d8384-bb25-4458-a611-a58c66a7e065#145"",""num_events"":2999,""data_type"":""passthrough"",""batch_id"":""370d8384-bb25-4458-a611-a58c66a7e065"",""batch_segment"":0,""customer_id"":""lga03"",""sequence_number"":144,""source_type"":""json"",""target_index"":""""}",11004,s-1-5-18,gcegy0400$,{00000000-0000-0000-0000-000000000000},security account manager,0x27c,c:\windows\system32\lsass.exe,-,0x3e7,read_control      write_dac      readpasswordparameters      readotherparameters      createlocalgroup      getlocalgroupmembership      listaccounts      lookupids      administerserver         access reasons:  -,30595376,builtin,globalcom, , , , , , , , , , , , , , , , , , , , , , , , , , , , , 
microsoft-windows-security-auditing,success audit,other object access events,gcegy0400.global.com,127.0.0.1,MSWinEventLog	1	Security	1078945	Tue May  2 17:02:39 2017	4658	Microsoft-Windows-Security-Auditing	N/A	N/A	Success Audit	gcEGY0400.global.com	Other Object Access Events		The handle to an object was closed.    Subject :   Security ID:  S-1-5-18   Account Name:  gcEGY0400$   Account Domain:  globalcom   Logon ID:  0x3e7    Object:   Object Server:  Security Account Manager   Handle ID:  0x22115e0    Process Information:   Process ID:  0x27c   Process Name:  C:\Windows\System32\lsass.exe	169322785,the handle to an object was closed,"auth,windows",2017-05-02T15:02:40.038Z,62367,172.20.40.23,ms_windows_event-259117541,551,<14>May  2 17:02:39 gcEGY0400.global.com ,192248708,1,0.0.0.0/514/tcp,2afc-b757b84,11004,gcegy0400.global.com,2017-05-02T17:02:39.000Z,4658,ms_windows_event,security,370d8384-bb25-4458-a611-a58c66a7e065#161,"{""id"":""370d8384-bb25-4458-a611-a58c66a7e065#161"",""num_events"":2995,""data_type"":""passthrough"",""batch_id"":""370d8384-bb25-4458-a611-a58c66a7e065"",""batch_segment"":0,""customer_id"":""lga03"",""sequence_number"":160,""source_type"":""json"",""target_index"":""""}",11004, ,gcegy0400$, ,security account manager,0x27c,c:\windows\system32\lsass.exe, ,0x3e7, ,35722720, ,globalcom, , , , , , , , , , , , , , , , , , , , , , , , , , , , , 
microsoft-windows-security-auditing,success audit,logogc,gcnyc-60-010.global.com,127.0.0.1,MSWinEventLog	1	Security	1354632	Tue May  2 11:02:35 2017	4634	Microsoft-Windows-Security-Auditing	N/A	N/A	Success Audit	gcNYC-60-010.global.com	Logogc		N/A	153578612,n/a,"auth,windows",2017-05-02T15:02:36.925Z,59147,172.21.14.26,ms_windows_event-1377334112,216,<14>May  2 11:02:35 gcNYC-60-010.global.com ,27946632878,0,0.0.0.0/514/tcp,2b03-681bfc6ae,11011,gcnyc-60-010.global.com,2017-05-02T11:02:35.000Z,4634,ms_windows_event,security,370d8384-bb25-4458-a611-a58c66a7e065#303,"{""id"":""370d8384-bb25-4458-a611-a58c66a7e065#303"",""num_events"":2953,""data_type"":""passthrough"",""batch_id"":""370d8384-bb25-4458-a611-a58c66a7e065"",""batch_segment"":0,""customer_id"":""lga03"",""sequence_number"":302,""source_type"":""json"",""target_index"":""""}",11011, , , , , , , , , , , , , , , , , , , , , , , , , , , , , , , , , , , , , , , , , 
microsoft-windows-security-auditing,success audit,logon,gcsmq0002.global.com,127.0.0.1,MSWinEventLog	1	Security	2131698	Tue May  2 11:02:36 2017	4624	Microsoft-Windows-Security-Auditing	N/A	N/A	Success Audit	gcSMQ0002.global.com	Logon		N/A	304321255,n/a,"auth,windows",2017-05-02T15:02:37.247Z,50165,172.21.14.21,ms_windows_event-796723568,209,<14>May  2 11:02:36 gcSMQ0002.global.com ,27946632917,0,0.0.0.0/514/tcp,2b03-681bfc6d5,11011,gcsmq0002.global.com,2017-05-02T11:02:36.000Z,4624,ms_windows_event,security,370d8384-bb25-4458-a611-a58c66a7e065#313,"{""id"":""370d8384-bb25-4458-a611-a58c66a7e065#313"",""num_events"":2953,""data_type"":""passthrough"",""batch_id"":""370d8384-bb25-4458-a611-a58c66a7e065"",""batch_segment"":0,""customer_id"":""lga03"",""sequence_number"":312,""source_type"":""json"",""target_index"":""""}",11011, , , , , , , , , , , , , , , , , , , , , , , , , , , , , , , , , , , , , , , , , 
microsoft-windows-security-auditing,success audit,logogc,gcsmq0002.global.com,127.0.0.1,MSWinEventLog	1	Security	2131734	Tue May  2 11:02:38 2017	4634	Microsoft-Windows-Security-Auditing	N/A	N/A	Success Audit	gcSMQ0002.global.com	Logogc		N/A	304321290,n/a,"auth,windows",2017-05-02T15:02:39.262Z,50165,172.21.14.21,ms_windows_event-1377334112,210,<14>May  2 11:02:38 gcSMQ0002.global.com ,27946633236,0,0.0.0.0/514/tcp,2b03-681bfc814,11011,gcsmq0002.global.com,2017-05-02T11:02:38.000Z,4634,ms_windows_event,security,370d8384-bb25-4458-a611-a58c66a7e065#411,"{""id"":""370d8384-bb25-4458-a611-a58c66a7e065#411"",""num_events"":2923,""data_type"":""passthrough"",""batch_id"":""370d8384-bb25-4458-a611-a58c66a7e065"",""batch_segment"":0,""customer_id"":""lga03"",""sequence_number"":410,""source_type"":""json"",""target_index"":""""}",11011, , , , , , , , , , , , , , , , , , , , , , , , , , , , , , , , , , , , , , , , , 
microsoft-windows-security-auditing,success audit,special logon,gcsmq0601.global.com,127.0.0.1,MSWinEventLog	1	Security	3424913	Tue May  2 11:02:35 2017	4672	Microsoft-Windows-Security-Auditing	N/A	N/A	Success Audit	gcsmq0601.global.com	Special Logon		Special privileges assigned to new logon.    Subject:   Security ID:  S-1-5-21-2029550947-1910908428-336986018-38176   Account Name:  COLLT5533$   Account Domain:  globalcom   Logon ID:  0x1b5f16ba    Privileges:  SeTcbPrivilege	1445129804,special privileges assigned to new logon,"auth,windows",2017-05-02T15:02:37.289Z,49941,172.21.19.25,ms_windows_event-2006199550,448,<14>May  2 11:02:35 gcsmq0601.global.com ,27946632921,0,0.0.0.0/514/tcp,2b03-681bfc6d9,11011,gcsmq0601.global.com, ,4672,ms_windows_event,security,370d8384-bb25-4458-a611-a58c66a7e065#413,"{""id"":""370d8384-bb25-4458-a611-a58c66a7e065#413"",""num_events"":2923,""data_type"":""passthrough"",""batch_id"":""370d8384-bb25-4458-a611-a58c66a7e065"",""batch_segment"":0,""customer_id"":""lga03"",""sequence_number"":412,""source_type"":""json"",""target_index"":""""}",11011,s-1-5-21-2029550947-1910908428-336986018-38176,collt5533$ , , , , ,setcbprivilege,0x1b5f16ba, , , ,globalcom, , , , , , , , , , , , , , , , , , , , , , , , , , , , , 
microsoft-windows-security-auditing,success audit,logon,gcsmq0002.global.com,127.0.0.1,MSWinEventLog	1	Security	2131742	Tue May  2 11:02:38 2017	4624	Microsoft-Windows-Security-Auditing	N/A	N/A	Success Audit	gcSMQ0002.global.com	Logon		N/A	304321298,n/a,"auth,windows",2017-05-02T15:02:39.265Z,50165,172.21.14.21,ms_windows_event-796723568,209,<14>May  2 11:02:38 gcSMQ0002.global.com ,27946633244,0,0.0.0.0/514/tcp,2b03-681bfc81c,11011,gcsmq0002.global.com,2017-05-02T11:02:38.000Z,4624,ms_windows_event,security,370d8384-bb25-4458-a611-a58c66a7e065#414,"{""id"":""370d8384-bb25-4458-a611-a58c66a7e065#414"",""num_events"":2923,""data_type"":""passthrough"",""batch_id"":""370d8384-bb25-4458-a611-a58c66a7e065"",""batch_segment"":0,""customer_id"":""lga03"",""sequence_number"":413,""source_type"":""json"",""target_index"":""""}",11011, , , , , , , , , , , , , , , , , , , , , , , , , , , , , , , , , , , , , , , , , 
microsoft-windows-security-auditing,success audit,logogc,gcsmq0601.global.com,127.0.0.1,MSWinEventLog	1	Security	3424986	Tue May  2 11:02:36 2017	4634	Microsoft-Windows-Security-Auditing	N/A	N/A	Success Audit	gcsmq0601.global.com	Logogc		An account was logged ogc.    Subject:   Security ID:  S-1-5-21-2029550947-1910908428-336986018-41777   Account Name:  COLLT5532$   Account Domain:  globalcom   Logon ID:  0x1b5f2ac3    Logon Type:   3    This event is generated when a logon session is destroyed. It may be positively correlated with a logon event using the Logon ID value. Logon IDs are only unique between reboots on the same computer.	1445129877,an account was logged ogc,"auth,windows",2017-05-02T15:02:37.319Z,49941,172.21.19.25,ms_windows_event-3012490973,617,<14>May  2 11:02:36 gcsmq0601.global.com ,27946632929,0,0.0.0.0/514/tcp,2b03-681bfc6e1,11011,gcsmq0601.global.com,2017-05-02T11:02:36.000Z,4634,ms_windows_event,security,370d8384-bb25-4458-a611-a58c66a7e065#465,"{""id"":""370d8384-bb25-4458-a611-a58c66a7e065#465"",""num_events"":2896,""data_type"":""passthrough"",""batch_id"":""370d8384-bb25-4458-a611-a58c66a7e065"",""batch_segment"":0,""customer_id"":""lga03"",""sequence_number"":464,""source_type"":""json"",""target_index"":""""}",11011,s-1-5-21-2029550947-1910908428-336986018-41777,collt5532$, , , , , ,0x1b5f2ac3, , , ,globalcom, , , , , , , ,3,this event is generated when a logon session is destroyed, , , , , , , , , , , , , , , , , , , , 
microsoft-windows-security-auditing,success audit,kerberos service ticket operations,gcsmq0000.global.com,127.0.0.1,MSWinEventLog	1	Security	1629853	Tue May  2 11:02:36 2017	4769	Microsoft-Windows-Security-Auditing	N/A	N/A	Success Audit	gcSMQ0000.global.com	Kerberos Service Ticket Operations		N/A	186394942,n/a,"auth,windows",2017-05-02T15:02:37.615Z,51131,172.21.14.20,ms_windows_event-2408821607,238,<14>May  2 11:02:36 gcSMQ0000.global.com ,27946632949,0,0.0.0.0/514/tcp,2b03-681bfc6f5,11011,gcsmq0000.global.com,2017-05-02T11:02:36.000Z,4769,ms_windows_event,security,370d8384-bb25-4458-a611-a58c66a7e065#470,"{""id"":""370d8384-bb25-4458-a611-a58c66a7e065#470"",""num_events"":2896,""data_type"":""passthrough"",""batch_id"":""370d8384-bb25-4458-a611-a58c66a7e065"",""batch_segment"":0,""customer_id"":""lga03"",""sequence_number"":469,""source_type"":""json"",""target_index"":""""}",11011, , , , , , , , , , , , , , , , , , , , , , , , , , , , , , , , , , , , , , , , , 
microsoft-windows-security-auditing,success audit,kerberos service ticket operations,gcsmq0000.global.com,127.0.0.1,MSWinEventLog	1	Security	1629858	Tue May  2 11:02:36 2017	4769	Microsoft-Windows-Security-Auditing	N/A	N/A	Success Audit	gcSMQ0000.global.com	Kerberos Service Ticket Operations		N/A	186394947,n/a,"auth,windows",2017-05-02T15:02:37.617Z,51131,172.21.14.20,ms_windows_event-2408821607,238,<14>May  2 11:02:36 gcSMQ0000.global.com ,27946632954,0,0.0.0.0/514/tcp,2b03-681bfc6fa,11011,gcsmq0000.global.com,2017-05-02T11:02:36.000Z,4769,ms_windows_event,security,370d8384-bb25-4458-a611-a58c66a7e065#471,"{""id"":""370d8384-bb25-4458-a611-a58c66a7e065#471"",""num_events"":2896,""data_type"":""passthrough"",""batch_id"":""370d8384-bb25-4458-a611-a58c66a7e065"",""batch_segment"":0,""customer_id"":""lga03"",""sequence_number"":470,""source_type"":""json"",""target_index"":""""}",11011, , , , , , , , , , , , , , , , , , , , , , , , , , , , , , , , , , , , , , , , , 
microsoft-windows-security-auditing,failure audit,kerberos service ticket operations,gcsmq0000.global.com,127.0.0.1,MSWinEventLog	3	Security	1629872	Tue May  2 11:02:37 2017	4769	Microsoft-Windows-Security-Auditing	N/A	N/A	Failure Audit	gcSMQ0000.global.com	Kerberos Service Ticket Operations		N/A	186394961,n/a,"auth,windows",2017-05-02T15:02:37.621Z,51131,172.21.14.20,ms_windows_event-2408821607,238,<11>May  2 11:02:37 gcSMQ0000.global.com ,27946632968,0,0.0.0.0/514/tcp,2b03-681bfc708,11011,gcsmq0000.global.com,2017-05-02T11:02:37.000Z,4769,ms_windows_event,security,370d8384-bb25-4458-a611-a58c66a7e065#475,"{""id"":""370d8384-bb25-4458-a611-a58c66a7e065#475"",""num_events"":2896,""data_type"":""passthrough"",""batch_id"":""370d8384-bb25-4458-a611-a58c66a7e065"",""batch_segment"":0,""customer_id"":""lga03"",""sequence_number"":474,""source_type"":""json"",""target_index"":""""}",11011, , , , , , , , , , , , , , , , , , , , , , , , , , , , , , , , , , , , , , , , , 
microsoft-windows-security-auditing,failure audit,kerberos service ticket operations,gcsmq0000.global.com,127.0.0.1,MSWinEventLog	3	Security	1629880	Tue May  2 11:02:37 2017	4769	Microsoft-Windows-Security-Auditing	N/A	N/A	Failure Audit	gcSMQ0000.global.com	Kerberos Service Ticket Operations		N/A	186394969,n/a,"auth,windows",2017-05-02T15:02:37.624Z,51131,172.21.14.20,ms_windows_event-2408821607,238,<11>May  2 11:02:37 gcSMQ0000.global.com ,27946632976,0,0.0.0.0/514/tcp,2b03-681bfc710,11011,gcsmq0000.global.com,2017-05-02T11:02:37.000Z,4769,ms_windows_event,security,370d8384-bb25-4458-a611-a58c66a7e065#477,"{""id"":""370d8384-bb25-4458-a611-a58c66a7e065#477"",""num_events"":2896,""data_type"":""passthrough"",""batch_id"":""370d8384-bb25-4458-a611-a58c66a7e065"",""batch_segment"":0,""customer_id"":""lga03"",""sequence_number"":476,""source_type"":""json"",""target_index"":""""}",11011, , , , , , , , , , , , , , , , , , , , , , , , , , , , , , , , , , , , , , , , , 
microsoft-windows-security-auditing,success audit,process creation,gcsmq0000.global.com,127.0.0.1,MSWinEventLog	1	Security	1629854	Tue May  2 11:02:36 2017	4688	Microsoft-Windows-Security-Auditing	N/A	N/A	Success Audit	gcSMQ0000.global.com	Process Creation		N/A	186394943,n/a,"auth,windows",2017-05-02T15:02:37.616Z,51131,172.21.14.20,ms_windows_event-4231416995,220,<14>May  2 11:02:36 gcSMQ0000.global.com ,27946632950,0,0.0.0.0/514/tcp,2b03-681bfc6f6,11011,gcsmq0000.global.com,2017-05-02T11:02:36.000Z,4688,ms_windows_event,security,370d8384-bb25-4458-a611-a58c66a7e065#514,"{""id"":""370d8384-bb25-4458-a611-a58c66a7e065#514"",""num_events"":2896,""data_type"":""passthrough"",""batch_id"":""370d8384-bb25-4458-a611-a58c66a7e065"",""batch_segment"":0,""customer_id"":""lga03"",""sequence_number"":513,""source_type"":""json"",""target_index"":""""}",11011, , , , , , , , , , , , , , , , , , , , , , , , , , , , , , , , , , , , , , , , , 
microsoft-windows-security-auditing,success audit,logogc,gcsmq0002.global.com,127.0.0.1,MSWinEventLog	1	Security	2131747	Tue May  2 11:02:38 2017	4634	Microsoft-Windows-Security-Auditing	N/A	N/A	Success Audit	gcSMQ0002.global.com	Logogc		N/A	304321303,n/a,"auth,windows",2017-05-02T15:02:39.267Z,50165,172.21.14.21,ms_windows_event-1377334112,210,<14>May  2 11:02:38 gcSMQ0002.global.com ,27946633249,0,0.0.0.0/514/tcp,2b03-681bfc821,11011,gcsmq0002.global.com,2017-05-02T11:02:38.000Z,4634,ms_windows_event,security,370d8384-bb25-4458-a611-a58c66a7e065#565,"{""id"":""370d8384-bb25-4458-a611-a58c66a7e065#565"",""num_events"":2885,""data_type"":""passthrough"",""batch_id"":""370d8384-bb25-4458-a611-a58c66a7e065"",""batch_segment"":0,""customer_id"":""lga03"",""sequence_number"":564,""source_type"":""json"",""target_index"":""""}",11011, , , , , , , , , , , , , , , , , , , , , , , , , , , , , , , , , , , , , , , , , 
microsoft-windows-security-auditing,success audit,logon,gcsmq0002.global.com,127.0.0.1,MSWinEventLog	1	Security	2131755	Tue May  2 11:02:39 2017	4624	Microsoft-Windows-Security-Auditing	N/A	N/A	Success Audit	gcSMQ0002.global.com	Logon		N/A	304321311,n/a,"auth,windows",2017-05-02T15:02:39.270Z,50165,172.21.14.21,ms_windows_event-796723568,209,<14>May  2 11:02:39 gcSMQ0002.global.com ,27946633257,0,0.0.0.0/514/tcp,2b03-681bfc829,11011,gcsmq0002.global.com,2017-05-02T11:02:39.000Z,4624,ms_windows_event,security,370d8384-bb25-4458-a611-a58c66a7e065#567,"{""id"":""370d8384-bb25-4458-a611-a58c66a7e065#567"",""num_events"":2885,""data_type"":""passthrough"",""batch_id"":""370d8384-bb25-4458-a611-a58c66a7e065"",""batch_segment"":0,""customer_id"":""lga03"",""sequence_number"":566,""source_type"":""json"",""target_index"":""""}",11011, , , , , , , , , , , , , , , , , , , , , , , , , , , , , , , , , , , , , , , , , 
microsoft-windows-security-auditing,success audit,logogc,gcsmq0002.global.com,127.0.0.1,MSWinEventLog	1	Security	2131759	Tue May  2 11:02:39 2017	4634	Microsoft-Windows-Security-Auditing	N/A	N/A	Success Audit	gcSMQ0002.global.com	Logogc		N/A	304321315,n/a,"auth,windows",2017-05-02T15:02:39.272Z,50165,172.21.14.21,ms_windows_event-1377334112,210,<14>May  2 11:02:39 gcSMQ0002.global.com ,27946633261,0,0.0.0.0/514/tcp,2b03-681bfc82d,11011,gcsmq0002.global.com,2017-05-02T11:02:39.000Z,4634,ms_windows_event,security,370d8384-bb25-4458-a611-a58c66a7e065#568,"{""id"":""370d8384-bb25-4458-a611-a58c66a7e065#568"",""num_events"":2885,""data_type"":""passthrough"",""batch_id"":""370d8384-bb25-4458-a611-a58c66a7e065"",""batch_segment"":0,""customer_id"":""lga03"",""sequence_number"":567,""source_type"":""json"",""target_index"":""""}",11011, , , , , , , , , , , , , , , , , , , , , , , , , , , , , , , , , , , , , , , , , 
microsoft-windows-security-auditing,success audit,logon,gcsmq0002.global.com,127.0.0.1,MSWinEventLog	1	Security	2131760	Tue May  2 11:02:39 2017	4624	Microsoft-Windows-Security-Auditing	N/A	N/A	Success Audit	gcSMQ0002.global.com	Logon		N/A	304321316,n/a,"auth,windows",2017-05-02T15:02:40.277Z,50165,172.21.14.21,ms_windows_event-796723568,209,<14>May  2 11:02:39 gcSMQ0002.global.com ,27946633554,0,0.0.0.0/514/tcp,2b03-681bfc952,11011,gcsmq0002.global.com,2017-05-02T11:02:39.000Z,4624,ms_windows_event,security,370d8384-bb25-4458-a611-a58c66a7e065#593,"{""id"":""370d8384-bb25-4458-a611-a58c66a7e065#593"",""num_events"":2885,""data_type"":""passthrough"",""batch_id"":""370d8384-bb25-4458-a611-a58c66a7e065"",""batch_segment"":0,""customer_id"":""lga03"",""sequence_number"":592,""source_type"":""json"",""target_index"":""""}",11011, , , , , , , , , , , , , , , , , , , , , , , , , , , , , , , , , , , , , , , , , 
service control manager,information,n/a,gcgcp0546.global.com,127.0.0.1,MSWinEventLog	1	System	23829	Tue May  2 11:02:39 2017	7040	Service Control Manager	SYSTEM	User	Information	gcgcp0546.global.com	N/A		The start type of the Background Intelligent Transfer Service service was changed from demand start to auto start.	179300,the start type of the background intelligent transfer service service was changed from demand start to auto start,"auth,windows",2017-05-02T15:02:41.177Z,61243,172.25.0.13,ms_windows_event-585045199,301,<14>May  2 11:02:39 gcgcp0546.global.com ,27946633719,0,0.0.0.0/514/tcp,2b03-681bfc9f7,11011,gcgcp0546.global.com,2017-05-02T11:02:39.000Z,7040,ms_windows_event,system,370d8384-bb25-4458-a611-a58c66a7e065#662,"{""id"":""370d8384-bb25-4458-a611-a58c66a7e065#662"",""num_events"":2885,""data_type"":""passthrough"",""batch_id"":""370d8384-bb25-4458-a611-a58c66a7e065"",""batch_segment"":0,""customer_id"":""lga03"",""sequence_number"":661,""source_type"":""json"",""target_index"":""""}",11011, , , , , , , , , , , , , , , , , , , , , , , , , , , , , , , , , , , , , , , , , 
microsoft-windows-security-auditing,success audit,logogc,gcsmq0002.global.com,127.0.0.1,MSWinEventLog	1	Security	2131795	Tue May  2 11:02:40 2017	4634	Microsoft-Windows-Security-Auditing	N/A	N/A	Success Audit	gcSMQ0002.global.com	Logogc		N/A	304321351,n/a,"auth,windows",2017-05-02T15:02:41.293Z,50165,172.21.14.21,ms_windows_event-1377334112,210,<14>May  2 11:02:40 gcSMQ0002.global.com ,27946633724,0,0.0.0.0/514/tcp,2b03-681bfc9fc,11011,gcsmq0002.global.com,2017-05-02T11:02:40.000Z,4634,ms_windows_event,security,370d8384-bb25-4458-a611-a58c66a7e065#663,"{""id"":""370d8384-bb25-4458-a611-a58c66a7e065#663"",""num_events"":2885,""data_type"":""passthrough"",""batch_id"":""370d8384-bb25-4458-a611-a58c66a7e065"",""batch_segment"":0,""customer_id"":""lga03"",""sequence_number"":662,""source_type"":""json"",""target_index"":""""}",11011, , , , , , , , , , , , , , , , , , , , , , , , , , , , , , , , , , , , , , , , , 
microsoft-windows-security-auditing,failure audit,kerberos service ticket operations,gcsmq0000.global.com,127.0.0.1,MSWinEventLog	3	Security	1629863	Tue May  2 11:02:36 2017	4769	Microsoft-Windows-Security-Auditing	N/A	N/A	Failure Audit	gcSMQ0000.global.com	Kerberos Service Ticket Operations		N/A	186394952,n/a,"auth,windows",2017-05-02T15:02:37.618Z,51131,172.21.14.20,ms_windows_event-2408821607,238,<11>May  2 11:02:36 gcSMQ0000.global.com ,27946632959,0,0.0.0.0/514/tcp,2b03-681bfc6gc,11011,gcsmq0000.global.com,2017-05-02T11:02:36.000Z,4769,ms_windows_event,security,370d8384-bb25-4458-a611-a58c66a7e065#666,"{""id"":""370d8384-bb25-4458-a611-a58c66a7e065#666"",""num_events"":2885,""data_type"":""passthrough"",""batch_id"":""370d8384-bb25-4458-a611-a58c66a7e065"",""batch_segment"":0,""customer_id"":""lga03"",""sequence_number"":665,""source_type"":""json"",""target_index"":""""}",11011, , , , , , , , , , , , , , , , , , , , , , , , , , , , , , , , , , , , , , , , , 
microsoft-windows-security-auditing,failure audit,kerberos service ticket operations,gcsmq0000.global.com,127.0.0.1,MSWinEventLog	3	Security	1629867	Tue May  2 11:02:36 2017	4769	Microsoft-Windows-Security-Auditing	N/A	N/A	Failure Audit	gcSMQ0000.global.com	Kerberos Service Ticket Operations		N/A	186394956,n/a,"auth,windows",2017-05-02T15:02:37.620Z,51131,172.21.14.20,ms_windows_event-2408821607,238,<11>May  2 11:02:36 gcSMQ0000.global.com ,27946632963,0,0.0.0.0/514/tcp,2b03-681bfc703,11011,gcsmq0000.global.com,2017-05-02T11:02:36.000Z,4769,ms_windows_event,security,370d8384-bb25-4458-a611-a58c66a7e065#667,"{""id"":""370d8384-bb25-4458-a611-a58c66a7e065#667"",""num_events"":2885,""data_type"":""passthrough"",""batch_id"":""370d8384-bb25-4458-a611-a58c66a7e065"",""batch_segment"":0,""customer_id"":""lga03"",""sequence_number"":666,""source_type"":""json"",""target_index"":""""}",11011, , , , , , , , , , , , , , , , , , , , , , , , , , , , , , , , , , , , , , , , , 
microsoft-windows-security-auditing,failure audit,kerberos service ticket operations,gcsmq0000.global.com,127.0.0.1,MSWinEventLog	3	Security	1629882	Tue May  2 11:02:37 2017	4769	Microsoft-Windows-Security-Auditing	N/A	N/A	Failure Audit	gcSMQ0000.global.com	Kerberos Service Ticket Operations		N/A	186394971,n/a,"auth,windows",2017-05-02T15:02:37.624Z,51131,172.21.14.20,ms_windows_event-2408821607,238,<11>May  2 11:02:37 gcSMQ0000.global.com ,27946632978,0,0.0.0.0/514/tcp,2b03-681bfc712,11011,gcsmq0000.global.com,2017-05-02T11:02:37.000Z,4769,ms_windows_event,security,370d8384-bb25-4458-a611-a58c66a7e065#671,"{""id"":""370d8384-bb25-4458-a611-a58c66a7e065#671"",""num_events"":2885,""data_type"":""passthrough"",""batch_id"":""370d8384-bb25-4458-a611-a58c66a7e065"",""batch_segment"":0,""customer_id"":""lga03"",""sequence_number"":670,""source_type"":""json"",""target_index"":""""}",11011, , , , , , , , , , , , , , , , , , , , , , , , , , , , , , , , , , , , , , , , , 
microsoft-windows-security-auditing,success audit,other object access events,gcegy0400.global.com,127.0.0.1,MSWinEventLog	1	Security	1078943	Tue May  2 17:02:39 2017	4658	Microsoft-Windows-Security-Auditing	N/A	N/A	Success Audit	gcEGY0400.global.com	Other Object Access Events		The handle to an object was closed.    Subject :   Security ID:  S-1-5-18   Account Name:  gcEGY0400$   Account Domain:  globalcom   Logon ID:  0x3e7    Object:   Object Server:  Security Account Manager   Handle ID:  0x22115e0    Process Information:   Process ID:  0x27c   Process Name:  C:\Windows\System32\lsass.exe	169322783,the handle to an object was closed,"auth,windows",2017-05-02T15:02:40.037Z,62367,172.20.40.23,ms_windows_event-259117541,551,<14>May  2 17:02:39 gcEGY0400.global.com ,192248706,1,0.0.0.0/514/tcp,2afc-b757b82,11004,gcegy0400.global.com,2017-05-02T17:02:39.000Z,4658,ms_windows_event,security,370d8384-bb25-4458-a611-a58c66a7e065#773,"{""id"":""370d8384-bb25-4458-a611-a58c66a7e065#773"",""num_events"":2885,""data_type"":""passthrough"",""batch_id"":""370d8384-bb25-4458-a611-a58c66a7e065"",""batch_segment"":0,""customer_id"":""lga03"",""sequence_number"":772,""source_type"":""json"",""target_index"":""""}",11004, ,gcegy0400$, ,security account manager,0x27c,c:\windows\system32\lsass.exe, ,0x3e7, ,35722720, ,globalcom, , , , , , , , , , , , , , , , , , , , , , , , , , , , , 
microsoft-windows-security-auditing,success audit,other object access events,gcegy0400.global.com,127.0.0.1,MSWinEventLog	1	Security	1078949	Tue May  2 17:02:39 2017	4658	Microsoft-Windows-Security-Auditing	N/A	N/A	Success Audit	gcEGY0400.global.com	Other Object Access Events		The handle to an object was closed.    Subject :   Security ID:  S-1-5-18   Account Name:  gcEGY0400$   Account Domain:  globalcom   Logon ID:  0x3e7    Object:   Object Server:  Security Account Manager   Handle ID:  0x1d73fc0    Process Information:   Process ID:  0x27c   Process Name:  C:\Windows\System32\lsass.exe	169322789,the handle to an object was closed,"auth,windows",2017-05-02T15:02:40.041Z,62367,172.20.40.23,ms_windows_event-259117541,551,<14>May  2 17:02:39 gcEGY0400.global.com ,192248712,1,0.0.0.0/514/tcp,2afc-b757b88,11004,gcegy0400.global.com,2017-05-02T17:02:39.000Z,4658,ms_windows_event,security,370d8384-bb25-4458-a611-a58c66a7e065#774,"{""id"":""370d8384-bb25-4458-a611-a58c66a7e065#774"",""num_events"":2885,""data_type"":""passthrough"",""batch_id"":""370d8384-bb25-4458-a611-a58c66a7e065"",""batch_segment"":0,""customer_id"":""lga03"",""sequence_number"":773,""source_type"":""json"",""target_index"":""""}",11004, ,gcegy0400$, ,security account manager,0x27c,c:\windows\system32\lsass.exe, ,0x3e7, ,30883776, ,globalcom, , , , , , , , , , , , , , , , , , , , , , , , , , , , , 
microsoft-windows-security-auditing,success audit,logogc,gcsmq0002.global.com,127.0.0.1,MSWinEventLog	1	Security	2131803	Tue May  2 11:02:40 2017	4634	Microsoft-Windows-Security-Auditing	N/A	N/A	Success Audit	gcSMQ0002.global.com	Logogc		N/A	304321359,n/a,"auth,windows",2017-05-02T15:02:41.296Z,50165,172.21.14.21,ms_windows_event-1377334112,210,<14>May  2 11:02:40 gcSMQ0002.global.com ,27946633732,0,0.0.0.0/514/tcp,2b03-681bfca04,11011,gcsmq0002.global.com,2017-05-02T11:02:40.000Z,4634,ms_windows_event,security,370d8384-bb25-4458-a611-a58c66a7e065#815,"{""id"":""370d8384-bb25-4458-a611-a58c66a7e065#815"",""num_events"":2884,""data_type"":""passthrough"",""batch_id"":""370d8384-bb25-4458-a611-a58c66a7e065"",""batch_segment"":0,""customer_id"":""lga03"",""sequence_number"":814,""source_type"":""json"",""target_index"":""""}",11011, , , , , , , , , , , , , , , , , , , , , , , , , , , , , , , , , , , , , , , , , 
microsoft-windows-security-auditing,success audit,credential validation,gcnyc-60-010.global.com,127.0.0.1,MSWinEventLog	1	Security	1354633	Tue May  2 11:02:36 2017	4776	Microsoft-Windows-Security-Auditing	N/A	N/A	Success Audit	gcNYC-60-010.global.com	Credential Validation		N/A	153578613,n/a,"auth,windows",2017-05-02T15:02:37.918Z,59147,172.21.14.26,ms_windows_event-2768218977,231,<14>May  2 11:02:36 gcNYC-60-010.global.com ,27946633022,0,0.0.0.0/514/tcp,2b03-681bfc73e,11011,gcnyc-60-010.global.com,2017-05-02T11:02:36.000Z,4776,ms_windows_event,security,370d8384-bb25-4458-a611-a58c66a7e065#864,"{""id"":""370d8384-bb25-4458-a611-a58c66a7e065#864"",""num_events"":2884,""data_type"":""passthrough"",""batch_id"":""370d8384-bb25-4458-a611-a58c66a7e065"",""batch_segment"":0,""customer_id"":""lga03"",""sequence_number"":863,""source_type"":""json"",""target_index"":""""}",11011, , , , , , , , , , , , , , , , , , , , , , , , , , , , , , , , , , , , , , , , , 
microsoft-windows-security-auditing,success audit,file system,gcegy0400.global.com,127.0.0.1,MSWinEventLog	1	Security	1078865	Tue May  2 17:02:37 2017	4656	Microsoft-Windows-Security-Auditing	N/A	N/A	Success Audit	gcEGY0400.global.com	File System		A handle to an object was requested.    Subject:   Security ID:  S-1-5-18   Account Name:  gcEGY0400$   Account Domain:  globalcom   Logon ID:  0x3e7    Object:   Object Server:  Security   Object Type:  File   Object Name:  C:\Windows\regedit.exe   Handle ID:  0x620    Process Information:   Process ID:  0x270   Process Name:  C:\Windows\System32\services.exe    Access Request Information:   Transaction ID:  {00000000-0000-0000-0000-000000000000}   Accesses:  READ_CONTROL      WRITE_DAC         Access Reasons:  READ_CONTROL: Granted by D:(A;;FA;;;SY)      WRITE_DAC: Granted by D:(A;;FA;;;SY)         Access Mask:  0x60000   Privileges Used for Access Check: -   Restricted SID Count: 0	169322705,a handle to an object was requested,"auth,windows",2017-05-02T15:02:37.918Z,62367,172.20.40.23,ms_windows_event-1655484026,910,<14>May  2 17:02:37 gcEGY0400.global.com ,192248593,1,0.0.0.0/514/tcp,2afc-b757b11,11004,gcegy0400.global.com, ,4656,ms_windows_event,security,370d8384-bb25-4458-a611-a58c66a7e065#879,"{""id"":""370d8384-bb25-4458-a611-a58c66a7e065#879"",""num_events"":2884,""data_type"":""passthrough"",""batch_id"":""370d8384-bb25-4458-a611-a58c66a7e065"",""batch_segment"":0,""customer_id"":""lga03"",""sequence_number"":878,""source_type"":""json"",""target_index"":""""}",11004,s-1-5-18,gcegy0400$,{00000000-0000-0000-0000-000000000000},security,0x270,c:\windows\system32\services.exe,-,0x3e7,read_control      write_dac         access reasons:  read_control: granted by d:(a;;fa;;;sy)      write_dac: granted by d:(a;;fa;;;sy),1568,c:\windows\regedit.exe,globalcom, , , , , , , , , , , , , , , , , , , , , , , , , , , , , 
microsoft-windows-security-auditing,success audit,file system,gcegy0400.global.com,127.0.0.1,MSWinEventLog	1	Security	1078899	Tue May  2 17:02:37 2017	4658	Microsoft-Windows-Security-Auditing	N/A	N/A	Success Audit	gcEGY0400.global.com	File System		The handle to an object was closed.    Subject :   Security ID:  S-1-5-18   Account Name:  gcEGY0400$   Account Domain:  globalcom   Logon ID:  0x3e7    Object:   Object Server:  Security   Handle ID:  0x6cc    Process Information:   Process ID:  0x270   Process Name:  C:\Windows\System32\services.exe	169322739,the handle to an object was closed,"auth,windows",2017-05-02T15:02:37.937Z,62367,172.20.40.23,ms_windows_event-259117541,519,<14>May  2 17:02:37 gcEGY0400.global.com ,192248627,1,0.0.0.0/514/tcp,2afc-b757b33,11004,gcegy0400.global.com,2017-05-02T17:02:37.000Z,4658,ms_windows_event,security,370d8384-bb25-4458-a611-a58c66a7e065#884,"{""id"":""370d8384-bb25-4458-a611-a58c66a7e065#884"",""num_events"":2884,""data_type"":""passthrough"",""batch_id"":""370d8384-bb25-4458-a611-a58c66a7e065"",""batch_segment"":0,""customer_id"":""lga03"",""sequence_number"":883,""source_type"":""json"",""target_index"":""""}",11004, ,gcegy0400$, ,security,0x270,c:\windows\system32\services.exe, ,0x3e7, ,1740, ,globalcom, , , , , , , , , , , , , , , , , , , , , , , , , , , , , 
microsoft-windows-security-auditing,success audit,file system,gcegy0400.global.com,127.0.0.1,MSWinEventLog	1	Security	1078911	Tue May  2 17:02:37 2017	4658	Microsoft-Windows-Security-Auditing	N/A	N/A	Success Audit	gcEGY0400.global.com	File System		The handle to an object was closed.    Subject :   Security ID:  S-1-5-18   Account Name:  gcEGY0400$   Account Domain:  globalcom   Logon ID:  0x3e7    Object:   Object Server:  Security   Handle ID:  0x6cc    Process Information:   Process ID:  0x270   Process Name:  C:\Windows\System32\services.exe	169322751,the handle to an object was closed,"auth,windows",2017-05-02T15:02:37.945Z,62367,172.20.40.23,ms_windows_event-259117541,519,<14>May  2 17:02:37 gcEGY0400.global.com ,192248639,1,0.0.0.0/514/tcp,2afc-b757b3f,11004,gcegy0400.global.com,2017-05-02T17:02:37.000Z,4658,ms_windows_event,security,370d8384-bb25-4458-a611-a58c66a7e065#891,"{""id"":""370d8384-bb25-4458-a611-a58c66a7e065#891"",""num_events"":2884,""data_type"":""passthrough"",""batch_id"":""370d8384-bb25-4458-a611-a58c66a7e065"",""batch_segment"":0,""customer_id"":""lga03"",""sequence_number"":890,""source_type"":""json"",""target_index"":""""}",11004, ,gcegy0400$, ,security,0x270,c:\windows\system32\services.exe, ,0x3e7, ,1740, ,globalcom, , , , , , , , , , , , , , , , , , , , , , , , , , , , , 
microsoft-windows-security-auditing,success audit,file system,gcegy0400.global.com,127.0.0.1,MSWinEventLog	1	Security	1078928	Tue May  2 17:02:37 2017	4658	Microsoft-Windows-Security-Auditing	N/A	N/A	Success Audit	gcEGY0400.global.com	File System		The handle to an object was closed.    Subject :   Security ID:  S-1-5-18   Account Name:  gcEGY0400$   Account Domain:  globalcom   Logon ID:  0x3e7    Object:   Object Server:  Security   Handle ID:  0x620    Process Information:   Process ID:  0x270   Process Name:  C:\Windows\System32\services.exe	169322768,the handle to an object was closed,"auth,windows",2017-05-02T15:02:38.004Z,62367,172.20.40.23,ms_windows_event-259117541,519,<14>May  2 17:02:37 gcEGY0400.global.com ,192248657,1,0.0.0.0/514/tcp,2afc-b757b51,11004,gcegy0400.global.com,2017-05-02T17:02:37.000Z,4658,ms_windows_event,security,370d8384-bb25-4458-a611-a58c66a7e065#894,"{""id"":""370d8384-bb25-4458-a611-a58c66a7e065#894"",""num_events"":2884,""data_type"":""passthrough"",""batch_id"":""370d8384-bb25-4458-a611-a58c66a7e065"",""batch_segment"":0,""customer_id"":""lga03"",""sequence_number"":893,""source_type"":""json"",""target_index"":""""}",11004, ,gcegy0400$, ,security,0x270,c:\windows\system32\services.exe, ,0x3e7, ,1568, ,globalcom, , , , , , , , , , , , , , , , , , , , , , , , , , , , , 
