microsoft-windows-dnsserver,information,dynamic_update,gcsmq0002.global.com,127.0.0.1,"MSWinEventLog	1	Microsoft-Windows-DNSServer/Audit	2131835	Tue May  2 11:02:42 2017	519	Microsoft-Windows-DNSServer	SYSTEM	User	Information	gcSMQ0002.global.com	DYNAMIC_UPDATE		A resource record of type 1, name NYCWS5062, TTL 1200 and RDATA 0xAC182180 was created in scope Default of zone global.com via dynamic update from IP Address 172.24.33.128.	448653",a resource record was created in scope default via dynamic update,"auth,windows",2017-05-02T15:02:43.311Z,50165,172.21.14.21,ms_windows_event-2302141340,405,<14>May  2 11:02:42 gcSMQ0002.global.com ,27946634875,0,0.0.0.0/514/tcp,2b03-681bfce7b,11011,gcsmq0002.global.com,2017-05-02T11:02:42.000Z,519,ms_windows_event,microsoft-windows-dnsserver/audit,370d8384-bb25-4458-a611-a58c66a7e065#1931,"{""id"":""370d8384-bb25-4458-a611-a58c66a7e065#1931"",""num_events"":2775,""data_type"":""passthrough"",""batch_id"":""370d8384-bb25-4458-a611-a58c66a7e065"",""batch_segment"":0,""customer_id"":""lga03"",""sequence_number"":1930,""source_type"":""json"",""target_index"":""""}",11011, , , , , , , , , , , , , , ,172.24.33.128, , ,private ip address lan,rsv, , , , , , , , , , , , , , , , , ,1,1200,global.com, , 
microsoft-windows-security-auditing,success audit,special logon,gcsmq0601.global.com,127.0.0.1,MSWinEventLog	1	Security	3425117	Tue May  2 11:02:41 2017	4672	Microsoft-Windows-Security-Auditing	N/A	N/A	Success Audit	gcsmq0601.global.com	Special Logon		Special privileges assigned to new logon.    Subject:   Security ID:  S-1-5-21-2029550947-1910908428-336986018-41777   Account Name:  COLLT5532$   Account Domain:  globalcom   Logon ID:  0x1b5f554a    Privileges:  SeTcbPrivilege	1445130008,special privileges assigned to new logon,"auth,windows",2017-05-02T15:02:43.484Z,49941,172.21.19.25,ms_windows_event-2006199550,448,<14>May  2 11:02:41 gcsmq0601.global.com ,27946634898,0,0.0.0.0/514/tcp,2b03-681bfce92,11011,gcsmq0601.global.com, ,4672,ms_windows_event,security,370d8384-bb25-4458-a611-a58c66a7e065#1937,"{""id"":""370d8384-bb25-4458-a611-a58c66a7e065#1937"",""num_events"":2775,""data_type"":""passthrough"",""batch_id"":""370d8384-bb25-4458-a611-a58c66a7e065"",""batch_segment"":0,""customer_id"":""lga03"",""sequence_number"":1936,""source_type"":""json"",""target_index"":""""}",11011,s-1-5-21-2029550947-1910908428-336986018-41777,collt5532$ , , , , ,setcbprivilege,0x1b5f554a, , , ,globalcom, , , , , , , , , , , , , , , , , , , , , , , , , , , , , 
microsoft-windows-security-auditing,success audit,logogc,gcsmq0601.global.com,127.0.0.1,MSWinEventLog	1	Security	3425235	Tue May  2 11:02:42 2017	4634	Microsoft-Windows-Security-Auditing	N/A	N/A	Success Audit	gcsmq0601.global.com	Logogc		An account was logged ogc.    Subject:   Security ID:  S-1-5-21-2029550947-1910908428-336986018-41811   Account Name:  gcSMQ0608$   Account Domain:  globalcom   Logon ID:  0x1b5f6e8c    Logon Type:   3    This event is generated when a logon session is destroyed. It may be positively correlated with a logon event using the Logon ID value. Logon IDs are only unique between reboots on the same computer.	1445130126,an account was logged ogc,"auth,windows",2017-05-02T15:02:43.535Z,49941,172.21.19.25,ms_windows_event-3012490973,617,<14>May  2 11:02:42 gcsmq0601.global.com ,27946634944,0,0.0.0.0/514/tcp,2b03-681bfcec0,11011,gcsmq0601.global.com,2017-05-02T11:02:42.000Z,4634,ms_windows_event,security,370d8384-bb25-4458-a611-a58c66a7e065#1938,"{""id"":""370d8384-bb25-4458-a611-a58c66a7e065#1938"",""num_events"":2775,""data_type"":""passthrough"",""batch_id"":""370d8384-bb25-4458-a611-a58c66a7e065"",""batch_segment"":0,""customer_id"":""lga03"",""sequence_number"":1937,""source_type"":""json"",""target_index"":""""}",11011,s-1-5-21-2029550947-1910908428-336986018-41811,gcsmq0608$, , , , , ,0x1b5f6e8c, , , ,globalcom, , , , , , , ,3,this event is generated when a logon session is destroyed, , , , , , , , , , , , , , , , , , , , 
microsoft-windows-security-auditing,success audit,logon,gcsmq0601.global.com,127.0.0.1,"MSWinEventLog	1	Security	3425118	Tue May  2 11:02:41 2017	4624	Microsoft-Windows-Security-Auditing	N/A	N/A	Success Audit	gcsmq0601.global.com	Logon		An account was successfully logged on.    Subject:   Security ID:  S-1-0-0   Account Name:  -   Account Domain:  -   Logon ID:  0x0    Logon Type:   3    New Logon:   Security ID:  S-1-5-21-2029550947-1910908428-336986018-41777   Account Name:  COLLT5532$   Account Domain:  globalcom   Logon ID:  0x1b5f554a   Logon GUID:  {5DB6AAA2-C3DF-B472-FBD1-CDB9A3296BCA}    Process Information:   Process ID:  0x0   Process Name:  -    Network Information:   Workstation Name:    Source Network Address: 172.20.80.133   Source Port:  51052    Detailed Authentication Information:   Logon Process:  Kerberos   Authentication Package: Kerberos   Transited Services: -   Package Name (NTLM only): -   Key Length:  0    This event is generated when a logon session is created. It is generated on the computer that was accessed.    The subject fields indicate the account on the local system which requested the logon. This is most commonly a service such as the Server service, or a local process such as Winlogon.exe or Services.exe.    The logon type field indicates the kind of logon that occurred. The most common types are 2 (interactive) and 3 (network).    The New Logon fields indicate the account for whom the new logon was created, i.e. the account that was logged on.    The network fields indicate where a remote logon request originated. Workstation name is not always available and may be left blank in some cases.    The authentication information fields provide detailed information about this specific logon request.   - Logon GUID is a unique identifier that can be used to correlate this event with a KDC event.   - Transited services indicate which intermediate services have participated in this logon request.   - Package name indicates which sub-protocol was used among the NTLM protocols.   - Key length indicates the length of the generated session key. This will be 0 if no session key was requested.	1445130009",an account was successfully logged on,"auth,windows",2017-05-02T15:02:43.484Z,49941,172.21.19.25,ms_windows_event-3795724934,2126,<14>May  2 11:02:41 gcsmq0601.global.com ,27946634899,0,0.0.0.0/514/tcp,2b03-681bfce93,11011,gcsmq0601.global.com,2017-05-02T11:02:41.000Z,4624,ms_windows_event,security,370d8384-bb25-4458-a611-a58c66a7e065#1942,"{""id"":""370d8384-bb25-4458-a611-a58c66a7e065#1942"",""num_events"":2775,""data_type"":""passthrough"",""batch_id"":""370d8384-bb25-4458-a611-a58c66a7e065"",""batch_segment"":0,""customer_id"":""lga03"",""sequence_number"":1941,""source_type"":""json"",""target_index"":""""}",11011,s-1-5-21-2029550947-1910908428-336986018-41777,collt5532$, , ,0x0,-, ,0x1b5f554a, , , ,globalcom, ,51052,172.20.80.133, , ,private ip address lan,rsv,3,this event is generated when a logon session is created, ,,kerberos,"[""1.1.1521""]", , , , , , , , , , , , , , , , 
workplace agent service,information,n/a,gcgcp0201.global.com,127.0.0.1,"MSWinEventLog	1	WorkPlace Agent Service	108459	Tue May  2 11:02:42 2017	0	WorkPlace Agent Service	N/A	N/A	Information	gcgcp0201.global.com	N/A		Event Response at May 02, 2017 11:02:42 AM      Company:globalcom - Email Approval OK  Company:globalcom - Finished OK	4759237","event response at may 02, 2017 11:02:42 am      company:globalcom - email approval ok  company:globalcom - finished ok","auth,windows",2017-05-02T15:02:43.729Z,49403,172.25.0.15,ms_windows_event-3053450971,307,<14>May  2 11:02:42 gcgcp0201.global.com ,27946634976,0,0.0.0.0/514/tcp,2b03-681bfcee0,11011,gcgcp0201.global.com,2017-05-02T11:02:42.000Z,0,ms_windows_event,workplace agent service,370d8384-bb25-4458-a611-a58c66a7e065#1943,"{""id"":""370d8384-bb25-4458-a611-a58c66a7e065#1943"",""num_events"":2775,""data_type"":""passthrough"",""batch_id"":""370d8384-bb25-4458-a611-a58c66a7e065"",""batch_segment"":0,""customer_id"":""lga03"",""sequence_number"":1942,""source_type"":""json"",""target_index"":""""}",11011, , , , , , , , , , , , , , , , , , , , , , , , , , , , , , , , , , , , , , , , , 
microsoft-windows-security-auditing,success audit,logon,gcmex0000.global.com,127.0.0.1,MSWinEventLog	1	Security	141748	Tue May  2 10:02:40 2017	4624	Microsoft-Windows-Security-Auditing	N/A	N/A	Success Audit	gcMEX0000.global.com	Logon		N/A	20688173,n/a,"auth,windows",2017-05-02T15:02:42.054Z,53140,172.20.32.22,ms_windows_event-796723568,207,<14>May  2 10:02:40 gcMEX0000.global.com ,2661097793,1,0.0.0.0/514/tcp,2b00-9e9d2141,11008,gcmex0000.global.com,2017-05-02T10:02:40.000Z,4624,ms_windows_event,security,370d8384-bb25-4458-a611-a58c66a7e065#1996,"{""id"":""370d8384-bb25-4458-a611-a58c66a7e065#1996"",""num_events"":2775,""data_type"":""passthrough"",""batch_id"":""370d8384-bb25-4458-a611-a58c66a7e065"",""batch_segment"":0,""customer_id"":""lga03"",""sequence_number"":1995,""source_type"":""json"",""target_index"":""""}",11008, , , , , , , , , , , , , , , , , , , , , , , , , , , , , , , , , , , , , , , , , 
microsoft-windows-security-auditing,success audit,special logon,gcsmq0601.global.com,127.0.0.1,MSWinEventLog	1	Security	3425176	Tue May  2 11:02:42 2017	4672	Microsoft-Windows-Security-Auditing	N/A	N/A	Success Audit	gcsmq0601.global.com	Special Logon		Special privileges assigned to new logon.    Subject:   Security ID:  S-1-5-21-2029550947-1910908428-336986018-41811   Account Name:  gcSMQ0608$   Account Domain:  globalcom   Logon ID:  0x1b5f6d62    Privileges:  SeTcbPrivilege	1445130067,special privileges assigned to new logon,"auth,windows",2017-05-02T15:02:43.510Z,49941,172.21.19.25,ms_windows_event-2006199550,448,<14>May  2 11:02:42 gcsmq0601.global.com ,27946634904,0,0.0.0.0/514/tcp,2b03-681bfce98,11011,gcsmq0601.global.com, ,4672,ms_windows_event,security,370d8384-bb25-4458-a611-a58c66a7e065#2035,"{""id"":""370d8384-bb25-4458-a611-a58c66a7e065#2035"",""num_events"":2775,""data_type"":""passthrough"",""batch_id"":""370d8384-bb25-4458-a611-a58c66a7e065"",""batch_segment"":0,""customer_id"":""lga03"",""sequence_number"":2034,""source_type"":""json"",""target_index"":""""}",11011,s-1-5-21-2029550947-1910908428-336986018-41811,gcsmq0608$ , , , , ,setcbprivilege,0x1b5f6d62, , , ,globalcom, , , , , , , , , , , , , , , , , , , , , , , , , , , , , 
microsoft-windows-security-auditing,success audit,logon,gcsmq0601.global.com,127.0.0.1,"MSWinEventLog	1	Security	3425183	Tue May  2 11:02:42 2017	4624	Microsoft-Windows-Security-Auditing	N/A	N/A	Success Audit	gcsmq0601.global.com	Logon		An account was successfully logged on.    Subject:   Security ID:  S-1-0-0   Account Name:  -   Account Domain:  -   Logon ID:  0x0    Logon Type:   3    New Logon:   Security ID:  S-1-5-21-2029550947-1910908428-336986018-41777   Account Name:  COLLT5532$   Account Domain:  globalcom   Logon ID:  0x1b5f6d8a   Logon GUID:  {5DB6AAA2-C3DF-B472-FBD1-CDB9A3296BCA}    Process Information:   Process ID:  0x0   Process Name:  -    Network Information:   Workstation Name:    Source Network Address: 172.20.80.133   Source Port:  51052    Detailed Authentication Information:   Logon Process:  Kerberos   Authentication Package: Kerberos   Transited Services: -   Package Name (NTLM only): -   Key Length:  0    This event is generated when a logon session is created. It is generated on the computer that was accessed.    The subject fields indicate the account on the local system which requested the logon. This is most commonly a service such as the Server service, or a local process such as Winlogon.exe or Services.exe.    The logon type field indicates the kind of logon that occurred. The most common types are 2 (interactive) and 3 (network).    The New Logon fields indicate the account for whom the new logon was created, i.e. the account that was logged on.    The network fields indicate where a remote logon request originated. Workstation name is not always available and may be left blank in some cases.    The authentication information fields provide detailed information about this specific logon request.   - Logon GUID is a unique identifier that can be used to correlate this event with a KDC event.   - Transited services indicate which intermediate services have participated in this logon request.   - Package name indicates which sub-protocol was used among the NTLM protocols.   - Key length indicates the length of the generated session key. This will be 0 if no session key was requested.	1445130074",an account was successfully logged on,"auth,windows",2017-05-02T15:02:43.513Z,49941,172.21.19.25,ms_windows_event-3795724934,2126,<14>May  2 11:02:42 gcsmq0601.global.com ,27946634908,0,0.0.0.0/514/tcp,2b03-681bfce9c,11011,gcsmq0601.global.com,2017-05-02T11:02:42.000Z,4624,ms_windows_event,security,370d8384-bb25-4458-a611-a58c66a7e065#2036,"{""id"":""370d8384-bb25-4458-a611-a58c66a7e065#2036"",""num_events"":2775,""data_type"":""passthrough"",""batch_id"":""370d8384-bb25-4458-a611-a58c66a7e065"",""batch_segment"":0,""customer_id"":""lga03"",""sequence_number"":2035,""source_type"":""json"",""target_index"":""""}",11011,s-1-5-21-2029550947-1910908428-336986018-41777,collt5532$, , ,0x0,-, ,0x1b5f6d8a, , , ,globalcom, ,51052,172.20.80.133, , ,private ip address lan,rsv,3,this event is generated when a logon session is created, ,,kerberos,"[""1.1.1521""]", , , , , , , , , , , , , , , , 
microsoft-windows-security-auditing,success audit,logon,gcsmq0601.global.com,127.0.0.1,"MSWinEventLog	1	Security	3425194	Tue May  2 11:02:42 2017	4624	Microsoft-Windows-Security-Auditing	N/A	N/A	Success Audit	gcsmq0601.global.com	Logon		An account was successfully logged on.    Subject:   Security ID:  S-1-0-0   Account Name:  -   Account Domain:  -   Logon ID:  0x0    Logon Type:   3    New Logon:   Security ID:  S-1-5-21-2029550947-1910908428-336986018-41811   Account Name:  gcSMQ0608$   Account Domain:  globalcom   Logon ID:  0x1b5f6de6   Logon GUID:  {B9023BC8-4848-2464-8D16-FBDC96FA72C1}    Process Information:   Process ID:  0x0   Process Name:  -    Network Information:   Workstation Name:    Source Network Address: -   Source Port:  -    Detailed Authentication Information:   Logon Process:  Kerberos   Authentication Package: Kerberos   Transited Services: -   Package Name (NTLM only): -   Key Length:  0    This event is generated when a logon session is created. It is generated on the computer that was accessed.    The subject fields indicate the account on the local system which requested the logon. This is most commonly a service such as the Server service, or a local process such as Winlogon.exe or Services.exe.    The logon type field indicates the kind of logon that occurred. The most common types are 2 (interactive) and 3 (network).    The New Logon fields indicate the account for whom the new logon was created, i.e. the account that was logged on.    The network fields indicate where a remote logon request originated. Workstation name is not always available and may be left blank in some cases.    The authentication information fields provide detailed information about this specific logon request.   - Logon GUID is a unique identifier that can be used to correlate this event with a KDC event.   - Transited services indicate which intermediate services have participated in this logon request.   - Package name indicates which sub-protocol was used among the NTLM protocols.   - Key length indicates the length of the generated session key. This will be 0 if no session key was requested.	1445130085",an account was successfully logged on,"auth,windows",2017-05-02T15:02:43.517Z,49941,172.21.19.25,ms_windows_event-3084426898,2110,<14>May  2 11:02:42 gcsmq0601.global.com ,27946634912,0,0.0.0.0/514/tcp,2b03-681bfcea0,11011,gcsmq0601.global.com,2017-05-02T11:02:42.000Z,4624,ms_windows_event,security,370d8384-bb25-4458-a611-a58c66a7e065#2037,"{""id"":""370d8384-bb25-4458-a611-a58c66a7e065#2037"",""num_events"":2775,""data_type"":""passthrough"",""batch_id"":""370d8384-bb25-4458-a611-a58c66a7e065"",""batch_segment"":0,""customer_id"":""lga03"",""sequence_number"":2036,""source_type"":""json"",""target_index"":""""}",11011,s-1-5-21-2029550947-1910908428-336986018-41811,gcsmq0608$, , ,0x0, , ,0x1b5f6de6, , , ,globalcom, , , , , , , ,3,this event is generated when a logon session is created, , ,kerberos,"[""1.1.1521""]", , , , , , , , , , , , , , , , 
microsoft-windows-security-auditing,success audit,special logon,gcsmq0601.global.com,127.0.0.1,MSWinEventLog	1	Security	3425203	Tue May  2 11:02:42 2017	4672	Microsoft-Windows-Security-Auditing	N/A	N/A	Success Audit	gcsmq0601.global.com	Special Logon		Special privileges assigned to new logon.    Subject:   Security ID:  S-1-5-21-2029550947-1910908428-336986018-41811   Account Name:  gcSMQ0608$   Account Domain:  globalcom   Logon ID:  0x1b5f6e8c    Privileges:  SeTcbPrivilege	1445130094,special privileges assigned to new logon,"auth,windows",2017-05-02T15:02:43.520Z,49941,172.21.19.25,ms_windows_event-2006199550,448,<14>May  2 11:02:42 gcsmq0601.global.com ,27946634919,0,0.0.0.0/514/tcp,2b03-681bfcea7,11011,gcsmq0601.global.com, ,4672,ms_windows_event,security,370d8384-bb25-4458-a611-a58c66a7e065#2039,"{""id"":""370d8384-bb25-4458-a611-a58c66a7e065#2039"",""num_events"":2775,""data_type"":""passthrough"",""batch_id"":""370d8384-bb25-4458-a611-a58c66a7e065"",""batch_segment"":0,""customer_id"":""lga03"",""sequence_number"":2038,""source_type"":""json"",""target_index"":""""}",11011,s-1-5-21-2029550947-1910908428-336986018-41811,gcsmq0608$ , , , , ,setcbprivilege,0x1b5f6e8c, , , ,globalcom, , , , , , , , , , , , , , , , , , , , , , , , , , , , , 
microsoft-windows-security-auditing,success audit,special logon,gcsmq0002.global.com,127.0.0.1,MSWinEventLog	1	Security	2131838	Tue May  2 11:02:42 2017	4672	Microsoft-Windows-Security-Auditing	N/A	N/A	Success Audit	gcSMQ0002.global.com	Special Logon		N/A	304321390,n/a,"auth,windows",2017-05-02T15:02:44.310Z,50165,172.21.14.21,ms_windows_event-3923140098,217,<14>May  2 11:02:42 gcSMQ0002.global.com ,27946635041,0,0.0.0.0/514/tcp,2b03-681bfcf21,11011,gcsmq0002.global.com,2017-05-02T11:02:42.000Z,4672,ms_windows_event,security,370d8384-bb25-4458-a611-a58c66a7e065#2128,"{""id"":""370d8384-bb25-4458-a611-a58c66a7e065#2128"",""num_events"":2775,""data_type"":""passthrough"",""batch_id"":""370d8384-bb25-4458-a611-a58c66a7e065"",""batch_segment"":0,""customer_id"":""lga03"",""sequence_number"":2127,""source_type"":""json"",""target_index"":""""}",11011, , , , , , , , , , , , , , , , , , , , , , , , , , , , , , , , , , , , , , , , , 
microsoft-windows-security-auditing,success audit,logon,gcsmq0002.global.com,127.0.0.1,MSWinEventLog	1	Security	2131851	Tue May  2 11:02:42 2017	4624	Microsoft-Windows-Security-Auditing	N/A	N/A	Success Audit	gcSMQ0002.global.com	Logon		N/A	304321403,n/a,"auth,windows",2017-05-02T15:02:44.316Z,50165,172.21.14.21,ms_windows_event-796723568,209,<14>May  2 11:02:42 gcSMQ0002.global.com ,27946635054,0,0.0.0.0/514/tcp,2b03-681bfcf2e,11011,gcsmq0002.global.com,2017-05-02T11:02:42.000Z,4624,ms_windows_event,security,370d8384-bb25-4458-a611-a58c66a7e065#2131,"{""id"":""370d8384-bb25-4458-a611-a58c66a7e065#2131"",""num_events"":2775,""data_type"":""passthrough"",""batch_id"":""370d8384-bb25-4458-a611-a58c66a7e065"",""batch_segment"":0,""customer_id"":""lga03"",""sequence_number"":2130,""source_type"":""json"",""target_index"":""""}",11011, , , , , , , , , , , , , , , , , , , , , , , , , , , , , , , , , , , , , , , , , 
microsoft-windows-security-auditing,success audit,n/a,gcsmq0002.global.com,127.0.0.1,MSWinEventLog	1	Security	2131831	Tue May  2 11:02:42 2017	4662	Microsoft-Windows-Security-Auditing	N/A	N/A	Success Audit	gcSMQ0002.global.com	N/A		N/A	304321387,n/a,"auth,windows",2017-05-02T15:02:43.310Z,50165,172.21.14.21,ms_windows_event-2494768146,207,<14>May  2 11:02:42 gcSMQ0002.global.com ,27946634871,0,0.0.0.0/514/tcp,2b03-681bfce77,11011,gcsmq0002.global.com,2017-05-02T11:02:42.000Z,4662,ms_windows_event,security,370d8384-bb25-4458-a611-a58c66a7e065#2178,"{""id"":""370d8384-bb25-4458-a611-a58c66a7e065#2178"",""num_events"":2775,""data_type"":""passthrough"",""batch_id"":""370d8384-bb25-4458-a611-a58c66a7e065"",""batch_segment"":0,""customer_id"":""lga03"",""sequence_number"":2177,""source_type"":""json"",""target_index"":""""}",11011, , , , , , , , , , , , , , , , , , , , , , , , , , , , , , , , , , , , , , , , , 
microsoft-windows-security-auditing,success audit,logogc,gcsmq0601.global.com,127.0.0.1,MSWinEventLog	1	Security	3425225	Tue May  2 11:02:42 2017	4634	Microsoft-Windows-Security-Auditing	N/A	N/A	Success Audit	gcsmq0601.global.com	Logogc		An account was logged ogc.    Subject:   Security ID:  S-1-5-21-2029550947-1910908428-336986018-41811   Account Name:  gcSMQ0608$   Account Domain:  globalcom   Logon ID:  0x1b5f6ece    Logon Type:   3    This event is generated when a logon session is destroyed. It may be positively correlated with a logon event using the Logon ID value. Logon IDs are only unique between reboots on the same computer.	1445130116,an account was logged ogc,"auth,windows",2017-05-02T15:02:43.532Z,49941,172.21.19.25,ms_windows_event-3012490973,617,<14>May  2 11:02:42 gcsmq0601.global.com ,27946634935,0,0.0.0.0/514/tcp,2b03-681bfceb7,11011,gcsmq0601.global.com,2017-05-02T11:02:42.000Z,4634,ms_windows_event,security,370d8384-bb25-4458-a611-a58c66a7e065#2180,"{""id"":""370d8384-bb25-4458-a611-a58c66a7e065#2180"",""num_events"":2775,""data_type"":""passthrough"",""batch_id"":""370d8384-bb25-4458-a611-a58c66a7e065"",""batch_segment"":0,""customer_id"":""lga03"",""sequence_number"":2179,""source_type"":""json"",""target_index"":""""}",11011,s-1-5-21-2029550947-1910908428-336986018-41811,gcsmq0608$, , , , , ,0x1b5f6ece, , , ,globalcom, , , , , , , ,3,this event is generated when a logon session is destroyed, , , , , , , , , , , , , , , , , , , , 
microsoft-windows-security-auditing,success audit,logon,gcgcp0201.global.com,127.0.0.1,"MSWinEventLog	1	Security	108462	Tue May  2 11:02:42 2017	4624	Microsoft-Windows-Security-Auditing	N/A	N/A	Success Audit	gcgcp0201.global.com	Logon		An account was successfully logged on.    Subject:   Security ID:  S-1-0-0   Account Name:  -   Account Domain:  -   Logon ID:  0x0    Logon Type:   3    Impersonation Level:  Impersonation    New Logon:   Security ID:  S-1-5-21-2029550947-1910908428-336986018-26836   Account Name:  workplace   Account Domain:  globalcom   Logon ID:  0xBE80771   Logon GUID:  {C923AC6C-90E0-C769-7CB8-247C160E5AAF}    Process Information:   Process ID:  0x0   Process Name:  -    Network Information:   Workstation Name:    Source Network Address: -   Source Port:  -    Detailed Authentication Information:   Logon Process:  Kerberos   Authentication Package: Kerberos   Transited Services: -   Package Name (NTLM only): -   Key Length:  0    This event is generated when a logon session is created. It is generated on the computer that was accessed.    The subject fields indicate the account on the local system which requested the logon. This is most commonly a service such as the Server service, or a local process such as Winlogon.exe or Services.exe.    The logon type field indicates the kind of logon that occurred. The most common types are 2 (interactive) and 3 (network).    The New Logon fields indicate the account for whom the new logon was created, i.e. the account that was logged on.    The network fields indicate where a remote logon request originated. Workstation name is not always available and may be left blank in some cases.    The impersonation level field indicates the extent to which a process in the logon session can impersonate.    The authentication information fields provide detailed information about this specific logon request.   - Logon GUID is a unique identifier that can be used to correlate this event with a KDC event.   - Transited services indicate which intermediate services have participated in this logon request.   - Package name indicates which sub-protocol was used among the NTLM protocols.   - Key length indicates the length of the generated session key. This will be 0 if no session key was requested.	8854954",an account was successfully logged on,"auth,windows",2017-05-02T15:02:43.730Z,49403,172.25.0.15,ms_windows_event-3084426898,2254,<14>May  2 11:02:42 gcgcp0201.global.com ,27946634979,0,0.0.0.0/514/tcp,2b03-681bfcee3,11011,gcgcp0201.global.com,2017-05-02T11:02:42.000Z,4624,ms_windows_event,security,370d8384-bb25-4458-a611-a58c66a7e065#2247,"{""id"":""370d8384-bb25-4458-a611-a58c66a7e065#2247"",""num_events"":2775,""data_type"":""passthrough"",""batch_id"":""370d8384-bb25-4458-a611-a58c66a7e065"",""batch_segment"":0,""customer_id"":""lga03"",""sequence_number"":2246,""source_type"":""json"",""target_index"":""""}",11011,s-1-5-21-2029550947-1910908428-336986018-26836,workplace, , ,0x0, , ,0xbe80771, , , ,globalcom, , , , , , , ,3,this event is generated when a logon session is created, , ,kerberos,"[""1.1.1521""]", , , , , , , , , , , , , , , , 
microsoft-windows-security-auditing,success audit,logon,gcnyc-60-010.global.com,127.0.0.1,MSWinEventLog	1	Security	1354672	Tue May  2 11:02:42 2017	4624	Microsoft-Windows-Security-Auditing	N/A	N/A	Success Audit	gcNYC-60-010.global.com	Logon		N/A	153578652,n/a,"auth,windows",2017-05-02T15:02:43.920Z,59147,172.21.14.26,ms_windows_event-796723568,215,<14>May  2 11:02:42 gcNYC-60-010.global.com ,27946635001,0,0.0.0.0/514/tcp,2b03-681bfcef9,11011,gcnyc-60-010.global.com,2017-05-02T11:02:42.000Z,4624,ms_windows_event,security,370d8384-bb25-4458-a611-a58c66a7e065#2252,"{""id"":""370d8384-bb25-4458-a611-a58c66a7e065#2252"",""num_events"":2775,""data_type"":""passthrough"",""batch_id"":""370d8384-bb25-4458-a611-a58c66a7e065"",""batch_segment"":0,""customer_id"":""lga03"",""sequence_number"":2251,""source_type"":""json"",""target_index"":""""}",11011, , , , , , , , , , , , , , , , , , , , , , , , , , , , , , , , , , , , , , , , , 
microsoft-windows-security-auditing,success audit,logon,gcnyc-60-010.global.com,127.0.0.1,MSWinEventLog	1	Security	1354676	Tue May  2 11:02:42 2017	4624	Microsoft-Windows-Security-Auditing	N/A	N/A	Success Audit	gcNYC-60-010.global.com	Logon		N/A	153578656,n/a,"auth,windows",2017-05-02T15:02:43.923Z,59147,172.21.14.26,ms_windows_event-796723568,215,<14>May  2 11:02:42 gcNYC-60-010.global.com ,27946635005,0,0.0.0.0/514/tcp,2b03-681bfcefd,11011,gcnyc-60-010.global.com,2017-05-02T11:02:42.000Z,4624,ms_windows_event,security,370d8384-bb25-4458-a611-a58c66a7e065#2253,"{""id"":""370d8384-bb25-4458-a611-a58c66a7e065#2253"",""num_events"":2775,""data_type"":""passthrough"",""batch_id"":""370d8384-bb25-4458-a611-a58c66a7e065"",""batch_segment"":0,""customer_id"":""lga03"",""sequence_number"":2252,""source_type"":""json"",""target_index"":""""}",11011, , , , , , , , , , , , , , , , , , , , , , , , , , , , , , , , , , , , , , , , , 
microsoft-windows-security-auditing,success audit,logogc,gcsmq0002.global.com,127.0.0.1,MSWinEventLog	1	Security	2131884	Tue May  2 11:02:43 2017	4634	Microsoft-Windows-Security-Auditing	N/A	N/A	Success Audit	gcSMQ0002.global.com	Logogc		N/A	304321436,n/a,"auth,windows",2017-05-02T15:02:44.333Z,50165,172.21.14.21,ms_windows_event-1377334112,210,<14>May  2 11:02:43 gcSMQ0002.global.com ,27946635088,0,0.0.0.0/514/tcp,2b03-681bfcf50,11011,gcsmq0002.global.com,2017-05-02T11:02:43.000Z,4634,ms_windows_event,security,370d8384-bb25-4458-a611-a58c66a7e065#2256,"{""id"":""370d8384-bb25-4458-a611-a58c66a7e065#2256"",""num_events"":2775,""data_type"":""passthrough"",""batch_id"":""370d8384-bb25-4458-a611-a58c66a7e065"",""batch_segment"":0,""customer_id"":""lga03"",""sequence_number"":2255,""source_type"":""json"",""target_index"":""""}",11011, , , , , , , , , , , , , , , , , , , , , , , , , , , , , , , , , , , , , , , , , 
microsoft-windows-security-auditing,success audit,logon,gcnyc-60-010.global.com,127.0.0.1,MSWinEventLog	1	Security	1354675	Tue May  2 11:02:42 2017	4624	Microsoft-Windows-Security-Auditing	N/A	N/A	Success Audit	gcNYC-60-010.global.com	Logon		N/A	153578655,n/a,"auth,windows",2017-05-02T15:02:43.922Z,59147,172.21.14.26,ms_windows_event-796723568,215,<14>May  2 11:02:42 gcNYC-60-010.global.com ,27946635004,0,0.0.0.0/514/tcp,2b03-681bfcefc,11011,gcnyc-60-010.global.com,2017-05-02T11:02:42.000Z,4624,ms_windows_event,security,370d8384-bb25-4458-a611-a58c66a7e065#2326,"{""id"":""370d8384-bb25-4458-a611-a58c66a7e065#2326"",""num_events"":2775,""data_type"":""passthrough"",""batch_id"":""370d8384-bb25-4458-a611-a58c66a7e065"",""batch_segment"":0,""customer_id"":""lga03"",""sequence_number"":2325,""source_type"":""json"",""target_index"":""""}",11011, , , , , , , , , , , , , , , , , , , , , , , , , , , , , , , , , , , , , , , , , 
microsoft-windows-security-auditing,success audit,logogc,gcnyc-60-010.global.com,127.0.0.1,MSWinEventLog	1	Security	1354679	Tue May  2 11:02:42 2017	4634	Microsoft-Windows-Security-Auditing	N/A	N/A	Success Audit	gcNYC-60-010.global.com	Logogc		N/A	153578659,n/a,"auth,windows",2017-05-02T15:02:43.924Z,59147,172.21.14.26,ms_windows_event-1377334112,216,<14>May  2 11:02:42 gcNYC-60-010.global.com ,27946635008,0,0.0.0.0/514/tcp,2b03-681bfcf00,11011,gcnyc-60-010.global.com,2017-05-02T11:02:42.000Z,4634,ms_windows_event,security,370d8384-bb25-4458-a611-a58c66a7e065#2327,"{""id"":""370d8384-bb25-4458-a611-a58c66a7e065#2327"",""num_events"":2775,""data_type"":""passthrough"",""batch_id"":""370d8384-bb25-4458-a611-a58c66a7e065"",""batch_segment"":0,""customer_id"":""lga03"",""sequence_number"":2326,""source_type"":""json"",""target_index"":""""}",11011, , , , , , , , , , , , , , , , , , , , , , , , , , , , , , , , , , , , , , , , , 
microsoft-windows-security-auditing,success audit,logon,gcsmq0002.global.com,127.0.0.1,MSWinEventLog	1	Security	2131843	Tue May  2 11:02:42 2017	4624	Microsoft-Windows-Security-Auditing	N/A	N/A	Success Audit	gcSMQ0002.global.com	Logon		N/A	304321395,n/a,"auth,windows",2017-05-02T15:02:44.312Z,50165,172.21.14.21,ms_windows_event-796723568,209,<14>May  2 11:02:42 gcSMQ0002.global.com ,27946635046,0,0.0.0.0/514/tcp,2b03-681bfcf26,11011,gcsmq0002.global.com,2017-05-02T11:02:42.000Z,4624,ms_windows_event,security,370d8384-bb25-4458-a611-a58c66a7e065#2336,"{""id"":""370d8384-bb25-4458-a611-a58c66a7e065#2336"",""num_events"":2775,""data_type"":""passthrough"",""batch_id"":""370d8384-bb25-4458-a611-a58c66a7e065"",""batch_segment"":0,""customer_id"":""lga03"",""sequence_number"":2335,""source_type"":""json"",""target_index"":""""}",11011, , , , , , , , , , , , , , , , , , , , , , , , , , , , , , , , , , , , , , , , , 
microsoft-windows-security-auditing,success audit,n/a,gcsmq0002.global.com,127.0.0.1,MSWinEventLog	1	Security	2131824	Tue May  2 11:02:41 2017	4662	Microsoft-Windows-Security-Auditing	N/A	N/A	Success Audit	gcSMQ0002.global.com	N/A		N/A	304321380,n/a,"auth,windows",2017-05-02T15:02:43.307Z,50165,172.21.14.21,ms_windows_event-2494768146,207,<14>May  2 11:02:41 gcSMQ0002.global.com ,27946634864,0,0.0.0.0/514/tcp,2b03-681bfce70,11011,gcsmq0002.global.com,2017-05-02T11:02:41.000Z,4662,ms_windows_event,security,370d8384-bb25-4458-a611-a58c66a7e065#2364,"{""id"":""370d8384-bb25-4458-a611-a58c66a7e065#2364"",""num_events"":2775,""data_type"":""passthrough"",""batch_id"":""370d8384-bb25-4458-a611-a58c66a7e065"",""batch_segment"":0,""customer_id"":""lga03"",""sequence_number"":2363,""source_type"":""json"",""target_index"":""""}",11011, , , , , , , , , , , , , , , , , , , , , , , , , , , , , , , , , , , , , , , , , 
microsoft-windows-security-auditing,success audit,logogc,gcsmq0601.global.com,127.0.0.1,MSWinEventLog	1	Security	3425224	Tue May  2 11:02:42 2017	4634	Microsoft-Windows-Security-Auditing	N/A	N/A	Success Audit	gcsmq0601.global.com	Logogc		An account was logged ogc.    Subject:   Security ID:  S-1-5-21-2029550947-1910908428-336986018-41811   Account Name:  gcSMQ0608$   Account Domain:  globalcom   Logon ID:  0x1b5f6ecf    Logon Type:   3    This event is generated when a logon session is destroyed. It may be positively correlated with a logon event using the Logon ID value. Logon IDs are only unique between reboots on the same computer.	1445130115,an account was logged ogc,"auth,windows",2017-05-02T15:02:43.531Z,49941,172.21.19.25,ms_windows_event-3012490973,617,<14>May  2 11:02:42 gcsmq0601.global.com ,27946634934,0,0.0.0.0/514/tcp,2b03-681bfceb6,11011,gcsmq0601.global.com,2017-05-02T11:02:42.000Z,4634,ms_windows_event,security,370d8384-bb25-4458-a611-a58c66a7e065#2373,"{""id"":""370d8384-bb25-4458-a611-a58c66a7e065#2373"",""num_events"":2775,""data_type"":""passthrough"",""batch_id"":""370d8384-bb25-4458-a611-a58c66a7e065"",""batch_segment"":0,""customer_id"":""lga03"",""sequence_number"":2372,""source_type"":""json"",""target_index"":""""}",11011,s-1-5-21-2029550947-1910908428-336986018-41811,gcsmq0608$, , , , , ,0x1b5f6ecf, , , ,globalcom, , , , , , , ,3,this event is generated when a logon session is destroyed, , , , , , , , , , , , , , , , , , , , 
microsoft-windows-security-auditing,success audit,logogc,gcsmq0601.global.com,127.0.0.1,MSWinEventLog	1	Security	3425229	Tue May  2 11:02:42 2017	4634	Microsoft-Windows-Security-Auditing	N/A	N/A	Success Audit	gcsmq0601.global.com	Logogc		An account was logged ogc.    Subject:   Security ID:  S-1-5-21-2029550947-1910908428-336986018-41811   Account Name:  gcSMQ0608$   Account Domain:  globalcom   Logon ID:  0x1b5f6e49    Logon Type:   3    This event is generated when a logon session is destroyed. It may be positively correlated with a logon event using the Logon ID value. Logon IDs are only unique between reboots on the same computer.	1445130120,an account was logged ogc,"auth,windows",2017-05-02T15:02:43.533Z,49941,172.21.19.25,ms_windows_event-3012490973,617,<14>May  2 11:02:42 gcsmq0601.global.com ,27946634938,0,0.0.0.0/514/tcp,2b03-681bfceba,11011,gcsmq0601.global.com,2017-05-02T11:02:42.000Z,4634,ms_windows_event,security,370d8384-bb25-4458-a611-a58c66a7e065#2374,"{""id"":""370d8384-bb25-4458-a611-a58c66a7e065#2374"",""num_events"":2775,""data_type"":""passthrough"",""batch_id"":""370d8384-bb25-4458-a611-a58c66a7e065"",""batch_segment"":0,""customer_id"":""lga03"",""sequence_number"":2373,""source_type"":""json"",""target_index"":""""}",11011,s-1-5-21-2029550947-1910908428-336986018-41811,gcsmq0608$, , , , , ,0x1b5f6e49, , , ,globalcom, , , , , , , ,3,this event is generated when a logon session is destroyed, , , , , , , , , , , , , , , , , , , , 
microsoft-windows-security-auditing,success audit,logogc,gcsmq0601.global.com,127.0.0.1,MSWinEventLog	1	Security	3425236	Tue May  2 11:02:42 2017	4634	Microsoft-Windows-Security-Auditing	N/A	N/A	Success Audit	gcsmq0601.global.com	Logogc		An account was logged ogc.    Subject:   Security ID:  S-1-5-21-2029550947-1910908428-336986018-41811   Account Name:  gcSMQ0608$   Account Domain:  globalcom   Logon ID:  0x1b5f6de6    Logon Type:   3    This event is generated when a logon session is destroyed. It may be positively correlated with a logon event using the Logon ID value. Logon IDs are only unique between reboots on the same computer.	1445130127,an account was logged ogc,"auth,windows",2017-05-02T15:02:43.536Z,49941,172.21.19.25,ms_windows_event-3012490973,617,<14>May  2 11:02:42 gcsmq0601.global.com ,27946634945,0,0.0.0.0/514/tcp,2b03-681bfcec1,11011,gcsmq0601.global.com,2017-05-02T11:02:42.000Z,4634,ms_windows_event,security,370d8384-bb25-4458-a611-a58c66a7e065#2376,"{""id"":""370d8384-bb25-4458-a611-a58c66a7e065#2376"",""num_events"":2775,""data_type"":""passthrough"",""batch_id"":""370d8384-bb25-4458-a611-a58c66a7e065"",""batch_segment"":0,""customer_id"":""lga03"",""sequence_number"":2375,""source_type"":""json"",""target_index"":""""}",11011,s-1-5-21-2029550947-1910908428-336986018-41811,gcsmq0608$, , , , , ,0x1b5f6de6, , , ,globalcom, , , , , , , ,3,this event is generated when a logon session is destroyed, , , , , , , , , , , , , , , , , , , , 
microsoft-windows-security-auditing,success audit,logogc,gcsmq0601.global.com,127.0.0.1,MSWinEventLog	1	Security	3425255	Tue May  2 11:02:42 2017	4634	Microsoft-Windows-Security-Auditing	N/A	N/A	Success Audit	gcsmq0601.global.com	Logogc		An account was logged ogc.    Subject:   Security ID:  S-1-5-21-2029550947-1910908428-336986018-38176   Account Name:  COLLT5533$   Account Domain:  globalcom   Logon ID:  0x1b5f736a    Logon Type:   3    This event is generated when a logon session is destroyed. It may be positively correlated with a logon event using the Logon ID value. Logon IDs are only unique between reboots on the same computer.	1445130146,an account was logged ogc,"auth,windows",2017-05-02T15:02:43.543Z,49941,172.21.19.25,ms_windows_event-3012490973,617,<14>May  2 11:02:42 gcsmq0601.global.com ,27946634951,0,0.0.0.0/514/tcp,2b03-681bfcec7,11011,gcsmq0601.global.com,2017-05-02T11:02:42.000Z,4634,ms_windows_event,security,370d8384-bb25-4458-a611-a58c66a7e065#2377,"{""id"":""370d8384-bb25-4458-a611-a58c66a7e065#2377"",""num_events"":2775,""data_type"":""passthrough"",""batch_id"":""370d8384-bb25-4458-a611-a58c66a7e065"",""batch_segment"":0,""customer_id"":""lga03"",""sequence_number"":2376,""source_type"":""json"",""target_index"":""""}",11011,s-1-5-21-2029550947-1910908428-336986018-38176,collt5533$, , , , , ,0x1b5f736a, , , ,globalcom, , , , , , , ,3,this event is generated when a logon session is destroyed, , , , , , , , , , , , , , , , , , , , 
microsoft-windows-security-auditing,success audit,logon,gcsmq0020.global.com,127.0.0.1,MSWinEventLog	1	Security	472287	Tue May  2 11:02:43 2017	4624	Microsoft-Windows-Security-Auditing	N/A	N/A	Success Audit	gcSMQ0020.global.com	Logon		N/A	64136857,n/a,"auth,windows",2017-05-02T15:02:43.693Z,60856,172.21.220.20,ms_windows_event-796723568,207,<14>May  2 11:02:43 gcSMQ0020.global.com ,27946634970,0,0.0.0.0/514/tcp,2b03-681bfceda,11011,gcsmq0020.global.com,2017-05-02T11:02:43.000Z,4624,ms_windows_event,security,370d8384-bb25-4458-a611-a58c66a7e065#2391,"{""id"":""370d8384-bb25-4458-a611-a58c66a7e065#2391"",""num_events"":2775,""data_type"":""passthrough"",""batch_id"":""370d8384-bb25-4458-a611-a58c66a7e065"",""batch_segment"":0,""customer_id"":""lga03"",""sequence_number"":2390,""source_type"":""json"",""target_index"":""""}",11011, , , , , , , , , , , , , , , , , , , , , , , , , , , , , , , , , , , , , , , , , 
microsoft-windows-security-auditing,failure audit,kerberos service ticket operations,gcmex0000.global.com,127.0.0.1,MSWinEventLog	3	Security	141751	Tue May  2 10:02:43 2017	4769	Microsoft-Windows-Security-Auditing	N/A	N/A	Failure Audit	gcMEX0000.global.com	Kerberos Service Ticket Operations		N/A	20688176,n/a,"auth,windows",2017-05-02T15:02:44.067Z,53140,172.20.32.22,ms_windows_event-2408821607,236,<11>May  2 10:02:43 gcMEX0000.global.com ,2661098113,1,0.0.0.0/514/tcp,2b00-9e9d2281,11008,gcmex0000.global.com,2017-05-02T10:02:43.000Z,4769,ms_windows_event,security,370d8384-bb25-4458-a611-a58c66a7e065#2394,"{""id"":""370d8384-bb25-4458-a611-a58c66a7e065#2394"",""num_events"":2775,""data_type"":""passthrough"",""batch_id"":""370d8384-bb25-4458-a611-a58c66a7e065"",""batch_segment"":0,""customer_id"":""lga03"",""sequence_number"":2393,""source_type"":""json"",""target_index"":""""}",11008, , , , , , , , , , , , , , , , , , , , , , , , , , , , , , , , , , , , , , , , , 
microsoft-windows-security-auditing,success audit,logogc,gcsmq0002.global.com,127.0.0.1,MSWinEventLog	1	Security	2131865	Tue May  2 11:02:42 2017	4634	Microsoft-Windows-Security-Auditing	N/A	N/A	Success Audit	gcSMQ0002.global.com	Logogc		N/A	304321417,n/a,"auth,windows",2017-05-02T15:02:44.324Z,50165,172.21.14.21,ms_windows_event-1377334112,210,<14>May  2 11:02:42 gcSMQ0002.global.com ,27946635068,0,0.0.0.0/514/tcp,2b03-681bfcf3c,11011,gcsmq0002.global.com,2017-05-02T11:02:42.000Z,4634,ms_windows_event,security,370d8384-bb25-4458-a611-a58c66a7e065#2397,"{""id"":""370d8384-bb25-4458-a611-a58c66a7e065#2397"",""num_events"":2775,""data_type"":""passthrough"",""batch_id"":""370d8384-bb25-4458-a611-a58c66a7e065"",""batch_segment"":0,""customer_id"":""lga03"",""sequence_number"":2396,""source_type"":""json"",""target_index"":""""}",11011, , , , , , , , , , , , , , , , , , , , , , , , , , , , , , , , , , , , , , , , , 
microsoft-windows-security-auditing,success audit,logon,gcsmq0002.global.com,127.0.0.1,MSWinEventLog	1	Security	2131870	Tue May  2 11:02:42 2017	4624	Microsoft-Windows-Security-Auditing	N/A	N/A	Success Audit	gcSMQ0002.global.com	Logon		N/A	304321422,n/a,"auth,windows",2017-05-02T15:02:44.326Z,50165,172.21.14.21,ms_windows_event-796723568,209,<14>May  2 11:02:42 gcSMQ0002.global.com ,27946635074,0,0.0.0.0/514/tcp,2b03-681bfcf42,11011,gcsmq0002.global.com,2017-05-02T11:02:42.000Z,4624,ms_windows_event,security,370d8384-bb25-4458-a611-a58c66a7e065#2399,"{""id"":""370d8384-bb25-4458-a611-a58c66a7e065#2399"",""num_events"":2775,""data_type"":""passthrough"",""batch_id"":""370d8384-bb25-4458-a611-a58c66a7e065"",""batch_segment"":0,""customer_id"":""lga03"",""sequence_number"":2398,""source_type"":""json"",""target_index"":""""}",11011, , , , , , , , , , , , , , , , , , , , , , , , , , , , , , , , , , , , , , , , , 
microsoft-windows-security-auditing,success audit,logogc,gcnyc-60-010.global.com,127.0.0.1,MSWinEventLog	1	Security	1354671	Tue May  2 11:02:42 2017	4634	Microsoft-Windows-Security-Auditing	N/A	N/A	Success Audit	gcNYC-60-010.global.com	Logogc		N/A	153578651,n/a,"auth,windows",2017-05-02T15:02:43.918Z,59147,172.21.14.26,ms_windows_event-1377334112,216,<14>May  2 11:02:42 gcNYC-60-010.global.com ,27946635000,0,0.0.0.0/514/tcp,2b03-681bfcef8,11011,gcnyc-60-010.global.com,2017-05-02T11:02:42.000Z,4634,ms_windows_event,security,370d8384-bb25-4458-a611-a58c66a7e065#2404,"{""id"":""370d8384-bb25-4458-a611-a58c66a7e065#2404"",""num_events"":2775,""data_type"":""passthrough"",""batch_id"":""370d8384-bb25-4458-a611-a58c66a7e065"",""batch_segment"":0,""customer_id"":""lga03"",""sequence_number"":2403,""source_type"":""json"",""target_index"":""""}",11011, , , , , , , , , , , , , , , , , , , , , , , , , , , , , , , , , , , , , , , , , 
microsoft-windows-security-auditing,success audit,logogc,gcsmq0020.global.com,127.0.0.1,MSWinEventLog	1	Security	472285	Tue May  2 11:02:40 2017	4634	Microsoft-Windows-Security-Auditing	N/A	N/A	Success Audit	gcSMQ0020.global.com	Logogc		N/A	64136855,n/a,"auth,windows",2017-05-02T15:02:41.693Z,60856,172.21.220.20,ms_windows_event-1377334112,208,<14>May  2 11:02:40 gcSMQ0020.global.com ,27946634664,0,0.0.0.0/514/tcp,2b03-681bfcda8,11011,gcsmq0020.global.com,2017-05-02T11:02:40.000Z,4634,ms_windows_event,security,370d8384-bb25-4458-a611-a58c66a7e065#2471,"{""id"":""370d8384-bb25-4458-a611-a58c66a7e065#2471"",""num_events"":2775,""data_type"":""passthrough"",""batch_id"":""370d8384-bb25-4458-a611-a58c66a7e065"",""batch_segment"":0,""customer_id"":""lga03"",""sequence_number"":2470,""source_type"":""json"",""target_index"":""""}",11011, , , , , , , , , , , , , , , , , , , , , , , , , , , , , , , , , , , , , , , , , 
microsoft-windows-security-auditing,success audit,other object access events,gcnga0400.global.com,127.0.0.1,MSWinEventLog	1	Security	995076	Tue May  2 16:02:41 2017	4656	Microsoft-Windows-Security-Auditing	N/A	N/A	Success Audit	gcNGA0400.global.com	Other Object Access Events		A handle to an object was requested.    Subject:   Security ID:  S-1-5-18   Account Name:  gcNGA0400$   Account Domain:  globalcom   Logon ID:  0x3e7    Object:   Object Server:  PlugPlayManager   Object Type:  Security   Object Name:  PlugPlaySecurityObject   Handle ID:  0x0    Process Information:   Process ID:  0x2ec   Process Name:  C:\Windows\System32\svchost.exe    Access Request Information:   Transaction ID:  {00000000-0000-0000-0000-000000000000}   Accesses:  Unknown specific access (bit 1)         Access Reasons:  -   Access Mask:  0x2   Privileges Used for Access Check: -   Restricted SID Count: 0	189124656,a handle to an object was requested,"auth,windows",2017-05-02T15:02:42.077Z,52104,172.20.48.23,ms_windows_event-1655484026,846,<14>May  2 16:02:41 gcNGA0400.global.com ,4073158983,1,0.0.0.0/514/tcp,2b01-f2c77947,11009,gcnga0400.global.com, ,4656,ms_windows_event,security,370d8384-bb25-4458-a611-a58c66a7e065#2472,"{""id"":""370d8384-bb25-4458-a611-a58c66a7e065#2472"",""num_events"":2775,""data_type"":""passthrough"",""batch_id"":""370d8384-bb25-4458-a611-a58c66a7e065"",""batch_segment"":0,""customer_id"":""lga03"",""sequence_number"":2471,""source_type"":""json"",""target_index"":""""}",11009,s-1-5-18,gcnga0400$,{00000000-0000-0000-0000-000000000000},plugplaymanager,0x2ec,c:\windows\system32\svchost.exe,-,0x3e7,unknown specific access (bit 1)         access reasons:  -,0,plugplaysecurityobject,globalcom, , , , , , , , , , , , , , , , , , , , , , , , , , , , , 
microsoft-windows-security-auditing,success audit,logon,gcmex0000.global.com,127.0.0.1,MSWinEventLog	1	Security	141742	Tue May  2 10:02:40 2017	4624	Microsoft-Windows-Security-Auditing	N/A	N/A	Success Audit	gcMEX0000.global.com	Logon		N/A	20688167,n/a,"auth,windows",2017-05-02T15:02:42.053Z,53140,172.20.32.22,ms_windows_event-796723568,207,<14>May  2 10:02:40 gcMEX0000.global.com ,2661097787,1,0.0.0.0/514/tcp,2b00-9e9d213b,11008,gcmex0000.global.com,2017-05-02T10:02:40.000Z,4624,ms_windows_event,security,370d8384-bb25-4458-a611-a58c66a7e065#2480,"{""id"":""370d8384-bb25-4458-a611-a58c66a7e065#2480"",""num_events"":2775,""data_type"":""passthrough"",""batch_id"":""370d8384-bb25-4458-a611-a58c66a7e065"",""batch_segment"":0,""customer_id"":""lga03"",""sequence_number"":2479,""source_type"":""json"",""target_index"":""""}",11008, , , , , , , , , , , , , , , , , , , , , , , , , , , , , , , , , , , , , , , , , 
microsoft-windows-wmi-activity,information,n/a,gcgcp0301.global.com,127.0.0.1,MSWinEventLog	1	Microsoft-Windows-WMI-Activity/Operational	17685	Tue May  2 11:02:42 2017	5857	Microsoft-Windows-WMI-Activity	NETWORK SERVICE	Well Known Group	Information	gcgcp0301.global.com	N/A		Win32_WIN32_TERMINALSERVICE_Prov provider started with result code 0x0. HostProcess = wmiprvse.exe; ProcessID = 3904; ProviderPath = %SystemRoot%\system32\tscfgwmi.dll	1034665,win32_win32_terminalservice_prov provider started with result code 0x0,"auth,windows",2017-05-02T15:02:44.527Z,56620,172.25.0.5,ms_windows_event-1320725749,419,<14>May  2 11:02:42 gcgcp0301.global.com ,27946635268,0,0.0.0.0/514/tcp,2b03-681bfd004,11011,gcgcp0301.global.com,2017-05-02T11:02:42.000Z,5857,ms_windows_event,microsoft-windows-wmi-activity/operational,370d8384-bb25-4458-a611-a58c66a7e065#2511,"{""id"":""370d8384-bb25-4458-a611-a58c66a7e065#2511"",""num_events"":2775,""data_type"":""passthrough"",""batch_id"":""370d8384-bb25-4458-a611-a58c66a7e065"",""batch_segment"":0,""customer_id"":""lga03"",""sequence_number"":2510,""source_type"":""json"",""target_index"":""""}",11011, , , , ,3904,wmiprvse.exe, , , , , , , , , , , , , , , , , , , ,%systemroot%\system32\tscfgwmi.dll, , , , , , , , , , , , , , , 
microsoft-windows-security-auditing,success audit,other object access events,gcnga0400.global.com,127.0.0.1,MSWinEventLog	1	Security	995120	Tue May  2 16:02:41 2017	4656	Microsoft-Windows-Security-Auditing	N/A	N/A	Success Audit	gcNGA0400.global.com	Other Object Access Events		A handle to an object was requested.    Subject:   Security ID:  S-1-5-18   Account Name:  gcNGA0400$   Account Domain:  globalcom   Logon ID:  0x3e7    Object:   Object Server:  PlugPlayManager   Object Type:  Security   Object Name:  PlugPlaySecurityObject   Handle ID:  0x0    Process Information:   Process ID:  0x2ec   Process Name:  C:\Windows\System32\svchost.exe    Access Request Information:   Transaction ID:  {00000000-0000-0000-0000-000000000000}   Accesses:  Unknown specific access (bit 1)         Access Reasons:  -   Access Mask:  0x2   Privileges Used for Access Check: -   Restricted SID Count: 0	189124700,a handle to an object was requested,"auth,windows",2017-05-02T15:02:44.139Z,52104,172.20.48.23,ms_windows_event-1655484026,846,<14>May  2 16:02:41 gcNGA0400.global.com ,4073159075,1,0.0.0.0/514/tcp,2b01-f2c779a3,11009,gcnga0400.global.com, ,4656,ms_windows_event,security,370d8384-bb25-4458-a611-a58c66a7e065#2610,"{""id"":""370d8384-bb25-4458-a611-a58c66a7e065#2610"",""num_events"":2755,""data_type"":""passthrough"",""batch_id"":""370d8384-bb25-4458-a611-a58c66a7e065"",""batch_segment"":0,""customer_id"":""lga03"",""sequence_number"":2609,""source_type"":""json"",""target_index"":""""}",11009,s-1-5-18,gcnga0400$,{00000000-0000-0000-0000-000000000000},plugplaymanager,0x2ec,c:\windows\system32\svchost.exe,-,0x3e7,unknown specific access (bit 1)         access reasons:  -,0,plugplaysecurityobject,globalcom, , , , , , , , , , , , , , , , , , , , , , , , , , , , , 
microsoft-windows-security-auditing,success audit,logon,gcsmq0002.global.com,127.0.0.1,MSWinEventLog	1	Security	2131856	Tue May  2 11:02:42 2017	4648	Microsoft-Windows-Security-Auditing	N/A	N/A	Success Audit	gcSMQ0002.global.com	Logon		N/A	304321408,n/a,"auth,windows",2017-05-02T15:02:44.319Z,50165,172.21.14.21,ms_windows_event-175608790,209,<14>May  2 11:02:42 gcSMQ0002.global.com ,27946635059,0,0.0.0.0/514/tcp,2b03-681bfcf33,11011,gcsmq0002.global.com,2017-05-02T11:02:42.000Z,4648,ms_windows_event,security,370d8384-bb25-4458-a611-a58c66a7e065#2614,"{""id"":""370d8384-bb25-4458-a611-a58c66a7e065#2614"",""num_events"":2754,""data_type"":""passthrough"",""batch_id"":""370d8384-bb25-4458-a611-a58c66a7e065"",""batch_segment"":0,""customer_id"":""lga03"",""sequence_number"":2613,""source_type"":""json"",""target_index"":""""}",11011, , , , , , , , , , , , , , , , , , , , , , , , , , , , , , , , , , , , , , , , , 
