microsoft-windows-security-auditing,success audit,logon,gcsmq0002.global.com,127.0.0.1,MSWinEventLog	1	Security	2131860	Tue May  2 11:02:42 2017	4624	Microsoft-Windows-Security-Auditing	N/A	N/A	Success Audit	gcSMQ0002.global.com	Logon		N/A	304321412,n/a,"auth,windows",2017-05-02T15:02:44.321Z,50165,172.21.14.21,ms_windows_event-796723568,209,<14>May  2 11:02:42 gcSMQ0002.global.com ,27946635063,0,0.0.0.0/514/tcp,2b03-681bfcf37,11011,gcsmq0002.global.com,2017-05-02T11:02:42.000Z,4624,ms_windows_event,security,370d8384-bb25-4458-a611-a58c66a7e065#2615,"{""id"":""370d8384-bb25-4458-a611-a58c66a7e065#2615"",""num_events"":2754,""data_type"":""passthrough"",""batch_id"":""370d8384-bb25-4458-a611-a58c66a7e065"",""batch_segment"":0,""customer_id"":""lga03"",""sequence_number"":2614,""source_type"":""json"",""target_index"":""""}",11011, , , , , , , , , , , , , , , , , , , , , , , , , , , , , , , , , , , , , , , , , 
microsoft-windows-security-auditing,success audit,kerberos service ticket operations,gcsmq0002.global.com,127.0.0.1,MSWinEventLog	1	Security	2131879	Tue May  2 11:02:42 2017	4769	Microsoft-Windows-Security-Auditing	N/A	N/A	Success Audit	gcSMQ0002.global.com	Kerberos Service Ticket Operations		N/A	304321431,n/a,"auth,windows",2017-05-02T15:02:44.331Z,50165,172.21.14.21,ms_windows_event-2408821607,238,<14>May  2 11:02:42 gcSMQ0002.global.com ,27946635083,0,0.0.0.0/514/tcp,2b03-681bfcf4b,11011,gcsmq0002.global.com,2017-05-02T11:02:42.000Z,4769,ms_windows_event,security,370d8384-bb25-4458-a611-a58c66a7e065#2619,"{""id"":""370d8384-bb25-4458-a611-a58c66a7e065#2619"",""num_events"":2754,""data_type"":""passthrough"",""batch_id"":""370d8384-bb25-4458-a611-a58c66a7e065"",""batch_segment"":0,""customer_id"":""lga03"",""sequence_number"":2618,""source_type"":""json"",""target_index"":""""}",11011, , , , , , , , , , , , , , , , , , , , , , , , , , , , , , , , , , , , , , , , , 
microsoft-windows-security-auditing,success audit,logon,gcsmq0002.global.com,127.0.0.1,MSWinEventLog	1	Security	2131890	Tue May  2 11:02:43 2017	4624	Microsoft-Windows-Security-Auditing	N/A	N/A	Success Audit	gcSMQ0002.global.com	Logon		N/A	304321442,n/a,"auth,windows",2017-05-02T15:02:44.347Z,50165,172.21.14.21,ms_windows_event-796723568,209,<14>May  2 11:02:43 gcSMQ0002.global.com ,27946635095,0,0.0.0.0/514/tcp,2b03-681bfcf57,11011,gcsmq0002.global.com,2017-05-02T11:02:43.000Z,4624,ms_windows_event,security,370d8384-bb25-4458-a611-a58c66a7e065#2622,"{""id"":""370d8384-bb25-4458-a611-a58c66a7e065#2622"",""num_events"":2754,""data_type"":""passthrough"",""batch_id"":""370d8384-bb25-4458-a611-a58c66a7e065"",""batch_segment"":0,""customer_id"":""lga03"",""sequence_number"":2621,""source_type"":""json"",""target_index"":""""}",11011, , , , , , , , , , , , , , , , , , , , , , , , , , , , , , , , , , , , , , , , , 
microsoft-windows-security-auditing,success audit,logogc,gcsmq0002.global.com,127.0.0.1,MSWinEventLog	1	Security	2131894	Tue May  2 11:02:43 2017	4634	Microsoft-Windows-Security-Auditing	N/A	N/A	Success Audit	gcSMQ0002.global.com	Logogc		N/A	304321446,n/a,"auth,windows",2017-05-02T15:02:44.349Z,50165,172.21.14.21,ms_windows_event-1377334112,210,<14>May  2 11:02:43 gcSMQ0002.global.com ,27946635099,0,0.0.0.0/514/tcp,2b03-681bfcf5b,11011,gcsmq0002.global.com,2017-05-02T11:02:43.000Z,4634,ms_windows_event,security,370d8384-bb25-4458-a611-a58c66a7e065#2623,"{""id"":""370d8384-bb25-4458-a611-a58c66a7e065#2623"",""num_events"":2754,""data_type"":""passthrough"",""batch_id"":""370d8384-bb25-4458-a611-a58c66a7e065"",""batch_segment"":0,""customer_id"":""lga03"",""sequence_number"":2622,""source_type"":""json"",""target_index"":""""}",11011, , , , , , , , , , , , , , , , , , , , , , , , , , , , , , , , , , , , , , , , , 
microsoft-windows-security-auditing,success audit,process termination,gcsmq0602.global.com,127.0.0.1,MSWinEventLog	1	Security	1160131	Tue May  2 11:02:42 2017	4689	Microsoft-Windows-Security-Auditing	N/A	N/A	Success Audit	gcSMQ0602.global.com	Process Termination		A process has exited.    Subject:   Security ID:  S-1-5-80-3958276243-2739099675-334681800-2039304502-2384811254   Account Name:  semsrv   Account Domain:  NT SERVICE   Logon ID:  0x3530a    Process Information:   Process ID: 0x1a8c   Process Name: D:\Program Files (x86)\Symantec\Symantec Endpoint Protection Manager\bin\USNWash.exe   Exit Status: 0x0	1210041843,a process has exited,"auth,windows",2017-05-02T15:02:44.445Z,54131,172.21.25.20,ms_windows_event-268340335,573,<14>May  2 11:02:42 gcSMQ0602.global.com ,27946635189,0,0.0.0.0/514/tcp,2b03-681bfcfb5,11011,gcsmq0602.global.com,2017-05-02T11:02:42.000Z,4689,ms_windows_event,security,370d8384-bb25-4458-a611-a58c66a7e065#2633,"{""id"":""370d8384-bb25-4458-a611-a58c66a7e065#2633"",""num_events"":2754,""data_type"":""passthrough"",""batch_id"":""370d8384-bb25-4458-a611-a58c66a7e065"",""batch_segment"":0,""customer_id"":""lga03"",""sequence_number"":2632,""source_type"":""json"",""target_index"":""""}",11011, ,semsrv, , ,0x1a8c,d:\program files (x86)\symantec\symantec endpoint protection manager\bin\usnwash.exe, ,0x3530a, , , ,nt, , , , , , , , , , , , , , , , , , , , , , , , , , , , , 
microsoft-windows-security-auditing,success audit,registry,gcegy0400.global.com,127.0.0.1,MSWinEventLog	1	Security	1078953	Tue May  2 17:02:40 2017	4658	Microsoft-Windows-Security-Auditing	N/A	N/A	Success Audit	gcEGY0400.global.com	Registry		The handle to an object was closed.    Subject :   Security ID:  S-1-5-18   Account Name:  gcEGY0400$   Account Domain:  globalcom   Logon ID:  0x3e7    Object:   Object Server:  Security   Handle ID:  0x6cc    Process Information:   Process ID:  0x270   Process Name:  C:\Windows\System32\services.exe	169322793,the handle to an object was closed,"auth,windows",2017-05-02T15:02:42.061Z,62367,172.20.40.23,ms_windows_event-259117541,516,<14>May  2 17:02:40 gcEGY0400.global.com ,192248809,1,0.0.0.0/514/tcp,2afc-b757be9,11004,gcegy0400.global.com,2017-05-02T17:02:40.000Z,4658,ms_windows_event,security,370d8384-bb25-4458-a611-a58c66a7e065#2693,"{""id"":""370d8384-bb25-4458-a611-a58c66a7e065#2693"",""num_events"":2754,""data_type"":""passthrough"",""batch_id"":""370d8384-bb25-4458-a611-a58c66a7e065"",""batch_segment"":0,""customer_id"":""lga03"",""sequence_number"":2692,""source_type"":""json"",""target_index"":""""}",11004, ,gcegy0400$, ,security,0x270,c:\windows\system32\services.exe, ,0x3e7, ,1740, ,globalcom, , , , , , , , , , , , , , , , , , , , , , , , , , , , , 
microsoft-windows-security-auditing,success audit,filtering platform connection,gcegy0400.global.com,127.0.0.1,MSWinEventLog	1	Security	1078963	Tue May  2 17:02:40 2017	5158	Microsoft-Windows-Security-Auditing	N/A	N/A	Success Audit	gcEGY0400.global.com	Filtering Platform Connection		The Windows Filtering Platform has permitted a bind to a local port.    Application Information:   Process ID:  1100   Application Name: \device\harddiskvolume2\windows\system32\svchost.exe    Network Information:   Source Address:  ::   Source Port:  5355   Protocol:  17    Filter Information:   Filter Run-Time ID: 0   Layer Name:  Resource Assignment   Layer Run-Time ID: 38	169322803,the windows filtering platform has permitted a bind to a local port,"auth,windows",2017-05-02T15:02:42.071Z,62367,172.20.40.23,ms_windows_event-4145731664,608,<14>May  2 17:02:40 gcEGY0400.global.com ,192248817,1,0.0.0.0/514/tcp,2afc-b757bf1,11004,gcegy0400.global.com,2017-05-02T17:02:40.000Z,5158,ms_windows_event,security,370d8384-bb25-4458-a611-a58c66a7e065#2695,"{""id"":""370d8384-bb25-4458-a611-a58c66a7e065#2695"",""num_events"":2754,""data_type"":""passthrough"",""batch_id"":""370d8384-bb25-4458-a611-a58c66a7e065"",""batch_segment"":0,""customer_id"":""lga03"",""sequence_number"":2694,""source_type"":""json"",""target_index"":""""}",11004, , , , , , , , , , , , , ,5355, ,17,\device\harddiskvolume2\windows\system32\svchost.exe, , , , ,::, , , , , , , , , , , , , , , , , , , 
microsoft-windows-security-auditing,success audit,mpssvc rule-level policy change,gcegy0400.global.com,127.0.0.1,"MSWinEventLog	1	Security	1078969	Tue May  2 17:02:40 2017	4954	Microsoft-Windows-Security-Auditing	N/A	N/A	Success Audit	gcEGY0400.global.com	MPSSVC Rule-Level Policy Change		Group Policy settings for Windows Firewall were changed, and the new settings were applied.	169322809","group policy settings for windows firewall were changed, and the new settings were applied.","auth,windows",2017-05-02T15:02:42.075Z,62367,172.20.40.23,ms_windows_event-2660791313,323,<14>May  2 17:02:40 gcEGY0400.global.com ,192248821,1,0.0.0.0/514/tcp,2afc-b757bf5,11004,gcegy0400.global.com,2017-05-02T17:02:40.000Z,4954,ms_windows_event,security,370d8384-bb25-4458-a611-a58c66a7e065#2696,"{""id"":""370d8384-bb25-4458-a611-a58c66a7e065#2696"",""num_events"":2754,""data_type"":""passthrough"",""batch_id"":""370d8384-bb25-4458-a611-a58c66a7e065"",""batch_segment"":0,""customer_id"":""lga03"",""sequence_number"":2695,""source_type"":""json"",""target_index"":""""}",11004, , , , , , , , , , , , , , , , , , , , , , , , , , , , , , , , , , , , , , , , , 
microsoft-windows-security-auditing,success audit,logon,gcbrw0000.global.com,127.0.0.1,"MSWinEventLog	1	Security	796302	Tue May  2 11:02:43 2017	4624	Microsoft-Windows-Security-Auditing	N/A	N/A	Success Audit	gcBRW0000.global.com	Logon		An account was successfully logged on.    Subject:   Security ID:  S-1-0-0   Account Name:  -   Account Domain:  -   Logon ID:  0x0    Logon Type:   3    Impersonation Level:  Impersonation    New Logon:   Security ID:  S-1-5-21-2029550947-1910908428-336986018-35847   Account Name:  NYCLT4721$   Account Domain:  globalcom   Logon ID:  0x9F81D9A   Logon GUID:  {248FE83B-1F4E-65C0-F79D-459529D53AC0}    Process Information:   Process ID:  0x0   Process Name:  -    Network Information:   Workstation Name:    Source Network Address: 172.24.32.215   Source Port:  54577    Detailed Authentication Information:   Logon Process:  Kerberos   Authentication Package: Kerberos   Transited Services: -   Package Name (NTLM only): -   Key Length:  0    This event is generated when a logon session is created. It is generated on the computer that was accessed.    The subject fields indicate the account on the local system which requested the logon. This is most commonly a service such as the Server service, or a local process such as Winlogon.exe or Services.exe.    The logon type field indicates the kind of logon that occurred. The most common types are 2 (interactive) and 3 (network).    The New Logon fields indicate the account for whom the new logon was created, i.e. the account that was logged on.    The network fields indicate where a remote logon request originated. Workstation name is not always available and may be left blank in some cases.    The impersonation level field indicates the extent to which a process in the logon session can impersonate.    The authentication information fields provide detailed information about this specific logon request.   - Logon GUID is a unique identifier that can be used to correlate this event with a KDC event.   - Transited services indicate which intermediate services have participated in this logon request.   - Package name indicates which sub-protocol was used among the NTLM protocols.   - Key length indicates the length of the generated session key. This will be 0 if no session key was requested.	64591011",an account was successfully logged on,"auth,windows",2017-05-02T15:04:41.825Z,54837,172.24.19.20,ms_windows_event-3795724934,2272,<14>May  2 11:02:43 gcBRW0000.global.com ,3969016789,1,0.0.0.0/514/tcp,2b04-ec9263d5,11012,gcbrw0000.global.com,2017-05-02T11:02:43.000Z,4624,ms_windows_event,security,370d8384-bb25-4458-a611-a58c66a7e065#2854,"{""id"":""370d8384-bb25-4458-a611-a58c66a7e065#2854"",""num_events"":2717,""data_type"":""passthrough"",""batch_id"":""370d8384-bb25-4458-a611-a58c66a7e065"",""batch_segment"":0,""customer_id"":""lga03"",""sequence_number"":2853,""source_type"":""json"",""target_index"":""""}",11012,s-1-5-21-2029550947-1910908428-336986018-35847,nyclt4721$, , ,0x0,-, ,0x9f81d9a, , , ,globalcom, ,54577,172.24.32.215, , ,private ip address lan,rsv,3,this event is generated when a logon session is created, ,,kerberos,"[""1.1.1521""]", , , , , , , , , , , , , , , , 
microsoft-windows-security-auditing,success audit,sensitive privilege use,gcnyc-60-010.global.com,127.0.0.1,MSWinEventLog	1	Security	1354655	Tue May  2 11:02:41 2017	4673	Microsoft-Windows-Security-Auditing	N/A	N/A	Success Audit	gcNYC-60-010.global.com	Sensitive Privilege Use		N/A	153578635,n/a,"auth,windows",2017-05-02T15:02:42.920Z,59147,172.21.14.26,ms_windows_event-2335375245,233,<14>May  2 11:02:41 gcNYC-60-010.global.com ,27946634781,0,0.0.0.0/514/tcp,2b03-681bfce1d,11011,gcnyc-60-010.global.com,2017-05-02T11:02:41.000Z,4673,ms_windows_event,security,370d8384-bb25-4458-a611-a58c66a7e065#2881,"{""id"":""370d8384-bb25-4458-a611-a58c66a7e065#2881"",""num_events"":2713,""data_type"":""passthrough"",""batch_id"":""370d8384-bb25-4458-a611-a58c66a7e065"",""batch_segment"":0,""customer_id"":""lga03"",""sequence_number"":2880,""source_type"":""json"",""target_index"":""""}",11011, , , , , , , , , , , , , , , , , , , , , , , , , , , , , , , , , , , , , , , , , 
microsoft-windows-security-auditing,success audit,logogc,gcsmq0002.global.com,127.0.0.1,MSWinEventLog	1	Security	2131827	Tue May  2 11:02:41 2017	4634	Microsoft-Windows-Security-Auditing	N/A	N/A	Success Audit	gcSMQ0002.global.com	Logogc		N/A	304321383,n/a,"auth,windows",2017-05-02T15:02:43.308Z,50165,172.21.14.21,ms_windows_event-1377334112,210,<14>May  2 11:02:41 gcSMQ0002.global.com ,27946634867,0,0.0.0.0/514/tcp,2b03-681bfce73,11011,gcsmq0002.global.com,2017-05-02T11:02:41.000Z,4634,ms_windows_event,security,370d8384-bb25-4458-a611-a58c66a7e065#2884,"{""id"":""370d8384-bb25-4458-a611-a58c66a7e065#2884"",""num_events"":2713,""data_type"":""passthrough"",""batch_id"":""370d8384-bb25-4458-a611-a58c66a7e065"",""batch_segment"":0,""customer_id"":""lga03"",""sequence_number"":2883,""source_type"":""json"",""target_index"":""""}",11011, , , , , , , , , , , , , , , , , , , , , , , , , , , , , , , , , , , , , , , , , 
microsoft-windows-security-auditing,success audit,logon,gcsmq0601.global.com,127.0.0.1,"MSWinEventLog	1	Security	3425140	Tue May  2 11:02:41 2017	4624	Microsoft-Windows-Security-Auditing	N/A	N/A	Success Audit	gcsmq0601.global.com	Logon		An account was successfully logged on.    Subject:   Security ID:  S-1-0-0   Account Name:  -   Account Domain:  -   Logon ID:  0x0    Logon Type:   3    New Logon:   Security ID:  S-1-5-21-2029550947-1910908428-336986018-38176   Account Name:  COLLT5533$   Account Domain:  globalcom   Logon ID:  0x1b5f59fa   Logon GUID:  {6DD68137-D84E-407F-3EED-7C9BF561990E}    Process Information:   Process ID:  0x0   Process Name:  -    Network Information:   Workstation Name:    Source Network Address: 172.21.215.133   Source Port:  50905    Detailed Authentication Information:   Logon Process:  Kerberos   Authentication Package: Kerberos   Transited Services: -   Package Name (NTLM only): -   Key Length:  0    This event is generated when a logon session is created. It is generated on the computer that was accessed.    The subject fields indicate the account on the local system which requested the logon. This is most commonly a service such as the Server service, or a local process such as Winlogon.exe or Services.exe.    The logon type field indicates the kind of logon that occurred. The most common types are 2 (interactive) and 3 (network).    The New Logon fields indicate the account for whom the new logon was created, i.e. the account that was logged on.    The network fields indicate where a remote logon request originated. Workstation name is not always available and may be left blank in some cases.    The authentication information fields provide detailed information about this specific logon request.   - Logon GUID is a unique identifier that can be used to correlate this event with a KDC event.   - Transited services indicate which intermediate services have participated in this logon request.   - Package name indicates which sub-protocol was used among the NTLM protocols.   - Key length indicates the length of the generated session key. This will be 0 if no session key was requested.	1445130031",an account was successfully logged on,"auth,windows",2017-05-02T15:02:43.493Z,49941,172.21.19.25,ms_windows_event-3795724934,2127,<14>May  2 11:02:41 gcsmq0601.global.com ,27946634902,0,0.0.0.0/514/tcp,2b03-681bfce96,11011,gcsmq0601.global.com,2017-05-02T11:02:41.000Z,4624,ms_windows_event,security,370d8384-bb25-4458-a611-a58c66a7e065#2885,"{""id"":""370d8384-bb25-4458-a611-a58c66a7e065#2885"",""num_events"":2713,""data_type"":""passthrough"",""batch_id"":""370d8384-bb25-4458-a611-a58c66a7e065"",""batch_segment"":0,""customer_id"":""lga03"",""sequence_number"":2884,""source_type"":""json"",""target_index"":""""}",11011,s-1-5-21-2029550947-1910908428-336986018-38176,collt5533$, , ,0x0,-, ,0x1b5f59fa, , , ,globalcom, ,50905,172.21.215.133, , ,private ip address lan,rsv,3,this event is generated when a logon session is created, ,,kerberos,"[""1.1.1521""]", , , , , , , , , , , , , , , , 
microsoft-windows-security-auditing,success audit,logon,gcsmq0601.global.com,127.0.0.1,"MSWinEventLog	1	Security	3425254	Tue May  2 11:02:42 2017	4624	Microsoft-Windows-Security-Auditing	N/A	N/A	Success Audit	gcsmq0601.global.com	Logon		An account was successfully logged on.    Subject:   Security ID:  S-1-0-0   Account Name:  -   Account Domain:  -   Logon ID:  0x0    Logon Type:   3    New Logon:   Security ID:  S-1-5-21-2029550947-1910908428-336986018-38176   Account Name:  COLLT5533$   Account Domain:  globalcom   Logon ID:  0x1b5f736a   Logon GUID:  {6DD68137-D84E-407F-3EED-7C9BF561990E}    Process Information:   Process ID:  0x0   Process Name:  -    Network Information:   Workstation Name:    Source Network Address: 172.21.215.133   Source Port:  50905    Detailed Authentication Information:   Logon Process:  Kerberos   Authentication Package: Kerberos   Transited Services: -   Package Name (NTLM only): -   Key Length:  0    This event is generated when a logon session is created. It is generated on the computer that was accessed.    The subject fields indicate the account on the local system which requested the logon. This is most commonly a service such as the Server service, or a local process such as Winlogon.exe or Services.exe.    The logon type field indicates the kind of logon that occurred. The most common types are 2 (interactive) and 3 (network).    The New Logon fields indicate the account for whom the new logon was created, i.e. the account that was logged on.    The network fields indicate where a remote logon request originated. Workstation name is not always available and may be left blank in some cases.    The authentication information fields provide detailed information about this specific logon request.   - Logon GUID is a unique identifier that can be used to correlate this event with a KDC event.   - Transited services indicate which intermediate services have participated in this logon request.   - Package name indicates which sub-protocol was used among the NTLM protocols.   - Key length indicates the length of the generated session key. This will be 0 if no session key was requested.	1445130145",an account was successfully logged on,"auth,windows",2017-05-02T15:02:43.542Z,49941,172.21.19.25,ms_windows_event-3795724934,2127,<14>May  2 11:02:42 gcsmq0601.global.com ,27946634950,0,0.0.0.0/514/tcp,2b03-681bfcec6,11011,gcsmq0601.global.com,2017-05-02T11:02:42.000Z,4624,ms_windows_event,security,370d8384-bb25-4458-a611-a58c66a7e065#2887,"{""id"":""370d8384-bb25-4458-a611-a58c66a7e065#2887"",""num_events"":2713,""data_type"":""passthrough"",""batch_id"":""370d8384-bb25-4458-a611-a58c66a7e065"",""batch_segment"":0,""customer_id"":""lga03"",""sequence_number"":2886,""source_type"":""json"",""target_index"":""""}",11011,s-1-5-21-2029550947-1910908428-336986018-38176,collt5533$, , ,0x0,-, ,0x1b5f736a, , , ,globalcom, ,50905,172.21.215.133, , ,private ip address lan,rsv,3,this event is generated when a logon session is created, ,,kerberos,"[""1.1.1521""]", , , , , , , , , , , , , , , , 
microsoft-windows-security-auditing,success audit,process creation,gcsmq0602.global.com,127.0.0.1,"MSWinEventLog	1	Security	1160125	Tue May  2 11:02:42 2017	4688	Microsoft-Windows-Security-Auditing	N/A	N/A	Success Audit	gcSMQ0602.global.com	Process Creation		A new process has been created.    Subject:   Security ID:  S-1-5-80-3958276243-2739099675-334681800-2039304502-2384811254   Account Name:  semsrv   Account Domain:  NT SERVICE   Logon ID:  0x3530a    Process Information:   New Process ID:  0x18f8   New Process Name: D:\Program Files (x86)\Symantec\Symantec Endpoint Protection Manager\bin\USNWash.exe   Token Elevation Type: TokenElevationTypeDefault (1)   Creator Process ID: 0xac   Process Command Line:     Token Elevation Type indicates the type of token that was assigned to the new process in accordance with User Account Control policy.    Type 1 is a full token with no privileges removed or groups disabled.  A full token is only used if User Account Control is disabled or if the user is the built-in Administrator account or a service account.    Type 2 is an elevated token with no privileges removed or groups disabled.  An elevated token is used when User Account Control is enabled and the user chooses to start the program using Run as administrator.  An elevated token is also used when an application is configured to always require administrative privilege or to always require maximum privilege, and the user is a member of the Administrators group.    Type 3 is a limited token with administrative privileges removed and administrative groups disabled.  The limited token is used when User Account Control is enabled, the application does not require administrative privilege, and the user does not choose to start the program using Run as administrator.	1210041837",a new process has been created,"auth,windows",2017-05-02T15:02:44.441Z,54131,172.21.25.20,ms_windows_event-3786035194,1745,<14>May  2 11:02:42 gcSMQ0602.global.com ,27946635180,0,0.0.0.0/514/tcp,2b03-681bfcfac,11011,gcsmq0602.global.com,2017-05-02T11:02:42.000Z,4688,ms_windows_event,security,370d8384-bb25-4458-a611-a58c66a7e065#2955,"{""id"":""370d8384-bb25-4458-a611-a58c66a7e065#2955"",""num_events"":2698,""data_type"":""passthrough"",""batch_id"":""370d8384-bb25-4458-a611-a58c66a7e065"",""batch_segment"":0,""customer_id"":""lga03"",""sequence_number"":2954,""source_type"":""json"",""target_index"":""""}",11011, ,semsrv, , ,0x18f8,d:\program files (x86)\symantec\symantec endpoint protection manager\bin\usnwash.exe, ,0x3530a, , ,usnwash.exe,nt, , , , , , , , ,type 1 is a full token with no privileges removed or groups disabled, , , , , ,0xac,token elevation type indicates the type of token that was assigned to the new process in accordance with user account control policy., , , , , , , , , , , , , 
microsoft-windows-security-auditing,success audit,special logon,gcbra0000.global.com,127.0.0.1,MSWinEventLog	1	Security	99045	Tue May  2 12:02:42 2017	4672	Microsoft-Windows-Security-Auditing	N/A	N/A	Success Audit	gcBRA0000.global.com	Special Logon		N/A	19816120,n/a,"auth,windows",2017-05-02T15:02:43.774Z,64485,172.20.36.22,ms_windows_event-3923140098,214,<14>May  2 12:02:42 gcBRA0000.global.com ,6500394445,1,0.0.0.0/514/tcp,2af9-1837425cd,11001,gcbra0000.global.com,2017-05-02T12:02:42.000Z,4672,ms_windows_event,security,90b900ae-b0d5-4e5c-849c-012cb462be82#61,"{""id"":""90b900ae-b0d5-4e5c-849c-012cb462be82#61"",""num_events"":636,""data_type"":""passthrough"",""batch_id"":""90b900ae-b0d5-4e5c-849c-012cb462be82"",""batch_segment"":0,""customer_id"":""lga03"",""sequence_number"":60,""source_type"":""json"",""target_index"":""""}",11001, , , , , , , , , , , , , , , , , , , , , , , , , , , , , , , , , , , , , , , , , 
microsoft-windows-security-auditing,success audit,special logon,gcbra0000.global.com,127.0.0.1,MSWinEventLog	1	Security	99051	Tue May  2 12:02:42 2017	4672	Microsoft-Windows-Security-Auditing	N/A	N/A	Success Audit	gcBRA0000.global.com	Special Logon		N/A	19816126,n/a,"auth,windows",2017-05-02T15:02:43.776Z,64485,172.20.36.22,ms_windows_event-3923140098,214,<14>May  2 12:02:42 gcBRA0000.global.com ,6500394451,1,0.0.0.0/514/tcp,2af9-1837425d3,11001,gcbra0000.global.com,2017-05-02T12:02:42.000Z,4672,ms_windows_event,security,90b900ae-b0d5-4e5c-849c-012cb462be82#62,"{""id"":""90b900ae-b0d5-4e5c-849c-012cb462be82#62"",""num_events"":636,""data_type"":""passthrough"",""batch_id"":""90b900ae-b0d5-4e5c-849c-012cb462be82"",""batch_segment"":0,""customer_id"":""lga03"",""sequence_number"":61,""source_type"":""json"",""target_index"":""""}",11001, , , , , , , , , , , , , , , , , , , , , , , , , , , , , , , , , , , , , , , , , 
microsoft-windows-security-auditing,success audit,other object access events,gcbra0400.global.com,127.0.0.1,MSWinEventLog	1	Security	566820	Tue May  2 12:02:40 2017	4656	Microsoft-Windows-Security-Auditing	N/A	N/A	Success Audit	gcBRA0400.global.com	Other Object Access Events		A handle to an object was requested.    Subject:   Security ID:  S-1-5-18   Account Name:  gcBRA0400$   Account Domain:  globalcom   Logon ID:  0x3e7    Object:   Object Server:  PlugPlayManager   Object Type:  Security   Object Name:  PlugPlaySecurityObject   Handle ID:  0x0    Process Information:   Process ID:  0x2dc   Process Name:  C:\Windows\System32\svchost.exe    Access Request Information:   Transaction ID:  {00000000-0000-0000-0000-000000000000}   Accesses:  Unknown specific access (bit 1)         Access Reasons:  -   Access Mask:  0x2   Privileges Used for Access Check: -   Restricted SID Count: 0	457188697,a handle to an object was requested,"auth,windows",2017-05-02T15:02:43.059Z,50311,172.20.36.23,ms_windows_event-1655484026,846,<14>May  2 12:02:40 gcBRA0400.global.com ,6500394386,1,0.0.0.0/514/tcp,2af9-183742592,11001,gcbra0400.global.com, ,4656,ms_windows_event,security,90b900ae-b0d5-4e5c-849c-012cb462be82#99,"{""id"":""90b900ae-b0d5-4e5c-849c-012cb462be82#99"",""num_events"":636,""data_type"":""passthrough"",""batch_id"":""90b900ae-b0d5-4e5c-849c-012cb462be82"",""batch_segment"":0,""customer_id"":""lga03"",""sequence_number"":98,""source_type"":""json"",""target_index"":""""}",11001,s-1-5-18,gcbra0400$,{00000000-0000-0000-0000-000000000000},plugplaymanager,0x2dc,c:\windows\system32\svchost.exe,-,0x3e7,unknown specific access (bit 1)         access reasons:  -,0,plugplaysecurityobject,globalcom, , , , , , , , , , , , , , , , , , , , , , , , , , , , , 
microsoft-windows-security-auditing,success audit,other object access events,gcbra0400.global.com,127.0.0.1,MSWinEventLog	1	Security	566828	Tue May  2 12:02:40 2017	4656	Microsoft-Windows-Security-Auditing	N/A	N/A	Success Audit	gcBRA0400.global.com	Other Object Access Events		A handle to an object was requested.    Subject:   Security ID:  S-1-5-18   Account Name:  gcBRA0400$   Account Domain:  globalcom   Logon ID:  0x3e7    Object:   Object Server:  PlugPlayManager   Object Type:  Security   Object Name:  PlugPlaySecurityObject   Handle ID:  0x0    Process Information:   Process ID:  0x2dc   Process Name:  C:\Windows\System32\svchost.exe    Access Request Information:   Transaction ID:  {00000000-0000-0000-0000-000000000000}   Accesses:  Unknown specific access (bit 1)         Access Reasons:  -   Access Mask:  0x2   Privileges Used for Access Check: -   Restricted SID Count: 0	457188705,a handle to an object was requested,"auth,windows",2017-05-02T15:02:43.066Z,50311,172.20.36.23,ms_windows_event-1655484026,846,<14>May  2 12:02:40 gcBRA0400.global.com ,6500394394,1,0.0.0.0/514/tcp,2af9-18374259a,11001,gcbra0400.global.com, ,4656,ms_windows_event,security,90b900ae-b0d5-4e5c-849c-012cb462be82#100,"{""id"":""90b900ae-b0d5-4e5c-849c-012cb462be82#100"",""num_events"":636,""data_type"":""passthrough"",""batch_id"":""90b900ae-b0d5-4e5c-849c-012cb462be82"",""batch_segment"":0,""customer_id"":""lga03"",""sequence_number"":99,""source_type"":""json"",""target_index"":""""}",11001,s-1-5-18,gcbra0400$,{00000000-0000-0000-0000-000000000000},plugplaymanager,0x2dc,c:\windows\system32\svchost.exe,-,0x3e7,unknown specific access (bit 1)         access reasons:  -,0,plugplaysecurityobject,globalcom, , , , , , , , , , , , , , , , , , , , , , , , , , , , , 
microsoft-windows-security-auditing,success audit,logon,gcbra0000.global.com,127.0.0.1,MSWinEventLog	1	Security	99058	Tue May  2 12:02:42 2017	4624	Microsoft-Windows-Security-Auditing	N/A	N/A	Success Audit	gcBRA0000.global.com	Logon		N/A	19816133,n/a,"auth,windows",2017-05-02T15:02:43.778Z,64485,172.20.36.22,ms_windows_event-796723568,206,<14>May  2 12:02:42 gcBRA0000.global.com ,6500394458,1,0.0.0.0/514/tcp,2af9-1837425da,11001,gcbra0000.global.com,2017-05-02T12:02:42.000Z,4624,ms_windows_event,security,90b900ae-b0d5-4e5c-849c-012cb462be82#122,"{""id"":""90b900ae-b0d5-4e5c-849c-012cb462be82#122"",""num_events"":636,""data_type"":""passthrough"",""batch_id"":""90b900ae-b0d5-4e5c-849c-012cb462be82"",""batch_segment"":0,""customer_id"":""lga03"",""sequence_number"":121,""source_type"":""json"",""target_index"":""""}",11001, , , , , , , , , , , , , , , , , , , , , , , , , , , , , , , , , , , , , , , , , 
microsoft-windows-security-auditing,success audit,detailed file share,gcbra0400.global.com,127.0.0.1,MSWinEventLog	1	Security	566867	Tue May  2 12:02:43 2017	5145	Microsoft-Windows-Security-Auditing	N/A	N/A	Success Audit	gcBRA0400.global.com	Detailed File Share		A network share object was checked to see whether client can be granted desired access.     Subject:   Security ID:  S-1-5-21-2029550947-1910908428-336986018-27183   Account Name:  gcSMQ0601$   Account Domain:  globalcom   Logon ID:  0x6706309    Network Information:    Object Type:  File   Source Address:  172.21.19.25   Source Port:  58169     Share Information:   Share Name:  \\*\U$   Share Path:  \??\U:\   Relative Target Name: SMS\MP    Access Request Information:   Access Mask:  0x100081   Accesses:  SYNCHRONIZE      ReadData (or ListDirectory)      ReadAttributes        Access Check Results:   -  	457188744,a network share object was checked to see whether client can be granted desired access,"auth,windows",2017-05-02T15:02:44.106Z,50311,172.20.36.23,ms_windows_event-527129100,835,<14>May  2 12:02:43 gcBRA0400.global.com ,6500394484,1,0.0.0.0/514/tcp,2af9-1837425f4,11001,gcbra0400.global.com,2017-05-02T12:02:43.000Z,5145,ms_windows_event,security,90b900ae-b0d5-4e5c-849c-012cb462be82#124,"{""id"":""90b900ae-b0d5-4e5c-849c-012cb462be82#124"",""num_events"":636,""data_type"":""passthrough"",""batch_id"":""90b900ae-b0d5-4e5c-849c-012cb462be82"",""batch_segment"":0,""customer_id"":""lga03"",""sequence_number"":123,""source_type"":""json"",""target_index"":""""}",11001,s-1-5-21-2029550947-1910908428-336986018-27183,gcsmq0601$, , , , , ,0x6706309,synchronize      readdata (or listdirectory)      readattributes, ,\\*\u$,globalcom, ,58169,172.21.19.25, , ,private ip address lan,rsv, , , , , , ,\??\u:\, , , , , , , , , , , , , , , 
microsoft-windows-security-auditing,success audit,other object access events,gcnga0400.global.com,127.0.0.1,MSWinEventLog	1	Security	995085	Tue May  2 16:02:41 2017	4656	Microsoft-Windows-Security-Auditing	N/A	N/A	Success Audit	gcNGA0400.global.com	Other Object Access Events		A handle to an object was requested.    Subject:   Security ID:  S-1-5-18   Account Name:  gcNGA0400$   Account Domain:  globalcom   Logon ID:  0x3e7    Object:   Object Server:  PlugPlayManager   Object Type:  Security   Object Name:  PlugPlaySecurityObject   Handle ID:  0x0    Process Information:   Process ID:  0x2ec   Process Name:  C:\Windows\System32\svchost.exe    Access Request Information:   Transaction ID:  {00000000-0000-0000-0000-000000000000}   Accesses:  Unknown specific access (bit 1)         Access Reasons:  -   Access Mask:  0x2   Privileges Used for Access Check: -   Restricted SID Count: 0	189124665,a handle to an object was requested,"auth,windows",2017-05-02T15:02:44.117Z,52104,172.20.48.23,ms_windows_event-1655484026,846,<14>May  2 16:02:41 gcNGA0400.global.com ,4073159040,1,0.0.0.0/514/tcp,2b01-f2c77980,11009,gcnga0400.global.com, ,4656,ms_windows_event,security,90b900ae-b0d5-4e5c-849c-012cb462be82#128,"{""id"":""90b900ae-b0d5-4e5c-849c-012cb462be82#128"",""num_events"":636,""data_type"":""passthrough"",""batch_id"":""90b900ae-b0d5-4e5c-849c-012cb462be82"",""batch_segment"":0,""customer_id"":""lga03"",""sequence_number"":127,""source_type"":""json"",""target_index"":""""}",11009,s-1-5-18,gcnga0400$,{00000000-0000-0000-0000-000000000000},plugplaymanager,0x2ec,c:\windows\system32\svchost.exe,-,0x3e7,unknown specific access (bit 1)         access reasons:  -,0,plugplaysecurityobject,globalcom, , , , , , , , , , , , , , , , , , , , , , , , , , , , , 
microsoft-windows-security-auditing,success audit,other object access events,gcnga0400.global.com,127.0.0.1,MSWinEventLog	1	Security	995091	Tue May  2 16:02:41 2017	4656	Microsoft-Windows-Security-Auditing	N/A	N/A	Success Audit	gcNGA0400.global.com	Other Object Access Events		A handle to an object was requested.    Subject:   Security ID:  S-1-5-18   Account Name:  gcNGA0400$   Account Domain:  globalcom   Logon ID:  0x3e7    Object:   Object Server:  PlugPlayManager   Object Type:  Security   Object Name:  PlugPlaySecurityObject   Handle ID:  0x0    Process Information:   Process ID:  0x2ec   Process Name:  C:\Windows\System32\svchost.exe    Access Request Information:   Transaction ID:  {00000000-0000-0000-0000-000000000000}   Accesses:  Unknown specific access (bit 1)         Access Reasons:  -   Access Mask:  0x2   Privileges Used for Access Check: -   Restricted SID Count: 0	189124671,a handle to an object was requested,"auth,windows",2017-05-02T15:02:44.121Z,52104,172.20.48.23,ms_windows_event-1655484026,846,<14>May  2 16:02:41 gcNGA0400.global.com ,4073159046,1,0.0.0.0/514/tcp,2b01-f2c77986,11009,gcnga0400.global.com, ,4656,ms_windows_event,security,90b900ae-b0d5-4e5c-849c-012cb462be82#129,"{""id"":""90b900ae-b0d5-4e5c-849c-012cb462be82#129"",""num_events"":636,""data_type"":""passthrough"",""batch_id"":""90b900ae-b0d5-4e5c-849c-012cb462be82"",""batch_segment"":0,""customer_id"":""lga03"",""sequence_number"":128,""source_type"":""json"",""target_index"":""""}",11009,s-1-5-18,gcnga0400$,{00000000-0000-0000-0000-000000000000},plugplaymanager,0x2ec,c:\windows\system32\svchost.exe,-,0x3e7,unknown specific access (bit 1)         access reasons:  -,0,plugplaysecurityobject,globalcom, , , , , , , , , , , , , , , , , , , , , , , , , , , , , 
microsoft-windows-security-auditing,success audit,other object access events,gcnga0400.global.com,127.0.0.1,MSWinEventLog	1	Security	995112	Tue May  2 16:02:41 2017	4656	Microsoft-Windows-Security-Auditing	N/A	N/A	Success Audit	gcNGA0400.global.com	Other Object Access Events		A handle to an object was requested.    Subject:   Security ID:  S-1-5-18   Account Name:  gcNGA0400$   Account Domain:  globalcom   Logon ID:  0x3e7    Object:   Object Server:  PlugPlayManager   Object Type:  Security   Object Name:  PlugPlaySecurityObject   Handle ID:  0x0    Process Information:   Process ID:  0x2ec   Process Name:  C:\Windows\System32\svchost.exe    Access Request Information:   Transaction ID:  {00000000-0000-0000-0000-000000000000}   Accesses:  Unknown specific access (bit 1)         Access Reasons:  -   Access Mask:  0x2   Privileges Used for Access Check: -   Restricted SID Count: 0	189124692,a handle to an object was requested,"auth,windows",2017-05-02T15:02:44.134Z,52104,172.20.48.23,ms_windows_event-1655484026,846,<14>May  2 16:02:41 gcNGA0400.global.com ,4073159067,1,0.0.0.0/514/tcp,2b01-f2c7799b,11009,gcnga0400.global.com, ,4656,ms_windows_event,security,90b900ae-b0d5-4e5c-849c-012cb462be82#132,"{""id"":""90b900ae-b0d5-4e5c-849c-012cb462be82#132"",""num_events"":636,""data_type"":""passthrough"",""batch_id"":""90b900ae-b0d5-4e5c-849c-012cb462be82"",""batch_segment"":0,""customer_id"":""lga03"",""sequence_number"":131,""source_type"":""json"",""target_index"":""""}",11009,s-1-5-18,gcnga0400$,{00000000-0000-0000-0000-000000000000},plugplaymanager,0x2ec,c:\windows\system32\svchost.exe,-,0x3e7,unknown specific access (bit 1)         access reasons:  -,0,plugplaysecurityobject,globalcom, , , , , , , , , , , , , , , , , , , , , , , , , , , , , 
microsoft-windows-security-auditing,success audit,filtering platform connection,gcnga0400.global.com,127.0.0.1,MSWinEventLog	1	Security	995126	Tue May  2 16:02:43 2017	5158	Microsoft-Windows-Security-Auditing	N/A	N/A	Success Audit	gcNGA0400.global.com	Filtering Platform Connection		The Windows Filtering Platform has permitted a bind to a local port.    Application Information:   Process ID:  636   Application Name: \device\harddiskvolume2\windows\system32\lsass.exe    Network Information:   Source Address:  0.0.0.0   Source Port:  62304   Protocol:  6    Filter Information:   Filter Run-Time ID: 0   Layer Name:  Resource Assignment   Layer Run-Time ID: 36	189124706,the windows filtering platform has permitted a bind to a local port,"auth,windows",2017-05-02T15:02:44.141Z,52104,172.20.48.23,ms_windows_event-1072601665,609,<14>May  2 16:02:43 gcNGA0400.global.com ,4073159079,1,0.0.0.0/514/tcp,2b01-f2c779a7,11009,gcnga0400.global.com,2017-05-02T16:02:43.000Z,5158,ms_windows_event,security,90b900ae-b0d5-4e5c-849c-012cb462be82#133,"{""id"":""90b900ae-b0d5-4e5c-849c-012cb462be82#133"",""num_events"":636,""data_type"":""passthrough"",""batch_id"":""90b900ae-b0d5-4e5c-849c-012cb462be82"",""batch_segment"":0,""customer_id"":""lga03"",""sequence_number"":132,""source_type"":""json"",""target_index"":""""}",11009, , , , , , , , , , , , , ,62304,0.0.0.0,6,\device\harddiskvolume2\windows\system32\lsass.exe,broadcast rfc1700,rsv, , , , , , , , , , , , , , , , , , , , , , 
microsoft-windows-security-auditing,success audit,logogc,gcsmq0601.global.com,127.0.0.1,MSWinEventLog	1	Security	3425266	Tue May  2 11:02:43 2017	4634	Microsoft-Windows-Security-Auditing	N/A	N/A	Success Audit	gcsmq0601.global.com	Logogc		An account was logged ogc.    Subject:   Security ID:  S-1-5-21-2029550947-1910908428-336986018-41777   Account Name:  COLLT5532$   Account Domain:  globalcom   Logon ID:  0x1b5f7780    Logon Type:   3    This event is generated when a logon session is destroyed. It may be positively correlated with a logon event using the Logon ID value. Logon IDs are only unique between reboots on the same computer.	1445130157,an account was logged ogc,"auth,windows",2017-05-02T15:02:45.549Z,49941,172.21.19.25,ms_windows_event-3012490973,617,<14>May  2 11:02:43 gcsmq0601.global.com ,27946635565,0,0.0.0.0/514/tcp,2b03-681bfd12d,11011,gcsmq0601.global.com,2017-05-02T11:02:43.000Z,4634,ms_windows_event,security,90b900ae-b0d5-4e5c-849c-012cb462be82#188,"{""id"":""90b900ae-b0d5-4e5c-849c-012cb462be82#188"",""num_events"":636,""data_type"":""passthrough"",""batch_id"":""90b900ae-b0d5-4e5c-849c-012cb462be82"",""batch_segment"":0,""customer_id"":""lga03"",""sequence_number"":187,""source_type"":""json"",""target_index"":""""}",11011,s-1-5-21-2029550947-1910908428-336986018-41777,collt5532$, , , , , ,0x1b5f7780, , , ,globalcom, , , , , , , ,3,this event is generated when a logon session is destroyed, , , , , , , , , , , , , , , , , , , , 
microsoft-windows-security-auditing,success audit,logon,gcsmq0601.global.com,127.0.0.1,"MSWinEventLog	1	Security	3425282	Tue May  2 11:02:44 2017	4624	Microsoft-Windows-Security-Auditing	N/A	N/A	Success Audit	gcsmq0601.global.com	Logon		An account was successfully logged on.    Subject:   Security ID:  S-1-0-0   Account Name:  -   Account Domain:  -   Logon ID:  0x0    Logon Type:   3    New Logon:   Security ID:  S-1-5-21-2029550947-1910908428-336986018-41777   Account Name:  COLLT5532$   Account Domain:  globalcom   Logon ID:  0x1b5f802a   Logon GUID:  {5DB6AAA2-C3DF-B472-FBD1-CDB9A3296BCA}    Process Information:   Process ID:  0x0   Process Name:  -    Network Information:   Workstation Name:    Source Network Address: 172.20.80.133   Source Port:  51052    Detailed Authentication Information:   Logon Process:  Kerberos   Authentication Package: Kerberos   Transited Services: -   Package Name (NTLM only): -   Key Length:  0    This event is generated when a logon session is created. It is generated on the computer that was accessed.    The subject fields indicate the account on the local system which requested the logon. This is most commonly a service such as the Server service, or a local process such as Winlogon.exe or Services.exe.    The logon type field indicates the kind of logon that occurred. The most common types are 2 (interactive) and 3 (network).    The New Logon fields indicate the account for whom the new logon was created, i.e. the account that was logged on.    The network fields indicate where a remote logon request originated. Workstation name is not always available and may be left blank in some cases.    The authentication information fields provide detailed information about this specific logon request.   - Logon GUID is a unique identifier that can be used to correlate this event with a KDC event.   - Transited services indicate which intermediate services have participated in this logon request.   - Package name indicates which sub-protocol was used among the NTLM protocols.   - Key length indicates the length of the generated session key. This will be 0 if no session key was requested.	1445130173",an account was successfully logged on,"auth,windows",2017-05-02T15:02:45.557Z,49941,172.21.19.25,ms_windows_event-3795724934,2126,<14>May  2 11:02:44 gcsmq0601.global.com ,27946635570,0,0.0.0.0/514/tcp,2b03-681bfd132,11011,gcsmq0601.global.com,2017-05-02T11:02:44.000Z,4624,ms_windows_event,security,90b900ae-b0d5-4e5c-849c-012cb462be82#190,"{""id"":""90b900ae-b0d5-4e5c-849c-012cb462be82#190"",""num_events"":636,""data_type"":""passthrough"",""batch_id"":""90b900ae-b0d5-4e5c-849c-012cb462be82"",""batch_segment"":0,""customer_id"":""lga03"",""sequence_number"":189,""source_type"":""json"",""target_index"":""""}",11011,s-1-5-21-2029550947-1910908428-336986018-41777,collt5532$, , ,0x0,-, ,0x1b5f802a, , , ,globalcom, ,51052,172.20.80.133, , ,private ip address lan,rsv,3,this event is generated when a logon session is created, ,,kerberos,"[""1.1.1521""]", , , , , , , , , , , , , , , , 
microsoft-windows-security-auditing,success audit,other object access events,gcbra0400.global.com,127.0.0.1,MSWinEventLog	1	Security	566874	Tue May  2 12:02:45 2017	4656	Microsoft-Windows-Security-Auditing	N/A	N/A	Success Audit	gcBRA0400.global.com	Other Object Access Events		A handle to an object was requested.    Subject:   Security ID:  S-1-5-18   Account Name:  gcBRA0400$   Account Domain:  globalcom   Logon ID:  0x3e7    Object:   Object Server:  PlugPlayManager   Object Type:  Security   Object Name:  PlugPlaySecurityObject   Handle ID:  0x0    Process Information:   Process ID:  0x2dc   Process Name:  C:\Windows\System32\svchost.exe    Access Request Information:   Transaction ID:  {00000000-0000-0000-0000-000000000000}   Accesses:  Unknown specific access (bit 1)         Access Reasons:  -   Access Mask:  0x2   Privileges Used for Access Check: -   Restricted SID Count: 0	457188751,a handle to an object was requested,"auth,windows",2017-05-02T15:02:46.140Z,50311,172.20.36.23,ms_windows_event-1655484026,846,<14>May  2 12:02:45 gcBRA0400.global.com ,6500394557,1,0.0.0.0/514/tcp,2af9-18374263d,11001,gcbra0400.global.com, ,4656,ms_windows_event,security,90b900ae-b0d5-4e5c-849c-012cb462be82#276,"{""id"":""90b900ae-b0d5-4e5c-849c-012cb462be82#276"",""num_events"":615,""data_type"":""passthrough"",""batch_id"":""90b900ae-b0d5-4e5c-849c-012cb462be82"",""batch_segment"":0,""customer_id"":""lga03"",""sequence_number"":275,""source_type"":""json"",""target_index"":""""}",11001,s-1-5-18,gcbra0400$,{00000000-0000-0000-0000-000000000000},plugplaymanager,0x2dc,c:\windows\system32\svchost.exe,-,0x3e7,unknown specific access (bit 1)         access reasons:  -,0,plugplaysecurityobject,globalcom, , , , , , , , , , , , , , , , , , , , , , , , , , , , , 
microsoft-windows-security-auditing,success audit,other object access events,gcbra0400.global.com,127.0.0.1,MSWinEventLog	1	Security	566886	Tue May  2 12:02:45 2017	4656	Microsoft-Windows-Security-Auditing	N/A	N/A	Success Audit	gcBRA0400.global.com	Other Object Access Events		A handle to an object was requested.    Subject:   Security ID:  S-1-5-18   Account Name:  gcBRA0400$   Account Domain:  globalcom   Logon ID:  0x3e7    Object:   Object Server:  PlugPlayManager   Object Type:  Security   Object Name:  PlugPlaySecurityObject   Handle ID:  0x0    Process Information:   Process ID:  0x2dc   Process Name:  C:\Windows\System32\svchost.exe    Access Request Information:   Transaction ID:  {00000000-0000-0000-0000-000000000000}   Accesses:  Unknown specific access (bit 1)         Access Reasons:  -   Access Mask:  0x2   Privileges Used for Access Check: -   Restricted SID Count: 0	457188763,a handle to an object was requested,"auth,windows",2017-05-02T15:02:46.148Z,50311,172.20.36.23,ms_windows_event-1655484026,846,<14>May  2 12:02:45 gcBRA0400.global.com ,6500394573,1,0.0.0.0/514/tcp,2af9-18374264d,11001,gcbra0400.global.com, ,4656,ms_windows_event,security,90b900ae-b0d5-4e5c-849c-012cb462be82#278,"{""id"":""90b900ae-b0d5-4e5c-849c-012cb462be82#278"",""num_events"":615,""data_type"":""passthrough"",""batch_id"":""90b900ae-b0d5-4e5c-849c-012cb462be82"",""batch_segment"":0,""customer_id"":""lga03"",""sequence_number"":277,""source_type"":""json"",""target_index"":""""}",11001,s-1-5-18,gcbra0400$,{00000000-0000-0000-0000-000000000000},plugplaymanager,0x2dc,c:\windows\system32\svchost.exe,-,0x3e7,unknown specific access (bit 1)         access reasons:  -,0,plugplaysecurityobject,globalcom, , , , , , , , , , , , , , , , , , , , , , , , , , , , , 
microsoft-windows-security-auditing,success audit,other object access events,gcbra0400.global.com,127.0.0.1,MSWinEventLog	1	Security	566909	Tue May  2 12:02:46 2017	4656	Microsoft-Windows-Security-Auditing	N/A	N/A	Success Audit	gcBRA0400.global.com	Other Object Access Events		A handle to an object was requested.    Subject:   Security ID:  S-1-5-18   Account Name:  gcBRA0400$   Account Domain:  globalcom   Logon ID:  0x3e7    Object:   Object Server:  PlugPlayManager   Object Type:  Security   Object Name:  PlugPlaySecurityObject   Handle ID:  0x0    Process Information:   Process ID:  0x2dc   Process Name:  C:\Windows\System32\svchost.exe    Access Request Information:   Transaction ID:  {00000000-0000-0000-0000-000000000000}   Accesses:  Unknown specific access (bit 1)         Access Reasons:  -   Access Mask:  0x2   Privileges Used for Access Check: -   Restricted SID Count: 0	457188786,a handle to an object was requested,"auth,windows",2017-05-02T15:02:46.162Z,50311,172.20.36.23,ms_windows_event-1655484026,846,<14>May  2 12:02:46 gcBRA0400.global.com ,6500394596,1,0.0.0.0/514/tcp,2af9-183742664,11001,gcbra0400.global.com, ,4656,ms_windows_event,security,90b900ae-b0d5-4e5c-849c-012cb462be82#281,"{""id"":""90b900ae-b0d5-4e5c-849c-012cb462be82#281"",""num_events"":615,""data_type"":""passthrough"",""batch_id"":""90b900ae-b0d5-4e5c-849c-012cb462be82"",""batch_segment"":0,""customer_id"":""lga03"",""sequence_number"":280,""source_type"":""json"",""target_index"":""""}",11001,s-1-5-18,gcbra0400$,{00000000-0000-0000-0000-000000000000},plugplaymanager,0x2dc,c:\windows\system32\svchost.exe,-,0x3e7,unknown specific access (bit 1)         access reasons:  -,0,plugplaysecurityobject,globalcom, , , , , , , , , , , , , , , , , , , , , , , , , , , , , 
microsoft-windows-security-auditing,success audit,file system,gcegy0400.global.com,127.0.0.1,MSWinEventLog	1	Security	1078977	Tue May  2 17:02:44 2017	4985	Microsoft-Windows-Security-Auditing	N/A	N/A	Success Audit	gcEGY0400.global.com	File System		The state of a transaction has changed.    Subject:   Security ID:  S-1-5-18   Account Name:  gcEGY0400$   Account Domain:  globalcom   Logon ID:  0x3e7    Transaction Information:   RM Transaction ID: {DF9AF9EA-2F2D-11E7-8F3E-0050568759E8}   New State:  56   Resource Manager: {A6D43C60-13D0-11E2-A9E8-005056C00008}    Process Information:   Process ID:  0x3fc   Process Name:  C:\Windows\System32\svchost.exe	169322817,the state of a transaction has changed,"auth,windows",2017-05-02T15:02:46.135Z,62367,172.20.40.23,ms_windows_event-2985790357,627,<14>May  2 17:02:44 gcEGY0400.global.com ,192248986,1,0.0.0.0/514/tcp,2afc-b757c9a,11004,gcegy0400.global.com,2017-05-02T17:02:44.000Z,4985,ms_windows_event,security,90b900ae-b0d5-4e5c-849c-012cb462be82#288,"{""id"":""90b900ae-b0d5-4e5c-849c-012cb462be82#288"",""num_events"":615,""data_type"":""passthrough"",""batch_id"":""90b900ae-b0d5-4e5c-849c-012cb462be82"",""batch_segment"":0,""customer_id"":""lga03"",""sequence_number"":287,""source_type"":""json"",""target_index"":""""}",11004,s-1-5-18,gcegy0400$,{df9af9ea-2f2d-11e7-8f3e-0050568759e8}, ,0x3fc,c:\windows\system32\svchost.exe, ,0x3e7, , , ,globalcom, , , , , , , , , , , , , , , , , , , , , , , , , , , , , 
