microsoft-windows-security-auditing,success audit,logon,gcbra0000.global.com,127.0.0.1,MSWinEventLog	1	Security	99018	Tue May  2 12:02:36 2017	4624	Microsoft-Windows-Security-Auditing	N/A	N/A	Success Audit	gcBRA0000.global.com	Logon		N/A	19816093,n/a,"auth,windows",2017-05-02T15:02:37.711Z,64485,172.20.36.22,ms_windows_event-796723568,206,<14>May  2 12:02:36 gcBRA0000.global.com ,6500393977,1,0.0.0.0/514/tcp,2af9-1837423f9,11001,gcbra0000.global.com,2017-05-02T12:02:36.000Z,4624,ms_windows_event,security,20e261cb-f0d2-48c2-af60-4a17220cd571#1108,"{""id"":""20e261cb-f0d2-48c2-af60-4a17220cd571#1108"",""num_events"":2982,""data_type"":""passthrough"",""batch_id"":""20e261cb-f0d2-48c2-af60-4a17220cd571"",""batch_segment"":0,""customer_id"":""lga03"",""sequence_number"":1107,""source_type"":""json"",""target_index"":""""}",11001, , , , , , , , , , , , , , , , , , , , , , , , , , , , , , , , , , , , , , , , , 
microsoft-windows-security-auditing,success audit,file system,gcegy0400.global.com,127.0.0.1,MSWinEventLog	1	Security	1078883	Tue May  2 17:02:37 2017	4658	Microsoft-Windows-Security-Auditing	N/A	N/A	Success Audit	gcEGY0400.global.com	File System		The handle to an object was closed.    Subject :   Security ID:  S-1-5-18   Account Name:  gcEGY0400$   Account Domain:  globalcom   Logon ID:  0x3e7    Object:   Object Server:  Security   Handle ID:  0x6cc    Process Information:   Process ID:  0x270   Process Name:  C:\Windows\System32\services.exe	169322723,the handle to an object was closed,"auth,windows",2017-05-02T15:02:37.930Z,62367,172.20.40.23,ms_windows_event-259117541,519,<14>May  2 17:02:37 gcEGY0400.global.com ,192248611,1,0.0.0.0/514/tcp,2afc-b757b23,11004,gcegy0400.global.com,2017-05-02T17:02:37.000Z,4658,ms_windows_event,security,20e261cb-f0d2-48c2-af60-4a17220cd571#1125,"{""id"":""20e261cb-f0d2-48c2-af60-4a17220cd571#1125"",""num_events"":2982,""data_type"":""passthrough"",""batch_id"":""20e261cb-f0d2-48c2-af60-4a17220cd571"",""batch_segment"":0,""customer_id"":""lga03"",""sequence_number"":1124,""source_type"":""json"",""target_index"":""""}",11004, ,gcegy0400$, ,security,0x270,c:\windows\system32\services.exe, ,0x3e7, ,1740, ,globalcom, , , , , , , , , , , , , , , , , , , , , , , , , , , , , 
microsoft-windows-security-auditing,success audit,handle manipulation,gcegy0400.global.com,127.0.0.1,MSWinEventLog	1	Security	1078906	Tue May  2 17:02:37 2017	4690	Microsoft-Windows-Security-Auditing	N/A	N/A	Success Audit	gcEGY0400.global.com	Handle Manipulation		An attempt was made to duplicate a handle to an object.    Subject:   Security ID:  S-1-5-18   Account Name:  gcEGY0400$   Account Domain:  globalcom   Logon ID:  0x3e7    Source Handle Information:   Source Handle ID: 0x620   Source Process ID: 0x270    New Handle Information:   Target Handle ID: 0x6cc   Target Process ID: 0x270	169322746,an attempt was made to duplicate a handle to an object,"auth,windows",2017-05-02T15:02:37.943Z,62367,172.20.40.23,ms_windows_event-4170594564,556,<14>May  2 17:02:37 gcEGY0400.global.com ,192248634,1,0.0.0.0/514/tcp,2afc-b757b3a,11004,gcegy0400.global.com,2017-05-02T17:02:37.000Z,4690,ms_windows_event,security,20e261cb-f0d2-48c2-af60-4a17220cd571#1127,"{""id"":""20e261cb-f0d2-48c2-af60-4a17220cd571#1127"",""num_events"":2982,""data_type"":""passthrough"",""batch_id"":""20e261cb-f0d2-48c2-af60-4a17220cd571"",""batch_segment"":0,""customer_id"":""lga03"",""sequence_number"":1126,""source_type"":""json"",""target_index"":""""}",11004,s-1-5-18,gcegy0400$, , ,0x270, , ,0x3e7, ,1568, ,globalcom, , , , , , , , , , , , , , , , , , , , , , , , , , , , , 
microsoft-windows-security-auditing,success audit,file system,gcegy0400.global.com,127.0.0.1,MSWinEventLog	1	Security	1078915	Tue May  2 17:02:37 2017	4658	Microsoft-Windows-Security-Auditing	N/A	N/A	Success Audit	gcEGY0400.global.com	File System		The handle to an object was closed.    Subject :   Security ID:  S-1-5-18   Account Name:  gcEGY0400$   Account Domain:  globalcom   Logon ID:  0x3e7    Object:   Object Server:  Security   Handle ID:  0x6cc    Process Information:   Process ID:  0x270   Process Name:  C:\Windows\System32\services.exe	169322755,the handle to an object was closed,"auth,windows",2017-05-02T15:02:37.948Z,62367,172.20.40.23,ms_windows_event-259117541,519,<14>May  2 17:02:37 gcEGY0400.global.com ,192248643,1,0.0.0.0/514/tcp,2afc-b757b43,11004,gcegy0400.global.com,2017-05-02T17:02:37.000Z,4658,ms_windows_event,security,20e261cb-f0d2-48c2-af60-4a17220cd571#1128,"{""id"":""20e261cb-f0d2-48c2-af60-4a17220cd571#1128"",""num_events"":2982,""data_type"":""passthrough"",""batch_id"":""20e261cb-f0d2-48c2-af60-4a17220cd571"",""batch_segment"":0,""customer_id"":""lga03"",""sequence_number"":1127,""source_type"":""json"",""target_index"":""""}",11004, ,gcegy0400$, ,security,0x270,c:\windows\system32\services.exe, ,0x3e7, ,1740, ,globalcom, , , , , , , , , , , , , , , , , , , , , , , , , , , , , 
microsoft-windows-security-auditing,success audit,special logon,gcegy0400.global.com,127.0.0.1,MSWinEventLog	1	Security	1078930	Tue May  2 17:02:37 2017	4672	Microsoft-Windows-Security-Auditing	N/A	N/A	Success Audit	gcEGY0400.global.com	Special Logon		Special privileges assigned to new logon.    Subject:   Security ID:  S-1-5-18   Account Name:  SYSTEM   Account Domain:  NT AUTHORITY   Logon ID:  0x3e7    Privileges:  SeAssignPrimaryTokenPrivilege     SeTcbPrivilege     SeSecurityPrivilege     SeTakeOwnershipPrivilege     SeLoadDriverPrivilege     SeBackupPrivilege     SeRestorePrivilege     SeDebugPrivilege     SeAuditPrivilege     SeSystemEnvironmentPrivilege     SeImpersonatePrivilege	169322770,special privileges assigned to new logon,"auth,windows",2017-05-02T15:02:38.004Z,62367,172.20.40.23,ms_windows_event-2006199550,658,<14>May  2 17:02:37 gcEGY0400.global.com ,192248659,1,0.0.0.0/514/tcp,2afc-b757b53,11004,gcegy0400.global.com, ,4672,ms_windows_event,security,20e261cb-f0d2-48c2-af60-4a17220cd571#1129,"{""id"":""20e261cb-f0d2-48c2-af60-4a17220cd571#1129"",""num_events"":2982,""data_type"":""passthrough"",""batch_id"":""20e261cb-f0d2-48c2-af60-4a17220cd571"",""batch_segment"":0,""customer_id"":""lga03"",""sequence_number"":1128,""source_type"":""json"",""target_index"":""""}",11004,s-1-5-18,system , , , , ,seassignprimarytokenprivilege     setcbprivilege     sesecurityprivilege     setakeownershipprivilege     seloaddriverprivilege     sebackupprivilege     serestoreprivilege     sedebugprivilege     seauditprivilege     sesystemenvironmentprivilege     seimpersonateprivilege,0x3e7, , , ,nt authority, , , , , , , , , , , , , , , , , , , , , , , , , , , , , 
microsoft-windows-security-auditing,success audit,logogc,gcsmq0601.global.com,127.0.0.1,MSWinEventLog	1	Security	3425037	Tue May  2 11:02:37 2017	4634	Microsoft-Windows-Security-Auditing	N/A	N/A	Success Audit	gcsmq0601.global.com	Logogc		An account was logged ogc.    Subject:   Security ID:  S-1-5-21-2029550947-1910908428-336986018-41777   Account Name:  COLLT5532$   Account Domain:  globalcom   Logon ID:  0x1b5f3c36    Logon Type:   3    This event is generated when a logon session is destroyed. It may be positively correlated with a logon event using the Logon ID value. Logon IDs are only unique between reboots on the same computer.	1445129928,an account was logged ogc,"auth,windows",2017-05-02T15:02:39.339Z,49941,172.21.19.25,ms_windows_event-3012490973,617,<14>May  2 11:02:37 gcsmq0601.global.com ,27946633264,0,0.0.0.0/514/tcp,2b03-681bfc830,11011,gcsmq0601.global.com,2017-05-02T11:02:37.000Z,4634,ms_windows_event,security,20e261cb-f0d2-48c2-af60-4a17220cd571#1165,"{""id"":""20e261cb-f0d2-48c2-af60-4a17220cd571#1165"",""num_events"":2982,""data_type"":""passthrough"",""batch_id"":""20e261cb-f0d2-48c2-af60-4a17220cd571"",""batch_segment"":0,""customer_id"":""lga03"",""sequence_number"":1164,""source_type"":""json"",""target_index"":""""}",11011,s-1-5-21-2029550947-1910908428-336986018-41777,collt5532$, , , , , ,0x1b5f3c36, , , ,globalcom, , , , , , , ,3,this event is generated when a logon session is destroyed, , , , , , , , , , , , , , , , , , , , 
microsoft-windows-security-auditing,success audit,logon,gcsmq0601.global.com,127.0.0.1,"MSWinEventLog	1	Security	3425054	Tue May  2 11:02:39 2017	4624	Microsoft-Windows-Security-Auditing	N/A	N/A	Success Audit	gcsmq0601.global.com	Logon		An account was successfully logged on.    Subject:   Security ID:  S-1-0-0   Account Name:  -   Account Domain:  -   Logon ID:  0x0    Logon Type:   3    New Logon:   Security ID:  S-1-5-21-2029550947-1910908428-336986018-38176   Account Name:  COLLT5533$   Account Domain:  globalcom   Logon ID:  0x1b5f3f4c   Logon GUID:  {6DD68137-D84E-407F-3EED-7C9BF561990E}    Process Information:   Process ID:  0x0   Process Name:  -    Network Information:   Workstation Name:    Source Network Address: 172.21.215.133   Source Port:  50905    Detailed Authentication Information:   Logon Process:  Kerberos   Authentication Package: Kerberos   Transited Services: -   Package Name (NTLM only): -   Key Length:  0    This event is generated when a logon session is created. It is generated on the computer that was accessed.    The subject fields indicate the account on the local system which requested the logon. This is most commonly a service such as the Server service, or a local process such as Winlogon.exe or Services.exe.    The logon type field indicates the kind of logon that occurred. The most common types are 2 (interactive) and 3 (network).    The New Logon fields indicate the account for whom the new logon was created, i.e. the account that was logged on.    The network fields indicate where a remote logon request originated. Workstation name is not always available and may be left blank in some cases.    The authentication information fields provide detailed information about this specific logon request.   - Logon GUID is a unique identifier that can be used to correlate this event with a KDC event.   - Transited services indicate which intermediate services have participated in this logon request.   - Package name indicates which sub-protocol was used among the NTLM protocols.   - Key length indicates the length of the generated session key. This will be 0 if no session key was requested.	1445129945",an account was successfully logged on,"auth,windows",2017-05-02T15:02:39.344Z,49941,172.21.19.25,ms_windows_event-3795724934,2127,<14>May  2 11:02:39 gcsmq0601.global.com ,27946633272,0,0.0.0.0/514/tcp,2b03-681bfc838,11011,gcsmq0601.global.com,2017-05-02T11:02:39.000Z,4624,ms_windows_event,security,20e261cb-f0d2-48c2-af60-4a17220cd571#1167,"{""id"":""20e261cb-f0d2-48c2-af60-4a17220cd571#1167"",""num_events"":2982,""data_type"":""passthrough"",""batch_id"":""20e261cb-f0d2-48c2-af60-4a17220cd571"",""batch_segment"":0,""customer_id"":""lga03"",""sequence_number"":1166,""source_type"":""json"",""target_index"":""""}",11011,s-1-5-21-2029550947-1910908428-336986018-38176,collt5533$, , ,0x0,-, ,0x1b5f3f4c, , , ,globalcom, ,50905,172.21.215.133, , ,private ip address lan,rsv,3,this event is generated when a logon session is created, ,,kerberos,"[""1.1.1521""]", , , , , , , , , , , , , , , , 
microsoft-windows-security-auditing,success audit,logon,gcsmq0000.global.com,127.0.0.1,MSWinEventLog	1	Security	1629903	Tue May  2 11:02:38 2017	4624	Microsoft-Windows-Security-Auditing	N/A	N/A	Success Audit	gcSMQ0000.global.com	Logon		N/A	186394992,n/a,"auth,windows",2017-05-02T15:02:39.615Z,51131,172.21.14.20,ms_windows_event-796723568,209,<14>May  2 11:02:38 gcSMQ0000.global.com ,27946633276,0,0.0.0.0/514/tcp,2b03-681bfc83c,11011,gcsmq0000.global.com,2017-05-02T11:02:38.000Z,4624,ms_windows_event,security,20e261cb-f0d2-48c2-af60-4a17220cd571#1168,"{""id"":""20e261cb-f0d2-48c2-af60-4a17220cd571#1168"",""num_events"":2982,""data_type"":""passthrough"",""batch_id"":""20e261cb-f0d2-48c2-af60-4a17220cd571"",""batch_segment"":0,""customer_id"":""lga03"",""sequence_number"":1167,""source_type"":""json"",""target_index"":""""}",11011, , , , , , , , , , , , , , , , , , , , , , , , , , , , , , , , , , , , , , , , , 
microsoft-windows-security-auditing,failure audit,kerberos service ticket operations,gcsmq0000.global.com,127.0.0.1,MSWinEventLog	3	Security	1629912	Tue May  2 11:02:39 2017	4769	Microsoft-Windows-Security-Auditing	N/A	N/A	Failure Audit	gcSMQ0000.global.com	Kerberos Service Ticket Operations		N/A	186395001,n/a,"auth,windows",2017-05-02T15:02:39.618Z,51131,172.21.14.20,ms_windows_event-2408821607,238,<11>May  2 11:02:39 gcSMQ0000.global.com ,27946633285,0,0.0.0.0/514/tcp,2b03-681bfc845,11011,gcsmq0000.global.com,2017-05-02T11:02:39.000Z,4769,ms_windows_event,security,20e261cb-f0d2-48c2-af60-4a17220cd571#1170,"{""id"":""20e261cb-f0d2-48c2-af60-4a17220cd571#1170"",""num_events"":2982,""data_type"":""passthrough"",""batch_id"":""20e261cb-f0d2-48c2-af60-4a17220cd571"",""batch_segment"":0,""customer_id"":""lga03"",""sequence_number"":1169,""source_type"":""json"",""target_index"":""""}",11011, , , , , , , , , , , , , , , , , , , , , , , , , , , , , , , , , , , , , , , , , 
microsoft-windows-security-auditing,success audit,directory service replication,gcsmq0000.global.com,127.0.0.1,MSWinEventLog	1	Security	1629905	Tue May  2 11:02:39 2017	4933	Microsoft-Windows-Security-Auditing	N/A	N/A	Success Audit	gcSMQ0000.global.com	Directory Service Replication		N/A	186394994,n/a,"auth,windows",2017-05-02T15:02:39.615Z,51131,172.21.14.20,ms_windows_event-452129318,233,<14>May  2 11:02:39 gcSMQ0000.global.com ,27946633278,0,0.0.0.0/514/tcp,2b03-681bfc83e,11011,gcsmq0000.global.com,2017-05-02T11:02:39.000Z,4933,ms_windows_event,security,20e261cb-f0d2-48c2-af60-4a17220cd571#1191,"{""id"":""20e261cb-f0d2-48c2-af60-4a17220cd571#1191"",""num_events"":2982,""data_type"":""passthrough"",""batch_id"":""20e261cb-f0d2-48c2-af60-4a17220cd571"",""batch_segment"":0,""customer_id"":""lga03"",""sequence_number"":1190,""source_type"":""json"",""target_index"":""""}",11011, , , , , , , , , , , , , , , , , , , , , , , , , , , , , , , , , , , , , , , , , 
microsoft-windows-security-auditing,failure audit,kerberos service ticket operations,gcsmq0000.global.com,127.0.0.1,MSWinEventLog	3	Security	1629908	Tue May  2 11:02:39 2017	4769	Microsoft-Windows-Security-Auditing	N/A	N/A	Failure Audit	gcSMQ0000.global.com	Kerberos Service Ticket Operations		N/A	186394997,n/a,"auth,windows",2017-05-02T15:02:39.617Z,51131,172.21.14.20,ms_windows_event-2408821607,238,<11>May  2 11:02:39 gcSMQ0000.global.com ,27946633281,0,0.0.0.0/514/tcp,2b03-681bfc841,11011,gcsmq0000.global.com,2017-05-02T11:02:39.000Z,4769,ms_windows_event,security,20e261cb-f0d2-48c2-af60-4a17220cd571#1192,"{""id"":""20e261cb-f0d2-48c2-af60-4a17220cd571#1192"",""num_events"":2982,""data_type"":""passthrough"",""batch_id"":""20e261cb-f0d2-48c2-af60-4a17220cd571"",""batch_segment"":0,""customer_id"":""lga03"",""sequence_number"":1191,""source_type"":""json"",""target_index"":""""}",11011, , , , , , , , , , , , , , , , , , , , , , , , , , , , , , , , , , , , , , , , , 
microsoft-windows-security-auditing,failure audit,kerberos service ticket operations,gcsmq0000.global.com,127.0.0.1,MSWinEventLog	3	Security	1629911	Tue May  2 11:02:39 2017	4769	Microsoft-Windows-Security-Auditing	N/A	N/A	Failure Audit	gcSMQ0000.global.com	Kerberos Service Ticket Operations		N/A	186395000,n/a,"auth,windows",2017-05-02T15:02:39.617Z,51131,172.21.14.20,ms_windows_event-2408821607,238,<11>May  2 11:02:39 gcSMQ0000.global.com ,27946633284,0,0.0.0.0/514/tcp,2b03-681bfc844,11011,gcsmq0000.global.com,2017-05-02T11:02:39.000Z,4769,ms_windows_event,security,20e261cb-f0d2-48c2-af60-4a17220cd571#1193,"{""id"":""20e261cb-f0d2-48c2-af60-4a17220cd571#1193"",""num_events"":2982,""data_type"":""passthrough"",""batch_id"":""20e261cb-f0d2-48c2-af60-4a17220cd571"",""batch_segment"":0,""customer_id"":""lga03"",""sequence_number"":1192,""source_type"":""json"",""target_index"":""""}",11011, , , , , , , , , , , , , , , , , , , , , , , , , , , , , , , , , , , , , , , , , 
microsoft-windows-security-auditing,success audit,logogc,gcsmq0002.global.com,127.0.0.1,MSWinEventLog	1	Security	2131776	Tue May  2 11:02:39 2017	4634	Microsoft-Windows-Security-Auditing	N/A	N/A	Success Audit	gcSMQ0002.global.com	Logogc		N/A	304321332,n/a,"auth,windows",2017-05-02T15:02:40.284Z,50165,172.21.14.21,ms_windows_event-1377334112,210,<14>May  2 11:02:39 gcSMQ0002.global.com ,27946633570,0,0.0.0.0/514/tcp,2b03-681bfc962,11011,gcsmq0002.global.com,2017-05-02T11:02:39.000Z,4634,ms_windows_event,security,20e261cb-f0d2-48c2-af60-4a17220cd571#1279,"{""id"":""20e261cb-f0d2-48c2-af60-4a17220cd571#1279"",""num_events"":2982,""data_type"":""passthrough"",""batch_id"":""20e261cb-f0d2-48c2-af60-4a17220cd571"",""batch_segment"":0,""customer_id"":""lga03"",""sequence_number"":1278,""source_type"":""json"",""target_index"":""""}",11011, , , , , , , , , , , , , , , , , , , , , , , , , , , , , , , , , , , , , , , , , 
microsoft-windows-security-auditing,success audit,logon,gcsmq0002.global.com,127.0.0.1,MSWinEventLog	1	Security	2131779	Tue May  2 11:02:39 2017	4624	Microsoft-Windows-Security-Auditing	N/A	N/A	Success Audit	gcSMQ0002.global.com	Logon		N/A	304321335,n/a,"auth,windows",2017-05-02T15:02:40.285Z,50165,172.21.14.21,ms_windows_event-796723568,209,<14>May  2 11:02:39 gcSMQ0002.global.com ,27946633573,0,0.0.0.0/514/tcp,2b03-681bfc965,11011,gcsmq0002.global.com,2017-05-02T11:02:39.000Z,4624,ms_windows_event,security,20e261cb-f0d2-48c2-af60-4a17220cd571#1280,"{""id"":""20e261cb-f0d2-48c2-af60-4a17220cd571#1280"",""num_events"":2982,""data_type"":""passthrough"",""batch_id"":""20e261cb-f0d2-48c2-af60-4a17220cd571"",""batch_segment"":0,""customer_id"":""lga03"",""sequence_number"":1279,""source_type"":""json"",""target_index"":""""}",11011, , , , , , , , , , , , , , , , , , , , , , , , , , , , , , , , , , , , , , , , , 
microsoft-windows-security-auditing,success audit,n/a,gcsmq0002.global.com,127.0.0.1,MSWinEventLog	1	Security	2131791	Tue May  2 11:02:40 2017	4662	Microsoft-Windows-Security-Auditing	N/A	N/A	Success Audit	gcSMQ0002.global.com	N/A		N/A	304321347,n/a,"auth,windows",2017-05-02T15:02:40.290Z,50165,172.21.14.21,ms_windows_event-2494768146,207,<14>May  2 11:02:40 gcSMQ0002.global.com ,27946633587,0,0.0.0.0/514/tcp,2b03-681bfc973,11011,gcsmq0002.global.com,2017-05-02T11:02:40.000Z,4662,ms_windows_event,security,20e261cb-f0d2-48c2-af60-4a17220cd571#1284,"{""id"":""20e261cb-f0d2-48c2-af60-4a17220cd571#1284"",""num_events"":2982,""data_type"":""passthrough"",""batch_id"":""20e261cb-f0d2-48c2-af60-4a17220cd571"",""batch_segment"":0,""customer_id"":""lga03"",""sequence_number"":1283,""source_type"":""json"",""target_index"":""""}",11011, , , , , , , , , , , , , , , , , , , , , , , , , , , , , , , , , , , , , , , , , 
microsoft-windows-security-auditing,success audit,logogc,gcbrw0000.global.com,127.0.0.1,MSWinEventLog	1	Security	796256	Tue May  2 11:02:37 2017	4634	Microsoft-Windows-Security-Auditing	N/A	N/A	Success Audit	gcBRW0000.global.com	Logogc		An account was logged ogc.    Subject:   Security ID:  S-1-5-21-2029550947-1910908428-336986018-39703   Account Name:  NYCLT5367C$   Account Domain:  globalcom   Logon ID:  0x9F809DA    Logon Type:   3    This event is generated when a logon session is destroyed. It may be positively correlated with a logon event using the Logon ID value. Logon IDs are only unique between reboots on the same computer.	64590965,an account was logged ogc,"auth,windows",2017-05-02T15:04:35.826Z,54837,172.24.19.20,ms_windows_event-3012490973,614,<14>May  2 11:02:37 gcBRW0000.global.com ,3969012591,1,0.0.0.0/514/tcp,2b04-ec92536f,11012,gcbrw0000.global.com,2017-05-02T11:02:37.000Z,4634,ms_windows_event,security,20e261cb-f0d2-48c2-af60-4a17220cd571#1295,"{""id"":""20e261cb-f0d2-48c2-af60-4a17220cd571#1295"",""num_events"":2982,""data_type"":""passthrough"",""batch_id"":""20e261cb-f0d2-48c2-af60-4a17220cd571"",""batch_segment"":0,""customer_id"":""lga03"",""sequence_number"":1294,""source_type"":""json"",""target_index"":""""}",11012,s-1-5-21-2029550947-1910908428-336986018-39703,nyclt5367c$, , , , , ,0x9f809da, , , ,globalcom, , , , , , , ,3,this event is generated when a logon session is destroyed, , , , , , , , , , , , , , , , , , , , 
xtia,information,n/a,gcgcp0500.global.com,127.0.0.1,MSWinEventLog	1	Application	390415	Tue May  2 11:02:36 2017	0	xTIA	N/A	N/A	Information	gcgcp0500.global.com	N/A		 >> Process integration xTIA SourceSystem 9 >> 	47950016,>> process integration xtia sourcesystem 9 >>,"auth,windows",2017-05-02T15:02:36.655Z,60470,172.25.0.7,ms_windows_event-3053450971,216,<14>May  2 11:02:36 gcgcp0500.global.com ,27946632871,0,0.0.0.0/514/tcp,2b03-681bfc6a7,11011,gcgcp0500.global.com,2017-05-02T11:02:36.000Z,0,ms_windows_event,application,20e261cb-f0d2-48c2-af60-4a17220cd571#1623,"{""id"":""20e261cb-f0d2-48c2-af60-4a17220cd571#1623"",""num_events"":2980,""data_type"":""passthrough"",""batch_id"":""20e261cb-f0d2-48c2-af60-4a17220cd571"",""batch_segment"":0,""customer_id"":""lga03"",""sequence_number"":1622,""source_type"":""json"",""target_index"":""""}",11011, , , , , , , , , , , , , , , , , , , , , , , , , , , , , , , , , , , , , , , , , 
microsoft-windows-security-auditing,success audit,kerberos service ticket operations,gcnyc-60-010.global.com,127.0.0.1,MSWinEventLog	1	Security	1354629	Tue May  2 11:02:35 2017	4769	Microsoft-Windows-Security-Auditing	N/A	N/A	Success Audit	gcNYC-60-010.global.com	Kerberos Service Ticket Operations		N/A	153578609,n/a,"auth,windows",2017-05-02T15:02:36.923Z,59147,172.21.14.26,ms_windows_event-2408821607,244,<14>May  2 11:02:35 gcNYC-60-010.global.com ,27946632875,0,0.0.0.0/514/tcp,2b03-681bfc6ab,11011,gcnyc-60-010.global.com,2017-05-02T11:02:35.000Z,4769,ms_windows_event,security,20e261cb-f0d2-48c2-af60-4a17220cd571#1624,"{""id"":""20e261cb-f0d2-48c2-af60-4a17220cd571#1624"",""num_events"":2980,""data_type"":""passthrough"",""batch_id"":""20e261cb-f0d2-48c2-af60-4a17220cd571"",""batch_segment"":0,""customer_id"":""lga03"",""sequence_number"":1623,""source_type"":""json"",""target_index"":""""}",11011, , , , , , , , , , , , , , , , , , , , , , , , , , , , , , , , , , , , , , , , , 
microsoft-windows-security-auditing,success audit,logogc,gcsmq0002.global.com,127.0.0.1,MSWinEventLog	1	Security	2131761	Tue May  2 11:02:39 2017	4634	Microsoft-Windows-Security-Auditing	N/A	N/A	Success Audit	gcSMQ0002.global.com	Logogc		N/A	304321317,n/a,"auth,windows",2017-05-02T15:02:40.277Z,50165,172.21.14.21,ms_windows_event-1377334112,210,<14>May  2 11:02:39 gcSMQ0002.global.com ,27946633555,0,0.0.0.0/514/tcp,2b03-681bfc953,11011,gcsmq0002.global.com,2017-05-02T11:02:39.000Z,4634,ms_windows_event,security,20e261cb-f0d2-48c2-af60-4a17220cd571#1656,"{""id"":""20e261cb-f0d2-48c2-af60-4a17220cd571#1656"",""num_events"":2980,""data_type"":""passthrough"",""batch_id"":""20e261cb-f0d2-48c2-af60-4a17220cd571"",""batch_segment"":0,""customer_id"":""lga03"",""sequence_number"":1655,""source_type"":""json"",""target_index"":""""}",11011, , , , , , , , , , , , , , , , , , , , , , , , , , , , , , , , , , , , , , , , , 
microsoft-windows-security-auditing,success audit,logon,gcsmq0002.global.com,127.0.0.1,MSWinEventLog	1	Security	2131765	Tue May  2 11:02:39 2017	4624	Microsoft-Windows-Security-Auditing	N/A	N/A	Success Audit	gcSMQ0002.global.com	Logon		N/A	304321321,n/a,"auth,windows",2017-05-02T15:02:40.278Z,50165,172.21.14.21,ms_windows_event-796723568,209,<14>May  2 11:02:39 gcSMQ0002.global.com ,27946633559,0,0.0.0.0/514/tcp,2b03-681bfc957,11011,gcsmq0002.global.com,2017-05-02T11:02:39.000Z,4624,ms_windows_event,security,20e261cb-f0d2-48c2-af60-4a17220cd571#1657,"{""id"":""20e261cb-f0d2-48c2-af60-4a17220cd571#1657"",""num_events"":2980,""data_type"":""passthrough"",""batch_id"":""20e261cb-f0d2-48c2-af60-4a17220cd571"",""batch_segment"":0,""customer_id"":""lga03"",""sequence_number"":1656,""source_type"":""json"",""target_index"":""""}",11011, , , , , , , , , , , , , , , , , , , , , , , , , , , , , , , , , , , , , , , , , 
microsoft-windows-security-auditing,success audit,logon,gcsmq0002.global.com,127.0.0.1,MSWinEventLog	1	Security	2131769	Tue May  2 11:02:39 2017	4624	Microsoft-Windows-Security-Auditing	N/A	N/A	Success Audit	gcSMQ0002.global.com	Logon		N/A	304321325,n/a,"auth,windows",2017-05-02T15:02:40.280Z,50165,172.21.14.21,ms_windows_event-796723568,209,<14>May  2 11:02:39 gcSMQ0002.global.com ,27946633563,0,0.0.0.0/514/tcp,2b03-681bfc95b,11011,gcsmq0002.global.com,2017-05-02T11:02:39.000Z,4624,ms_windows_event,security,20e261cb-f0d2-48c2-af60-4a17220cd571#1658,"{""id"":""20e261cb-f0d2-48c2-af60-4a17220cd571#1658"",""num_events"":2980,""data_type"":""passthrough"",""batch_id"":""20e261cb-f0d2-48c2-af60-4a17220cd571"",""batch_segment"":0,""customer_id"":""lga03"",""sequence_number"":1657,""source_type"":""json"",""target_index"":""""}",11011, , , , , , , , , , , , , , , , , , , , , , , , , , , , , , , , , , , , , , , , , 
microsoft-windows-security-auditing,success audit,logon,gcsmq0002.global.com,127.0.0.1,MSWinEventLog	1	Security	2131773	Tue May  2 11:02:39 2017	4624	Microsoft-Windows-Security-Auditing	N/A	N/A	Success Audit	gcSMQ0002.global.com	Logon		N/A	304321329,n/a,"auth,windows",2017-05-02T15:02:40.284Z,50165,172.21.14.21,ms_windows_event-796723568,209,<14>May  2 11:02:39 gcSMQ0002.global.com ,27946633567,0,0.0.0.0/514/tcp,2b03-681bfc95f,11011,gcsmq0002.global.com,2017-05-02T11:02:39.000Z,4624,ms_windows_event,security,20e261cb-f0d2-48c2-af60-4a17220cd571#1659,"{""id"":""20e261cb-f0d2-48c2-af60-4a17220cd571#1659"",""num_events"":2980,""data_type"":""passthrough"",""batch_id"":""20e261cb-f0d2-48c2-af60-4a17220cd571"",""batch_segment"":0,""customer_id"":""lga03"",""sequence_number"":1658,""source_type"":""json"",""target_index"":""""}",11011, , , , , , , , , , , , , , , , , , , , , , , , , , , , , , , , , , , , , , , , , 
microsoft-windows-security-auditing,success audit,logon,gcsmq0002.global.com,127.0.0.1,MSWinEventLog	1	Security	2131780	Tue May  2 11:02:39 2017	4624	Microsoft-Windows-Security-Auditing	N/A	N/A	Success Audit	gcSMQ0002.global.com	Logon		N/A	304321336,n/a,"auth,windows",2017-05-02T15:02:40.285Z,50165,172.21.14.21,ms_windows_event-796723568,209,<14>May  2 11:02:39 gcSMQ0002.global.com ,27946633574,0,0.0.0.0/514/tcp,2b03-681bfc966,11011,gcsmq0002.global.com,2017-05-02T11:02:39.000Z,4624,ms_windows_event,security,20e261cb-f0d2-48c2-af60-4a17220cd571#1660,"{""id"":""20e261cb-f0d2-48c2-af60-4a17220cd571#1660"",""num_events"":2980,""data_type"":""passthrough"",""batch_id"":""20e261cb-f0d2-48c2-af60-4a17220cd571"",""batch_segment"":0,""customer_id"":""lga03"",""sequence_number"":1659,""source_type"":""json"",""target_index"":""""}",11011, , , , , , , , , , , , , , , , , , , , , , , , , , , , , , , , , , , , , , , , , 
microsoft-windows-security-auditing,success audit,other object access events,gcegy0400.global.com,127.0.0.1,MSWinEventLog	1	Security	1078934	Tue May  2 17:02:38 2017	4656	Microsoft-Windows-Security-Auditing	N/A	N/A	Success Audit	gcEGY0400.global.com	Other Object Access Events		A handle to an object was requested.    Subject:   Security ID:  S-1-5-18   Account Name:  gcEGY0400$   Account Domain:  globalcom   Logon ID:  0x3e7    Object:   Object Server:  PlugPlayManager   Object Type:  Security   Object Name:  PlugPlaySecurityObject   Handle ID:  0x0    Process Information:   Process ID:  0x2e8   Process Name:  C:\Windows\System32\svchost.exe    Access Request Information:   Transaction ID:  {00000000-0000-0000-0000-000000000000}   Accesses:  Unknown specific access (bit 1)         Access Reasons:  -   Access Mask:  0x2   Privileges Used for Access Check: -   Restricted SID Count: 0	169322774,a handle to an object was requested,"auth,windows",2017-05-02T15:02:40.031Z,62367,172.20.40.23,ms_windows_event-1655484026,847,<14>May  2 17:02:38 gcEGY0400.global.com ,192248701,1,0.0.0.0/514/tcp,2afc-b757b7d,11004,gcegy0400.global.com, ,4656,ms_windows_event,security,20e261cb-f0d2-48c2-af60-4a17220cd571#1679,"{""id"":""20e261cb-f0d2-48c2-af60-4a17220cd571#1679"",""num_events"":2980,""data_type"":""passthrough"",""batch_id"":""20e261cb-f0d2-48c2-af60-4a17220cd571"",""batch_segment"":0,""customer_id"":""lga03"",""sequence_number"":1678,""source_type"":""json"",""target_index"":""""}",11004,s-1-5-18,gcegy0400$,{00000000-0000-0000-0000-000000000000},plugplaymanager,0x2e8,c:\windows\system32\svchost.exe,-,0x3e7,unknown specific access (bit 1)         access reasons:  -,0,plugplaysecurityobject,globalcom, , , , , , , , , , , , , , , , , , , , , , , , , , , , , 
microsoft-windows-security-auditing,success audit,logogc,gcsmq0002.global.com,127.0.0.1,MSWinEventLog	1	Security	2131696	Tue May  2 11:02:36 2017	4634	Microsoft-Windows-Security-Auditing	N/A	N/A	Success Audit	gcSMQ0002.global.com	Logogc		N/A	304321253,n/a,"auth,windows",2017-05-02T15:02:37.246Z,50165,172.21.14.21,ms_windows_event-1377334112,210,<14>May  2 11:02:36 gcSMQ0002.global.com ,27946632915,0,0.0.0.0/514/tcp,2b03-681bfc6d3,11011,gcsmq0002.global.com,2017-05-02T11:02:36.000Z,4634,ms_windows_event,security,20e261cb-f0d2-48c2-af60-4a17220cd571#1847,"{""id"":""20e261cb-f0d2-48c2-af60-4a17220cd571#1847"",""num_events"":2930,""data_type"":""passthrough"",""batch_id"":""20e261cb-f0d2-48c2-af60-4a17220cd571"",""batch_segment"":0,""customer_id"":""lga03"",""sequence_number"":1846,""source_type"":""json"",""target_index"":""""}",11011, , , , , , , , , , , , , , , , , , , , , , , , , , , , , , , , , , , , , , , , , 
microsoft-windows-security-auditing,success audit,logon,gcsmq0002.global.com,127.0.0.1,MSWinEventLog	1	Security	2131700	Tue May  2 11:02:36 2017	4624	Microsoft-Windows-Security-Auditing	N/A	N/A	Success Audit	gcSMQ0002.global.com	Logon		N/A	304321257,n/a,"auth,windows",2017-05-02T15:02:37.248Z,50165,172.21.14.21,ms_windows_event-796723568,209,<14>May  2 11:02:36 gcSMQ0002.global.com ,27946632919,0,0.0.0.0/514/tcp,2b03-681bfc6d7,11011,gcsmq0002.global.com,2017-05-02T11:02:36.000Z,4624,ms_windows_event,security,20e261cb-f0d2-48c2-af60-4a17220cd571#1848,"{""id"":""20e261cb-f0d2-48c2-af60-4a17220cd571#1848"",""num_events"":2930,""data_type"":""passthrough"",""batch_id"":""20e261cb-f0d2-48c2-af60-4a17220cd571"",""batch_segment"":0,""customer_id"":""lga03"",""sequence_number"":1847,""source_type"":""json"",""target_index"":""""}",11011, , , , , , , , , , , , , , , , , , , , , , , , , , , , , , , , , , , , , , , , , 
microsoft-windows-security-auditing,success audit,logon,gcsmq0002.global.com,127.0.0.1,MSWinEventLog	1	Security	2131736	Tue May  2 11:02:38 2017	4624	Microsoft-Windows-Security-Auditing	N/A	N/A	Success Audit	gcSMQ0002.global.com	Logon		N/A	304321292,n/a,"auth,windows",2017-05-02T15:02:39.262Z,50165,172.21.14.21,ms_windows_event-796723568,209,<14>May  2 11:02:38 gcSMQ0002.global.com ,27946633238,0,0.0.0.0/514/tcp,2b03-681bfc816,11011,gcsmq0002.global.com,2017-05-02T11:02:38.000Z,4624,ms_windows_event,security,20e261cb-f0d2-48c2-af60-4a17220cd571#1946,"{""id"":""20e261cb-f0d2-48c2-af60-4a17220cd571#1946"",""num_events"":2890,""data_type"":""passthrough"",""batch_id"":""20e261cb-f0d2-48c2-af60-4a17220cd571"",""batch_segment"":0,""customer_id"":""lga03"",""sequence_number"":1945,""source_type"":""json"",""target_index"":""""}",11011, , , , , , , , , , , , , , , , , , , , , , , , , , , , , , , , , , , , , , , , , 
microsoft-windows-security-auditing,success audit,special logon,gcsmq0601.global.com,127.0.0.1,MSWinEventLog	1	Security	3424982	Tue May  2 11:02:36 2017	4672	Microsoft-Windows-Security-Auditing	N/A	N/A	Success Audit	gcsmq0601.global.com	Special Logon		Special privileges assigned to new logon.    Subject:   Security ID:  S-1-5-21-2029550947-1910908428-336986018-41777   Account Name:  COLLT5532$   Account Domain:  globalcom   Logon ID:  0x1b5f2ac3    Privileges:  SeTcbPrivilege	1445129873,special privileges assigned to new logon,"auth,windows",2017-05-02T15:02:37.317Z,49941,172.21.19.25,ms_windows_event-2006199550,448,<14>May  2 11:02:36 gcsmq0601.global.com ,27946632927,0,0.0.0.0/514/tcp,2b03-681bfc6df,11011,gcsmq0601.global.com, ,4672,ms_windows_event,security,20e261cb-f0d2-48c2-af60-4a17220cd571#1999,"{""id"":""20e261cb-f0d2-48c2-af60-4a17220cd571#1999"",""num_events"":2866,""data_type"":""passthrough"",""batch_id"":""20e261cb-f0d2-48c2-af60-4a17220cd571"",""batch_segment"":0,""customer_id"":""lga03"",""sequence_number"":1998,""source_type"":""json"",""target_index"":""""}",11011,s-1-5-21-2029550947-1910908428-336986018-41777,collt5532$ , , , , ,setcbprivilege,0x1b5f2ac3, , , ,globalcom, , , , , , , , , , , , , , , , , , , , , , , , , , , , , 
microsoft-windows-security-auditing,failure audit,kerberos service ticket operations,gcsmq0000.global.com,127.0.0.1,MSWinEventLog	3	Security	1629855	Tue May  2 11:02:36 2017	4769	Microsoft-Windows-Security-Auditing	N/A	N/A	Failure Audit	gcSMQ0000.global.com	Kerberos Service Ticket Operations		N/A	186394944,n/a,"auth,windows",2017-05-02T15:02:37.616Z,51131,172.21.14.20,ms_windows_event-2408821607,238,<11>May  2 11:02:36 gcSMQ0000.global.com ,27946632951,0,0.0.0.0/514/tcp,2b03-681bfc6f7,11011,gcsmq0000.global.com,2017-05-02T11:02:36.000Z,4769,ms_windows_event,security,20e261cb-f0d2-48c2-af60-4a17220cd571#2005,"{""id"":""20e261cb-f0d2-48c2-af60-4a17220cd571#2005"",""num_events"":2866,""data_type"":""passthrough"",""batch_id"":""20e261cb-f0d2-48c2-af60-4a17220cd571"",""batch_segment"":0,""customer_id"":""lga03"",""sequence_number"":2004,""source_type"":""json"",""target_index"":""""}",11011, , , , , , , , , , , , , , , , , , , , , , , , , , , , , , , , , , , , , , , , , 
microsoft-windows-security-auditing,failure audit,kerberos service ticket operations,gcsmq0000.global.com,127.0.0.1,MSWinEventLog	3	Security	1629859	Tue May  2 11:02:36 2017	4769	Microsoft-Windows-Security-Auditing	N/A	N/A	Failure Audit	gcSMQ0000.global.com	Kerberos Service Ticket Operations		N/A	186394948,n/a,"auth,windows",2017-05-02T15:02:37.617Z,51131,172.21.14.20,ms_windows_event-2408821607,238,<11>May  2 11:02:36 gcSMQ0000.global.com ,27946632955,0,0.0.0.0/514/tcp,2b03-681bfc6fb,11011,gcsmq0000.global.com,2017-05-02T11:02:36.000Z,4769,ms_windows_event,security,20e261cb-f0d2-48c2-af60-4a17220cd571#2006,"{""id"":""20e261cb-f0d2-48c2-af60-4a17220cd571#2006"",""num_events"":2866,""data_type"":""passthrough"",""batch_id"":""20e261cb-f0d2-48c2-af60-4a17220cd571"",""batch_segment"":0,""customer_id"":""lga03"",""sequence_number"":2005,""source_type"":""json"",""target_index"":""""}",11011, , , , , , , , , , , , , , , , , , , , , , , , , , , , , , , , , , , , , , , , , 
microsoft-windows-security-auditing,success audit,kerberos service ticket operations,gcsmq0000.global.com,127.0.0.1,MSWinEventLog	1	Security	1629862	Tue May  2 11:02:36 2017	4769	Microsoft-Windows-Security-Auditing	N/A	N/A	Success Audit	gcSMQ0000.global.com	Kerberos Service Ticket Operations		N/A	186394951,n/a,"auth,windows",2017-05-02T15:02:37.618Z,51131,172.21.14.20,ms_windows_event-2408821607,238,<14>May  2 11:02:36 gcSMQ0000.global.com ,27946632958,0,0.0.0.0/514/tcp,2b03-681bfc6fe,11011,gcsmq0000.global.com,2017-05-02T11:02:36.000Z,4769,ms_windows_event,security,20e261cb-f0d2-48c2-af60-4a17220cd571#2007,"{""id"":""20e261cb-f0d2-48c2-af60-4a17220cd571#2007"",""num_events"":2866,""data_type"":""passthrough"",""batch_id"":""20e261cb-f0d2-48c2-af60-4a17220cd571"",""batch_segment"":0,""customer_id"":""lga03"",""sequence_number"":2006,""source_type"":""json"",""target_index"":""""}",11011, , , , , , , , , , , , , , , , , , , , , , , , , , , , , , , , , , , , , , , , , 
microsoft-windows-security-auditing,failure audit,kerberos service ticket operations,gcsmq0000.global.com,127.0.0.1,MSWinEventLog	3	Security	1629870	Tue May  2 11:02:37 2017	4769	Microsoft-Windows-Security-Auditing	N/A	N/A	Failure Audit	gcSMQ0000.global.com	Kerberos Service Ticket Operations		N/A	186394959,n/a,"auth,windows",2017-05-02T15:02:37.620Z,51131,172.21.14.20,ms_windows_event-2408821607,238,<11>May  2 11:02:37 gcSMQ0000.global.com ,27946632966,0,0.0.0.0/514/tcp,2b03-681bfc706,11011,gcsmq0000.global.com,2017-05-02T11:02:37.000Z,4769,ms_windows_event,security,20e261cb-f0d2-48c2-af60-4a17220cd571#2009,"{""id"":""20e261cb-f0d2-48c2-af60-4a17220cd571#2009"",""num_events"":2866,""data_type"":""passthrough"",""batch_id"":""20e261cb-f0d2-48c2-af60-4a17220cd571"",""batch_segment"":0,""customer_id"":""lga03"",""sequence_number"":2008,""source_type"":""json"",""target_index"":""""}",11011, , , , , , , , , , , , , , , , , , , , , , , , , , , , , , , , , , , , , , , , , 
microsoft-windows-security-auditing,success audit,kerberos service ticket operations,gcsmq0000.global.com,127.0.0.1,MSWinEventLog	1	Security	1629875	Tue May  2 11:02:37 2017	4769	Microsoft-Windows-Security-Auditing	N/A	N/A	Success Audit	gcSMQ0000.global.com	Kerberos Service Ticket Operations		N/A	186394964,n/a,"auth,windows",2017-05-02T15:02:37.622Z,51131,172.21.14.20,ms_windows_event-2408821607,238,<14>May  2 11:02:37 gcSMQ0000.global.com ,27946632971,0,0.0.0.0/514/tcp,2b03-681bfc70b,11011,gcsmq0000.global.com,2017-05-02T11:02:37.000Z,4769,ms_windows_event,security,20e261cb-f0d2-48c2-af60-4a17220cd571#2010,"{""id"":""20e261cb-f0d2-48c2-af60-4a17220cd571#2010"",""num_events"":2866,""data_type"":""passthrough"",""batch_id"":""20e261cb-f0d2-48c2-af60-4a17220cd571"",""batch_segment"":0,""customer_id"":""lga03"",""sequence_number"":2009,""source_type"":""json"",""target_index"":""""}",11011, , , , , , , , , , , , , , , , , , , , , , , , , , , , , , , , , , , , , , , , , 
microsoft-windows-security-auditing,failure audit,kerberos service ticket operations,gcsmq0000.global.com,127.0.0.1,MSWinEventLog	3	Security	1629852	Tue May  2 11:02:36 2017	4769	Microsoft-Windows-Security-Auditing	N/A	N/A	Failure Audit	gcSMQ0000.global.com	Kerberos Service Ticket Operations		N/A	186394941,n/a,"auth,windows",2017-05-02T15:02:37.615Z,51131,172.21.14.20,ms_windows_event-2408821607,238,<11>May  2 11:02:36 gcSMQ0000.global.com ,27946632948,0,0.0.0.0/514/tcp,2b03-681bfc6f4,11011,gcsmq0000.global.com,2017-05-02T11:02:36.000Z,4769,ms_windows_event,security,20e261cb-f0d2-48c2-af60-4a17220cd571#2048,"{""id"":""20e261cb-f0d2-48c2-af60-4a17220cd571#2048"",""num_events"":2866,""data_type"":""passthrough"",""batch_id"":""20e261cb-f0d2-48c2-af60-4a17220cd571"",""batch_segment"":0,""customer_id"":""lga03"",""sequence_number"":2047,""source_type"":""json"",""target_index"":""""}",11011, , , , , , , , , , , , , , , , , , , , , , , , , , , , , , , , , , , , , , , , , 
microsoft-windows-security-auditing,success audit,kerberos service ticket operations,gcsmq0002.global.com,127.0.0.1,MSWinEventLog	1	Security	2131749	Tue May  2 11:02:38 2017	4769	Microsoft-Windows-Security-Auditing	N/A	N/A	Success Audit	gcSMQ0002.global.com	Kerberos Service Ticket Operations		N/A	304321305,n/a,"auth,windows",2017-05-02T15:02:39.268Z,50165,172.21.14.21,ms_windows_event-2408821607,238,<14>May  2 11:02:38 gcSMQ0002.global.com ,27946633251,0,0.0.0.0/514/tcp,2b03-681bfc823,11011,gcsmq0002.global.com,2017-05-02T11:02:38.000Z,4769,ms_windows_event,security,20e261cb-f0d2-48c2-af60-4a17220cd571#2100,"{""id"":""20e261cb-f0d2-48c2-af60-4a17220cd571#2100"",""num_events"":2853,""data_type"":""passthrough"",""batch_id"":""20e261cb-f0d2-48c2-af60-4a17220cd571"",""batch_segment"":0,""customer_id"":""lga03"",""sequence_number"":2099,""source_type"":""json"",""target_index"":""""}",11011, , , , , , , , , , , , , , , , , , , , , , , , , , , , , , , , , , , , , , , , , 
microsoft-windows-bits-client,information,n/a,gcgcp0546.global.com,127.0.0.1,MSWinEventLog	1	Microsoft-Windows-Bits-Client/Operational	23832	Tue May  2 11:02:40 2017	4	Microsoft-Windows-Bits-Client	SYSTEM	User	Information	gcgcp0546.global.com	N/A		The transfer job is complete.  User: NT AUTHORITY\SYSTEM  Transfer job: CCMDTS Job  Job ID: {E38C08B4-265B-415C-8B04-A425637CED9C}  Owner: NT AUTHORITY\SYSTEM  File count: 1	13501,the transfer job is complete,"auth,windows",2017-05-02T15:02:41.177Z,61243,172.25.0.13,ms_windows_event-1184036217,397,<14>May  2 11:02:40 gcgcp0546.global.com ,27946633722,0,0.0.0.0/514/tcp,2b03-681bfc9fa,11011,gcgcp0546.global.com,2017-05-02T11:02:40.000Z,4,ms_windows_event,microsoft-windows-bits-client/operational,20e261cb-f0d2-48c2-af60-4a17220cd571#2197,"{""id"":""20e261cb-f0d2-48c2-af60-4a17220cd571#2197"",""num_events"":2852,""data_type"":""passthrough"",""batch_id"":""20e261cb-f0d2-48c2-af60-4a17220cd571"",""batch_segment"":0,""customer_id"":""lga03"",""sequence_number"":2196,""source_type"":""json"",""target_index"":""""}",11011, , , , , , , , , , , , , , , , , , , , , , , , , , , , , , , , , , , , , , , , , 
microsoft-windows-security-auditing,success audit,kerberos service ticket operations,gcsmq0000.global.com,127.0.0.1,MSWinEventLog	1	Security	1629856	Tue May  2 11:02:36 2017	4769	Microsoft-Windows-Security-Auditing	N/A	N/A	Success Audit	gcSMQ0000.global.com	Kerberos Service Ticket Operations		N/A	186394945,n/a,"auth,windows",2017-05-02T15:02:37.616Z,51131,172.21.14.20,ms_windows_event-2408821607,238,<14>May  2 11:02:36 gcSMQ0000.global.com ,27946632952,0,0.0.0.0/514/tcp,2b03-681bfc6f8,11011,gcsmq0000.global.com,2017-05-02T11:02:36.000Z,4769,ms_windows_event,security,20e261cb-f0d2-48c2-af60-4a17220cd571#2199,"{""id"":""20e261cb-f0d2-48c2-af60-4a17220cd571#2199"",""num_events"":2852,""data_type"":""passthrough"",""batch_id"":""20e261cb-f0d2-48c2-af60-4a17220cd571"",""batch_segment"":0,""customer_id"":""lga03"",""sequence_number"":2198,""source_type"":""json"",""target_index"":""""}",11011, , , , , , , , , , , , , , , , , , , , , , , , , , , , , , , , , , , , , , , , , 
microsoft-windows-security-auditing,failure audit,kerberos service ticket operations,gcsmq0000.global.com,127.0.0.1,MSWinEventLog	3	Security	1629865	Tue May  2 11:02:36 2017	4769	Microsoft-Windows-Security-Auditing	N/A	N/A	Failure Audit	gcSMQ0000.global.com	Kerberos Service Ticket Operations		N/A	186394954,n/a,"auth,windows",2017-05-02T15:02:37.619Z,51131,172.21.14.20,ms_windows_event-2408821607,238,<11>May  2 11:02:36 gcSMQ0000.global.com ,27946632961,0,0.0.0.0/514/tcp,2b03-681bfc701,11011,gcsmq0000.global.com,2017-05-02T11:02:36.000Z,4769,ms_windows_event,security,20e261cb-f0d2-48c2-af60-4a17220cd571#2201,"{""id"":""20e261cb-f0d2-48c2-af60-4a17220cd571#2201"",""num_events"":2852,""data_type"":""passthrough"",""batch_id"":""20e261cb-f0d2-48c2-af60-4a17220cd571"",""batch_segment"":0,""customer_id"":""lga03"",""sequence_number"":2200,""source_type"":""json"",""target_index"":""""}",11011, , , , , , , , , , , , , , , , , , , , , , , , , , , , , , , , , , , , , , , , , 
microsoft-windows-security-auditing,success audit,kerberos service ticket operations,gcsmq0000.global.com,127.0.0.1,MSWinEventLog	1	Security	1629873	Tue May  2 11:02:37 2017	4769	Microsoft-Windows-Security-Auditing	N/A	N/A	Success Audit	gcSMQ0000.global.com	Kerberos Service Ticket Operations		N/A	186394962,n/a,"auth,windows",2017-05-02T15:02:37.622Z,51131,172.21.14.20,ms_windows_event-2408821607,238,<14>May  2 11:02:37 gcSMQ0000.global.com ,27946632969,0,0.0.0.0/514/tcp,2b03-681bfc709,11011,gcsmq0000.global.com,2017-05-02T11:02:37.000Z,4769,ms_windows_event,security,20e261cb-f0d2-48c2-af60-4a17220cd571#2203,"{""id"":""20e261cb-f0d2-48c2-af60-4a17220cd571#2203"",""num_events"":2852,""data_type"":""passthrough"",""batch_id"":""20e261cb-f0d2-48c2-af60-4a17220cd571"",""batch_segment"":0,""customer_id"":""lga03"",""sequence_number"":2202,""source_type"":""json"",""target_index"":""""}",11011, , , , , , , , , , , , , , , , , , , , , , , , , , , , , , , , , , , , , , , , , 
microsoft-windows-security-auditing,failure audit,kerberos service ticket operations,gcsmq0000.global.com,127.0.0.1,MSWinEventLog	3	Security	1629876	Tue May  2 11:02:37 2017	4769	Microsoft-Windows-Security-Auditing	N/A	N/A	Failure Audit	gcSMQ0000.global.com	Kerberos Service Ticket Operations		N/A	186394965,n/a,"auth,windows",2017-05-02T15:02:37.623Z,51131,172.21.14.20,ms_windows_event-2408821607,238,<11>May  2 11:02:37 gcSMQ0000.global.com ,27946632972,0,0.0.0.0/514/tcp,2b03-681bfc70c,11011,gcsmq0000.global.com,2017-05-02T11:02:37.000Z,4769,ms_windows_event,security,20e261cb-f0d2-48c2-af60-4a17220cd571#2204,"{""id"":""20e261cb-f0d2-48c2-af60-4a17220cd571#2204"",""num_events"":2852,""data_type"":""passthrough"",""batch_id"":""20e261cb-f0d2-48c2-af60-4a17220cd571"",""batch_segment"":0,""customer_id"":""lga03"",""sequence_number"":2203,""source_type"":""json"",""target_index"":""""}",11011, , , , , , , , , , , , , , , , , , , , , , , , , , , , , , , , , , , , , , , , , 
microsoft-windows-security-auditing,success audit,sam,gcegy0400.global.com,127.0.0.1,MSWinEventLog	1	Security	1078946	Tue May  2 17:02:39 2017	4656	Microsoft-Windows-Security-Auditing	N/A	N/A	Success Audit	gcEGY0400.global.com	SAM		A handle to an object was requested.    Subject:   Security ID:  S-1-5-18   Account Name:  gcEGY0400$   Account Domain:  globalcom   Logon ID:  0x3e7    Object:   Object Server:  Security Account Manager   Object Type:  SAM_USER   Object Name:  DOMAINS\Account\Users\000001F5   Handle ID:  0x22115e0    Process Information:   Process ID:  0x27c   Process Name:  C:\Windows\System32\lsass.exe    Access Request Information:   Transaction ID:  {00000000-0000-0000-0000-000000000000}   Accesses:  DELETE      READ_CONTROL      WRITE_DAC      WRITE_OWNER      ReadGeneralInformation      ReadPreferences      WritePreferences      ReadLogon      ReadAccount      WriteAccount      ChangePassword (with knowledge of old password)      SetPassword (without knowledge of old password)      ListGroups      ReadGroupMembership      ChangeGroupMembership         Access Reasons:  -   Access Mask:  0xf07gc   Privileges Used for Access Check: -   Restricted SID Count: 0	169322786,a handle to an object was requested,"auth,windows",2017-05-02T15:02:40.039Z,62367,172.20.40.23,ms_windows_event-1655484026,1169,<14>May  2 17:02:39 gcEGY0400.global.com ,192248709,1,0.0.0.0/514/tcp,2afc-b757b85,11004,gcegy0400.global.com, ,4656,ms_windows_event,security,20e261cb-f0d2-48c2-af60-4a17220cd571#2308,"{""id"":""20e261cb-f0d2-48c2-af60-4a17220cd571#2308"",""num_events"":2852,""data_type"":""passthrough"",""batch_id"":""20e261cb-f0d2-48c2-af60-4a17220cd571"",""batch_segment"":0,""customer_id"":""lga03"",""sequence_number"":2307,""source_type"":""json"",""target_index"":""""}",11004,s-1-5-18,gcegy0400$,{00000000-0000-0000-0000-000000000000},security account manager,0x27c,c:\windows\system32\lsass.exe,-,0x3e7,delete      read_control      write_dac      write_owner      readgeneralinformation      readpreferences      writepreferences      readlogon      readaccount      writeaccount      changepassword (with knowledge of old password)      setpassword (without knowledge of old password)      listgroups      readgroupmembership      changegroupmembership         access reasons:  -,35722720,domains\account\users\000001f5,globalcom, , , , , , , , , , , , , , , , , , , , , , , , , , , , , 
microsoft-windows-security-auditing,success audit,logogc,gcsmq0002.global.com,127.0.0.1,MSWinEventLog	1	Security	2131801	Tue May  2 11:02:40 2017	4634	Microsoft-Windows-Security-Auditing	N/A	N/A	Success Audit	gcSMQ0002.global.com	Logogc		N/A	304321357,n/a,"auth,windows",2017-05-02T15:02:41.295Z,50165,172.21.14.21,ms_windows_event-1377334112,210,<14>May  2 11:02:40 gcSMQ0002.global.com ,27946633730,0,0.0.0.0/514/tcp,2b03-681bfca02,11011,gcsmq0002.global.com,2017-05-02T11:02:40.000Z,4634,ms_windows_event,security,20e261cb-f0d2-48c2-af60-4a17220cd571#2349,"{""id"":""20e261cb-f0d2-48c2-af60-4a17220cd571#2349"",""num_events"":2851,""data_type"":""passthrough"",""batch_id"":""20e261cb-f0d2-48c2-af60-4a17220cd571"",""batch_segment"":0,""customer_id"":""lga03"",""sequence_number"":2348,""source_type"":""json"",""target_index"":""""}",11011, , , , , , , , , , , , , , , , , , , , , , , , , , , , , , , , , , , , , , , , , 
microsoft-windows-security-auditing,success audit,credential validation,gcsmq0002.global.com,127.0.0.1,MSWinEventLog	1	Security	2131813	Tue May  2 11:02:41 2017	4776	Microsoft-Windows-Security-Auditing	N/A	N/A	Success Audit	gcSMQ0002.global.com	Credential Validation		N/A	304321369,n/a,"auth,windows",2017-05-02T15:02:41.300Z,50165,172.21.14.21,ms_windows_event-2768218977,225,<14>May  2 11:02:41 gcSMQ0002.global.com ,27946633742,0,0.0.0.0/514/tcp,2b03-681bfca0e,11011,gcsmq0002.global.com,2017-05-02T11:02:41.000Z,4776,ms_windows_event,security,20e261cb-f0d2-48c2-af60-4a17220cd571#2352,"{""id"":""20e261cb-f0d2-48c2-af60-4a17220cd571#2352"",""num_events"":2851,""data_type"":""passthrough"",""batch_id"":""20e261cb-f0d2-48c2-af60-4a17220cd571"",""batch_segment"":0,""customer_id"":""lga03"",""sequence_number"":2351,""source_type"":""json"",""target_index"":""""}",11011, , , , , , , , , , , , , , , , , , , , , , , , , , , , , , , , , , , , , , , , , 
