microsoft-windows-security-auditing,success audit,logon,gcbrw0000.global.com,127.0.0.1,"MSWinEventLog	1	Security	796294	Tue May  2 11:02:43 2017	4624	Microsoft-Windows-Security-Auditing	N/A	N/A	Success Audit	gcBRW0000.global.com	Logon		An account was successfully logged on.    Subject:   Security ID:  S-1-0-0   Account Name:  -   Account Domain:  -   Logon ID:  0x0    Logon Type:   3    Impersonation Level:  Impersonation    New Logon:   Security ID:  S-1-5-21-2029550947-1910908428-336986018-33071   Account Name:  NYCWS4883$   Account Domain:  globalcom   Logon ID:  0x9F81CFB   Logon GUID:  {73E53349-4DC3-D80A-5C33-A2CE5705BCEA}    Process Information:   Process ID:  0x0   Process Name:  -    Network Information:   Workstation Name:    Source Network Address: 172.24.3.207   Source Port:  55696    Detailed Authentication Information:   Logon Process:  Kerberos   Authentication Package: Kerberos   Transited Services: -   Package Name (NTLM only): -   Key Length:  0    This event is generated when a logon session is created. It is generated on the computer that was accessed.    The subject fields indicate the account on the local system which requested the logon. This is most commonly a service such as the Server service, or a local process such as Winlogon.exe or Services.exe.    The logon type field indicates the kind of logon that occurred. The most common types are 2 (interactive) and 3 (network).    The New Logon fields indicate the account for whom the new logon was created, i.e. the account that was logged on.    The network fields indicate where a remote logon request originated. Workstation name is not always available and may be left blank in some cases.    The impersonation level field indicates the extent to which a process in the logon session can impersonate.    The authentication information fields provide detailed information about this specific logon request.   - Logon GUID is a unique identifier that can be used to correlate this event with a KDC event.   - Transited services indicate which intermediate services have participated in this logon request.   - Package name indicates which sub-protocol was used among the NTLM protocols.   - Key length indicates the length of the generated session key. This will be 0 if no session key was requested.	64591003",an account was successfully logged on,"auth,windows",2017-05-02T15:04:41.821Z,54837,172.24.19.20,ms_windows_event-3795724934,2271,<14>May  2 11:02:43 gcBRW0000.global.com ,3969016781,1,0.0.0.0/514/tcp,2b04-ec9263cd,11012,gcbrw0000.global.com,2017-05-02T11:02:43.000Z,4624,ms_windows_event,security,9b86e025-c25e-4888-8e5f-1476e850455a#1055,"{""id"":""9b86e025-c25e-4888-8e5f-1476e850455a#1055"",""num_events"":2863,""data_type"":""passthrough"",""batch_id"":""9b86e025-c25e-4888-8e5f-1476e850455a"",""batch_segment"":0,""customer_id"":""lga03"",""sequence_number"":1054,""source_type"":""json"",""target_index"":""""}",11012,s-1-5-21-2029550947-1910908428-336986018-33071,nycws4883$, , ,0x0,-, ,0x9f81cfb, , , ,globalcom, ,55696,172.24.3.207, , ,private ip address lan,rsv,3,this event is generated when a logon session is created, ,,kerberos,"[""1.1.1521""]", , , , , , , , , , , , , , , , 
microsoft-windows-security-auditing,success audit,logogc,gcbra0000.global.com,127.0.0.1,MSWinEventLog	1	Security	99034	Tue May  2 12:02:36 2017	4634	Microsoft-Windows-Security-Auditing	N/A	N/A	Success Audit	gcBRA0000.global.com	Logogc		N/A	19816109,n/a,"auth,windows",2017-05-02T15:02:37.718Z,64485,172.20.36.22,ms_windows_event-1377334112,207,<14>May  2 12:02:36 gcBRA0000.global.com ,6500393993,1,0.0.0.0/514/tcp,2af9-183742409,11001,gcbra0000.global.com,2017-05-02T12:02:36.000Z,4634,ms_windows_event,security,9b86e025-c25e-4888-8e5f-1476e850455a#1141,"{""id"":""9b86e025-c25e-4888-8e5f-1476e850455a#1141"",""num_events"":2822,""data_type"":""passthrough"",""batch_id"":""9b86e025-c25e-4888-8e5f-1476e850455a"",""batch_segment"":0,""customer_id"":""lga03"",""sequence_number"":1140,""source_type"":""json"",""target_index"":""""}",11001, , , , , , , , , , , , , , , , , , , , , , , , , , , , , , , , , , , , , , , , , 
microsoft-windows-security-auditing,success audit,other object access events,gcegy0400.global.com,127.0.0.1,MSWinEventLog	1	Security	1078864	Tue May  2 17:02:37 2017	4658	Microsoft-Windows-Security-Auditing	N/A	N/A	Success Audit	gcEGY0400.global.com	Other Object Access Events		The handle to an object was closed.    Subject :   Security ID:  S-1-5-18   Account Name:  gcEGY0400$   Account Domain:  globalcom   Logon ID:  0x3e7    Object:   Object Server:  Security Account Manager   Handle ID:  0x1d73fc0    Process Information:   Process ID:  0x27c   Process Name:  C:\Windows\System32\lsass.exe	169322704,the handle to an object was closed,"auth,windows",2017-05-02T15:02:37.918Z,62367,172.20.40.23,ms_windows_event-259117541,551,<14>May  2 17:02:37 gcEGY0400.global.com ,192248592,1,0.0.0.0/514/tcp,2afc-b757b10,11004,gcegy0400.global.com,2017-05-02T17:02:37.000Z,4658,ms_windows_event,security,9b86e025-c25e-4888-8e5f-1476e850455a#1149,"{""id"":""9b86e025-c25e-4888-8e5f-1476e850455a#1149"",""num_events"":2822,""data_type"":""passthrough"",""batch_id"":""9b86e025-c25e-4888-8e5f-1476e850455a"",""batch_segment"":0,""customer_id"":""lga03"",""sequence_number"":1148,""source_type"":""json"",""target_index"":""""}",11004, ,gcegy0400$, ,security account manager,0x27c,c:\windows\system32\lsass.exe, ,0x3e7, ,30883776, ,globalcom, , , , , , , , , , , , , , , , , , , , , , , , , , , , , 
microsoft-windows-security-auditing,success audit,logogc,gcbrw0000.global.com,127.0.0.1,MSWinEventLog	1	Security	796297	Tue May  2 11:02:43 2017	4634	Microsoft-Windows-Security-Auditing	N/A	N/A	Success Audit	gcBRW0000.global.com	Logogc		An account was logged ogc.    Subject:   Security ID:  S-1-5-21-2029550947-1910908428-336986018-41745   Account Name:  NYCLT5395$   Account Domain:  globalcom   Logon ID:  0x9F81D28    Logon Type:   3    This event is generated when a logon session is destroyed. It may be positively correlated with a logon event using the Logon ID value. Logon IDs are only unique between reboots on the same computer.	64591006,an account was logged ogc,"auth,windows",2017-05-02T15:04:41.823Z,54837,172.24.19.20,ms_windows_event-3012490973,613,<14>May  2 11:02:43 gcBRW0000.global.com ,3969016784,1,0.0.0.0/514/tcp,2b04-ec9263d0,11012,gcbrw0000.global.com,2017-05-02T11:02:43.000Z,4634,ms_windows_event,security,9b86e025-c25e-4888-8e5f-1476e850455a#1200,"{""id"":""9b86e025-c25e-4888-8e5f-1476e850455a#1200"",""num_events"":2822,""data_type"":""passthrough"",""batch_id"":""9b86e025-c25e-4888-8e5f-1476e850455a"",""batch_segment"":0,""customer_id"":""lga03"",""sequence_number"":1199,""source_type"":""json"",""target_index"":""""}",11012,s-1-5-21-2029550947-1910908428-336986018-41745,nyclt5395$, , , , , ,0x9f81d28, , , ,globalcom, , , , , , , ,3,this event is generated when a logon session is destroyed, , , , , , , , , , , , , , , , , , , , 
microsoft-windows-security-auditing,success audit,logon,gcbrw0000.global.com,127.0.0.1,"MSWinEventLog	1	Security	796304	Tue May  2 11:02:43 2017	4624	Microsoft-Windows-Security-Auditing	N/A	N/A	Success Audit	gcBRW0000.global.com	Logon		An account was successfully logged on.    Subject:   Security ID:  S-1-0-0   Account Name:  -   Account Domain:  -   Logon ID:  0x0    Logon Type:   3    Impersonation Level:  Impersonation    New Logon:   Security ID:  S-1-5-21-2029550947-1910908428-336986018-35847   Account Name:  NYCLT4721$   Account Domain:  globalcom   Logon ID:  0x9F81DB7   Logon GUID:  {248FE83B-1F4E-65C0-F79D-459529D53AC0}    Process Information:   Process ID:  0x0   Process Name:  -    Network Information:   Workstation Name:    Source Network Address: 172.24.32.215   Source Port:  54578    Detailed Authentication Information:   Logon Process:  Kerberos   Authentication Package: Kerberos   Transited Services: -   Package Name (NTLM only): -   Key Length:  0    This event is generated when a logon session is created. It is generated on the computer that was accessed.    The subject fields indicate the account on the local system which requested the logon. This is most commonly a service such as the Server service, or a local process such as Winlogon.exe or Services.exe.    The logon type field indicates the kind of logon that occurred. The most common types are 2 (interactive) and 3 (network).    The New Logon fields indicate the account for whom the new logon was created, i.e. the account that was logged on.    The network fields indicate where a remote logon request originated. Workstation name is not always available and may be left blank in some cases.    The impersonation level field indicates the extent to which a process in the logon session can impersonate.    The authentication information fields provide detailed information about this specific logon request.   - Logon GUID is a unique identifier that can be used to correlate this event with a KDC event.   - Transited services indicate which intermediate services have participated in this logon request.   - Package name indicates which sub-protocol was used among the NTLM protocols.   - Key length indicates the length of the generated session key. This will be 0 if no session key was requested.	64591013",an account was successfully logged on,"auth,windows",2017-05-02T15:04:41.826Z,54837,172.24.19.20,ms_windows_event-3795724934,2272,<14>May  2 11:02:43 gcBRW0000.global.com ,3969016791,1,0.0.0.0/514/tcp,2b04-ec9263d7,11012,gcbrw0000.global.com,2017-05-02T11:02:43.000Z,4624,ms_windows_event,security,9b86e025-c25e-4888-8e5f-1476e850455a#1202,"{""id"":""9b86e025-c25e-4888-8e5f-1476e850455a#1202"",""num_events"":2822,""data_type"":""passthrough"",""batch_id"":""9b86e025-c25e-4888-8e5f-1476e850455a"",""batch_segment"":0,""customer_id"":""lga03"",""sequence_number"":1201,""source_type"":""json"",""target_index"":""""}",11012,s-1-5-21-2029550947-1910908428-336986018-35847,nyclt4721$, , ,0x0,-, ,0x9f81db7, , , ,globalcom, ,54578,172.24.32.215, , ,private ip address lan,rsv,3,this event is generated when a logon session is created, ,,kerberos,"[""1.1.1521""]", , , , , , , , , , , , , , , , 
microsoft-windows-security-auditing,success audit,handle manipulation,gcegy0400.global.com,127.0.0.1,MSWinEventLog	1	Security	1078910	Tue May  2 17:02:37 2017	4690	Microsoft-Windows-Security-Auditing	N/A	N/A	Success Audit	gcEGY0400.global.com	Handle Manipulation		An attempt was made to duplicate a handle to an object.    Subject:   Security ID:  S-1-5-18   Account Name:  gcEGY0400$   Account Domain:  globalcom   Logon ID:  0x3e7    Source Handle Information:   Source Handle ID: 0x620   Source Process ID: 0x270    New Handle Information:   Target Handle ID: 0x6cc   Target Process ID: 0x270	169322750,an attempt was made to duplicate a handle to an object,"auth,windows",2017-05-02T15:02:37.945Z,62367,172.20.40.23,ms_windows_event-4170594564,556,<14>May  2 17:02:37 gcEGY0400.global.com ,192248638,1,0.0.0.0/514/tcp,2afc-b757b3e,11004,gcegy0400.global.com,2017-05-02T17:02:37.000Z,4690,ms_windows_event,security,9b86e025-c25e-4888-8e5f-1476e850455a#1303,"{""id"":""9b86e025-c25e-4888-8e5f-1476e850455a#1303"",""num_events"":2791,""data_type"":""passthrough"",""batch_id"":""9b86e025-c25e-4888-8e5f-1476e850455a"",""batch_segment"":0,""customer_id"":""lga03"",""sequence_number"":1302,""source_type"":""json"",""target_index"":""""}",11004,s-1-5-18,gcegy0400$, , ,0x270, , ,0x3e7, ,1568, ,globalcom, , , , , , , , , , , , , , , , , , , , , , , , , , , , , 
microsoft-windows-security-auditing,success audit,logon,gcegy0400.global.com,127.0.0.1,"MSWinEventLog	1	Security	1078929	Tue May  2 17:02:37 2017	4624	Microsoft-Windows-Security-Auditing	N/A	N/A	Success Audit	gcEGY0400.global.com	Logon		An account was successfully logged on.    Subject:   Security ID:  S-1-5-18   Account Name:  gcEGY0400$   Account Domain:  globalcom   Logon ID:  0x3e7    Logon Type:   5    New Logon:   Security ID:  S-1-5-18   Account Name:  SYSTEM   Account Domain:  NT AUTHORITY   Logon ID:  0x3e7   Logon GUID:  {00000000-0000-0000-0000-000000000000}    Process Information:   Process ID:  0x270   Process Name:  C:\Windows\System32\services.exe    Network Information:   Workstation Name:    Source Network Address: -   Source Port:  -    Detailed Authentication Information:   Logon Process:  Advapi     Authentication Package: Negotiate   Transited Services: -   Package Name (NTLM only): -   Key Length:  0    This event is generated when a logon session is created. It is generated on the computer that was accessed.    The subject fields indicate the account on the local system which requested the logon. This is most commonly a service such as the Server service, or a local process such as Winlogon.exe or Services.exe.    The logon type field indicates the kind of logon that occurred. The most common types are 2 (interactive) and 3 (network).    The New Logon fields indicate the account for whom the new logon was created, i.e. the account that was logged on.    The network fields indicate where a remote logon request originated. Workstation name is not always available and may be left blank in some cases.    The authentication information fields provide detailed information about this specific logon request.   - Logon GUID is a unique identifier that can be used to correlate this event with a KDC event.   - Transited services indicate which intermediate services have participated in this logon request.   - Package name indicates which sub-protocol was used among the NTLM protocols.   - Key length indicates the length of the generated session key. This will be 0 if no session key was requested.	169322769",an account was successfully logged on,"auth,windows",2017-05-02T15:02:38.004Z,62367,172.20.40.23,ms_windows_event-3084426898,2119,<14>May  2 17:02:37 gcEGY0400.global.com ,192248658,1,0.0.0.0/514/tcp,2afc-b757b52,11004,gcegy0400.global.com,2017-05-02T17:02:37.000Z,4624,ms_windows_event,security,9b86e025-c25e-4888-8e5f-1476e850455a#1304,"{""id"":""9b86e025-c25e-4888-8e5f-1476e850455a#1304"",""num_events"":2791,""data_type"":""passthrough"",""batch_id"":""9b86e025-c25e-4888-8e5f-1476e850455a"",""batch_segment"":0,""customer_id"":""lga03"",""sequence_number"":1303,""source_type"":""json"",""target_index"":""""}",11004,s-1-5-18,system, , ,0x270, , ,0x3e7, , , ,nt authority, , , , , , , ,5,this event is generated when a logon session is created, , ,negotiate,"[""1.1.1521""]", , , , , , , , , , , , , , , ,gcegy0400$
microsoft-windows-security-auditing,success audit,special logon,gcsmq0601.global.com,127.0.0.1,MSWinEventLog	1	Security	3425274	Tue May  2 11:02:44 2017	4672	Microsoft-Windows-Security-Auditing	N/A	N/A	Success Audit	gcsmq0601.global.com	Special Logon		Special privileges assigned to new logon.    Subject:   Security ID:  S-1-5-21-2029550947-1910908428-336986018-38176   Account Name:  COLLT5533$   Account Domain:  globalcom   Logon ID:  0x1b5f7bee    Privileges:  SeTcbPrivilege	1445130165,special privileges assigned to new logon,"auth,windows",2017-05-02T15:02:45.553Z,49941,172.21.19.25,ms_windows_event-2006199550,448,<14>May  2 11:02:44 gcsmq0601.global.com ,27946635566,0,0.0.0.0/514/tcp,2b03-681bfd12e,11011,gcsmq0601.global.com, ,4672,ms_windows_event,security,9b86e025-c25e-4888-8e5f-1476e850455a#1357,"{""id"":""9b86e025-c25e-4888-8e5f-1476e850455a#1357"",""num_events"":2791,""data_type"":""passthrough"",""batch_id"":""9b86e025-c25e-4888-8e5f-1476e850455a"",""batch_segment"":0,""customer_id"":""lga03"",""sequence_number"":1356,""source_type"":""json"",""target_index"":""""}",11011,s-1-5-21-2029550947-1910908428-336986018-38176,collt5533$ , , , , ,setcbprivilege,0x1b5f7bee, , , ,globalcom, , , , , , , , , , , , , , , , , , , , , , , , , , , , , 
microsoft-windows-security-auditing,success audit,filtering platform connection,gcmex0400.global.com,127.0.0.1,MSWinEventLog	1	Security	773445	Tue May  2 10:02:45 2017	5156	Microsoft-Windows-Security-Auditing	N/A	N/A	Success Audit	gcMEX0400.global.com	Filtering Platform Connection		The Windows Filtering Platform has permitted a connection.    Application Information:   Process ID:  4   Application Name: System    Network Information:   Direction:  Outbound   Source Address:  172.20.32.23   Source Port:  50731   Destination Address: 172.20.32.22   Destination Port:  445   Protocol:  6    Filter Information:   Filter Run-Time ID: 0   Layer Name:  Connect   Layer Run-Time ID: 48	376831490,the windows filtering platform has permitted a connection,"auth,windows",2017-05-02T15:02:46.327Z,64651,172.20.32.23,ms_windows_event-820008369,630,<14>May  2 10:02:45 gcMEX0400.global.com ,2661098554,1,0.0.0.0/514/tcp,2b00-9e9d243a,11008,gcmex0400.global.com, ,5156,ms_windows_event,security,9b86e025-c25e-4888-8e5f-1476e850455a#1534,"{""id"":""9b86e025-c25e-4888-8e5f-1476e850455a#1534"",""num_events"":2773,""data_type"":""passthrough"",""batch_id"":""9b86e025-c25e-4888-8e5f-1476e850455a"",""batch_segment"":0,""customer_id"":""lga03"",""sequence_number"":1533,""source_type"":""json"",""target_index"":""""}",11008, , , , ,4, , , , , , , , ,50731,172.20.32.23,6,system,private ip address lan,rsv, , , , , , , , , ,445,172.20.32.22,outbound,private ip address lan,rsv, , , , , , , , 
microsoft-windows-security-auditing,success audit,logogc,gcind0000.global.com,127.0.0.1,MSWinEventLog	1	Security	198048	Tue May  2 20:32:44 2017	4634	Microsoft-Windows-Security-Auditing	N/A	N/A	Success Audit	gcIND0000.global.com	Logogc		N/A	26489903,n/a,"auth,windows",2017-05-02T15:02:46.306Z,53489,172.20.42.22,ms_windows_event-1377334112,208,<14>May  2 20:32:44 gcIND0000.global.com ,285063440,1,0.0.0.0/514/tcp,2afe-10fdb910,11006,gcind0000.global.com,2017-05-02T20:32:44.000Z,4634,ms_windows_event,security,9b86e025-c25e-4888-8e5f-1476e850455a#1557,"{""id"":""9b86e025-c25e-4888-8e5f-1476e850455a#1557"",""num_events"":2773,""data_type"":""passthrough"",""batch_id"":""9b86e025-c25e-4888-8e5f-1476e850455a"",""batch_segment"":0,""customer_id"":""lga03"",""sequence_number"":1556,""source_type"":""json"",""target_index"":""""}",11006, , , , , , , , , , , , , , , , , , , , , , , , , , , , , , , , , , , , , , , , , 
microsoft-windows-security-auditing,failure audit,kerberos authentication service,gcsmq0002.global.com,127.0.0.1,MSWinEventLog	3	Security	2131920	Tue May  2 11:02:44 2017	4768	Microsoft-Windows-Security-Auditing	N/A	N/A	Failure Audit	gcSMQ0002.global.com	Kerberos Authentication Service		N/A	304321472,n/a,"auth,windows",2017-05-02T15:02:46.375Z,50165,172.21.14.21,ms_windows_event-3984003816,235,<11>May  2 11:02:44 gcSMQ0002.global.com ,27946635667,0,0.0.0.0/514/tcp,2b03-681bfd193,11011,gcsmq0002.global.com,2017-05-02T11:02:44.000Z,4768,ms_windows_event,security,9b86e025-c25e-4888-8e5f-1476e850455a#1564,"{""id"":""9b86e025-c25e-4888-8e5f-1476e850455a#1564"",""num_events"":2773,""data_type"":""passthrough"",""batch_id"":""9b86e025-c25e-4888-8e5f-1476e850455a"",""batch_segment"":0,""customer_id"":""lga03"",""sequence_number"":1563,""source_type"":""json"",""target_index"":""""}",11011, , , , , , , , , , , , , , , , , , , , , , , , , , , , , , , , , , , , , , , , , 
microsoft-windows-security-auditing,success audit,logon,gcsmq0002.global.com,127.0.0.1,MSWinEventLog	1	Security	2131924	Tue May  2 11:02:44 2017	4624	Microsoft-Windows-Security-Auditing	N/A	N/A	Success Audit	gcSMQ0002.global.com	Logon		N/A	304321476,n/a,"auth,windows",2017-05-02T15:02:46.377Z,50165,172.21.14.21,ms_windows_event-796723568,209,<14>May  2 11:02:44 gcSMQ0002.global.com ,27946635671,0,0.0.0.0/514/tcp,2b03-681bfd197,11011,gcsmq0002.global.com,2017-05-02T11:02:44.000Z,4624,ms_windows_event,security,9b86e025-c25e-4888-8e5f-1476e850455a#1565,"{""id"":""9b86e025-c25e-4888-8e5f-1476e850455a#1565"",""num_events"":2773,""data_type"":""passthrough"",""batch_id"":""9b86e025-c25e-4888-8e5f-1476e850455a"",""batch_segment"":0,""customer_id"":""lga03"",""sequence_number"":1564,""source_type"":""json"",""target_index"":""""}",11011, , , , , , , , , , , , , , , , , , , , , , , , , , , , , , , , , , , , , , , , , 
microsoft-windows-security-auditing,success audit,logon,gcsmq0002.global.com,127.0.0.1,MSWinEventLog	1	Security	2131928	Tue May  2 11:02:44 2017	4624	Microsoft-Windows-Security-Auditing	N/A	N/A	Success Audit	gcSMQ0002.global.com	Logon		N/A	304321480,n/a,"auth,windows",2017-05-02T15:02:46.379Z,50165,172.21.14.21,ms_windows_event-796723568,209,<14>May  2 11:02:44 gcSMQ0002.global.com ,27946635675,0,0.0.0.0/514/tcp,2b03-681bfd19b,11011,gcsmq0002.global.com,2017-05-02T11:02:44.000Z,4624,ms_windows_event,security,9b86e025-c25e-4888-8e5f-1476e850455a#1566,"{""id"":""9b86e025-c25e-4888-8e5f-1476e850455a#1566"",""num_events"":2773,""data_type"":""passthrough"",""batch_id"":""9b86e025-c25e-4888-8e5f-1476e850455a"",""batch_segment"":0,""customer_id"":""lga03"",""sequence_number"":1565,""source_type"":""json"",""target_index"":""""}",11011, , , , , , , , , , , , , , , , , , , , , , , , , , , , , , , , , , , , , , , , , 
microsoft-windows-security-auditing,success audit,directory service replication,gcsmq0002.global.com,127.0.0.1,MSWinEventLog	1	Security	2131932	Tue May  2 11:02:44 2017	4932	Microsoft-Windows-Security-Auditing	N/A	N/A	Success Audit	gcSMQ0002.global.com	Directory Service Replication		N/A	304321484,n/a,"auth,windows",2017-05-02T15:02:46.381Z,50165,172.21.14.21,ms_windows_event-2014729129,233,<14>May  2 11:02:44 gcSMQ0002.global.com ,27946635679,0,0.0.0.0/514/tcp,2b03-681bfd19f,11011,gcsmq0002.global.com,2017-05-02T11:02:44.000Z,4932,ms_windows_event,security,9b86e025-c25e-4888-8e5f-1476e850455a#1567,"{""id"":""9b86e025-c25e-4888-8e5f-1476e850455a#1567"",""num_events"":2773,""data_type"":""passthrough"",""batch_id"":""9b86e025-c25e-4888-8e5f-1476e850455a"",""batch_segment"":0,""customer_id"":""lga03"",""sequence_number"":1566,""source_type"":""json"",""target_index"":""""}",11011, , , , , , , , , , , , , , , , , , , , , , , , , , , , , , , , , , , , , , , , , 
microsoft-windows-security-auditing,success audit,logon,gcsmq0002.global.com,127.0.0.1,MSWinEventLog	1	Security	2131936	Tue May  2 11:02:44 2017	4624	Microsoft-Windows-Security-Auditing	N/A	N/A	Success Audit	gcSMQ0002.global.com	Logon		N/A	304321488,n/a,"auth,windows",2017-05-02T15:02:46.384Z,50165,172.21.14.21,ms_windows_event-796723568,209,<14>May  2 11:02:44 gcSMQ0002.global.com ,27946635683,0,0.0.0.0/514/tcp,2b03-681bfd1a3,11011,gcsmq0002.global.com,2017-05-02T11:02:44.000Z,4624,ms_windows_event,security,9b86e025-c25e-4888-8e5f-1476e850455a#1568,"{""id"":""9b86e025-c25e-4888-8e5f-1476e850455a#1568"",""num_events"":2773,""data_type"":""passthrough"",""batch_id"":""9b86e025-c25e-4888-8e5f-1476e850455a"",""batch_segment"":0,""customer_id"":""lga03"",""sequence_number"":1567,""source_type"":""json"",""target_index"":""""}",11011, , , , , , , , , , , , , , , , , , , , , , , , , , , , , , , , , , , , , , , , , 
microsoft-windows-security-auditing,success audit,filtering platform connection,gcmex0400.global.com,127.0.0.1,MSWinEventLog	1	Security	773446	Tue May  2 10:02:45 2017	5156	Microsoft-Windows-Security-Auditing	N/A	N/A	Success Audit	gcMEX0400.global.com	Filtering Platform Connection		The Windows Filtering Platform has permitted a connection.    Application Information:   Process ID:  1140   Application Name: \device\harddiskvolume2\windows\system32\svchost.exe    Network Information:   Direction:  Inbound   Source Address:  224.0.0.252   Source Port:  5355   Destination Address: 172.20.32.149   Destination Port:  62762   Protocol:  17    Filter Information:   Filter Run-Time ID: 0   Layer Name:  Receive/Accept   Layer Run-Time ID: 44	376831491,the windows filtering platform has permitted a connection,"auth,windows",2017-05-02T15:02:46.329Z,64651,172.20.32.23,ms_windows_event-820008369,687,<14>May  2 10:02:45 gcMEX0400.global.com ,2661098555,1,0.0.0.0/514/tcp,2b00-9e9d243b,11008,gcmex0400.global.com, ,5156,ms_windows_event,security,9b86e025-c25e-4888-8e5f-1476e850455a#1572,"{""id"":""9b86e025-c25e-4888-8e5f-1476e850455a#1572"",""num_events"":2773,""data_type"":""passthrough"",""batch_id"":""9b86e025-c25e-4888-8e5f-1476e850455a"",""batch_segment"":0,""customer_id"":""lga03"",""sequence_number"":1571,""source_type"":""json"",""target_index"":""""}",11008, , , , ,1140, , , , , , , , ,5355,224.0.0.252,17,\device\harddiskvolume2\windows\system32\svchost.exe,multicast,rsv, , , , , , , , , ,62762,172.20.32.149,inbound,private ip address lan,rsv, , , , , , , , 
microsoft-windows-security-auditing,failure audit,kerberos authentication service,gcsmq0002.global.com,127.0.0.1,MSWinEventLog	3	Security	2131921	Tue May  2 11:02:44 2017	4768	Microsoft-Windows-Security-Auditing	N/A	N/A	Failure Audit	gcSMQ0002.global.com	Kerberos Authentication Service		N/A	304321473,n/a,"auth,windows",2017-05-02T15:02:46.375Z,50165,172.21.14.21,ms_windows_event-3984003816,235,<11>May  2 11:02:44 gcSMQ0002.global.com ,27946635668,0,0.0.0.0/514/tcp,2b03-681bfd194,11011,gcsmq0002.global.com,2017-05-02T11:02:44.000Z,4768,ms_windows_event,security,9b86e025-c25e-4888-8e5f-1476e850455a#1587,"{""id"":""9b86e025-c25e-4888-8e5f-1476e850455a#1587"",""num_events"":2773,""data_type"":""passthrough"",""batch_id"":""9b86e025-c25e-4888-8e5f-1476e850455a"",""batch_segment"":0,""customer_id"":""lga03"",""sequence_number"":1586,""source_type"":""json"",""target_index"":""""}",11011, , , , , , , , , , , , , , , , , , , , , , , , , , , , , , , , , , , , , , , , , 
microsoft-windows-security-auditing,success audit,logogc,gcsmq0002.global.com,127.0.0.1,MSWinEventLog	1	Security	2131925	Tue May  2 11:02:44 2017	4634	Microsoft-Windows-Security-Auditing	N/A	N/A	Success Audit	gcSMQ0002.global.com	Logogc		N/A	304321477,n/a,"auth,windows",2017-05-02T15:02:46.377Z,50165,172.21.14.21,ms_windows_event-1377334112,210,<14>May  2 11:02:44 gcSMQ0002.global.com ,27946635672,0,0.0.0.0/514/tcp,2b03-681bfd198,11011,gcsmq0002.global.com,2017-05-02T11:02:44.000Z,4634,ms_windows_event,security,9b86e025-c25e-4888-8e5f-1476e850455a#1588,"{""id"":""9b86e025-c25e-4888-8e5f-1476e850455a#1588"",""num_events"":2773,""data_type"":""passthrough"",""batch_id"":""9b86e025-c25e-4888-8e5f-1476e850455a"",""batch_segment"":0,""customer_id"":""lga03"",""sequence_number"":1587,""source_type"":""json"",""target_index"":""""}",11011, , , , , , , , , , , , , , , , , , , , , , , , , , , , , , , , , , , , , , , , , 
microsoft-windows-security-auditing,success audit,logogc,gcsmq0002.global.com,127.0.0.1,MSWinEventLog	1	Security	2131939	Tue May  2 11:02:44 2017	4634	Microsoft-Windows-Security-Auditing	N/A	N/A	Success Audit	gcSMQ0002.global.com	Logogc		N/A	304321491,n/a,"auth,windows",2017-05-02T15:02:46.386Z,50165,172.21.14.21,ms_windows_event-1377334112,210,<14>May  2 11:02:44 gcSMQ0002.global.com ,27946635686,0,0.0.0.0/514/tcp,2b03-681bfd1a6,11011,gcsmq0002.global.com,2017-05-02T11:02:44.000Z,4634,ms_windows_event,security,9b86e025-c25e-4888-8e5f-1476e850455a#1591,"{""id"":""9b86e025-c25e-4888-8e5f-1476e850455a#1591"",""num_events"":2773,""data_type"":""passthrough"",""batch_id"":""9b86e025-c25e-4888-8e5f-1476e850455a"",""batch_segment"":0,""customer_id"":""lga03"",""sequence_number"":1590,""source_type"":""json"",""target_index"":""""}",11011, , , , , , , , , , , , , , , , , , , , , , , , , , , , , , , , , , , , , , , , , 
microsoft-windows-security-auditing,success audit,logon,gcsmq0002.global.com,127.0.0.1,MSWinEventLog	1	Security	2131946	Tue May  2 11:02:45 2017	4624	Microsoft-Windows-Security-Auditing	N/A	N/A	Success Audit	gcSMQ0002.global.com	Logon		N/A	304321498,n/a,"auth,windows",2017-05-02T15:02:46.388Z,50165,172.21.14.21,ms_windows_event-796723568,209,<14>May  2 11:02:45 gcSMQ0002.global.com ,27946635693,0,0.0.0.0/514/tcp,2b03-681bfd1ad,11011,gcsmq0002.global.com,2017-05-02T11:02:45.000Z,4624,ms_windows_event,security,9b86e025-c25e-4888-8e5f-1476e850455a#1592,"{""id"":""9b86e025-c25e-4888-8e5f-1476e850455a#1592"",""num_events"":2773,""data_type"":""passthrough"",""batch_id"":""9b86e025-c25e-4888-8e5f-1476e850455a"",""batch_segment"":0,""customer_id"":""lga03"",""sequence_number"":1591,""source_type"":""json"",""target_index"":""""}",11011, , , , , , , , , , , , , , , , , , , , , , , , , , , , , , , , , , , , , , , , , 
microsoft-windows-security-auditing,failure audit,kerberos authentication service,gcculad02.global.com,127.0.0.1,"MSWinEventLog	3	Security	512793	Tue May  2 11:02:44 2017	4768	Microsoft-Windows-Security-Auditing	N/A	N/A	Failure Audit	gcCULAD02.global.com	Kerberos Authentication Service		A Kerberos authentication ticket (TGT) was requested.    Account Information:   Account Name:  nycmlt4990c$   Supplied Realm Name: global.com   User ID:   S-1-0-0    Service Information:   Service Name:  krbtgt/global.com   Service ID:  S-1-0-0    Network Information:   Client Address:  172.24.40.31   Client Port:  51125    Additional Information:   Ticket Options:  0x40000000   Result Code:  0x6   Ticket Encryption Type: 0xgcgcgcgc   Pre-Authentication Type: -    Certificate Information:   Certificate Issuer Name:     Certificate Serial Number:    Certificate Thumbprint:      Certificate information is only provided if a certificate was used for pre-authentication.    Pre-authentication types, ticket options, encryption types and result codes are defined in RFC 4120.	181450467",a kerberos authentication ticket (tgt) was requested,"auth,windows",2017-05-02T15:02:44.789Z,60971,172.22.19.16,ms_windows_event-1517866548,1015,<11>May  2 11:02:44 gcCULAD02.global.com ,27946635481,0,0.0.0.0/514/tcp,2b03-681bfd0d9,11011,gcculad02.global.com, ,4768,ms_windows_event,security,9b86e025-c25e-4888-8e5f-1476e850455a#1602,"{""id"":""9b86e025-c25e-4888-8e5f-1476e850455a#1602"",""num_events"":2773,""data_type"":""passthrough"",""batch_id"":""9b86e025-c25e-4888-8e5f-1476e850455a"",""batch_segment"":0,""customer_id"":""lga03"",""sequence_number"":1601,""source_type"":""json"",""target_index"":""""}",11011, ,nycmlt4990c$, , , , , , , , , , , ,51125,172.24.40.31, , ,private ip address lan,rsv, , , , , ,"[""1.1.1521""]", , , , , , , , , , , , , , , , 
microsoft-windows-security-auditing,success audit,logon,gcnyc-60-010.global.com,127.0.0.1,MSWinEventLog	1	Security	1354686	Tue May  2 11:02:43 2017	4624	Microsoft-Windows-Security-Auditing	N/A	N/A	Success Audit	gcNYC-60-010.global.com	Logon		N/A	153578666,n/a,"auth,windows",2017-05-02T15:02:44.920Z,59147,172.21.14.26,ms_windows_event-796723568,215,<14>May  2 11:02:43 gcNYC-60-010.global.com ,27946635496,0,0.0.0.0/514/tcp,2b03-681bfd0e8,11011,gcnyc-60-010.global.com,2017-05-02T11:02:43.000Z,4624,ms_windows_event,security,9b86e025-c25e-4888-8e5f-1476e850455a#1607,"{""id"":""9b86e025-c25e-4888-8e5f-1476e850455a#1607"",""num_events"":2773,""data_type"":""passthrough"",""batch_id"":""9b86e025-c25e-4888-8e5f-1476e850455a"",""batch_segment"":0,""customer_id"":""lga03"",""sequence_number"":1606,""source_type"":""json"",""target_index"":""""}",11011, , , , , , , , , , , , , , , , , , , , , , , , , , , , , , , , , , , , , , , , , 
microsoft-windows-security-auditing,success audit,logon,gcnyc-60-010.global.com,127.0.0.1,MSWinEventLog	1	Security	1354690	Tue May  2 11:02:43 2017	4624	Microsoft-Windows-Security-Auditing	N/A	N/A	Success Audit	gcNYC-60-010.global.com	Logon		N/A	153578670,n/a,"auth,windows",2017-05-02T15:02:44.922Z,59147,172.21.14.26,ms_windows_event-796723568,215,<14>May  2 11:02:43 gcNYC-60-010.global.com ,27946635500,0,0.0.0.0/514/tcp,2b03-681bfd0ec,11011,gcnyc-60-010.global.com,2017-05-02T11:02:43.000Z,4624,ms_windows_event,security,9b86e025-c25e-4888-8e5f-1476e850455a#1608,"{""id"":""9b86e025-c25e-4888-8e5f-1476e850455a#1608"",""num_events"":2773,""data_type"":""passthrough"",""batch_id"":""9b86e025-c25e-4888-8e5f-1476e850455a"",""batch_segment"":0,""customer_id"":""lga03"",""sequence_number"":1607,""source_type"":""json"",""target_index"":""""}",11011, , , , , , , , , , , , , , , , , , , , , , , , , , , , , , , , , , , , , , , , , 
microsoft-windows-security-auditing,failure audit,kerberos authentication service,gcnyc-60-010.global.com,127.0.0.1,MSWinEventLog	3	Security	1354698	Tue May  2 11:02:44 2017	4768	Microsoft-Windows-Security-Auditing	N/A	N/A	Failure Audit	gcNYC-60-010.global.com	Kerberos Authentication Service		N/A	153578678,n/a,"auth,windows",2017-05-02T15:02:44.928Z,59147,172.21.14.26,ms_windows_event-3984003816,241,<11>May  2 11:02:44 gcNYC-60-010.global.com ,27946635508,0,0.0.0.0/514/tcp,2b03-681bfd0f4,11011,gcnyc-60-010.global.com,2017-05-02T11:02:44.000Z,4768,ms_windows_event,security,9b86e025-c25e-4888-8e5f-1476e850455a#1610,"{""id"":""9b86e025-c25e-4888-8e5f-1476e850455a#1610"",""num_events"":2773,""data_type"":""passthrough"",""batch_id"":""9b86e025-c25e-4888-8e5f-1476e850455a"",""batch_segment"":0,""customer_id"":""lga03"",""sequence_number"":1609,""source_type"":""json"",""target_index"":""""}",11011, , , , , , , , , , , , , , , , , , , , , , , , , , , , , , , , , , , , , , , , , 
microsoft-windows-security-auditing,success audit,logon,gcbrw0000.global.com,127.0.0.1,"MSWinEventLog	1	Security	796350	Tue May  2 11:02:45 2017	4624	Microsoft-Windows-Security-Auditing	N/A	N/A	Success Audit	gcBRW0000.global.com	Logon		An account was successfully logged on.    Subject:   Security ID:  S-1-0-0   Account Name:  -   Account Domain:  -   Logon ID:  0x0    Logon Type:   3    Impersonation Level:  Impersonation    New Logon:   Security ID:  S-1-5-21-2029550947-1910908428-336986018-41745   Account Name:  NYCLT5395$   Account Domain:  globalcom   Logon ID:  0x9F83635   Logon GUID:  {4A954597-043E-6A27-9A84-2DB1412249FB}    Process Information:   Process ID:  0x0   Process Name:  -    Network Information:   Workstation Name:    Source Network Address: 172.24.33.87   Source Port:  59507    Detailed Authentication Information:   Logon Process:  Kerberos   Authentication Package: Kerberos   Transited Services: -   Package Name (NTLM only): -   Key Length:  0    This event is generated when a logon session is created. It is generated on the computer that was accessed.    The subject fields indicate the account on the local system which requested the logon. This is most commonly a service such as the Server service, or a local process such as Winlogon.exe or Services.exe.    The logon type field indicates the kind of logon that occurred. The most common types are 2 (interactive) and 3 (network).    The New Logon fields indicate the account for whom the new logon was created, i.e. the account that was logged on.    The network fields indicate where a remote logon request originated. Workstation name is not always available and may be left blank in some cases.    The impersonation level field indicates the extent to which a process in the logon session can impersonate.    The authentication information fields provide detailed information about this specific logon request.   - Logon GUID is a unique identifier that can be used to correlate this event with a KDC event.   - Transited services indicate which intermediate services have participated in this logon request.   - Package name indicates which sub-protocol was used among the NTLM protocols.   - Key length indicates the length of the generated session key. This will be 0 if no session key was requested.	64591059",an account was successfully logged on,"auth,windows",2017-05-02T15:04:43.831Z,54837,172.24.19.20,ms_windows_event-3795724934,2271,<14>May  2 11:02:45 gcBRW0000.global.com ,3969018789,1,0.0.0.0/514/tcp,2b04-ec926ba5,11012,gcbrw0000.global.com,2017-05-02T11:02:45.000Z,4624,ms_windows_event,security,9b86e025-c25e-4888-8e5f-1476e850455a#1796,"{""id"":""9b86e025-c25e-4888-8e5f-1476e850455a#1796"",""num_events"":2771,""data_type"":""passthrough"",""batch_id"":""9b86e025-c25e-4888-8e5f-1476e850455a"",""batch_segment"":0,""customer_id"":""lga03"",""sequence_number"":1795,""source_type"":""json"",""target_index"":""""}",11012,s-1-5-21-2029550947-1910908428-336986018-41745,nyclt5395$, , ,0x0,-, ,0x9f83635, , , ,globalcom, ,59507,172.24.33.87, , ,private ip address lan,rsv,3,this event is generated when a logon session is created, ,,kerberos,"[""1.1.1521""]", , , , , , , , , , , , , , , , 
microsoft-windows-security-auditing,success audit,detailed file share,gcind0400.global.com,127.0.0.1,MSWinEventLog	1	Security	1535144	Tue May  2 20:30:52 2017	5145	Microsoft-Windows-Security-Auditing	N/A	N/A	Success Audit	gcIND0400.global.com	Detailed File Share		A network share object was checked to see whether client can be granted desired access.     Subject:   Security ID:  S-1-5-21-2029550947-1910908428-336986018-27183   Account Name:  gcSMQ0601$   Account Domain:  globalcom   Logon ID:  0xf7473f0    Network Information:    Object Type:  File   Source Address:  172.21.19.25   Source Port:  64572     Share Information:   Share Name:  \\*\S$   Share Path:  \??\S:\   Relative Target Name: SMS    Access Request Information:   Access Mask:  0x100080   Accesses:  SYNCHRONIZE      ReadAttributes        Access Check Results:   -  	671456097,a network share object was checked to see whether client can be granted desired access,"auth,windows",2017-05-02T15:02:40.509Z,63364,172.20.42.23,ms_windows_event-527129100,800,<14>May  2 20:30:52 gcIND0400.global.com ,285063329,1,0.0.0.0/514/tcp,2afe-10fdb8a1,11006,gcind0400.global.com,2017-05-02T20:30:52.000Z,5145,ms_windows_event,security,9b86e025-c25e-4888-8e5f-1476e850455a#1862,"{""id"":""9b86e025-c25e-4888-8e5f-1476e850455a#1862"",""num_events"":2771,""data_type"":""passthrough"",""batch_id"":""9b86e025-c25e-4888-8e5f-1476e850455a"",""batch_segment"":0,""customer_id"":""lga03"",""sequence_number"":1861,""source_type"":""json"",""target_index"":""""}",11006,s-1-5-21-2029550947-1910908428-336986018-27183,gcsmq0601$, , , , , ,0xf7473f0,synchronize      readattributes, ,\\*\s$,globalcom, ,64572,172.21.19.25, , ,private ip address lan,rsv, , , , , , ,\??\s:\, , , , , , , , , , , , , , , 
microsoft-windows-security-auditing,success audit,kerberos service ticket operations,gcbrw0000.global.com,127.0.0.1,"MSWinEventLog	1	Security	796315	Tue May  2 11:02:44 2017	4769	Microsoft-Windows-Security-Auditing	N/A	N/A	Success Audit	gcBRW0000.global.com	Kerberos Service Ticket Operations		A Kerberos service ticket was requested.    Account Information:   Account Name:  a.ellis@global.com   Account Domain:  global.com   Logon GUID:  {AC88B85F-39A2-F5C7-A65F-C1F4ED151D28}    Service Information:   Service Name:  gcBRW0000$   Service ID:  S-1-5-21-2029550947-1910908428-336986018-41659    Network Information:   Client Address:  ::gcgc:172.24.33.185   Client Port:  53586    Additional Information:   Ticket Options:  0x40810000   Ticket Encryption Type: 0x12   Failure Code:  0x0   Transited Services: -    This event is generated every time access is requested to a resource such as a computer or a Windows service.  The service name indicates the resource to which access was requested.    This event can be correlated with Windows logon events by comparing the Logon GUID fields in each event.  The logon event occurs on the machine that was accessed, which is often a digcerent machine than the domain controller which issued the service ticket.    Ticket options, encryption types, and failure codes are defined in RFC 4120.	64591024",a kerberos service ticket was requested,"auth,windows",2017-05-02T15:04:42.824Z,54837,172.24.19.20,ms_windows_event-504109373,1282,<14>May  2 11:02:44 gcBRW0000.global.com ,3969018406,1,0.0.0.0/514/tcp,2b04-ec926a26,11012,gcbrw0000.global.com, ,4769,ms_windows_event,security,9b86e025-c25e-4888-8e5f-1476e850455a#2029,"{""id"":""9b86e025-c25e-4888-8e5f-1476e850455a#2029"",""num_events"":2741,""data_type"":""passthrough"",""batch_id"":""9b86e025-c25e-4888-8e5f-1476e850455a"",""batch_segment"":0,""customer_id"":""lga03"",""sequence_number"":2028,""source_type"":""json"",""target_index"":""""}",11012, ,a.ellis@global.com, , , , , , , , , ,global.com, ,53586, , , , , , ,this event is generated every time access is requested to a resource such as a computer or a windows service,::gcgc:172.24.33.185, , , , , , , , , , , , , , , , , , , 
microsoft-windows-security-auditing,success audit,directory service replication,gcnyc-60-010.global.com,127.0.0.1,MSWinEventLog	1	Security	1354719	Tue May  2 11:02:46 2017	4933	Microsoft-Windows-Security-Auditing	N/A	N/A	Success Audit	gcNYC-60-010.global.com	Directory Service Replication		N/A	153578699,n/a,"auth,windows",2017-05-02T15:02:46.923Z,59147,172.21.14.26,ms_windows_event-452129318,239,<14>May  2 11:02:46 gcNYC-60-010.global.com ,27946635821,0,0.0.0.0/514/tcp,2b03-681bfd22d,11011,gcnyc-60-010.global.com,2017-05-02T11:02:46.000Z,4933,ms_windows_event,security,9b86e025-c25e-4888-8e5f-1476e850455a#2162,"{""id"":""9b86e025-c25e-4888-8e5f-1476e850455a#2162"",""num_events"":2701,""data_type"":""passthrough"",""batch_id"":""9b86e025-c25e-4888-8e5f-1476e850455a"",""batch_segment"":0,""customer_id"":""lga03"",""sequence_number"":2161,""source_type"":""json"",""target_index"":""""}",11011, , , , , , , , , , , , , , , , , , , , , , , , , , , , , , , , , , , , , , , , , 
microsoft-windows-security-auditing,success audit,logogc,gcsmq0002.global.com,127.0.0.1,MSWinEventLog	1	Security	2131967	Tue May  2 11:02:45 2017	4634	Microsoft-Windows-Security-Auditing	N/A	N/A	Success Audit	gcSMQ0002.global.com	Logogc		N/A	304321519,n/a,"auth,windows",2017-05-02T15:02:47.404Z,50165,172.21.14.21,ms_windows_event-1377334112,210,<14>May  2 11:02:45 gcSMQ0002.global.com ,27946635836,0,0.0.0.0/514/tcp,2b03-681bfd23c,11011,gcsmq0002.global.com,2017-05-02T11:02:45.000Z,4634,ms_windows_event,security,9b86e025-c25e-4888-8e5f-1476e850455a#2166,"{""id"":""9b86e025-c25e-4888-8e5f-1476e850455a#2166"",""num_events"":2701,""data_type"":""passthrough"",""batch_id"":""9b86e025-c25e-4888-8e5f-1476e850455a"",""batch_segment"":0,""customer_id"":""lga03"",""sequence_number"":2165,""source_type"":""json"",""target_index"":""""}",11011, , , , , , , , , , , , , , , , , , , , , , , , , , , , , , , , , , , , , , , , , 
microsoft-windows-security-auditing,success audit,kerberos service ticket operations,gcsmq0000.global.com,127.0.0.1,MSWinEventLog	1	Security	1629974	Tue May  2 11:02:46 2017	4770	Microsoft-Windows-Security-Auditing	N/A	N/A	Success Audit	gcSMQ0000.global.com	Kerberos Service Ticket Operations		N/A	186395063,n/a,"auth,windows",2017-05-02T15:02:47.615Z,51131,172.21.14.20,ms_windows_event-219443703,238,<14>May  2 11:02:46 gcSMQ0000.global.com ,27946635888,0,0.0.0.0/514/tcp,2b03-681bfd270,11011,gcsmq0000.global.com,2017-05-02T11:02:46.000Z,4770,ms_windows_event,security,9b86e025-c25e-4888-8e5f-1476e850455a#2168,"{""id"":""9b86e025-c25e-4888-8e5f-1476e850455a#2168"",""num_events"":2701,""data_type"":""passthrough"",""batch_id"":""9b86e025-c25e-4888-8e5f-1476e850455a"",""batch_segment"":0,""customer_id"":""lga03"",""sequence_number"":2167,""source_type"":""json"",""target_index"":""""}",11011, , , , , , , , , , , , , , , , , , , , , , , , , , , , , , , , , , , , , , , , , 
microsoft-windows-security-auditing,success audit,logon,gcsmq0000.global.com,127.0.0.1,MSWinEventLog	1	Security	1629978	Tue May  2 11:02:46 2017	4624	Microsoft-Windows-Security-Auditing	N/A	N/A	Success Audit	gcSMQ0000.global.com	Logon		N/A	186395067,n/a,"auth,windows",2017-05-02T15:02:47.617Z,51131,172.21.14.20,ms_windows_event-796723568,209,<14>May  2 11:02:46 gcSMQ0000.global.com ,27946635892,0,0.0.0.0/514/tcp,2b03-681bfd274,11011,gcsmq0000.global.com,2017-05-02T11:02:46.000Z,4624,ms_windows_event,security,9b86e025-c25e-4888-8e5f-1476e850455a#2169,"{""id"":""9b86e025-c25e-4888-8e5f-1476e850455a#2169"",""num_events"":2701,""data_type"":""passthrough"",""batch_id"":""9b86e025-c25e-4888-8e5f-1476e850455a"",""batch_segment"":0,""customer_id"":""lga03"",""sequence_number"":2168,""source_type"":""json"",""target_index"":""""}",11011, , , , , , , , , , , , , , , , , , , , , , , , , , , , , , , , , , , , , , , , , 
microsoft-windows-security-auditing,success audit,logogc,gcsmq0002.global.com,127.0.0.1,MSWinEventLog	1	Security	2131905	Tue May  2 11:02:43 2017	4634	Microsoft-Windows-Security-Auditing	N/A	N/A	Success Audit	gcSMQ0002.global.com	Logogc		N/A	304321457,n/a,"auth,windows",2017-05-02T15:02:45.359Z,50165,172.21.14.21,ms_windows_event-1377334112,210,<14>May  2 11:02:43 gcSMQ0002.global.com ,27946635541,0,0.0.0.0/514/tcp,2b03-681bfd115,11011,gcsmq0002.global.com,2017-05-02T11:02:43.000Z,4634,ms_windows_event,security,9b86e025-c25e-4888-8e5f-1476e850455a#2214,"{""id"":""9b86e025-c25e-4888-8e5f-1476e850455a#2214"",""num_events"":2693,""data_type"":""passthrough"",""batch_id"":""9b86e025-c25e-4888-8e5f-1476e850455a"",""batch_segment"":0,""customer_id"":""lga03"",""sequence_number"":2213,""source_type"":""json"",""target_index"":""""}",11011, , , , , , , , , , , , , , , , , , , , , , , , , , , , , , , , , , , , , , , , , 
microsoft-windows-security-auditing,failure audit,kerberos authentication service,gcsmq0002.global.com,127.0.0.1,MSWinEventLog	3	Security	2131913	Tue May  2 11:02:44 2017	4768	Microsoft-Windows-Security-Auditing	N/A	N/A	Failure Audit	gcSMQ0002.global.com	Kerberos Authentication Service		N/A	304321465,n/a,"auth,windows",2017-05-02T15:02:45.363Z,50165,172.21.14.21,ms_windows_event-3984003816,235,<11>May  2 11:02:44 gcSMQ0002.global.com ,27946635549,0,0.0.0.0/514/tcp,2b03-681bfd11d,11011,gcsmq0002.global.com,2017-05-02T11:02:44.000Z,4768,ms_windows_event,security,9b86e025-c25e-4888-8e5f-1476e850455a#2216,"{""id"":""9b86e025-c25e-4888-8e5f-1476e850455a#2216"",""num_events"":2693,""data_type"":""passthrough"",""batch_id"":""9b86e025-c25e-4888-8e5f-1476e850455a"",""batch_segment"":0,""customer_id"":""lga03"",""sequence_number"":2215,""source_type"":""json"",""target_index"":""""}",11011, , , , , , , , , , , , , , , , , , , , , , , , , , , , , , , , , , , , , , , , , 
microsoft-windows-security-auditing,success audit,special logon,gcsmq0002.global.com,127.0.0.1,MSWinEventLog	1	Security	2131917	Tue May  2 11:02:44 2017	4672	Microsoft-Windows-Security-Auditing	N/A	N/A	Success Audit	gcSMQ0002.global.com	Special Logon		N/A	304321469,n/a,"auth,windows",2017-05-02T15:02:45.366Z,50165,172.21.14.21,ms_windows_event-3923140098,217,<14>May  2 11:02:44 gcSMQ0002.global.com ,27946635553,0,0.0.0.0/514/tcp,2b03-681bfd121,11011,gcsmq0002.global.com,2017-05-02T11:02:44.000Z,4672,ms_windows_event,security,9b86e025-c25e-4888-8e5f-1476e850455a#2217,"{""id"":""9b86e025-c25e-4888-8e5f-1476e850455a#2217"",""num_events"":2693,""data_type"":""passthrough"",""batch_id"":""9b86e025-c25e-4888-8e5f-1476e850455a"",""batch_segment"":0,""customer_id"":""lga03"",""sequence_number"":2216,""source_type"":""json"",""target_index"":""""}",11011, , , , , , , , , , , , , , , , , , , , , , , , , , , , , , , , , , , , , , , , , 
microsoft-windows-security-auditing,success audit,kerberos service ticket operations,gcsmq0000.global.com,127.0.0.1,MSWinEventLog	1	Security	1629961	Tue May  2 11:02:44 2017	4769	Microsoft-Windows-Security-Auditing	N/A	N/A	Success Audit	gcSMQ0000.global.com	Kerberos Service Ticket Operations		N/A	186395050,n/a,"auth,windows",2017-05-02T15:02:45.620Z,51131,172.21.14.20,ms_windows_event-2408821607,238,<14>May  2 11:02:44 gcSMQ0000.global.com ,27946635595,0,0.0.0.0/514/tcp,2b03-681bfd14b,11011,gcsmq0000.global.com,2017-05-02T11:02:44.000Z,4769,ms_windows_event,security,9b86e025-c25e-4888-8e5f-1476e850455a#2223,"{""id"":""9b86e025-c25e-4888-8e5f-1476e850455a#2223"",""num_events"":2693,""data_type"":""passthrough"",""batch_id"":""9b86e025-c25e-4888-8e5f-1476e850455a"",""batch_segment"":0,""customer_id"":""lga03"",""sequence_number"":2222,""source_type"":""json"",""target_index"":""""}",11011, , , , , , , , , , , , , , , , , , , , , , , , , , , , , , , , , , , , , , , , , 
microsoft-windows-security-auditing,success audit,logon,gcsmq0000.global.com,127.0.0.1,MSWinEventLog	1	Security	1629965	Tue May  2 11:02:44 2017	4624	Microsoft-Windows-Security-Auditing	N/A	N/A	Success Audit	gcSMQ0000.global.com	Logon		N/A	186395054,n/a,"auth,windows",2017-05-02T15:02:45.624Z,51131,172.21.14.20,ms_windows_event-796723568,209,<14>May  2 11:02:44 gcSMQ0000.global.com ,27946635599,0,0.0.0.0/514/tcp,2b03-681bfd14f,11011,gcsmq0000.global.com,2017-05-02T11:02:44.000Z,4624,ms_windows_event,security,9b86e025-c25e-4888-8e5f-1476e850455a#2224,"{""id"":""9b86e025-c25e-4888-8e5f-1476e850455a#2224"",""num_events"":2693,""data_type"":""passthrough"",""batch_id"":""9b86e025-c25e-4888-8e5f-1476e850455a"",""batch_segment"":0,""customer_id"":""lga03"",""sequence_number"":2223,""source_type"":""json"",""target_index"":""""}",11011, , , , , , , , , , , , , , , , , , , , , , , , , , , , , , , , , , , , , , , , , 
microsoft-windows-security-auditing,success audit,kerberos service ticket operations,gcsmq0000.global.com,127.0.0.1,MSWinEventLog	1	Security	1629967	Tue May  2 11:02:44 2017	4769	Microsoft-Windows-Security-Auditing	N/A	N/A	Success Audit	gcSMQ0000.global.com	Kerberos Service Ticket Operations		N/A	186395056,n/a,"auth,windows",2017-05-02T15:02:45.624Z,51131,172.21.14.20,ms_windows_event-2408821607,238,<14>May  2 11:02:44 gcSMQ0000.global.com ,27946635601,0,0.0.0.0/514/tcp,2b03-681bfd151,11011,gcsmq0000.global.com,2017-05-02T11:02:44.000Z,4769,ms_windows_event,security,9b86e025-c25e-4888-8e5f-1476e850455a#2225,"{""id"":""9b86e025-c25e-4888-8e5f-1476e850455a#2225"",""num_events"":2693,""data_type"":""passthrough"",""batch_id"":""9b86e025-c25e-4888-8e5f-1476e850455a"",""batch_segment"":0,""customer_id"":""lga03"",""sequence_number"":2224,""source_type"":""json"",""target_index"":""""}",11011, , , , , , , , , , , , , , , , , , , , , , , , , , , , , , , , , , , , , , , , , 
