microsoft-windows-security-auditing,success audit,sam,gcegy0400.global.com,127.0.0.1,MSWinEventLog	1	Security	1078856	Tue May  2 17:02:37 2017	4656	Microsoft-Windows-Security-Auditing	N/A	N/A	Success Audit	gcEGY0400.global.com	SAM		A handle to an object was requested.    Subject:   Security ID:  S-1-5-18   Account Name:  gcEGY0400$   Account Domain:  globalcom   Logon ID:  0x3e7    Object:   Object Server:  Security Account Manager   Object Type:  SAM_ALIAS   Object Name:  DOMAINS\Builtin\Aliases\0000023D   Handle ID:  0x1d2dc60    Process Information:   Process ID:  0x27c   Process Name:  C:\Windows\System32\lsass.exe    Access Request Information:   Transaction ID:  {00000000-0000-0000-0000-000000000000}   Accesses:  DELETE      READ_CONTROL      WRITE_DAC      WRITE_OWNER      AddMember      RemoveMember      ListMembers      ReadInformation      WriteAccount         Access Reasons:  -   Access Mask:  0xf001f   Privileges Used for Access Check: -   Restricted SID Count: 0	169322696,a handle to an object was requested,"auth,windows",2017-05-02T15:02:37.898Z,62367,172.20.40.23,ms_windows_event-1655484026,966,<14>May  2 17:02:37 gcEGY0400.global.com ,192248584,1,0.0.0.0/514/tcp,2afc-b757b08,11004,gcegy0400.global.com, ,4656,ms_windows_event,security,20e261cb-f0d2-48c2-af60-4a17220cd571#2412,"{""id"":""20e261cb-f0d2-48c2-af60-4a17220cd571#2412"",""num_events"":2851,""data_type"":""passthrough"",""batch_id"":""20e261cb-f0d2-48c2-af60-4a17220cd571"",""batch_segment"":0,""customer_id"":""lga03"",""sequence_number"":2411,""source_type"":""json"",""target_index"":""""}",11004,s-1-5-18,gcegy0400$,{00000000-0000-0000-0000-000000000000},security account manager,0x27c,c:\windows\system32\lsass.exe,-,0x3e7,delete      read_control      write_dac      write_owner      addmember      removemember      listmembers      readinformation      writeaccount         access reasons:  -,30596192,domains\builtin\aliases\0000023d,globalcom, , , , , , , , , , , , , , , , , , , , , , , , , , , , , 
microsoft-windows-security-auditing,success audit,other object access events,gcegy0400.global.com,127.0.0.1,MSWinEventLog	1	Security	1078862	Tue May  2 17:02:37 2017	4658	Microsoft-Windows-Security-Auditing	N/A	N/A	Success Audit	gcEGY0400.global.com	Other Object Access Events		The handle to an object was closed.    Subject :   Security ID:  S-1-5-18   Account Name:  gcEGY0400$   Account Domain:  globalcom   Logon ID:  0x3e7    Object:   Object Server:  Security Account Manager   Handle ID:  0x1d2d600    Process Information:   Process ID:  0x27c   Process Name:  C:\Windows\System32\lsass.exe	169322702,the handle to an object was closed,"auth,windows",2017-05-02T15:02:37.917Z,62367,172.20.40.23,ms_windows_event-259117541,551,<14>May  2 17:02:37 gcEGY0400.global.com ,192248590,1,0.0.0.0/514/tcp,2afc-b757b0e,11004,gcegy0400.global.com,2017-05-02T17:02:37.000Z,4658,ms_windows_event,security,20e261cb-f0d2-48c2-af60-4a17220cd571#2413,"{""id"":""20e261cb-f0d2-48c2-af60-4a17220cd571#2413"",""num_events"":2851,""data_type"":""passthrough"",""batch_id"":""20e261cb-f0d2-48c2-af60-4a17220cd571"",""batch_segment"":0,""customer_id"":""lga03"",""sequence_number"":2412,""source_type"":""json"",""target_index"":""""}",11004, ,gcegy0400$, ,security account manager,0x27c,c:\windows\system32\lsass.exe, ,0x3e7, ,30594560, ,globalcom, , , , , , , , , , , , , , , , , , , , , , , , , , , , , 
microsoft-windows-security-auditing,success audit,file system,gcegy0400.global.com,127.0.0.1,MSWinEventLog	1	Security	1078880	Tue May  2 17:02:37 2017	4658	Microsoft-Windows-Security-Auditing	N/A	N/A	Success Audit	gcEGY0400.global.com	File System		The handle to an object was closed.    Subject :   Security ID:  S-1-5-18   Account Name:  gcEGY0400$   Account Domain:  globalcom   Logon ID:  0x3e7    Object:   Object Server:  Security   Handle ID:  0x620    Process Information:   Process ID:  0x270   Process Name:  C:\Windows\System32\services.exe	169322720,the handle to an object was closed,"auth,windows",2017-05-02T15:02:37.927Z,62367,172.20.40.23,ms_windows_event-259117541,519,<14>May  2 17:02:37 gcEGY0400.global.com ,192248608,1,0.0.0.0/514/tcp,2afc-b757b20,11004,gcegy0400.global.com,2017-05-02T17:02:37.000Z,4658,ms_windows_event,security,20e261cb-f0d2-48c2-af60-4a17220cd571#2416,"{""id"":""20e261cb-f0d2-48c2-af60-4a17220cd571#2416"",""num_events"":2851,""data_type"":""passthrough"",""batch_id"":""20e261cb-f0d2-48c2-af60-4a17220cd571"",""batch_segment"":0,""customer_id"":""lga03"",""sequence_number"":2415,""source_type"":""json"",""target_index"":""""}",11004, ,gcegy0400$, ,security,0x270,c:\windows\system32\services.exe, ,0x3e7, ,1568, ,globalcom, , , , , , , , , , , , , , , , , , , , , , , , , , , , , 
microsoft-windows-security-auditing,success audit,handle manipulation,gcegy0400.global.com,127.0.0.1,MSWinEventLog	1	Security	1078902	Tue May  2 17:02:37 2017	4690	Microsoft-Windows-Security-Auditing	N/A	N/A	Success Audit	gcEGY0400.global.com	Handle Manipulation		An attempt was made to duplicate a handle to an object.    Subject:   Security ID:  S-1-5-18   Account Name:  gcEGY0400$   Account Domain:  globalcom   Logon ID:  0x3e7    Source Handle Information:   Source Handle ID: 0x620   Source Process ID: 0x270    New Handle Information:   Target Handle ID: 0x6cc   Target Process ID: 0x270	169322742,an attempt was made to duplicate a handle to an object,"auth,windows",2017-05-02T15:02:37.939Z,62367,172.20.40.23,ms_windows_event-4170594564,556,<14>May  2 17:02:37 gcEGY0400.global.com ,192248630,1,0.0.0.0/514/tcp,2afc-b757b36,11004,gcegy0400.global.com,2017-05-02T17:02:37.000Z,4690,ms_windows_event,security,20e261cb-f0d2-48c2-af60-4a17220cd571#2419,"{""id"":""20e261cb-f0d2-48c2-af60-4a17220cd571#2419"",""num_events"":2851,""data_type"":""passthrough"",""batch_id"":""20e261cb-f0d2-48c2-af60-4a17220cd571"",""batch_segment"":0,""customer_id"":""lga03"",""sequence_number"":2418,""source_type"":""json"",""target_index"":""""}",11004,s-1-5-18,gcegy0400$, , ,0x270, , ,0x3e7, ,1568, ,globalcom, , , , , , , , , , , , , , , , , , , , , , , , , , , , , 
microsoft-windows-security-auditing,success audit,handle manipulation,gcegy0400.global.com,127.0.0.1,MSWinEventLog	1	Security	1078914	Tue May  2 17:02:37 2017	4690	Microsoft-Windows-Security-Auditing	N/A	N/A	Success Audit	gcEGY0400.global.com	Handle Manipulation		An attempt was made to duplicate a handle to an object.    Subject:   Security ID:  S-1-5-18   Account Name:  gcEGY0400$   Account Domain:  globalcom   Logon ID:  0x3e7    Source Handle Information:   Source Handle ID: 0x620   Source Process ID: 0x270    New Handle Information:   Target Handle ID: 0x6cc   Target Process ID: 0x270	169322754,an attempt was made to duplicate a handle to an object,"auth,windows",2017-05-02T15:02:37.947Z,62367,172.20.40.23,ms_windows_event-4170594564,556,<14>May  2 17:02:37 gcEGY0400.global.com ,192248642,1,0.0.0.0/514/tcp,2afc-b757b42,11004,gcegy0400.global.com,2017-05-02T17:02:37.000Z,4690,ms_windows_event,security,20e261cb-f0d2-48c2-af60-4a17220cd571#2426,"{""id"":""20e261cb-f0d2-48c2-af60-4a17220cd571#2426"",""num_events"":2851,""data_type"":""passthrough"",""batch_id"":""20e261cb-f0d2-48c2-af60-4a17220cd571"",""batch_segment"":0,""customer_id"":""lga03"",""sequence_number"":2425,""source_type"":""json"",""target_index"":""""}",11004,s-1-5-18,gcegy0400$, , ,0x270, , ,0x3e7, ,1568, ,globalcom, , , , , , , , , , , , , , , , , , , , , , , , , , , , , 
microsoft-windows-security-auditing,success audit,process creation,gcegy0400.global.com,127.0.0.1,"MSWinEventLog	1	Security	1078931	Tue May  2 17:02:37 2017	4688	Microsoft-Windows-Security-Auditing	N/A	N/A	Success Audit	gcEGY0400.global.com	Process Creation		A new process has been created.    Subject:   Security ID:  S-1-5-18   Account Name:  gcEGY0400$   Account Domain:  globalcom   Logon ID:  0x3e7    Process Information:   New Process ID:  0x1770   New Process Name: C:\Windows\System32\msiexec.exe   Token Elevation Type: TokenElevationTypeDefault (1)   Creator Process ID: 0x270   Process Command Line:     Token Elevation Type indicates the type of token that was assigned to the new process in accordance with User Account Control policy.    Type 1 is a full token with no privileges removed or groups disabled.  A full token is only used if User Account Control is disabled or if the user is the built-in Administrator account or a service account.    Type 2 is an elevated token with no privileges removed or groups disabled.  An elevated token is used when User Account Control is enabled and the user chooses to start the program using Run as administrator.  An elevated token is also used when an application is configured to always require administrative privilege or to always require maximum privilege, and the user is a member of the Administrators group.    Type 3 is a limited token with administrative privileges removed and administrative groups disabled.  The limited token is used when User Account Control is enabled, the application does not require administrative privilege, and the user does not choose to start the program using Run as administrator.	169322771",a new process has been created,"auth,windows",2017-05-02T15:02:38.005Z,62367,172.20.40.23,ms_windows_event-3786035194,1644,<14>May  2 17:02:37 gcEGY0400.global.com ,192248660,1,0.0.0.0/514/tcp,2afc-b757b54,11004,gcegy0400.global.com,2017-05-02T17:02:37.000Z,4688,ms_windows_event,security,20e261cb-f0d2-48c2-af60-4a17220cd571#2429,"{""id"":""20e261cb-f0d2-48c2-af60-4a17220cd571#2429"",""num_events"":2851,""data_type"":""passthrough"",""batch_id"":""20e261cb-f0d2-48c2-af60-4a17220cd571"",""batch_segment"":0,""customer_id"":""lga03"",""sequence_number"":2428,""source_type"":""json"",""target_index"":""""}",11004, ,gcegy0400$, , ,0x1770,c:\windows\system32\msiexec.exe, ,0x3e7, , ,msiexec.exe,globalcom, , , , , , , , ,type 1 is a full token with no privileges removed or groups disabled, , , , , ,0x270,token elevation type indicates the type of token that was assigned to the new process in accordance with user account control policy., , , , , , , , , , , , , 
microsoft-windows-security-auditing,success audit,kerberos service ticket operations,gcsmq0000.global.com,127.0.0.1,MSWinEventLog	1	Security	1629887	Tue May  2 11:02:37 2017	4769	Microsoft-Windows-Security-Auditing	N/A	N/A	Success Audit	gcSMQ0000.global.com	Kerberos Service Ticket Operations		N/A	186394976,n/a,"auth,windows",2017-05-02T15:02:38.615Z,51131,172.21.14.20,ms_windows_event-2408821607,238,<14>May  2 11:02:37 gcSMQ0000.global.com ,27946633154,0,0.0.0.0/514/tcp,2b03-681bfc7c2,11011,gcsmq0000.global.com,2017-05-02T11:02:37.000Z,4769,ms_windows_event,security,20e261cb-f0d2-48c2-af60-4a17220cd571#2434,"{""id"":""20e261cb-f0d2-48c2-af60-4a17220cd571#2434"",""num_events"":2851,""data_type"":""passthrough"",""batch_id"":""20e261cb-f0d2-48c2-af60-4a17220cd571"",""batch_segment"":0,""customer_id"":""lga03"",""sequence_number"":2433,""source_type"":""json"",""target_index"":""""}",11011, , , , , , , , , , , , , , , , , , , , , , , , , , , , , , , , , , , , , , , , , 
microsoft-windows-security-auditing,failure audit,kerberos service ticket operations,gcsmq0000.global.com,127.0.0.1,MSWinEventLog	3	Security	1629891	Tue May  2 11:02:37 2017	4769	Microsoft-Windows-Security-Auditing	N/A	N/A	Failure Audit	gcSMQ0000.global.com	Kerberos Service Ticket Operations		N/A	186394980,n/a,"auth,windows",2017-05-02T15:02:38.618Z,51131,172.21.14.20,ms_windows_event-2408821607,238,<11>May  2 11:02:37 gcSMQ0000.global.com ,27946633158,0,0.0.0.0/514/tcp,2b03-681bfc7c6,11011,gcsmq0000.global.com,2017-05-02T11:02:37.000Z,4769,ms_windows_event,security,20e261cb-f0d2-48c2-af60-4a17220cd571#2435,"{""id"":""20e261cb-f0d2-48c2-af60-4a17220cd571#2435"",""num_events"":2851,""data_type"":""passthrough"",""batch_id"":""20e261cb-f0d2-48c2-af60-4a17220cd571"",""batch_segment"":0,""customer_id"":""lga03"",""sequence_number"":2434,""source_type"":""json"",""target_index"":""""}",11011, , , , , , , , , , , , , , , , , , , , , , , , , , , , , , , , , , , , , , , , , 
microsoft-windows-security-auditing,success audit,kerberos service ticket operations,gcsmq0000.global.com,127.0.0.1,MSWinEventLog	1	Security	1629893	Tue May  2 11:02:37 2017	4769	Microsoft-Windows-Security-Auditing	N/A	N/A	Success Audit	gcSMQ0000.global.com	Kerberos Service Ticket Operations		N/A	186394982,n/a,"auth,windows",2017-05-02T15:02:38.618Z,51131,172.21.14.20,ms_windows_event-2408821607,238,<14>May  2 11:02:37 gcSMQ0000.global.com ,27946633160,0,0.0.0.0/514/tcp,2b03-681bfc7c8,11011,gcsmq0000.global.com,2017-05-02T11:02:37.000Z,4769,ms_windows_event,security,20e261cb-f0d2-48c2-af60-4a17220cd571#2436,"{""id"":""20e261cb-f0d2-48c2-af60-4a17220cd571#2436"",""num_events"":2851,""data_type"":""passthrough"",""batch_id"":""20e261cb-f0d2-48c2-af60-4a17220cd571"",""batch_segment"":0,""customer_id"":""lga03"",""sequence_number"":2435,""source_type"":""json"",""target_index"":""""}",11011, , , , , , , , , , , , , , , , , , , , , , , , , , , , , , , , , , , , , , , , , 
microsoft-windows-security-auditing,success audit,kerberos service ticket operations,gcsmq0000.global.com,127.0.0.1,MSWinEventLog	1	Security	1629899	Tue May  2 11:02:37 2017	4769	Microsoft-Windows-Security-Auditing	N/A	N/A	Success Audit	gcSMQ0000.global.com	Kerberos Service Ticket Operations		N/A	186394988,n/a,"auth,windows",2017-05-02T15:02:38.619Z,51131,172.21.14.20,ms_windows_event-2408821607,238,<14>May  2 11:02:37 gcSMQ0000.global.com ,27946633166,0,0.0.0.0/514/tcp,2b03-681bfc7ce,11011,gcsmq0000.global.com,2017-05-02T11:02:37.000Z,4769,ms_windows_event,security,20e261cb-f0d2-48c2-af60-4a17220cd571#2438,"{""id"":""20e261cb-f0d2-48c2-af60-4a17220cd571#2438"",""num_events"":2851,""data_type"":""passthrough"",""batch_id"":""20e261cb-f0d2-48c2-af60-4a17220cd571"",""batch_segment"":0,""customer_id"":""lga03"",""sequence_number"":2437,""source_type"":""json"",""target_index"":""""}",11011, , , , , , , , , , , , , , , , , , , , , , , , , , , , , , , , , , , , , , , , , 
microsoft-windows-bits-client,information,n/a,gcgcp0546.global.com,127.0.0.1,MSWinEventLog	1	Microsoft-Windows-Bits-Client/Operational	23831	Tue May  2 11:02:40 2017	60	Microsoft-Windows-Bits-Client	SYSTEM	User	Information	gcgcp0546.global.com	N/A		BITS stopped transferring the CCMDTS Job transfer job that is associated with the http://gcSMQ0601.global.com:80/SMS_MP/.sms_pol?2001-01-01T00:00:00.000000000ZB5242d7a6-6e13-41d0-8bc1-21e6d491656e2001-01-01T00:00:00.000000000ZD.788_00 URL. The status code is 0x0.	13500,bits stopped transferring the ccmdts job transfer job that is associated with the http://gcsmq0601.global.com:80/sms_mp/.sms_pol?2001-01-01t00:00:00.000000000zb5242d7a6-6e13-41d0-8bc1-21e6d491656e2001-01-01t00:00:00.000000000zd.788_00 url,"auth,windows",2017-05-02T15:02:41.177Z,61243,172.25.0.13,ms_windows_event-736857435,521,<14>May  2 11:02:40 gcgcp0546.global.com ,27946633721,0,0.0.0.0/514/tcp,2b03-681bfc9f9,11011,gcgcp0546.global.com,2017-05-02T11:02:40.000Z,60,ms_windows_event,microsoft-windows-bits-client/operational,20e261cb-f0d2-48c2-af60-4a17220cd571#2567,"{""id"":""20e261cb-f0d2-48c2-af60-4a17220cd571#2567"",""num_events"":2820,""data_type"":""passthrough"",""batch_id"":""20e261cb-f0d2-48c2-af60-4a17220cd571"",""batch_segment"":0,""customer_id"":""lga03"",""sequence_number"":2566,""source_type"":""json"",""target_index"":""""}",11011, , , , , , , , , , , , , , , , , , , , ,the status code is 0x0, , , , , , , , , , , , , , , , , , , , 
microsoft-windows-security-auditing,success audit,logon,gcsmq0002.global.com,127.0.0.1,MSWinEventLog	1	Security	2131804	Tue May  2 11:02:40 2017	4624	Microsoft-Windows-Security-Auditing	N/A	N/A	Success Audit	gcSMQ0002.global.com	Logon		N/A	304321360,n/a,"auth,windows",2017-05-02T15:02:41.296Z,50165,172.21.14.21,ms_windows_event-796723568,209,<14>May  2 11:02:40 gcSMQ0002.global.com ,27946633733,0,0.0.0.0/514/tcp,2b03-681bfca05,11011,gcsmq0002.global.com,2017-05-02T11:02:40.000Z,4624,ms_windows_event,security,20e261cb-f0d2-48c2-af60-4a17220cd571#2570,"{""id"":""20e261cb-f0d2-48c2-af60-4a17220cd571#2570"",""num_events"":2820,""data_type"":""passthrough"",""batch_id"":""20e261cb-f0d2-48c2-af60-4a17220cd571"",""batch_segment"":0,""customer_id"":""lga03"",""sequence_number"":2569,""source_type"":""json"",""target_index"":""""}",11011, , , , , , , , , , , , , , , , , , , , , , , , , , , , , , , , , , , , , , , , , 
microsoft-windows-security-auditing,success audit,kerberos service ticket operations,gcsmq0002.global.com,127.0.0.1,MSWinEventLog	1	Security	2131816	Tue May  2 11:02:41 2017	4769	Microsoft-Windows-Security-Auditing	N/A	N/A	Success Audit	gcSMQ0002.global.com	Kerberos Service Ticket Operations		N/A	304321372,n/a,"auth,windows",2017-05-02T15:02:41.301Z,50165,172.21.14.21,ms_windows_event-2408821607,238,<14>May  2 11:02:41 gcSMQ0002.global.com ,27946633745,0,0.0.0.0/514/tcp,2b03-681bfca11,11011,gcsmq0002.global.com,2017-05-02T11:02:41.000Z,4769,ms_windows_event,security,20e261cb-f0d2-48c2-af60-4a17220cd571#2573,"{""id"":""20e261cb-f0d2-48c2-af60-4a17220cd571#2573"",""num_events"":2820,""data_type"":""passthrough"",""batch_id"":""20e261cb-f0d2-48c2-af60-4a17220cd571"",""batch_segment"":0,""customer_id"":""lga03"",""sequence_number"":2572,""source_type"":""json"",""target_index"":""""}",11011, , , , , , , , , , , , , , , , , , , , , , , , , , , , , , , , , , , , , , , , , 
microsoft-windows-security-auditing,success audit,kerberos service ticket operations,gcsmq0000.global.com,127.0.0.1,MSWinEventLog	1	Security	1629920	Tue May  2 11:02:40 2017	4769	Microsoft-Windows-Security-Auditing	N/A	N/A	Success Audit	gcSMQ0000.global.com	Kerberos Service Ticket Operations		N/A	186395009,n/a,"auth,windows",2017-05-02T15:02:41.616Z,51131,172.21.14.20,ms_windows_event-2408821607,238,<14>May  2 11:02:40 gcSMQ0000.global.com ,27946634266,0,0.0.0.0/514/tcp,2b03-681bfcc1a,11011,gcsmq0000.global.com,2017-05-02T11:02:40.000Z,4769,ms_windows_event,security,20e261cb-f0d2-48c2-af60-4a17220cd571#2679,"{""id"":""20e261cb-f0d2-48c2-af60-4a17220cd571#2679"",""num_events"":2820,""data_type"":""passthrough"",""batch_id"":""20e261cb-f0d2-48c2-af60-4a17220cd571"",""batch_segment"":0,""customer_id"":""lga03"",""sequence_number"":2678,""source_type"":""json"",""target_index"":""""}",11011, , , , , , , , , , , , , , , , , , , , , , , , , , , , , , , , , , , , , , , , , 
microsoft-windows-security-auditing,success audit,logon,gcsmq0601.global.com,127.0.0.1,"MSWinEventLog	1	Security	3425068	Tue May  2 11:02:40 2017	4624	Microsoft-Windows-Security-Auditing	N/A	N/A	Success Audit	gcsmq0601.global.com	Logon		An account was successfully logged on.    Subject:   Security ID:  S-1-0-0   Account Name:  -   Account Domain:  -   Logon ID:  0x0    Logon Type:   3    New Logon:   Security ID:  S-1-5-21-2029550947-1910908428-336986018-41777   Account Name:  COLLT5532$   Account Domain:  globalcom   Logon ID:  0x1b5f48fe   Logon GUID:  {5DB6AAA2-C3DF-B472-FBD1-CDB9A3296BCA}    Process Information:   Process ID:  0x0   Process Name:  -    Network Information:   Workstation Name:    Source Network Address: 172.20.80.133   Source Port:  51052    Detailed Authentication Information:   Logon Process:  Kerberos   Authentication Package: Kerberos   Transited Services: -   Package Name (NTLM only): -   Key Length:  0    This event is generated when a logon session is created. It is generated on the computer that was accessed.    The subject fields indicate the account on the local system which requested the logon. This is most commonly a service such as the Server service, or a local process such as Winlogon.exe or Services.exe.    The logon type field indicates the kind of logon that occurred. The most common types are 2 (interactive) and 3 (network).    The New Logon fields indicate the account for whom the new logon was created, i.e. the account that was logged on.    The network fields indicate where a remote logon request originated. Workstation name is not always available and may be left blank in some cases.    The authentication information fields provide detailed information about this specific logon request.   - Logon GUID is a unique identifier that can be used to correlate this event with a KDC event.   - Transited services indicate which intermediate services have participated in this logon request.   - Package name indicates which sub-protocol was used among the NTLM protocols.   - Key length indicates the length of the generated session key. This will be 0 if no session key was requested.	1445129959",an account was successfully logged on,"auth,windows",2017-05-02T15:02:41.401Z,49941,172.21.19.25,ms_windows_event-3795724934,2126,<14>May  2 11:02:40 gcsmq0601.global.com ,27946633785,0,0.0.0.0/514/tcp,2b03-681bfca39,11011,gcsmq0601.global.com,2017-05-02T11:02:40.000Z,4624,ms_windows_event,security,20e261cb-f0d2-48c2-af60-4a17220cd571#2942,"{""id"":""20e261cb-f0d2-48c2-af60-4a17220cd571#2942"",""num_events"":2790,""data_type"":""passthrough"",""batch_id"":""20e261cb-f0d2-48c2-af60-4a17220cd571"",""batch_segment"":0,""customer_id"":""lga03"",""sequence_number"":2941,""source_type"":""json"",""target_index"":""""}",11011,s-1-5-21-2029550947-1910908428-336986018-41777,collt5532$, , ,0x0,-, ,0x1b5f48fe, , , ,globalcom, ,51052,172.20.80.133, , ,private ip address lan,rsv,3,this event is generated when a logon session is created, ,,kerberos,"[""1.1.1521""]", , , , , , , , , , , , , , , , 
microsoft-windows-security-auditing,success audit,other object access events,gcnga0400.global.com,127.0.0.1,MSWinEventLog	1	Security	995082	Tue May  2 16:02:41 2017	4656	Microsoft-Windows-Security-Auditing	N/A	N/A	Success Audit	gcNGA0400.global.com	Other Object Access Events		A handle to an object was requested.    Subject:   Security ID:  S-1-5-18   Account Name:  gcNGA0400$   Account Domain:  globalcom   Logon ID:  0x3e7    Object:   Object Server:  PlugPlayManager   Object Type:  Security   Object Name:  PlugPlaySecurityObject   Handle ID:  0x0    Process Information:   Process ID:  0x2ec   Process Name:  C:\Windows\System32\svchost.exe    Access Request Information:   Transaction ID:  {00000000-0000-0000-0000-000000000000}   Accesses:  Unknown specific access (bit 1)         Access Reasons:  -   Access Mask:  0x2   Privileges Used for Access Check: -   Restricted SID Count: 0	189124662,a handle to an object was requested,"auth,windows",2017-05-02T15:02:44.115Z,52104,172.20.48.23,ms_windows_event-1655484026,846,<14>May  2 16:02:41 gcNGA0400.global.com ,4073159037,1,0.0.0.0/514/tcp,2b01-f2c7797d,11009,gcnga0400.global.com, ,4656,ms_windows_event,security,5454712b-209d-4907-bf27-de1b49efdbf6#45,"{""id"":""5454712b-209d-4907-bf27-de1b49efdbf6#45"",""num_events"":647,""data_type"":""passthrough"",""batch_id"":""5454712b-209d-4907-bf27-de1b49efdbf6"",""batch_segment"":0,""customer_id"":""lga03"",""sequence_number"":44,""source_type"":""json"",""target_index"":""""}",11009,s-1-5-18,gcnga0400$,{00000000-0000-0000-0000-000000000000},plugplaymanager,0x2ec,c:\windows\system32\svchost.exe,-,0x3e7,unknown specific access (bit 1)         access reasons:  -,0,plugplaysecurityobject,globalcom, , , , , , , , , , , , , , , , , , , , , , , , , , , , , 
microsoft-windows-security-auditing,success audit,other object access events,gcnga0400.global.com,127.0.0.1,MSWinEventLog	1	Security	995086	Tue May  2 16:02:41 2017	4656	Microsoft-Windows-Security-Auditing	N/A	N/A	Success Audit	gcNGA0400.global.com	Other Object Access Events		A handle to an object was requested.    Subject:   Security ID:  S-1-5-18   Account Name:  gcNGA0400$   Account Domain:  globalcom   Logon ID:  0x3e7    Object:   Object Server:  PlugPlayManager   Object Type:  Security   Object Name:  PlugPlaySecurityObject   Handle ID:  0x0    Process Information:   Process ID:  0x2ec   Process Name:  C:\Windows\System32\svchost.exe    Access Request Information:   Transaction ID:  {00000000-0000-0000-0000-000000000000}   Accesses:  Unknown specific access (bit 1)         Access Reasons:  -   Access Mask:  0x2   Privileges Used for Access Check: -   Restricted SID Count: 0	189124666,a handle to an object was requested,"auth,windows",2017-05-02T15:02:44.118Z,52104,172.20.48.23,ms_windows_event-1655484026,846,<14>May  2 16:02:41 gcNGA0400.global.com ,4073159041,1,0.0.0.0/514/tcp,2b01-f2c77981,11009,gcnga0400.global.com, ,4656,ms_windows_event,security,5454712b-209d-4907-bf27-de1b49efdbf6#46,"{""id"":""5454712b-209d-4907-bf27-de1b49efdbf6#46"",""num_events"":647,""data_type"":""passthrough"",""batch_id"":""5454712b-209d-4907-bf27-de1b49efdbf6"",""batch_segment"":0,""customer_id"":""lga03"",""sequence_number"":45,""source_type"":""json"",""target_index"":""""}",11009,s-1-5-18,gcnga0400$,{00000000-0000-0000-0000-000000000000},plugplaymanager,0x2ec,c:\windows\system32\svchost.exe,-,0x3e7,unknown specific access (bit 1)         access reasons:  -,0,plugplaysecurityobject,globalcom, , , , , , , , , , , , , , , , , , , , , , , , , , , , , 
microsoft-windows-security-auditing,success audit,other object access events,gcnga0400.global.com,127.0.0.1,MSWinEventLog	1	Security	995094	Tue May  2 16:02:41 2017	4656	Microsoft-Windows-Security-Auditing	N/A	N/A	Success Audit	gcNGA0400.global.com	Other Object Access Events		A handle to an object was requested.    Subject:   Security ID:  S-1-5-18   Account Name:  gcNGA0400$   Account Domain:  globalcom   Logon ID:  0x3e7    Object:   Object Server:  PlugPlayManager   Object Type:  Security   Object Name:  PlugPlaySecurityObject   Handle ID:  0x0    Process Information:   Process ID:  0x2ec   Process Name:  C:\Windows\System32\svchost.exe    Access Request Information:   Transaction ID:  {00000000-0000-0000-0000-000000000000}   Accesses:  Unknown specific access (bit 1)         Access Reasons:  -   Access Mask:  0x2   Privileges Used for Access Check: -   Restricted SID Count: 0	189124674,a handle to an object was requested,"auth,windows",2017-05-02T15:02:44.124Z,52104,172.20.48.23,ms_windows_event-1655484026,846,<14>May  2 16:02:41 gcNGA0400.global.com ,4073159049,1,0.0.0.0/514/tcp,2b01-f2c77989,11009,gcnga0400.global.com, ,4656,ms_windows_event,security,5454712b-209d-4907-bf27-de1b49efdbf6#48,"{""id"":""5454712b-209d-4907-bf27-de1b49efdbf6#48"",""num_events"":647,""data_type"":""passthrough"",""batch_id"":""5454712b-209d-4907-bf27-de1b49efdbf6"",""batch_segment"":0,""customer_id"":""lga03"",""sequence_number"":47,""source_type"":""json"",""target_index"":""""}",11009,s-1-5-18,gcnga0400$,{00000000-0000-0000-0000-000000000000},plugplaymanager,0x2ec,c:\windows\system32\svchost.exe,-,0x3e7,unknown specific access (bit 1)         access reasons:  -,0,plugplaysecurityobject,globalcom, , , , , , , , , , , , , , , , , , , , , , , , , , , , , 
microsoft-windows-security-auditing,success audit,other object access events,gcnga0400.global.com,127.0.0.1,MSWinEventLog	1	Security	995099	Tue May  2 16:02:41 2017	4656	Microsoft-Windows-Security-Auditing	N/A	N/A	Success Audit	gcNGA0400.global.com	Other Object Access Events		A handle to an object was requested.    Subject:   Security ID:  S-1-5-18   Account Name:  gcNGA0400$   Account Domain:  globalcom   Logon ID:  0x3e7    Object:   Object Server:  PlugPlayManager   Object Type:  Security   Object Name:  PlugPlaySecurityObject   Handle ID:  0x0    Process Information:   Process ID:  0x2ec   Process Name:  C:\Windows\System32\svchost.exe    Access Request Information:   Transaction ID:  {00000000-0000-0000-0000-000000000000}   Accesses:  Unknown specific access (bit 1)         Access Reasons:  -   Access Mask:  0x2   Privileges Used for Access Check: -   Restricted SID Count: 0	189124679,a handle to an object was requested,"auth,windows",2017-05-02T15:02:44.126Z,52104,172.20.48.23,ms_windows_event-1655484026,846,<14>May  2 16:02:41 gcNGA0400.global.com ,4073159054,1,0.0.0.0/514/tcp,2b01-f2c7798e,11009,gcnga0400.global.com, ,4656,ms_windows_event,security,5454712b-209d-4907-bf27-de1b49efdbf6#49,"{""id"":""5454712b-209d-4907-bf27-de1b49efdbf6#49"",""num_events"":647,""data_type"":""passthrough"",""batch_id"":""5454712b-209d-4907-bf27-de1b49efdbf6"",""batch_segment"":0,""customer_id"":""lga03"",""sequence_number"":48,""source_type"":""json"",""target_index"":""""}",11009,s-1-5-18,gcnga0400$,{00000000-0000-0000-0000-000000000000},plugplaymanager,0x2ec,c:\windows\system32\svchost.exe,-,0x3e7,unknown specific access (bit 1)         access reasons:  -,0,plugplaysecurityobject,globalcom, , , , , , , , , , , , , , , , , , , , , , , , , , , , , 
microsoft-windows-security-auditing,success audit,logon,gcbrw0000.global.com,127.0.0.1,"MSWinEventLog	1	Security	796286	Tue May  2 11:02:42 2017	4624	Microsoft-Windows-Security-Auditing	N/A	N/A	Success Audit	gcBRW0000.global.com	Logon		An account was successfully logged on.    Subject:   Security ID:  S-1-0-0   Account Name:  -   Account Domain:  -   Logon ID:  0x0    Logon Type:   3    Impersonation Level:  Impersonation    New Logon:   Security ID:  S-1-5-21-2029550947-1910908428-336986018-2801   Account Name:  a.ellis   Account Domain:  globalcom   Logon ID:  0x9F80F75   Logon GUID:  {10C933EE-816A-4D01-FBA6-736423720795}    Process Information:   Process ID:  0x0   Process Name:  -    Network Information:   Workstation Name:    Source Network Address: 172.24.33.185   Source Port:  53504    Detailed Authentication Information:   Logon Process:  Kerberos   Authentication Package: Kerberos   Transited Services: -   Package Name (NTLM only): -   Key Length:  0    This event is generated when a logon session is created. It is generated on the computer that was accessed.    The subject fields indicate the account on the local system which requested the logon. This is most commonly a service such as the Server service, or a local process such as Winlogon.exe or Services.exe.    The logon type field indicates the kind of logon that occurred. The most common types are 2 (interactive) and 3 (network).    The New Logon fields indicate the account for whom the new logon was created, i.e. the account that was logged on.    The network fields indicate where a remote logon request originated. Workstation name is not always available and may be left blank in some cases.    The impersonation level field indicates the extent to which a process in the logon session can impersonate.    The authentication information fields provide detailed information about this specific logon request.   - Logon GUID is a unique identifier that can be used to correlate this event with a KDC event.   - Transited services indicate which intermediate services have participated in this logon request.   - Package name indicates which sub-protocol was used among the NTLM protocols.   - Key length indicates the length of the generated session key. This will be 0 if no session key was requested.	64590995",an account was successfully logged on,"auth,windows",2017-05-02T15:04:40.827Z,54837,172.24.19.20,ms_windows_event-3795724934,2268,<14>May  2 11:02:42 gcBRW0000.global.com ,3969016376,1,0.0.0.0/514/tcp,2b04-ec926238,11012,gcbrw0000.global.com,2017-05-02T11:02:42.000Z,4624,ms_windows_event,security,5454712b-209d-4907-bf27-de1b49efdbf6#79,"{""id"":""5454712b-209d-4907-bf27-de1b49efdbf6#79"",""num_events"":643,""data_type"":""passthrough"",""batch_id"":""5454712b-209d-4907-bf27-de1b49efdbf6"",""batch_segment"":0,""customer_id"":""lga03"",""sequence_number"":78,""source_type"":""json"",""target_index"":""""}",11012,s-1-5-21-2029550947-1910908428-336986018-2801,a.ellis, , ,0x0,-, ,0x9f80f75, , , ,globalcom, ,53504,172.24.33.185, , ,private ip address lan,rsv,3,this event is generated when a logon session is created, ,,kerberos,"[""1.1.1521"",""1.1.1552""]", , , , , , , , , , , , , , , , 
microsoft-windows-security-auditing,success audit,logogc,gcbrw0000.global.com,127.0.0.1,MSWinEventLog	1	Security	796291	Tue May  2 11:02:42 2017	4634	Microsoft-Windows-Security-Auditing	N/A	N/A	Success Audit	gcBRW0000.global.com	Logogc		An account was logged ogc.    Subject:   Security ID:  S-1-5-21-2029550947-1910908428-336986018-2801   Account Name:  a.ellis   Account Domain:  globalcom   Logon ID:  0x9F80F89    Logon Type:   3    This event is generated when a logon session is destroyed. It may be positively correlated with a logon event using the Logon ID value. Logon IDs are only unique between reboots on the same computer.	64591000,an account was logged ogc,"auth,windows",2017-05-02T15:04:40.827Z,54837,172.24.19.20,ms_windows_event-3012490973,609,<14>May  2 11:02:42 gcBRW0000.global.com ,3969016381,1,0.0.0.0/514/tcp,2b04-ec92623d,11012,gcbrw0000.global.com,2017-05-02T11:02:42.000Z,4634,ms_windows_event,security,5454712b-209d-4907-bf27-de1b49efdbf6#81,"{""id"":""5454712b-209d-4907-bf27-de1b49efdbf6#81"",""num_events"":643,""data_type"":""passthrough"",""batch_id"":""5454712b-209d-4907-bf27-de1b49efdbf6"",""batch_segment"":0,""customer_id"":""lga03"",""sequence_number"":80,""source_type"":""json"",""target_index"":""""}",11012,s-1-5-21-2029550947-1910908428-336986018-2801,a.ellis, , , , , ,0x9f80f89, , , ,globalcom, , , , , , , ,3,this event is generated when a logon session is destroyed, , , , , , , , , , , , , , , , , , , , 
microsoft-windows-security-auditing,success audit,logon,gcsmq0601.global.com,127.0.0.1,"MSWinEventLog	1	Security	3425177	Tue May  2 11:02:42 2017	4624	Microsoft-Windows-Security-Auditing	N/A	N/A	Success Audit	gcsmq0601.global.com	Logon		An account was successfully logged on.    Subject:   Security ID:  S-1-0-0   Account Name:  -   Account Domain:  -   Logon ID:  0x0    Logon Type:   3    New Logon:   Security ID:  S-1-5-21-2029550947-1910908428-336986018-41811   Account Name:  gcSMQ0608$   Account Domain:  globalcom   Logon ID:  0x1b5f6d62   Logon GUID:  {290E3873-gc38-0A15-59C7-05D4B049C27F}    Process Information:   Process ID:  0x0   Process Name:  -    Network Information:   Workstation Name:    Source Network Address: 172.21.220.8   Source Port:  50956    Detailed Authentication Information:   Logon Process:  Kerberos   Authentication Package: Kerberos   Transited Services: -   Package Name (NTLM only): -   Key Length:  0    This event is generated when a logon session is created. It is generated on the computer that was accessed.    The subject fields indicate the account on the local system which requested the logon. This is most commonly a service such as the Server service, or a local process such as Winlogon.exe or Services.exe.    The logon type field indicates the kind of logon that occurred. The most common types are 2 (interactive) and 3 (network).    The New Logon fields indicate the account for whom the new logon was created, i.e. the account that was logged on.    The network fields indicate where a remote logon request originated. Workstation name is not always available and may be left blank in some cases.    The authentication information fields provide detailed information about this specific logon request.   - Logon GUID is a unique identifier that can be used to correlate this event with a KDC event.   - Transited services indicate which intermediate services have participated in this logon request.   - Package name indicates which sub-protocol was used among the NTLM protocols.   - Key length indicates the length of the generated session key. This will be 0 if no session key was requested.	1445130068",an account was successfully logged on,"auth,windows",2017-05-02T15:02:43.510Z,49941,172.21.19.25,ms_windows_event-3795724934,2125,<14>May  2 11:02:42 gcsmq0601.global.com ,27946634905,0,0.0.0.0/514/tcp,2b03-681bfce99,11011,gcsmq0601.global.com,2017-05-02T11:02:42.000Z,4624,ms_windows_event,security,5454712b-209d-4907-bf27-de1b49efdbf6#99,"{""id"":""5454712b-209d-4907-bf27-de1b49efdbf6#99"",""num_events"":643,""data_type"":""passthrough"",""batch_id"":""5454712b-209d-4907-bf27-de1b49efdbf6"",""batch_segment"":0,""customer_id"":""lga03"",""sequence_number"":98,""source_type"":""json"",""target_index"":""""}",11011,s-1-5-21-2029550947-1910908428-336986018-41811,gcsmq0608$, , ,0x0,-, ,0x1b5f6d62, , , ,globalcom, ,50956,172.21.220.8, , ,private ip address lan,rsv,3,this event is generated when a logon session is created, ,,kerberos,"[""1.1.1521""]", , , , , , , , , , , , , , , , 
microsoft-windows-security-auditing,success audit,special logon,gcsmq0601.global.com,127.0.0.1,MSWinEventLog	1	Security	3425186	Tue May  2 11:02:42 2017	4672	Microsoft-Windows-Security-Auditing	N/A	N/A	Success Audit	gcsmq0601.global.com	Special Logon		Special privileges assigned to new logon.    Subject:   Security ID:  S-1-5-21-2029550947-1910908428-336986018-41811   Account Name:  gcSMQ0608$   Account Domain:  globalcom   Logon ID:  0x1b5f6de6    Privileges:  SeTcbPrivilege	1445130077,special privileges assigned to new logon,"auth,windows",2017-05-02T15:02:43.514Z,49941,172.21.19.25,ms_windows_event-2006199550,448,<14>May  2 11:02:42 gcsmq0601.global.com ,27946634909,0,0.0.0.0/514/tcp,2b03-681bfce9d,11011,gcsmq0601.global.com, ,4672,ms_windows_event,security,5454712b-209d-4907-bf27-de1b49efdbf6#100,"{""id"":""5454712b-209d-4907-bf27-de1b49efdbf6#100"",""num_events"":643,""data_type"":""passthrough"",""batch_id"":""5454712b-209d-4907-bf27-de1b49efdbf6"",""batch_segment"":0,""customer_id"":""lga03"",""sequence_number"":99,""source_type"":""json"",""target_index"":""""}",11011,s-1-5-21-2029550947-1910908428-336986018-41811,gcsmq0608$ , , , , ,setcbprivilege,0x1b5f6de6, , , ,globalcom, , , , , , , , , , , , , , , , , , , , , , , , , , , , , 
microsoft-windows-security-auditing,failure audit,kerberos authentication service,gcnyc-60-010.global.com,127.0.0.1,MSWinEventLog	3	Security	1354695	Tue May  2 11:02:44 2017	4768	Microsoft-Windows-Security-Auditing	N/A	N/A	Failure Audit	gcNYC-60-010.global.com	Kerberos Authentication Service		N/A	153578675,n/a,"auth,windows",2017-05-02T15:02:44.925Z,59147,172.21.14.26,ms_windows_event-3984003816,241,<11>May  2 11:02:44 gcNYC-60-010.global.com ,27946635505,0,0.0.0.0/514/tcp,2b03-681bfd0f1,11011,gcnyc-60-010.global.com,2017-05-02T11:02:44.000Z,4768,ms_windows_event,security,5454712b-209d-4907-bf27-de1b49efdbf6#257,"{""id"":""5454712b-209d-4907-bf27-de1b49efdbf6#257"",""num_events"":595,""data_type"":""passthrough"",""batch_id"":""5454712b-209d-4907-bf27-de1b49efdbf6"",""batch_segment"":0,""customer_id"":""lga03"",""sequence_number"":256,""source_type"":""json"",""target_index"":""""}",11011, , , , , , , , , , , , , , , , , , , , , , , , , , , , , , , , , , , , , , , , , 
microsoft-windows-security-auditing,failure audit,kerberos authentication service,gcnyc-60-010.global.com,127.0.0.1,MSWinEventLog	3	Security	1354699	Tue May  2 11:02:44 2017	4768	Microsoft-Windows-Security-Auditing	N/A	N/A	Failure Audit	gcNYC-60-010.global.com	Kerberos Authentication Service		N/A	153578679,n/a,"auth,windows",2017-05-02T15:02:44.928Z,59147,172.21.14.26,ms_windows_event-3984003816,241,<11>May  2 11:02:44 gcNYC-60-010.global.com ,27946635509,0,0.0.0.0/514/tcp,2b03-681bfd0f5,11011,gcnyc-60-010.global.com,2017-05-02T11:02:44.000Z,4768,ms_windows_event,security,5454712b-209d-4907-bf27-de1b49efdbf6#258,"{""id"":""5454712b-209d-4907-bf27-de1b49efdbf6#258"",""num_events"":595,""data_type"":""passthrough"",""batch_id"":""5454712b-209d-4907-bf27-de1b49efdbf6"",""batch_segment"":0,""customer_id"":""lga03"",""sequence_number"":257,""source_type"":""json"",""target_index"":""""}",11011, , , , , , , , , , , , , , , , , , , , , , , , , , , , , , , , , , , , , , , , , 
microsoft-windows-security-auditing,success audit,logogc,gcnyc-60-010.global.com,127.0.0.1,MSWinEventLog	1	Security	1354703	Tue May  2 11:02:44 2017	4634	Microsoft-Windows-Security-Auditing	N/A	N/A	Success Audit	gcNYC-60-010.global.com	Logogc		N/A	153578683,n/a,"auth,windows",2017-05-02T15:02:44.931Z,59147,172.21.14.26,ms_windows_event-1377334112,216,<14>May  2 11:02:44 gcNYC-60-010.global.com ,27946635513,0,0.0.0.0/514/tcp,2b03-681bfd0f9,11011,gcnyc-60-010.global.com,2017-05-02T11:02:44.000Z,4634,ms_windows_event,security,5454712b-209d-4907-bf27-de1b49efdbf6#259,"{""id"":""5454712b-209d-4907-bf27-de1b49efdbf6#259"",""num_events"":595,""data_type"":""passthrough"",""batch_id"":""5454712b-209d-4907-bf27-de1b49efdbf6"",""batch_segment"":0,""customer_id"":""lga03"",""sequence_number"":258,""source_type"":""json"",""target_index"":""""}",11011, , , , , , , , , , , , , , , , , , , , , , , , , , , , , , , , , , , , , , , , , 
microsoft-windows-security-auditing,failure audit,filtering platform connection,gcind0400.global.com,127.0.0.1,MSWinEventLog	3	Security	1535168	Tue May  2 20:30:57 2017	5157	Microsoft-Windows-Security-Auditing	N/A	N/A	Failure Audit	gcIND0400.global.com	Filtering Platform Connection		The Windows Filtering Platform has blocked a connection.    Application Information:   Process ID:  976   Application Name: \device\harddiskvolume2\windows\system32\svchost.exe    Network Information:   Direction:  Inbound   Source Address:  255.255.255.255   Source Port:  67   Destination Address: 0.0.0.0   Destination Port:  68   Protocol:  0    Filter Information:   Filter Run-Time ID: 152942   Layer Name:  Receive/Accept   Layer Run-Time ID: 44	671456121,the windows filtering platform has blocked a connection,"auth,windows",2017-05-02T15:02:44.658Z,63364,172.20.42.23,ms_windows_event-820008369,682,<11>May  2 20:30:57 gcIND0400.global.com ,285063405,1,0.0.0.0/514/tcp,2afe-10fdb8ed,11006,gcind0400.global.com, ,5157,ms_windows_event,security,5454712b-209d-4907-bf27-de1b49efdbf6#261,"{""id"":""5454712b-209d-4907-bf27-de1b49efdbf6#261"",""num_events"":595,""data_type"":""passthrough"",""batch_id"":""5454712b-209d-4907-bf27-de1b49efdbf6"",""batch_segment"":0,""customer_id"":""lga03"",""sequence_number"":260,""source_type"":""json"",""target_index"":""""}",11006, , , , ,976, , , , , , , , ,67,255.255.255.255,0,\device\harddiskvolume2\windows\system32\svchost.exe,reserved rfc3330,rsv, , , , , , , , , ,68,0.0.0.0,inbound,broadcast rfc1700,rsv, , , , , , , , 
microsoft-windows-security-auditing,success audit,logogc,gcbra0000.global.com,127.0.0.1,MSWinEventLog	1	Security	99022	Tue May  2 12:02:36 2017	4634	Microsoft-Windows-Security-Auditing	N/A	N/A	Success Audit	gcBRA0000.global.com	Logogc		N/A	19816097,n/a,"auth,windows",2017-05-02T15:02:37.713Z,64485,172.20.36.22,ms_windows_event-1377334112,207,<14>May  2 12:02:36 gcBRA0000.global.com ,6500393981,1,0.0.0.0/514/tcp,2af9-1837423fd,11001,gcbra0000.global.com,2017-05-02T12:02:36.000Z,4634,ms_windows_event,security,5454712b-209d-4907-bf27-de1b49efdbf6#353,"{""id"":""5454712b-209d-4907-bf27-de1b49efdbf6#353"",""num_events"":566,""data_type"":""passthrough"",""batch_id"":""5454712b-209d-4907-bf27-de1b49efdbf6"",""batch_segment"":0,""customer_id"":""lga03"",""sequence_number"":352,""source_type"":""json"",""target_index"":""""}",11001, , , , , , , , , , , , , , , , , , , , , , , , , , , , , , , , , , , , , , , , , 
microsoft-windows-security-auditing,success audit,logon,gcbra0000.global.com,127.0.0.1,MSWinEventLog	1	Security	99030	Tue May  2 12:02:36 2017	4624	Microsoft-Windows-Security-Auditing	N/A	N/A	Success Audit	gcBRA0000.global.com	Logon		N/A	19816105,n/a,"auth,windows",2017-05-02T15:02:37.717Z,64485,172.20.36.22,ms_windows_event-796723568,206,<14>May  2 12:02:36 gcBRA0000.global.com ,6500393989,1,0.0.0.0/514/tcp,2af9-183742405,11001,gcbra0000.global.com,2017-05-02T12:02:36.000Z,4624,ms_windows_event,security,5454712b-209d-4907-bf27-de1b49efdbf6#354,"{""id"":""5454712b-209d-4907-bf27-de1b49efdbf6#354"",""num_events"":566,""data_type"":""passthrough"",""batch_id"":""5454712b-209d-4907-bf27-de1b49efdbf6"",""batch_segment"":0,""customer_id"":""lga03"",""sequence_number"":353,""source_type"":""json"",""target_index"":""""}",11001, , , , , , , , , , , , , , , , , , , , , , , , , , , , , , , , , , , , , , , , , 
microsoft-windows-security-auditing,success audit,logon,gcbra0000.global.com,127.0.0.1,MSWinEventLog	1	Security	99036	Tue May  2 12:02:36 2017	4624	Microsoft-Windows-Security-Auditing	N/A	N/A	Success Audit	gcBRA0000.global.com	Logon		N/A	19816111,n/a,"auth,windows",2017-05-02T15:02:37.719Z,64485,172.20.36.22,ms_windows_event-796723568,206,<14>May  2 12:02:36 gcBRA0000.global.com ,6500393995,1,0.0.0.0/514/tcp,2af9-18374240b,11001,gcbra0000.global.com,2017-05-02T12:02:36.000Z,4624,ms_windows_event,security,5454712b-209d-4907-bf27-de1b49efdbf6#355,"{""id"":""5454712b-209d-4907-bf27-de1b49efdbf6#355"",""num_events"":566,""data_type"":""passthrough"",""batch_id"":""5454712b-209d-4907-bf27-de1b49efdbf6"",""batch_segment"":0,""customer_id"":""lga03"",""sequence_number"":354,""source_type"":""json"",""target_index"":""""}",11001, , , , , , , , , , , , , , , , , , , , , , , , , , , , , , , , , , , , , , , , , 
microsoft-windows-security-auditing,success audit,other object access events,gcegy0400.global.com,127.0.0.1,MSWinEventLog	1	Security	1078861	Tue May  2 17:02:37 2017	4658	Microsoft-Windows-Security-Auditing	N/A	N/A	Success Audit	gcEGY0400.global.com	Other Object Access Events		The handle to an object was closed.    Subject :   Security ID:  S-1-5-18   Account Name:  gcEGY0400$   Account Domain:  globalcom   Logon ID:  0x3e7    Object:   Object Server:  Security Account Manager   Handle ID:  0x1d2dc60    Process Information:   Process ID:  0x27c   Process Name:  C:\Windows\System32\lsass.exe	169322701,the handle to an object was closed,"auth,windows",2017-05-02T15:02:37.916Z,62367,172.20.40.23,ms_windows_event-259117541,551,<14>May  2 17:02:37 gcEGY0400.global.com ,192248589,1,0.0.0.0/514/tcp,2afc-b757b0d,11004,gcegy0400.global.com,2017-05-02T17:02:37.000Z,4658,ms_windows_event,security,5454712b-209d-4907-bf27-de1b49efdbf6#362,"{""id"":""5454712b-209d-4907-bf27-de1b49efdbf6#362"",""num_events"":566,""data_type"":""passthrough"",""batch_id"":""5454712b-209d-4907-bf27-de1b49efdbf6"",""batch_segment"":0,""customer_id"":""lga03"",""sequence_number"":361,""source_type"":""json"",""target_index"":""""}",11004, ,gcegy0400$, ,security account manager,0x27c,c:\windows\system32\lsass.exe, ,0x3e7, ,30596192, ,globalcom, , , , , , , , , , , , , , , , , , , , , , , , , , , , , 
microsoft-windows-security-auditing,success audit,logon,gcbrw0000.global.com,127.0.0.1,"MSWinEventLog	1	Security	796317	Tue May  2 11:02:44 2017	4624	Microsoft-Windows-Security-Auditing	N/A	N/A	Success Audit	gcBRW0000.global.com	Logon		An account was successfully logged on.    Subject:   Security ID:  S-1-0-0   Account Name:  -   Account Domain:  -   Logon ID:  0x0    Logon Type:   3    Impersonation Level:  Impersonation    New Logon:   Security ID:  S-1-5-21-2029550947-1910908428-336986018-2915   Account Name:  C.Block   Account Domain:  globalcom   Logon ID:  0x9F81EA7   Logon GUID:  {E9FBB971-4535-7B12-1724-A31C4D51DA47}    Process Information:   Process ID:  0x0   Process Name:  -    Network Information:   Workstation Name:    Source Network Address: 172.24.1.99   Source Port:  51199    Detailed Authentication Information:   Logon Process:  Kerberos   Authentication Package: Kerberos   Transited Services: -   Package Name (NTLM only): -   Key Length:  0    This event is generated when a logon session is created. It is generated on the computer that was accessed.    The subject fields indicate the account on the local system which requested the logon. This is most commonly a service such as the Server service, or a local process such as Winlogon.exe or Services.exe.    The logon type field indicates the kind of logon that occurred. The most common types are 2 (interactive) and 3 (network).    The New Logon fields indicate the account for whom the new logon was created, i.e. the account that was logged on.    The network fields indicate where a remote logon request originated. Workstation name is not always available and may be left blank in some cases.    The impersonation level field indicates the extent to which a process in the logon session can impersonate.    The authentication information fields provide detailed information about this specific logon request.   - Logon GUID is a unique identifier that can be used to correlate this event with a KDC event.   - Transited services indicate which intermediate services have participated in this logon request.   - Package name indicates which sub-protocol was used among the NTLM protocols.   - Key length indicates the length of the generated session key. This will be 0 if no session key was requested.	64591026",an account was successfully logged on,"auth,windows",2017-05-02T15:04:42.825Z,54837,172.24.19.20,ms_windows_event-3795724934,2266,<14>May  2 11:02:44 gcBRW0000.global.com ,3969018408,1,0.0.0.0/514/tcp,2b04-ec926a28,11012,gcbrw0000.global.com,2017-05-02T11:02:44.000Z,4624,ms_windows_event,security,5454712b-209d-4907-bf27-de1b49efdbf6#385,"{""id"":""5454712b-209d-4907-bf27-de1b49efdbf6#385"",""num_events"":566,""data_type"":""passthrough"",""batch_id"":""5454712b-209d-4907-bf27-de1b49efdbf6"",""batch_segment"":0,""customer_id"":""lga03"",""sequence_number"":384,""source_type"":""json"",""target_index"":""""}",11012,s-1-5-21-2029550947-1910908428-336986018-2915,c.block, , ,0x0,-, ,0x9f81ea7, , , ,globalcom, ,51199,172.24.1.99, , ,private ip address lan,rsv,3,this event is generated when a logon session is created, ,,kerberos,"[""1.1.1521"",""1.1.1552""]", , , , , , , , , , , , , , , , 
