microsoft-windows-security-auditing,success audit,registry,gcegy0400.global.com,127.0.0.1,MSWinEventLog	1	Security	1078952	Tue May  2 17:02:40 2017	4663	Microsoft-Windows-Security-Auditing	N/A	N/A	Success Audit	gcEGY0400.global.com	Registry		An attempt was made to access an object.    Subject:   Security ID:  S-1-5-18   Account Name:  gcEGY0400$   Account Domain:  globalcom   Logon ID:  0x3e7    Object:   Object Server: Security   Object Type: Key   Object Name: \REGISTRY\MACHINE\SYSTEM\ControlSet001\services\eventlog\Security   Handle ID: 0x6cc    Process Information:   Process ID: 0x270   Process Name: C:\Windows\System32\services.exe    Access Request Information:   Accesses: Set key value         Access Mask: 0x2	169322792,an attempt was made to access an object,"auth,windows",2017-05-02T15:02:42.060Z,62367,172.20.40.23,ms_windows_event-3722015005,698,<14>May  2 17:02:40 gcEGY0400.global.com ,192248808,1,0.0.0.0/514/tcp,2afc-b757be8,11004,gcegy0400.global.com,2017-05-02T17:02:40.000Z,4663,ms_windows_event,security,58565d1f-8eba-45c1-b5a1-b3824a45aedf#1462,"{""id"":""58565d1f-8eba-45c1-b5a1-b3824a45aedf#1462"",""num_events"":2819,""data_type"":""passthrough"",""batch_id"":""58565d1f-8eba-45c1-b5a1-b3824a45aedf"",""batch_segment"":0,""customer_id"":""lga03"",""sequence_number"":1461,""source_type"":""json"",""target_index"":""""}",11004,s-1-5-18,gcegy0400$, ,security,0x270,c:\windows\system32\services.exe, ,0x3e7,set key value,1740,\registry\machine\system\controlset001\services\eventlog\security  ,globalcom, , , , , , , , , , , , , , , , , , , , , , , , , , , , , 
microsoft-windows-security-auditing,success audit,logon,gcbra0000.global.com,127.0.0.1,MSWinEventLog	1	Security	99049	Tue May  2 12:02:42 2017	4624	Microsoft-Windows-Security-Auditing	N/A	N/A	Success Audit	gcBRA0000.global.com	Logon		N/A	19816124,n/a,"auth,windows",2017-05-02T15:02:43.775Z,64485,172.20.36.22,ms_windows_event-796723568,206,<14>May  2 12:02:42 gcBRA0000.global.com ,6500394449,1,0.0.0.0/514/tcp,2af9-1837425d1,11001,gcbra0000.global.com,2017-05-02T12:02:42.000Z,4624,ms_windows_event,security,58565d1f-8eba-45c1-b5a1-b3824a45aedf#1613,"{""id"":""58565d1f-8eba-45c1-b5a1-b3824a45aedf#1613"",""num_events"":2796,""data_type"":""passthrough"",""batch_id"":""58565d1f-8eba-45c1-b5a1-b3824a45aedf"",""batch_segment"":0,""customer_id"":""lga03"",""sequence_number"":1612,""source_type"":""json"",""target_index"":""""}",11001, , , , , , , , , , , , , , , , , , , , , , , , , , , , , , , , , , , , , , , , , 
microsoft-windows-security-auditing,success audit,special logon,gcbra0000.global.com,127.0.0.1,MSWinEventLog	1	Security	99057	Tue May  2 12:02:42 2017	4672	Microsoft-Windows-Security-Auditing	N/A	N/A	Success Audit	gcBRA0000.global.com	Special Logon		N/A	19816132,n/a,"auth,windows",2017-05-02T15:02:43.778Z,64485,172.20.36.22,ms_windows_event-3923140098,214,<14>May  2 12:02:42 gcBRA0000.global.com ,6500394457,1,0.0.0.0/514/tcp,2af9-1837425d9,11001,gcbra0000.global.com,2017-05-02T12:02:42.000Z,4672,ms_windows_event,security,58565d1f-8eba-45c1-b5a1-b3824a45aedf#1614,"{""id"":""58565d1f-8eba-45c1-b5a1-b3824a45aedf#1614"",""num_events"":2796,""data_type"":""passthrough"",""batch_id"":""58565d1f-8eba-45c1-b5a1-b3824a45aedf"",""batch_segment"":0,""customer_id"":""lga03"",""sequence_number"":1613,""source_type"":""json"",""target_index"":""""}",11001, , , , , , , , , , , , , , , , , , , , , , , , , , , , , , , , , , , , , , , , , 
microsoft-windows-security-auditing,success audit,logogc,gcbra0000.global.com,127.0.0.1,MSWinEventLog	1	Security	99065	Tue May  2 12:02:42 2017	4634	Microsoft-Windows-Security-Auditing	N/A	N/A	Success Audit	gcBRA0000.global.com	Logogc		N/A	19816140,n/a,"auth,windows",2017-05-02T15:02:43.780Z,64485,172.20.36.22,ms_windows_event-1377334112,207,<14>May  2 12:02:42 gcBRA0000.global.com ,6500394465,1,0.0.0.0/514/tcp,2af9-1837425e1,11001,gcbra0000.global.com,2017-05-02T12:02:42.000Z,4634,ms_windows_event,security,58565d1f-8eba-45c1-b5a1-b3824a45aedf#1615,"{""id"":""58565d1f-8eba-45c1-b5a1-b3824a45aedf#1615"",""num_events"":2796,""data_type"":""passthrough"",""batch_id"":""58565d1f-8eba-45c1-b5a1-b3824a45aedf"",""batch_segment"":0,""customer_id"":""lga03"",""sequence_number"":1614,""source_type"":""json"",""target_index"":""""}",11001, , , , , , , , , , , , , , , , , , , , , , , , , , , , , , , , , , , , , , , , , 
microsoft-windows-security-auditing,success audit,logogc,gcbra0000.global.com,127.0.0.1,MSWinEventLog	1	Security	99069	Tue May  2 12:02:43 2017	4634	Microsoft-Windows-Security-Auditing	N/A	N/A	Success Audit	gcBRA0000.global.com	Logogc		N/A	19816144,n/a,"auth,windows",2017-05-02T15:02:44.775Z,64485,172.20.36.22,ms_windows_event-1377334112,207,<14>May  2 12:02:43 gcBRA0000.global.com ,6500394497,1,0.0.0.0/514/tcp,2af9-183742601,11001,gcbra0000.global.com,2017-05-02T12:02:43.000Z,4634,ms_windows_event,security,58565d1f-8eba-45c1-b5a1-b3824a45aedf#1631,"{""id"":""58565d1f-8eba-45c1-b5a1-b3824a45aedf#1631"",""num_events"":2796,""data_type"":""passthrough"",""batch_id"":""58565d1f-8eba-45c1-b5a1-b3824a45aedf"",""batch_segment"":0,""customer_id"":""lga03"",""sequence_number"":1630,""source_type"":""json"",""target_index"":""""}",11001, , , , , , , , , , , , , , , , , , , , , , , , , , , , , , , , , , , , , , , , , 
microsoft-windows-security-auditing,success audit,logon,gcbra0000.global.com,127.0.0.1,MSWinEventLog	1	Security	99077	Tue May  2 12:02:43 2017	4624	Microsoft-Windows-Security-Auditing	N/A	N/A	Success Audit	gcBRA0000.global.com	Logon		N/A	19816152,n/a,"auth,windows",2017-05-02T15:02:44.779Z,64485,172.20.36.22,ms_windows_event-796723568,206,<14>May  2 12:02:43 gcBRA0000.global.com ,6500394505,1,0.0.0.0/514/tcp,2af9-183742609,11001,gcbra0000.global.com,2017-05-02T12:02:43.000Z,4624,ms_windows_event,security,58565d1f-8eba-45c1-b5a1-b3824a45aedf#1632,"{""id"":""58565d1f-8eba-45c1-b5a1-b3824a45aedf#1632"",""num_events"":2796,""data_type"":""passthrough"",""batch_id"":""58565d1f-8eba-45c1-b5a1-b3824a45aedf"",""batch_segment"":0,""customer_id"":""lga03"",""sequence_number"":1631,""source_type"":""json"",""target_index"":""""}",11001, , , , , , , , , , , , , , , , , , , , , , , , , , , , , , , , , , , , , , , , , 
microsoft-windows-security-auditing,success audit,other object access events,gcbra0400.global.com,127.0.0.1,MSWinEventLog	1	Security	566826	Tue May  2 12:02:40 2017	4656	Microsoft-Windows-Security-Auditing	N/A	N/A	Success Audit	gcBRA0400.global.com	Other Object Access Events		A handle to an object was requested.    Subject:   Security ID:  S-1-5-18   Account Name:  gcBRA0400$   Account Domain:  globalcom   Logon ID:  0x3e7    Object:   Object Server:  PlugPlayManager   Object Type:  Security   Object Name:  PlugPlaySecurityObject   Handle ID:  0x0    Process Information:   Process ID:  0x2dc   Process Name:  C:\Windows\System32\svchost.exe    Access Request Information:   Transaction ID:  {00000000-0000-0000-0000-000000000000}   Accesses:  Unknown specific access (bit 1)         Access Reasons:  -   Access Mask:  0x2   Privileges Used for Access Check: -   Restricted SID Count: 0	457188703,a handle to an object was requested,"auth,windows",2017-05-02T15:02:43.064Z,50311,172.20.36.23,ms_windows_event-1655484026,846,<14>May  2 12:02:40 gcBRA0400.global.com ,6500394392,1,0.0.0.0/514/tcp,2af9-183742598,11001,gcbra0400.global.com, ,4656,ms_windows_event,security,58565d1f-8eba-45c1-b5a1-b3824a45aedf#1651,"{""id"":""58565d1f-8eba-45c1-b5a1-b3824a45aedf#1651"",""num_events"":2796,""data_type"":""passthrough"",""batch_id"":""58565d1f-8eba-45c1-b5a1-b3824a45aedf"",""batch_segment"":0,""customer_id"":""lga03"",""sequence_number"":1650,""source_type"":""json"",""target_index"":""""}",11001,s-1-5-18,gcbra0400$,{00000000-0000-0000-0000-000000000000},plugplaymanager,0x2dc,c:\windows\system32\svchost.exe,-,0x3e7,unknown specific access (bit 1)         access reasons:  -,0,plugplaysecurityobject,globalcom, , , , , , , , , , , , , , , , , , , , , , , , , , , , , 
microsoft-windows-security-auditing,success audit,other object access events,gcbra0400.global.com,127.0.0.1,MSWinEventLog	1	Security	566859	Tue May  2 12:02:40 2017	4656	Microsoft-Windows-Security-Auditing	N/A	N/A	Success Audit	gcBRA0400.global.com	Other Object Access Events		A handle to an object was requested.    Subject:   Security ID:  S-1-5-18   Account Name:  gcBRA0400$   Account Domain:  globalcom   Logon ID:  0x3e7    Object:   Object Server:  PlugPlayManager   Object Type:  Security   Object Name:  PlugPlaySecurityObject   Handle ID:  0x0    Process Information:   Process ID:  0x2dc   Process Name:  C:\Windows\System32\svchost.exe    Access Request Information:   Transaction ID:  {00000000-0000-0000-0000-000000000000}   Accesses:  Unknown specific access (bit 1)         Access Reasons:  -   Access Mask:  0x2   Privileges Used for Access Check: -   Restricted SID Count: 0	457188736,a handle to an object was requested,"auth,windows",2017-05-02T15:02:43.086Z,50311,172.20.36.23,ms_windows_event-1655484026,846,<14>May  2 12:02:40 gcBRA0400.global.com ,6500394425,1,0.0.0.0/514/tcp,2af9-1837425b9,11001,gcbra0400.global.com, ,4656,ms_windows_event,security,58565d1f-8eba-45c1-b5a1-b3824a45aedf#1654,"{""id"":""58565d1f-8eba-45c1-b5a1-b3824a45aedf#1654"",""num_events"":2796,""data_type"":""passthrough"",""batch_id"":""58565d1f-8eba-45c1-b5a1-b3824a45aedf"",""batch_segment"":0,""customer_id"":""lga03"",""sequence_number"":1653,""source_type"":""json"",""target_index"":""""}",11001,s-1-5-18,gcbra0400$,{00000000-0000-0000-0000-000000000000},plugplaymanager,0x2dc,c:\windows\system32\svchost.exe,-,0x3e7,unknown specific access (bit 1)         access reasons:  -,0,plugplaysecurityobject,globalcom, , , , , , , , , , , , , , , , , , , , , , , , , , , , , 
microsoft-windows-security-auditing,success audit,detailed file share,gcbra0400.global.com,127.0.0.1,MSWinEventLog	1	Security	566865	Tue May  2 12:02:42 2017	5145	Microsoft-Windows-Security-Auditing	N/A	N/A	Success Audit	gcBRA0400.global.com	Detailed File Share		A network share object was checked to see whether client can be granted desired access.     Subject:   Security ID:  S-1-5-21-2029550947-1910908428-336986018-27183   Account Name:  gcSMQ0601$   Account Domain:  globalcom   Logon ID:  0x6706309    Network Information:    Object Type:  File   Source Address:  172.21.19.25   Source Port:  58169     Share Information:   Share Name:  \\*\U$   Share Path:  \??\U:\   Relative Target Name: SMS\MP\OUTBOXES\stat.box    Access Request Information:   Access Mask:  0x100081   Accesses:  SYNCHRONIZE      ReadData (or ListDirectory)      ReadAttributes        Access Check Results:   -  	457188742,a network share object was checked to see whether client can be granted desired access,"auth,windows",2017-05-02T15:02:44.104Z,50311,172.20.36.23,ms_windows_event-527129100,853,<14>May  2 12:02:42 gcBRA0400.global.com ,6500394482,1,0.0.0.0/514/tcp,2af9-1837425f2,11001,gcbra0400.global.com,2017-05-02T12:02:42.000Z,5145,ms_windows_event,security,58565d1f-8eba-45c1-b5a1-b3824a45aedf#1675,"{""id"":""58565d1f-8eba-45c1-b5a1-b3824a45aedf#1675"",""num_events"":2796,""data_type"":""passthrough"",""batch_id"":""58565d1f-8eba-45c1-b5a1-b3824a45aedf"",""batch_segment"":0,""customer_id"":""lga03"",""sequence_number"":1674,""source_type"":""json"",""target_index"":""""}",11001,s-1-5-21-2029550947-1910908428-336986018-27183,gcsmq0601$, , , , , ,0x6706309,synchronize      readdata (or listdirectory)      readattributes, ,\\*\u$,globalcom, ,58169,172.21.19.25, , ,private ip address lan,rsv, , , , , , ,\??\u:\, , , , , , , , , , , , , , , 
microsoft-windows-security-auditing,success audit,other object access events,gcnga0400.global.com,127.0.0.1,MSWinEventLog	1	Security	995087	Tue May  2 16:02:41 2017	4656	Microsoft-Windows-Security-Auditing	N/A	N/A	Success Audit	gcNGA0400.global.com	Other Object Access Events		A handle to an object was requested.    Subject:   Security ID:  S-1-5-18   Account Name:  gcNGA0400$   Account Domain:  globalcom   Logon ID:  0x3e7    Object:   Object Server:  PlugPlayManager   Object Type:  Security   Object Name:  PlugPlaySecurityObject   Handle ID:  0x0    Process Information:   Process ID:  0x2ec   Process Name:  C:\Windows\System32\svchost.exe    Access Request Information:   Transaction ID:  {00000000-0000-0000-0000-000000000000}   Accesses:  Unknown specific access (bit 1)         Access Reasons:  -   Access Mask:  0x2   Privileges Used for Access Check: -   Restricted SID Count: 0	189124667,a handle to an object was requested,"auth,windows",2017-05-02T15:02:44.118Z,52104,172.20.48.23,ms_windows_event-1655484026,846,<14>May  2 16:02:41 gcNGA0400.global.com ,4073159042,1,0.0.0.0/514/tcp,2b01-f2c77982,11009,gcnga0400.global.com, ,4656,ms_windows_event,security,58565d1f-8eba-45c1-b5a1-b3824a45aedf#1680,"{""id"":""58565d1f-8eba-45c1-b5a1-b3824a45aedf#1680"",""num_events"":2796,""data_type"":""passthrough"",""batch_id"":""58565d1f-8eba-45c1-b5a1-b3824a45aedf"",""batch_segment"":0,""customer_id"":""lga03"",""sequence_number"":1679,""source_type"":""json"",""target_index"":""""}",11009,s-1-5-18,gcnga0400$,{00000000-0000-0000-0000-000000000000},plugplaymanager,0x2ec,c:\windows\system32\svchost.exe,-,0x3e7,unknown specific access (bit 1)         access reasons:  -,0,plugplaysecurityobject,globalcom, , , , , , , , , , , , , , , , , , , , , , , , , , , , , 
microsoft-windows-security-auditing,success audit,other object access events,gcnga0400.global.com,127.0.0.1,MSWinEventLog	1	Security	995105	Tue May  2 16:02:41 2017	4656	Microsoft-Windows-Security-Auditing	N/A	N/A	Success Audit	gcNGA0400.global.com	Other Object Access Events		A handle to an object was requested.    Subject:   Security ID:  S-1-5-18   Account Name:  gcNGA0400$   Account Domain:  globalcom   Logon ID:  0x3e7    Object:   Object Server:  PlugPlayManager   Object Type:  Security   Object Name:  PlugPlaySecurityObject   Handle ID:  0x0    Process Information:   Process ID:  0x2ec   Process Name:  C:\Windows\System32\svchost.exe    Access Request Information:   Transaction ID:  {00000000-0000-0000-0000-000000000000}   Accesses:  Unknown specific access (bit 1)         Access Reasons:  -   Access Mask:  0x2   Privileges Used for Access Check: -   Restricted SID Count: 0	189124685,a handle to an object was requested,"auth,windows",2017-05-02T15:02:44.130Z,52104,172.20.48.23,ms_windows_event-1655484026,846,<14>May  2 16:02:41 gcNGA0400.global.com ,4073159060,1,0.0.0.0/514/tcp,2b01-f2c77994,11009,gcnga0400.global.com, ,4656,ms_windows_event,security,58565d1f-8eba-45c1-b5a1-b3824a45aedf#1682,"{""id"":""58565d1f-8eba-45c1-b5a1-b3824a45aedf#1682"",""num_events"":2796,""data_type"":""passthrough"",""batch_id"":""58565d1f-8eba-45c1-b5a1-b3824a45aedf"",""batch_segment"":0,""customer_id"":""lga03"",""sequence_number"":1681,""source_type"":""json"",""target_index"":""""}",11009,s-1-5-18,gcnga0400$,{00000000-0000-0000-0000-000000000000},plugplaymanager,0x2ec,c:\windows\system32\svchost.exe,-,0x3e7,unknown specific access (bit 1)         access reasons:  -,0,plugplaysecurityobject,globalcom, , , , , , , , , , , , , , , , , , , , , , , , , , , , , 
microsoft-windows-security-auditing,success audit,other object access events,gcnga0400.global.com,127.0.0.1,MSWinEventLog	1	Security	995119	Tue May  2 16:02:41 2017	4656	Microsoft-Windows-Security-Auditing	N/A	N/A	Success Audit	gcNGA0400.global.com	Other Object Access Events		A handle to an object was requested.    Subject:   Security ID:  S-1-5-18   Account Name:  gcNGA0400$   Account Domain:  globalcom   Logon ID:  0x3e7    Object:   Object Server:  PlugPlayManager   Object Type:  Security   Object Name:  PlugPlaySecurityObject   Handle ID:  0x0    Process Information:   Process ID:  0x2ec   Process Name:  C:\Windows\System32\svchost.exe    Access Request Information:   Transaction ID:  {00000000-0000-0000-0000-000000000000}   Accesses:  Unknown specific access (bit 1)         Access Reasons:  -   Access Mask:  0x2   Privileges Used for Access Check: -   Restricted SID Count: 0	189124699,a handle to an object was requested,"auth,windows",2017-05-02T15:02:44.138Z,52104,172.20.48.23,ms_windows_event-1655484026,846,<14>May  2 16:02:41 gcNGA0400.global.com ,4073159074,1,0.0.0.0/514/tcp,2b01-f2c779a2,11009,gcnga0400.global.com, ,4656,ms_windows_event,security,58565d1f-8eba-45c1-b5a1-b3824a45aedf#1684,"{""id"":""58565d1f-8eba-45c1-b5a1-b3824a45aedf#1684"",""num_events"":2796,""data_type"":""passthrough"",""batch_id"":""58565d1f-8eba-45c1-b5a1-b3824a45aedf"",""batch_segment"":0,""customer_id"":""lga03"",""sequence_number"":1683,""source_type"":""json"",""target_index"":""""}",11009,s-1-5-18,gcnga0400$,{00000000-0000-0000-0000-000000000000},plugplaymanager,0x2ec,c:\windows\system32\svchost.exe,-,0x3e7,unknown specific access (bit 1)         access reasons:  -,0,plugplaysecurityobject,globalcom, , , , , , , , , , , , , , , , , , , , , , , , , , , , , 
microsoft-windows-security-auditing,success audit,special logon,gcsmq0601.global.com,127.0.0.1,MSWinEventLog	1	Security	3425264	Tue May  2 11:02:43 2017	4672	Microsoft-Windows-Security-Auditing	N/A	N/A	Success Audit	gcsmq0601.global.com	Special Logon		Special privileges assigned to new logon.    Subject:   Security ID:  S-1-5-21-2029550947-1910908428-336986018-41777   Account Name:  COLLT5532$   Account Domain:  globalcom   Logon ID:  0x1b5f7780    Privileges:  SeTcbPrivilege	1445130155,special privileges assigned to new logon,"auth,windows",2017-05-02T15:02:45.548Z,49941,172.21.19.25,ms_windows_event-2006199550,448,<14>May  2 11:02:43 gcsmq0601.global.com ,27946635563,0,0.0.0.0/514/tcp,2b03-681bfd12b,11011,gcsmq0601.global.com, ,4672,ms_windows_event,security,58565d1f-8eba-45c1-b5a1-b3824a45aedf#1739,"{""id"":""58565d1f-8eba-45c1-b5a1-b3824a45aedf#1739"",""num_events"":2796,""data_type"":""passthrough"",""batch_id"":""58565d1f-8eba-45c1-b5a1-b3824a45aedf"",""batch_segment"":0,""customer_id"":""lga03"",""sequence_number"":1738,""source_type"":""json"",""target_index"":""""}",11011,s-1-5-21-2029550947-1910908428-336986018-41777,collt5532$ , , , , ,setcbprivilege,0x1b5f7780, , , ,globalcom, , , , , , , , , , , , , , , , , , , , , , , , , , , , , 
microsoft-windows-security-auditing,success audit,special logon,gcsmq0601.global.com,127.0.0.1,MSWinEventLog	1	Security	3425281	Tue May  2 11:02:44 2017	4672	Microsoft-Windows-Security-Auditing	N/A	N/A	Success Audit	gcsmq0601.global.com	Special Logon		Special privileges assigned to new logon.    Subject:   Security ID:  S-1-5-21-2029550947-1910908428-336986018-41777   Account Name:  COLLT5532$   Account Domain:  globalcom   Logon ID:  0x1b5f802a    Privileges:  SeTcbPrivilege	1445130172,special privileges assigned to new logon,"auth,windows",2017-05-02T15:02:45.557Z,49941,172.21.19.25,ms_windows_event-2006199550,448,<14>May  2 11:02:44 gcsmq0601.global.com ,27946635569,0,0.0.0.0/514/tcp,2b03-681bfd131,11011,gcsmq0601.global.com, ,4672,ms_windows_event,security,58565d1f-8eba-45c1-b5a1-b3824a45aedf#1741,"{""id"":""58565d1f-8eba-45c1-b5a1-b3824a45aedf#1741"",""num_events"":2796,""data_type"":""passthrough"",""batch_id"":""58565d1f-8eba-45c1-b5a1-b3824a45aedf"",""batch_segment"":0,""customer_id"":""lga03"",""sequence_number"":1740,""source_type"":""json"",""target_index"":""""}",11011,s-1-5-21-2029550947-1910908428-336986018-41777,collt5532$ , , , , ,setcbprivilege,0x1b5f802a, , , ,globalcom, , , , , , , , , , , , , , , , , , , , , , , , , , , , , 
microsoft-windows-security-auditing,success audit,other object access events,gcbra0400.global.com,127.0.0.1,MSWinEventLog	1	Security	566876	Tue May  2 12:02:45 2017	4656	Microsoft-Windows-Security-Auditing	N/A	N/A	Success Audit	gcBRA0400.global.com	Other Object Access Events		A handle to an object was requested.    Subject:   Security ID:  S-1-5-18   Account Name:  gcBRA0400$   Account Domain:  globalcom   Logon ID:  0x3e7    Object:   Object Server:  PlugPlayManager   Object Type:  Security   Object Name:  PlugPlaySecurityObject   Handle ID:  0x0    Process Information:   Process ID:  0x2dc   Process Name:  C:\Windows\System32\svchost.exe    Access Request Information:   Transaction ID:  {00000000-0000-0000-0000-000000000000}   Accesses:  Unknown specific access (bit 1)         Access Reasons:  -   Access Mask:  0x2   Privileges Used for Access Check: -   Restricted SID Count: 0	457188753,a handle to an object was requested,"auth,windows",2017-05-02T15:02:46.142Z,50311,172.20.36.23,ms_windows_event-1655484026,846,<14>May  2 12:02:45 gcBRA0400.global.com ,6500394559,1,0.0.0.0/514/tcp,2af9-18374263f,11001,gcbra0400.global.com, ,4656,ms_windows_event,security,58565d1f-8eba-45c1-b5a1-b3824a45aedf#1828,"{""id"":""58565d1f-8eba-45c1-b5a1-b3824a45aedf#1828"",""num_events"":2770,""data_type"":""passthrough"",""batch_id"":""58565d1f-8eba-45c1-b5a1-b3824a45aedf"",""batch_segment"":0,""customer_id"":""lga03"",""sequence_number"":1827,""source_type"":""json"",""target_index"":""""}",11001,s-1-5-18,gcbra0400$,{00000000-0000-0000-0000-000000000000},plugplaymanager,0x2dc,c:\windows\system32\svchost.exe,-,0x3e7,unknown specific access (bit 1)         access reasons:  -,0,plugplaysecurityobject,globalcom, , , , , , , , , , , , , , , , , , , , , , , , , , , , , 
microsoft-windows-security-auditing,success audit,other object access events,gcbra0400.global.com,127.0.0.1,MSWinEventLog	1	Security	566884	Tue May  2 12:02:45 2017	4656	Microsoft-Windows-Security-Auditing	N/A	N/A	Success Audit	gcBRA0400.global.com	Other Object Access Events		A handle to an object was requested.    Subject:   Security ID:  S-1-5-18   Account Name:  gcBRA0400$   Account Domain:  globalcom   Logon ID:  0x3e7    Object:   Object Server:  PlugPlayManager   Object Type:  Security   Object Name:  PlugPlaySecurityObject   Handle ID:  0x0    Process Information:   Process ID:  0x2dc   Process Name:  C:\Windows\System32\svchost.exe    Access Request Information:   Transaction ID:  {00000000-0000-0000-0000-000000000000}   Accesses:  Unknown specific access (bit 1)         Access Reasons:  -   Access Mask:  0x2   Privileges Used for Access Check: -   Restricted SID Count: 0	457188761,a handle to an object was requested,"auth,windows",2017-05-02T15:02:46.147Z,50311,172.20.36.23,ms_windows_event-1655484026,846,<14>May  2 12:02:45 gcBRA0400.global.com ,6500394571,1,0.0.0.0/514/tcp,2af9-18374264b,11001,gcbra0400.global.com, ,4656,ms_windows_event,security,58565d1f-8eba-45c1-b5a1-b3824a45aedf#1829,"{""id"":""58565d1f-8eba-45c1-b5a1-b3824a45aedf#1829"",""num_events"":2770,""data_type"":""passthrough"",""batch_id"":""58565d1f-8eba-45c1-b5a1-b3824a45aedf"",""batch_segment"":0,""customer_id"":""lga03"",""sequence_number"":1828,""source_type"":""json"",""target_index"":""""}",11001,s-1-5-18,gcbra0400$,{00000000-0000-0000-0000-000000000000},plugplaymanager,0x2dc,c:\windows\system32\svchost.exe,-,0x3e7,unknown specific access (bit 1)         access reasons:  -,0,plugplaysecurityobject,globalcom, , , , , , , , , , , , , , , , , , , , , , , , , , , , , 
microsoft-windows-security-auditing,success audit,other object access events,gcbra0400.global.com,127.0.0.1,MSWinEventLog	1	Security	566897	Tue May  2 12:02:46 2017	4656	Microsoft-Windows-Security-Auditing	N/A	N/A	Success Audit	gcBRA0400.global.com	Other Object Access Events		A handle to an object was requested.    Subject:   Security ID:  S-1-5-18   Account Name:  gcBRA0400$   Account Domain:  globalcom   Logon ID:  0x3e7    Object:   Object Server:  PlugPlayManager   Object Type:  Security   Object Name:  PlugPlaySecurityObject   Handle ID:  0x0    Process Information:   Process ID:  0x2dc   Process Name:  C:\Windows\System32\svchost.exe    Access Request Information:   Transaction ID:  {00000000-0000-0000-0000-000000000000}   Accesses:  Unknown specific access (bit 1)         Access Reasons:  -   Access Mask:  0x2   Privileges Used for Access Check: -   Restricted SID Count: 0	457188774,a handle to an object was requested,"auth,windows",2017-05-02T15:02:46.155Z,50311,172.20.36.23,ms_windows_event-1655484026,846,<14>May  2 12:02:46 gcBRA0400.global.com ,6500394584,1,0.0.0.0/514/tcp,2af9-183742658,11001,gcbra0400.global.com, ,4656,ms_windows_event,security,58565d1f-8eba-45c1-b5a1-b3824a45aedf#1831,"{""id"":""58565d1f-8eba-45c1-b5a1-b3824a45aedf#1831"",""num_events"":2770,""data_type"":""passthrough"",""batch_id"":""58565d1f-8eba-45c1-b5a1-b3824a45aedf"",""batch_segment"":0,""customer_id"":""lga03"",""sequence_number"":1830,""source_type"":""json"",""target_index"":""""}",11001,s-1-5-18,gcbra0400$,{00000000-0000-0000-0000-000000000000},plugplaymanager,0x2dc,c:\windows\system32\svchost.exe,-,0x3e7,unknown specific access (bit 1)         access reasons:  -,0,plugplaysecurityobject,globalcom, , , , , , , , , , , , , , , , , , , , , , , , , , , , , 
microsoft-windows-security-auditing,success audit,other object access events,gcbra0400.global.com,127.0.0.1,MSWinEventLog	1	Security	566905	Tue May  2 12:02:46 2017	4656	Microsoft-Windows-Security-Auditing	N/A	N/A	Success Audit	gcBRA0400.global.com	Other Object Access Events		A handle to an object was requested.    Subject:   Security ID:  S-1-5-18   Account Name:  gcBRA0400$   Account Domain:  globalcom   Logon ID:  0x3e7    Object:   Object Server:  PlugPlayManager   Object Type:  Security   Object Name:  PlugPlaySecurityObject   Handle ID:  0x0    Process Information:   Process ID:  0x2dc   Process Name:  C:\Windows\System32\svchost.exe    Access Request Information:   Transaction ID:  {00000000-0000-0000-0000-000000000000}   Accesses:  Unknown specific access (bit 1)         Access Reasons:  -   Access Mask:  0x2   Privileges Used for Access Check: -   Restricted SID Count: 0	457188782,a handle to an object was requested,"auth,windows",2017-05-02T15:02:46.160Z,50311,172.20.36.23,ms_windows_event-1655484026,846,<14>May  2 12:02:46 gcBRA0400.global.com ,6500394592,1,0.0.0.0/514/tcp,2af9-183742660,11001,gcbra0400.global.com, ,4656,ms_windows_event,security,58565d1f-8eba-45c1-b5a1-b3824a45aedf#1832,"{""id"":""58565d1f-8eba-45c1-b5a1-b3824a45aedf#1832"",""num_events"":2770,""data_type"":""passthrough"",""batch_id"":""58565d1f-8eba-45c1-b5a1-b3824a45aedf"",""batch_segment"":0,""customer_id"":""lga03"",""sequence_number"":1831,""source_type"":""json"",""target_index"":""""}",11001,s-1-5-18,gcbra0400$,{00000000-0000-0000-0000-000000000000},plugplaymanager,0x2dc,c:\windows\system32\svchost.exe,-,0x3e7,unknown specific access (bit 1)         access reasons:  -,0,plugplaysecurityobject,globalcom, , , , , , , , , , , , , , , , , , , , , , , , , , , , , 
microsoft-windows-security-auditing,success audit,other object access events,gcbra0400.global.com,127.0.0.1,MSWinEventLog	1	Security	566911	Tue May  2 12:02:46 2017	4656	Microsoft-Windows-Security-Auditing	N/A	N/A	Success Audit	gcBRA0400.global.com	Other Object Access Events		A handle to an object was requested.    Subject:   Security ID:  S-1-5-18   Account Name:  gcBRA0400$   Account Domain:  globalcom   Logon ID:  0x3e7    Object:   Object Server:  PlugPlayManager   Object Type:  Security   Object Name:  PlugPlaySecurityObject   Handle ID:  0x0    Process Information:   Process ID:  0x2dc   Process Name:  C:\Windows\System32\svchost.exe    Access Request Information:   Transaction ID:  {00000000-0000-0000-0000-000000000000}   Accesses:  Unknown specific access (bit 1)         Access Reasons:  -   Access Mask:  0x2   Privileges Used for Access Check: -   Restricted SID Count: 0	457188788,a handle to an object was requested,"auth,windows",2017-05-02T15:02:46.164Z,50311,172.20.36.23,ms_windows_event-1655484026,846,<14>May  2 12:02:46 gcBRA0400.global.com ,6500394598,1,0.0.0.0/514/tcp,2af9-183742666,11001,gcbra0400.global.com, ,4656,ms_windows_event,security,58565d1f-8eba-45c1-b5a1-b3824a45aedf#1833,"{""id"":""58565d1f-8eba-45c1-b5a1-b3824a45aedf#1833"",""num_events"":2770,""data_type"":""passthrough"",""batch_id"":""58565d1f-8eba-45c1-b5a1-b3824a45aedf"",""batch_segment"":0,""customer_id"":""lga03"",""sequence_number"":1832,""source_type"":""json"",""target_index"":""""}",11001,s-1-5-18,gcbra0400$,{00000000-0000-0000-0000-000000000000},plugplaymanager,0x2dc,c:\windows\system32\svchost.exe,-,0x3e7,unknown specific access (bit 1)         access reasons:  -,0,plugplaysecurityobject,globalcom, , , , , , , , , , , , , , , , , , , , , , , , , , , , , 
microsoft-windows-security-auditing,success audit,logon,gcbra0000.global.com,127.0.0.1,MSWinEventLog	1	Security	99066	Tue May  2 12:02:43 2017	4624	Microsoft-Windows-Security-Auditing	N/A	N/A	Success Audit	gcBRA0000.global.com	Logon		N/A	19816141,n/a,"auth,windows",2017-05-02T15:02:44.773Z,64485,172.20.36.22,ms_windows_event-796723568,206,<14>May  2 12:02:43 gcBRA0000.global.com ,6500394494,1,0.0.0.0/514/tcp,2af9-1837425fe,11001,gcbra0000.global.com,2017-05-02T12:02:43.000Z,4624,ms_windows_event,security,58565d1f-8eba-45c1-b5a1-b3824a45aedf#1848,"{""id"":""58565d1f-8eba-45c1-b5a1-b3824a45aedf#1848"",""num_events"":2770,""data_type"":""passthrough"",""batch_id"":""58565d1f-8eba-45c1-b5a1-b3824a45aedf"",""batch_segment"":0,""customer_id"":""lga03"",""sequence_number"":1847,""source_type"":""json"",""target_index"":""""}",11001, , , , , , , , , , , , , , , , , , , , , , , , , , , , , , , , , , , , , , , , , 
microsoft-windows-security-auditing,success audit,logon,gcchn0000.global.com,127.0.0.1,MSWinEventLog	1	Security	153616	Tue May  2 23:02:44 2017	4624	Microsoft-Windows-Security-Auditing	N/A	N/A	Success Audit	gcCHN0000.global.com	Logon		N/A	18473999,n/a,"auth,windows",2017-05-02T15:02:46.224Z,49390,172.20.38.22,ms_windows_event-796723568,207,<14>May  2 23:02:44 gcCHN0000.global.com ,106197445,1,0.0.0.0/514/tcp,2afb-65471c5,11003,gcchn0000.global.com,2017-05-02T23:02:44.000Z,4624,ms_windows_event,security,58565d1f-8eba-45c1-b5a1-b3824a45aedf#1886,"{""id"":""58565d1f-8eba-45c1-b5a1-b3824a45aedf#1886"",""num_events"":2770,""data_type"":""passthrough"",""batch_id"":""58565d1f-8eba-45c1-b5a1-b3824a45aedf"",""batch_segment"":0,""customer_id"":""lga03"",""sequence_number"":1885,""source_type"":""json"",""target_index"":""""}",11003, , , , , , , , , , , , , , , , , , , , , , , , , , , , , , , , , , , , , , , , , 
microsoft-windows-security-auditing,success audit,other object access events,gcbra0400.global.com,127.0.0.1,MSWinEventLog	1	Security	566882	Tue May  2 12:02:45 2017	4656	Microsoft-Windows-Security-Auditing	N/A	N/A	Success Audit	gcBRA0400.global.com	Other Object Access Events		A handle to an object was requested.    Subject:   Security ID:  S-1-5-18   Account Name:  gcBRA0400$   Account Domain:  globalcom   Logon ID:  0x3e7    Object:   Object Server:  PlugPlayManager   Object Type:  Security   Object Name:  PlugPlaySecurityObject   Handle ID:  0x0    Process Information:   Process ID:  0x2dc   Process Name:  C:\Windows\System32\svchost.exe    Access Request Information:   Transaction ID:  {00000000-0000-0000-0000-000000000000}   Accesses:  Unknown specific access (bit 1)         Access Reasons:  -   Access Mask:  0x2   Privileges Used for Access Check: -   Restricted SID Count: 0	457188759,a handle to an object was requested,"auth,windows",2017-05-02T15:02:46.146Z,50311,172.20.36.23,ms_windows_event-1655484026,846,<14>May  2 12:02:45 gcBRA0400.global.com ,6500394569,1,0.0.0.0/514/tcp,2af9-183742649,11001,gcbra0400.global.com, ,4656,ms_windows_event,security,58565d1f-8eba-45c1-b5a1-b3824a45aedf#1890,"{""id"":""58565d1f-8eba-45c1-b5a1-b3824a45aedf#1890"",""num_events"":2770,""data_type"":""passthrough"",""batch_id"":""58565d1f-8eba-45c1-b5a1-b3824a45aedf"",""batch_segment"":0,""customer_id"":""lga03"",""sequence_number"":1889,""source_type"":""json"",""target_index"":""""}",11001,s-1-5-18,gcbra0400$,{00000000-0000-0000-0000-000000000000},plugplaymanager,0x2dc,c:\windows\system32\svchost.exe,-,0x3e7,unknown specific access (bit 1)         access reasons:  -,0,plugplaysecurityobject,globalcom, , , , , , , , , , , , , , , , , , , , , , , , , , , , , 
microsoft-windows-security-auditing,success audit,other object access events,gcbra0400.global.com,127.0.0.1,MSWinEventLog	1	Security	566893	Tue May  2 12:02:46 2017	4656	Microsoft-Windows-Security-Auditing	N/A	N/A	Success Audit	gcBRA0400.global.com	Other Object Access Events		A handle to an object was requested.    Subject:   Security ID:  S-1-5-18   Account Name:  gcBRA0400$   Account Domain:  globalcom   Logon ID:  0x3e7    Object:   Object Server:  PlugPlayManager   Object Type:  Security   Object Name:  PlugPlaySecurityObject   Handle ID:  0x0    Process Information:   Process ID:  0x2dc   Process Name:  C:\Windows\System32\svchost.exe    Access Request Information:   Transaction ID:  {00000000-0000-0000-0000-000000000000}   Accesses:  Unknown specific access (bit 1)         Access Reasons:  -   Access Mask:  0x2   Privileges Used for Access Check: -   Restricted SID Count: 0	457188770,a handle to an object was requested,"auth,windows",2017-05-02T15:02:46.152Z,50311,172.20.36.23,ms_windows_event-1655484026,846,<14>May  2 12:02:46 gcBRA0400.global.com ,6500394580,1,0.0.0.0/514/tcp,2af9-183742654,11001,gcbra0400.global.com, ,4656,ms_windows_event,security,58565d1f-8eba-45c1-b5a1-b3824a45aedf#1891,"{""id"":""58565d1f-8eba-45c1-b5a1-b3824a45aedf#1891"",""num_events"":2770,""data_type"":""passthrough"",""batch_id"":""58565d1f-8eba-45c1-b5a1-b3824a45aedf"",""batch_segment"":0,""customer_id"":""lga03"",""sequence_number"":1890,""source_type"":""json"",""target_index"":""""}",11001,s-1-5-18,gcbra0400$,{00000000-0000-0000-0000-000000000000},plugplaymanager,0x2dc,c:\windows\system32\svchost.exe,-,0x3e7,unknown specific access (bit 1)         access reasons:  -,0,plugplaysecurityobject,globalcom, , , , , , , , , , , , , , , , , , , , , , , , , , , , , 
microsoft-windows-security-auditing,success audit,other object access events,gcbra0400.global.com,127.0.0.1,MSWinEventLog	1	Security	566899	Tue May  2 12:02:46 2017	4656	Microsoft-Windows-Security-Auditing	N/A	N/A	Success Audit	gcBRA0400.global.com	Other Object Access Events		A handle to an object was requested.    Subject:   Security ID:  S-1-5-18   Account Name:  gcBRA0400$   Account Domain:  globalcom   Logon ID:  0x3e7    Object:   Object Server:  PlugPlayManager   Object Type:  Security   Object Name:  PlugPlaySecurityObject   Handle ID:  0x0    Process Information:   Process ID:  0x2dc   Process Name:  C:\Windows\System32\svchost.exe    Access Request Information:   Transaction ID:  {00000000-0000-0000-0000-000000000000}   Accesses:  Unknown specific access (bit 1)         Access Reasons:  -   Access Mask:  0x2   Privileges Used for Access Check: -   Restricted SID Count: 0	457188776,a handle to an object was requested,"auth,windows",2017-05-02T15:02:46.157Z,50311,172.20.36.23,ms_windows_event-1655484026,846,<14>May  2 12:02:46 gcBRA0400.global.com ,6500394586,1,0.0.0.0/514/tcp,2af9-18374265a,11001,gcbra0400.global.com, ,4656,ms_windows_event,security,58565d1f-8eba-45c1-b5a1-b3824a45aedf#1892,"{""id"":""58565d1f-8eba-45c1-b5a1-b3824a45aedf#1892"",""num_events"":2770,""data_type"":""passthrough"",""batch_id"":""58565d1f-8eba-45c1-b5a1-b3824a45aedf"",""batch_segment"":0,""customer_id"":""lga03"",""sequence_number"":1891,""source_type"":""json"",""target_index"":""""}",11001,s-1-5-18,gcbra0400$,{00000000-0000-0000-0000-000000000000},plugplaymanager,0x2dc,c:\windows\system32\svchost.exe,-,0x3e7,unknown specific access (bit 1)         access reasons:  -,0,plugplaysecurityobject,globalcom, , , , , , , , , , , , , , , , , , , , , , , , , , , , , 
microsoft-windows-security-auditing,success audit,other object access events,gcbra0400.global.com,127.0.0.1,MSWinEventLog	1	Security	566907	Tue May  2 12:02:46 2017	4656	Microsoft-Windows-Security-Auditing	N/A	N/A	Success Audit	gcBRA0400.global.com	Other Object Access Events		A handle to an object was requested.    Subject:   Security ID:  S-1-5-18   Account Name:  gcBRA0400$   Account Domain:  globalcom   Logon ID:  0x3e7    Object:   Object Server:  PlugPlayManager   Object Type:  Security   Object Name:  PlugPlaySecurityObject   Handle ID:  0x0    Process Information:   Process ID:  0x2dc   Process Name:  C:\Windows\System32\svchost.exe    Access Request Information:   Transaction ID:  {00000000-0000-0000-0000-000000000000}   Accesses:  Unknown specific access (bit 1)         Access Reasons:  -   Access Mask:  0x2   Privileges Used for Access Check: -   Restricted SID Count: 0	457188784,a handle to an object was requested,"auth,windows",2017-05-02T15:02:46.161Z,50311,172.20.36.23,ms_windows_event-1655484026,846,<14>May  2 12:02:46 gcBRA0400.global.com ,6500394594,1,0.0.0.0/514/tcp,2af9-183742662,11001,gcbra0400.global.com, ,4656,ms_windows_event,security,58565d1f-8eba-45c1-b5a1-b3824a45aedf#1893,"{""id"":""58565d1f-8eba-45c1-b5a1-b3824a45aedf#1893"",""num_events"":2770,""data_type"":""passthrough"",""batch_id"":""58565d1f-8eba-45c1-b5a1-b3824a45aedf"",""batch_segment"":0,""customer_id"":""lga03"",""sequence_number"":1892,""source_type"":""json"",""target_index"":""""}",11001,s-1-5-18,gcbra0400$,{00000000-0000-0000-0000-000000000000},plugplaymanager,0x2dc,c:\windows\system32\svchost.exe,-,0x3e7,unknown specific access (bit 1)         access reasons:  -,0,plugplaysecurityobject,globalcom, , , , , , , , , , , , , , , , , , , , , , , , , , , , , 
microsoft-windows-security-auditing,success audit,logon,gcsmq0002.global.com,127.0.0.1,MSWinEventLog	1	Security	2131990	Tue May  2 11:02:46 2017	4624	Microsoft-Windows-Security-Auditing	N/A	N/A	Success Audit	gcSMQ0002.global.com	Logon		N/A	304321542,n/a,"auth,windows",2017-05-02T15:02:47.416Z,50165,172.21.14.21,ms_windows_event-796723568,209,<14>May  2 11:02:46 gcSMQ0002.global.com ,27946635859,0,0.0.0.0/514/tcp,2b03-681bfd253,11011,gcsmq0002.global.com,2017-05-02T11:02:46.000Z,4624,ms_windows_event,security,58565d1f-8eba-45c1-b5a1-b3824a45aedf#1948,"{""id"":""58565d1f-8eba-45c1-b5a1-b3824a45aedf#1948"",""num_events"":2770,""data_type"":""passthrough"",""batch_id"":""58565d1f-8eba-45c1-b5a1-b3824a45aedf"",""batch_segment"":0,""customer_id"":""lga03"",""sequence_number"":1947,""source_type"":""json"",""target_index"":""""}",11011, , , , , , , , , , , , , , , , , , , , , , , , , , , , , , , , , , , , , , , , , 
microsoft-windows-security-auditing,success audit,logogc,gcbrw0000.global.com,127.0.0.1,MSWinEventLog	1	Security	796355	Tue May  2 11:02:46 2017	4634	Microsoft-Windows-Security-Auditing	N/A	N/A	Success Audit	gcBRW0000.global.com	Logogc		An account was logged ogc.    Subject:   Security ID:  S-1-5-21-2029550947-1910908428-336986018-2801   Account Name:  a.ellis   Account Domain:  globalcom   Logon ID:  0x9F8367C    Logon Type:   3    This event is generated when a logon session is destroyed. It may be positively correlated with a logon event using the Logon ID value. Logon IDs are only unique between reboots on the same computer.	64591064,an account was logged ogc,"auth,windows",2017-05-02T15:04:44.824Z,54837,172.24.19.20,ms_windows_event-3012490973,609,<14>May  2 11:02:46 gcBRW0000.global.com ,3969019416,1,0.0.0.0/514/tcp,2b04-ec926e18,11012,gcbrw0000.global.com,2017-05-02T11:02:46.000Z,4634,ms_windows_event,security,58565d1f-8eba-45c1-b5a1-b3824a45aedf#2040,"{""id"":""58565d1f-8eba-45c1-b5a1-b3824a45aedf#2040"",""num_events"":2767,""data_type"":""passthrough"",""batch_id"":""58565d1f-8eba-45c1-b5a1-b3824a45aedf"",""batch_segment"":0,""customer_id"":""lga03"",""sequence_number"":2039,""source_type"":""json"",""target_index"":""""}",11012,s-1-5-21-2029550947-1910908428-336986018-2801,a.ellis, , , , , ,0x9f8367c, , , ,globalcom, , , , , , , ,3,this event is generated when a logon session is destroyed, , , , , , , , , , , , , , , , , , , , 
microsoft-windows-security-auditing,success audit,logon,gcbrw0000.global.com,127.0.0.1,"MSWinEventLog	1	Security	796367	Tue May  2 11:02:46 2017	4624	Microsoft-Windows-Security-Auditing	N/A	N/A	Success Audit	gcBRW0000.global.com	Logon		An account was successfully logged on.    Subject:   Security ID:  S-1-0-0   Account Name:  -   Account Domain:  -   Logon ID:  0x0    Logon Type:   3    Impersonation Level:  Impersonation    New Logon:   Security ID:  S-1-5-21-2029550947-1910908428-336986018-2801   Account Name:  a.ellis   Account Domain:  globalcom   Logon ID:  0x9F83760   Logon GUID:  {5B866180-17D4-B65E-8BB5-8815A0315711}    Process Information:   Process ID:  0x0   Process Name:  -    Network Information:   Workstation Name:    Source Network Address: 172.24.33.185   Source Port:  53599    Detailed Authentication Information:   Logon Process:  Kerberos   Authentication Package: Kerberos   Transited Services: -   Package Name (NTLM only): -   Key Length:  0    This event is generated when a logon session is created. It is generated on the computer that was accessed.    The subject fields indicate the account on the local system which requested the logon. This is most commonly a service such as the Server service, or a local process such as Winlogon.exe or Services.exe.    The logon type field indicates the kind of logon that occurred. The most common types are 2 (interactive) and 3 (network).    The New Logon fields indicate the account for whom the new logon was created, i.e. the account that was logged on.    The network fields indicate where a remote logon request originated. Workstation name is not always available and may be left blank in some cases.    The impersonation level field indicates the extent to which a process in the logon session can impersonate.    The authentication information fields provide detailed information about this specific logon request.   - Logon GUID is a unique identifier that can be used to correlate this event with a KDC event.   - Transited services indicate which intermediate services have participated in this logon request.   - Package name indicates which sub-protocol was used among the NTLM protocols.   - Key length indicates the length of the generated session key. This will be 0 if no session key was requested.	64591076",an account was successfully logged on,"auth,windows",2017-05-02T15:04:44.828Z,54837,172.24.19.20,ms_windows_event-3795724934,2268,<14>May  2 11:02:46 gcBRW0000.global.com ,3969019428,1,0.0.0.0/514/tcp,2b04-ec926e24,11012,gcbrw0000.global.com,2017-05-02T11:02:46.000Z,4624,ms_windows_event,security,58565d1f-8eba-45c1-b5a1-b3824a45aedf#2041,"{""id"":""58565d1f-8eba-45c1-b5a1-b3824a45aedf#2041"",""num_events"":2767,""data_type"":""passthrough"",""batch_id"":""58565d1f-8eba-45c1-b5a1-b3824a45aedf"",""batch_segment"":0,""customer_id"":""lga03"",""sequence_number"":2040,""source_type"":""json"",""target_index"":""""}",11012,s-1-5-21-2029550947-1910908428-336986018-2801,a.ellis, , ,0x0,-, ,0x9f83760, , , ,globalcom, ,53599,172.24.33.185, , ,private ip address lan,rsv,3,this event is generated when a logon session is created, ,,kerberos,"[""1.1.1521"",""1.1.1552""]", , , , , , , , , , , , , , , , 
microsoft-windows-security-auditing,success audit,other object access events,gcbra0400.global.com,127.0.0.1,MSWinEventLog	1	Security	566873	Tue May  2 12:02:45 2017	4656	Microsoft-Windows-Security-Auditing	N/A	N/A	Success Audit	gcBRA0400.global.com	Other Object Access Events		A handle to an object was requested.    Subject:   Security ID:  S-1-5-18   Account Name:  gcBRA0400$   Account Domain:  globalcom   Logon ID:  0x3e7    Object:   Object Server:  PlugPlayManager   Object Type:  Security   Object Name:  PlugPlaySecurityObject   Handle ID:  0x0    Process Information:   Process ID:  0x2dc   Process Name:  C:\Windows\System32\svchost.exe    Access Request Information:   Transaction ID:  {00000000-0000-0000-0000-000000000000}   Accesses:  Unknown specific access (bit 1)         Access Reasons:  -   Access Mask:  0x2   Privileges Used for Access Check: -   Restricted SID Count: 0	457188750,a handle to an object was requested,"auth,windows",2017-05-02T15:02:46.139Z,50311,172.20.36.23,ms_windows_event-1655484026,846,<14>May  2 12:02:45 gcBRA0400.global.com ,6500394556,1,0.0.0.0/514/tcp,2af9-18374263c,11001,gcbra0400.global.com, ,4656,ms_windows_event,security,58565d1f-8eba-45c1-b5a1-b3824a45aedf#2053,"{""id"":""58565d1f-8eba-45c1-b5a1-b3824a45aedf#2053"",""num_events"":2767,""data_type"":""passthrough"",""batch_id"":""58565d1f-8eba-45c1-b5a1-b3824a45aedf"",""batch_segment"":0,""customer_id"":""lga03"",""sequence_number"":2052,""source_type"":""json"",""target_index"":""""}",11001,s-1-5-18,gcbra0400$,{00000000-0000-0000-0000-000000000000},plugplaymanager,0x2dc,c:\windows\system32\svchost.exe,-,0x3e7,unknown specific access (bit 1)         access reasons:  -,0,plugplaysecurityobject,globalcom, , , , , , , , , , , , , , , , , , , , , , , , , , , , , 
microsoft-windows-security-auditing,success audit,other object access events,gcbra0400.global.com,127.0.0.1,MSWinEventLog	1	Security	566879	Tue May  2 12:02:45 2017	4656	Microsoft-Windows-Security-Auditing	N/A	N/A	Success Audit	gcBRA0400.global.com	Other Object Access Events		A handle to an object was requested.    Subject:   Security ID:  S-1-5-18   Account Name:  gcBRA0400$   Account Domain:  globalcom   Logon ID:  0x3e7    Object:   Object Server:  PlugPlayManager   Object Type:  Security   Object Name:  PlugPlaySecurityObject   Handle ID:  0x0    Process Information:   Process ID:  0x2dc   Process Name:  C:\Windows\System32\svchost.exe    Access Request Information:   Transaction ID:  {00000000-0000-0000-0000-000000000000}   Accesses:  Unknown specific access (bit 1)         Access Reasons:  -   Access Mask:  0x2   Privileges Used for Access Check: -   Restricted SID Count: 0	457188756,a handle to an object was requested,"auth,windows",2017-05-02T15:02:46.144Z,50311,172.20.36.23,ms_windows_event-1655484026,846,<14>May  2 12:02:45 gcBRA0400.global.com ,6500394564,1,0.0.0.0/514/tcp,2af9-183742644,11001,gcbra0400.global.com, ,4656,ms_windows_event,security,58565d1f-8eba-45c1-b5a1-b3824a45aedf#2054,"{""id"":""58565d1f-8eba-45c1-b5a1-b3824a45aedf#2054"",""num_events"":2767,""data_type"":""passthrough"",""batch_id"":""58565d1f-8eba-45c1-b5a1-b3824a45aedf"",""batch_segment"":0,""customer_id"":""lga03"",""sequence_number"":2053,""source_type"":""json"",""target_index"":""""}",11001,s-1-5-18,gcbra0400$,{00000000-0000-0000-0000-000000000000},plugplaymanager,0x2dc,c:\windows\system32\svchost.exe,-,0x3e7,unknown specific access (bit 1)         access reasons:  -,0,plugplaysecurityobject,globalcom, , , , , , , , , , , , , , , , , , , , , , , , , , , , , 
microsoft-windows-security-auditing,success audit,other object access events,gcbra0400.global.com,127.0.0.1,MSWinEventLog	1	Security	566892	Tue May  2 12:02:46 2017	4656	Microsoft-Windows-Security-Auditing	N/A	N/A	Success Audit	gcBRA0400.global.com	Other Object Access Events		A handle to an object was requested.    Subject:   Security ID:  S-1-5-18   Account Name:  gcBRA0400$   Account Domain:  globalcom   Logon ID:  0x3e7    Object:   Object Server:  PlugPlayManager   Object Type:  Security   Object Name:  PlugPlaySecurityObject   Handle ID:  0x0    Process Information:   Process ID:  0x2dc   Process Name:  C:\Windows\System32\svchost.exe    Access Request Information:   Transaction ID:  {00000000-0000-0000-0000-000000000000}   Accesses:  Unknown specific access (bit 1)         Access Reasons:  -   Access Mask:  0x2   Privileges Used for Access Check: -   Restricted SID Count: 0	457188769,a handle to an object was requested,"auth,windows",2017-05-02T15:02:46.152Z,50311,172.20.36.23,ms_windows_event-1655484026,846,<14>May  2 12:02:46 gcBRA0400.global.com ,6500394579,1,0.0.0.0/514/tcp,2af9-183742653,11001,gcbra0400.global.com, ,4656,ms_windows_event,security,58565d1f-8eba-45c1-b5a1-b3824a45aedf#2056,"{""id"":""58565d1f-8eba-45c1-b5a1-b3824a45aedf#2056"",""num_events"":2767,""data_type"":""passthrough"",""batch_id"":""58565d1f-8eba-45c1-b5a1-b3824a45aedf"",""batch_segment"":0,""customer_id"":""lga03"",""sequence_number"":2055,""source_type"":""json"",""target_index"":""""}",11001,s-1-5-18,gcbra0400$,{00000000-0000-0000-0000-000000000000},plugplaymanager,0x2dc,c:\windows\system32\svchost.exe,-,0x3e7,unknown specific access (bit 1)         access reasons:  -,0,plugplaysecurityobject,globalcom, , , , , , , , , , , , , , , , , , , , , , , , , , , , , 
