microsoft-windows-security-auditing,success audit,logon,gcnyc-60-010.global.com,127.0.0.1,MSWinEventLog	1	Security	1354608	Tue May  2 11:02:30 2017	4624	Microsoft-Windows-Security-Auditing	N/A	N/A	Success Audit	gcNYC-60-010.global.com	Logon		N/A	153578588,n/a,"auth,windows",2017-05-02T15:02:30.920Z,59147,172.21.14.26,ms_windows_event-796723568,215,<14>May  2 11:02:30 gcNYC-60-010.global.com ,27946629887,0,0.0.0.0/514/tcp,2b03-681bfbagc,11011,gcnyc-60-010.global.com,2017-05-02T11:02:30.000Z,4624,ms_windows_event,security,d1e11542-1bd7-4219-b229-b1664e8d6061#2814,"{""id"":""d1e11542-1bd7-4219-b229-b1664e8d6061#2814"",""num_events"":2719,""data_type"":""passthrough"",""batch_id"":""d1e11542-1bd7-4219-b229-b1664e8d6061"",""batch_segment"":0,""customer_id"":""lga03"",""sequence_number"":2813,""source_type"":""json"",""target_index"":""""}",11011, , , , , , , , , , , , , , , , , , , , , , , , , , , , , , , , , , , , , , , , , 
xtia,information,n/a,gcgcp0500.global.com,127.0.0.1,MSWinEventLog	1	Application	390408	Tue May  2 11:02:30 2017	0	xTIA	N/A	N/A	Information	gcgcp0500.global.com	N/A		 >> Process integration xTIA SourceSystem 4 >> 	47950009,>> process integration xtia sourcesystem 4 >>,"auth,windows",2017-05-02T15:02:30.625Z,60470,172.25.0.7,ms_windows_event-3053450971,216,<14>May  2 11:02:30 gcgcp0500.global.com ,27946628907,0,0.0.0.0/514/tcp,2b03-681bfb72b,11011,gcgcp0500.global.com,2017-05-02T11:02:30.000Z,0,ms_windows_event,application,d1e11542-1bd7-4219-b229-b1664e8d6061#2830,"{""id"":""d1e11542-1bd7-4219-b229-b1664e8d6061#2830"",""num_events"":2719,""data_type"":""passthrough"",""batch_id"":""d1e11542-1bd7-4219-b229-b1664e8d6061"",""batch_segment"":0,""customer_id"":""lga03"",""sequence_number"":2829,""source_type"":""json"",""target_index"":""""}",11011, , , , , , , , , , , , , , , , , , , , , , , , , , , , , , , , , , , , , , , , , 
microsoft-windows-security-auditing,success audit,kerberos service ticket operations,gcbrw0000.global.com,127.0.0.1,"MSWinEventLog	1	Security	796213	Tue May  2 11:02:33 2017	4769	Microsoft-Windows-Security-Auditing	N/A	N/A	Success Audit	gcBRW0000.global.com	Kerberos Service Ticket Operations		A Kerberos service ticket was requested.    Account Information:   Account Name:  l.mowers@global.com   Account Domain:  global.com   Logon GUID:  {E8B689BF-4D16-E2CF-0AC4-7AF5DBBF8E85}    Service Information:   Service Name:  krbtgt_6246   Service ID:  S-1-5-21-2029550947-1910908428-336986018-41663    Network Information:   Client Address:  ::gcgc:172.24.33.148   Client Port:  49508    Additional Information:   Ticket Options:  0x60000000   Ticket Encryption Type: 0x12   Failure Code:  0x0   Transited Services: -    This event is generated every time access is requested to a resource such as a computer or a Windows service.  The service name indicates the resource to which access was requested.    This event can be correlated with Windows logon events by comparing the Logon GUID fields in each event.  The logon event occurs on the machine that was accessed, which is often a digcerent machine than the domain controller which issued the service ticket.    Ticket options, encryption types, and failure codes are defined in RFC 4120.	64590922",a kerberos service ticket was requested,"auth,windows",2017-05-02T15:04:30.807Z,54837,172.24.19.20,ms_windows_event-504109373,1284,<14>May  2 11:02:33 gcBRW0000.global.com ,3969010379,1,0.0.0.0/514/tcp,2b04-ec924acb,11012,gcbrw0000.global.com, ,4769,ms_windows_event,security,d1e11542-1bd7-4219-b229-b1664e8d6061#2901,"{""id"":""d1e11542-1bd7-4219-b229-b1664e8d6061#2901"",""num_events"":2719,""data_type"":""passthrough"",""batch_id"":""d1e11542-1bd7-4219-b229-b1664e8d6061"",""batch_segment"":0,""customer_id"":""lga03"",""sequence_number"":2900,""source_type"":""json"",""target_index"":""""}",11012, ,l.mowers@global.com, , , , , , , , , ,global.com, ,49508, , , , , , ,this event is generated every time access is requested to a resource such as a computer or a windows service,::gcgc:172.24.33.148, , , , , , , , , , , , , , , , , , , 
microsoft-windows-security-auditing,success audit,logon,gcbra0000.global.com,127.0.0.1,MSWinEventLog	1	Security	98979	Tue May  2 12:02:33 2017	4624	Microsoft-Windows-Security-Auditing	N/A	N/A	Success Audit	gcBRA0000.global.com	Logon		N/A	19816054,n/a,"auth,windows",2017-05-02T15:02:34.633Z,64485,172.20.36.22,ms_windows_event-796723568,206,<14>May  2 12:02:33 gcBRA0000.global.com ,6500393796,1,0.0.0.0/514/tcp,2af9-183742344,11001,gcbra0000.global.com,2017-05-02T12:02:33.000Z,4624,ms_windows_event,security,8fa9b4ac-cd64-416a-bba9-87db586bcd68#71,"{""id"":""8fa9b4ac-cd64-416a-bba9-87db586bcd68#71"",""num_events"":799,""data_type"":""passthrough"",""batch_id"":""8fa9b4ac-cd64-416a-bba9-87db586bcd68"",""batch_segment"":0,""customer_id"":""lga03"",""sequence_number"":70,""source_type"":""json"",""target_index"":""""}",11001, , , , , , , , , , , , , , , , , , , , , , , , , , , , , , , , , , , , , , , , , 
microsoft-windows-security-auditing,success audit,logon,gcbra0000.global.com,127.0.0.1,MSWinEventLog	1	Security	98985	Tue May  2 12:02:33 2017	4624	Microsoft-Windows-Security-Auditing	N/A	N/A	Success Audit	gcBRA0000.global.com	Logon		N/A	19816060,n/a,"auth,windows",2017-05-02T15:02:34.636Z,64485,172.20.36.22,ms_windows_event-796723568,206,<14>May  2 12:02:33 gcBRA0000.global.com ,6500393802,1,0.0.0.0/514/tcp,2af9-18374234a,11001,gcbra0000.global.com,2017-05-02T12:02:33.000Z,4624,ms_windows_event,security,8fa9b4ac-cd64-416a-bba9-87db586bcd68#72,"{""id"":""8fa9b4ac-cd64-416a-bba9-87db586bcd68#72"",""num_events"":799,""data_type"":""passthrough"",""batch_id"":""8fa9b4ac-cd64-416a-bba9-87db586bcd68"",""batch_segment"":0,""customer_id"":""lga03"",""sequence_number"":71,""source_type"":""json"",""target_index"":""""}",11001, , , , , , , , , , , , , , , , , , , , , , , , , , , , , , , , , , , , , , , , , 
microsoft-windows-security-auditing,success audit,logogc,gcsmq0000.global.com,127.0.0.1,MSWinEventLog	1	Security	1629847	Tue May  2 11:02:34 2017	4634	Microsoft-Windows-Security-Auditing	N/A	N/A	Success Audit	gcSMQ0000.global.com	Logogc		N/A	186394936,n/a,"auth,windows",2017-05-02T15:02:35.603Z,51131,172.21.14.20,ms_windows_event-1377334112,210,<14>May  2 11:02:34 gcSMQ0000.global.com ,27946631697,0,0.0.0.0/514/tcp,2b03-681bfc211,11011,gcsmq0000.global.com,2017-05-02T11:02:34.000Z,4634,ms_windows_event,security,8fa9b4ac-cd64-416a-bba9-87db586bcd68#177,"{""id"":""8fa9b4ac-cd64-416a-bba9-87db586bcd68#177"",""num_events"":769,""data_type"":""passthrough"",""batch_id"":""8fa9b4ac-cd64-416a-bba9-87db586bcd68"",""batch_segment"":0,""customer_id"":""lga03"",""sequence_number"":176,""source_type"":""json"",""target_index"":""""}",11011, , , , , , , , , , , , , , , , , , , , , , , , , , , , , , , , , , , , , , , , , 
microsoft-windows-security-auditing,success audit,logogc,gcsmq0002.global.com,127.0.0.1,MSWinEventLog	1	Security	2131629	Tue May  2 11:02:34 2017	4634	Microsoft-Windows-Security-Auditing	N/A	N/A	Success Audit	gcSMQ0002.global.com	Logogc		N/A	304321186,n/a,"auth,windows",2017-05-02T15:02:35.210Z,50165,172.21.14.21,ms_windows_event-1377334112,210,<14>May  2 11:02:34 gcSMQ0002.global.com ,27946631612,0,0.0.0.0/514/tcp,2b03-681bfc1bc,11011,gcsmq0002.global.com,2017-05-02T11:02:34.000Z,4634,ms_windows_event,security,8fa9b4ac-cd64-416a-bba9-87db586bcd68#419,"{""id"":""8fa9b4ac-cd64-416a-bba9-87db586bcd68#419"",""num_events"":755,""data_type"":""passthrough"",""batch_id"":""8fa9b4ac-cd64-416a-bba9-87db586bcd68"",""batch_segment"":0,""customer_id"":""lga03"",""sequence_number"":418,""source_type"":""json"",""target_index"":""""}",11011, , , , , , , , , , , , , , , , , , , , , , , , , , , , , , , , , , , , , , , , , 
microsoft-windows-security-auditing,success audit,logogc,gcbrw0000.global.com,127.0.0.1,MSWinEventLog	1	Security	796200	Tue May  2 11:02:32 2017	4634	Microsoft-Windows-Security-Auditing	N/A	N/A	Success Audit	gcBRW0000.global.com	Logogc		An account was logged ogc.    Subject:   Security ID:  S-1-5-21-2029550947-1910908428-336986018-23974   Account Name:  E.Oleary   Account Domain:  globalcom   Logon ID:  0x9F80322    Logon Type:   3    This event is generated when a logon session is destroyed. It may be positively correlated with a logon event using the Logon ID value. Logon IDs are only unique between reboots on the same computer.	64590909,an account was logged ogc,"auth,windows",2017-05-02T15:04:29.807Z,54837,172.24.19.20,ms_windows_event-3012490973,611,<14>May  2 11:02:32 gcBRW0000.global.com ,3969010039,1,0.0.0.0/514/tcp,2b04-ec924977,11012,gcbrw0000.global.com,2017-05-02T11:02:32.000Z,4634,ms_windows_event,security,8fa9b4ac-cd64-416a-bba9-87db586bcd68#533,"{""id"":""8fa9b4ac-cd64-416a-bba9-87db586bcd68#533"",""num_events"":755,""data_type"":""passthrough"",""batch_id"":""8fa9b4ac-cd64-416a-bba9-87db586bcd68"",""batch_segment"":0,""customer_id"":""lga03"",""sequence_number"":532,""source_type"":""json"",""target_index"":""""}",11012,s-1-5-21-2029550947-1910908428-336986018-23974,e.oleary, , , , , ,0x9f80322, , , ,globalcom, , , , , , , ,3,this event is generated when a logon session is destroyed, , , , , , , , , , , , , , , , , , , , 
microsoft-windows-security-auditing,success audit,special logon,gcbra0000.global.com,127.0.0.1,MSWinEventLog	1	Security	98993	Tue May  2 12:02:35 2017	4672	Microsoft-Windows-Security-Auditing	N/A	N/A	Success Audit	gcBRA0000.global.com	Special Logon		N/A	19816068,n/a,"auth,windows",2017-05-02T15:02:36.709Z,64485,172.20.36.22,ms_windows_event-3923140098,214,<14>May  2 12:02:35 gcBRA0000.global.com ,6500393921,1,0.0.0.0/514/tcp,2af9-1837423c1,11001,gcbra0000.global.com,2017-05-02T12:02:35.000Z,4672,ms_windows_event,security,8fa9b4ac-cd64-416a-bba9-87db586bcd68#654,"{""id"":""8fa9b4ac-cd64-416a-bba9-87db586bcd68#654"",""num_events"":755,""data_type"":""passthrough"",""batch_id"":""8fa9b4ac-cd64-416a-bba9-87db586bcd68"",""batch_segment"":0,""customer_id"":""lga03"",""sequence_number"":653,""source_type"":""json"",""target_index"":""""}",11001, , , , , , , , , , , , , , , , , , , , , , , , , , , , , , , , , , , , , , , , , 
microsoft-windows-security-auditing,success audit,special logon,gcbra0000.global.com,127.0.0.1,MSWinEventLog	1	Security	98999	Tue May  2 12:02:35 2017	4672	Microsoft-Windows-Security-Auditing	N/A	N/A	Success Audit	gcBRA0000.global.com	Special Logon		N/A	19816074,n/a,"auth,windows",2017-05-02T15:02:36.713Z,64485,172.20.36.22,ms_windows_event-3923140098,214,<14>May  2 12:02:35 gcBRA0000.global.com ,6500393927,1,0.0.0.0/514/tcp,2af9-1837423c7,11001,gcbra0000.global.com,2017-05-02T12:02:35.000Z,4672,ms_windows_event,security,8fa9b4ac-cd64-416a-bba9-87db586bcd68#655,"{""id"":""8fa9b4ac-cd64-416a-bba9-87db586bcd68#655"",""num_events"":755,""data_type"":""passthrough"",""batch_id"":""8fa9b4ac-cd64-416a-bba9-87db586bcd68"",""batch_segment"":0,""customer_id"":""lga03"",""sequence_number"":654,""source_type"":""json"",""target_index"":""""}",11001, , , , , , , , , , , , , , , , , , , , , , , , , , , , , , , , , , , , , , , , , 
microsoft-windows-security-auditing,success audit,special logon,gcbra0000.global.com,127.0.0.1,MSWinEventLog	1	Security	99014	Tue May  2 12:02:36 2017	4672	Microsoft-Windows-Security-Auditing	N/A	N/A	Success Audit	gcBRA0000.global.com	Special Logon		N/A	19816089,n/a,"auth,windows",2017-05-02T15:02:36.721Z,64485,172.20.36.22,ms_windows_event-3923140098,214,<14>May  2 12:02:36 gcBRA0000.global.com ,6500393942,1,0.0.0.0/514/tcp,2af9-1837423d6,11001,gcbra0000.global.com,2017-05-02T12:02:36.000Z,4672,ms_windows_event,security,8fa9b4ac-cd64-416a-bba9-87db586bcd68#656,"{""id"":""8fa9b4ac-cd64-416a-bba9-87db586bcd68#656"",""num_events"":755,""data_type"":""passthrough"",""batch_id"":""8fa9b4ac-cd64-416a-bba9-87db586bcd68"",""batch_segment"":0,""customer_id"":""lga03"",""sequence_number"":655,""source_type"":""json"",""target_index"":""""}",11001, , , , , , , , , , , , , , , , , , , , , , , , , , , , , , , , , , , , , , , , , 
microsoft-windows-security-auditing,success audit,detailed file share,gcbra0400.global.com,127.0.0.1,MSWinEventLog	1	Security	566809	Tue May  2 12:02:30 2017	5145	Microsoft-Windows-Security-Auditing	N/A	N/A	Success Audit	gcBRA0400.global.com	Detailed File Share		A network share object was checked to see whether client can be granted desired access.     Subject:   Security ID:  S-1-5-19   Account Name:  LOCAL SERVICE   Account Domain:  NT AUTHORITY   Logon ID:  0x3e5    Network Information:    Object Type:  File   Source Address:  ::1   Source Port:  54933     Share Information:   Share Name:  \\*\SMPSTOREU_FE3A15E2$   Share Path:  \??\U:\Windows 10 Migration User Data\SMPSTOREU_FE3A15E2$   Relative Target Name: FBC02D2321401636EFBD99756C5AAF338C3D018C06B9724EB56B409163928473    Access Request Information:   Access Mask:  0x100081   Accesses:  SYNCHRONIZE      ReadData (or ListDirectory)      ReadAttributes        Access Check Results:   -  	457188686,a network share object was checked to see whether client can be granted desired access.     subject:   security id:  s-1-5-19   account name:  local service   account domain:  nt authority   logon id:  0x3e5    network information:    object type:  file   source address:  ::1   source port:  54933     share information:   share name:  \\*\smpstoreu_fe3a15e2$   share path:  \??\u:\windows 10 migration user data\smpstoreu_fe3a15e2$   relative target name: fbc02d2321401636efbd99756c5aaf338c3d018c06b9724eb56b409163928473    access request information:   access mask:  0x100081   accesses:  synchronize      readdata (or listdirectory)      readattributes        access check results:   -,"auth,windows",2017-05-02T15:02:32.924Z,50311,172.20.36.23,ms_windows_event-2048817195,910,<14>May  2 12:02:30 gcBRA0400.global.com ,6500393667,1,0.0.0.0/514/tcp,2af9-1837422c3,11001,gcbra0400.global.com,2017-05-02T12:02:30.000Z,5145,ms_windows_event,security,8fa9b4ac-cd64-416a-bba9-87db586bcd68#684,"{""id"":""8fa9b4ac-cd64-416a-bba9-87db586bcd68#684"",""num_events"":755,""data_type"":""passthrough"",""batch_id"":""8fa9b4ac-cd64-416a-bba9-87db586bcd68"",""batch_segment"":0,""customer_id"":""lga03"",""sequence_number"":683,""source_type"":""json"",""target_index"":""""}",11001, , , , , , , , , , , , , , , , , , , , , , , , , , , , , , , , , , , , , , , , , 
microsoft-windows-security-auditing,success audit,logogc,gcsmq0002.global.com,127.0.0.1,MSWinEventLog	1	Security	2131676	Tue May  2 11:02:35 2017	4634	Microsoft-Windows-Security-Auditing	N/A	N/A	Success Audit	gcSMQ0002.global.com	Logogc		N/A	304321233,n/a,"auth,windows",2017-05-02T15:02:36.234Z,50165,172.21.14.21,ms_windows_event-1377334112,210,<14>May  2 11:02:35 gcSMQ0002.global.com ,27946632765,0,0.0.0.0/514/tcp,2b03-681bfc63d,11011,gcsmq0002.global.com,2017-05-02T11:02:35.000Z,4634,ms_windows_event,security,8fa9b4ac-cd64-416a-bba9-87db586bcd68#757,"{""id"":""8fa9b4ac-cd64-416a-bba9-87db586bcd68#757"",""num_events"":755,""data_type"":""passthrough"",""batch_id"":""8fa9b4ac-cd64-416a-bba9-87db586bcd68"",""batch_segment"":0,""customer_id"":""lga03"",""sequence_number"":756,""source_type"":""json"",""target_index"":""""}",11011, , , , , , , , , , , , , , , , , , , , , , , , , , , , , , , , , , , , , , , , , 
microsoft-windows-security-auditing,success audit,logogc,gcsmq0002.global.com,127.0.0.1,MSWinEventLog	1	Security	2131683	Tue May  2 11:02:35 2017	4634	Microsoft-Windows-Security-Auditing	N/A	N/A	Success Audit	gcSMQ0002.global.com	Logogc		N/A	304321240,n/a,"auth,windows",2017-05-02T15:02:36.244Z,50165,172.21.14.21,ms_windows_event-1377334112,210,<14>May  2 11:02:35 gcSMQ0002.global.com ,27946632772,0,0.0.0.0/514/tcp,2b03-681bfc644,11011,gcsmq0002.global.com,2017-05-02T11:02:35.000Z,4634,ms_windows_event,security,8fa9b4ac-cd64-416a-bba9-87db586bcd68#758,"{""id"":""8fa9b4ac-cd64-416a-bba9-87db586bcd68#758"",""num_events"":755,""data_type"":""passthrough"",""batch_id"":""8fa9b4ac-cd64-416a-bba9-87db586bcd68"",""batch_segment"":0,""customer_id"":""lga03"",""sequence_number"":757,""source_type"":""json"",""target_index"":""""}",11011, , , , , , , , , , , , , , , , , , , , , , , , , , , , , , , , , , , , , , , , , 
microsoft-windows-security-auditing,success audit,detailed file share,gcind0400.global.com,127.0.0.1,MSWinEventLog	1	Security	1535139	Tue May  2 20:30:49 2017	5145	Microsoft-Windows-Security-Auditing	N/A	N/A	Success Audit	gcIND0400.global.com	Detailed File Share		A network share object was checked to see whether client can be granted desired access.     Subject:   Security ID:  S-1-5-21-2029550947-1910908428-336986018-27183   Account Name:  gcSMQ0601$   Account Domain:  globalcom   Logon ID:  0xf7473f0    Network Information:    Object Type:  File   Source Address:  172.21.19.25   Source Port:  64572     Share Information:   Share Name:  \\*\E$   Share Path:  \??\E:\   Relative Target Name: \    Access Request Information:   Access Mask:  0x100080   Accesses:  SYNCHRONIZE      ReadAttributes        Access Check Results:   -  	671456092,a network share object was checked to see whether client can be granted desired access,"auth,windows",2017-05-02T15:02:36.268Z,63364,172.20.42.23,ms_windows_event-527129100,798,<14>May  2 20:30:49 gcIND0400.global.com ,285063090,1,0.0.0.0/514/tcp,2afe-10fdb7b2,11006,gcind0400.global.com,2017-05-02T20:30:49.000Z,5145,ms_windows_event,security,8fa9b4ac-cd64-416a-bba9-87db586bcd68#761,"{""id"":""8fa9b4ac-cd64-416a-bba9-87db586bcd68#761"",""num_events"":755,""data_type"":""passthrough"",""batch_id"":""8fa9b4ac-cd64-416a-bba9-87db586bcd68"",""batch_segment"":0,""customer_id"":""lga03"",""sequence_number"":760,""source_type"":""json"",""target_index"":""""}",11006,s-1-5-21-2029550947-1910908428-336986018-27183,gcsmq0601$, , , , , ,0xf7473f0,synchronize      readattributes, ,\\*\e$,globalcom, ,64572,172.21.19.25, , ,private ip address lan,rsv, , , , , , ,\??\e:\, , , , , , , , , , , , , , , 
microsoft-windows-security-auditing,success audit,logon,gcsmq0002.global.com,127.0.0.1,MSWinEventLog	1	Security	2131685	Tue May  2 11:02:35 2017	4624	Microsoft-Windows-Security-Auditing	N/A	N/A	Success Audit	gcSMQ0002.global.com	Logon		N/A	304321242,n/a,"auth,windows",2017-05-02T15:02:36.244Z,50165,172.21.14.21,ms_windows_event-796723568,209,<14>May  2 11:02:35 gcSMQ0002.global.com ,27946632774,0,0.0.0.0/514/tcp,2b03-681bfc646,11011,gcsmq0002.global.com,2017-05-02T11:02:35.000Z,4624,ms_windows_event,security,8fa9b4ac-cd64-416a-bba9-87db586bcd68#767,"{""id"":""8fa9b4ac-cd64-416a-bba9-87db586bcd68#767"",""num_events"":755,""data_type"":""passthrough"",""batch_id"":""8fa9b4ac-cd64-416a-bba9-87db586bcd68"",""batch_segment"":0,""customer_id"":""lga03"",""sequence_number"":766,""source_type"":""json"",""target_index"":""""}",11011, , , , , , , , , , , , , , , , , , , , , , , , , , , , , , , , , , , , , , , , , 
microsoft-windows-security-auditing,success audit,logogc,gcsmq0002.global.com,127.0.0.1,MSWinEventLog	1	Security	2131688	Tue May  2 11:02:35 2017	4634	Microsoft-Windows-Security-Auditing	N/A	N/A	Success Audit	gcSMQ0002.global.com	Logogc		N/A	304321245,n/a,"auth,windows",2017-05-02T15:02:36.246Z,50165,172.21.14.21,ms_windows_event-1377334112,210,<14>May  2 11:02:35 gcSMQ0002.global.com ,27946632777,0,0.0.0.0/514/tcp,2b03-681bfc649,11011,gcsmq0002.global.com,2017-05-02T11:02:35.000Z,4634,ms_windows_event,security,8fa9b4ac-cd64-416a-bba9-87db586bcd68#768,"{""id"":""8fa9b4ac-cd64-416a-bba9-87db586bcd68#768"",""num_events"":755,""data_type"":""passthrough"",""batch_id"":""8fa9b4ac-cd64-416a-bba9-87db586bcd68"",""batch_segment"":0,""customer_id"":""lga03"",""sequence_number"":767,""source_type"":""json"",""target_index"":""""}",11011, , , , , , , , , , , , , , , , , , , , , , , , , , , , , , , , , , , , , , , , , 
microsoft-windows-security-auditing,success audit,logon,gcsmq0002.global.com,127.0.0.1,MSWinEventLog	1	Security	2131730	Tue May  2 11:02:38 2017	4624	Microsoft-Windows-Security-Auditing	N/A	N/A	Success Audit	gcSMQ0002.global.com	Logon		N/A	304321286,n/a,"auth,windows",2017-05-02T15:02:39.260Z,50165,172.21.14.21,ms_windows_event-796723568,209,<14>May  2 11:02:38 gcSMQ0002.global.com ,27946633232,0,0.0.0.0/514/tcp,2b03-681bfc810,11011,gcsmq0002.global.com,2017-05-02T11:02:38.000Z,4624,ms_windows_event,security,9831f18b-ec98-441b-92ed-a4f3b9e99b05#79,"{""id"":""9831f18b-ec98-441b-92ed-a4f3b9e99b05#79"",""num_events"":734,""data_type"":""passthrough"",""batch_id"":""9831f18b-ec98-441b-92ed-a4f3b9e99b05"",""batch_segment"":0,""customer_id"":""lga03"",""sequence_number"":78,""source_type"":""json"",""target_index"":""""}",11011, , , , , , , , , , , , , , , , , , , , , , , , , , , , , , , , , , , , , , , , , 
microsoft-windows-security-auditing,success audit,logogc,gcbra0000.global.com,127.0.0.1,MSWinEventLog	1	Security	98998	Tue May  2 12:02:35 2017	4634	Microsoft-Windows-Security-Auditing	N/A	N/A	Success Audit	gcBRA0000.global.com	Logogc		N/A	19816073,n/a,"auth,windows",2017-05-02T15:02:36.712Z,64485,172.20.36.22,ms_windows_event-1377334112,207,<14>May  2 12:02:35 gcBRA0000.global.com ,6500393926,1,0.0.0.0/514/tcp,2af9-1837423c6,11001,gcbra0000.global.com,2017-05-02T12:02:35.000Z,4634,ms_windows_event,security,9831f18b-ec98-441b-92ed-a4f3b9e99b05#101,"{""id"":""9831f18b-ec98-441b-92ed-a4f3b9e99b05#101"",""num_events"":734,""data_type"":""passthrough"",""batch_id"":""9831f18b-ec98-441b-92ed-a4f3b9e99b05"",""batch_segment"":0,""customer_id"":""lga03"",""sequence_number"":100,""source_type"":""json"",""target_index"":""""}",11001, , , , , , , , , , , , , , , , , , , , , , , , , , , , , , , , , , , , , , , , , 
microsoft-windows-security-auditing,success audit,logogc,gcbrw0000.global.com,127.0.0.1,MSWinEventLog	1	Security	796238	Tue May  2 11:02:35 2017	4634	Microsoft-Windows-Security-Auditing	N/A	N/A	Success Audit	gcBRW0000.global.com	Logogc		An account was logged ogc.    Subject:   Security ID:  S-1-5-21-2029550947-1910908428-336986018-32823   Account Name:  NYCWS5068$   Account Domain:  globalcom   Logon ID:  0x9F7F7F6    Logon Type:   3    This event is generated when a logon session is destroyed. It may be positively correlated with a logon event using the Logon ID value. Logon IDs are only unique between reboots on the same computer.	64590947,an account was logged ogc,"auth,windows",2017-05-02T15:04:34.820Z,54837,172.24.19.20,ms_windows_event-3012490973,613,<14>May  2 11:02:35 gcBRW0000.global.com ,3969012116,1,0.0.0.0/514/tcp,2b04-ec925194,11012,gcbrw0000.global.com,2017-05-02T11:02:35.000Z,4634,ms_windows_event,security,9831f18b-ec98-441b-92ed-a4f3b9e99b05#279,"{""id"":""9831f18b-ec98-441b-92ed-a4f3b9e99b05#279"",""num_events"":734,""data_type"":""passthrough"",""batch_id"":""9831f18b-ec98-441b-92ed-a4f3b9e99b05"",""batch_segment"":0,""customer_id"":""lga03"",""sequence_number"":278,""source_type"":""json"",""target_index"":""""}",11012,s-1-5-21-2029550947-1910908428-336986018-32823,nycws5068$, , , , , ,0x9f7f7f6, , , ,globalcom, , , , , , , ,3,this event is generated when a logon session is destroyed, , , , , , , , , , , , , , , , , , , , 
microsoft-windows-security-auditing,success audit,logogc,gcbra0000.global.com,127.0.0.1,MSWinEventLog	1	Security	99038	Tue May  2 12:02:37 2017	4634	Microsoft-Windows-Security-Auditing	N/A	N/A	Success Audit	gcBRA0000.global.com	Logogc		N/A	19816113,n/a,"auth,windows",2017-05-02T15:02:37.720Z,64485,172.20.36.22,ms_windows_event-1377334112,207,<14>May  2 12:02:37 gcBRA0000.global.com ,6500393997,1,0.0.0.0/514/tcp,2af9-18374240d,11001,gcbra0000.global.com,2017-05-02T12:02:37.000Z,4634,ms_windows_event,security,9831f18b-ec98-441b-92ed-a4f3b9e99b05#310,"{""id"":""9831f18b-ec98-441b-92ed-a4f3b9e99b05#310"",""num_events"":734,""data_type"":""passthrough"",""batch_id"":""9831f18b-ec98-441b-92ed-a4f3b9e99b05"",""batch_segment"":0,""customer_id"":""lga03"",""sequence_number"":309,""source_type"":""json"",""target_index"":""""}",11001, , , , , , , , , , , , , , , , , , , , , , , , , , , , , , , , , , , , , , , , , 
microsoft-windows-security-auditing,success audit,file system,gcegy0400.global.com,127.0.0.1,MSWinEventLog	1	Security	1078885	Tue May  2 17:02:37 2017	4656	Microsoft-Windows-Security-Auditing	N/A	N/A	Success Audit	gcEGY0400.global.com	File System		A handle to an object was requested.    Subject:   Security ID:  S-1-5-18   Account Name:  gcEGY0400$   Account Domain:  globalcom   Logon ID:  0x3e7    Object:   Object Server:  Security   Object Type:  File   Object Name:  C:\Windows\System32\ftp.exe   Handle ID:  0x620    Process Information:   Process ID:  0x270   Process Name:  C:\Windows\System32\services.exe    Access Request Information:   Transaction ID:  {00000000-0000-0000-0000-000000000000}   Accesses:  READ_CONTROL      WRITE_DAC         Access Reasons:  READ_CONTROL: Granted by D:(A;;FA;;;SY)      WRITE_DAC: Granted by D:(A;;FA;;;SY)         Access Mask:  0x60000   Privileges Used for Access Check: -   Restricted SID Count: 0	169322725,a handle to an object was requested,"auth,windows",2017-05-02T15:02:37.931Z,62367,172.20.40.23,ms_windows_event-1655484026,915,<14>May  2 17:02:37 gcEGY0400.global.com ,192248613,1,0.0.0.0/514/tcp,2afc-b757b25,11004,gcegy0400.global.com, ,4656,ms_windows_event,security,9831f18b-ec98-441b-92ed-a4f3b9e99b05#325,"{""id"":""9831f18b-ec98-441b-92ed-a4f3b9e99b05#325"",""num_events"":734,""data_type"":""passthrough"",""batch_id"":""9831f18b-ec98-441b-92ed-a4f3b9e99b05"",""batch_segment"":0,""customer_id"":""lga03"",""sequence_number"":324,""source_type"":""json"",""target_index"":""""}",11004,s-1-5-18,gcegy0400$,{00000000-0000-0000-0000-000000000000},security,0x270,c:\windows\system32\services.exe,-,0x3e7,read_control      write_dac         access reasons:  read_control: granted by d:(a;;fa;;;sy)      write_dac: granted by d:(a;;fa;;;sy),1568,c:\windows\system32\ftp.exe,globalcom, , , , , , , , , , , , , , , , , , , , , , , , , , , , , 
microsoft-windows-security-auditing,success audit,file system,gcegy0400.global.com,127.0.0.1,MSWinEventLog	1	Security	1078903	Tue May  2 17:02:37 2017	4658	Microsoft-Windows-Security-Auditing	N/A	N/A	Success Audit	gcEGY0400.global.com	File System		The handle to an object was closed.    Subject :   Security ID:  S-1-5-18   Account Name:  gcEGY0400$   Account Domain:  globalcom   Logon ID:  0x3e7    Object:   Object Server:  Security   Handle ID:  0x6cc    Process Information:   Process ID:  0x270   Process Name:  C:\Windows\System32\services.exe	169322743,the handle to an object was closed,"auth,windows",2017-05-02T15:02:37.941Z,62367,172.20.40.23,ms_windows_event-259117541,519,<14>May  2 17:02:37 gcEGY0400.global.com ,192248631,1,0.0.0.0/514/tcp,2afc-b757b37,11004,gcegy0400.global.com,2017-05-02T17:02:37.000Z,4658,ms_windows_event,security,9831f18b-ec98-441b-92ed-a4f3b9e99b05#326,"{""id"":""9831f18b-ec98-441b-92ed-a4f3b9e99b05#326"",""num_events"":734,""data_type"":""passthrough"",""batch_id"":""9831f18b-ec98-441b-92ed-a4f3b9e99b05"",""batch_segment"":0,""customer_id"":""lga03"",""sequence_number"":325,""source_type"":""json"",""target_index"":""""}",11004, ,gcegy0400$, ,security,0x270,c:\windows\system32\services.exe, ,0x3e7, ,1740, ,globalcom, , , , , , , , , , , , , , , , , , , , , , , , , , , , , 
microsoft-windows-security-auditing,success audit,logogc,gcsmq0601.global.com,127.0.0.1,MSWinEventLog	1	Security	3425051	Tue May  2 11:02:38 2017	4634	Microsoft-Windows-Security-Auditing	N/A	N/A	Success Audit	gcsmq0601.global.com	Logogc		An account was logged ogc.    Subject:   Security ID:  S-1-5-21-2029550947-1910908428-336986018-41777   Account Name:  COLLT5532$   Account Domain:  globalcom   Logon ID:  0x1b5f3e59    Logon Type:   3    This event is generated when a logon session is destroyed. It may be positively correlated with a logon event using the Logon ID value. Logon IDs are only unique between reboots on the same computer.	1445129942,an account was logged ogc,"auth,windows",2017-05-02T15:02:39.343Z,49941,172.21.19.25,ms_windows_event-3012490973,617,<14>May  2 11:02:38 gcsmq0601.global.com ,27946633270,0,0.0.0.0/514/tcp,2b03-681bfc836,11011,gcsmq0601.global.com,2017-05-02T11:02:38.000Z,4634,ms_windows_event,security,9831f18b-ec98-441b-92ed-a4f3b9e99b05#366,"{""id"":""9831f18b-ec98-441b-92ed-a4f3b9e99b05#366"",""num_events"":734,""data_type"":""passthrough"",""batch_id"":""9831f18b-ec98-441b-92ed-a4f3b9e99b05"",""batch_segment"":0,""customer_id"":""lga03"",""sequence_number"":365,""source_type"":""json"",""target_index"":""""}",11011,s-1-5-21-2029550947-1910908428-336986018-41777,collt5532$, , , , , ,0x1b5f3e59, , , ,globalcom, , , , , , , ,3,this event is generated when a logon session is destroyed, , , , , , , , , , , , , , , , , , , , 
microsoft-windows-security-auditing,success audit,directory service replication,gcsmq0000.global.com,127.0.0.1,MSWinEventLog	1	Security	1629904	Tue May  2 11:02:39 2017	4932	Microsoft-Windows-Security-Auditing	N/A	N/A	Success Audit	gcSMQ0000.global.com	Directory Service Replication		N/A	186394993,n/a,"auth,windows",2017-05-02T15:02:39.615Z,51131,172.21.14.20,ms_windows_event-2014729129,233,<14>May  2 11:02:39 gcSMQ0000.global.com ,27946633277,0,0.0.0.0/514/tcp,2b03-681bfc83d,11011,gcsmq0000.global.com,2017-05-02T11:02:39.000Z,4932,ms_windows_event,security,9831f18b-ec98-441b-92ed-a4f3b9e99b05#368,"{""id"":""9831f18b-ec98-441b-92ed-a4f3b9e99b05#368"",""num_events"":734,""data_type"":""passthrough"",""batch_id"":""9831f18b-ec98-441b-92ed-a4f3b9e99b05"",""batch_segment"":0,""customer_id"":""lga03"",""sequence_number"":367,""source_type"":""json"",""target_index"":""""}",11011, , , , , , , , , , , , , , , , , , , , , , , , , , , , , , , , , , , , , , , , , 
microsoft-windows-security-auditing,failure audit,kerberos service ticket operations,gcsmq0000.global.com,127.0.0.1,MSWinEventLog	3	Security	1629907	Tue May  2 11:02:39 2017	4769	Microsoft-Windows-Security-Auditing	N/A	N/A	Failure Audit	gcSMQ0000.global.com	Kerberos Service Ticket Operations		N/A	186394996,n/a,"auth,windows",2017-05-02T15:02:39.617Z,51131,172.21.14.20,ms_windows_event-2408821607,238,<11>May  2 11:02:39 gcSMQ0000.global.com ,27946633280,0,0.0.0.0/514/tcp,2b03-681bfc840,11011,gcsmq0000.global.com,2017-05-02T11:02:39.000Z,4769,ms_windows_event,security,9831f18b-ec98-441b-92ed-a4f3b9e99b05#391,"{""id"":""9831f18b-ec98-441b-92ed-a4f3b9e99b05#391"",""num_events"":734,""data_type"":""passthrough"",""batch_id"":""9831f18b-ec98-441b-92ed-a4f3b9e99b05"",""batch_segment"":0,""customer_id"":""lga03"",""sequence_number"":390,""source_type"":""json"",""target_index"":""""}",11011, , , , , , , , , , , , , , , , , , , , , , , , , , , , , , , , , , , , , , , , , 
microsoft-windows-security-auditing,failure audit,kerberos service ticket operations,gcsmq0000.global.com,127.0.0.1,MSWinEventLog	3	Security	1629910	Tue May  2 11:02:39 2017	4769	Microsoft-Windows-Security-Auditing	N/A	N/A	Failure Audit	gcSMQ0000.global.com	Kerberos Service Ticket Operations		N/A	186394999,n/a,"auth,windows",2017-05-02T15:02:39.617Z,51131,172.21.14.20,ms_windows_event-2408821607,238,<11>May  2 11:02:39 gcSMQ0000.global.com ,27946633283,0,0.0.0.0/514/tcp,2b03-681bfc843,11011,gcsmq0000.global.com,2017-05-02T11:02:39.000Z,4769,ms_windows_event,security,9831f18b-ec98-441b-92ed-a4f3b9e99b05#392,"{""id"":""9831f18b-ec98-441b-92ed-a4f3b9e99b05#392"",""num_events"":734,""data_type"":""passthrough"",""batch_id"":""9831f18b-ec98-441b-92ed-a4f3b9e99b05"",""batch_segment"":0,""customer_id"":""lga03"",""sequence_number"":391,""source_type"":""json"",""target_index"":""""}",11011, , , , , , , , , , , , , , , , , , , , , , , , , , , , , , , , , , , , , , , , , 
microsoft-windows-security-auditing,failure audit,kerberos service ticket operations,gcsmq0000.global.com,127.0.0.1,MSWinEventLog	3	Security	1629913	Tue May  2 11:02:39 2017	4769	Microsoft-Windows-Security-Auditing	N/A	N/A	Failure Audit	gcSMQ0000.global.com	Kerberos Service Ticket Operations		N/A	186395002,n/a,"auth,windows",2017-05-02T15:02:39.618Z,51131,172.21.14.20,ms_windows_event-2408821607,238,<11>May  2 11:02:39 gcSMQ0000.global.com ,27946633286,0,0.0.0.0/514/tcp,2b03-681bfc846,11011,gcsmq0000.global.com,2017-05-02T11:02:39.000Z,4769,ms_windows_event,security,9831f18b-ec98-441b-92ed-a4f3b9e99b05#393,"{""id"":""9831f18b-ec98-441b-92ed-a4f3b9e99b05#393"",""num_events"":734,""data_type"":""passthrough"",""batch_id"":""9831f18b-ec98-441b-92ed-a4f3b9e99b05"",""batch_segment"":0,""customer_id"":""lga03"",""sequence_number"":392,""source_type"":""json"",""target_index"":""""}",11011, , , , , , , , , , , , , , , , , , , , , , , , , , , , , , , , , , , , , , , , , 
microsoft-windows-security-auditing,success audit,logogc,gcnyc-60-010.global.com,127.0.0.1,MSWinEventLog	1	Security	1354643	Tue May  2 11:02:38 2017	4634	Microsoft-Windows-Security-Auditing	N/A	N/A	Success Audit	gcNYC-60-010.global.com	Logogc		N/A	153578623,n/a,"auth,windows",2017-05-02T15:02:39.919Z,59147,172.21.14.26,ms_windows_event-1377334112,216,<14>May  2 11:02:38 gcNYC-60-010.global.com ,27946633316,0,0.0.0.0/514/tcp,2b03-681bfc864,11011,gcnyc-60-010.global.com,2017-05-02T11:02:38.000Z,4634,ms_windows_event,security,9831f18b-ec98-441b-92ed-a4f3b9e99b05#443,"{""id"":""9831f18b-ec98-441b-92ed-a4f3b9e99b05#443"",""num_events"":734,""data_type"":""passthrough"",""batch_id"":""9831f18b-ec98-441b-92ed-a4f3b9e99b05"",""batch_segment"":0,""customer_id"":""lga03"",""sequence_number"":442,""source_type"":""json"",""target_index"":""""}",11011, , , , , , , , , , , , , , , , , , , , , , , , , , , , , , , , , , , , , , , , , 
microsoft-windows-security-auditing,success audit,logogc,gcsmq0002.global.com,127.0.0.1,MSWinEventLog	1	Security	2131764	Tue May  2 11:02:39 2017	4634	Microsoft-Windows-Security-Auditing	N/A	N/A	Success Audit	gcSMQ0002.global.com	Logogc		N/A	304321320,n/a,"auth,windows",2017-05-02T15:02:40.278Z,50165,172.21.14.21,ms_windows_event-1377334112,210,<14>May  2 11:02:39 gcSMQ0002.global.com ,27946633558,0,0.0.0.0/514/tcp,2b03-681bfc956,11011,gcsmq0002.global.com,2017-05-02T11:02:39.000Z,4634,ms_windows_event,security,9831f18b-ec98-441b-92ed-a4f3b9e99b05#475,"{""id"":""9831f18b-ec98-441b-92ed-a4f3b9e99b05#475"",""num_events"":734,""data_type"":""passthrough"",""batch_id"":""9831f18b-ec98-441b-92ed-a4f3b9e99b05"",""batch_segment"":0,""customer_id"":""lga03"",""sequence_number"":474,""source_type"":""json"",""target_index"":""""}",11011, , , , , , , , , , , , , , , , , , , , , , , , , , , , , , , , , , , , , , , , , 
microsoft-windows-security-auditing,success audit,logon,gcsmq0002.global.com,127.0.0.1,MSWinEventLog	1	Security	2131768	Tue May  2 11:02:39 2017	4624	Microsoft-Windows-Security-Auditing	N/A	N/A	Success Audit	gcSMQ0002.global.com	Logon		N/A	304321324,n/a,"auth,windows",2017-05-02T15:02:40.280Z,50165,172.21.14.21,ms_windows_event-796723568,209,<14>May  2 11:02:39 gcSMQ0002.global.com ,27946633562,0,0.0.0.0/514/tcp,2b03-681bfc95a,11011,gcsmq0002.global.com,2017-05-02T11:02:39.000Z,4624,ms_windows_event,security,9831f18b-ec98-441b-92ed-a4f3b9e99b05#476,"{""id"":""9831f18b-ec98-441b-92ed-a4f3b9e99b05#476"",""num_events"":734,""data_type"":""passthrough"",""batch_id"":""9831f18b-ec98-441b-92ed-a4f3b9e99b05"",""batch_segment"":0,""customer_id"":""lga03"",""sequence_number"":475,""source_type"":""json"",""target_index"":""""}",11011, , , , , , , , , , , , , , , , , , , , , , , , , , , , , , , , , , , , , , , , , 
microsoft-windows-security-auditing,success audit,logogc,gcsmq0002.global.com,127.0.0.1,MSWinEventLog	1	Security	2131772	Tue May  2 11:02:39 2017	4634	Microsoft-Windows-Security-Auditing	N/A	N/A	Success Audit	gcSMQ0002.global.com	Logogc		N/A	304321328,n/a,"auth,windows",2017-05-02T15:02:40.282Z,50165,172.21.14.21,ms_windows_event-1377334112,210,<14>May  2 11:02:39 gcSMQ0002.global.com ,27946633566,0,0.0.0.0/514/tcp,2b03-681bfc95e,11011,gcsmq0002.global.com,2017-05-02T11:02:39.000Z,4634,ms_windows_event,security,9831f18b-ec98-441b-92ed-a4f3b9e99b05#477,"{""id"":""9831f18b-ec98-441b-92ed-a4f3b9e99b05#477"",""num_events"":734,""data_type"":""passthrough"",""batch_id"":""9831f18b-ec98-441b-92ed-a4f3b9e99b05"",""batch_segment"":0,""customer_id"":""lga03"",""sequence_number"":476,""source_type"":""json"",""target_index"":""""}",11011, , , , , , , , , , , , , , , , , , , , , , , , , , , , , , , , , , , , , , , , , 
microsoft-windows-security-auditing,success audit,logon,gcsmq0002.global.com,127.0.0.1,MSWinEventLog	1	Security	2131775	Tue May  2 11:02:39 2017	4624	Microsoft-Windows-Security-Auditing	N/A	N/A	Success Audit	gcSMQ0002.global.com	Logon		N/A	304321331,n/a,"auth,windows",2017-05-02T15:02:40.284Z,50165,172.21.14.21,ms_windows_event-796723568,209,<14>May  2 11:02:39 gcSMQ0002.global.com ,27946633569,0,0.0.0.0/514/tcp,2b03-681bfc961,11011,gcsmq0002.global.com,2017-05-02T11:02:39.000Z,4624,ms_windows_event,security,9831f18b-ec98-441b-92ed-a4f3b9e99b05#478,"{""id"":""9831f18b-ec98-441b-92ed-a4f3b9e99b05#478"",""num_events"":734,""data_type"":""passthrough"",""batch_id"":""9831f18b-ec98-441b-92ed-a4f3b9e99b05"",""batch_segment"":0,""customer_id"":""lga03"",""sequence_number"":477,""source_type"":""json"",""target_index"":""""}",11011, , , , , , , , , , , , , , , , , , , , , , , , , , , , , , , , , , , , , , , , , 
microsoft-windows-security-auditing,success audit,logon,gcsmq0002.global.com,127.0.0.1,MSWinEventLog	1	Security	2131777	Tue May  2 11:02:39 2017	4624	Microsoft-Windows-Security-Auditing	N/A	N/A	Success Audit	gcSMQ0002.global.com	Logon		N/A	304321333,n/a,"auth,windows",2017-05-02T15:02:40.284Z,50165,172.21.14.21,ms_windows_event-796723568,209,<14>May  2 11:02:39 gcSMQ0002.global.com ,27946633571,0,0.0.0.0/514/tcp,2b03-681bfc963,11011,gcsmq0002.global.com,2017-05-02T11:02:39.000Z,4624,ms_windows_event,security,9831f18b-ec98-441b-92ed-a4f3b9e99b05#479,"{""id"":""9831f18b-ec98-441b-92ed-a4f3b9e99b05#479"",""num_events"":734,""data_type"":""passthrough"",""batch_id"":""9831f18b-ec98-441b-92ed-a4f3b9e99b05"",""batch_segment"":0,""customer_id"":""lga03"",""sequence_number"":478,""source_type"":""json"",""target_index"":""""}",11011, , , , , , , , , , , , , , , , , , , , , , , , , , , , , , , , , , , , , , , , , 
microsoft-windows-security-auditing,success audit,logogc,gcsmq0002.global.com,127.0.0.1,MSWinEventLog	1	Security	2131790	Tue May  2 11:02:40 2017	4634	Microsoft-Windows-Security-Auditing	N/A	N/A	Success Audit	gcSMQ0002.global.com	Logogc		N/A	304321346,n/a,"auth,windows",2017-05-02T15:02:40.290Z,50165,172.21.14.21,ms_windows_event-1377334112,210,<14>May  2 11:02:40 gcSMQ0002.global.com ,27946633586,0,0.0.0.0/514/tcp,2b03-681bfc972,11011,gcsmq0002.global.com,2017-05-02T11:02:40.000Z,4634,ms_windows_event,security,9831f18b-ec98-441b-92ed-a4f3b9e99b05#483,"{""id"":""9831f18b-ec98-441b-92ed-a4f3b9e99b05#483"",""num_events"":734,""data_type"":""passthrough"",""batch_id"":""9831f18b-ec98-441b-92ed-a4f3b9e99b05"",""batch_segment"":0,""customer_id"":""lga03"",""sequence_number"":482,""source_type"":""json"",""target_index"":""""}",11011, , , , , , , , , , , , , , , , , , , , , , , , , , , , , , , , , , , , , , , , , 
microsoft-windows-security-auditing,success audit,logogc,gcsmq0002.global.com,127.0.0.1,MSWinEventLog	1	Security	2131793	Tue May  2 11:02:40 2017	4634	Microsoft-Windows-Security-Auditing	N/A	N/A	Success Audit	gcSMQ0002.global.com	Logogc		N/A	304321349,n/a,"auth,windows",2017-05-02T15:02:40.291Z,50165,172.21.14.21,ms_windows_event-1377334112,210,<14>May  2 11:02:40 gcSMQ0002.global.com ,27946633589,0,0.0.0.0/514/tcp,2b03-681bfc975,11011,gcsmq0002.global.com,2017-05-02T11:02:40.000Z,4634,ms_windows_event,security,9831f18b-ec98-441b-92ed-a4f3b9e99b05#484,"{""id"":""9831f18b-ec98-441b-92ed-a4f3b9e99b05#484"",""num_events"":734,""data_type"":""passthrough"",""batch_id"":""9831f18b-ec98-441b-92ed-a4f3b9e99b05"",""batch_segment"":0,""customer_id"":""lga03"",""sequence_number"":483,""source_type"":""json"",""target_index"":""""}",11011, , , , , , , , , , , , , , , , , , , , , , , , , , , , , , , , , , , , , , , , , 
microsoft-windows-security-auditing,success audit,kerberos service ticket operations,gcbrw0000.global.com,127.0.0.1,"MSWinEventLog	1	Security	796254	Tue May  2 11:02:37 2017	4769	Microsoft-Windows-Security-Auditing	N/A	N/A	Success Audit	gcBRW0000.global.com	Kerberos Service Ticket Operations		A Kerberos service ticket was requested.    Account Information:   Account Name:  l.mowers@global.com   Account Domain:  global.com   Logon GUID:  {D8526F29-7F77-DBB8-A70C-CE6537BC3CD8}    Service Information:   Service Name:  krbtgt_6246   Service ID:  S-1-5-21-2029550947-1910908428-336986018-41663    Network Information:   Client Address:  ::gcgc:172.24.33.148   Client Port:  49511    Additional Information:   Ticket Options:  0x60000000   Ticket Encryption Type: 0x12   Failure Code:  0x0   Transited Services: -    This event is generated every time access is requested to a resource such as a computer or a Windows service.  The service name indicates the resource to which access was requested.    This event can be correlated with Windows logon events by comparing the Logon GUID fields in each event.  The logon event occurs on the machine that was accessed, which is often a digcerent machine than the domain controller which issued the service ticket.    Ticket options, encryption types, and failure codes are defined in RFC 4120.	64590963",a kerberos service ticket was requested,"auth,windows",2017-05-02T15:04:35.826Z,54837,172.24.19.20,ms_windows_event-504109373,1284,<14>May  2 11:02:37 gcBRW0000.global.com ,3969012589,1,0.0.0.0/514/tcp,2b04-ec92536d,11012,gcbrw0000.global.com, ,4769,ms_windows_event,security,9831f18b-ec98-441b-92ed-a4f3b9e99b05#494,"{""id"":""9831f18b-ec98-441b-92ed-a4f3b9e99b05#494"",""num_events"":734,""data_type"":""passthrough"",""batch_id"":""9831f18b-ec98-441b-92ed-a4f3b9e99b05"",""batch_segment"":0,""customer_id"":""lga03"",""sequence_number"":493,""source_type"":""json"",""target_index"":""""}",11012, ,l.mowers@global.com, , , , , , , , , ,global.com, ,49511, , , , , , ,this event is generated every time access is requested to a resource such as a computer or a windows service,::gcgc:172.24.33.148, , , , , , , , , , , , , , , , , , , 
microsoft-windows-security-auditing,success audit,logon,gcnyc-60-010.global.com,127.0.0.1,MSWinEventLog	1	Security	1354642	Tue May  2 11:02:38 2017	4624	Microsoft-Windows-Security-Auditing	N/A	N/A	Success Audit	gcNYC-60-010.global.com	Logon		N/A	153578622,n/a,"auth,windows",2017-05-02T15:02:39.918Z,59147,172.21.14.26,ms_windows_event-796723568,215,<14>May  2 11:02:38 gcNYC-60-010.global.com ,27946633315,0,0.0.0.0/514/tcp,2b03-681bfc863,11011,gcnyc-60-010.global.com,2017-05-02T11:02:38.000Z,4624,ms_windows_event,security,9831f18b-ec98-441b-92ed-a4f3b9e99b05#550,"{""id"":""9831f18b-ec98-441b-92ed-a4f3b9e99b05#550"",""num_events"":734,""data_type"":""passthrough"",""batch_id"":""9831f18b-ec98-441b-92ed-a4f3b9e99b05"",""batch_segment"":0,""customer_id"":""lga03"",""sequence_number"":549,""source_type"":""json"",""target_index"":""""}",11011, , , , , , , , , , , , , , , , , , , , , , , , , , , , , , , , , , , , , , , , , 
microsoft-windows-security-auditing,success audit,filtering platform connection,gcmex0400.global.com,127.0.0.1,MSWinEventLog	1	Security	773432	Tue May  2 10:02:34 2017	5156	Microsoft-Windows-Security-Auditing	N/A	N/A	Success Audit	gcMEX0400.global.com	Filtering Platform Connection		The Windows Filtering Platform has permitted a connection.    Application Information:   Process ID:  4   Application Name: System    Network Information:   Direction:  Inbound   Source Address:  172.20.32.255   Source Port:  137   Destination Address: 172.20.32.136   Destination Port:  137   Protocol:  17    Filter Information:   Filter Run-Time ID: 0   Layer Name:  Receive/Accept   Layer Run-Time ID: 44	376831477,the windows filtering platform has permitted a connection,"auth,windows",2017-05-02T15:02:36.185Z,64651,172.20.32.23,ms_windows_event-820008369,637,<14>May  2 10:02:34 gcMEX0400.global.com ,2661096906,1,0.0.0.0/514/tcp,2b00-9e9d1dca,11008,gcmex0400.global.com, ,5156,ms_windows_event,security,9831f18b-ec98-441b-92ed-a4f3b9e99b05#624,"{""id"":""9831f18b-ec98-441b-92ed-a4f3b9e99b05#624"",""num_events"":734,""data_type"":""passthrough"",""batch_id"":""9831f18b-ec98-441b-92ed-a4f3b9e99b05"",""batch_segment"":0,""customer_id"":""lga03"",""sequence_number"":623,""source_type"":""json"",""target_index"":""""}",11008, , , , ,4, , , , , , , , ,137,172.20.32.255,17,system,private ip address lan,rsv, , , , , , , , , ,137,172.20.32.136,inbound,private ip address lan,rsv, , , , , , , , 
microsoft-windows-security-auditing,success audit,logon,gcsmq0020.global.com,127.0.0.1,MSWinEventLog	1	Security	472281	Tue May  2 11:02:35 2017	4624	Microsoft-Windows-Security-Auditing	N/A	N/A	Success Audit	gcSMQ0020.global.com	Logon		N/A	64136851,n/a,"auth,windows",2017-05-02T15:02:36.676Z,60856,172.21.220.20,ms_windows_event-796723568,207,<14>May  2 11:02:35 gcSMQ0020.global.com ,27946632872,0,0.0.0.0/514/tcp,2b03-681bfc6a8,11011,gcsmq0020.global.com,2017-05-02T11:02:35.000Z,4624,ms_windows_event,security,9831f18b-ec98-441b-92ed-a4f3b9e99b05#644,"{""id"":""9831f18b-ec98-441b-92ed-a4f3b9e99b05#644"",""num_events"":734,""data_type"":""passthrough"",""batch_id"":""9831f18b-ec98-441b-92ed-a4f3b9e99b05"",""batch_segment"":0,""customer_id"":""lga03"",""sequence_number"":643,""source_type"":""json"",""target_index"":""""}",11011, , , , , , , , , , , , , , , , , , , , , , , , , , , , , , , , , , , , , , , , , 
microsoft-windows-security-auditing,success audit,logon,gcnyc-60-010.global.com,127.0.0.1,MSWinEventLog	1	Security	1354594	Tue May  2 11:02:27 2017	4624	Microsoft-Windows-Security-Auditing	N/A	N/A	Success Audit	gcNYC-60-010.global.com	Logon		N/A	153578574,n/a,"auth,windows",2017-05-02T15:02:28.919Z,59147,172.21.14.26,ms_windows_event-796723568,215,<14>May  2 11:02:27 gcNYC-60-010.global.com ,27946628233,0,0.0.0.0/514/tcp,2b03-681bfb489,11011,gcnyc-60-010.global.com,2017-05-02T11:02:27.000Z,4624,ms_windows_event,security,d83f1d51-d2b1-43f3-a686-47d0835b2501#9,"{""id"":""d83f1d51-d2b1-43f3-a686-47d0835b2501#9"",""num_events"":3000,""data_type"":""passthrough"",""batch_id"":""d83f1d51-d2b1-43f3-a686-47d0835b2501"",""batch_segment"":0,""customer_id"":""lga03"",""sequence_number"":8,""source_type"":""json"",""target_index"":""""}",11011, , , , , , , , , , , , , , , , , , , , , , , , , , , , , , , , , , , , , , , , , 
microsoft-windows-security-auditing,success audit,logon,gcsmq0601.global.com,127.0.0.1,"MSWinEventLog	1	Security	3424674	Tue May  2 11:02:28 2017	4624	Microsoft-Windows-Security-Auditing	N/A	N/A	Success Audit	gcsmq0601.global.com	Logon		An account was successfully logged on.    Subject:   Security ID:  S-1-0-0   Account Name:  -   Account Domain:  -   Logon ID:  0x0    Logon Type:   3    New Logon:   Security ID:  S-1-5-21-2029550947-1910908428-336986018-41777   Account Name:  COLLT5532$   Account Domain:  globalcom   Logon ID:  0x1b5ec0d3   Logon GUID:  {5DB6AAA2-C3DF-B472-FBD1-CDB9A3296BCA}    Process Information:   Process ID:  0x0   Process Name:  -    Network Information:   Workstation Name:    Source Network Address: 172.20.80.133   Source Port:  51052    Detailed Authentication Information:   Logon Process:  Kerberos   Authentication Package: Kerberos   Transited Services: -   Package Name (NTLM only): -   Key Length:  0    This event is generated when a logon session is created. It is generated on the computer that was accessed.    The subject fields indicate the account on the local system which requested the logon. This is most commonly a service such as the Server service, or a local process such as Winlogon.exe or Services.exe.    The logon type field indicates the kind of logon that occurred. The most common types are 2 (interactive) and 3 (network).    The New Logon fields indicate the account for whom the new logon was created, i.e. the account that was logged on.    The network fields indicate where a remote logon request originated. Workstation name is not always available and may be left blank in some cases.    The authentication information fields provide detailed information about this specific logon request.   - Logon GUID is a unique identifier that can be used to correlate this event with a KDC event.   - Transited services indicate which intermediate services have participated in this logon request.   - Package name indicates which sub-protocol was used among the NTLM protocols.   - Key length indicates the length of the generated session key. This will be 0 if no session key was requested.	1445129565",an account was successfully logged on,"auth,windows",2017-05-02T15:02:29.162Z,49941,172.21.19.25,ms_windows_event-3795724934,2126,<14>May  2 11:02:28 gcsmq0601.global.com ,27946628290,0,0.0.0.0/514/tcp,2b03-681bfb4c2,11011,gcsmq0601.global.com,2017-05-02T11:02:28.000Z,4624,ms_windows_event,security,d83f1d51-d2b1-43f3-a686-47d0835b2501#217,"{""id"":""d83f1d51-d2b1-43f3-a686-47d0835b2501#217"",""num_events"":2979,""data_type"":""passthrough"",""batch_id"":""d83f1d51-d2b1-43f3-a686-47d0835b2501"",""batch_segment"":0,""customer_id"":""lga03"",""sequence_number"":216,""source_type"":""json"",""target_index"":""""}",11011,s-1-5-21-2029550947-1910908428-336986018-41777,collt5532$, , ,0x0,-, ,0x1b5ec0d3, , , ,globalcom, ,51052,172.20.80.133, , ,private ip address lan,rsv,3,this event is generated when a logon session is created, ,,kerberos,"[""1.1.1521""]", , , , , , , , , , , , , , , , 
