microsoft-windows-security-auditing,success audit,other object access events,gcken0400.global.com,127.0.0.1,MSWinEventLog	1	Security	863933	Tue May  2 18:02:49 2017	4656	Microsoft-Windows-Security-Auditing	N/A	N/A	Success Audit	gcKEN0400.global.com	Other Object Access Events		A handle to an object was requested.    Subject:   Security ID:  S-1-5-18   Account Name:  gcKEN0400$   Account Domain:  globalcom   Logon ID:  0x3e7    Object:   Object Server:  PlugPlayManager   Object Type:  Security   Object Name:  PlugPlaySecurityObject   Handle ID:  0x0    Process Information:   Process ID:  0x2d8   Process Name:  C:\Windows\System32\svchost.exe    Access Request Information:   Transaction ID:  {00000000-0000-0000-0000-000000000000}   Accesses:  Unknown specific access (bit 1)         Access Reasons:  -   Access Mask:  0x2   Privileges Used for Access Check: -   Restricted SID Count: 0	145963438,a handle to an object was requested,"auth,windows",2017-05-02T15:02:23.903Z,55560,172.20.46.23,ms_windows_event-1655484026,846,<14>May  2 18:02:49 gcKEN0400.global.com ,4357197653,1,0.0.0.0/514/tcp,2agc-103b58f55,11007,gcken0400.global.com, ,4656,ms_windows_event,security,00f5a207-d250-465a-943f-f7b6bac5548a#2797,"{""id"":""00f5a207-d250-465a-943f-f7b6bac5548a#2797"",""num_events"":2939,""data_type"":""passthrough"",""batch_id"":""00f5a207-d250-465a-943f-f7b6bac5548a"",""batch_segment"":0,""customer_id"":""lga03"",""sequence_number"":2796,""source_type"":""json"",""target_index"":""""}",11007,s-1-5-18,gcken0400$,{00000000-0000-0000-0000-000000000000},plugplaymanager,0x2d8,c:\windows\system32\svchost.exe,-,0x3e7,unknown specific access (bit 1)         access reasons:  -,0,plugplaysecurityobject,globalcom, , , , , , , , , , , , , , , , , , , , , , , , , , , , , 
microsoft-windows-security-auditing,success audit,other object access events,gcken0400.global.com,127.0.0.1,MSWinEventLog	1	Security	863950	Tue May  2 18:02:50 2017	4656	Microsoft-Windows-Security-Auditing	N/A	N/A	Success Audit	gcKEN0400.global.com	Other Object Access Events		A handle to an object was requested.    Subject:   Security ID:  S-1-5-18   Account Name:  gcKEN0400$   Account Domain:  globalcom   Logon ID:  0x3e7    Object:   Object Server:  PlugPlayManager   Object Type:  Security   Object Name:  PlugPlaySecurityObject   Handle ID:  0x0    Process Information:   Process ID:  0x2d8   Process Name:  C:\Windows\System32\svchost.exe    Access Request Information:   Transaction ID:  {00000000-0000-0000-0000-000000000000}   Accesses:  Unknown specific access (bit 1)         Access Reasons:  -   Access Mask:  0x2   Privileges Used for Access Check: -   Restricted SID Count: 0	145963455,a handle to an object was requested,"auth,windows",2017-05-02T15:02:23.912Z,55560,172.20.46.23,ms_windows_event-1655484026,846,<14>May  2 18:02:50 gcKEN0400.global.com ,4357197672,1,0.0.0.0/514/tcp,2agc-103b58f68,11007,gcken0400.global.com, ,4656,ms_windows_event,security,00f5a207-d250-465a-943f-f7b6bac5548a#2801,"{""id"":""00f5a207-d250-465a-943f-f7b6bac5548a#2801"",""num_events"":2939,""data_type"":""passthrough"",""batch_id"":""00f5a207-d250-465a-943f-f7b6bac5548a"",""batch_segment"":0,""customer_id"":""lga03"",""sequence_number"":2800,""source_type"":""json"",""target_index"":""""}",11007,s-1-5-18,gcken0400$,{00000000-0000-0000-0000-000000000000},plugplaymanager,0x2d8,c:\windows\system32\svchost.exe,-,0x3e7,unknown specific access (bit 1)         access reasons:  -,0,plugplaysecurityobject,globalcom, , , , , , , , , , , , , , , , , , , , , , , , , , , , , 
microsoft-windows-security-auditing,success audit,other object access events,gcken0400.global.com,127.0.0.1,MSWinEventLog	1	Security	863954	Tue May  2 18:02:50 2017	4656	Microsoft-Windows-Security-Auditing	N/A	N/A	Success Audit	gcKEN0400.global.com	Other Object Access Events		A handle to an object was requested.    Subject:   Security ID:  S-1-5-18   Account Name:  gcKEN0400$   Account Domain:  globalcom   Logon ID:  0x3e7    Object:   Object Server:  PlugPlayManager   Object Type:  Security   Object Name:  PlugPlaySecurityObject   Handle ID:  0x0    Process Information:   Process ID:  0x2d8   Process Name:  C:\Windows\System32\svchost.exe    Access Request Information:   Transaction ID:  {00000000-0000-0000-0000-000000000000}   Accesses:  Unknown specific access (bit 1)         Access Reasons:  -   Access Mask:  0x2   Privileges Used for Access Check: -   Restricted SID Count: 0	145963459,a handle to an object was requested,"auth,windows",2017-05-02T15:02:23.913Z,55560,172.20.46.23,ms_windows_event-1655484026,846,<14>May  2 18:02:50 gcKEN0400.global.com ,4357197676,1,0.0.0.0/514/tcp,2agc-103b58f6c,11007,gcken0400.global.com, ,4656,ms_windows_event,security,00f5a207-d250-465a-943f-f7b6bac5548a#2802,"{""id"":""00f5a207-d250-465a-943f-f7b6bac5548a#2802"",""num_events"":2939,""data_type"":""passthrough"",""batch_id"":""00f5a207-d250-465a-943f-f7b6bac5548a"",""batch_segment"":0,""customer_id"":""lga03"",""sequence_number"":2801,""source_type"":""json"",""target_index"":""""}",11007,s-1-5-18,gcken0400$,{00000000-0000-0000-0000-000000000000},plugplaymanager,0x2d8,c:\windows\system32\svchost.exe,-,0x3e7,unknown specific access (bit 1)         access reasons:  -,0,plugplaysecurityobject,globalcom, , , , , , , , , , , , , , , , , , , , , , , , , , , , , 
microsoft-windows-security-auditing,success audit,logogc,gcculad02.global.com,127.0.0.1,MSWinEventLog	1	Security	512786	Tue May  2 11:02:30 2017	4634	Microsoft-Windows-Security-Auditing	N/A	N/A	Success Audit	gcCULAD02.global.com	Logogc		An account was logged ogc.    Subject:   Security ID:  S-1-5-21-2029550947-1910908428-336986018-31105   Account Name:  gcCULEXCH01$   Account Domain:  globalcom   Logon ID:  0x1aa4cc01    Logon Type:   3    This event is generated when a logon session is destroyed. It may be positively correlated with a logon event using the Logon ID value. Logon IDs are only unique between reboots on the same computer.	181450460,an account was logged ogc,"auth,windows",2017-05-02T15:02:30.806Z,60971,172.22.19.16,ms_windows_event-3012490973,617,<14>May  2 11:02:30 gcCULAD02.global.com ,27946629823,0,0.0.0.0/514/tcp,2b03-681bfbabf,11011,gcculad02.global.com,2017-05-02T11:02:30.000Z,4634,ms_windows_event,security,d11cf821-22d5-4c32-9c3e-57690deaf0c9#42,"{""id"":""d11cf821-22d5-4c32-9c3e-57690deaf0c9#42"",""num_events"":798,""data_type"":""passthrough"",""batch_id"":""d11cf821-22d5-4c32-9c3e-57690deaf0c9"",""batch_segment"":0,""customer_id"":""lga03"",""sequence_number"":41,""source_type"":""json"",""target_index"":""""}",11011,s-1-5-21-2029550947-1910908428-336986018-31105,gcculexch01$, , , , , ,0x1aa4cc01, , , ,globalcom, , , , , , , ,3,this event is generated when a logon session is destroyed, , , , , , , , , , , , , , , , , , , , 
microsoft-windows-security-auditing,success audit,logogc,gcbra0000.global.com,127.0.0.1,MSWinEventLog	1	Security	98977	Tue May  2 12:02:33 2017	4634	Microsoft-Windows-Security-Auditing	N/A	N/A	Success Audit	gcBRA0000.global.com	Logogc		N/A	19816052,n/a,"auth,windows",2017-05-02T15:02:34.632Z,64485,172.20.36.22,ms_windows_event-1377334112,207,<14>May  2 12:02:33 gcBRA0000.global.com ,6500393794,1,0.0.0.0/514/tcp,2af9-183742342,11001,gcbra0000.global.com,2017-05-02T12:02:33.000Z,4634,ms_windows_event,security,d11cf821-22d5-4c32-9c3e-57690deaf0c9#80,"{""id"":""d11cf821-22d5-4c32-9c3e-57690deaf0c9#80"",""num_events"":798,""data_type"":""passthrough"",""batch_id"":""d11cf821-22d5-4c32-9c3e-57690deaf0c9"",""batch_segment"":0,""customer_id"":""lga03"",""sequence_number"":79,""source_type"":""json"",""target_index"":""""}",11001, , , , , , , , , , , , , , , , , , , , , , , , , , , , , , , , , , , , , , , , , 
microsoft-windows-security-auditing,success audit,logogc,gcbra0000.global.com,127.0.0.1,MSWinEventLog	1	Security	98989	Tue May  2 12:02:33 2017	4634	Microsoft-Windows-Security-Auditing	N/A	N/A	Success Audit	gcBRA0000.global.com	Logogc		N/A	19816064,n/a,"auth,windows",2017-05-02T15:02:34.637Z,64485,172.20.36.22,ms_windows_event-1377334112,207,<14>May  2 12:02:33 gcBRA0000.global.com ,6500393806,1,0.0.0.0/514/tcp,2af9-18374234e,11001,gcbra0000.global.com,2017-05-02T12:02:33.000Z,4634,ms_windows_event,security,d11cf821-22d5-4c32-9c3e-57690deaf0c9#81,"{""id"":""d11cf821-22d5-4c32-9c3e-57690deaf0c9#81"",""num_events"":798,""data_type"":""passthrough"",""batch_id"":""d11cf821-22d5-4c32-9c3e-57690deaf0c9"",""batch_segment"":0,""customer_id"":""lga03"",""sequence_number"":80,""source_type"":""json"",""target_index"":""""}",11001, , , , , , , , , , , , , , , , , , , , , , , , , , , , , , , , , , , , , , , , , 
microsoft-windows-security-auditing,success audit,logon,gcsmq0002.global.com,127.0.0.1,MSWinEventLog	1	Security	2131638	Tue May  2 11:02:35 2017	4624	Microsoft-Windows-Security-Auditing	N/A	N/A	Success Audit	gcSMQ0002.global.com	Logon		N/A	304321195,n/a,"auth,windows",2017-05-02T15:02:36.217Z,50165,172.21.14.21,ms_windows_event-796723568,209,<14>May  2 11:02:35 gcSMQ0002.global.com ,27946632727,0,0.0.0.0/514/tcp,2b03-681bfc617,11011,gcsmq0002.global.com,2017-05-02T11:02:35.000Z,4624,ms_windows_event,security,d11cf821-22d5-4c32-9c3e-57690deaf0c9#155,"{""id"":""d11cf821-22d5-4c32-9c3e-57690deaf0c9#155"",""num_events"":784,""data_type"":""passthrough"",""batch_id"":""d11cf821-22d5-4c32-9c3e-57690deaf0c9"",""batch_segment"":0,""customer_id"":""lga03"",""sequence_number"":154,""source_type"":""json"",""target_index"":""""}",11011, , , , , , , , , , , , , , , , , , , , , , , , , , , , , , , , , , , , , , , , , 
microsoft-windows-security-auditing,success audit,logon,gcsmq0002.global.com,127.0.0.1,MSWinEventLog	1	Security	2131644	Tue May  2 11:02:35 2017	4624	Microsoft-Windows-Security-Auditing	N/A	N/A	Success Audit	gcSMQ0002.global.com	Logon		N/A	304321201,n/a,"auth,windows",2017-05-02T15:02:36.225Z,50165,172.21.14.21,ms_windows_event-796723568,209,<14>May  2 11:02:35 gcSMQ0002.global.com ,27946632733,0,0.0.0.0/514/tcp,2b03-681bfc61d,11011,gcsmq0002.global.com,2017-05-02T11:02:35.000Z,4624,ms_windows_event,security,d11cf821-22d5-4c32-9c3e-57690deaf0c9#156,"{""id"":""d11cf821-22d5-4c32-9c3e-57690deaf0c9#156"",""num_events"":784,""data_type"":""passthrough"",""batch_id"":""d11cf821-22d5-4c32-9c3e-57690deaf0c9"",""batch_segment"":0,""customer_id"":""lga03"",""sequence_number"":155,""source_type"":""json"",""target_index"":""""}",11011, , , , , , , , , , , , , , , , , , , , , , , , , , , , , , , , , , , , , , , , , 
microsoft-windows-security-auditing,success audit,logogc,gcsmq0002.global.com,127.0.0.1,MSWinEventLog	1	Security	2131665	Tue May  2 11:02:35 2017	4634	Microsoft-Windows-Security-Auditing	N/A	N/A	Success Audit	gcSMQ0002.global.com	Logogc		N/A	304321222,n/a,"auth,windows",2017-05-02T15:02:36.226Z,50165,172.21.14.21,ms_windows_event-1377334112,210,<14>May  2 11:02:35 gcSMQ0002.global.com ,27946632754,0,0.0.0.0/514/tcp,2b03-681bfc632,11011,gcsmq0002.global.com,2017-05-02T11:02:35.000Z,4634,ms_windows_event,security,d11cf821-22d5-4c32-9c3e-57690deaf0c9#160,"{""id"":""d11cf821-22d5-4c32-9c3e-57690deaf0c9#160"",""num_events"":784,""data_type"":""passthrough"",""batch_id"":""d11cf821-22d5-4c32-9c3e-57690deaf0c9"",""batch_segment"":0,""customer_id"":""lga03"",""sequence_number"":159,""source_type"":""json"",""target_index"":""""}",11011, , , , , , , , , , , , , , , , , , , , , , , , , , , , , , , , , , , , , , , , , 
microsoft-windows-security-auditing,success audit,logogc,gcsmq0002.global.com,127.0.0.1,MSWinEventLog	1	Security	2131680	Tue May  2 11:02:35 2017	4634	Microsoft-Windows-Security-Auditing	N/A	N/A	Success Audit	gcSMQ0002.global.com	Logogc		N/A	304321237,n/a,"auth,windows",2017-05-02T15:02:36.235Z,50165,172.21.14.21,ms_windows_event-1377334112,210,<14>May  2 11:02:35 gcSMQ0002.global.com ,27946632769,0,0.0.0.0/514/tcp,2b03-681bfc641,11011,gcsmq0002.global.com,2017-05-02T11:02:35.000Z,4634,ms_windows_event,security,d11cf821-22d5-4c32-9c3e-57690deaf0c9#165,"{""id"":""d11cf821-22d5-4c32-9c3e-57690deaf0c9#165"",""num_events"":784,""data_type"":""passthrough"",""batch_id"":""d11cf821-22d5-4c32-9c3e-57690deaf0c9"",""batch_segment"":0,""customer_id"":""lga03"",""sequence_number"":164,""source_type"":""json"",""target_index"":""""}",11011, , , , , , , , , , , , , , , , , , , , , , , , , , , , , , , , , , , , , , , , , 
microsoft-windows-security-auditing,success audit,logogc,gcsmq0000.global.com,127.0.0.1,MSWinEventLog	1	Security	1629850	Tue May  2 11:02:35 2017	4634	Microsoft-Windows-Security-Auditing	N/A	N/A	Success Audit	gcSMQ0000.global.com	Logogc		N/A	186394939,n/a,"auth,windows",2017-05-02T15:02:36.615Z,51131,172.21.14.20,ms_windows_event-1377334112,210,<14>May  2 11:02:35 gcSMQ0000.global.com ,27946632862,0,0.0.0.0/514/tcp,2b03-681bfc69e,11011,gcsmq0000.global.com,2017-05-02T11:02:35.000Z,4634,ms_windows_event,security,d11cf821-22d5-4c32-9c3e-57690deaf0c9#178,"{""id"":""d11cf821-22d5-4c32-9c3e-57690deaf0c9#178"",""num_events"":784,""data_type"":""passthrough"",""batch_id"":""d11cf821-22d5-4c32-9c3e-57690deaf0c9"",""batch_segment"":0,""customer_id"":""lga03"",""sequence_number"":177,""source_type"":""json"",""target_index"":""""}",11011, , , , , , , , , , , , , , , , , , , , , , , , , , , , , , , , , , , , , , , , , 
microsoft-windows-security-auditing,success audit,logon,gcsmq0002.global.com,127.0.0.1,MSWinEventLog	1	Security	2131482	Tue May  2 11:02:29 2017	4624	Microsoft-Windows-Security-Auditing	N/A	N/A	Success Audit	gcSMQ0002.global.com	Logon		N/A	304321039,n/a,"auth,windows",2017-05-02T15:02:31.166Z,50165,172.21.14.21,ms_windows_event-796723568,209,<14>May  2 11:02:29 gcSMQ0002.global.com ,27946630021,0,0.0.0.0/514/tcp,2b03-681bfbb85,11011,gcsmq0002.global.com,2017-05-02T11:02:29.000Z,4624,ms_windows_event,security,d11cf821-22d5-4c32-9c3e-57690deaf0c9#208,"{""id"":""d11cf821-22d5-4c32-9c3e-57690deaf0c9#208"",""num_events"":784,""data_type"":""passthrough"",""batch_id"":""d11cf821-22d5-4c32-9c3e-57690deaf0c9"",""batch_segment"":0,""customer_id"":""lga03"",""sequence_number"":207,""source_type"":""json"",""target_index"":""""}",11011, , , , , , , , , , , , , , , , , , , , , , , , , , , , , , , , , , , , , , , , , 
microsoft-windows-security-auditing,success audit,logogc,gcsmq0002.global.com,127.0.0.1,MSWinEventLog	1	Security	2131495	Tue May  2 11:02:29 2017	4634	Microsoft-Windows-Security-Auditing	N/A	N/A	Success Audit	gcSMQ0002.global.com	Logogc		N/A	304321052,n/a,"auth,windows",2017-05-02T15:02:31.170Z,50165,172.21.14.21,ms_windows_event-1377334112,210,<14>May  2 11:02:29 gcSMQ0002.global.com ,27946630037,0,0.0.0.0/514/tcp,2b03-681bfbb95,11011,gcsmq0002.global.com,2017-05-02T11:02:29.000Z,4634,ms_windows_event,security,d11cf821-22d5-4c32-9c3e-57690deaf0c9#212,"{""id"":""d11cf821-22d5-4c32-9c3e-57690deaf0c9#212"",""num_events"":784,""data_type"":""passthrough"",""batch_id"":""d11cf821-22d5-4c32-9c3e-57690deaf0c9"",""batch_segment"":0,""customer_id"":""lga03"",""sequence_number"":211,""source_type"":""json"",""target_index"":""""}",11011, , , , , , , , , , , , , , , , , , , , , , , , , , , , , , , , , , , , , , , , , 
microsoft-windows-security-auditing,success audit,logon,gcbrw0000.global.com,127.0.0.1,"MSWinEventLog	1	Security	796174	Tue May  2 11:02:28 2017	4624	Microsoft-Windows-Security-Auditing	N/A	N/A	Success Audit	gcBRW0000.global.com	Logon		An account was successfully logged on.    Subject:   Security ID:  S-1-0-0   Account Name:  -   Account Domain:  -   Logon ID:  0x0    Logon Type:   3    Impersonation Level:  Impersonation    New Logon:   Security ID:  S-1-5-21-2029550947-1910908428-336986018-39703   Account Name:  NYCLT5367C$   Account Domain:  globalcom   Logon ID:  0x9F7FB53   Logon GUID:  {8097A7EC-8769-4C14-3037-0BCBF2B41EE8}    Process Information:   Process ID:  0x0   Process Name:  -    Network Information:   Workstation Name:    Source Network Address: 172.24.32.138   Source Port:  51191    Detailed Authentication Information:   Logon Process:  Kerberos   Authentication Package: Kerberos   Transited Services: -   Package Name (NTLM only): -   Key Length:  0    This event is generated when a logon session is created. It is generated on the computer that was accessed.    The subject fields indicate the account on the local system which requested the logon. This is most commonly a service such as the Server service, or a local process such as Winlogon.exe or Services.exe.    The logon type field indicates the kind of logon that occurred. The most common types are 2 (interactive) and 3 (network).    The New Logon fields indicate the account for whom the new logon was created, i.e. the account that was logged on.    The network fields indicate where a remote logon request originated. Workstation name is not always available and may be left blank in some cases.    The impersonation level field indicates the extent to which a process in the logon session can impersonate.    The authentication information fields provide detailed information about this specific logon request.   - Logon GUID is a unique identifier that can be used to correlate this event with a KDC event.   - Transited services indicate which intermediate services have participated in this logon request.   - Package name indicates which sub-protocol was used among the NTLM protocols.   - Key length indicates the length of the generated session key. This will be 0 if no session key was requested.	64590883",an account was successfully logged on,"auth,windows",2017-05-02T15:04:26.804Z,54837,172.24.19.20,ms_windows_event-3795724934,2273,<14>May  2 11:02:28 gcBRW0000.global.com ,3969007435,1,0.0.0.0/514/tcp,2b04-ec923f4b,11012,gcbrw0000.global.com,2017-05-02T11:02:28.000Z,4624,ms_windows_event,security,d11cf821-22d5-4c32-9c3e-57690deaf0c9#484,"{""id"":""d11cf821-22d5-4c32-9c3e-57690deaf0c9#484"",""num_events"":749,""data_type"":""passthrough"",""batch_id"":""d11cf821-22d5-4c32-9c3e-57690deaf0c9"",""batch_segment"":0,""customer_id"":""lga03"",""sequence_number"":483,""source_type"":""json"",""target_index"":""""}",11012,s-1-5-21-2029550947-1910908428-336986018-39703,nyclt5367c$, , ,0x0,-, ,0x9f7fb53, , , ,globalcom, ,51191,172.24.32.138, , ,private ip address lan,rsv,3,this event is generated when a logon session is created, ,,kerberos,"[""1.1.1521""]", , , , , , , , , , , , , , , , 
microsoft-windows-security-auditing,success audit,logon,gcbrw0000.global.com,127.0.0.1,"MSWinEventLog	1	Security	796231	Tue May  2 11:02:35 2017	4624	Microsoft-Windows-Security-Auditing	N/A	N/A	Success Audit	gcBRW0000.global.com	Logon		An account was successfully logged on.    Subject:   Security ID:  S-1-0-0   Account Name:  -   Account Domain:  -   Logon ID:  0x0    Logon Type:   3    Impersonation Level:  Impersonation    New Logon:   Security ID:  S-1-5-21-2029550947-1910908428-336986018-23974   Account Name:  E.Oleary   Account Domain:  globalcom   Logon ID:  0x9F807A0   Logon GUID:  {804DBE99-00F5-A4BF-50CD-1B4DA573E2F9}    Process Information:   Process ID:  0x0   Process Name:  -    Network Information:   Workstation Name:    Source Network Address: 172.24.40.44   Source Port:  51559    Detailed Authentication Information:   Logon Process:  Kerberos   Authentication Package: Kerberos   Transited Services: -   Package Name (NTLM only): -   Key Length:  0    This event is generated when a logon session is created. It is generated on the computer that was accessed.    The subject fields indicate the account on the local system which requested the logon. This is most commonly a service such as the Server service, or a local process such as Winlogon.exe or Services.exe.    The logon type field indicates the kind of logon that occurred. The most common types are 2 (interactive) and 3 (network).    The New Logon fields indicate the account for whom the new logon was created, i.e. the account that was logged on.    The network fields indicate where a remote logon request originated. Workstation name is not always available and may be left blank in some cases.    The impersonation level field indicates the extent to which a process in the logon session can impersonate.    The authentication information fields provide detailed information about this specific logon request.   - Logon GUID is a unique identifier that can be used to correlate this event with a KDC event.   - Transited services indicate which intermediate services have participated in this logon request.   - Package name indicates which sub-protocol was used among the NTLM protocols.   - Key length indicates the length of the generated session key. This will be 0 if no session key was requested.	64590940",an account was successfully logged on,"auth,windows",2017-05-02T15:04:32.817Z,54837,172.24.19.20,ms_windows_event-3795724934,2269,<14>May  2 11:02:35 gcBRW0000.global.com ,3969011245,1,0.0.0.0/514/tcp,2b04-ec924e2d,11012,gcbrw0000.global.com,2017-05-02T11:02:35.000Z,4624,ms_windows_event,security,d11cf821-22d5-4c32-9c3e-57690deaf0c9#496,"{""id"":""d11cf821-22d5-4c32-9c3e-57690deaf0c9#496"",""num_events"":749,""data_type"":""passthrough"",""batch_id"":""d11cf821-22d5-4c32-9c3e-57690deaf0c9"",""batch_segment"":0,""customer_id"":""lga03"",""sequence_number"":495,""source_type"":""json"",""target_index"":""""}",11012,s-1-5-21-2029550947-1910908428-336986018-23974,e.oleary, , ,0x0,-, ,0x9f807a0, , , ,globalcom, ,51559,172.24.40.44, , ,private ip address lan,rsv,3,this event is generated when a logon session is created, ,,kerberos,"[""1.1.1521"",""1.1.1552""]", , , , , , , , , , , , , , , , 
microsoft-windows-security-auditing,success audit,detailed file share,gcind0400.global.com,127.0.0.1,MSWinEventLog	1	Security	1535127	Tue May  2 20:30:44 2017	5145	Microsoft-Windows-Security-Auditing	N/A	N/A	Success Audit	gcIND0400.global.com	Detailed File Share		A network share object was checked to see whether client can be granted desired access.     Subject:   Security ID:  S-1-5-19   Account Name:  LOCAL SERVICE   Account Domain:  NT AUTHORITY   Logon ID:  0x3e5    Network Information:    Object Type:  File   Source Address:  fe80::d804:454c:b911:c796   Source Port:  58812     Share Information:   Share Name:  \\*\SMPSTOREU_FE3A15E2$   Share Path:  \??\U:\Windows 10 Migration User Data\SMPSTOREU_FE3A15E2$   Relative Target Name: FBC02D2321401636EFBD99756C5AAF338C3D018C06B9724EB56B409163928473    Access Request Information:   Access Mask:  0x60080   Accesses:  READ_CONTROL      WRITE_DAC      ReadAttributes        Access Check Results:   -  	671456080,a network share object was checked to see whether client can be granted desired access.     subject:   security id:  s-1-5-19   account name:  local service   account domain:  nt authority   logon id:  0x3e5    network information:    object type:  file   source address:  fe80::d804:454c:b911:c796   source port:  58812     share information:   share name:  \\*\smpstoreu_fe3a15e2$   share path:  \??\u:\windows 10 migration user data\smpstoreu_fe3a15e2$   relative target name: fbc02d2321401636efbd99756c5aaf338c3d018c06b9724eb56b409163928473    access request information:   access mask:  0x60080   accesses:  read_control      write_dac      readattributes        access check results:   -,"auth,windows",2017-05-02T15:02:30.070Z,63364,172.20.42.23,ms_windows_event-2048817195,915,<14>May  2 20:30:44 gcIND0400.global.com ,285062904,1,0.0.0.0/514/tcp,2afe-10fdb6f8,11006,gcind0400.global.com,2017-05-02T20:30:44.000Z,5145,ms_windows_event,security,d11cf821-22d5-4c32-9c3e-57690deaf0c9#653,"{""id"":""d11cf821-22d5-4c32-9c3e-57690deaf0c9#653"",""num_events"":730,""data_type"":""passthrough"",""batch_id"":""d11cf821-22d5-4c32-9c3e-57690deaf0c9"",""batch_segment"":0,""customer_id"":""lga03"",""sequence_number"":652,""source_type"":""json"",""target_index"":""""}",11006, , , , , , , , , , , , , , , , , , , , , , , , , , , , , , , , , , , , , , , , , 
microsoft-windows-security-auditing,success audit,logon,gcbra0000.global.com,127.0.0.1,MSWinEventLog	1	Security	99012	Tue May  2 12:02:36 2017	4624	Microsoft-Windows-Security-Auditing	N/A	N/A	Success Audit	gcBRA0000.global.com	Logon		N/A	19816087,n/a,"auth,windows",2017-05-02T15:02:36.719Z,64485,172.20.36.22,ms_windows_event-796723568,206,<14>May  2 12:02:36 gcBRA0000.global.com ,6500393940,1,0.0.0.0/514/tcp,2af9-1837423d4,11001,gcbra0000.global.com,2017-05-02T12:02:36.000Z,4624,ms_windows_event,security,d11cf821-22d5-4c32-9c3e-57690deaf0c9#708,"{""id"":""d11cf821-22d5-4c32-9c3e-57690deaf0c9#708"",""num_events"":730,""data_type"":""passthrough"",""batch_id"":""d11cf821-22d5-4c32-9c3e-57690deaf0c9"",""batch_segment"":0,""customer_id"":""lga03"",""sequence_number"":707,""source_type"":""json"",""target_index"":""""}",11001, , , , , , , , , , , , , , , , , , , , , , , , , , , , , , , , , , , , , , , , , 
microsoft-windows-security-auditing,success audit,logogc,gcsmq0002.global.com,127.0.0.1,MSWinEventLog	1	Security	2131693	Tue May  2 11:02:36 2017	4634	Microsoft-Windows-Security-Auditing	N/A	N/A	Success Audit	gcSMQ0002.global.com	Logogc		N/A	304321250,n/a,"auth,windows",2017-05-02T15:02:37.244Z,50165,172.21.14.21,ms_windows_event-1377334112,210,<14>May  2 11:02:36 gcSMQ0002.global.com ,27946632912,0,0.0.0.0/514/tcp,2b03-681bfc6d0,11011,gcsmq0002.global.com,2017-05-02T11:02:36.000Z,4634,ms_windows_event,security,d11cf821-22d5-4c32-9c3e-57690deaf0c9#774,"{""id"":""d11cf821-22d5-4c32-9c3e-57690deaf0c9#774"",""num_events"":729,""data_type"":""passthrough"",""batch_id"":""d11cf821-22d5-4c32-9c3e-57690deaf0c9"",""batch_segment"":0,""customer_id"":""lga03"",""sequence_number"":773,""source_type"":""json"",""target_index"":""""}",11011, , , , , , , , , , , , , , , , , , , , , , , , , , , , , , , , , , , , , , , , , 
microsoft-windows-wmi-activity,information,n/a,gcgcp3310.global.com,127.0.0.1,MSWinEventLog	1	Microsoft-Windows-WMI-Activity/Operational	112901	Tue May  2 11:02:36 2017	5857	Microsoft-Windows-WMI-Activity	LOCAL SERVICE	Well Known Group	Information	gcgcp3310.global.com	N/A		WmiPerfInst provider started with result code 0x0. HostProcess = wmiprvse.exe; ProcessID = 5956; ProviderPath = C:\Windows\System32\wbem\WmiPerfInst.dll	1014576,wmiperfinst provider started with result code 0x0,"auth,windows",2017-05-02T15:02:37.901Z,56535,10.25.0.28,ms_windows_event-1320725749,403,<14>May  2 11:02:36 gcgcp3310.global.com ,27946633015,0,0.0.0.0/514/tcp,2b03-681bfc737,11011,gcgcp3310.global.com,2017-05-02T11:02:36.000Z,5857,ms_windows_event,microsoft-windows-wmi-activity/operational,d11cf821-22d5-4c32-9c3e-57690deaf0c9#779,"{""id"":""d11cf821-22d5-4c32-9c3e-57690deaf0c9#779"",""num_events"":729,""data_type"":""passthrough"",""batch_id"":""d11cf821-22d5-4c32-9c3e-57690deaf0c9"",""batch_segment"":0,""customer_id"":""lga03"",""sequence_number"":778,""source_type"":""json"",""target_index"":""""}",11011, , , , ,5956,wmiprvse.exe, , , , , , , , , , , , , , , , , , , ,c:\windows\system32\wbem\wmiperfinst.dll, , , , , , , , , , , , , , , 
microsoft-windows-security-auditing,success audit,kerberos service ticket operations,gcsmq0002.global.com,127.0.0.1,MSWinEventLog	1	Security	2131425	Tue May  2 11:02:27 2017	4769	Microsoft-Windows-Security-Auditing	N/A	N/A	Success Audit	gcSMQ0002.global.com	Kerberos Service Ticket Operations		N/A	304320982,n/a,"auth,windows",2017-05-02T15:02:28.136Z,50165,172.21.14.21,ms_windows_event-2408821607,238,<14>May  2 11:02:27 gcSMQ0002.global.com ,27946627843,0,0.0.0.0/514/tcp,2b03-681bfb303,11011,gcsmq0002.global.com,2017-05-02T11:02:27.000Z,4769,ms_windows_event,security,fe30148b-3aed-4b2b-9ad2-dca56b6ec0d6#120,"{""id"":""fe30148b-3aed-4b2b-9ad2-dca56b6ec0d6#120"",""num_events"":3000,""data_type"":""passthrough"",""batch_id"":""fe30148b-3aed-4b2b-9ad2-dca56b6ec0d6"",""batch_segment"":0,""customer_id"":""lga03"",""sequence_number"":119,""source_type"":""json"",""target_index"":""""}",11011, , , , , , , , , , , , , , , , , , , , , , , , , , , , , , , , , , , , , , , , , 
microsoft-windows-security-auditing,success audit,logogc,gcsmq0002.global.com,127.0.0.1,MSWinEventLog	1	Security	2131430	Tue May  2 11:02:27 2017	4634	Microsoft-Windows-Security-Auditing	N/A	N/A	Success Audit	gcSMQ0002.global.com	Logogc		N/A	304320987,n/a,"auth,windows",2017-05-02T15:02:28.138Z,50165,172.21.14.21,ms_windows_event-1377334112,210,<14>May  2 11:02:27 gcSMQ0002.global.com ,27946627849,0,0.0.0.0/514/tcp,2b03-681bfb309,11011,gcsmq0002.global.com,2017-05-02T11:02:27.000Z,4634,ms_windows_event,security,fe30148b-3aed-4b2b-9ad2-dca56b6ec0d6#122,"{""id"":""fe30148b-3aed-4b2b-9ad2-dca56b6ec0d6#122"",""num_events"":3000,""data_type"":""passthrough"",""batch_id"":""fe30148b-3aed-4b2b-9ad2-dca56b6ec0d6"",""batch_segment"":0,""customer_id"":""lga03"",""sequence_number"":121,""source_type"":""json"",""target_index"":""""}",11011, , , , , , , , , , , , , , , , , , , , , , , , , , , , , , , , , , , , , , , , , 
microsoft-windows-security-auditing,success audit,logogc,gcsmq0002.global.com,127.0.0.1,MSWinEventLog	1	Security	2131434	Tue May  2 11:02:27 2017	4634	Microsoft-Windows-Security-Auditing	N/A	N/A	Success Audit	gcSMQ0002.global.com	Logogc		N/A	304320991,n/a,"auth,windows",2017-05-02T15:02:28.139Z,50165,172.21.14.21,ms_windows_event-1377334112,210,<14>May  2 11:02:27 gcSMQ0002.global.com ,27946627853,0,0.0.0.0/514/tcp,2b03-681bfb30d,11011,gcsmq0002.global.com,2017-05-02T11:02:27.000Z,4634,ms_windows_event,security,fe30148b-3aed-4b2b-9ad2-dca56b6ec0d6#123,"{""id"":""fe30148b-3aed-4b2b-9ad2-dca56b6ec0d6#123"",""num_events"":3000,""data_type"":""passthrough"",""batch_id"":""fe30148b-3aed-4b2b-9ad2-dca56b6ec0d6"",""batch_segment"":0,""customer_id"":""lga03"",""sequence_number"":122,""source_type"":""json"",""target_index"":""""}",11011, , , , , , , , , , , , , , , , , , , , , , , , , , , , , , , , , , , , , , , , , 
microsoft-windows-security-auditing,success audit,process termination,gcsmq0602.global.com,127.0.0.1,MSWinEventLog	1	Security	1160077	Tue May  2 11:02:26 2017	4689	Microsoft-Windows-Security-Auditing	N/A	N/A	Success Audit	gcSMQ0602.global.com	Process Termination		A process has exited.    Subject:   Security ID:  S-1-5-80-3958276243-2739099675-334681800-2039304502-2384811254   Account Name:  semsrv   Account Domain:  NT SERVICE   Logon ID:  0x3530a    Process Information:   Process ID: 0x1f68   Process Name: D:\Program Files (x86)\Symantec\Symantec Endpoint Protection Manager\bin\USNWash.exe   Exit Status: 0x40000000	1210041789,a process has exited,"auth,windows",2017-05-02T15:02:28.243Z,54131,172.21.25.20,ms_windows_event-268340335,580,<14>May  2 11:02:26 gcSMQ0602.global.com ,27946627931,0,0.0.0.0/514/tcp,2b03-681bfb35b,11011,gcsmq0602.global.com,2017-05-02T11:02:26.000Z,4689,ms_windows_event,security,fe30148b-3aed-4b2b-9ad2-dca56b6ec0d6#125,"{""id"":""fe30148b-3aed-4b2b-9ad2-dca56b6ec0d6#125"",""num_events"":3000,""data_type"":""passthrough"",""batch_id"":""fe30148b-3aed-4b2b-9ad2-dca56b6ec0d6"",""batch_segment"":0,""customer_id"":""lga03"",""sequence_number"":124,""source_type"":""json"",""target_index"":""""}",11011, ,semsrv, , ,0x1f68,d:\program files (x86)\symantec\symantec endpoint protection manager\bin\usnwash.exe, ,0x3530a, , , ,nt, , , , , , , , , , , , , , , , , , , , , , , , , , , , , 
microsoft-windows-security-auditing,success audit,logon,gcsmq0601.global.com,127.0.0.1,"MSWinEventLog	1	Security	3424700	Tue May  2 11:02:30 2017	4624	Microsoft-Windows-Security-Auditing	N/A	N/A	Success Audit	gcsmq0601.global.com	Logon		An account was successfully logged on.    Subject:   Security ID:  S-1-0-0   Account Name:  -   Account Domain:  -   Logon ID:  0x0    Logon Type:   3    New Logon:   Security ID:  S-1-5-21-2029550947-1910908428-336986018-41777   Account Name:  COLLT5532$   Account Domain:  globalcom   Logon ID:  0x1b5ed7f6   Logon GUID:  {5DB6AAA2-C3DF-B472-FBD1-CDB9A3296BCA}    Process Information:   Process ID:  0x0   Process Name:  -    Network Information:   Workstation Name:    Source Network Address: 172.20.80.133   Source Port:  51052    Detailed Authentication Information:   Logon Process:  Kerberos   Authentication Package: Kerberos   Transited Services: -   Package Name (NTLM only): -   Key Length:  0    This event is generated when a logon session is created. It is generated on the computer that was accessed.    The subject fields indicate the account on the local system which requested the logon. This is most commonly a service such as the Server service, or a local process such as Winlogon.exe or Services.exe.    The logon type field indicates the kind of logon that occurred. The most common types are 2 (interactive) and 3 (network).    The New Logon fields indicate the account for whom the new logon was created, i.e. the account that was logged on.    The network fields indicate where a remote logon request originated. Workstation name is not always available and may be left blank in some cases.    The authentication information fields provide detailed information about this specific logon request.   - Logon GUID is a unique identifier that can be used to correlate this event with a KDC event.   - Transited services indicate which intermediate services have participated in this logon request.   - Package name indicates which sub-protocol was used among the NTLM protocols.   - Key length indicates the length of the generated session key. This will be 0 if no session key was requested.	1445129591",an account was successfully logged on,"auth,windows",2017-05-02T15:02:31.173Z,49941,172.21.19.25,ms_windows_event-3795724934,2126,<14>May  2 11:02:30 gcsmq0601.global.com ,27946630053,0,0.0.0.0/514/tcp,2b03-681bfbba5,11011,gcsmq0601.global.com,2017-05-02T11:02:30.000Z,4624,ms_windows_event,security,fe30148b-3aed-4b2b-9ad2-dca56b6ec0d6#187,"{""id"":""fe30148b-3aed-4b2b-9ad2-dca56b6ec0d6#187"",""num_events"":3000,""data_type"":""passthrough"",""batch_id"":""fe30148b-3aed-4b2b-9ad2-dca56b6ec0d6"",""batch_segment"":0,""customer_id"":""lga03"",""sequence_number"":186,""source_type"":""json"",""target_index"":""""}",11011,s-1-5-21-2029550947-1910908428-336986018-41777,collt5532$, , ,0x0,-, ,0x1b5ed7f6, , , ,globalcom, ,51052,172.20.80.133, , ,private ip address lan,rsv,3,this event is generated when a logon session is created, ,,kerberos,"[""1.1.1521""]", , , , , , , , , , , , , , , , 
xtia,information,n/a,gcgcp0500.global.com,127.0.0.1,MSWinEventLog	1	Application	390405	Tue May  2 11:02:28 2017	0	xTIA	N/A	N/A	Information	gcgcp0500.global.com	N/A		 >> Process integration xTIA SourceSystem 5 >> 	47950006,>> process integration xtia sourcesystem 5 >>,"auth,windows",2017-05-02T15:02:28.610Z,60470,172.25.0.7,ms_windows_event-3053450971,216,<14>May  2 11:02:28 gcgcp0500.global.com ,27946628119,0,0.0.0.0/514/tcp,2b03-681bfb417,11011,gcgcp0500.global.com,2017-05-02T11:02:28.000Z,0,ms_windows_event,application,fe30148b-3aed-4b2b-9ad2-dca56b6ec0d6#313,"{""id"":""fe30148b-3aed-4b2b-9ad2-dca56b6ec0d6#313"",""num_events"":3000,""data_type"":""passthrough"",""batch_id"":""fe30148b-3aed-4b2b-9ad2-dca56b6ec0d6"",""batch_segment"":0,""customer_id"":""lga03"",""sequence_number"":312,""source_type"":""json"",""target_index"":""""}",11011, , , , , , , , , , , , , , , , , , , , , , , , , , , , , , , , , , , , , , , , , 
microsoft-windows-security-auditing,success audit,logon,gcculad02.global.com,127.0.0.1,"MSWinEventLog	1	Security	512785	Tue May  2 11:02:30 2017	4624	Microsoft-Windows-Security-Auditing	N/A	N/A	Success Audit	gcCULAD02.global.com	Logon		An account was successfully logged on.    Subject:   Security ID:  S-1-0-0   Account Name:  -   Account Domain:  -   Logon ID:  0x0    Logon Type:   3    New Logon:   Security ID:  S-1-5-21-2029550947-1910908428-336986018-31105   Account Name:  gcCULEXCH01$   Account Domain:  globalcom   Logon ID:  0x1aa4cc01   Logon GUID:  {D61F2223-1893-B1CE-D377-853A87D4247E}    Process Information:   Process ID:  0x0   Process Name:  -    Network Information:   Workstation Name:    Source Network Address: 172.22.19.10   Source Port:  43642    Detailed Authentication Information:   Logon Process:  Kerberos   Authentication Package: Kerberos   Transited Services: -   Package Name (NTLM only): -   Key Length:  0    This event is generated when a logon session is created. It is generated on the computer that was accessed.    The subject fields indicate the account on the local system which requested the logon. This is most commonly a service such as the Server service, or a local process such as Winlogon.exe or Services.exe.    The logon type field indicates the kind of logon that occurred. The most common types are 2 (interactive) and 3 (network).    The New Logon fields indicate the account for whom the new logon was created, i.e. the account that was logged on.    The network fields indicate where a remote logon request originated. Workstation name is not always available and may be left blank in some cases.    The authentication information fields provide detailed information about this specific logon request.   - Logon GUID is a unique identifier that can be used to correlate this event with a KDC event.   - Transited services indicate which intermediate services have participated in this logon request.   - Package name indicates which sub-protocol was used among the NTLM protocols.   - Key length indicates the length of the generated session key. This will be 0 if no session key was requested.	181450459",an account was successfully logged on,"auth,windows",2017-05-02T15:02:30.797Z,60971,172.22.19.16,ms_windows_event-3795724934,2125,<14>May  2 11:02:30 gcCULAD02.global.com ,27946629818,0,0.0.0.0/514/tcp,2b03-681bfbaba,11011,gcculad02.global.com,2017-05-02T11:02:30.000Z,4624,ms_windows_event,security,fe30148b-3aed-4b2b-9ad2-dca56b6ec0d6#493,"{""id"":""fe30148b-3aed-4b2b-9ad2-dca56b6ec0d6#493"",""num_events"":2973,""data_type"":""passthrough"",""batch_id"":""fe30148b-3aed-4b2b-9ad2-dca56b6ec0d6"",""batch_segment"":0,""customer_id"":""lga03"",""sequence_number"":492,""source_type"":""json"",""target_index"":""""}",11011,s-1-5-21-2029550947-1910908428-336986018-31105,gcculexch01$, , ,0x0,-, ,0x1aa4cc01, , , ,globalcom, ,43642,172.22.19.10, , ,private ip address lan,rsv,3,this event is generated when a logon session is created, ,,kerberos,"[""1.1.1521""]", , , , , , , , , , , , , , , , 
microsoft-windows-security-auditing,success audit,logon,gcbra0000.global.com,127.0.0.1,MSWinEventLog	1	Security	98952	Tue May  2 12:02:22 2017	4624	Microsoft-Windows-Security-Auditing	N/A	N/A	Success Audit	gcBRA0000.global.com	Logon		N/A	19816027,n/a,"auth,windows",2017-05-02T15:02:23.539Z,64485,172.20.36.22,ms_windows_event-796723568,206,<14>May  2 12:02:22 gcBRA0000.global.com ,6500393276,1,0.0.0.0/514/tcp,2af9-18374213c,11001,gcbra0000.global.com,2017-05-02T12:02:22.000Z,4624,ms_windows_event,security,fe30148b-3aed-4b2b-9ad2-dca56b6ec0d6#560,"{""id"":""fe30148b-3aed-4b2b-9ad2-dca56b6ec0d6#560"",""num_events"":2961,""data_type"":""passthrough"",""batch_id"":""fe30148b-3aed-4b2b-9ad2-dca56b6ec0d6"",""batch_segment"":0,""customer_id"":""lga03"",""sequence_number"":559,""source_type"":""json"",""target_index"":""""}",11001, , , , , , , , , , , , , , , , , , , , , , , , , , , , , , , , , , , , , , , , , 
microsoft-windows-security-auditing,success audit,other object access events,gcken0400.global.com,127.0.0.1,MSWinEventLog	1	Security	863917	Tue May  2 18:02:49 2017	4656	Microsoft-Windows-Security-Auditing	N/A	N/A	Success Audit	gcKEN0400.global.com	Other Object Access Events		A handle to an object was requested.    Subject:   Security ID:  S-1-5-18   Account Name:  gcKEN0400$   Account Domain:  globalcom   Logon ID:  0x3e7    Object:   Object Server:  PlugPlayManager   Object Type:  Security   Object Name:  PlugPlaySecurityObject   Handle ID:  0x0    Process Information:   Process ID:  0x2d8   Process Name:  C:\Windows\System32\svchost.exe    Access Request Information:   Transaction ID:  {00000000-0000-0000-0000-000000000000}   Accesses:  Unknown specific access (bit 1)         Access Reasons:  -   Access Mask:  0x2   Privileges Used for Access Check: -   Restricted SID Count: 0	145963422,a handle to an object was requested,"auth,windows",2017-05-02T15:02:23.896Z,55560,172.20.46.23,ms_windows_event-1655484026,846,<14>May  2 18:02:49 gcKEN0400.global.com ,4357197637,1,0.0.0.0/514/tcp,2agc-103b58f45,11007,gcken0400.global.com, ,4656,ms_windows_event,security,fe30148b-3aed-4b2b-9ad2-dca56b6ec0d6#727,"{""id"":""fe30148b-3aed-4b2b-9ad2-dca56b6ec0d6#727"",""num_events"":2947,""data_type"":""passthrough"",""batch_id"":""fe30148b-3aed-4b2b-9ad2-dca56b6ec0d6"",""batch_segment"":0,""customer_id"":""lga03"",""sequence_number"":726,""source_type"":""json"",""target_index"":""""}",11007,s-1-5-18,gcken0400$,{00000000-0000-0000-0000-000000000000},plugplaymanager,0x2d8,c:\windows\system32\svchost.exe,-,0x3e7,unknown specific access (bit 1)         access reasons:  -,0,plugplaysecurityobject,globalcom, , , , , , , , , , , , , , , , , , , , , , , , , , , , , 
microsoft-windows-security-auditing,success audit,other object access events,gcken0400.global.com,127.0.0.1,MSWinEventLog	1	Security	863932	Tue May  2 18:02:49 2017	4656	Microsoft-Windows-Security-Auditing	N/A	N/A	Success Audit	gcKEN0400.global.com	Other Object Access Events		A handle to an object was requested.    Subject:   Security ID:  S-1-5-18   Account Name:  gcKEN0400$   Account Domain:  globalcom   Logon ID:  0x3e7    Object:   Object Server:  PlugPlayManager   Object Type:  Security   Object Name:  PlugPlaySecurityObject   Handle ID:  0x0    Process Information:   Process ID:  0x2d8   Process Name:  C:\Windows\System32\svchost.exe    Access Request Information:   Transaction ID:  {00000000-0000-0000-0000-000000000000}   Accesses:  Unknown specific access (bit 1)         Access Reasons:  -   Access Mask:  0x2   Privileges Used for Access Check: -   Restricted SID Count: 0	145963437,a handle to an object was requested,"auth,windows",2017-05-02T15:02:23.903Z,55560,172.20.46.23,ms_windows_event-1655484026,846,<14>May  2 18:02:49 gcKEN0400.global.com ,4357197652,1,0.0.0.0/514/tcp,2agc-103b58f54,11007,gcken0400.global.com, ,4656,ms_windows_event,security,fe30148b-3aed-4b2b-9ad2-dca56b6ec0d6#728,"{""id"":""fe30148b-3aed-4b2b-9ad2-dca56b6ec0d6#728"",""num_events"":2947,""data_type"":""passthrough"",""batch_id"":""fe30148b-3aed-4b2b-9ad2-dca56b6ec0d6"",""batch_segment"":0,""customer_id"":""lga03"",""sequence_number"":727,""source_type"":""json"",""target_index"":""""}",11007,s-1-5-18,gcken0400$,{00000000-0000-0000-0000-000000000000},plugplaymanager,0x2d8,c:\windows\system32\svchost.exe,-,0x3e7,unknown specific access (bit 1)         access reasons:  -,0,plugplaysecurityobject,globalcom, , , , , , , , , , , , , , , , , , , , , , , , , , , , , 
microsoft-windows-security-auditing,success audit,logon,gcsmq0002.global.com,127.0.0.1,MSWinEventLog	1	Security	2131502	Tue May  2 11:02:30 2017	4624	Microsoft-Windows-Security-Auditing	N/A	N/A	Success Audit	gcSMQ0002.global.com	Logon		N/A	304321059,n/a,"auth,windows",2017-05-02T15:02:31.172Z,50165,172.21.14.21,ms_windows_event-796723568,209,<14>May  2 11:02:30 gcSMQ0002.global.com ,27946630050,0,0.0.0.0/514/tcp,2b03-681bfbba2,11011,gcsmq0002.global.com,2017-05-02T11:02:30.000Z,4624,ms_windows_event,security,fe30148b-3aed-4b2b-9ad2-dca56b6ec0d6#966,"{""id"":""fe30148b-3aed-4b2b-9ad2-dca56b6ec0d6#966"",""num_events"":2894,""data_type"":""passthrough"",""batch_id"":""fe30148b-3aed-4b2b-9ad2-dca56b6ec0d6"",""batch_segment"":0,""customer_id"":""lga03"",""sequence_number"":965,""source_type"":""json"",""target_index"":""""}",11011, , , , , , , , , , , , , , , , , , , , , , , , , , , , , , , , , , , , , , , , , 
microsoft-windows-security-auditing,success audit,logogc,gcsmq0002.global.com,127.0.0.1,MSWinEventLog	1	Security	2131503	Tue May  2 11:02:30 2017	4634	Microsoft-Windows-Security-Auditing	N/A	N/A	Success Audit	gcSMQ0002.global.com	Logogc		N/A	304321060,n/a,"auth,windows",2017-05-02T15:02:31.173Z,50165,172.21.14.21,ms_windows_event-1377334112,210,<14>May  2 11:02:30 gcSMQ0002.global.com ,27946630052,0,0.0.0.0/514/tcp,2b03-681bfbba4,11011,gcsmq0002.global.com,2017-05-02T11:02:30.000Z,4634,ms_windows_event,security,fe30148b-3aed-4b2b-9ad2-dca56b6ec0d6#967,"{""id"":""fe30148b-3aed-4b2b-9ad2-dca56b6ec0d6#967"",""num_events"":2894,""data_type"":""passthrough"",""batch_id"":""fe30148b-3aed-4b2b-9ad2-dca56b6ec0d6"",""batch_segment"":0,""customer_id"":""lga03"",""sequence_number"":966,""source_type"":""json"",""target_index"":""""}",11011, , , , , , , , , , , , , , , , , , , , , , , , , , , , , , , , , , , , , , , , , 
microsoft-windows-security-auditing,success audit,logon,gcsmq0002.global.com,127.0.0.1,MSWinEventLog	1	Security	2131505	Tue May  2 11:02:30 2017	4624	Microsoft-Windows-Security-Auditing	N/A	N/A	Success Audit	gcSMQ0002.global.com	Logon		N/A	304321062,n/a,"auth,windows",2017-05-02T15:02:31.173Z,50165,172.21.14.21,ms_windows_event-796723568,209,<14>May  2 11:02:30 gcSMQ0002.global.com ,27946630057,0,0.0.0.0/514/tcp,2b03-681bfbba9,11011,gcsmq0002.global.com,2017-05-02T11:02:30.000Z,4624,ms_windows_event,security,fe30148b-3aed-4b2b-9ad2-dca56b6ec0d6#969,"{""id"":""fe30148b-3aed-4b2b-9ad2-dca56b6ec0d6#969"",""num_events"":2894,""data_type"":""passthrough"",""batch_id"":""fe30148b-3aed-4b2b-9ad2-dca56b6ec0d6"",""batch_segment"":0,""customer_id"":""lga03"",""sequence_number"":968,""source_type"":""json"",""target_index"":""""}",11011, , , , , , , , , , , , , , , , , , , , , , , , , , , , , , , , , , , , , , , , , 
microsoft-windows-security-auditing,success audit,logogc,gcsmq0002.global.com,127.0.0.1,MSWinEventLog	1	Security	2131514	Tue May  2 11:02:30 2017	4634	Microsoft-Windows-Security-Auditing	N/A	N/A	Success Audit	gcSMQ0002.global.com	Logogc		N/A	304321071,n/a,"auth,windows",2017-05-02T15:02:31.179Z,50165,172.21.14.21,ms_windows_event-1377334112,210,<14>May  2 11:02:30 gcSMQ0002.global.com ,27946630068,0,0.0.0.0/514/tcp,2b03-681bfbbb4,11011,gcsmq0002.global.com,2017-05-02T11:02:30.000Z,4634,ms_windows_event,security,fe30148b-3aed-4b2b-9ad2-dca56b6ec0d6#972,"{""id"":""fe30148b-3aed-4b2b-9ad2-dca56b6ec0d6#972"",""num_events"":2894,""data_type"":""passthrough"",""batch_id"":""fe30148b-3aed-4b2b-9ad2-dca56b6ec0d6"",""batch_segment"":0,""customer_id"":""lga03"",""sequence_number"":971,""source_type"":""json"",""target_index"":""""}",11011, , , , , , , , , , , , , , , , , , , , , , , , , , , , , , , , , , , , , , , , , 
microsoft-windows-security-auditing,success audit,logon,gcsmq0002.global.com,127.0.0.1,MSWinEventLog	1	Security	2131519	Tue May  2 11:02:30 2017	4624	Microsoft-Windows-Security-Auditing	N/A	N/A	Success Audit	gcSMQ0002.global.com	Logon		N/A	304321076,n/a,"auth,windows",2017-05-02T15:02:31.179Z,50165,172.21.14.21,ms_windows_event-796723568,209,<14>May  2 11:02:30 gcSMQ0002.global.com ,27946630073,0,0.0.0.0/514/tcp,2b03-681bfbbb9,11011,gcsmq0002.global.com,2017-05-02T11:02:30.000Z,4624,ms_windows_event,security,fe30148b-3aed-4b2b-9ad2-dca56b6ec0d6#974,"{""id"":""fe30148b-3aed-4b2b-9ad2-dca56b6ec0d6#974"",""num_events"":2894,""data_type"":""passthrough"",""batch_id"":""fe30148b-3aed-4b2b-9ad2-dca56b6ec0d6"",""batch_segment"":0,""customer_id"":""lga03"",""sequence_number"":973,""source_type"":""json"",""target_index"":""""}",11011, , , , , , , , , , , , , , , , , , , , , , , , , , , , , , , , , , , , , , , , , 
microsoft-windows-security-auditing,success audit,kerberos service ticket operations,gcbrw0000.global.com,127.0.0.1,"MSWinEventLog	1	Security	796169	Tue May  2 11:02:27 2017	4769	Microsoft-Windows-Security-Auditing	N/A	N/A	Success Audit	gcBRW0000.global.com	Kerberos Service Ticket Operations		A Kerberos service ticket was requested.    Account Information:   Account Name:  l.mowers@global.com   Account Domain:  global.com   Logon GUID:  {DCBFD7EF-C5CB-0D65-0311-328EA97C8F80}    Service Information:   Service Name:  krbtgt_6246   Service ID:  S-1-5-21-2029550947-1910908428-336986018-41663    Network Information:   Client Address:  ::gcgc:172.24.33.148   Client Port:  49499    Additional Information:   Ticket Options:  0x60000000   Ticket Encryption Type: 0x12   Failure Code:  0x0   Transited Services: -    This event is generated every time access is requested to a resource such as a computer or a Windows service.  The service name indicates the resource to which access was requested.    This event can be correlated with Windows logon events by comparing the Logon GUID fields in each event.  The logon event occurs on the machine that was accessed, which is often a digcerent machine than the domain controller which issued the service ticket.    Ticket options, encryption types, and failure codes are defined in RFC 4120.	64590878",a kerberos service ticket was requested,"auth,windows",2017-05-02T15:04:25.804Z,54837,172.24.19.20,ms_windows_event-504109373,1284,<14>May  2 11:02:27 gcBRW0000.global.com ,3969007056,1,0.0.0.0/514/tcp,2b04-ec923dd0,11012,gcbrw0000.global.com, ,4769,ms_windows_event,security,fe30148b-3aed-4b2b-9ad2-dca56b6ec0d6#1387,"{""id"":""fe30148b-3aed-4b2b-9ad2-dca56b6ec0d6#1387"",""num_events"":2834,""data_type"":""passthrough"",""batch_id"":""fe30148b-3aed-4b2b-9ad2-dca56b6ec0d6"",""batch_segment"":0,""customer_id"":""lga03"",""sequence_number"":1386,""source_type"":""json"",""target_index"":""""}",11012, ,l.mowers@global.com, , , , , , , , , ,global.com, ,49499, , , , , , ,this event is generated every time access is requested to a resource such as a computer or a windows service,::gcgc:172.24.33.148, , , , , , , , , , , , , , , , , , , 
