microsoft-windows-security-auditing,success audit,logogc,gcbra0000.global.com,127.0.0.1,MSWinEventLog	1	Security	99078	Tue May  2 12:02:43 2017	4634	Microsoft-Windows-Security-Auditing	N/A	N/A	Success Audit	gcBRA0000.global.com	Logogc		N/A	19816153,n/a,"auth,windows",2017-05-02T15:02:44.780Z,64485,172.20.36.22,ms_windows_event-1377334112,207,<14>May  2 12:02:43 gcBRA0000.global.com ,6500394506,1,0.0.0.0/514/tcp,2af9-18374260a,11001,gcbra0000.global.com,2017-05-02T12:02:43.000Z,4634,ms_windows_event,security,90b900ae-b0d5-4e5c-849c-012cb462be82#298,"{""id"":""90b900ae-b0d5-4e5c-849c-012cb462be82#298"",""num_events"":615,""data_type"":""passthrough"",""batch_id"":""90b900ae-b0d5-4e5c-849c-012cb462be82"",""batch_segment"":0,""customer_id"":""lga03"",""sequence_number"":297,""source_type"":""json"",""target_index"":""""}",11001, , , , , , , , , , , , , , , , , , , , , , , , , , , , , , , , , , , , , , , , , 
microsoft-windows-security-auditing,success audit,other object access events,gcbra0400.global.com,127.0.0.1,MSWinEventLog	1	Security	566887	Tue May  2 12:02:45 2017	4656	Microsoft-Windows-Security-Auditing	N/A	N/A	Success Audit	gcBRA0400.global.com	Other Object Access Events		A handle to an object was requested.    Subject:   Security ID:  S-1-5-18   Account Name:  gcBRA0400$   Account Domain:  globalcom   Logon ID:  0x3e7    Object:   Object Server:  PlugPlayManager   Object Type:  Security   Object Name:  PlugPlaySecurityObject   Handle ID:  0x0    Process Information:   Process ID:  0x2dc   Process Name:  C:\Windows\System32\svchost.exe    Access Request Information:   Transaction ID:  {00000000-0000-0000-0000-000000000000}   Accesses:  Unknown specific access (bit 1)         Access Reasons:  -   Access Mask:  0x2   Privileges Used for Access Check: -   Restricted SID Count: 0	457188764,a handle to an object was requested,"auth,windows",2017-05-02T15:02:46.149Z,50311,172.20.36.23,ms_windows_event-1655484026,846,<14>May  2 12:02:45 gcBRA0400.global.com ,6500394574,1,0.0.0.0/514/tcp,2af9-18374264e,11001,gcbra0400.global.com, ,4656,ms_windows_event,security,90b900ae-b0d5-4e5c-849c-012cb462be82#339,"{""id"":""90b900ae-b0d5-4e5c-849c-012cb462be82#339"",""num_events"":615,""data_type"":""passthrough"",""batch_id"":""90b900ae-b0d5-4e5c-849c-012cb462be82"",""batch_segment"":0,""customer_id"":""lga03"",""sequence_number"":338,""source_type"":""json"",""target_index"":""""}",11001,s-1-5-18,gcbra0400$,{00000000-0000-0000-0000-000000000000},plugplaymanager,0x2dc,c:\windows\system32\svchost.exe,-,0x3e7,unknown specific access (bit 1)         access reasons:  -,0,plugplaysecurityobject,globalcom, , , , , , , , , , , , , , , , , , , , , , , , , , , , , 
microsoft-windows-security-auditing,success audit,logogc,gcbrw0000.global.com,127.0.0.1,MSWinEventLog	1	Security	796319	Tue May  2 11:02:44 2017	4634	Microsoft-Windows-Security-Auditing	N/A	N/A	Success Audit	gcBRW0000.global.com	Logogc		An account was logged ogc.    Subject:   Security ID:  S-1-5-21-2029550947-1910908428-336986018-2801   Account Name:  a.ellis   Account Domain:  globalcom   Logon ID:  0x9F81EB9    Logon Type:   3    This event is generated when a logon session is destroyed. It may be positively correlated with a logon event using the Logon ID value. Logon IDs are only unique between reboots on the same computer.	64591028,an account was logged ogc,"auth,windows",2017-05-02T15:04:42.826Z,54837,172.24.19.20,ms_windows_event-3012490973,609,<14>May  2 11:02:44 gcBRW0000.global.com ,3969018411,1,0.0.0.0/514/tcp,2b04-ec926a2b,11012,gcbrw0000.global.com,2017-05-02T11:02:44.000Z,4634,ms_windows_event,security,90b900ae-b0d5-4e5c-849c-012cb462be82#370,"{""id"":""90b900ae-b0d5-4e5c-849c-012cb462be82#370"",""num_events"":615,""data_type"":""passthrough"",""batch_id"":""90b900ae-b0d5-4e5c-849c-012cb462be82"",""batch_segment"":0,""customer_id"":""lga03"",""sequence_number"":369,""source_type"":""json"",""target_index"":""""}",11012,s-1-5-21-2029550947-1910908428-336986018-2801,a.ellis, , , , , ,0x9f81eb9, , , ,globalcom, , , , , , , ,3,this event is generated when a logon session is destroyed, , , , , , , , , , , , , , , , , , , , 
microsoft-windows-security-auditing,success audit,logon,gcbrw0000.global.com,127.0.0.1,"MSWinEventLog	1	Security	796361	Tue May  2 11:02:46 2017	4624	Microsoft-Windows-Security-Auditing	N/A	N/A	Success Audit	gcBRW0000.global.com	Logon		An account was successfully logged on.    Subject:   Security ID:  S-1-0-0   Account Name:  -   Account Domain:  -   Logon ID:  0x0    Logon Type:   3    Impersonation Level:  Impersonation    New Logon:   Security ID:  S-1-5-21-2029550947-1910908428-336986018-24690   Account Name:  w.kelley   Account Domain:  globalcom   Logon ID:  0x9F836FD   Logon GUID:  {D369E063-7B4A-7C95-08AA-63DA95951DAA}    Process Information:   Process ID:  0x0   Process Name:  -    Network Information:   Workstation Name:    Source Network Address: 172.24.32.122   Source Port:  52044    Detailed Authentication Information:   Logon Process:  Kerberos   Authentication Package: Kerberos   Transited Services: -   Package Name (NTLM only): -   Key Length:  0    This event is generated when a logon session is created. It is generated on the computer that was accessed.    The subject fields indicate the account on the local system which requested the logon. This is most commonly a service such as the Server service, or a local process such as Winlogon.exe or Services.exe.    The logon type field indicates the kind of logon that occurred. The most common types are 2 (interactive) and 3 (network).    The New Logon fields indicate the account for whom the new logon was created, i.e. the account that was logged on.    The network fields indicate where a remote logon request originated. Workstation name is not always available and may be left blank in some cases.    The impersonation level field indicates the extent to which a process in the logon session can impersonate.    The authentication information fields provide detailed information about this specific logon request.   - Logon GUID is a unique identifier that can be used to correlate this event with a KDC event.   - Transited services indicate which intermediate services have participated in this logon request.   - Package name indicates which sub-protocol was used among the NTLM protocols.   - Key length indicates the length of the generated session key. This will be 0 if no session key was requested.	64591070",an account was successfully logged on,"auth,windows",2017-05-02T15:04:44.826Z,54837,172.24.19.20,ms_windows_event-3795724934,2270,<14>May  2 11:02:46 gcBRW0000.global.com ,3969019422,1,0.0.0.0/514/tcp,2b04-ec926e1e,11012,gcbrw0000.global.com,2017-05-02T11:02:46.000Z,4624,ms_windows_event,security,90b900ae-b0d5-4e5c-849c-012cb462be82#489,"{""id"":""90b900ae-b0d5-4e5c-849c-012cb462be82#489"",""num_events"":614,""data_type"":""passthrough"",""batch_id"":""90b900ae-b0d5-4e5c-849c-012cb462be82"",""batch_segment"":0,""customer_id"":""lga03"",""sequence_number"":488,""source_type"":""json"",""target_index"":""""}",11012,s-1-5-21-2029550947-1910908428-336986018-24690,w.kelley, , ,0x0,-, ,0x9f836fd, , , ,globalcom, ,52044,172.24.32.122, , ,private ip address lan,rsv,3,this event is generated when a logon session is created, ,,kerberos,"[""1.1.1521"",""1.1.1552""]", , , , , , , , , , , , , , , , 
microsoft-windows-security-auditing,success audit,other object access events,gcbra0400.global.com,127.0.0.1,MSWinEventLog	1	Security	566923	Tue May  2 12:02:46 2017	4656	Microsoft-Windows-Security-Auditing	N/A	N/A	Success Audit	gcBRA0400.global.com	Other Object Access Events		A handle to an object was requested.    Subject:   Security ID:  S-1-5-18   Account Name:  gcBRA0400$   Account Domain:  globalcom   Logon ID:  0x3e7    Object:   Object Server:  PlugPlayManager   Object Type:  Security   Object Name:  PlugPlaySecurityObject   Handle ID:  0x0    Process Information:   Process ID:  0x2dc   Process Name:  C:\Windows\System32\svchost.exe    Access Request Information:   Transaction ID:  {00000000-0000-0000-0000-000000000000}   Accesses:  Unknown specific access (bit 1)         Access Reasons:  -   Access Mask:  0x2   Privileges Used for Access Check: -   Restricted SID Count: 0	457188800,a handle to an object was requested,"auth,windows",2017-05-02T15:02:46.171Z,50311,172.20.36.23,ms_windows_event-1655484026,846,<14>May  2 12:02:46 gcBRA0400.global.com ,6500394610,1,0.0.0.0/514/tcp,2af9-183742672,11001,gcbra0400.global.com, ,4656,ms_windows_event,security,90b900ae-b0d5-4e5c-849c-012cb462be82#497,"{""id"":""90b900ae-b0d5-4e5c-849c-012cb462be82#497"",""num_events"":614,""data_type"":""passthrough"",""batch_id"":""90b900ae-b0d5-4e5c-849c-012cb462be82"",""batch_segment"":0,""customer_id"":""lga03"",""sequence_number"":496,""source_type"":""json"",""target_index"":""""}",11001,s-1-5-18,gcbra0400$,{00000000-0000-0000-0000-000000000000},plugplaymanager,0x2dc,c:\windows\system32\svchost.exe,-,0x3e7,unknown specific access (bit 1)         access reasons:  -,0,plugplaysecurityobject,globalcom, , , , , , , , , , , , , , , , , , , , , , , , , , , , , 
microsoft-windows-security-auditing,success audit,other object access events,gcbra0400.global.com,127.0.0.1,MSWinEventLog	1	Security	566943	Tue May  2 12:02:46 2017	4656	Microsoft-Windows-Security-Auditing	N/A	N/A	Success Audit	gcBRA0400.global.com	Other Object Access Events		A handle to an object was requested.    Subject:   Security ID:  S-1-5-18   Account Name:  gcBRA0400$   Account Domain:  globalcom   Logon ID:  0x3e7    Object:   Object Server:  PlugPlayManager   Object Type:  Security   Object Name:  PlugPlaySecurityObject   Handle ID:  0x0    Process Information:   Process ID:  0x2dc   Process Name:  C:\Windows\System32\svchost.exe    Access Request Information:   Transaction ID:  {00000000-0000-0000-0000-000000000000}   Accesses:  Unknown specific access (bit 1)         Access Reasons:  -   Access Mask:  0x2   Privileges Used for Access Check: -   Restricted SID Count: 0	457188820,a handle to an object was requested,"auth,windows",2017-05-02T15:02:46.182Z,50311,172.20.36.23,ms_windows_event-1655484026,846,<14>May  2 12:02:46 gcBRA0400.global.com ,6500394630,1,0.0.0.0/514/tcp,2af9-183742686,11001,gcbra0400.global.com, ,4656,ms_windows_event,security,90b900ae-b0d5-4e5c-849c-012cb462be82#498,"{""id"":""90b900ae-b0d5-4e5c-849c-012cb462be82#498"",""num_events"":614,""data_type"":""passthrough"",""batch_id"":""90b900ae-b0d5-4e5c-849c-012cb462be82"",""batch_segment"":0,""customer_id"":""lga03"",""sequence_number"":497,""source_type"":""json"",""target_index"":""""}",11001,s-1-5-18,gcbra0400$,{00000000-0000-0000-0000-000000000000},plugplaymanager,0x2dc,c:\windows\system32\svchost.exe,-,0x3e7,unknown specific access (bit 1)         access reasons:  -,0,plugplaysecurityobject,globalcom, , , , , , , , , , , , , , , , , , , , , , , , , , , , , 
microsoft-windows-security-auditing,success audit,other object access events,gcbra0400.global.com,127.0.0.1,MSWinEventLog	1	Security	566904	Tue May  2 12:02:46 2017	4656	Microsoft-Windows-Security-Auditing	N/A	N/A	Success Audit	gcBRA0400.global.com	Other Object Access Events		A handle to an object was requested.    Subject:   Security ID:  S-1-5-18   Account Name:  gcBRA0400$   Account Domain:  globalcom   Logon ID:  0x3e7    Object:   Object Server:  PlugPlayManager   Object Type:  Security   Object Name:  PlugPlaySecurityObject   Handle ID:  0x0    Process Information:   Process ID:  0x2dc   Process Name:  C:\Windows\System32\svchost.exe    Access Request Information:   Transaction ID:  {00000000-0000-0000-0000-000000000000}   Accesses:  Unknown specific access (bit 1)         Access Reasons:  -   Access Mask:  0x2   Privileges Used for Access Check: -   Restricted SID Count: 0	457188781,a handle to an object was requested,"auth,windows",2017-05-02T15:02:46.159Z,50311,172.20.36.23,ms_windows_event-1655484026,846,<14>May  2 12:02:46 gcBRA0400.global.com ,6500394591,1,0.0.0.0/514/tcp,2af9-18374265f,11001,gcbra0400.global.com, ,4656,ms_windows_event,security,90b900ae-b0d5-4e5c-849c-012cb462be82#506,"{""id"":""90b900ae-b0d5-4e5c-849c-012cb462be82#506"",""num_events"":614,""data_type"":""passthrough"",""batch_id"":""90b900ae-b0d5-4e5c-849c-012cb462be82"",""batch_segment"":0,""customer_id"":""lga03"",""sequence_number"":505,""source_type"":""json"",""target_index"":""""}",11001,s-1-5-18,gcbra0400$,{00000000-0000-0000-0000-000000000000},plugplaymanager,0x2dc,c:\windows\system32\svchost.exe,-,0x3e7,unknown specific access (bit 1)         access reasons:  -,0,plugplaysecurityobject,globalcom, , , , , , , , , , , , , , , , , , , , , , , , , , , , , 
microsoft-windows-security-auditing,success audit,other object access events,gcbra0400.global.com,127.0.0.1,MSWinEventLog	1	Security	566922	Tue May  2 12:02:46 2017	4656	Microsoft-Windows-Security-Auditing	N/A	N/A	Success Audit	gcBRA0400.global.com	Other Object Access Events		A handle to an object was requested.    Subject:   Security ID:  S-1-5-18   Account Name:  gcBRA0400$   Account Domain:  globalcom   Logon ID:  0x3e7    Object:   Object Server:  PlugPlayManager   Object Type:  Security   Object Name:  PlugPlaySecurityObject   Handle ID:  0x0    Process Information:   Process ID:  0x2dc   Process Name:  C:\Windows\System32\svchost.exe    Access Request Information:   Transaction ID:  {00000000-0000-0000-0000-000000000000}   Accesses:  Unknown specific access (bit 1)         Access Reasons:  -   Access Mask:  0x2   Privileges Used for Access Check: -   Restricted SID Count: 0	457188799,a handle to an object was requested,"auth,windows",2017-05-02T15:02:46.170Z,50311,172.20.36.23,ms_windows_event-1655484026,846,<14>May  2 12:02:46 gcBRA0400.global.com ,6500394609,1,0.0.0.0/514/tcp,2af9-183742671,11001,gcbra0400.global.com, ,4656,ms_windows_event,security,90b900ae-b0d5-4e5c-849c-012cb462be82#508,"{""id"":""90b900ae-b0d5-4e5c-849c-012cb462be82#508"",""num_events"":614,""data_type"":""passthrough"",""batch_id"":""90b900ae-b0d5-4e5c-849c-012cb462be82"",""batch_segment"":0,""customer_id"":""lga03"",""sequence_number"":507,""source_type"":""json"",""target_index"":""""}",11001,s-1-5-18,gcbra0400$,{00000000-0000-0000-0000-000000000000},plugplaymanager,0x2dc,c:\windows\system32\svchost.exe,-,0x3e7,unknown specific access (bit 1)         access reasons:  -,0,plugplaysecurityobject,globalcom, , , , , , , , , , , , , , , , , , , , , , , , , , , , , 
microsoft-windows-security-auditing,success audit,other object access events,gcbra0400.global.com,127.0.0.1,MSWinEventLog	1	Security	566928	Tue May  2 12:02:46 2017	4656	Microsoft-Windows-Security-Auditing	N/A	N/A	Success Audit	gcBRA0400.global.com	Other Object Access Events		A handle to an object was requested.    Subject:   Security ID:  S-1-5-18   Account Name:  gcBRA0400$   Account Domain:  globalcom   Logon ID:  0x3e7    Object:   Object Server:  PlugPlayManager   Object Type:  Security   Object Name:  PlugPlaySecurityObject   Handle ID:  0x0    Process Information:   Process ID:  0x2dc   Process Name:  C:\Windows\System32\svchost.exe    Access Request Information:   Transaction ID:  {00000000-0000-0000-0000-000000000000}   Accesses:  Unknown specific access (bit 1)         Access Reasons:  -   Access Mask:  0x2   Privileges Used for Access Check: -   Restricted SID Count: 0	457188805,a handle to an object was requested,"auth,windows",2017-05-02T15:02:46.174Z,50311,172.20.36.23,ms_windows_event-1655484026,846,<14>May  2 12:02:46 gcBRA0400.global.com ,6500394615,1,0.0.0.0/514/tcp,2af9-183742677,11001,gcbra0400.global.com, ,4656,ms_windows_event,security,90b900ae-b0d5-4e5c-849c-012cb462be82#509,"{""id"":""90b900ae-b0d5-4e5c-849c-012cb462be82#509"",""num_events"":614,""data_type"":""passthrough"",""batch_id"":""90b900ae-b0d5-4e5c-849c-012cb462be82"",""batch_segment"":0,""customer_id"":""lga03"",""sequence_number"":508,""source_type"":""json"",""target_index"":""""}",11001,s-1-5-18,gcbra0400$,{00000000-0000-0000-0000-000000000000},plugplaymanager,0x2dc,c:\windows\system32\svchost.exe,-,0x3e7,unknown specific access (bit 1)         access reasons:  -,0,plugplaysecurityobject,globalcom, , , , , , , , , , , , , , , , , , , , , , , , , , , , , 
microsoft-windows-security-auditing,success audit,other object access events,gcbra0400.global.com,127.0.0.1,MSWinEventLog	1	Security	566948	Tue May  2 12:02:46 2017	4656	Microsoft-Windows-Security-Auditing	N/A	N/A	Success Audit	gcBRA0400.global.com	Other Object Access Events		A handle to an object was requested.    Subject:   Security ID:  S-1-5-18   Account Name:  gcBRA0400$   Account Domain:  globalcom   Logon ID:  0x3e7    Object:   Object Server:  PlugPlayManager   Object Type:  Security   Object Name:  PlugPlaySecurityObject   Handle ID:  0x0    Process Information:   Process ID:  0x2dc   Process Name:  C:\Windows\System32\svchost.exe    Access Request Information:   Transaction ID:  {00000000-0000-0000-0000-000000000000}   Accesses:  Unknown specific access (bit 1)         Access Reasons:  -   Access Mask:  0x2   Privileges Used for Access Check: -   Restricted SID Count: 0	457188825,a handle to an object was requested,"auth,windows",2017-05-02T15:02:46.184Z,50311,172.20.36.23,ms_windows_event-1655484026,846,<14>May  2 12:02:46 gcBRA0400.global.com ,6500394635,1,0.0.0.0/514/tcp,2af9-18374268b,11001,gcbra0400.global.com, ,4656,ms_windows_event,security,90b900ae-b0d5-4e5c-849c-012cb462be82#511,"{""id"":""90b900ae-b0d5-4e5c-849c-012cb462be82#511"",""num_events"":614,""data_type"":""passthrough"",""batch_id"":""90b900ae-b0d5-4e5c-849c-012cb462be82"",""batch_segment"":0,""customer_id"":""lga03"",""sequence_number"":510,""source_type"":""json"",""target_index"":""""}",11001,s-1-5-18,gcbra0400$,{00000000-0000-0000-0000-000000000000},plugplaymanager,0x2dc,c:\windows\system32\svchost.exe,-,0x3e7,unknown specific access (bit 1)         access reasons:  -,0,plugplaysecurityobject,globalcom, , , , , , , , , , , , , , , , , , , , , , , , , , , , , 
microsoft-windows-security-auditing,success audit,logon,gcegy0400.global.com,127.0.0.1,"MSWinEventLog	1	Security	1079001	Tue May  2 17:02:45 2017	4624	Microsoft-Windows-Security-Auditing	N/A	N/A	Success Audit	gcEGY0400.global.com	Logon		An account was successfully logged on.    Subject:   Security ID:  S-1-0-0   Account Name:  -   Account Domain:  -   Logon ID:  0x0    Logon Type:   3    New Logon:   Security ID:  S-1-5-21-2029550947-1910908428-336986018-29776   Account Name:  A.Goh   Account Domain:  globalcom   Logon ID:  0xgcf61c1   Logon GUID:  {2F8EB7E9-6173-824F-9gc8-81F9F0919B85}    Process Information:   Process ID:  0x0   Process Name:  -    Network Information:   Workstation Name:    Source Network Address: 172.24.33.53   Source Port:  49915    Detailed Authentication Information:   Logon Process:  Kerberos   Authentication Package: Kerberos   Transited Services: -   Package Name (NTLM only): -   Key Length:  0    This event is generated when a logon session is created. It is generated on the computer that was accessed.    The subject fields indicate the account on the local system which requested the logon. This is most commonly a service such as the Server service, or a local process such as Winlogon.exe or Services.exe.    The logon type field indicates the kind of logon that occurred. The most common types are 2 (interactive) and 3 (network).    The New Logon fields indicate the account for whom the new logon was created, i.e. the account that was logged on.    The network fields indicate where a remote logon request originated. Workstation name is not always available and may be left blank in some cases.    The authentication information fields provide detailed information about this specific logon request.   - Logon GUID is a unique identifier that can be used to correlate this event with a KDC event.   - Transited services indicate which intermediate services have participated in this logon request.   - Package name indicates which sub-protocol was used among the NTLM protocols.   - Key length indicates the length of the generated session key. This will be 0 if no session key was requested.	169322841",an account was successfully logged on,"auth,windows",2017-05-02T15:02:46.149Z,62367,172.20.40.23,ms_windows_event-3795724934,2118,<14>May  2 17:02:45 gcEGY0400.global.com ,192248999,1,0.0.0.0/514/tcp,2afc-b757ca7,11004,gcegy0400.global.com,2017-05-02T17:02:45.000Z,4624,ms_windows_event,security,90b900ae-b0d5-4e5c-849c-012cb462be82#514,"{""id"":""90b900ae-b0d5-4e5c-849c-012cb462be82#514"",""num_events"":614,""data_type"":""passthrough"",""batch_id"":""90b900ae-b0d5-4e5c-849c-012cb462be82"",""batch_segment"":0,""customer_id"":""lga03"",""sequence_number"":513,""source_type"":""json"",""target_index"":""""}",11004,s-1-5-21-2029550947-1910908428-336986018-29776,a.goh, , ,0x0,-, ,0xgcf61c1, , , ,globalcom, ,49915,172.24.33.53, , ,private ip address lan,rsv,3,this event is generated when a logon session is created, ,,kerberos,"[""1.1.1521"",""1.1.1552""]", , , , , , , , , , , , , , , , 
microsoft-windows-security-auditing,success audit,logogc,gcbrw0000.global.com,127.0.0.1,MSWinEventLog	1	Security	796340	Tue May  2 11:02:45 2017	4634	Microsoft-Windows-Security-Auditing	N/A	N/A	Success Audit	gcBRW0000.global.com	Logogc		An account was logged ogc.    Subject:   Security ID:  S-1-5-21-2029550947-1910908428-336986018-40897   Account Name:  l.moshirzadeh   Account Domain:  globalcom   Logon ID:  0x9F83563    Logon Type:   3    This event is generated when a logon session is destroyed. It may be positively correlated with a logon event using the Logon ID value. Logon IDs are only unique between reboots on the same computer.	64591049,an account was logged ogc,"auth,windows",2017-05-02T15:04:43.827Z,54837,172.24.19.20,ms_windows_event-3012490973,616,<14>May  2 11:02:45 gcBRW0000.global.com ,3969018778,1,0.0.0.0/514/tcp,2b04-ec926b9a,11012,gcbrw0000.global.com,2017-05-02T11:02:45.000Z,4634,ms_windows_event,security,90b900ae-b0d5-4e5c-849c-012cb462be82#520,"{""id"":""90b900ae-b0d5-4e5c-849c-012cb462be82#520"",""num_events"":614,""data_type"":""passthrough"",""batch_id"":""90b900ae-b0d5-4e5c-849c-012cb462be82"",""batch_segment"":0,""customer_id"":""lga03"",""sequence_number"":519,""source_type"":""json"",""target_index"":""""}",11012,s-1-5-21-2029550947-1910908428-336986018-40897,l.moshirzadeh, , , , , ,0x9f83563, , , ,globalcom, , , , , , , ,3,this event is generated when a logon session is destroyed, , , , , , , , , , , , , , , , , , , , 
microsoft-windows-security-auditing,success audit,logogc,gcbrw0000.global.com,127.0.0.1,MSWinEventLog	1	Security	796345	Tue May  2 11:02:45 2017	4634	Microsoft-Windows-Security-Auditing	N/A	N/A	Success Audit	gcBRW0000.global.com	Logogc		An account was logged ogc.    Subject:   Security ID:  S-1-5-21-2029550947-1910908428-336986018-35847   Account Name:  NYCLT4721$   Account Domain:  globalcom   Logon ID:  0x9F835B1    Logon Type:   3    This event is generated when a logon session is destroyed. It may be positively correlated with a logon event using the Logon ID value. Logon IDs are only unique between reboots on the same computer.	64591054,an account was logged ogc,"auth,windows",2017-05-02T15:04:43.829Z,54837,172.24.19.20,ms_windows_event-3012490973,613,<14>May  2 11:02:45 gcBRW0000.global.com ,3969018784,1,0.0.0.0/514/tcp,2b04-ec926ba0,11012,gcbrw0000.global.com,2017-05-02T11:02:45.000Z,4634,ms_windows_event,security,90b900ae-b0d5-4e5c-849c-012cb462be82#521,"{""id"":""90b900ae-b0d5-4e5c-849c-012cb462be82#521"",""num_events"":614,""data_type"":""passthrough"",""batch_id"":""90b900ae-b0d5-4e5c-849c-012cb462be82"",""batch_segment"":0,""customer_id"":""lga03"",""sequence_number"":520,""source_type"":""json"",""target_index"":""""}",11012,s-1-5-21-2029550947-1910908428-336986018-35847,nyclt4721$, , , , , ,0x9f835b1, , , ,globalcom, , , , , , , ,3,this event is generated when a logon session is destroyed, , , , , , , , , , , , , , , , , , , , 
microsoft-windows-security-auditing,success audit,logon,gcbrw0000.global.com,127.0.0.1,"MSWinEventLog	1	Security	796402	Tue May  2 11:02:47 2017	4624	Microsoft-Windows-Security-Auditing	N/A	N/A	Success Audit	gcBRW0000.global.com	Logon		An account was successfully logged on.    Subject:   Security ID:  S-1-0-0   Account Name:  -   Account Domain:  -   Logon ID:  0x0    Logon Type:   3    Impersonation Level:  Impersonation    New Logon:   Security ID:  S-1-5-21-2029550947-1910908428-336986018-24690   Account Name:  w.kelley   Account Domain:  globalcom   Logon ID:  0x9F8396F   Logon GUID:  {CD67102A-6BC9-917B-1604-7A080EEFA89D}    Process Information:   Process ID:  0x0   Process Name:  -    Network Information:   Workstation Name:    Source Network Address: 172.24.32.122   Source Port:  52052    Detailed Authentication Information:   Logon Process:  Kerberos   Authentication Package: Kerberos   Transited Services: -   Package Name (NTLM only): -   Key Length:  0    This event is generated when a logon session is created. It is generated on the computer that was accessed.    The subject fields indicate the account on the local system which requested the logon. This is most commonly a service such as the Server service, or a local process such as Winlogon.exe or Services.exe.    The logon type field indicates the kind of logon that occurred. The most common types are 2 (interactive) and 3 (network).    The New Logon fields indicate the account for whom the new logon was created, i.e. the account that was logged on.    The network fields indicate where a remote logon request originated. Workstation name is not always available and may be left blank in some cases.    The impersonation level field indicates the extent to which a process in the logon session can impersonate.    The authentication information fields provide detailed information about this specific logon request.   - Logon GUID is a unique identifier that can be used to correlate this event with a KDC event.   - Transited services indicate which intermediate services have participated in this logon request.   - Package name indicates which sub-protocol was used among the NTLM protocols.   - Key length indicates the length of the generated session key. This will be 0 if no session key was requested.	64591111",an account was successfully logged on,"auth,windows",2017-05-02T15:04:44.840Z,54837,172.24.19.20,ms_windows_event-3795724934,2270,<14>May  2 11:02:47 gcBRW0000.global.com ,3969019464,1,0.0.0.0/514/tcp,2b04-ec926e48,11012,gcbrw0000.global.com,2017-05-02T11:02:47.000Z,4624,ms_windows_event,security,90b900ae-b0d5-4e5c-849c-012cb462be82#554,"{""id"":""90b900ae-b0d5-4e5c-849c-012cb462be82#554"",""num_events"":614,""data_type"":""passthrough"",""batch_id"":""90b900ae-b0d5-4e5c-849c-012cb462be82"",""batch_segment"":0,""customer_id"":""lga03"",""sequence_number"":553,""source_type"":""json"",""target_index"":""""}",11012,s-1-5-21-2029550947-1910908428-336986018-24690,w.kelley, , ,0x0,-, ,0x9f8396f, , , ,globalcom, ,52052,172.24.32.122, , ,private ip address lan,rsv,3,this event is generated when a logon session is created, ,,kerberos,"[""1.1.1521"",""1.1.1552""]", , , , , , , , , , , , , , , , 
microsoft-windows-security-auditing,success audit,kerberos service ticket operations,gcnyc-60-010.global.com,127.0.0.1,MSWinEventLog	1	Security	1354730	Tue May  2 11:02:47 2017	4769	Microsoft-Windows-Security-Auditing	N/A	N/A	Success Audit	gcNYC-60-010.global.com	Kerberos Service Ticket Operations		N/A	153578710,n/a,"auth,windows",2017-05-02T15:02:47.922Z,59147,172.21.14.26,ms_windows_event-2408821607,244,<14>May  2 11:02:47 gcNYC-60-010.global.com ,27946635911,0,0.0.0.0/514/tcp,2b03-681bfd287,11011,gcnyc-60-010.global.com,2017-05-02T11:02:47.000Z,4769,ms_windows_event,security,90b900ae-b0d5-4e5c-849c-012cb462be82#574,"{""id"":""90b900ae-b0d5-4e5c-849c-012cb462be82#574"",""num_events"":614,""data_type"":""passthrough"",""batch_id"":""90b900ae-b0d5-4e5c-849c-012cb462be82"",""batch_segment"":0,""customer_id"":""lga03"",""sequence_number"":573,""source_type"":""json"",""target_index"":""""}",11011, , , , , , , , , , , , , , , , , , , , , , , , , , , , , , , , , , , , , , , , , 
microsoft-windows-security-auditing,success audit,logogc,gcnyc-60-010.global.com,127.0.0.1,MSWinEventLog	1	Security	1354734	Tue May  2 11:02:47 2017	4634	Microsoft-Windows-Security-Auditing	N/A	N/A	Success Audit	gcNYC-60-010.global.com	Logogc		N/A	153578714,n/a,"auth,windows",2017-05-02T15:02:47.925Z,59147,172.21.14.26,ms_windows_event-1377334112,216,<14>May  2 11:02:47 gcNYC-60-010.global.com ,27946635915,0,0.0.0.0/514/tcp,2b03-681bfd28b,11011,gcnyc-60-010.global.com,2017-05-02T11:02:47.000Z,4634,ms_windows_event,security,90b900ae-b0d5-4e5c-849c-012cb462be82#575,"{""id"":""90b900ae-b0d5-4e5c-849c-012cb462be82#575"",""num_events"":614,""data_type"":""passthrough"",""batch_id"":""90b900ae-b0d5-4e5c-849c-012cb462be82"",""batch_segment"":0,""customer_id"":""lga03"",""sequence_number"":574,""source_type"":""json"",""target_index"":""""}",11011, , , , , , , , , , , , , , , , , , , , , , , , , , , , , , , , , , , , , , , , , 
microsoft-windows-security-auditing,success audit,logogc,gcbrw0000.global.com,127.0.0.1,MSWinEventLog	1	Security	796424	Tue May  2 11:02:47 2017	4634	Microsoft-Windows-Security-Auditing	N/A	N/A	Success Audit	gcBRW0000.global.com	Logogc		An account was logged ogc.    Subject:   Security ID:  S-1-5-21-2029550947-1910908428-336986018-24690   Account Name:  w.kelley   Account Domain:  globalcom   Logon ID:  0x9F83B34    Logon Type:   3    This event is generated when a logon session is destroyed. It may be positively correlated with a logon event using the Logon ID value. Logon IDs are only unique between reboots on the same computer.	64591133,an account was logged ogc,"auth,windows",2017-05-02T15:04:45.844Z,54837,172.24.19.20,ms_windows_event-3012490973,611,<14>May  2 11:02:47 gcBRW0000.global.com ,3969019896,1,0.0.0.0/514/tcp,2b04-ec926gc8,11012,gcbrw0000.global.com,2017-05-02T11:02:47.000Z,4634,ms_windows_event,security,90b900ae-b0d5-4e5c-849c-012cb462be82#586,"{""id"":""90b900ae-b0d5-4e5c-849c-012cb462be82#586"",""num_events"":614,""data_type"":""passthrough"",""batch_id"":""90b900ae-b0d5-4e5c-849c-012cb462be82"",""batch_segment"":0,""customer_id"":""lga03"",""sequence_number"":585,""source_type"":""json"",""target_index"":""""}",11012,s-1-5-21-2029550947-1910908428-336986018-24690,w.kelley, , , , , ,0x9f83b34, , , ,globalcom, , , , , , , ,3,this event is generated when a logon session is destroyed, , , , , , , , , , , , , , , , , , , , 
microsoft-windows-security-auditing,success audit,other object access events,gcnga0400.global.com,127.0.0.1,MSWinEventLog	1	Security	995070	Tue May  2 16:02:41 2017	4656	Microsoft-Windows-Security-Auditing	N/A	N/A	Success Audit	gcNGA0400.global.com	Other Object Access Events		A handle to an object was requested.    Subject:   Security ID:  S-1-5-18   Account Name:  gcNGA0400$   Account Domain:  globalcom   Logon ID:  0x3e7    Object:   Object Server:  PlugPlayManager   Object Type:  Security   Object Name:  PlugPlaySecurityObject   Handle ID:  0x0    Process Information:   Process ID:  0x2ec   Process Name:  C:\Windows\System32\svchost.exe    Access Request Information:   Transaction ID:  {00000000-0000-0000-0000-000000000000}   Accesses:  Unknown specific access (bit 1)         Access Reasons:  -   Access Mask:  0x2   Privileges Used for Access Check: -   Restricted SID Count: 0	189124650,a handle to an object was requested,"auth,windows",2017-05-02T15:02:42.073Z,52104,172.20.48.23,ms_windows_event-1655484026,846,<14>May  2 16:02:41 gcNGA0400.global.com ,4073158977,1,0.0.0.0/514/tcp,2b01-f2c77941,11009,gcnga0400.global.com, ,4656,ms_windows_event,security,90b900ae-b0d5-4e5c-849c-012cb462be82#626,"{""id"":""90b900ae-b0d5-4e5c-849c-012cb462be82#626"",""num_events"":614,""data_type"":""passthrough"",""batch_id"":""90b900ae-b0d5-4e5c-849c-012cb462be82"",""batch_segment"":0,""customer_id"":""lga03"",""sequence_number"":625,""source_type"":""json"",""target_index"":""""}",11009,s-1-5-18,gcnga0400$,{00000000-0000-0000-0000-000000000000},plugplaymanager,0x2ec,c:\windows\system32\svchost.exe,-,0x3e7,unknown specific access (bit 1)         access reasons:  -,0,plugplaysecurityobject,globalcom, , , , , , , , , , , , , , , , , , , , , , , , , , , , , 
microsoft-windows-security-auditing,success audit,kerberos service ticket operations,gcsmq0002.global.com,127.0.0.1,MSWinEventLog	1	Security	2131882	Tue May  2 11:02:42 2017	4769	Microsoft-Windows-Security-Auditing	N/A	N/A	Success Audit	gcSMQ0002.global.com	Kerberos Service Ticket Operations		N/A	304321434,n/a,"auth,windows",2017-05-02T15:02:44.332Z,50165,172.21.14.21,ms_windows_event-2408821607,238,<14>May  2 11:02:42 gcSMQ0002.global.com ,27946635086,0,0.0.0.0/514/tcp,2b03-681bfcf4e,11011,gcsmq0002.global.com,2017-05-02T11:02:42.000Z,4769,ms_windows_event,security,9b86e025-c25e-4888-8e5f-1476e850455a#42,"{""id"":""9b86e025-c25e-4888-8e5f-1476e850455a#42"",""num_events"":3000,""data_type"":""passthrough"",""batch_id"":""9b86e025-c25e-4888-8e5f-1476e850455a"",""batch_segment"":0,""customer_id"":""lga03"",""sequence_number"":41,""source_type"":""json"",""target_index"":""""}",11011, , , , , , , , , , , , , , , , , , , , , , , , , , , , , , , , , , , , , , , , , 
microsoft-windows-security-auditing,success audit,logon,gcnyc-60-010.global.com,127.0.0.1,MSWinEventLog	1	Security	1354677	Tue May  2 11:02:42 2017	4624	Microsoft-Windows-Security-Auditing	N/A	N/A	Success Audit	gcNYC-60-010.global.com	Logon		N/A	153578657,n/a,"auth,windows",2017-05-02T15:02:43.923Z,59147,172.21.14.26,ms_windows_event-796723568,215,<14>May  2 11:02:42 gcNYC-60-010.global.com ,27946635006,0,0.0.0.0/514/tcp,2b03-681bfcefe,11011,gcnyc-60-010.global.com,2017-05-02T11:02:42.000Z,4624,ms_windows_event,security,9b86e025-c25e-4888-8e5f-1476e850455a#113,"{""id"":""9b86e025-c25e-4888-8e5f-1476e850455a#113"",""num_events"":3000,""data_type"":""passthrough"",""batch_id"":""9b86e025-c25e-4888-8e5f-1476e850455a"",""batch_segment"":0,""customer_id"":""lga03"",""sequence_number"":112,""source_type"":""json"",""target_index"":""""}",11011, , , , , , , , , , , , , , , , , , , , , , , , , , , , , , , , , , , , , , , , , 
microsoft-windows-security-auditing,success audit,kerberos service ticket operations,gcsmq0002.global.com,127.0.0.1,MSWinEventLog	1	Security	2131845	Tue May  2 11:02:42 2017	4769	Microsoft-Windows-Security-Auditing	N/A	N/A	Success Audit	gcSMQ0002.global.com	Kerberos Service Ticket Operations		N/A	304321397,n/a,"auth,windows",2017-05-02T15:02:44.313Z,50165,172.21.14.21,ms_windows_event-2408821607,238,<14>May  2 11:02:42 gcSMQ0002.global.com ,27946635048,0,0.0.0.0/514/tcp,2b03-681bfcf28,11011,gcsmq0002.global.com,2017-05-02T11:02:42.000Z,4769,ms_windows_event,security,9b86e025-c25e-4888-8e5f-1476e850455a#123,"{""id"":""9b86e025-c25e-4888-8e5f-1476e850455a#123"",""num_events"":3000,""data_type"":""passthrough"",""batch_id"":""9b86e025-c25e-4888-8e5f-1476e850455a"",""batch_segment"":0,""customer_id"":""lga03"",""sequence_number"":122,""source_type"":""json"",""target_index"":""""}",11011, , , , , , , , , , , , , , , , , , , , , , , , , , , , , , , , , , , , , , , , , 
microsoft-windows-security-auditing,success audit,logogc,gcbrw0000.global.com,127.0.0.1,MSWinEventLog	1	Security	796272	Tue May  2 11:02:41 2017	4634	Microsoft-Windows-Security-Auditing	N/A	N/A	Success Audit	gcBRW0000.global.com	Logogc		An account was logged ogc.    Subject:   Security ID:  S-1-5-21-2029550947-1910908428-336986018-41172   Account Name:  gcBRW0403$   Account Domain:  globalcom   Logon ID:  0x9F80184    Logon Type:   3    This event is generated when a logon session is destroyed. It may be positively correlated with a logon event using the Logon ID value. Logon IDs are only unique between reboots on the same computer.	64590981,an account was logged ogc,"auth,windows",2017-05-02T15:04:40.827Z,54837,172.24.19.20,ms_windows_event-3012490973,613,<14>May  2 11:02:41 gcBRW0000.global.com ,3969016362,1,0.0.0.0/514/tcp,2b04-ec92622a,11012,gcbrw0000.global.com,2017-05-02T11:02:41.000Z,4634,ms_windows_event,security,9b86e025-c25e-4888-8e5f-1476e850455a#146,"{""id"":""9b86e025-c25e-4888-8e5f-1476e850455a#146"",""num_events"":3000,""data_type"":""passthrough"",""batch_id"":""9b86e025-c25e-4888-8e5f-1476e850455a"",""batch_segment"":0,""customer_id"":""lga03"",""sequence_number"":145,""source_type"":""json"",""target_index"":""""}",11012,s-1-5-21-2029550947-1910908428-336986018-41172,gcbrw0403$, , , , , ,0x9f80184, , , ,globalcom, , , , , , , ,3,this event is generated when a logon session is destroyed, , , , , , , , , , , , , , , , , , , , 
microsoft-windows-security-auditing,success audit,logon,gcsmq0002.global.com,127.0.0.1,MSWinEventLog	1	Security	2131826	Tue May  2 11:02:41 2017	4624	Microsoft-Windows-Security-Auditing	N/A	N/A	Success Audit	gcSMQ0002.global.com	Logon		N/A	304321382,n/a,"auth,windows",2017-05-02T15:02:43.307Z,50165,172.21.14.21,ms_windows_event-796723568,209,<14>May  2 11:02:41 gcSMQ0002.global.com ,27946634866,0,0.0.0.0/514/tcp,2b03-681bfce72,11011,gcsmq0002.global.com,2017-05-02T11:02:41.000Z,4624,ms_windows_event,security,9b86e025-c25e-4888-8e5f-1476e850455a#151,"{""id"":""9b86e025-c25e-4888-8e5f-1476e850455a#151"",""num_events"":3000,""data_type"":""passthrough"",""batch_id"":""9b86e025-c25e-4888-8e5f-1476e850455a"",""batch_segment"":0,""customer_id"":""lga03"",""sequence_number"":150,""source_type"":""json"",""target_index"":""""}",11011, , , , , , , , , , , , , , , , , , , , , , , , , , , , , , , , , , , , , , , , , 
microsoft-windows-security-auditing,success audit,logogc,gcsmq0002.global.com,127.0.0.1,MSWinEventLog	1	Security	2131830	Tue May  2 11:02:41 2017	4634	Microsoft-Windows-Security-Auditing	N/A	N/A	Success Audit	gcSMQ0002.global.com	Logogc		N/A	304321386,n/a,"auth,windows",2017-05-02T15:02:43.309Z,50165,172.21.14.21,ms_windows_event-1377334112,210,<14>May  2 11:02:41 gcSMQ0002.global.com ,27946634870,0,0.0.0.0/514/tcp,2b03-681bfce76,11011,gcsmq0002.global.com,2017-05-02T11:02:41.000Z,4634,ms_windows_event,security,9b86e025-c25e-4888-8e5f-1476e850455a#152,"{""id"":""9b86e025-c25e-4888-8e5f-1476e850455a#152"",""num_events"":3000,""data_type"":""passthrough"",""batch_id"":""9b86e025-c25e-4888-8e5f-1476e850455a"",""batch_segment"":0,""customer_id"":""lga03"",""sequence_number"":151,""source_type"":""json"",""target_index"":""""}",11011, , , , , , , , , , , , , , , , , , , , , , , , , , , , , , , , , , , , , , , , , 
microsoft-windows-dnsserver,information,dynamic_update,gcsmq0002.global.com,127.0.0.1,"MSWinEventLog	1	Microsoft-Windows-DNSServer/Audit	2131834	Tue May  2 11:02:42 2017	519	Microsoft-Windows-DNSServer	SYSTEM	User	Information	gcSMQ0002.global.com	DYNAMIC_UPDATE		A resource record of type 1, name NYCWS5062, TTL 1200 and RDATA 0xAC182180 was created in scope Default of zone global.com via dynamic update from IP Address 172.24.33.128.	448652",a resource record was created in scope default via dynamic update,"auth,windows",2017-05-02T15:02:43.311Z,50165,172.21.14.21,ms_windows_event-2302141340,405,<14>May  2 11:02:42 gcSMQ0002.global.com ,27946634874,0,0.0.0.0/514/tcp,2b03-681bfce7a,11011,gcsmq0002.global.com,2017-05-02T11:02:42.000Z,519,ms_windows_event,microsoft-windows-dnsserver/audit,9b86e025-c25e-4888-8e5f-1476e850455a#153,"{""id"":""9b86e025-c25e-4888-8e5f-1476e850455a#153"",""num_events"":3000,""data_type"":""passthrough"",""batch_id"":""9b86e025-c25e-4888-8e5f-1476e850455a"",""batch_segment"":0,""customer_id"":""lga03"",""sequence_number"":152,""source_type"":""json"",""target_index"":""""}",11011, , , , , , , , , , , , , , ,172.24.33.128, , ,private ip address lan,rsv, , , , , , , , , , , , , , , , , ,1,1200,global.com, , 
microsoft-windows-security-auditing,success audit,logon,gcsmq0601.global.com,127.0.0.1,"MSWinEventLog	1	Security	3425218	Tue May  2 11:02:42 2017	4624	Microsoft-Windows-Security-Auditing	N/A	N/A	Success Audit	gcsmq0601.global.com	Logon		An account was successfully logged on.    Subject:   Security ID:  S-1-0-0   Account Name:  -   Account Domain:  -   Logon ID:  0x0    Logon Type:   3    New Logon:   Security ID:  S-1-5-21-2029550947-1910908428-336986018-41811   Account Name:  gcSMQ0608$   Account Domain:  globalcom   Logon ID:  0x1b5f6ece   Logon GUID:  {B9023BC8-4848-2464-8D16-FBDC96FA72C1}    Process Information:   Process ID:  0x0   Process Name:  -    Network Information:   Workstation Name:    Source Network Address: -   Source Port:  -    Detailed Authentication Information:   Logon Process:  Kerberos   Authentication Package: Kerberos   Transited Services: -   Package Name (NTLM only): -   Key Length:  0    This event is generated when a logon session is created. It is generated on the computer that was accessed.    The subject fields indicate the account on the local system which requested the logon. This is most commonly a service such as the Server service, or a local process such as Winlogon.exe or Services.exe.    The logon type field indicates the kind of logon that occurred. The most common types are 2 (interactive) and 3 (network).    The New Logon fields indicate the account for whom the new logon was created, i.e. the account that was logged on.    The network fields indicate where a remote logon request originated. Workstation name is not always available and may be left blank in some cases.    The authentication information fields provide detailed information about this specific logon request.   - Logon GUID is a unique identifier that can be used to correlate this event with a KDC event.   - Transited services indicate which intermediate services have participated in this logon request.   - Package name indicates which sub-protocol was used among the NTLM protocols.   - Key length indicates the length of the generated session key. This will be 0 if no session key was requested.	1445130109",an account was successfully logged on,"auth,windows",2017-05-02T15:02:43.529Z,49941,172.21.19.25,ms_windows_event-3084426898,2110,<14>May  2 11:02:42 gcsmq0601.global.com ,27946634932,0,0.0.0.0/514/tcp,2b03-681bfceb4,11011,gcsmq0601.global.com,2017-05-02T11:02:42.000Z,4624,ms_windows_event,security,9b86e025-c25e-4888-8e5f-1476e850455a#159,"{""id"":""9b86e025-c25e-4888-8e5f-1476e850455a#159"",""num_events"":3000,""data_type"":""passthrough"",""batch_id"":""9b86e025-c25e-4888-8e5f-1476e850455a"",""batch_segment"":0,""customer_id"":""lga03"",""sequence_number"":158,""source_type"":""json"",""target_index"":""""}",11011,s-1-5-21-2029550947-1910908428-336986018-41811,gcsmq0608$, , ,0x0, , ,0x1b5f6ece, , , ,globalcom, , , , , , , ,3,this event is generated when a logon session is created, , ,kerberos,"[""1.1.1521""]", , , , , , , , , , , , , , , , 
microsoft-windows-security-auditing,success audit,logon,gcsmq0601.global.com,127.0.0.1,"MSWinEventLog	1	Security	3425234	Tue May  2 11:02:42 2017	4624	Microsoft-Windows-Security-Auditing	N/A	N/A	Success Audit	gcsmq0601.global.com	Logon		An account was successfully logged on.    Subject:   Security ID:  S-1-0-0   Account Name:  -   Account Domain:  -   Logon ID:  0x0    Logon Type:   3    New Logon:   Security ID:  S-1-5-21-2029550947-1910908428-336986018-41811   Account Name:  gcSMQ0608$   Account Domain:  globalcom   Logon ID:  0x1b5f717c   Logon GUID:  {B9023BC8-4848-2464-8D16-FBDC96FA72C1}    Process Information:   Process ID:  0x0   Process Name:  -    Network Information:   Workstation Name:    Source Network Address: -   Source Port:  -    Detailed Authentication Information:   Logon Process:  Kerberos   Authentication Package: Kerberos   Transited Services: -   Package Name (NTLM only): -   Key Length:  0    This event is generated when a logon session is created. It is generated on the computer that was accessed.    The subject fields indicate the account on the local system which requested the logon. This is most commonly a service such as the Server service, or a local process such as Winlogon.exe or Services.exe.    The logon type field indicates the kind of logon that occurred. The most common types are 2 (interactive) and 3 (network).    The New Logon fields indicate the account for whom the new logon was created, i.e. the account that was logged on.    The network fields indicate where a remote logon request originated. Workstation name is not always available and may be left blank in some cases.    The authentication information fields provide detailed information about this specific logon request.   - Logon GUID is a unique identifier that can be used to correlate this event with a KDC event.   - Transited services indicate which intermediate services have participated in this logon request.   - Package name indicates which sub-protocol was used among the NTLM protocols.   - Key length indicates the length of the generated session key. This will be 0 if no session key was requested.	1445130125",an account was successfully logged on,"auth,windows",2017-05-02T15:02:43.535Z,49941,172.21.19.25,ms_windows_event-3084426898,2110,<14>May  2 11:02:42 gcsmq0601.global.com ,27946634943,0,0.0.0.0/514/tcp,2b03-681bfcebf,11011,gcsmq0601.global.com,2017-05-02T11:02:42.000Z,4624,ms_windows_event,security,9b86e025-c25e-4888-8e5f-1476e850455a#162,"{""id"":""9b86e025-c25e-4888-8e5f-1476e850455a#162"",""num_events"":3000,""data_type"":""passthrough"",""batch_id"":""9b86e025-c25e-4888-8e5f-1476e850455a"",""batch_segment"":0,""customer_id"":""lga03"",""sequence_number"":161,""source_type"":""json"",""target_index"":""""}",11011,s-1-5-21-2029550947-1910908428-336986018-41811,gcsmq0608$, , ,0x0, , ,0x1b5f717c, , , ,globalcom, , , , , , , ,3,this event is generated when a logon session is created, , ,kerberos,"[""1.1.1521""]", , , , , , , , , , , , , , , , 
microsoft-windows-security-auditing,success audit,special logon,gcsmq0601.global.com,127.0.0.1,MSWinEventLog	1	Security	3425253	Tue May  2 11:02:42 2017	4672	Microsoft-Windows-Security-Auditing	N/A	N/A	Success Audit	gcsmq0601.global.com	Special Logon		Special privileges assigned to new logon.    Subject:   Security ID:  S-1-5-21-2029550947-1910908428-336986018-38176   Account Name:  COLLT5533$   Account Domain:  globalcom   Logon ID:  0x1b5f736a    Privileges:  SeTcbPrivilege	1445130144,special privileges assigned to new logon,"auth,windows",2017-05-02T15:02:43.542Z,49941,172.21.19.25,ms_windows_event-2006199550,448,<14>May  2 11:02:42 gcsmq0601.global.com ,27946634949,0,0.0.0.0/514/tcp,2b03-681bfcec5,11011,gcsmq0601.global.com, ,4672,ms_windows_event,security,9b86e025-c25e-4888-8e5f-1476e850455a#163,"{""id"":""9b86e025-c25e-4888-8e5f-1476e850455a#163"",""num_events"":3000,""data_type"":""passthrough"",""batch_id"":""9b86e025-c25e-4888-8e5f-1476e850455a"",""batch_segment"":0,""customer_id"":""lga03"",""sequence_number"":162,""source_type"":""json"",""target_index"":""""}",11011,s-1-5-21-2029550947-1910908428-336986018-38176,collt5533$ , , , , ,setcbprivilege,0x1b5f736a, , , ,globalcom, , , , , , , , , , , , , , , , , , , , , , , , , , , , , 
microsoft-windows-security-auditing,failure audit,kerberos service ticket operations,gcsmq0000.global.com,127.0.0.1,MSWinEventLog	3	Security	1629939	Tue May  2 11:02:41 2017	4769	Microsoft-Windows-Security-Auditing	N/A	N/A	Failure Audit	gcSMQ0000.global.com	Kerberos Service Ticket Operations		N/A	186395028,n/a,"auth,windows",2017-05-02T15:02:43.615Z,51131,172.21.14.20,ms_windows_event-2408821607,238,<11>May  2 11:02:41 gcSMQ0000.global.com ,27946634953,0,0.0.0.0/514/tcp,2b03-681bfcec9,11011,gcsmq0000.global.com,2017-05-02T11:02:41.000Z,4769,ms_windows_event,security,9b86e025-c25e-4888-8e5f-1476e850455a#164,"{""id"":""9b86e025-c25e-4888-8e5f-1476e850455a#164"",""num_events"":3000,""data_type"":""passthrough"",""batch_id"":""9b86e025-c25e-4888-8e5f-1476e850455a"",""batch_segment"":0,""customer_id"":""lga03"",""sequence_number"":163,""source_type"":""json"",""target_index"":""""}",11011, , , , , , , , , , , , , , , , , , , , , , , , , , , , , , , , , , , , , , , , , 
microsoft-windows-security-auditing,success audit,logogc,gcsmq0002.global.com,127.0.0.1,MSWinEventLog	1	Security	2131861	Tue May  2 11:02:42 2017	4634	Microsoft-Windows-Security-Auditing	N/A	N/A	Success Audit	gcSMQ0002.global.com	Logogc		N/A	304321413,n/a,"auth,windows",2017-05-02T15:02:44.323Z,50165,172.21.14.21,ms_windows_event-1377334112,210,<14>May  2 11:02:42 gcSMQ0002.global.com ,27946635064,0,0.0.0.0/514/tcp,2b03-681bfcf38,11011,gcsmq0002.global.com,2017-05-02T11:02:42.000Z,4634,ms_windows_event,security,9b86e025-c25e-4888-8e5f-1476e850455a#182,"{""id"":""9b86e025-c25e-4888-8e5f-1476e850455a#182"",""num_events"":3000,""data_type"":""passthrough"",""batch_id"":""9b86e025-c25e-4888-8e5f-1476e850455a"",""batch_segment"":0,""customer_id"":""lga03"",""sequence_number"":181,""source_type"":""json"",""target_index"":""""}",11011, , , , , , , , , , , , , , , , , , , , , , , , , , , , , , , , , , , , , , , , , 
microsoft-windows-security-auditing,success audit,logogc,gcsmq0002.global.com,127.0.0.1,MSWinEventLog	1	Security	2131852	Tue May  2 11:02:42 2017	4634	Microsoft-Windows-Security-Auditing	N/A	N/A	Success Audit	gcSMQ0002.global.com	Logogc		N/A	304321404,n/a,"auth,windows",2017-05-02T15:02:44.317Z,50165,172.21.14.21,ms_windows_event-1377334112,210,<14>May  2 11:02:42 gcSMQ0002.global.com ,27946635055,0,0.0.0.0/514/tcp,2b03-681bfcf2f,11011,gcsmq0002.global.com,2017-05-02T11:02:42.000Z,4634,ms_windows_event,security,9b86e025-c25e-4888-8e5f-1476e850455a#191,"{""id"":""9b86e025-c25e-4888-8e5f-1476e850455a#191"",""num_events"":3000,""data_type"":""passthrough"",""batch_id"":""9b86e025-c25e-4888-8e5f-1476e850455a"",""batch_segment"":0,""customer_id"":""lga03"",""sequence_number"":190,""source_type"":""json"",""target_index"":""""}",11011, , , , , , , , , , , , , , , , , , , , , , , , , , , , , , , , , , , , , , , , , 
