microsoft-windows-security-auditing,failure audit,kerberos service ticket operations,gcsmq0000.global.com,127.0.0.1,MSWinEventLog	3	Security	1629892	Tue May  2 11:02:37 2017	4769	Microsoft-Windows-Security-Auditing	N/A	N/A	Failure Audit	gcSMQ0000.global.com	Kerberos Service Ticket Operations		N/A	186394981,n/a,"auth,windows",2017-05-02T15:02:38.618Z,51131,172.21.14.20,ms_windows_event-2408821607,238,<11>May  2 11:02:37 gcSMQ0000.global.com ,27946633159,0,0.0.0.0/514/tcp,2b03-681bfc7c7,11011,gcsmq0000.global.com,2017-05-02T11:02:37.000Z,4769,ms_windows_event,security,370d8384-bb25-4458-a611-a58c66a7e065#901,"{""id"":""370d8384-bb25-4458-a611-a58c66a7e065#901"",""num_events"":2884,""data_type"":""passthrough"",""batch_id"":""370d8384-bb25-4458-a611-a58c66a7e065"",""batch_segment"":0,""customer_id"":""lga03"",""sequence_number"":900,""source_type"":""json"",""target_index"":""""}",11011, , , , , , , , , , , , , , , , , , , , , , , , , , , , , , , , , , , , , , , , , 
microsoft-windows-security-auditing,success audit,kerberos service ticket operations,gcsmq0000.global.com,127.0.0.1,MSWinEventLog	1	Security	1629895	Tue May  2 11:02:37 2017	4769	Microsoft-Windows-Security-Auditing	N/A	N/A	Success Audit	gcSMQ0000.global.com	Kerberos Service Ticket Operations		N/A	186394984,n/a,"auth,windows",2017-05-02T15:02:38.619Z,51131,172.21.14.20,ms_windows_event-2408821607,238,<14>May  2 11:02:37 gcSMQ0000.global.com ,27946633162,0,0.0.0.0/514/tcp,2b03-681bfc7ca,11011,gcsmq0000.global.com,2017-05-02T11:02:37.000Z,4769,ms_windows_event,security,370d8384-bb25-4458-a611-a58c66a7e065#902,"{""id"":""370d8384-bb25-4458-a611-a58c66a7e065#902"",""num_events"":2884,""data_type"":""passthrough"",""batch_id"":""370d8384-bb25-4458-a611-a58c66a7e065"",""batch_segment"":0,""customer_id"":""lga03"",""sequence_number"":901,""source_type"":""json"",""target_index"":""""}",11011, , , , , , , , , , , , , , , , , , , , , , , , , , , , , , , , , , , , , , , , , 
microsoft-windows-security-auditing,success audit,logon,gcsmq0000.global.com,127.0.0.1,MSWinEventLog	1	Security	1629900	Tue May  2 11:02:37 2017	4624	Microsoft-Windows-Security-Auditing	N/A	N/A	Success Audit	gcSMQ0000.global.com	Logon		N/A	186394989,n/a,"auth,windows",2017-05-02T15:02:38.619Z,51131,172.21.14.20,ms_windows_event-796723568,209,<14>May  2 11:02:37 gcSMQ0000.global.com ,27946633167,0,0.0.0.0/514/tcp,2b03-681bfc7cf,11011,gcsmq0000.global.com,2017-05-02T11:02:37.000Z,4624,ms_windows_event,security,370d8384-bb25-4458-a611-a58c66a7e065#904,"{""id"":""370d8384-bb25-4458-a611-a58c66a7e065#904"",""num_events"":2884,""data_type"":""passthrough"",""batch_id"":""370d8384-bb25-4458-a611-a58c66a7e065"",""batch_segment"":0,""customer_id"":""lga03"",""sequence_number"":903,""source_type"":""json"",""target_index"":""""}",11011, , , , , , , , , , , , , , , , , , , , , , , , , , , , , , , , , , , , , , , , , 
microsoft-windows-security-auditing,success audit,logogc,gcsmq0601.global.com,127.0.0.1,MSWinEventLog	1	Security	3425069	Tue May  2 11:02:40 2017	4634	Microsoft-Windows-Security-Auditing	N/A	N/A	Success Audit	gcsmq0601.global.com	Logogc		An account was logged ogc.    Subject:   Security ID:  S-1-5-21-2029550947-1910908428-336986018-41777   Account Name:  COLLT5532$   Account Domain:  globalcom   Logon ID:  0x1b5f48fe    Logon Type:   3    This event is generated when a logon session is destroyed. It may be positively correlated with a logon event using the Logon ID value. Logon IDs are only unique between reboots on the same computer.	1445129960,an account was logged ogc,"auth,windows",2017-05-02T15:02:41.401Z,49941,172.21.19.25,ms_windows_event-3012490973,617,<14>May  2 11:02:40 gcsmq0601.global.com ,27946633786,0,0.0.0.0/514/tcp,2b03-681bfca3a,11011,gcsmq0601.global.com,2017-05-02T11:02:40.000Z,4634,ms_windows_event,security,370d8384-bb25-4458-a611-a58c66a7e065#955,"{""id"":""370d8384-bb25-4458-a611-a58c66a7e065#955"",""num_events"":2884,""data_type"":""passthrough"",""batch_id"":""370d8384-bb25-4458-a611-a58c66a7e065"",""batch_segment"":0,""customer_id"":""lga03"",""sequence_number"":954,""source_type"":""json"",""target_index"":""""}",11011,s-1-5-21-2029550947-1910908428-336986018-41777,collt5532$, , , , , ,0x1b5f48fe, , , ,globalcom, , , , , , , ,3,this event is generated when a logon session is destroyed, , , , , , , , , , , , , , , , , , , , 
microsoft-windows-security-auditing,success audit,logon,gcsmq0002.global.com,127.0.0.1,MSWinEventLog	1	Security	2131794	Tue May  2 11:02:40 2017	4624	Microsoft-Windows-Security-Auditing	N/A	N/A	Success Audit	gcSMQ0002.global.com	Logon		N/A	304321350,n/a,"auth,windows",2017-05-02T15:02:41.292Z,50165,172.21.14.21,ms_windows_event-796723568,209,<14>May  2 11:02:40 gcSMQ0002.global.com ,27946633723,0,0.0.0.0/514/tcp,2b03-681bfc9fb,11011,gcsmq0002.global.com,2017-05-02T11:02:40.000Z,4624,ms_windows_event,security,370d8384-bb25-4458-a611-a58c66a7e065#1033,"{""id"":""370d8384-bb25-4458-a611-a58c66a7e065#1033"",""num_events"":2859,""data_type"":""passthrough"",""batch_id"":""370d8384-bb25-4458-a611-a58c66a7e065"",""batch_segment"":0,""customer_id"":""lga03"",""sequence_number"":1032,""source_type"":""json"",""target_index"":""""}",11011, , , , , , , , , , , , , , , , , , , , , , , , , , , , , , , , , , , , , , , , , 
microsoft-windows-security-auditing,success audit,logon,gcsmq0002.global.com,127.0.0.1,MSWinEventLog	1	Security	2131798	Tue May  2 11:02:40 2017	4624	Microsoft-Windows-Security-Auditing	N/A	N/A	Success Audit	gcSMQ0002.global.com	Logon		N/A	304321354,n/a,"auth,windows",2017-05-02T15:02:41.294Z,50165,172.21.14.21,ms_windows_event-796723568,209,<14>May  2 11:02:40 gcSMQ0002.global.com ,27946633727,0,0.0.0.0/514/tcp,2b03-681bfc9gc,11011,gcsmq0002.global.com,2017-05-02T11:02:40.000Z,4624,ms_windows_event,security,370d8384-bb25-4458-a611-a58c66a7e065#1034,"{""id"":""370d8384-bb25-4458-a611-a58c66a7e065#1034"",""num_events"":2859,""data_type"":""passthrough"",""batch_id"":""370d8384-bb25-4458-a611-a58c66a7e065"",""batch_segment"":0,""customer_id"":""lga03"",""sequence_number"":1033,""source_type"":""json"",""target_index"":""""}",11011, , , , , , , , , , , , , , , , , , , , , , , , , , , , , , , , , , , , , , , , , 
microsoft-windows-security-auditing,success audit,logon,gcsmq0002.global.com,127.0.0.1,MSWinEventLog	1	Security	2131806	Tue May  2 11:02:40 2017	4624	Microsoft-Windows-Security-Auditing	N/A	N/A	Success Audit	gcSMQ0002.global.com	Logon		N/A	304321362,n/a,"auth,windows",2017-05-02T15:02:41.297Z,50165,172.21.14.21,ms_windows_event-796723568,209,<14>May  2 11:02:40 gcSMQ0002.global.com ,27946633735,0,0.0.0.0/514/tcp,2b03-681bfca07,11011,gcsmq0002.global.com,2017-05-02T11:02:40.000Z,4624,ms_windows_event,security,370d8384-bb25-4458-a611-a58c66a7e065#1036,"{""id"":""370d8384-bb25-4458-a611-a58c66a7e065#1036"",""num_events"":2859,""data_type"":""passthrough"",""batch_id"":""370d8384-bb25-4458-a611-a58c66a7e065"",""batch_segment"":0,""customer_id"":""lga03"",""sequence_number"":1035,""source_type"":""json"",""target_index"":""""}",11011, , , , , , , , , , , , , , , , , , , , , , , , , , , , , , , , , , , , , , , , , 
microsoft-windows-security-auditing,success audit,logon,gcsmq0002.global.com,127.0.0.1,MSWinEventLog	1	Security	2131810	Tue May  2 11:02:41 2017	4624	Microsoft-Windows-Security-Auditing	N/A	N/A	Success Audit	gcSMQ0002.global.com	Logon		N/A	304321366,n/a,"auth,windows",2017-05-02T15:02:41.299Z,50165,172.21.14.21,ms_windows_event-796723568,209,<14>May  2 11:02:41 gcSMQ0002.global.com ,27946633739,0,0.0.0.0/514/tcp,2b03-681bfca0b,11011,gcsmq0002.global.com,2017-05-02T11:02:41.000Z,4624,ms_windows_event,security,370d8384-bb25-4458-a611-a58c66a7e065#1037,"{""id"":""370d8384-bb25-4458-a611-a58c66a7e065#1037"",""num_events"":2859,""data_type"":""passthrough"",""batch_id"":""370d8384-bb25-4458-a611-a58c66a7e065"",""batch_segment"":0,""customer_id"":""lga03"",""sequence_number"":1036,""source_type"":""json"",""target_index"":""""}",11011, , , , , , , , , , , , , , , , , , , , , , , , , , , , , , , , , , , , , , , , , 
microsoft-windows-security-auditing,failure audit,kerberos service ticket operations,gcsmq0000.global.com,127.0.0.1,MSWinEventLog	3	Security	1629919	Tue May  2 11:02:40 2017	4769	Microsoft-Windows-Security-Auditing	N/A	N/A	Failure Audit	gcSMQ0000.global.com	Kerberos Service Ticket Operations		N/A	186395008,n/a,"auth,windows",2017-05-02T15:02:41.615Z,51131,172.21.14.20,ms_windows_event-2408821607,238,<11>May  2 11:02:40 gcSMQ0000.global.com ,27946634262,0,0.0.0.0/514/tcp,2b03-681bfcc16,11011,gcsmq0000.global.com,2017-05-02T11:02:40.000Z,4769,ms_windows_event,security,370d8384-bb25-4458-a611-a58c66a7e065#1143,"{""id"":""370d8384-bb25-4458-a611-a58c66a7e065#1143"",""num_events"":2859,""data_type"":""passthrough"",""batch_id"":""370d8384-bb25-4458-a611-a58c66a7e065"",""batch_segment"":0,""customer_id"":""lga03"",""sequence_number"":1142,""source_type"":""json"",""target_index"":""""}",11011, , , , , , , , , , , , , , , , , , , , , , , , , , , , , , , , , , , , , , , , , 
microsoft-windows-security-auditing,success audit,logogc,gcsmq0000.global.com,127.0.0.1,MSWinEventLog	1	Security	1629914	Tue May  2 11:02:39 2017	4634	Microsoft-Windows-Security-Auditing	N/A	N/A	Success Audit	gcSMQ0000.global.com	Logogc		N/A	186395003,n/a,"auth,windows",2017-05-02T15:02:41.613Z,51131,172.21.14.20,ms_windows_event-1377334112,210,<14>May  2 11:02:39 gcSMQ0000.global.com ,27946634237,0,0.0.0.0/514/tcp,2b03-681bfcbfd,11011,gcsmq0000.global.com,2017-05-02T11:02:39.000Z,4634,ms_windows_event,security,370d8384-bb25-4458-a611-a58c66a7e065#1361,"{""id"":""370d8384-bb25-4458-a611-a58c66a7e065#1361"",""num_events"":2832,""data_type"":""passthrough"",""batch_id"":""370d8384-bb25-4458-a611-a58c66a7e065"",""batch_segment"":0,""customer_id"":""lga03"",""sequence_number"":1360,""source_type"":""json"",""target_index"":""""}",11011, , , , , , , , , , , , , , , , , , , , , , , , , , , , , , , , , , , , , , , , , 
microsoft-windows-security-auditing,success audit,logon,gcsmq0002.global.com,127.0.0.1,MSWinEventLog	1	Security	2131817	Tue May  2 11:02:41 2017	4624	Microsoft-Windows-Security-Auditing	N/A	N/A	Success Audit	gcSMQ0002.global.com	Logon		N/A	304321373,n/a,"auth,windows",2017-05-02T15:02:41.302Z,50165,172.21.14.21,ms_windows_event-796723568,209,<14>May  2 11:02:41 gcSMQ0002.global.com ,27946633746,0,0.0.0.0/514/tcp,2b03-681bfca12,11011,gcsmq0002.global.com,2017-05-02T11:02:41.000Z,4624,ms_windows_event,security,370d8384-bb25-4458-a611-a58c66a7e065#1382,"{""id"":""370d8384-bb25-4458-a611-a58c66a7e065#1382"",""num_events"":2826,""data_type"":""passthrough"",""batch_id"":""370d8384-bb25-4458-a611-a58c66a7e065"",""batch_segment"":0,""customer_id"":""lga03"",""sequence_number"":1381,""source_type"":""json"",""target_index"":""""}",11011, , , , , , , , , , , , , , , , , , , , , , , , , , , , , , , , , , , , , , , , , 
microsoft-windows-security-auditing,success audit,logon,gcnyc-60-010.global.com,127.0.0.1,MSWinEventLog	1	Security	1354648	Tue May  2 11:02:40 2017	4624	Microsoft-Windows-Security-Auditing	N/A	N/A	Success Audit	gcNYC-60-010.global.com	Logon		N/A	153578628,n/a,"auth,windows",2017-05-02T15:02:41.922Z,59147,172.21.14.26,ms_windows_event-796723568,215,<14>May  2 11:02:40 gcNYC-60-010.global.com ,27946634690,0,0.0.0.0/514/tcp,2b03-681bfcdc2,11011,gcnyc-60-010.global.com,2017-05-02T11:02:40.000Z,4624,ms_windows_event,security,370d8384-bb25-4458-a611-a58c66a7e065#1416,"{""id"":""370d8384-bb25-4458-a611-a58c66a7e065#1416"",""num_events"":2826,""data_type"":""passthrough"",""batch_id"":""370d8384-bb25-4458-a611-a58c66a7e065"",""batch_segment"":0,""customer_id"":""lga03"",""sequence_number"":1415,""source_type"":""json"",""target_index"":""""}",11011, , , , , , , , , , , , , , , , , , , , , , , , , , , , , , , , , , , , , , , , , 
microsoft-windows-security-auditing,success audit,kerberos service ticket operations,gcnyc-60-010.global.com,127.0.0.1,MSWinEventLog	1	Security	1354652	Tue May  2 11:02:40 2017	4769	Microsoft-Windows-Security-Auditing	N/A	N/A	Success Audit	gcNYC-60-010.global.com	Kerberos Service Ticket Operations		N/A	153578632,n/a,"auth,windows",2017-05-02T15:02:41.922Z,59147,172.21.14.26,ms_windows_event-2408821607,244,<14>May  2 11:02:40 gcNYC-60-010.global.com ,27946634694,0,0.0.0.0/514/tcp,2b03-681bfcdc6,11011,gcnyc-60-010.global.com,2017-05-02T11:02:40.000Z,4769,ms_windows_event,security,370d8384-bb25-4458-a611-a58c66a7e065#1417,"{""id"":""370d8384-bb25-4458-a611-a58c66a7e065#1417"",""num_events"":2826,""data_type"":""passthrough"",""batch_id"":""370d8384-bb25-4458-a611-a58c66a7e065"",""batch_segment"":0,""customer_id"":""lga03"",""sequence_number"":1416,""source_type"":""json"",""target_index"":""""}",11011, , , , , , , , , , , , , , , , , , , , , , , , , , , , , , , , , , , , , , , , , 
microsoft-windows-security-auditing,failure audit,kerberos service ticket operations,gcsmq0000.global.com,127.0.0.1,MSWinEventLog	3	Security	1629917	Tue May  2 11:02:40 2017	4769	Microsoft-Windows-Security-Auditing	N/A	N/A	Failure Audit	gcSMQ0000.global.com	Kerberos Service Ticket Operations		N/A	186395006,n/a,"auth,windows",2017-05-02T15:02:41.615Z,51131,172.21.14.20,ms_windows_event-2408821607,238,<11>May  2 11:02:40 gcSMQ0000.global.com ,27946634258,0,0.0.0.0/514/tcp,2b03-681bfcc12,11011,gcsmq0000.global.com,2017-05-02T11:02:40.000Z,4769,ms_windows_event,security,370d8384-bb25-4458-a611-a58c66a7e065#1507,"{""id"":""370d8384-bb25-4458-a611-a58c66a7e065#1507"",""num_events"":2826,""data_type"":""passthrough"",""batch_id"":""370d8384-bb25-4458-a611-a58c66a7e065"",""batch_segment"":0,""customer_id"":""lga03"",""sequence_number"":1506,""source_type"":""json"",""target_index"":""""}",11011, , , , , , , , , , , , , , , , , , , , , , , , , , , , , , , , , , , , , , , , , 
microsoft-windows-security-auditing,success audit,filtering platform connection,gcnga0400.global.com,127.0.0.1,MSWinEventLog	1	Security	995035	Tue May  2 16:02:41 2017	5158	Microsoft-Windows-Security-Auditing	N/A	N/A	Success Audit	gcNGA0400.global.com	Filtering Platform Connection		The Windows Filtering Platform has permitted a bind to a local port.    Application Information:   Process ID:  1728   Application Name: \device\harddiskvolume2\program files\avs\bin\avagent.exe    Network Information:   Source Address:  ::   Source Port:  62302   Protocol:  6    Filter Information:   Filter Run-Time ID: 0   Layer Name:  Resource Assignment   Layer Run-Time ID: 36	189124615,the windows filtering platform has permitted a bind to a local port,"auth,windows",2017-05-02T15:02:42.049Z,52104,172.20.48.23,ms_windows_event-4145731664,612,<14>May  2 16:02:41 gcNGA0400.global.com ,4073158943,1,0.0.0.0/514/tcp,2b01-f2c7791f,11009,gcnga0400.global.com,2017-05-02T16:02:41.000Z,5158,ms_windows_event,security,370d8384-bb25-4458-a611-a58c66a7e065#1641,"{""id"":""370d8384-bb25-4458-a611-a58c66a7e065#1641"",""num_events"":2822,""data_type"":""passthrough"",""batch_id"":""370d8384-bb25-4458-a611-a58c66a7e065"",""batch_segment"":0,""customer_id"":""lga03"",""sequence_number"":1640,""source_type"":""json"",""target_index"":""""}",11009, , , , , , , , , , , , , ,62302, ,6,\device\harddiskvolume2\program files\avs\bin\avagent.exe, , , , ,::, , , , , , , , , , , , , , , , , , , 
microsoft-windows-security-auditing,success audit,other object access events,gcnga0400.global.com,127.0.0.1,MSWinEventLog	1	Security	995040	Tue May  2 16:02:41 2017	4656	Microsoft-Windows-Security-Auditing	N/A	N/A	Success Audit	gcNGA0400.global.com	Other Object Access Events		A handle to an object was requested.    Subject:   Security ID:  S-1-5-18   Account Name:  gcNGA0400$   Account Domain:  globalcom   Logon ID:  0x3e7    Object:   Object Server:  PlugPlayManager   Object Type:  Security   Object Name:  PlugPlaySecurityObject   Handle ID:  0x0    Process Information:   Process ID:  0x2ec   Process Name:  C:\Windows\System32\svchost.exe    Access Request Information:   Transaction ID:  {00000000-0000-0000-0000-000000000000}   Accesses:  Unknown specific access (bit 1)         Access Reasons:  -   Access Mask:  0x2   Privileges Used for Access Check: -   Restricted SID Count: 0	189124620,a handle to an object was requested,"auth,windows",2017-05-02T15:02:42.053Z,52104,172.20.48.23,ms_windows_event-1655484026,846,<14>May  2 16:02:41 gcNGA0400.global.com ,4073158947,1,0.0.0.0/514/tcp,2b01-f2c77923,11009,gcnga0400.global.com, ,4656,ms_windows_event,security,370d8384-bb25-4458-a611-a58c66a7e065#1642,"{""id"":""370d8384-bb25-4458-a611-a58c66a7e065#1642"",""num_events"":2822,""data_type"":""passthrough"",""batch_id"":""370d8384-bb25-4458-a611-a58c66a7e065"",""batch_segment"":0,""customer_id"":""lga03"",""sequence_number"":1641,""source_type"":""json"",""target_index"":""""}",11009,s-1-5-18,gcnga0400$,{00000000-0000-0000-0000-000000000000},plugplaymanager,0x2ec,c:\windows\system32\svchost.exe,-,0x3e7,unknown specific access (bit 1)         access reasons:  -,0,plugplaysecurityobject,globalcom, , , , , , , , , , , , , , , , , , , , , , , , , , , , , 
microsoft-windows-security-auditing,success audit,other object access events,gcnga0400.global.com,127.0.0.1,MSWinEventLog	1	Security	995044	Tue May  2 16:02:41 2017	4656	Microsoft-Windows-Security-Auditing	N/A	N/A	Success Audit	gcNGA0400.global.com	Other Object Access Events		A handle to an object was requested.    Subject:   Security ID:  S-1-5-18   Account Name:  gcNGA0400$   Account Domain:  globalcom   Logon ID:  0x3e7    Object:   Object Server:  PlugPlayManager   Object Type:  Security   Object Name:  PlugPlaySecurityObject   Handle ID:  0x0    Process Information:   Process ID:  0x2ec   Process Name:  C:\Windows\System32\svchost.exe    Access Request Information:   Transaction ID:  {00000000-0000-0000-0000-000000000000}   Accesses:  Unknown specific access (bit 1)         Access Reasons:  -   Access Mask:  0x2   Privileges Used for Access Check: -   Restricted SID Count: 0	189124624,a handle to an object was requested,"auth,windows",2017-05-02T15:02:42.056Z,52104,172.20.48.23,ms_windows_event-1655484026,846,<14>May  2 16:02:41 gcNGA0400.global.com ,4073158951,1,0.0.0.0/514/tcp,2b01-f2c77927,11009,gcnga0400.global.com, ,4656,ms_windows_event,security,370d8384-bb25-4458-a611-a58c66a7e065#1643,"{""id"":""370d8384-bb25-4458-a611-a58c66a7e065#1643"",""num_events"":2822,""data_type"":""passthrough"",""batch_id"":""370d8384-bb25-4458-a611-a58c66a7e065"",""batch_segment"":0,""customer_id"":""lga03"",""sequence_number"":1642,""source_type"":""json"",""target_index"":""""}",11009,s-1-5-18,gcnga0400$,{00000000-0000-0000-0000-000000000000},plugplaymanager,0x2ec,c:\windows\system32\svchost.exe,-,0x3e7,unknown specific access (bit 1)         access reasons:  -,0,plugplaysecurityobject,globalcom, , , , , , , , , , , , , , , , , , , , , , , , , , , , , 
microsoft-windows-security-auditing,success audit,other object access events,gcnga0400.global.com,127.0.0.1,MSWinEventLog	1	Security	995052	Tue May  2 16:02:41 2017	4656	Microsoft-Windows-Security-Auditing	N/A	N/A	Success Audit	gcNGA0400.global.com	Other Object Access Events		A handle to an object was requested.    Subject:   Security ID:  S-1-5-18   Account Name:  gcNGA0400$   Account Domain:  globalcom   Logon ID:  0x3e7    Object:   Object Server:  PlugPlayManager   Object Type:  Security   Object Name:  PlugPlaySecurityObject   Handle ID:  0x0    Process Information:   Process ID:  0x2ec   Process Name:  C:\Windows\System32\svchost.exe    Access Request Information:   Transaction ID:  {00000000-0000-0000-0000-000000000000}   Accesses:  Unknown specific access (bit 1)         Access Reasons:  -   Access Mask:  0x2   Privileges Used for Access Check: -   Restricted SID Count: 0	189124632,a handle to an object was requested,"auth,windows",2017-05-02T15:02:42.062Z,52104,172.20.48.23,ms_windows_event-1655484026,846,<14>May  2 16:02:41 gcNGA0400.global.com ,4073158959,1,0.0.0.0/514/tcp,2b01-f2c7792f,11009,gcnga0400.global.com, ,4656,ms_windows_event,security,370d8384-bb25-4458-a611-a58c66a7e065#1645,"{""id"":""370d8384-bb25-4458-a611-a58c66a7e065#1645"",""num_events"":2822,""data_type"":""passthrough"",""batch_id"":""370d8384-bb25-4458-a611-a58c66a7e065"",""batch_segment"":0,""customer_id"":""lga03"",""sequence_number"":1644,""source_type"":""json"",""target_index"":""""}",11009,s-1-5-18,gcnga0400$,{00000000-0000-0000-0000-000000000000},plugplaymanager,0x2ec,c:\windows\system32\svchost.exe,-,0x3e7,unknown specific access (bit 1)         access reasons:  -,0,plugplaysecurityobject,globalcom, , , , , , , , , , , , , , , , , , , , , , , , , , , , , 
microsoft-windows-security-auditing,success audit,other object access events,gcnga0400.global.com,127.0.0.1,MSWinEventLog	1	Security	995058	Tue May  2 16:02:41 2017	4656	Microsoft-Windows-Security-Auditing	N/A	N/A	Success Audit	gcNGA0400.global.com	Other Object Access Events		A handle to an object was requested.    Subject:   Security ID:  S-1-5-18   Account Name:  gcNGA0400$   Account Domain:  globalcom   Logon ID:  0x3e7    Object:   Object Server:  PlugPlayManager   Object Type:  Security   Object Name:  PlugPlaySecurityObject   Handle ID:  0x0    Process Information:   Process ID:  0x2ec   Process Name:  C:\Windows\System32\svchost.exe    Access Request Information:   Transaction ID:  {00000000-0000-0000-0000-000000000000}   Accesses:  Unknown specific access (bit 1)         Access Reasons:  -   Access Mask:  0x2   Privileges Used for Access Check: -   Restricted SID Count: 0	189124638,a handle to an object was requested,"auth,windows",2017-05-02T15:02:42.066Z,52104,172.20.48.23,ms_windows_event-1655484026,846,<14>May  2 16:02:41 gcNGA0400.global.com ,4073158965,1,0.0.0.0/514/tcp,2b01-f2c77935,11009,gcnga0400.global.com, ,4656,ms_windows_event,security,370d8384-bb25-4458-a611-a58c66a7e065#1647,"{""id"":""370d8384-bb25-4458-a611-a58c66a7e065#1647"",""num_events"":2822,""data_type"":""passthrough"",""batch_id"":""370d8384-bb25-4458-a611-a58c66a7e065"",""batch_segment"":0,""customer_id"":""lga03"",""sequence_number"":1646,""source_type"":""json"",""target_index"":""""}",11009,s-1-5-18,gcnga0400$,{00000000-0000-0000-0000-000000000000},plugplaymanager,0x2ec,c:\windows\system32\svchost.exe,-,0x3e7,unknown specific access (bit 1)         access reasons:  -,0,plugplaysecurityobject,globalcom, , , , , , , , , , , , , , , , , , , , , , , , , , , , , 
microsoft-windows-security-auditing,success audit,logogc,gcmex0400.global.com,127.0.0.1,MSWinEventLog	1	Security	773440	Tue May  2 10:02:40 2017	4634	Microsoft-Windows-Security-Auditing	N/A	N/A	Success Audit	gcMEX0400.global.com	Logogc		An account was logged ogc.    Subject:   Security ID:  S-1-5-21-2029550947-1910908428-336986018-27183   Account Name:  gcSMQ0601$   Account Domain:  globalcom   Logon ID:  0xe77f415    Logon Type:   3    This event is generated when a logon session is destroyed. It may be positively correlated with a logon event using the Logon ID value. Logon IDs are only unique between reboots on the same computer.	376831485,an account was logged ogc,"auth,windows",2017-05-02T15:02:42.268Z,64651,172.20.32.23,ms_windows_event-3012490973,614,<14>May  2 10:02:40 gcMEX0400.global.com ,2661097872,1,0.0.0.0/514/tcp,2b00-9e9d2190,11008,gcmex0400.global.com,2017-05-02T10:02:40.000Z,4634,ms_windows_event,security,370d8384-bb25-4458-a611-a58c66a7e065#1710,"{""id"":""370d8384-bb25-4458-a611-a58c66a7e065#1710"",""num_events"":2801,""data_type"":""passthrough"",""batch_id"":""370d8384-bb25-4458-a611-a58c66a7e065"",""batch_segment"":0,""customer_id"":""lga03"",""sequence_number"":1709,""source_type"":""json"",""target_index"":""""}",11008,s-1-5-21-2029550947-1910908428-336986018-27183,gcsmq0601$, , , , , ,0xe77f415, , , ,globalcom, , , , , , , ,3,this event is generated when a logon session is destroyed, , , , , , , , , , , , , , , , , , , , 
microsoft-windows-security-auditing,success audit,filtering platform connection,gcken0400.global.com,127.0.0.1,MSWinEventLog	1	Security	864027	Tue May  2 18:03:08 2017	5158	Microsoft-Windows-Security-Auditing	N/A	N/A	Success Audit	gcKEN0400.global.com	Filtering Platform Connection		The Windows Filtering Platform has permitted a bind to a local port.    Application Information:   Process ID:  1628   Application Name: \device\harddiskvolume2\windows\carbonblack\cb.exe    Network Information:   Source Address:  0.0.0.0   Source Port:  63909   Protocol:  6    Filter Information:   Filter Run-Time ID: 0   Layer Name:  Resource Assignment   Layer Run-Time ID: 36	145963532,the windows filtering platform has permitted a bind to a local port,"auth,windows",2017-05-02T15:02:41.941Z,55560,172.20.46.23,ms_windows_event-1072601665,610,<14>May  2 18:03:08 gcKEN0400.global.com ,4357198850,1,0.0.0.0/514/tcp,2agc-103b59402,11007,gcken0400.global.com,2017-05-02T18:03:08.000Z,5158,ms_windows_event,security,370d8384-bb25-4458-a611-a58c66a7e065#1715,"{""id"":""370d8384-bb25-4458-a611-a58c66a7e065#1715"",""num_events"":2801,""data_type"":""passthrough"",""batch_id"":""370d8384-bb25-4458-a611-a58c66a7e065"",""batch_segment"":0,""customer_id"":""lga03"",""sequence_number"":1714,""source_type"":""json"",""target_index"":""""}",11007, , , , , , , , , , , , , ,63909,0.0.0.0,6,\device\harddiskvolume2\windows\carbonblack\cb.exe,broadcast rfc1700,rsv, , , , , , , , , , , , , , , , , , , , , , 
microsoft-windows-security-auditing,success audit,kerberos service ticket operations,gcsmq0000.global.com,127.0.0.1,MSWinEventLog	1	Security	1629922	Tue May  2 11:02:40 2017	4769	Microsoft-Windows-Security-Auditing	N/A	N/A	Success Audit	gcSMQ0000.global.com	Kerberos Service Ticket Operations		N/A	186395011,n/a,"auth,windows",2017-05-02T15:02:42.614Z,51131,172.21.14.20,ms_windows_event-2408821607,238,<14>May  2 11:02:40 gcSMQ0000.global.com ,27946634739,0,0.0.0.0/514/tcp,2b03-681bfcdf3,11011,gcsmq0000.global.com,2017-05-02T11:02:40.000Z,4769,ms_windows_event,security,370d8384-bb25-4458-a611-a58c66a7e065#1720,"{""id"":""370d8384-bb25-4458-a611-a58c66a7e065#1720"",""num_events"":2801,""data_type"":""passthrough"",""batch_id"":""370d8384-bb25-4458-a611-a58c66a7e065"",""batch_segment"":0,""customer_id"":""lga03"",""sequence_number"":1719,""source_type"":""json"",""target_index"":""""}",11011, , , , , , , , , , , , , , , , , , , , , , , , , , , , , , , , , , , , , , , , , 
microsoft-windows-security-auditing,failure audit,kerberos service ticket operations,gcsmq0000.global.com,127.0.0.1,MSWinEventLog	3	Security	1629925	Tue May  2 11:02:40 2017	4769	Microsoft-Windows-Security-Auditing	N/A	N/A	Failure Audit	gcSMQ0000.global.com	Kerberos Service Ticket Operations		N/A	186395014,n/a,"auth,windows",2017-05-02T15:02:42.616Z,51131,172.21.14.20,ms_windows_event-2408821607,238,<11>May  2 11:02:40 gcSMQ0000.global.com ,27946634742,0,0.0.0.0/514/tcp,2b03-681bfcdf6,11011,gcsmq0000.global.com,2017-05-02T11:02:40.000Z,4769,ms_windows_event,security,370d8384-bb25-4458-a611-a58c66a7e065#1721,"{""id"":""370d8384-bb25-4458-a611-a58c66a7e065#1721"",""num_events"":2801,""data_type"":""passthrough"",""batch_id"":""370d8384-bb25-4458-a611-a58c66a7e065"",""batch_segment"":0,""customer_id"":""lga03"",""sequence_number"":1720,""source_type"":""json"",""target_index"":""""}",11011, , , , , , , , , , , , , , , , , , , , , , , , , , , , , , , , , , , , , , , , , 
microsoft-windows-security-auditing,success audit,kerberos service ticket operations,gcsmq0000.global.com,127.0.0.1,MSWinEventLog	1	Security	1629932	Tue May  2 11:02:40 2017	4769	Microsoft-Windows-Security-Auditing	N/A	N/A	Success Audit	gcSMQ0000.global.com	Kerberos Service Ticket Operations		N/A	186395021,n/a,"auth,windows",2017-05-02T15:02:42.619Z,51131,172.21.14.20,ms_windows_event-2408821607,238,<14>May  2 11:02:40 gcSMQ0000.global.com ,27946634749,0,0.0.0.0/514/tcp,2b03-681bfcdfd,11011,gcsmq0000.global.com,2017-05-02T11:02:40.000Z,4769,ms_windows_event,security,370d8384-bb25-4458-a611-a58c66a7e065#1723,"{""id"":""370d8384-bb25-4458-a611-a58c66a7e065#1723"",""num_events"":2801,""data_type"":""passthrough"",""batch_id"":""370d8384-bb25-4458-a611-a58c66a7e065"",""batch_segment"":0,""customer_id"":""lga03"",""sequence_number"":1722,""source_type"":""json"",""target_index"":""""}",11011, , , , , , , , , , , , , , , , , , , , , , , , , , , , , , , , , , , , , , , , , 
microsoft-windows-security-auditing,failure audit,kerberos service ticket operations,gcsmq0000.global.com,127.0.0.1,MSWinEventLog	3	Security	1629929	Tue May  2 11:02:40 2017	4769	Microsoft-Windows-Security-Auditing	N/A	N/A	Failure Audit	gcSMQ0000.global.com	Kerberos Service Ticket Operations		N/A	186395018,n/a,"auth,windows",2017-05-02T15:02:42.617Z,51131,172.21.14.20,ms_windows_event-2408821607,238,<11>May  2 11:02:40 gcSMQ0000.global.com ,27946634746,0,0.0.0.0/514/tcp,2b03-681bfcdfa,11011,gcsmq0000.global.com,2017-05-02T11:02:40.000Z,4769,ms_windows_event,security,370d8384-bb25-4458-a611-a58c66a7e065#1733,"{""id"":""370d8384-bb25-4458-a611-a58c66a7e065#1733"",""num_events"":2801,""data_type"":""passthrough"",""batch_id"":""370d8384-bb25-4458-a611-a58c66a7e065"",""batch_segment"":0,""customer_id"":""lga03"",""sequence_number"":1732,""source_type"":""json"",""target_index"":""""}",11011, , , , , , , , , , , , , , , , , , , , , , , , , , , , , , , , , , , , , , , , , 
microsoft-windows-security-auditing,success audit,kerberos service ticket operations,gcsmq0000.global.com,127.0.0.1,MSWinEventLog	1	Security	1629933	Tue May  2 11:02:40 2017	4769	Microsoft-Windows-Security-Auditing	N/A	N/A	Success Audit	gcSMQ0000.global.com	Kerberos Service Ticket Operations		N/A	186395022,n/a,"auth,windows",2017-05-02T15:02:42.620Z,51131,172.21.14.20,ms_windows_event-2408821607,238,<14>May  2 11:02:40 gcSMQ0000.global.com ,27946634750,0,0.0.0.0/514/tcp,2b03-681bfcdfe,11011,gcsmq0000.global.com,2017-05-02T11:02:40.000Z,4769,ms_windows_event,security,370d8384-bb25-4458-a611-a58c66a7e065#1734,"{""id"":""370d8384-bb25-4458-a611-a58c66a7e065#1734"",""num_events"":2801,""data_type"":""passthrough"",""batch_id"":""370d8384-bb25-4458-a611-a58c66a7e065"",""batch_segment"":0,""customer_id"":""lga03"",""sequence_number"":1733,""source_type"":""json"",""target_index"":""""}",11011, , , , , , , , , , , , , , , , , , , , , , , , , , , , , , , , , , , , , , , , , 
microsoft-windows-security-auditing,success audit,kerberos service ticket operations,gcsmq0000.global.com,127.0.0.1,MSWinEventLog	1	Security	1629937	Tue May  2 11:02:41 2017	4769	Microsoft-Windows-Security-Auditing	N/A	N/A	Success Audit	gcSMQ0000.global.com	Kerberos Service Ticket Operations		N/A	186395026,n/a,"auth,windows",2017-05-02T15:02:42.621Z,51131,172.21.14.20,ms_windows_event-2408821607,238,<14>May  2 11:02:41 gcSMQ0000.global.com ,27946634754,0,0.0.0.0/514/tcp,2b03-681bfce02,11011,gcsmq0000.global.com,2017-05-02T11:02:41.000Z,4769,ms_windows_event,security,370d8384-bb25-4458-a611-a58c66a7e065#1735,"{""id"":""370d8384-bb25-4458-a611-a58c66a7e065#1735"",""num_events"":2801,""data_type"":""passthrough"",""batch_id"":""370d8384-bb25-4458-a611-a58c66a7e065"",""batch_segment"":0,""customer_id"":""lga03"",""sequence_number"":1734,""source_type"":""json"",""target_index"":""""}",11011, , , , , , , , , , , , , , , , , , , , , , , , , , , , , , , , , , , , , , , , , 
microsoft-windows-security-auditing,success audit,directory service replication,gcculad02.global.com,127.0.0.1,"MSWinEventLog	1	Security	512790	Tue May  2 11:02:42 2017	4933	Microsoft-Windows-Security-Auditing	N/A	N/A	Success Audit	gcCULAD02.global.com	Directory Service Replication		Synchronization of a replica of an Active Directory naming context has ended.    Destination DRA: CN=NTDS Settings,CN=gcCULAD02,CN=Servers,CN=gcCUL-site,CN=Sites,CN=Configuration,DC=global,DC=com  Source DRA: CN=NTDS Settings,CN=gcCULAD01,CN=Servers,CN=gcCUL-site,CN=Sites,CN=Configuration,DC=global,DC=com  Naming Context: DC=global,DC=com  Options:  19  Session ID: 13855  End USN: 72768123  Status Code: 0	181450464",synchronization of a replica of an active directory naming context has ended,"auth,windows",2017-05-02T15:02:42.813Z,60971,172.22.19.16,ms_windows_event-2925638157,646,<14>May  2 11:02:42 gcCULAD02.global.com ,27946634762,0,0.0.0.0/514/tcp,2b03-681bfce0a,11011,gcculad02.global.com,2017-05-02T11:02:42.000Z,4933,ms_windows_event,security,370d8384-bb25-4458-a611-a58c66a7e065#1737,"{""id"":""370d8384-bb25-4458-a611-a58c66a7e065#1737"",""num_events"":2801,""data_type"":""passthrough"",""batch_id"":""370d8384-bb25-4458-a611-a58c66a7e065"",""batch_segment"":0,""customer_id"":""lga03"",""sequence_number"":1736,""source_type"":""json"",""target_index"":""""}",11011, , , , , , , , , , , , ,13855, , , , , , , , , , , , , , , , , , , , , , , , , , ,0, 
microsoft-windows-security-auditing,success audit,other object access events,gcnga0400.global.com,127.0.0.1,MSWinEventLog	1	Security	995067	Tue May  2 16:02:41 2017	4656	Microsoft-Windows-Security-Auditing	N/A	N/A	Success Audit	gcNGA0400.global.com	Other Object Access Events		A handle to an object was requested.    Subject:   Security ID:  S-1-5-18   Account Name:  gcNGA0400$   Account Domain:  globalcom   Logon ID:  0x3e7    Object:   Object Server:  PlugPlayManager   Object Type:  Security   Object Name:  PlugPlaySecurityObject   Handle ID:  0x0    Process Information:   Process ID:  0x2ec   Process Name:  C:\Windows\System32\svchost.exe    Access Request Information:   Transaction ID:  {00000000-0000-0000-0000-000000000000}   Accesses:  Unknown specific access (bit 1)         Access Reasons:  -   Access Mask:  0x2   Privileges Used for Access Check: -   Restricted SID Count: 0	189124647,a handle to an object was requested,"auth,windows",2017-05-02T15:02:42.072Z,52104,172.20.48.23,ms_windows_event-1655484026,846,<14>May  2 16:02:41 gcNGA0400.global.com ,4073158974,1,0.0.0.0/514/tcp,2b01-f2c7793e,11009,gcnga0400.global.com, ,4656,ms_windows_event,security,370d8384-bb25-4458-a611-a58c66a7e065#1771,"{""id"":""370d8384-bb25-4458-a611-a58c66a7e065#1771"",""num_events"":2801,""data_type"":""passthrough"",""batch_id"":""370d8384-bb25-4458-a611-a58c66a7e065"",""batch_segment"":0,""customer_id"":""lga03"",""sequence_number"":1770,""source_type"":""json"",""target_index"":""""}",11009,s-1-5-18,gcnga0400$,{00000000-0000-0000-0000-000000000000},plugplaymanager,0x2ec,c:\windows\system32\svchost.exe,-,0x3e7,unknown specific access (bit 1)         access reasons:  -,0,plugplaysecurityobject,globalcom, , , , , , , , , , , , , , , , , , , , , , , , , , , , , 
microsoft-windows-security-auditing,success audit,other object access events,gcnga0400.global.com,127.0.0.1,MSWinEventLog	1	Security	995071	Tue May  2 16:02:41 2017	4656	Microsoft-Windows-Security-Auditing	N/A	N/A	Success Audit	gcNGA0400.global.com	Other Object Access Events		A handle to an object was requested.    Subject:   Security ID:  S-1-5-18   Account Name:  gcNGA0400$   Account Domain:  globalcom   Logon ID:  0x3e7    Object:   Object Server:  PlugPlayManager   Object Type:  Security   Object Name:  PlugPlaySecurityObject   Handle ID:  0x0    Process Information:   Process ID:  0x2ec   Process Name:  C:\Windows\System32\svchost.exe    Access Request Information:   Transaction ID:  {00000000-0000-0000-0000-000000000000}   Accesses:  Unknown specific access (bit 1)         Access Reasons:  -   Access Mask:  0x2   Privileges Used for Access Check: -   Restricted SID Count: 0	189124651,a handle to an object was requested,"auth,windows",2017-05-02T15:02:42.074Z,52104,172.20.48.23,ms_windows_event-1655484026,846,<14>May  2 16:02:41 gcNGA0400.global.com ,4073158978,1,0.0.0.0/514/tcp,2b01-f2c77942,11009,gcnga0400.global.com, ,4656,ms_windows_event,security,370d8384-bb25-4458-a611-a58c66a7e065#1772,"{""id"":""370d8384-bb25-4458-a611-a58c66a7e065#1772"",""num_events"":2801,""data_type"":""passthrough"",""batch_id"":""370d8384-bb25-4458-a611-a58c66a7e065"",""batch_segment"":0,""customer_id"":""lga03"",""sequence_number"":1771,""source_type"":""json"",""target_index"":""""}",11009,s-1-5-18,gcnga0400$,{00000000-0000-0000-0000-000000000000},plugplaymanager,0x2ec,c:\windows\system32\svchost.exe,-,0x3e7,unknown specific access (bit 1)         access reasons:  -,0,plugplaysecurityobject,globalcom, , , , , , , , , , , , , , , , , , , , , , , , , , , , , 
microsoft-windows-security-auditing,success audit,process termination,gcsmq0602.global.com,127.0.0.1,MSWinEventLog	1	Security	1160119	Tue May  2 11:02:41 2017	4689	Microsoft-Windows-Security-Auditing	N/A	N/A	Success Audit	gcSMQ0602.global.com	Process Termination		A process has exited.    Subject:   Security ID:  S-1-5-80-3958276243-2739099675-334681800-2039304502-2384811254   Account Name:  semsrv   Account Domain:  NT SERVICE   Logon ID:  0x3530a    Process Information:   Process ID: 0x1930   Process Name: D:\Program Files (x86)\Symantec\Symantec Endpoint Protection Manager\bin\USNWash.exe   Exit Status: 0x40000010	1210041831,a process has exited,"auth,windows",2017-05-02T15:02:42.414Z,54131,172.21.25.20,ms_windows_event-268340335,580,<14>May  2 11:02:41 gcSMQ0602.global.com ,27946634714,0,0.0.0.0/514/tcp,2b03-681bfcdda,11011,gcsmq0602.global.com,2017-05-02T11:02:41.000Z,4689,ms_windows_event,security,370d8384-bb25-4458-a611-a58c66a7e065#1814,"{""id"":""370d8384-bb25-4458-a611-a58c66a7e065#1814"",""num_events"":2797,""data_type"":""passthrough"",""batch_id"":""370d8384-bb25-4458-a611-a58c66a7e065"",""batch_segment"":0,""customer_id"":""lga03"",""sequence_number"":1813,""source_type"":""json"",""target_index"":""""}",11011, ,semsrv, , ,0x1930,d:\program files (x86)\symantec\symantec endpoint protection manager\bin\usnwash.exe, ,0x3530a, , , ,nt, , , , , , , , , , , , , , , , , , , , , , , , , , , , , 
microsoft-windows-security-auditing,success audit,process termination,gcsmq0602.global.com,127.0.0.1,MSWinEventLog	1	Security	1160120	Tue May  2 11:02:41 2017	4689	Microsoft-Windows-Security-Auditing	N/A	N/A	Success Audit	gcSMQ0602.global.com	Process Termination		A process has exited.    Subject:   Security ID:  S-1-5-80-3958276243-2739099675-334681800-2039304502-2384811254   Account Name:  semsrv   Account Domain:  NT SERVICE   Logon ID:  0x3530a    Process Information:   Process ID: 0x11c0   Process Name: C:\Windows\System32\conhost.exe   Exit Status: 0x0	1210041832,a process has exited,"auth,windows",2017-05-02T15:02:42.414Z,54131,172.21.25.20,ms_windows_event-268340335,520,<14>May  2 11:02:41 gcSMQ0602.global.com ,27946634715,0,0.0.0.0/514/tcp,2b03-681bfcddb,11011,gcsmq0602.global.com,2017-05-02T11:02:41.000Z,4689,ms_windows_event,security,370d8384-bb25-4458-a611-a58c66a7e065#1840,"{""id"":""370d8384-bb25-4458-a611-a58c66a7e065#1840"",""num_events"":2797,""data_type"":""passthrough"",""batch_id"":""370d8384-bb25-4458-a611-a58c66a7e065"",""batch_segment"":0,""customer_id"":""lga03"",""sequence_number"":1839,""source_type"":""json"",""target_index"":""""}",11011, ,semsrv, , ,0x11c0,c:\windows\system32\conhost.exe, ,0x3530a, , , ,nt, , , , , , , , , , , , , , , , , , , , , , , , , , , , , 
microsoft-windows-security-auditing,success audit,logon,gcnyc-60-010.global.com,127.0.0.1,MSWinEventLog	1	Security	1354657	Tue May  2 11:02:41 2017	4648	Microsoft-Windows-Security-Auditing	N/A	N/A	Success Audit	gcNYC-60-010.global.com	Logon		N/A	153578637,n/a,"auth,windows",2017-05-02T15:02:42.921Z,59147,172.21.14.26,ms_windows_event-175608790,215,<14>May  2 11:02:41 gcNYC-60-010.global.com ,27946634783,0,0.0.0.0/514/tcp,2b03-681bfce1f,11011,gcnyc-60-010.global.com,2017-05-02T11:02:41.000Z,4648,ms_windows_event,security,370d8384-bb25-4458-a611-a58c66a7e065#1844,"{""id"":""370d8384-bb25-4458-a611-a58c66a7e065#1844"",""num_events"":2797,""data_type"":""passthrough"",""batch_id"":""370d8384-bb25-4458-a611-a58c66a7e065"",""batch_segment"":0,""customer_id"":""lga03"",""sequence_number"":1843,""source_type"":""json"",""target_index"":""""}",11011, , , , , , , , , , , , , , , , , , , , , , , , , , , , , , , , , , , , , , , , , 
microsoft-windows-security-auditing,success audit,kerberos service ticket operations,gcnyc-60-010.global.com,127.0.0.1,MSWinEventLog	1	Security	1354667	Tue May  2 11:02:42 2017	4769	Microsoft-Windows-Security-Auditing	N/A	N/A	Success Audit	gcNYC-60-010.global.com	Kerberos Service Ticket Operations		N/A	153578647,n/a,"auth,windows",2017-05-02T15:02:42.924Z,59147,172.21.14.26,ms_windows_event-2408821607,244,<14>May  2 11:02:42 gcNYC-60-010.global.com ,27946634793,0,0.0.0.0/514/tcp,2b03-681bfce29,11011,gcnyc-60-010.global.com,2017-05-02T11:02:42.000Z,4769,ms_windows_event,security,370d8384-bb25-4458-a611-a58c66a7e065#1846,"{""id"":""370d8384-bb25-4458-a611-a58c66a7e065#1846"",""num_events"":2797,""data_type"":""passthrough"",""batch_id"":""370d8384-bb25-4458-a611-a58c66a7e065"",""batch_segment"":0,""customer_id"":""lga03"",""sequence_number"":1845,""source_type"":""json"",""target_index"":""""}",11011, , , , , , , , , , , , , , , , , , , , , , , , , , , , , , , , , , , , , , , , , 
microsoft-windows-security-auditing,success audit,other policy change events,gcind0400.global.com,127.0.0.1,MSWinEventLog	1	Security	1535154	Tue May  2 20:30:54 2017	5447	Microsoft-Windows-Security-Auditing	N/A	N/A	Success Audit	gcIND0400.global.com	Other Policy Change Events		A Windows Filtering Platform filter has been changed.     Subject:   Security ID:  S-1-5-19   Account Name:  NT AUTHORITY\LOCAL SERVICE    Process Information:   Process ID: 1196    Provider Information:   ID:  {4B153735-1049-4480-AAB4-D1B9BDC03710}   Name:  Microsoft Corporation    Change Information:   Change Type: Add    Filter Information:   ID:  {514FB7C6-9A0C-424A-9D98-82843BD7E34A}   Name:  An inbound rule to allow tragcic to the IPv6 Dynamic Host Control Protocol Server. [UDP 547]   Type:  Not persistent   Run-Time ID: 153578    Layer Information:   ID:  {A3B42C97-9F04-4672-B87E-CEE9C483257F}   Name:  ALE Receive/Accept v6 Layer   Run-Time ID: 46    Callout Information:   ID:  {00000000-0000-0000-0000-000000000000}   Name:  -    Additional Information:   Weight: 246496763052032    Conditions:   Condition ID: {d78e1e87-8644-4ea5-9437-d809ecefc971}  Match value: Equal to  Condition value:      00000000  5c 00 64 00 65 00 76 00-69 00 63 00 65 00 5c 00  \.d.e.v.i.c.e.\.     00000010  68 00 61 00 72 00 64 00-64 00 69 00 73 00 6b 00  h.a.r.d.d.i.s.k.     00000020  76 00 6f 00 6c 00 75 00-6d 00 65 00 32 00 5c 00  v.o.l.u.m.e.2.\.     00000030  77 00 69 00 6e 00 64 00-6f 00 77 00 73 00 5c 00  w.i.n.d.o.w.s.\.     00000040  73 00 79 00 73 00 74 00-65 00 6d 00 33 00 32 00  s.y.s.t.e.m.3.2.     00000050  5c 00 73 00 76 00 63 00-68 00 6f 00 73 00 74 00  \.s.v.c.h.o.s.t.     00000060  2e 00 65 00 78 00 65 00-00 00                    ..e.x.e...    Condition ID: {af043a0a-b34d-4f86-979c-c90371af6e66}  Match value: Equal to  Condition value:  O:SYG:SYD:(A;;CCRC;;;S-1-5-80-3273805168-4048181553-3172130058-210131473-390205191)    Condition ID: {0c1ba1af-5765-453f-af22-a8f791ac775b}  Match value: Equal to  Condition value: 0x0087   Condition ID: {3971ef2b-623e-4f9a-8cb1-6e79b806b9a7}  Match value: Equal to  Condition value: 0x06    Filter Action: Permit	671456107,a windows filtering platform filter has been changed,"auth,windows",2017-05-02T15:02:42.583Z,63364,172.20.42.23,ms_windows_event-1173465555,2101,<14>May  2 20:30:54 gcIND0400.global.com ,285063379,1,0.0.0.0/514/tcp,2afe-10fdb8d3,11006,gcind0400.global.com,2017-05-02T20:30:54.000Z,5447,ms_windows_event,security,370d8384-bb25-4458-a611-a58c66a7e065#1852,"{""id"":""370d8384-bb25-4458-a611-a58c66a7e065#1852"",""num_events"":2797,""data_type"":""passthrough"",""batch_id"":""370d8384-bb25-4458-a611-a58c66a7e065"",""batch_segment"":0,""customer_id"":""lga03"",""sequence_number"":1851,""source_type"":""json"",""target_index"":""""}",11006,s-1-5-19,nt authority\local service  , , ,1196, , , , , , , , , , , , , , , , , , , , , , , , , , , , ,"""246496763052032""",microsoft corporation,permit, , , , , 
microsoft-windows-security-auditing,success audit,logon,gcsmq0601.global.com,127.0.0.1,"MSWinEventLog	1	Security	3425081	Tue May  2 11:02:40 2017	4624	Microsoft-Windows-Security-Auditing	N/A	N/A	Success Audit	gcsmq0601.global.com	Logon		An account was successfully logged on.    Subject:   Security ID:  S-1-0-0   Account Name:  -   Account Domain:  -   Logon ID:  0x0    Logon Type:   3    New Logon:   Security ID:  S-1-5-21-2029550947-1910908428-336986018-38176   Account Name:  COLLT5533$   Account Domain:  globalcom   Logon ID:  0x1b5f4b0c   Logon GUID:  {6DD68137-D84E-407F-3EED-7C9BF561990E}    Process Information:   Process ID:  0x0   Process Name:  -    Network Information:   Workstation Name:    Source Network Address: 172.21.215.133   Source Port:  50905    Detailed Authentication Information:   Logon Process:  Kerberos   Authentication Package: Kerberos   Transited Services: -   Package Name (NTLM only): -   Key Length:  0    This event is generated when a logon session is created. It is generated on the computer that was accessed.    The subject fields indicate the account on the local system which requested the logon. This is most commonly a service such as the Server service, or a local process such as Winlogon.exe or Services.exe.    The logon type field indicates the kind of logon that occurred. The most common types are 2 (interactive) and 3 (network).    The New Logon fields indicate the account for whom the new logon was created, i.e. the account that was logged on.    The network fields indicate where a remote logon request originated. Workstation name is not always available and may be left blank in some cases.    The authentication information fields provide detailed information about this specific logon request.   - Logon GUID is a unique identifier that can be used to correlate this event with a KDC event.   - Transited services indicate which intermediate services have participated in this logon request.   - Package name indicates which sub-protocol was used among the NTLM protocols.   - Key length indicates the length of the generated session key. This will be 0 if no session key was requested.	1445129972",an account was successfully logged on,"auth,windows",2017-05-02T15:02:41.411Z,49941,172.21.19.25,ms_windows_event-3795724934,2127,<14>May  2 11:02:40 gcsmq0601.global.com ,27946633799,0,0.0.0.0/514/tcp,2b03-681bfca47,11011,gcsmq0601.global.com,2017-05-02T11:02:40.000Z,4624,ms_windows_event,security,370d8384-bb25-4458-a611-a58c66a7e065#1908,"{""id"":""370d8384-bb25-4458-a611-a58c66a7e065#1908"",""num_events"":2775,""data_type"":""passthrough"",""batch_id"":""370d8384-bb25-4458-a611-a58c66a7e065"",""batch_segment"":0,""customer_id"":""lga03"",""sequence_number"":1907,""source_type"":""json"",""target_index"":""""}",11011,s-1-5-21-2029550947-1910908428-336986018-38176,collt5533$, , ,0x0,-, ,0x1b5f4b0c, , , ,globalcom, ,50905,172.21.215.133, , ,private ip address lan,rsv,3,this event is generated when a logon session is created, ,,kerberos,"[""1.1.1521""]", , , , , , , , , , , , , , , , 
microsoft-windows-security-auditing,success audit,logon,gcnyc-60-010.global.com,127.0.0.1,MSWinEventLog	1	Security	1354658	Tue May  2 11:02:41 2017	4624	Microsoft-Windows-Security-Auditing	N/A	N/A	Success Audit	gcNYC-60-010.global.com	Logon		N/A	153578638,n/a,"auth,windows",2017-05-02T15:02:42.922Z,59147,172.21.14.26,ms_windows_event-796723568,215,<14>May  2 11:02:41 gcNYC-60-010.global.com ,27946634784,0,0.0.0.0/514/tcp,2b03-681bfce20,11011,gcnyc-60-010.global.com,2017-05-02T11:02:41.000Z,4624,ms_windows_event,security,370d8384-bb25-4458-a611-a58c66a7e065#1923,"{""id"":""370d8384-bb25-4458-a611-a58c66a7e065#1923"",""num_events"":2775,""data_type"":""passthrough"",""batch_id"":""370d8384-bb25-4458-a611-a58c66a7e065"",""batch_segment"":0,""customer_id"":""lga03"",""sequence_number"":1922,""source_type"":""json"",""target_index"":""""}",11011, , , , , , , , , , , , , , , , , , , , , , , , , , , , , , , , , , , , , , , , , 
microsoft-windows-security-auditing,success audit,logogc,gcnyc-60-010.global.com,127.0.0.1,MSWinEventLog	1	Security	1354661	Tue May  2 11:02:41 2017	4634	Microsoft-Windows-Security-Auditing	N/A	N/A	Success Audit	gcNYC-60-010.global.com	Logogc		N/A	153578641,n/a,"auth,windows",2017-05-02T15:02:42.922Z,59147,172.21.14.26,ms_windows_event-1377334112,216,<14>May  2 11:02:41 gcNYC-60-010.global.com ,27946634787,0,0.0.0.0/514/tcp,2b03-681bfce23,11011,gcnyc-60-010.global.com,2017-05-02T11:02:41.000Z,4634,ms_windows_event,security,370d8384-bb25-4458-a611-a58c66a7e065#1924,"{""id"":""370d8384-bb25-4458-a611-a58c66a7e065#1924"",""num_events"":2775,""data_type"":""passthrough"",""batch_id"":""370d8384-bb25-4458-a611-a58c66a7e065"",""batch_segment"":0,""customer_id"":""lga03"",""sequence_number"":1923,""source_type"":""json"",""target_index"":""""}",11011, , , , , , , , , , , , , , , , , , , , , , , , , , , , , , , , , , , , , , , , , 
microsoft-windows-security-auditing,success audit,kerberos service ticket operations,gcnyc-60-010.global.com,127.0.0.1,MSWinEventLog	1	Security	1354665	Tue May  2 11:02:41 2017	4769	Microsoft-Windows-Security-Auditing	N/A	N/A	Success Audit	gcNYC-60-010.global.com	Kerberos Service Ticket Operations		N/A	153578645,n/a,"auth,windows",2017-05-02T15:02:42.924Z,59147,172.21.14.26,ms_windows_event-2408821607,244,<14>May  2 11:02:41 gcNYC-60-010.global.com ,27946634791,0,0.0.0.0/514/tcp,2b03-681bfce27,11011,gcnyc-60-010.global.com,2017-05-02T11:02:41.000Z,4769,ms_windows_event,security,370d8384-bb25-4458-a611-a58c66a7e065#1925,"{""id"":""370d8384-bb25-4458-a611-a58c66a7e065#1925"",""num_events"":2775,""data_type"":""passthrough"",""batch_id"":""370d8384-bb25-4458-a611-a58c66a7e065"",""batch_segment"":0,""customer_id"":""lga03"",""sequence_number"":1924,""source_type"":""json"",""target_index"":""""}",11011, , , , , , , , , , , , , , , , , , , , , , , , , , , , , , , , , , , , , , , , , 
