microsoft-windows-security-auditing,success audit,logon,gcsmq0020.global.com,127.0.0.1,MSWinEventLog	1	Security	472288	Tue May  2 11:02:44 2017	4624	Microsoft-Windows-Security-Auditing	N/A	N/A	Success Audit	gcSMQ0020.global.com	Logon		N/A	64136858,n/a,"auth,windows",2017-05-02T15:02:45.692Z,60856,172.21.220.20,ms_windows_event-796723568,207,<14>May  2 11:02:44 gcSMQ0020.global.com ,27946635606,0,0.0.0.0/514/tcp,2b03-681bfd156,11011,gcsmq0020.global.com,2017-05-02T11:02:44.000Z,4624,ms_windows_event,security,9b86e025-c25e-4888-8e5f-1476e850455a#2227,"{""id"":""9b86e025-c25e-4888-8e5f-1476e850455a#2227"",""num_events"":2693,""data_type"":""passthrough"",""batch_id"":""9b86e025-c25e-4888-8e5f-1476e850455a"",""batch_segment"":0,""customer_id"":""lga03"",""sequence_number"":2226,""source_type"":""json"",""target_index"":""""}",11011, , , , , , , , , , , , , , , , , , , , , , , , , , , , , , , , , , , , , , , , , 
microsoft-windows-security-auditing,success audit,logon,gcnyc-60-010.global.com,127.0.0.1,MSWinEventLog	1	Security	1354704	Tue May  2 11:02:44 2017	4624	Microsoft-Windows-Security-Auditing	N/A	N/A	Success Audit	gcNYC-60-010.global.com	Logon		N/A	153578684,n/a,"auth,windows",2017-05-02T15:02:45.919Z,59147,172.21.14.26,ms_windows_event-796723568,215,<14>May  2 11:02:44 gcNYC-60-010.global.com ,27946635623,0,0.0.0.0/514/tcp,2b03-681bfd167,11011,gcnyc-60-010.global.com,2017-05-02T11:02:44.000Z,4624,ms_windows_event,security,9b86e025-c25e-4888-8e5f-1476e850455a#2231,"{""id"":""9b86e025-c25e-4888-8e5f-1476e850455a#2231"",""num_events"":2693,""data_type"":""passthrough"",""batch_id"":""9b86e025-c25e-4888-8e5f-1476e850455a"",""batch_segment"":0,""customer_id"":""lga03"",""sequence_number"":2230,""source_type"":""json"",""target_index"":""""}",11011, , , , , , , , , , , , , , , , , , , , , , , , , , , , , , , , , , , , , , , , , 
microsoft-windows-security-auditing,success audit,logogc,gcbrw0000.global.com,127.0.0.1,MSWinEventLog	1	Security	796385	Tue May  2 11:02:46 2017	4634	Microsoft-Windows-Security-Auditing	N/A	N/A	Success Audit	gcBRW0000.global.com	Logogc		An account was logged ogc.    Subject:   Security ID:  S-1-5-21-2029550947-1910908428-336986018-33780   Account Name:  NYCLT5179$   Account Domain:  globalcom   Logon ID:  0x9F80Bgc    Logon Type:   3    This event is generated when a logon session is destroyed. It may be positively correlated with a logon event using the Logon ID value. Logon IDs are only unique between reboots on the same computer.	64591094,an account was logged ogc,"auth,windows",2017-05-02T15:04:44.834Z,54837,172.24.19.20,ms_windows_event-3012490973,613,<14>May  2 11:02:46 gcBRW0000.global.com ,3969019446,1,0.0.0.0/514/tcp,2b04-ec926e36,11012,gcbrw0000.global.com,2017-05-02T11:02:46.000Z,4634,ms_windows_event,security,9b86e025-c25e-4888-8e5f-1476e850455a#2375,"{""id"":""9b86e025-c25e-4888-8e5f-1476e850455a#2375"",""num_events"":2650,""data_type"":""passthrough"",""batch_id"":""9b86e025-c25e-4888-8e5f-1476e850455a"",""batch_segment"":0,""customer_id"":""lga03"",""sequence_number"":2374,""source_type"":""json"",""target_index"":""""}",11012,s-1-5-21-2029550947-1910908428-336986018-33780,nyclt5179$, , , , , ,0x9f80bgc, , , ,globalcom, , , , , , , ,3,this event is generated when a logon session is destroyed, , , , , , , , , , , , , , , , , , , , 
microsoft-windows-security-auditing,success audit,filtering platform connection,gcmex0400.global.com,127.0.0.1,MSWinEventLog	1	Security	773441	Tue May  2 10:02:45 2017	5156	Microsoft-Windows-Security-Auditing	N/A	N/A	Success Audit	gcMEX0400.global.com	Filtering Platform Connection		The Windows Filtering Platform has permitted a connection.    Application Information:   Process ID:  1140   Application Name: \device\harddiskvolume2\windows\system32\svchost.exe    Network Information:   Direction:  Inbound   Source Address:  224.0.0.252   Source Port:  5355   Destination Address: 172.20.32.149   Destination Port:  62762   Protocol:  17    Filter Information:   Filter Run-Time ID: 0   Layer Name:  Receive/Accept   Layer Run-Time ID: 44	376831486,the windows filtering platform has permitted a connection,"auth,windows",2017-05-02T15:02:46.324Z,64651,172.20.32.23,ms_windows_event-820008369,687,<14>May  2 10:02:45 gcMEX0400.global.com ,2661098550,1,0.0.0.0/514/tcp,2b00-9e9d2436,11008,gcmex0400.global.com, ,5156,ms_windows_event,security,9b86e025-c25e-4888-8e5f-1476e850455a#2413,"{""id"":""9b86e025-c25e-4888-8e5f-1476e850455a#2413"",""num_events"":2650,""data_type"":""passthrough"",""batch_id"":""9b86e025-c25e-4888-8e5f-1476e850455a"",""batch_segment"":0,""customer_id"":""lga03"",""sequence_number"":2412,""source_type"":""json"",""target_index"":""""}",11008, , , , ,1140, , , , , , , , ,5355,224.0.0.252,17,\device\harddiskvolume2\windows\system32\svchost.exe,multicast,rsv, , , , , , , , , ,62762,172.20.32.149,inbound,private ip address lan,rsv, , , , , , , , 
microsoft-windows-security-auditing,success audit,authorization policy change,gcsmq0031.global.com,127.0.0.1,MSWinEventLog	1	Security	587194	Tue May  2 11:02:44 2017	4670	Microsoft-Windows-Security-Auditing	N/A	N/A	Success Audit	gcSMQ0031.global.com	Authorization Policy Change		N/A	438204100,n/a,"auth,windows",2017-05-02T15:02:46.086Z,58973,172.21.19.131,ms_windows_event-2089246324,230,<14>May  2 11:02:44 gcSMQ0031.global.com ,27946635649,0,0.0.0.0/514/tcp,2b03-681bfd181,11011,gcsmq0031.global.com,2017-05-02T11:02:44.000Z,4670,ms_windows_event,security,9b86e025-c25e-4888-8e5f-1476e850455a#2415,"{""id"":""9b86e025-c25e-4888-8e5f-1476e850455a#2415"",""num_events"":2650,""data_type"":""passthrough"",""batch_id"":""9b86e025-c25e-4888-8e5f-1476e850455a"",""batch_segment"":0,""customer_id"":""lga03"",""sequence_number"":2414,""source_type"":""json"",""target_index"":""""}",11011, , , , , , , , , , , , , , , , , , , , , , , , , , , , , , , , , , , , , , , , , 
microsoft-windows-security-auditing,success audit,logogc,gcsmq0002.global.com,127.0.0.1,MSWinEventLog	1	Security	2131949	Tue May  2 11:02:45 2017	4634	Microsoft-Windows-Security-Auditing	N/A	N/A	Success Audit	gcSMQ0002.global.com	Logogc		N/A	304321501,n/a,"auth,windows",2017-05-02T15:02:46.391Z,50165,172.21.14.21,ms_windows_event-1377334112,210,<14>May  2 11:02:45 gcSMQ0002.global.com ,27946635696,0,0.0.0.0/514/tcp,2b03-681bfd1b0,11011,gcsmq0002.global.com,2017-05-02T11:02:45.000Z,4634,ms_windows_event,security,9b86e025-c25e-4888-8e5f-1476e850455a#2417,"{""id"":""9b86e025-c25e-4888-8e5f-1476e850455a#2417"",""num_events"":2650,""data_type"":""passthrough"",""batch_id"":""9b86e025-c25e-4888-8e5f-1476e850455a"",""batch_segment"":0,""customer_id"":""lga03"",""sequence_number"":2416,""source_type"":""json"",""target_index"":""""}",11011, , , , , , , , , , , , , , , , , , , , , , , , , , , , , , , , , , , , , , , , , 
microsoft-windows-security-auditing,success audit,logon,gcbrw0000.global.com,127.0.0.1,"MSWinEventLog	1	Security	796341	Tue May  2 11:02:45 2017	4624	Microsoft-Windows-Security-Auditing	N/A	N/A	Success Audit	gcBRW0000.global.com	Logon		An account was successfully logged on.    Subject:   Security ID:  S-1-0-0   Account Name:  -   Account Domain:  -   Logon ID:  0x0    Logon Type:   3    Impersonation Level:  Impersonation    New Logon:   Security ID:  S-1-5-21-2029550947-1910908428-336986018-40897   Account Name:  l.moshirzadeh   Account Domain:  globalcom   Logon ID:  0x9F83586   Logon GUID:  {903D8FC7-AE51-D9D9-F119-B74DA8075829}    Process Information:   Process ID:  0x0   Process Name:  -    Network Information:   Workstation Name:    Source Network Address: 172.24.33.5   Source Port:  52020    Detailed Authentication Information:   Logon Process:  Kerberos   Authentication Package: Kerberos   Transited Services: -   Package Name (NTLM only): -   Key Length:  0    This event is generated when a logon session is created. It is generated on the computer that was accessed.    The subject fields indicate the account on the local system which requested the logon. This is most commonly a service such as the Server service, or a local process such as Winlogon.exe or Services.exe.    The logon type field indicates the kind of logon that occurred. The most common types are 2 (interactive) and 3 (network).    The New Logon fields indicate the account for whom the new logon was created, i.e. the account that was logged on.    The network fields indicate where a remote logon request originated. Workstation name is not always available and may be left blank in some cases.    The impersonation level field indicates the extent to which a process in the logon session can impersonate.    The authentication information fields provide detailed information about this specific logon request.   - Logon GUID is a unique identifier that can be used to correlate this event with a KDC event.   - Transited services indicate which intermediate services have participated in this logon request.   - Package name indicates which sub-protocol was used among the NTLM protocols.   - Key length indicates the length of the generated session key. This will be 0 if no session key was requested.	64591050",an account was successfully logged on,"auth,windows",2017-05-02T15:04:43.827Z,54837,172.24.19.20,ms_windows_event-3795724934,2273,<14>May  2 11:02:45 gcBRW0000.global.com ,3969018779,1,0.0.0.0/514/tcp,2b04-ec926b9b,11012,gcbrw0000.global.com,2017-05-02T11:02:45.000Z,4624,ms_windows_event,security,9b86e025-c25e-4888-8e5f-1476e850455a#2445,"{""id"":""9b86e025-c25e-4888-8e5f-1476e850455a#2445"",""num_events"":2650,""data_type"":""passthrough"",""batch_id"":""9b86e025-c25e-4888-8e5f-1476e850455a"",""batch_segment"":0,""customer_id"":""lga03"",""sequence_number"":2444,""source_type"":""json"",""target_index"":""""}",11012,s-1-5-21-2029550947-1910908428-336986018-40897,l.moshirzadeh, , ,0x0,-, ,0x9f83586, , , ,globalcom, ,52020,172.24.33.5, , ,private ip address lan,rsv,3,this event is generated when a logon session is created, ,,kerberos,"[""1.1.1521"",""1.1.1552""]", , , , , , , , , , , , , , , , 
microsoft-windows-security-auditing,success audit,logon,gcsmq0002.global.com,127.0.0.1,MSWinEventLog	1	Security	2131971	Tue May  2 11:02:46 2017	4624	Microsoft-Windows-Security-Auditing	N/A	N/A	Success Audit	gcSMQ0002.global.com	Logon		N/A	304321523,n/a,"auth,windows",2017-05-02T15:02:47.406Z,50165,172.21.14.21,ms_windows_event-796723568,209,<14>May  2 11:02:46 gcSMQ0002.global.com ,27946635840,0,0.0.0.0/514/tcp,2b03-681bfd240,11011,gcsmq0002.global.com,2017-05-02T11:02:46.000Z,4624,ms_windows_event,security,9b86e025-c25e-4888-8e5f-1476e850455a#2611,"{""id"":""9b86e025-c25e-4888-8e5f-1476e850455a#2611"",""num_events"":2633,""data_type"":""passthrough"",""batch_id"":""9b86e025-c25e-4888-8e5f-1476e850455a"",""batch_segment"":0,""customer_id"":""lga03"",""sequence_number"":2610,""source_type"":""json"",""target_index"":""""}",11011, , , , , , , , , , , , , , , , , , , , , , , , , , , , , , , , , , , , , , , , , 
microsoft-windows-security-auditing,success audit,logon,gcsmq0002.global.com,127.0.0.1,MSWinEventLog	1	Security	2131975	Tue May  2 11:02:46 2017	4624	Microsoft-Windows-Security-Auditing	N/A	N/A	Success Audit	gcSMQ0002.global.com	Logon		N/A	304321527,n/a,"auth,windows",2017-05-02T15:02:47.408Z,50165,172.21.14.21,ms_windows_event-796723568,209,<14>May  2 11:02:46 gcSMQ0002.global.com ,27946635844,0,0.0.0.0/514/tcp,2b03-681bfd244,11011,gcsmq0002.global.com,2017-05-02T11:02:46.000Z,4624,ms_windows_event,security,9b86e025-c25e-4888-8e5f-1476e850455a#2612,"{""id"":""9b86e025-c25e-4888-8e5f-1476e850455a#2612"",""num_events"":2633,""data_type"":""passthrough"",""batch_id"":""9b86e025-c25e-4888-8e5f-1476e850455a"",""batch_segment"":0,""customer_id"":""lga03"",""sequence_number"":2611,""source_type"":""json"",""target_index"":""""}",11011, , , , , , , , , , , , , , , , , , , , , , , , , , , , , , , , , , , , , , , , , 
microsoft-windows-security-auditing,success audit,logogc,gcsmq0002.global.com,127.0.0.1,MSWinEventLog	1	Security	2131983	Tue May  2 11:02:46 2017	4634	Microsoft-Windows-Security-Auditing	N/A	N/A	Success Audit	gcSMQ0002.global.com	Logogc		N/A	304321535,n/a,"auth,windows",2017-05-02T15:02:47.412Z,50165,172.21.14.21,ms_windows_event-1377334112,210,<14>May  2 11:02:46 gcSMQ0002.global.com ,27946635852,0,0.0.0.0/514/tcp,2b03-681bfd24c,11011,gcsmq0002.global.com,2017-05-02T11:02:46.000Z,4634,ms_windows_event,security,9b86e025-c25e-4888-8e5f-1476e850455a#2614,"{""id"":""9b86e025-c25e-4888-8e5f-1476e850455a#2614"",""num_events"":2633,""data_type"":""passthrough"",""batch_id"":""9b86e025-c25e-4888-8e5f-1476e850455a"",""batch_segment"":0,""customer_id"":""lga03"",""sequence_number"":2613,""source_type"":""json"",""target_index"":""""}",11011, , , , , , , , , , , , , , , , , , , , , , , , , , , , , , , , , , , , , , , , , 
microsoft-windows-security-auditing,success audit,logogc,gcsmq0002.global.com,127.0.0.1,MSWinEventLog	1	Security	2131987	Tue May  2 11:02:46 2017	4634	Microsoft-Windows-Security-Auditing	N/A	N/A	Success Audit	gcSMQ0002.global.com	Logogc		N/A	304321539,n/a,"auth,windows",2017-05-02T15:02:47.414Z,50165,172.21.14.21,ms_windows_event-1377334112,210,<14>May  2 11:02:46 gcSMQ0002.global.com ,27946635856,0,0.0.0.0/514/tcp,2b03-681bfd250,11011,gcsmq0002.global.com,2017-05-02T11:02:46.000Z,4634,ms_windows_event,security,9b86e025-c25e-4888-8e5f-1476e850455a#2615,"{""id"":""9b86e025-c25e-4888-8e5f-1476e850455a#2615"",""num_events"":2633,""data_type"":""passthrough"",""batch_id"":""9b86e025-c25e-4888-8e5f-1476e850455a"",""batch_segment"":0,""customer_id"":""lga03"",""sequence_number"":2614,""source_type"":""json"",""target_index"":""""}",11011, , , , , , , , , , , , , , , , , , , , , , , , , , , , , , , , , , , , , , , , , 
microsoft-windows-security-auditing,success audit,logogc,gcsmq0601.global.com,127.0.0.1,MSWinEventLog	1	Security	3425313	Tue May  2 11:02:46 2017	4634	Microsoft-Windows-Security-Auditing	N/A	N/A	Success Audit	gcsmq0601.global.com	Logogc		An account was logged ogc.    Subject:   Security ID:  S-1-5-21-2029550947-1910908428-336986018-40865   Account Name:  ADM_Jerez   Account Domain:  globalcom   Logon ID:  0x1b5f0cad    Logon Type:   3    This event is generated when a logon session is destroyed. It may be positively correlated with a logon event using the Logon ID value. Logon IDs are only unique between reboots on the same computer.	1445130204,an account was logged ogc,"auth,windows",2017-05-02T15:02:47.577Z,49941,172.21.19.25,ms_windows_event-3012490973,616,<14>May  2 11:02:46 gcsmq0601.global.com ,27946635881,0,0.0.0.0/514/tcp,2b03-681bfd269,11011,gcsmq0601.global.com,2017-05-02T11:02:46.000Z,4634,ms_windows_event,security,9b86e025-c25e-4888-8e5f-1476e850455a#2616,"{""id"":""9b86e025-c25e-4888-8e5f-1476e850455a#2616"",""num_events"":2633,""data_type"":""passthrough"",""batch_id"":""9b86e025-c25e-4888-8e5f-1476e850455a"",""batch_segment"":0,""customer_id"":""lga03"",""sequence_number"":2615,""source_type"":""json"",""target_index"":""""}",11011,s-1-5-21-2029550947-1910908428-336986018-40865,adm_jerez, , , , , ,0x1b5f0cad, , , ,globalcom, , , , , , , ,3,this event is generated when a logon session is destroyed, , , , , , , , , , , , , , , , , , , , 
microsoft-windows-security-auditing,success audit,logogc,gcsmq0601.global.com,127.0.0.1,MSWinEventLog	1	Security	3425312	Tue May  2 11:02:46 2017	4634	Microsoft-Windows-Security-Auditing	N/A	N/A	Success Audit	gcsmq0601.global.com	Logogc		An account was logged ogc.    Subject:   Security ID:  S-1-5-21-2029550947-1910908428-336986018-38176   Account Name:  COLLT5533$   Account Domain:  globalcom   Logon ID:  0x1b5f905f    Logon Type:   3    This event is generated when a logon session is destroyed. It may be positively correlated with a logon event using the Logon ID value. Logon IDs are only unique between reboots on the same computer.	1445130203,an account was logged ogc,"auth,windows",2017-05-02T15:02:47.577Z,49941,172.21.19.25,ms_windows_event-3012490973,617,<14>May  2 11:02:46 gcsmq0601.global.com ,27946635880,0,0.0.0.0/514/tcp,2b03-681bfd268,11011,gcsmq0601.global.com,2017-05-02T11:02:46.000Z,4634,ms_windows_event,security,9b86e025-c25e-4888-8e5f-1476e850455a#2634,"{""id"":""9b86e025-c25e-4888-8e5f-1476e850455a#2634"",""num_events"":2633,""data_type"":""passthrough"",""batch_id"":""9b86e025-c25e-4888-8e5f-1476e850455a"",""batch_segment"":0,""customer_id"":""lga03"",""sequence_number"":2633,""source_type"":""json"",""target_index"":""""}",11011,s-1-5-21-2029550947-1910908428-336986018-38176,collt5533$, , , , , ,0x1b5f905f, , , ,globalcom, , , , , , , ,3,this event is generated when a logon session is destroyed, , , , , , , , , , , , , , , , , , , , 
microsoft-windows-security-auditing,success audit,logogc,gcsmq0000.global.com,127.0.0.1,MSWinEventLog	1	Security	1629973	Tue May  2 11:02:45 2017	4634	Microsoft-Windows-Security-Auditing	N/A	N/A	Success Audit	gcSMQ0000.global.com	Logogc		N/A	186395062,n/a,"auth,windows",2017-05-02T15:02:47.615Z,51131,172.21.14.20,ms_windows_event-1377334112,210,<14>May  2 11:02:45 gcSMQ0000.global.com ,27946635887,0,0.0.0.0/514/tcp,2b03-681bfd26f,11011,gcsmq0000.global.com,2017-05-02T11:02:45.000Z,4634,ms_windows_event,security,9b86e025-c25e-4888-8e5f-1476e850455a#2636,"{""id"":""9b86e025-c25e-4888-8e5f-1476e850455a#2636"",""num_events"":2633,""data_type"":""passthrough"",""batch_id"":""9b86e025-c25e-4888-8e5f-1476e850455a"",""batch_segment"":0,""customer_id"":""lga03"",""sequence_number"":2635,""source_type"":""json"",""target_index"":""""}",11011, , , , , , , , , , , , , , , , , , , , , , , , , , , , , , , , , , , , , , , , , 
microsoft-windows-security-auditing,success audit,logon,gcsmq0020.global.com,127.0.0.1,MSWinEventLog	1	Security	472290	Tue May  2 11:02:46 2017	4624	Microsoft-Windows-Security-Auditing	N/A	N/A	Success Audit	gcSMQ0020.global.com	Logon		N/A	64136860,n/a,"auth,windows",2017-05-02T15:02:47.693Z,60856,172.21.220.20,ms_windows_event-796723568,207,<14>May  2 11:02:46 gcSMQ0020.global.com ,27946635895,0,0.0.0.0/514/tcp,2b03-681bfd277,11011,gcsmq0020.global.com,2017-05-02T11:02:46.000Z,4624,ms_windows_event,security,9b86e025-c25e-4888-8e5f-1476e850455a#2638,"{""id"":""9b86e025-c25e-4888-8e5f-1476e850455a#2638"",""num_events"":2633,""data_type"":""passthrough"",""batch_id"":""9b86e025-c25e-4888-8e5f-1476e850455a"",""batch_segment"":0,""customer_id"":""lga03"",""sequence_number"":2637,""source_type"":""json"",""target_index"":""""}",11011, , , , , , , , , , , , , , , , , , , , , , , , , , , , , , , , , , , , , , , , , 
microsoft-windows-security-auditing,success audit,other object access events,gcchn0400.global.com,127.0.0.1,MSWinEventLog	1	Security	2487513	Tue May  2 23:03:25 2017	4656	Microsoft-Windows-Security-Auditing	N/A	N/A	Success Audit	gcCHN0400.global.com	Other Object Access Events		A handle to an object was requested.    Subject:   Security ID:  S-1-5-18   Account Name:  gcCHN0400$   Account Domain:  globalcom   Logon ID:  0x3e7    Object:   Object Server:  PlugPlayManager   Object Type:  Security   Object Name:  PlugPlaySecurityObject   Handle ID:  0x0    Process Information:   Process ID:  0x2d0   Process Name:  C:\Windows\System32\svchost.exe    Access Request Information:   Transaction ID:  {00000000-0000-0000-0000-000000000000}   Accesses:  Unknown specific access (bit 1)         Access Reasons:  -   Access Mask:  0x2   Privileges Used for Access Check: -   Restricted SID Count: 0	251461592,a handle to an object was requested,"auth,windows",2017-05-02T15:02:42.119Z,49348,172.20.38.23,ms_windows_event-1655484026,847,<14>May  2 23:03:25 gcCHN0400.global.com ,106197269,1,0.0.0.0/514/tcp,2afb-6547115,11003,gcchn0400.global.com, ,4656,ms_windows_event,security,9b86e025-c25e-4888-8e5f-1476e850455a#2689,"{""id"":""9b86e025-c25e-4888-8e5f-1476e850455a#2689"",""num_events"":2633,""data_type"":""passthrough"",""batch_id"":""9b86e025-c25e-4888-8e5f-1476e850455a"",""batch_segment"":0,""customer_id"":""lga03"",""sequence_number"":2688,""source_type"":""json"",""target_index"":""""}",11003,s-1-5-18,gcchn0400$,{00000000-0000-0000-0000-000000000000},plugplaymanager,0x2d0,c:\windows\system32\svchost.exe,-,0x3e7,unknown specific access (bit 1)         access reasons:  -,0,plugplaysecurityobject,globalcom, , , , , , , , , , , , , , , , , , , , , , , , , , , , , 
microsoft-windows-security-auditing,success audit,other object access events,gcchn0400.global.com,127.0.0.1,MSWinEventLog	1	Security	2487558	Tue May  2 23:03:25 2017	4656	Microsoft-Windows-Security-Auditing	N/A	N/A	Success Audit	gcCHN0400.global.com	Other Object Access Events		A handle to an object was requested.    Subject:   Security ID:  S-1-5-18   Account Name:  gcCHN0400$   Account Domain:  globalcom   Logon ID:  0x3e7    Object:   Object Server:  PlugPlayManager   Object Type:  Security   Object Name:  PlugPlaySecurityObject   Handle ID:  0x0    Process Information:   Process ID:  0x2d0   Process Name:  C:\Windows\System32\svchost.exe    Access Request Information:   Transaction ID:  {00000000-0000-0000-0000-000000000000}   Accesses:  Unknown specific access (bit 1)         Access Reasons:  -   Access Mask:  0x2   Privileges Used for Access Check: -   Restricted SID Count: 0	251461637,a handle to an object was requested,"auth,windows",2017-05-02T15:02:42.149Z,49348,172.20.38.23,ms_windows_event-1655484026,847,<14>May  2 23:03:25 gcCHN0400.global.com ,106197314,1,0.0.0.0/514/tcp,2afb-6547142,11003,gcchn0400.global.com, ,4656,ms_windows_event,security,9b86e025-c25e-4888-8e5f-1476e850455a#2695,"{""id"":""9b86e025-c25e-4888-8e5f-1476e850455a#2695"",""num_events"":2633,""data_type"":""passthrough"",""batch_id"":""9b86e025-c25e-4888-8e5f-1476e850455a"",""batch_segment"":0,""customer_id"":""lga03"",""sequence_number"":2694,""source_type"":""json"",""target_index"":""""}",11003,s-1-5-18,gcchn0400$,{00000000-0000-0000-0000-000000000000},plugplaymanager,0x2d0,c:\windows\system32\svchost.exe,-,0x3e7,unknown specific access (bit 1)         access reasons:  -,0,plugplaysecurityobject,globalcom, , , , , , , , , , , , , , , , , , , , , , , , , , , , , 
microsoft-windows-security-auditing,success audit,other object access events,gcnga0400.global.com,127.0.0.1,MSWinEventLog	1	Security	995041	Tue May  2 16:02:41 2017	4656	Microsoft-Windows-Security-Auditing	N/A	N/A	Success Audit	gcNGA0400.global.com	Other Object Access Events		A handle to an object was requested.    Subject:   Security ID:  S-1-5-18   Account Name:  gcNGA0400$   Account Domain:  globalcom   Logon ID:  0x3e7    Object:   Object Server:  PlugPlayManager   Object Type:  Security   Object Name:  PlugPlaySecurityObject   Handle ID:  0x0    Process Information:   Process ID:  0x2ec   Process Name:  C:\Windows\System32\svchost.exe    Access Request Information:   Transaction ID:  {00000000-0000-0000-0000-000000000000}   Accesses:  Unknown specific access (bit 1)         Access Reasons:  -   Access Mask:  0x2   Privileges Used for Access Check: -   Restricted SID Count: 0	189124621,a handle to an object was requested,"auth,windows",2017-05-02T15:02:42.054Z,52104,172.20.48.23,ms_windows_event-1655484026,846,<14>May  2 16:02:41 gcNGA0400.global.com ,4073158948,1,0.0.0.0/514/tcp,2b01-f2c77924,11009,gcnga0400.global.com, ,4656,ms_windows_event,security,9b86e025-c25e-4888-8e5f-1476e850455a#2723,"{""id"":""9b86e025-c25e-4888-8e5f-1476e850455a#2723"",""num_events"":2633,""data_type"":""passthrough"",""batch_id"":""9b86e025-c25e-4888-8e5f-1476e850455a"",""batch_segment"":0,""customer_id"":""lga03"",""sequence_number"":2722,""source_type"":""json"",""target_index"":""""}",11009,s-1-5-18,gcnga0400$,{00000000-0000-0000-0000-000000000000},plugplaymanager,0x2ec,c:\windows\system32\svchost.exe,-,0x3e7,unknown specific access (bit 1)         access reasons:  -,0,plugplaysecurityobject,globalcom, , , , , , , , , , , , , , , , , , , , , , , , , , , , , 
microsoft-windows-security-auditing,success audit,other object access events,gcnga0400.global.com,127.0.0.1,MSWinEventLog	1	Security	995047	Tue May  2 16:02:41 2017	4656	Microsoft-Windows-Security-Auditing	N/A	N/A	Success Audit	gcNGA0400.global.com	Other Object Access Events		A handle to an object was requested.    Subject:   Security ID:  S-1-5-18   Account Name:  gcNGA0400$   Account Domain:  globalcom   Logon ID:  0x3e7    Object:   Object Server:  PlugPlayManager   Object Type:  Security   Object Name:  PlugPlaySecurityObject   Handle ID:  0x0    Process Information:   Process ID:  0x2ec   Process Name:  C:\Windows\System32\svchost.exe    Access Request Information:   Transaction ID:  {00000000-0000-0000-0000-000000000000}   Accesses:  Unknown specific access (bit 1)         Access Reasons:  -   Access Mask:  0x2   Privileges Used for Access Check: -   Restricted SID Count: 0	189124627,a handle to an object was requested,"auth,windows",2017-05-02T15:02:42.058Z,52104,172.20.48.23,ms_windows_event-1655484026,846,<14>May  2 16:02:41 gcNGA0400.global.com ,4073158954,1,0.0.0.0/514/tcp,2b01-f2c7792a,11009,gcnga0400.global.com, ,4656,ms_windows_event,security,9b86e025-c25e-4888-8e5f-1476e850455a#2724,"{""id"":""9b86e025-c25e-4888-8e5f-1476e850455a#2724"",""num_events"":2633,""data_type"":""passthrough"",""batch_id"":""9b86e025-c25e-4888-8e5f-1476e850455a"",""batch_segment"":0,""customer_id"":""lga03"",""sequence_number"":2723,""source_type"":""json"",""target_index"":""""}",11009,s-1-5-18,gcnga0400$,{00000000-0000-0000-0000-000000000000},plugplaymanager,0x2ec,c:\windows\system32\svchost.exe,-,0x3e7,unknown specific access (bit 1)         access reasons:  -,0,plugplaysecurityobject,globalcom, , , , , , , , , , , , , , , , , , , , , , , , , , , , , 
microsoft-windows-security-auditing,success audit,other object access events,gcnga0400.global.com,127.0.0.1,MSWinEventLog	1	Security	995062	Tue May  2 16:02:41 2017	4656	Microsoft-Windows-Security-Auditing	N/A	N/A	Success Audit	gcNGA0400.global.com	Other Object Access Events		A handle to an object was requested.    Subject:   Security ID:  S-1-5-18   Account Name:  gcNGA0400$   Account Domain:  globalcom   Logon ID:  0x3e7    Object:   Object Server:  PlugPlayManager   Object Type:  Security   Object Name:  PlugPlaySecurityObject   Handle ID:  0x0    Process Information:   Process ID:  0x2ec   Process Name:  C:\Windows\System32\svchost.exe    Access Request Information:   Transaction ID:  {00000000-0000-0000-0000-000000000000}   Accesses:  Unknown specific access (bit 1)         Access Reasons:  -   Access Mask:  0x2   Privileges Used for Access Check: -   Restricted SID Count: 0	189124642,a handle to an object was requested,"auth,windows",2017-05-02T15:02:42.069Z,52104,172.20.48.23,ms_windows_event-1655484026,846,<14>May  2 16:02:41 gcNGA0400.global.com ,4073158969,1,0.0.0.0/514/tcp,2b01-f2c77939,11009,gcnga0400.global.com, ,4656,ms_windows_event,security,9b86e025-c25e-4888-8e5f-1476e850455a#2725,"{""id"":""9b86e025-c25e-4888-8e5f-1476e850455a#2725"",""num_events"":2633,""data_type"":""passthrough"",""batch_id"":""9b86e025-c25e-4888-8e5f-1476e850455a"",""batch_segment"":0,""customer_id"":""lga03"",""sequence_number"":2724,""source_type"":""json"",""target_index"":""""}",11009,s-1-5-18,gcnga0400$,{00000000-0000-0000-0000-000000000000},plugplaymanager,0x2ec,c:\windows\system32\svchost.exe,-,0x3e7,unknown specific access (bit 1)         access reasons:  -,0,plugplaysecurityobject,globalcom, , , , , , , , , , , , , , , , , , , , , , , , , , , , , 
microsoft-windows-security-auditing,success audit,kerberos service ticket operations,gcsmq0002.global.com,127.0.0.1,MSWinEventLog	1	Security	2131898	Tue May  2 11:02:43 2017	4769	Microsoft-Windows-Security-Auditing	N/A	N/A	Success Audit	gcSMQ0002.global.com	Kerberos Service Ticket Operations		N/A	304321450,n/a,"auth,windows",2017-05-02T15:02:45.356Z,50165,172.21.14.21,ms_windows_event-2408821607,238,<14>May  2 11:02:43 gcSMQ0002.global.com ,27946635534,0,0.0.0.0/514/tcp,2b03-681bfd10e,11011,gcsmq0002.global.com,2017-05-02T11:02:43.000Z,4769,ms_windows_event,security,9b86e025-c25e-4888-8e5f-1476e850455a#2747,"{""id"":""9b86e025-c25e-4888-8e5f-1476e850455a#2747"",""num_events"":2633,""data_type"":""passthrough"",""batch_id"":""9b86e025-c25e-4888-8e5f-1476e850455a"",""batch_segment"":0,""customer_id"":""lga03"",""sequence_number"":2746,""source_type"":""json"",""target_index"":""""}",11011, , , , , , , , , , , , , , , , , , , , , , , , , , , , , , , , , , , , , , , , , 
microsoft-windows-security-auditing,success audit,logogc,gcsmq0002.global.com,127.0.0.1,MSWinEventLog	1	Security	2131902	Tue May  2 11:02:43 2017	4634	Microsoft-Windows-Security-Auditing	N/A	N/A	Success Audit	gcSMQ0002.global.com	Logogc		N/A	304321454,n/a,"auth,windows",2017-05-02T15:02:45.358Z,50165,172.21.14.21,ms_windows_event-1377334112,210,<14>May  2 11:02:43 gcSMQ0002.global.com ,27946635538,0,0.0.0.0/514/tcp,2b03-681bfd112,11011,gcsmq0002.global.com,2017-05-02T11:02:43.000Z,4634,ms_windows_event,security,9b86e025-c25e-4888-8e5f-1476e850455a#2748,"{""id"":""9b86e025-c25e-4888-8e5f-1476e850455a#2748"",""num_events"":2633,""data_type"":""passthrough"",""batch_id"":""9b86e025-c25e-4888-8e5f-1476e850455a"",""batch_segment"":0,""customer_id"":""lga03"",""sequence_number"":2747,""source_type"":""json"",""target_index"":""""}",11011, , , , , , , , , , , , , , , , , , , , , , , , , , , , , , , , , , , , , , , , , 
microsoft-windows-security-auditing,success audit,logon,gcsmq0002.global.com,127.0.0.1,MSWinEventLog	1	Security	2131906	Tue May  2 11:02:43 2017	4624	Microsoft-Windows-Security-Auditing	N/A	N/A	Success Audit	gcSMQ0002.global.com	Logon		N/A	304321458,n/a,"auth,windows",2017-05-02T15:02:45.360Z,50165,172.21.14.21,ms_windows_event-796723568,209,<14>May  2 11:02:43 gcSMQ0002.global.com ,27946635542,0,0.0.0.0/514/tcp,2b03-681bfd116,11011,gcsmq0002.global.com,2017-05-02T11:02:43.000Z,4624,ms_windows_event,security,9b86e025-c25e-4888-8e5f-1476e850455a#2749,"{""id"":""9b86e025-c25e-4888-8e5f-1476e850455a#2749"",""num_events"":2633,""data_type"":""passthrough"",""batch_id"":""9b86e025-c25e-4888-8e5f-1476e850455a"",""batch_segment"":0,""customer_id"":""lga03"",""sequence_number"":2748,""source_type"":""json"",""target_index"":""""}",11011, , , , , , , , , , , , , , , , , , , , , , , , , , , , , , , , , , , , , , , , , 
microsoft-windows-security-auditing,failure audit,kerberos authentication service,gcsmq0002.global.com,127.0.0.1,MSWinEventLog	3	Security	2131910	Tue May  2 11:02:44 2017	4768	Microsoft-Windows-Security-Auditing	N/A	N/A	Failure Audit	gcSMQ0002.global.com	Kerberos Authentication Service		N/A	304321462,n/a,"auth,windows",2017-05-02T15:02:45.362Z,50165,172.21.14.21,ms_windows_event-3984003816,235,<11>May  2 11:02:44 gcSMQ0002.global.com ,27946635546,0,0.0.0.0/514/tcp,2b03-681bfd11a,11011,gcsmq0002.global.com,2017-05-02T11:02:44.000Z,4768,ms_windows_event,security,9b86e025-c25e-4888-8e5f-1476e850455a#2750,"{""id"":""9b86e025-c25e-4888-8e5f-1476e850455a#2750"",""num_events"":2633,""data_type"":""passthrough"",""batch_id"":""9b86e025-c25e-4888-8e5f-1476e850455a"",""batch_segment"":0,""customer_id"":""lga03"",""sequence_number"":2749,""source_type"":""json"",""target_index"":""""}",11011, , , , , , , , , , , , , , , , , , , , , , , , , , , , , , , , , , , , , , , , , 
microsoft-windows-security-auditing,success audit,n/a,gcsmq0002.global.com,127.0.0.1,MSWinEventLog	1	Security	2131914	Tue May  2 11:02:44 2017	4662	Microsoft-Windows-Security-Auditing	N/A	N/A	Success Audit	gcSMQ0002.global.com	N/A		N/A	304321466,n/a,"auth,windows",2017-05-02T15:02:45.364Z,50165,172.21.14.21,ms_windows_event-2494768146,207,<14>May  2 11:02:44 gcSMQ0002.global.com ,27946635550,0,0.0.0.0/514/tcp,2b03-681bfd11e,11011,gcsmq0002.global.com,2017-05-02T11:02:44.000Z,4662,ms_windows_event,security,9b86e025-c25e-4888-8e5f-1476e850455a#2751,"{""id"":""9b86e025-c25e-4888-8e5f-1476e850455a#2751"",""num_events"":2633,""data_type"":""passthrough"",""batch_id"":""9b86e025-c25e-4888-8e5f-1476e850455a"",""batch_segment"":0,""customer_id"":""lga03"",""sequence_number"":2750,""source_type"":""json"",""target_index"":""""}",11011, , , , , , , , , , , , , , , , , , , , , , , , , , , , , , , , , , , , , , , , , 
microsoft-windows-security-auditing,success audit,logon,gcsmq0002.global.com,127.0.0.1,MSWinEventLog	1	Security	2131918	Tue May  2 11:02:44 2017	4624	Microsoft-Windows-Security-Auditing	N/A	N/A	Success Audit	gcSMQ0002.global.com	Logon		N/A	304321470,n/a,"auth,windows",2017-05-02T15:02:45.366Z,50165,172.21.14.21,ms_windows_event-796723568,209,<14>May  2 11:02:44 gcSMQ0002.global.com ,27946635554,0,0.0.0.0/514/tcp,2b03-681bfd122,11011,gcsmq0002.global.com,2017-05-02T11:02:44.000Z,4624,ms_windows_event,security,9b86e025-c25e-4888-8e5f-1476e850455a#2752,"{""id"":""9b86e025-c25e-4888-8e5f-1476e850455a#2752"",""num_events"":2633,""data_type"":""passthrough"",""batch_id"":""9b86e025-c25e-4888-8e5f-1476e850455a"",""batch_segment"":0,""customer_id"":""lga03"",""sequence_number"":2751,""source_type"":""json"",""target_index"":""""}",11011, , , , , , , , , , , , , , , , , , , , , , , , , , , , , , , , , , , , , , , , , 
microsoft-windows-security-auditing,success audit,detailed file share,gcegy0400.global.com,127.0.0.1,MSWinEventLog	1	Security	1079012	Tue May  2 17:02:46 2017	5145	Microsoft-Windows-Security-Auditing	N/A	N/A	Success Audit	gcEGY0400.global.com	Detailed File Share		A network share object was checked to see whether client can be granted desired access.     Subject:   Security ID:  S-1-5-21-2029550947-1910908428-336986018-29776   Account Name:  A.Goh   Account Domain:  globalcom   Logon ID:  0xgcf61c1    Network Information:    Object Type:  File   Source Address:  172.24.33.53   Source Port:  49915     Share Information:   Share Name:  \\*\IPC$   Share Path:     Relative Target Name: spoolss    Access Request Information:   Access Mask:  0x12019f   Accesses:  READ_CONTROL      SYNCHRONIZE      ReadData (or ListDirectory)      WriteData (or AddFile)      AppendData (or AddSubdirectory or CreatePipeInstance)      ReadEA      WriteEA      ReadAttributes      WriteAttributes        Access Check Results:   -  	169322852,a network share object was checked to see whether client can be granted desired access,"auth,windows",2017-05-02T15:02:48.180Z,62367,172.20.40.23,ms_windows_event-581143289,978,<14>May  2 17:02:46 gcEGY0400.global.com ,192249081,1,0.0.0.0/514/tcp,2afc-b757cf9,11004,gcegy0400.global.com,2017-05-02T17:02:46.000Z,5145,ms_windows_event,security,9b86e025-c25e-4888-8e5f-1476e850455a#2799,"{""id"":""9b86e025-c25e-4888-8e5f-1476e850455a#2799"",""num_events"":2633,""data_type"":""passthrough"",""batch_id"":""9b86e025-c25e-4888-8e5f-1476e850455a"",""batch_segment"":0,""customer_id"":""lga03"",""sequence_number"":2798,""source_type"":""json"",""target_index"":""""}",11004,s-1-5-21-2029550947-1910908428-336986018-29776,a.goh, , , , , ,0xgcf61c1,read_control      synchronize      readdata (or listdirectory)      writedata (or addfile)      appenddata (or addsubdirectory or createpipeinstance)      readea      writeea      readattributes      writeattributes, ,\\*\ipc$,globalcom, ,49915,172.24.33.53, , ,private ip address lan,rsv, , , , , , , , , , , , , , , , , , , , , , 
microsoft-windows-security-auditing,success audit,other object access events,gcchn0400.global.com,127.0.0.1,MSWinEventLog	1	Security	2487577	Tue May  2 23:03:25 2017	4656	Microsoft-Windows-Security-Auditing	N/A	N/A	Success Audit	gcCHN0400.global.com	Other Object Access Events		A handle to an object was requested.    Subject:   Security ID:  S-1-5-18   Account Name:  gcCHN0400$   Account Domain:  globalcom   Logon ID:  0x3e7    Object:   Object Server:  PlugPlayManager   Object Type:  Security   Object Name:  PlugPlaySecurityObject   Handle ID:  0x0    Process Information:   Process ID:  0x2d0   Process Name:  C:\Windows\System32\svchost.exe    Access Request Information:   Transaction ID:  {00000000-0000-0000-0000-000000000000}   Accesses:  Unknown specific access (bit 1)         Access Reasons:  -   Access Mask:  0x2   Privileges Used for Access Check: -   Restricted SID Count: 0	251461656,a handle to an object was requested,"auth,windows",2017-05-02T15:02:42.158Z,49348,172.20.38.23,ms_windows_event-1655484026,847,<14>May  2 23:03:25 gcCHN0400.global.com ,106197333,1,0.0.0.0/514/tcp,2afb-6547155,11003,gcchn0400.global.com, ,4656,ms_windows_event,security,9b86e025-c25e-4888-8e5f-1476e850455a#2856,"{""id"":""9b86e025-c25e-4888-8e5f-1476e850455a#2856"",""num_events"":2618,""data_type"":""passthrough"",""batch_id"":""9b86e025-c25e-4888-8e5f-1476e850455a"",""batch_segment"":0,""customer_id"":""lga03"",""sequence_number"":2855,""source_type"":""json"",""target_index"":""""}",11003,s-1-5-18,gcchn0400$,{00000000-0000-0000-0000-000000000000},plugplaymanager,0x2d0,c:\windows\system32\svchost.exe,-,0x3e7,unknown specific access (bit 1)         access reasons:  -,0,plugplaysecurityobject,globalcom, , , , , , , , , , , , , , , , , , , , , , , , , , , , , 
microsoft-windows-security-auditing,success audit,other object access events,gcchn0400.global.com,127.0.0.1,MSWinEventLog	1	Security	2487583	Tue May  2 23:03:25 2017	4656	Microsoft-Windows-Security-Auditing	N/A	N/A	Success Audit	gcCHN0400.global.com	Other Object Access Events		A handle to an object was requested.    Subject:   Security ID:  S-1-5-18   Account Name:  gcCHN0400$   Account Domain:  globalcom   Logon ID:  0x3e7    Object:   Object Server:  PlugPlayManager   Object Type:  Security   Object Name:  PlugPlaySecurityObject   Handle ID:  0x0    Process Information:   Process ID:  0x2d0   Process Name:  C:\Windows\System32\svchost.exe    Access Request Information:   Transaction ID:  {00000000-0000-0000-0000-000000000000}   Accesses:  Unknown specific access (bit 1)         Access Reasons:  -   Access Mask:  0x2   Privileges Used for Access Check: -   Restricted SID Count: 0	251461662,a handle to an object was requested,"auth,windows",2017-05-02T15:02:42.162Z,49348,172.20.38.23,ms_windows_event-1655484026,847,<14>May  2 23:03:25 gcCHN0400.global.com ,106197339,1,0.0.0.0/514/tcp,2afb-654715b,11003,gcchn0400.global.com, ,4656,ms_windows_event,security,9b86e025-c25e-4888-8e5f-1476e850455a#2857,"{""id"":""9b86e025-c25e-4888-8e5f-1476e850455a#2857"",""num_events"":2618,""data_type"":""passthrough"",""batch_id"":""9b86e025-c25e-4888-8e5f-1476e850455a"",""batch_segment"":0,""customer_id"":""lga03"",""sequence_number"":2856,""source_type"":""json"",""target_index"":""""}",11003,s-1-5-18,gcchn0400$,{00000000-0000-0000-0000-000000000000},plugplaymanager,0x2d0,c:\windows\system32\svchost.exe,-,0x3e7,unknown specific access (bit 1)         access reasons:  -,0,plugplaysecurityobject,globalcom, , , , , , , , , , , , , , , , , , , , , , , , , , , , , 
microsoft-windows-security-auditing,success audit,logon,gcbrw0000.global.com,127.0.0.1,"MSWinEventLog	1	Security	796282	Tue May  2 11:02:42 2017	4624	Microsoft-Windows-Security-Auditing	N/A	N/A	Success Audit	gcBRW0000.global.com	Logon		An account was successfully logged on.    Subject:   Security ID:  S-1-0-0   Account Name:  -   Account Domain:  -   Logon ID:  0x0    Logon Type:   3    Impersonation Level:  Impersonation    New Logon:   Security ID:  S-1-5-21-2029550947-1910908428-336986018-23974   Account Name:  E.Oleary   Account Domain:  globalcom   Logon ID:  0x9F80F4E   Logon GUID:  {FB1CBB26-ABB7-4953-82D5-69776810549E}    Process Information:   Process ID:  0x0   Process Name:  -    Network Information:   Workstation Name:    Source Network Address: 172.24.40.44   Source Port:  51586    Detailed Authentication Information:   Logon Process:  Kerberos   Authentication Package: Kerberos   Transited Services: -   Package Name (NTLM only): -   Key Length:  0    This event is generated when a logon session is created. It is generated on the computer that was accessed.    The subject fields indicate the account on the local system which requested the logon. This is most commonly a service such as the Server service, or a local process such as Winlogon.exe or Services.exe.    The logon type field indicates the kind of logon that occurred. The most common types are 2 (interactive) and 3 (network).    The New Logon fields indicate the account for whom the new logon was created, i.e. the account that was logged on.    The network fields indicate where a remote logon request originated. Workstation name is not always available and may be left blank in some cases.    The impersonation level field indicates the extent to which a process in the logon session can impersonate.    The authentication information fields provide detailed information about this specific logon request.   - Logon GUID is a unique identifier that can be used to correlate this event with a KDC event.   - Transited services indicate which intermediate services have participated in this logon request.   - Package name indicates which sub-protocol was used among the NTLM protocols.   - Key length indicates the length of the generated session key. This will be 0 if no session key was requested.	64590991",an account was successfully logged on,"auth,windows",2017-05-02T15:04:40.827Z,54837,172.24.19.20,ms_windows_event-3795724934,2269,<14>May  2 11:02:42 gcBRW0000.global.com ,3969016372,1,0.0.0.0/514/tcp,2b04-ec926234,11012,gcbrw0000.global.com,2017-05-02T11:02:42.000Z,4624,ms_windows_event,security,9b86e025-c25e-4888-8e5f-1476e850455a#2882,"{""id"":""9b86e025-c25e-4888-8e5f-1476e850455a#2882"",""num_events"":2618,""data_type"":""passthrough"",""batch_id"":""9b86e025-c25e-4888-8e5f-1476e850455a"",""batch_segment"":0,""customer_id"":""lga03"",""sequence_number"":2881,""source_type"":""json"",""target_index"":""""}",11012,s-1-5-21-2029550947-1910908428-336986018-23974,e.oleary, , ,0x0,-, ,0x9f80f4e, , , ,globalcom, ,51586,172.24.40.44, , ,private ip address lan,rsv,3,this event is generated when a logon session is created, ,,kerberos,"[""1.1.1521"",""1.1.1552""]", , , , , , , , , , , , , , , , 
microsoft-windows-security-auditing,success audit,other object access events,gcbra0400.global.com,127.0.0.1,MSWinEventLog	1	Security	566821	Tue May  2 12:02:40 2017	4656	Microsoft-Windows-Security-Auditing	N/A	N/A	Success Audit	gcBRA0400.global.com	Other Object Access Events		A handle to an object was requested.    Subject:   Security ID:  S-1-5-18   Account Name:  gcBRA0400$   Account Domain:  globalcom   Logon ID:  0x3e7    Object:   Object Server:  PlugPlayManager   Object Type:  Security   Object Name:  PlugPlaySecurityObject   Handle ID:  0x0    Process Information:   Process ID:  0x2dc   Process Name:  C:\Windows\System32\svchost.exe    Access Request Information:   Transaction ID:  {00000000-0000-0000-0000-000000000000}   Accesses:  Unknown specific access (bit 1)         Access Reasons:  -   Access Mask:  0x2   Privileges Used for Access Check: -   Restricted SID Count: 0	457188698,a handle to an object was requested,"auth,windows",2017-05-02T15:02:43.060Z,50311,172.20.36.23,ms_windows_event-1655484026,846,<14>May  2 12:02:40 gcBRA0400.global.com ,6500394387,1,0.0.0.0/514/tcp,2af9-183742593,11001,gcbra0400.global.com, ,4656,ms_windows_event,security,9b86e025-c25e-4888-8e5f-1476e850455a#2887,"{""id"":""9b86e025-c25e-4888-8e5f-1476e850455a#2887"",""num_events"":2618,""data_type"":""passthrough"",""batch_id"":""9b86e025-c25e-4888-8e5f-1476e850455a"",""batch_segment"":0,""customer_id"":""lga03"",""sequence_number"":2886,""source_type"":""json"",""target_index"":""""}",11001,s-1-5-18,gcbra0400$,{00000000-0000-0000-0000-000000000000},plugplaymanager,0x2dc,c:\windows\system32\svchost.exe,-,0x3e7,unknown specific access (bit 1)         access reasons:  -,0,plugplaysecurityobject,globalcom, , , , , , , , , , , , , , , , , , , , , , , , , , , , , 
microsoft-windows-security-auditing,success audit,other object access events,gcbra0400.global.com,127.0.0.1,MSWinEventLog	1	Security	566840	Tue May  2 12:02:40 2017	4656	Microsoft-Windows-Security-Auditing	N/A	N/A	Success Audit	gcBRA0400.global.com	Other Object Access Events		A handle to an object was requested.    Subject:   Security ID:  S-1-5-18   Account Name:  gcBRA0400$   Account Domain:  globalcom   Logon ID:  0x3e7    Object:   Object Server:  PlugPlayManager   Object Type:  Security   Object Name:  PlugPlaySecurityObject   Handle ID:  0x0    Process Information:   Process ID:  0x2dc   Process Name:  C:\Windows\System32\svchost.exe    Access Request Information:   Transaction ID:  {00000000-0000-0000-0000-000000000000}   Accesses:  Unknown specific access (bit 1)         Access Reasons:  -   Access Mask:  0x2   Privileges Used for Access Check: -   Restricted SID Count: 0	457188717,a handle to an object was requested,"auth,windows",2017-05-02T15:02:43.075Z,50311,172.20.36.23,ms_windows_event-1655484026,846,<14>May  2 12:02:40 gcBRA0400.global.com ,6500394406,1,0.0.0.0/514/tcp,2af9-1837425a6,11001,gcbra0400.global.com, ,4656,ms_windows_event,security,9b86e025-c25e-4888-8e5f-1476e850455a#2890,"{""id"":""9b86e025-c25e-4888-8e5f-1476e850455a#2890"",""num_events"":2618,""data_type"":""passthrough"",""batch_id"":""9b86e025-c25e-4888-8e5f-1476e850455a"",""batch_segment"":0,""customer_id"":""lga03"",""sequence_number"":2889,""source_type"":""json"",""target_index"":""""}",11001,s-1-5-18,gcbra0400$,{00000000-0000-0000-0000-000000000000},plugplaymanager,0x2dc,c:\windows\system32\svchost.exe,-,0x3e7,unknown specific access (bit 1)         access reasons:  -,0,plugplaysecurityobject,globalcom, , , , , , , , , , , , , , , , , , , , , , , , , , , , , 
microsoft-windows-security-auditing,success audit,other object access events,gcbra0400.global.com,127.0.0.1,MSWinEventLog	1	Security	566848	Tue May  2 12:02:40 2017	4656	Microsoft-Windows-Security-Auditing	N/A	N/A	Success Audit	gcBRA0400.global.com	Other Object Access Events		A handle to an object was requested.    Subject:   Security ID:  S-1-5-18   Account Name:  gcBRA0400$   Account Domain:  globalcom   Logon ID:  0x3e7    Object:   Object Server:  PlugPlayManager   Object Type:  Security   Object Name:  PlugPlaySecurityObject   Handle ID:  0x0    Process Information:   Process ID:  0x2dc   Process Name:  C:\Windows\System32\svchost.exe    Access Request Information:   Transaction ID:  {00000000-0000-0000-0000-000000000000}   Accesses:  Unknown specific access (bit 1)         Access Reasons:  -   Access Mask:  0x2   Privileges Used for Access Check: -   Restricted SID Count: 0	457188725,a handle to an object was requested,"auth,windows",2017-05-02T15:02:43.080Z,50311,172.20.36.23,ms_windows_event-1655484026,846,<14>May  2 12:02:40 gcBRA0400.global.com ,6500394414,1,0.0.0.0/514/tcp,2af9-1837425ae,11001,gcbra0400.global.com, ,4656,ms_windows_event,security,9b86e025-c25e-4888-8e5f-1476e850455a#2891,"{""id"":""9b86e025-c25e-4888-8e5f-1476e850455a#2891"",""num_events"":2618,""data_type"":""passthrough"",""batch_id"":""9b86e025-c25e-4888-8e5f-1476e850455a"",""batch_segment"":0,""customer_id"":""lga03"",""sequence_number"":2890,""source_type"":""json"",""target_index"":""""}",11001,s-1-5-18,gcbra0400$,{00000000-0000-0000-0000-000000000000},plugplaymanager,0x2dc,c:\windows\system32\svchost.exe,-,0x3e7,unknown specific access (bit 1)         access reasons:  -,0,plugplaysecurityobject,globalcom, , , , , , , , , , , , , , , , , , , , , , , , , , , , , 
microsoft-windows-security-auditing,success audit,other object access events,gcbra0400.global.com,127.0.0.1,MSWinEventLog	1	Security	566852	Tue May  2 12:02:40 2017	4656	Microsoft-Windows-Security-Auditing	N/A	N/A	Success Audit	gcBRA0400.global.com	Other Object Access Events		A handle to an object was requested.    Subject:   Security ID:  S-1-5-18   Account Name:  gcBRA0400$   Account Domain:  globalcom   Logon ID:  0x3e7    Object:   Object Server:  PlugPlayManager   Object Type:  Security   Object Name:  PlugPlaySecurityObject   Handle ID:  0x0    Process Information:   Process ID:  0x2dc   Process Name:  C:\Windows\System32\svchost.exe    Access Request Information:   Transaction ID:  {00000000-0000-0000-0000-000000000000}   Accesses:  Unknown specific access (bit 1)         Access Reasons:  -   Access Mask:  0x2   Privileges Used for Access Check: -   Restricted SID Count: 0	457188729,a handle to an object was requested,"auth,windows",2017-05-02T15:02:43.082Z,50311,172.20.36.23,ms_windows_event-1655484026,846,<14>May  2 12:02:40 gcBRA0400.global.com ,6500394418,1,0.0.0.0/514/tcp,2af9-1837425b2,11001,gcbra0400.global.com, ,4656,ms_windows_event,security,9b86e025-c25e-4888-8e5f-1476e850455a#2892,"{""id"":""9b86e025-c25e-4888-8e5f-1476e850455a#2892"",""num_events"":2618,""data_type"":""passthrough"",""batch_id"":""9b86e025-c25e-4888-8e5f-1476e850455a"",""batch_segment"":0,""customer_id"":""lga03"",""sequence_number"":2891,""source_type"":""json"",""target_index"":""""}",11001,s-1-5-18,gcbra0400$,{00000000-0000-0000-0000-000000000000},plugplaymanager,0x2dc,c:\windows\system32\svchost.exe,-,0x3e7,unknown specific access (bit 1)         access reasons:  -,0,plugplaysecurityobject,globalcom, , , , , , , , , , , , , , , , , , , , , , , , , , , , , 
