microsoft-windows-security-auditing,success audit,logon,gcgcp0201.global.com,127.0.0.1,"MSWinEventLog	1	Security	108458	Tue May  2 11:02:30 2017	4624	Microsoft-Windows-Security-Auditing	N/A	N/A	Success Audit	gcgcp0201.global.com	Logon		An account was successfully logged on.    Subject:   Security ID:  S-1-0-0   Account Name:  -   Account Domain:  -   Logon ID:  0x0    Logon Type:   3    Impersonation Level:  Impersonation    New Logon:   Security ID:  S-1-5-21-2029550947-1910908428-336986018-26836   Account Name:  workplace   Account Domain:  globalcom   Logon ID:  0xBE7E8D0   Logon GUID:  {C923AC6C-90E0-C769-7CB8-247C160E5AAF}    Process Information:   Process ID:  0x0   Process Name:  -    Network Information:   Workstation Name:    Source Network Address: -   Source Port:  -    Detailed Authentication Information:   Logon Process:  Kerberos   Authentication Package: Kerberos   Transited Services: -   Package Name (NTLM only): -   Key Length:  0    This event is generated when a logon session is created. It is generated on the computer that was accessed.    The subject fields indicate the account on the local system which requested the logon. This is most commonly a service such as the Server service, or a local process such as Winlogon.exe or Services.exe.    The logon type field indicates the kind of logon that occurred. The most common types are 2 (interactive) and 3 (network).    The New Logon fields indicate the account for whom the new logon was created, i.e. the account that was logged on.    The network fields indicate where a remote logon request originated. Workstation name is not always available and may be left blank in some cases.    The impersonation level field indicates the extent to which a process in the logon session can impersonate.    The authentication information fields provide detailed information about this specific logon request.   - Logon GUID is a unique identifier that can be used to correlate this event with a KDC event.   - Transited services indicate which intermediate services have participated in this logon request.   - Package name indicates which sub-protocol was used among the NTLM protocols.   - Key length indicates the length of the generated session key. This will be 0 if no session key was requested.	8854952",an account was successfully logged on,"auth,windows",2017-05-02T15:02:31.714Z,49403,172.25.0.15,ms_windows_event-3084426898,2254,<14>May  2 11:02:30 gcgcp0201.global.com ,27946630334,0,0.0.0.0/514/tcp,2b03-681bfbcbe,11011,gcgcp0201.global.com,2017-05-02T11:02:30.000Z,4624,ms_windows_event,security,fe30148b-3aed-4b2b-9ad2-dca56b6ec0d6#1551,"{""id"":""fe30148b-3aed-4b2b-9ad2-dca56b6ec0d6#1551"",""num_events"":2789,""data_type"":""passthrough"",""batch_id"":""fe30148b-3aed-4b2b-9ad2-dca56b6ec0d6"",""batch_segment"":0,""customer_id"":""lga03"",""sequence_number"":1550,""source_type"":""json"",""target_index"":""""}",11011,s-1-5-21-2029550947-1910908428-336986018-26836,workplace, , ,0x0, , ,0xbe7e8d0, , , ,globalcom, , , , , , , ,3,this event is generated when a logon session is created, , ,kerberos,"[""1.1.1521""]", , , , , , , , , , , , , , , , 
microsoft-windows-security-auditing,success audit,process creation,gcsmq0602.global.com,127.0.0.1,"MSWinEventLog	1	Security	1160086	Tue May  2 11:02:29 2017	4688	Microsoft-Windows-Security-Auditing	N/A	N/A	Success Audit	gcSMQ0602.global.com	Process Creation		A new process has been created.    Subject:   Security ID:  S-1-5-80-3958276243-2739099675-334681800-2039304502-2384811254   Account Name:  semsrv   Account Domain:  NT SERVICE   Logon ID:  0x3530a    Process Information:   New Process ID:  0x1b98   New Process Name: D:\Program Files (x86)\Symantec\Symantec Endpoint Protection Manager\bin\USNWash.exe   Token Elevation Type: TokenElevationTypeDefault (1)   Creator Process ID: 0xac   Process Command Line:     Token Elevation Type indicates the type of token that was assigned to the new process in accordance with User Account Control policy.    Type 1 is a full token with no privileges removed or groups disabled.  A full token is only used if User Account Control is disabled or if the user is the built-in Administrator account or a service account.    Type 2 is an elevated token with no privileges removed or groups disabled.  An elevated token is used when User Account Control is enabled and the user chooses to start the program using Run as administrator.  An elevated token is also used when an application is configured to always require administrative privilege or to always require maximum privilege, and the user is a member of the Administrators group.    Type 3 is a limited token with administrative privileges removed and administrative groups disabled.  The limited token is used when User Account Control is enabled, the application does not require administrative privilege, and the user does not choose to start the program using Run as administrator.	1210041798",a new process has been created,"auth,windows",2017-05-02T15:02:32.277Z,54131,172.21.25.20,ms_windows_event-3786035194,1745,<14>May  2 11:02:29 gcSMQ0602.global.com ,27946630434,0,0.0.0.0/514/tcp,2b03-681bfbd22,11011,gcsmq0602.global.com,2017-05-02T11:02:29.000Z,4688,ms_windows_event,security,fe30148b-3aed-4b2b-9ad2-dca56b6ec0d6#1563,"{""id"":""fe30148b-3aed-4b2b-9ad2-dca56b6ec0d6#1563"",""num_events"":2789,""data_type"":""passthrough"",""batch_id"":""fe30148b-3aed-4b2b-9ad2-dca56b6ec0d6"",""batch_segment"":0,""customer_id"":""lga03"",""sequence_number"":1562,""source_type"":""json"",""target_index"":""""}",11011, ,semsrv, , ,0x1b98,d:\program files (x86)\symantec\symantec endpoint protection manager\bin\usnwash.exe, ,0x3530a, , ,usnwash.exe,nt, , , , , , , , ,type 1 is a full token with no privileges removed or groups disabled, , , , , ,0xac,token elevation type indicates the type of token that was assigned to the new process in accordance with user account control policy., , , , , , , , , , , , , 
microsoft-windows-security-auditing,success audit,filtering platform connection,gcegy0400.global.com,127.0.0.1,MSWinEventLog	1	Security	1078838	Tue May  2 17:02:27 2017	5158	Microsoft-Windows-Security-Auditing	N/A	N/A	Success Audit	gcEGY0400.global.com	Filtering Platform Connection		The Windows Filtering Platform has permitted a bind to a local port.    Application Information:   Process ID:  636   Application Name: \device\harddiskvolume2\windows\system32\lsass.exe    Network Information:   Source Address:  0.0.0.0   Source Port:  60070   Protocol:  17    Filter Information:   Filter Run-Time ID: 0   Layer Name:  Resource Assignment   Layer Run-Time ID: 36	169322678,the windows filtering platform has permitted a bind to a local port,"auth,windows",2017-05-02T15:02:28.751Z,62367,172.20.40.23,ms_windows_event-1072601665,611,<14>May  2 17:02:27 gcEGY0400.global.com ,192247943,1,0.0.0.0/514/tcp,2afc-b757887,11004,gcegy0400.global.com,2017-05-02T17:02:27.000Z,5158,ms_windows_event,security,fe30148b-3aed-4b2b-9ad2-dca56b6ec0d6#1569,"{""id"":""fe30148b-3aed-4b2b-9ad2-dca56b6ec0d6#1569"",""num_events"":2789,""data_type"":""passthrough"",""batch_id"":""fe30148b-3aed-4b2b-9ad2-dca56b6ec0d6"",""batch_segment"":0,""customer_id"":""lga03"",""sequence_number"":1568,""source_type"":""json"",""target_index"":""""}",11004, , , , , , , , , , , , , ,60070,0.0.0.0,17,\device\harddiskvolume2\windows\system32\lsass.exe,broadcast rfc1700,rsv, , , , , , , , , , , , , , , , , , , , , , 
microsoft-windows-security-auditing,success audit,logogc,gcsmq0002.global.com,127.0.0.1,MSWinEventLog	1	Security	2131531	Tue May  2 11:02:30 2017	4634	Microsoft-Windows-Security-Auditing	N/A	N/A	Success Audit	gcSMQ0002.global.com	Logogc		N/A	304321088,n/a,"auth,windows",2017-05-02T15:02:32.185Z,50165,172.21.14.21,ms_windows_event-1377334112,210,<14>May  2 11:02:30 gcSMQ0002.global.com ,27946630385,0,0.0.0.0/514/tcp,2b03-681bfbcf1,11011,gcsmq0002.global.com,2017-05-02T11:02:30.000Z,4634,ms_windows_event,security,fe30148b-3aed-4b2b-9ad2-dca56b6ec0d6#1695,"{""id"":""fe30148b-3aed-4b2b-9ad2-dca56b6ec0d6#1695"",""num_events"":2763,""data_type"":""passthrough"",""batch_id"":""fe30148b-3aed-4b2b-9ad2-dca56b6ec0d6"",""batch_segment"":0,""customer_id"":""lga03"",""sequence_number"":1694,""source_type"":""json"",""target_index"":""""}",11011, , , , , , , , , , , , , , , , , , , , , , , , , , , , , , , , , , , , , , , , , 
microsoft-windows-security-auditing,failure audit,kerberos service ticket operations,gcsmq0000.global.com,127.0.0.1,MSWinEventLog	3	Security	1629834	Tue May  2 11:02:31 2017	4769	Microsoft-Windows-Security-Auditing	N/A	N/A	Failure Audit	gcSMQ0000.global.com	Kerberos Service Ticket Operations		N/A	186394923,n/a,"auth,windows",2017-05-02T15:02:32.599Z,51131,172.21.14.20,ms_windows_event-2408821607,238,<11>May  2 11:02:31 gcSMQ0000.global.com ,27946630537,0,0.0.0.0/514/tcp,2b03-681bfbd89,11011,gcsmq0000.global.com,2017-05-02T11:02:31.000Z,4769,ms_windows_event,security,fe30148b-3aed-4b2b-9ad2-dca56b6ec0d6#1711,"{""id"":""fe30148b-3aed-4b2b-9ad2-dca56b6ec0d6#1711"",""num_events"":2763,""data_type"":""passthrough"",""batch_id"":""fe30148b-3aed-4b2b-9ad2-dca56b6ec0d6"",""batch_segment"":0,""customer_id"":""lga03"",""sequence_number"":1710,""source_type"":""json"",""target_index"":""""}",11011, , , , , , , , , , , , , , , , , , , , , , , , , , , , , , , , , , , , , , , , , 
microsoft-windows-security-auditing,success audit,logogc,gcnyc-60-010.global.com,127.0.0.1,MSWinEventLog	1	Security	1354618	Tue May  2 11:02:32 2017	4634	Microsoft-Windows-Security-Auditing	N/A	N/A	Success Audit	gcNYC-60-010.global.com	Logogc		N/A	153578598,n/a,"auth,windows",2017-05-02T15:02:32.920Z,59147,172.21.14.26,ms_windows_event-1377334112,216,<14>May  2 11:02:32 gcNYC-60-010.global.com ,27946630556,0,0.0.0.0/514/tcp,2b03-681bfbd9c,11011,gcnyc-60-010.global.com,2017-05-02T11:02:32.000Z,4634,ms_windows_event,security,fe30148b-3aed-4b2b-9ad2-dca56b6ec0d6#1726,"{""id"":""fe30148b-3aed-4b2b-9ad2-dca56b6ec0d6#1726"",""num_events"":2763,""data_type"":""passthrough"",""batch_id"":""fe30148b-3aed-4b2b-9ad2-dca56b6ec0d6"",""batch_segment"":0,""customer_id"":""lga03"",""sequence_number"":1725,""source_type"":""json"",""target_index"":""""}",11011, , , , , , , , , , , , , , , , , , , , , , , , , , , , , , , , , , , , , , , , , 
microsoft-windows-security-auditing,success audit,detailed file share,gcind0400.global.com,127.0.0.1,MSWinEventLog	1	Security	1535123	Tue May  2 20:30:44 2017	5145	Microsoft-Windows-Security-Auditing	N/A	N/A	Success Audit	gcIND0400.global.com	Detailed File Share		A network share object was checked to see whether client can be granted desired access.     Subject:   Security ID:  S-1-5-19   Account Name:  LOCAL SERVICE   Account Domain:  NT AUTHORITY   Logon ID:  0x3e5    Network Information:    Object Type:  File   Source Address:  fe80::d804:454c:b911:c796   Source Port:  58812     Share Information:   Share Name:  \\*\SMPSTOREU_FE3A15E2$   Share Path:  \??\U:\Windows 10 Migration User Data\SMPSTOREU_FE3A15E2$   Relative Target Name: FBC02D2321401636EFBD99756C5AAF338C3D018C06B9724EB56B409163928473    Access Request Information:   Access Mask:  0x100081   Accesses:  SYNCHRONIZE      ReadData (or ListDirectory)      ReadAttributes        Access Check Results:   -  	671456076,a network share object was checked to see whether client can be granted desired access.     subject:   security id:  s-1-5-19   account name:  local service   account domain:  nt authority   logon id:  0x3e5    network information:    object type:  file   source address:  fe80::d804:454c:b911:c796   source port:  58812     share information:   share name:  \\*\smpstoreu_fe3a15e2$   share path:  \??\u:\windows 10 migration user data\smpstoreu_fe3a15e2$   relative target name: fbc02d2321401636efbd99756c5aaf338c3d018c06b9724eb56b409163928473    access request information:   access mask:  0x100081   accesses:  synchronize      readdata (or listdirectory)      readattributes        access check results:   -,"auth,windows",2017-05-02T15:02:30.067Z,63364,172.20.42.23,ms_windows_event-2048817195,933,<14>May  2 20:30:44 gcIND0400.global.com ,285062900,1,0.0.0.0/514/tcp,2afe-10fdb6f4,11006,gcind0400.global.com,2017-05-02T20:30:44.000Z,5145,ms_windows_event,security,fe30148b-3aed-4b2b-9ad2-dca56b6ec0d6#1784,"{""id"":""fe30148b-3aed-4b2b-9ad2-dca56b6ec0d6#1784"",""num_events"":2763,""data_type"":""passthrough"",""batch_id"":""fe30148b-3aed-4b2b-9ad2-dca56b6ec0d6"",""batch_segment"":0,""customer_id"":""lga03"",""sequence_number"":1783,""source_type"":""json"",""target_index"":""""}",11006, , , , , , , , , , , , , , , , , , , , , , , , , , , , , , , , , , , , , , , , , 
microsoft-windows-security-auditing,success audit,detailed file share,gcind0400.global.com,127.0.0.1,MSWinEventLog	1	Security	1535129	Tue May  2 20:30:44 2017	5145	Microsoft-Windows-Security-Auditing	N/A	N/A	Success Audit	gcIND0400.global.com	Detailed File Share		A network share object was checked to see whether client can be granted desired access.     Subject:   Security ID:  S-1-5-19   Account Name:  LOCAL SERVICE   Account Domain:  NT AUTHORITY   Logon ID:  0x3e5    Network Information:    Object Type:  File   Source Address:  fe80::d804:454c:b911:c796   Source Port:  58812     Share Information:   Share Name:  \\*\SMPSTOREU_FE3A15E2$   Share Path:  \??\U:\Windows 10 Migration User Data\SMPSTOREU_FE3A15E2$   Relative Target Name: FBC02D2321401636EFBD99756C5AAF338C3D018C06B9724EB56B409163928473    Access Request Information:   Access Mask:  0x100081   Accesses:  SYNCHRONIZE      ReadData (or ListDirectory)      ReadAttributes        Access Check Results:   -  	671456082,a network share object was checked to see whether client can be granted desired access.     subject:   security id:  s-1-5-19   account name:  local service   account domain:  nt authority   logon id:  0x3e5    network information:    object type:  file   source address:  fe80::d804:454c:b911:c796   source port:  58812     share information:   share name:  \\*\smpstoreu_fe3a15e2$   share path:  \??\u:\windows 10 migration user data\smpstoreu_fe3a15e2$   relative target name: fbc02d2321401636efbd99756c5aaf338c3d018c06b9724eb56b409163928473    access request information:   access mask:  0x100081   accesses:  synchronize      readdata (or listdirectory)      readattributes        access check results:   -,"auth,windows",2017-05-02T15:02:30.071Z,63364,172.20.42.23,ms_windows_event-2048817195,933,<14>May  2 20:30:44 gcIND0400.global.com ,285062906,1,0.0.0.0/514/tcp,2afe-10fdb6fa,11006,gcind0400.global.com,2017-05-02T20:30:44.000Z,5145,ms_windows_event,security,fe30148b-3aed-4b2b-9ad2-dca56b6ec0d6#1785,"{""id"":""fe30148b-3aed-4b2b-9ad2-dca56b6ec0d6#1785"",""num_events"":2763,""data_type"":""passthrough"",""batch_id"":""fe30148b-3aed-4b2b-9ad2-dca56b6ec0d6"",""batch_segment"":0,""customer_id"":""lga03"",""sequence_number"":1784,""source_type"":""json"",""target_index"":""""}",11006, , , , , , , , , , , , , , , , , , , , , , , , , , , , , , , , , , , , , , , , , 
microsoft-windows-security-auditing,success audit,logogc,gcsmq0002.global.com,127.0.0.1,MSWinEventLog	1	Security	2131540	Tue May  2 11:02:30 2017	4634	Microsoft-Windows-Security-Auditing	N/A	N/A	Success Audit	gcSMQ0002.global.com	Logogc		N/A	304321097,n/a,"auth,windows",2017-05-02T15:02:32.187Z,50165,172.21.14.21,ms_windows_event-1377334112,210,<14>May  2 11:02:30 gcSMQ0002.global.com ,27946630394,0,0.0.0.0/514/tcp,2b03-681bfbcfa,11011,gcsmq0002.global.com,2017-05-02T11:02:30.000Z,4634,ms_windows_event,security,fe30148b-3aed-4b2b-9ad2-dca56b6ec0d6#1790,"{""id"":""fe30148b-3aed-4b2b-9ad2-dca56b6ec0d6#1790"",""num_events"":2763,""data_type"":""passthrough"",""batch_id"":""fe30148b-3aed-4b2b-9ad2-dca56b6ec0d6"",""batch_segment"":0,""customer_id"":""lga03"",""sequence_number"":1789,""source_type"":""json"",""target_index"":""""}",11011, , , , , , , , , , , , , , , , , , , , , , , , , , , , , , , , , , , , , , , , , 
microsoft-windows-security-auditing,success audit,logon,gcsmq0002.global.com,127.0.0.1,MSWinEventLog	1	Security	2131553	Tue May  2 11:02:31 2017	4624	Microsoft-Windows-Security-Auditing	N/A	N/A	Success Audit	gcSMQ0002.global.com	Logon		N/A	304321110,n/a,"auth,windows",2017-05-02T15:02:32.192Z,50165,172.21.14.21,ms_windows_event-796723568,209,<14>May  2 11:02:31 gcSMQ0002.global.com ,27946630407,0,0.0.0.0/514/tcp,2b03-681bfbd07,11011,gcsmq0002.global.com,2017-05-02T11:02:31.000Z,4624,ms_windows_event,security,fe30148b-3aed-4b2b-9ad2-dca56b6ec0d6#1850,"{""id"":""fe30148b-3aed-4b2b-9ad2-dca56b6ec0d6#1850"",""num_events"":2742,""data_type"":""passthrough"",""batch_id"":""fe30148b-3aed-4b2b-9ad2-dca56b6ec0d6"",""batch_segment"":0,""customer_id"":""lga03"",""sequence_number"":1849,""source_type"":""json"",""target_index"":""""}",11011, , , , , , , , , , , , , , , , , , , , , , , , , , , , , , , , , , , , , , , , , 
microsoft-windows-security-auditing,success audit,credential validation,gcsmq0002.global.com,127.0.0.1,MSWinEventLog	1	Security	2131557	Tue May  2 11:02:31 2017	4776	Microsoft-Windows-Security-Auditing	N/A	N/A	Success Audit	gcSMQ0002.global.com	Credential Validation		N/A	304321114,n/a,"auth,windows",2017-05-02T15:02:32.193Z,50165,172.21.14.21,ms_windows_event-2768218977,225,<14>May  2 11:02:31 gcSMQ0002.global.com ,27946630411,0,0.0.0.0/514/tcp,2b03-681bfbd0b,11011,gcsmq0002.global.com,2017-05-02T11:02:31.000Z,4776,ms_windows_event,security,fe30148b-3aed-4b2b-9ad2-dca56b6ec0d6#1851,"{""id"":""fe30148b-3aed-4b2b-9ad2-dca56b6ec0d6#1851"",""num_events"":2742,""data_type"":""passthrough"",""batch_id"":""fe30148b-3aed-4b2b-9ad2-dca56b6ec0d6"",""batch_segment"":0,""customer_id"":""lga03"",""sequence_number"":1850,""source_type"":""json"",""target_index"":""""}",11011, , , , , , , , , , , , , , , , , , , , , , , , , , , , , , , , , , , , , , , , , 
microsoft-windows-security-auditing,success audit,logogc,gcsmq0002.global.com,127.0.0.1,MSWinEventLog	1	Security	2131565	Tue May  2 11:02:31 2017	4634	Microsoft-Windows-Security-Auditing	N/A	N/A	Success Audit	gcSMQ0002.global.com	Logogc		N/A	304321122,n/a,"auth,windows",2017-05-02T15:02:32.196Z,50165,172.21.14.21,ms_windows_event-1377334112,210,<14>May  2 11:02:31 gcSMQ0002.global.com ,27946630419,0,0.0.0.0/514/tcp,2b03-681bfbd13,11011,gcsmq0002.global.com,2017-05-02T11:02:31.000Z,4634,ms_windows_event,security,fe30148b-3aed-4b2b-9ad2-dca56b6ec0d6#1853,"{""id"":""fe30148b-3aed-4b2b-9ad2-dca56b6ec0d6#1853"",""num_events"":2742,""data_type"":""passthrough"",""batch_id"":""fe30148b-3aed-4b2b-9ad2-dca56b6ec0d6"",""batch_segment"":0,""customer_id"":""lga03"",""sequence_number"":1852,""source_type"":""json"",""target_index"":""""}",11011, , , , , , , , , , , , , , , , , , , , , , , , , , , , , , , , , , , , , , , , , 
microsoft-windows-security-auditing,success audit,logogc,gcsmq0002.global.com,127.0.0.1,MSWinEventLog	1	Security	2131552	Tue May  2 11:02:30 2017	4634	Microsoft-Windows-Security-Auditing	N/A	N/A	Success Audit	gcSMQ0002.global.com	Logogc		N/A	304321109,n/a,"auth,windows",2017-05-02T15:02:32.191Z,50165,172.21.14.21,ms_windows_event-1377334112,210,<14>May  2 11:02:30 gcSMQ0002.global.com ,27946630406,0,0.0.0.0/514/tcp,2b03-681bfbd06,11011,gcsmq0002.global.com,2017-05-02T11:02:30.000Z,4634,ms_windows_event,security,fe30148b-3aed-4b2b-9ad2-dca56b6ec0d6#1878,"{""id"":""fe30148b-3aed-4b2b-9ad2-dca56b6ec0d6#1878"",""num_events"":2742,""data_type"":""passthrough"",""batch_id"":""fe30148b-3aed-4b2b-9ad2-dca56b6ec0d6"",""batch_segment"":0,""customer_id"":""lga03"",""sequence_number"":1877,""source_type"":""json"",""target_index"":""""}",11011, , , , , , , , , , , , , , , , , , , , , , , , , , , , , , , , , , , , , , , , , 
microsoft-windows-security-auditing,success audit,logogc,gcsmq0002.global.com,127.0.0.1,MSWinEventLog	1	Security	2131556	Tue May  2 11:02:31 2017	4634	Microsoft-Windows-Security-Auditing	N/A	N/A	Success Audit	gcSMQ0002.global.com	Logogc		N/A	304321113,n/a,"auth,windows",2017-05-02T15:02:32.193Z,50165,172.21.14.21,ms_windows_event-1377334112,210,<14>May  2 11:02:31 gcSMQ0002.global.com ,27946630410,0,0.0.0.0/514/tcp,2b03-681bfbd0a,11011,gcsmq0002.global.com,2017-05-02T11:02:31.000Z,4634,ms_windows_event,security,fe30148b-3aed-4b2b-9ad2-dca56b6ec0d6#1879,"{""id"":""fe30148b-3aed-4b2b-9ad2-dca56b6ec0d6#1879"",""num_events"":2742,""data_type"":""passthrough"",""batch_id"":""fe30148b-3aed-4b2b-9ad2-dca56b6ec0d6"",""batch_segment"":0,""customer_id"":""lga03"",""sequence_number"":1878,""source_type"":""json"",""target_index"":""""}",11011, , , , , , , , , , , , , , , , , , , , , , , , , , , , , , , , , , , , , , , , , 
microsoft-windows-security-auditing,success audit,logon,gcsmq0000.global.com,127.0.0.1,MSWinEventLog	1	Security	1629835	Tue May  2 11:02:31 2017	4624	Microsoft-Windows-Security-Auditing	N/A	N/A	Success Audit	gcSMQ0000.global.com	Logon		N/A	186394924,n/a,"auth,windows",2017-05-02T15:02:32.599Z,51131,172.21.14.20,ms_windows_event-796723568,209,<14>May  2 11:02:31 gcSMQ0000.global.com ,27946630538,0,0.0.0.0/514/tcp,2b03-681bfbd8a,11011,gcsmq0000.global.com,2017-05-02T11:02:31.000Z,4624,ms_windows_event,security,fe30148b-3aed-4b2b-9ad2-dca56b6ec0d6#1890,"{""id"":""fe30148b-3aed-4b2b-9ad2-dca56b6ec0d6#1890"",""num_events"":2742,""data_type"":""passthrough"",""batch_id"":""fe30148b-3aed-4b2b-9ad2-dca56b6ec0d6"",""batch_segment"":0,""customer_id"":""lga03"",""sequence_number"":1889,""source_type"":""json"",""target_index"":""""}",11011, , , , , , , , , , , , , , , , , , , , , , , , , , , , , , , , , , , , , , , , , 
microsoft-windows-security-auditing,failure audit,kerberos authentication service,gcnyc-60-010.global.com,127.0.0.1,MSWinEventLog	3	Security	1354614	Tue May  2 11:02:31 2017	4768	Microsoft-Windows-Security-Auditing	N/A	N/A	Failure Audit	gcNYC-60-010.global.com	Kerberos Authentication Service		N/A	153578594,n/a,"auth,windows",2017-05-02T15:02:32.919Z,59147,172.21.14.26,ms_windows_event-3984003816,241,<11>May  2 11:02:31 gcNYC-60-010.global.com ,27946630552,0,0.0.0.0/514/tcp,2b03-681bfbd98,11011,gcnyc-60-010.global.com,2017-05-02T11:02:31.000Z,4768,ms_windows_event,security,fe30148b-3aed-4b2b-9ad2-dca56b6ec0d6#1893,"{""id"":""fe30148b-3aed-4b2b-9ad2-dca56b6ec0d6#1893"",""num_events"":2742,""data_type"":""passthrough"",""batch_id"":""fe30148b-3aed-4b2b-9ad2-dca56b6ec0d6"",""batch_segment"":0,""customer_id"":""lga03"",""sequence_number"":1892,""source_type"":""json"",""target_index"":""""}",11011, , , , , , , , , , , , , , , , , , , , , , , , , , , , , , , , , , , , , , , , , 
microsoft-windows-security-auditing,success audit,other object access events,gcken0400.global.com,127.0.0.1,MSWinEventLog	1	Security	863938	Tue May  2 18:02:49 2017	4656	Microsoft-Windows-Security-Auditing	N/A	N/A	Success Audit	gcKEN0400.global.com	Other Object Access Events		A handle to an object was requested.    Subject:   Security ID:  S-1-5-18   Account Name:  gcKEN0400$   Account Domain:  globalcom   Logon ID:  0x3e7    Object:   Object Server:  PlugPlayManager   Object Type:  Security   Object Name:  PlugPlaySecurityObject   Handle ID:  0x0    Process Information:   Process ID:  0x2d8   Process Name:  C:\Windows\System32\svchost.exe    Access Request Information:   Transaction ID:  {00000000-0000-0000-0000-000000000000}   Accesses:  Unknown specific access (bit 1)         Access Reasons:  -   Access Mask:  0x2   Privileges Used for Access Check: -   Restricted SID Count: 0	145963443,a handle to an object was requested,"auth,windows",2017-05-02T15:02:23.907Z,55560,172.20.46.23,ms_windows_event-1655484026,846,<14>May  2 18:02:49 gcKEN0400.global.com ,4357197660,1,0.0.0.0/514/tcp,2agc-103b58f5c,11007,gcken0400.global.com, ,4656,ms_windows_event,security,fe30148b-3aed-4b2b-9ad2-dca56b6ec0d6#1965,"{""id"":""fe30148b-3aed-4b2b-9ad2-dca56b6ec0d6#1965"",""num_events"":2736,""data_type"":""passthrough"",""batch_id"":""fe30148b-3aed-4b2b-9ad2-dca56b6ec0d6"",""batch_segment"":0,""customer_id"":""lga03"",""sequence_number"":1964,""source_type"":""json"",""target_index"":""""}",11007,s-1-5-18,gcken0400$,{00000000-0000-0000-0000-000000000000},plugplaymanager,0x2d8,c:\windows\system32\svchost.exe,-,0x3e7,unknown specific access (bit 1)         access reasons:  -,0,plugplaysecurityobject,globalcom, , , , , , , , , , , , , , , , , , , , , , , , , , , , , 
microsoft-windows-security-auditing,success audit,other object access events,gcken0400.global.com,127.0.0.1,MSWinEventLog	1	Security	863945	Tue May  2 18:02:49 2017	4656	Microsoft-Windows-Security-Auditing	N/A	N/A	Success Audit	gcKEN0400.global.com	Other Object Access Events		A handle to an object was requested.    Subject:   Security ID:  S-1-5-18   Account Name:  gcKEN0400$   Account Domain:  globalcom   Logon ID:  0x3e7    Object:   Object Server:  PlugPlayManager   Object Type:  Security   Object Name:  PlugPlaySecurityObject   Handle ID:  0x0    Process Information:   Process ID:  0x2d8   Process Name:  C:\Windows\System32\svchost.exe    Access Request Information:   Transaction ID:  {00000000-0000-0000-0000-000000000000}   Accesses:  Unknown specific access (bit 1)         Access Reasons:  -   Access Mask:  0x2   Privileges Used for Access Check: -   Restricted SID Count: 0	145963450,a handle to an object was requested,"auth,windows",2017-05-02T15:02:23.909Z,55560,172.20.46.23,ms_windows_event-1655484026,846,<14>May  2 18:02:49 gcKEN0400.global.com ,4357197667,1,0.0.0.0/514/tcp,2agc-103b58f63,11007,gcken0400.global.com, ,4656,ms_windows_event,security,fe30148b-3aed-4b2b-9ad2-dca56b6ec0d6#1966,"{""id"":""fe30148b-3aed-4b2b-9ad2-dca56b6ec0d6#1966"",""num_events"":2736,""data_type"":""passthrough"",""batch_id"":""fe30148b-3aed-4b2b-9ad2-dca56b6ec0d6"",""batch_segment"":0,""customer_id"":""lga03"",""sequence_number"":1965,""source_type"":""json"",""target_index"":""""}",11007,s-1-5-18,gcken0400$,{00000000-0000-0000-0000-000000000000},plugplaymanager,0x2d8,c:\windows\system32\svchost.exe,-,0x3e7,unknown specific access (bit 1)         access reasons:  -,0,plugplaysecurityobject,globalcom, , , , , , , , , , , , , , , , , , , , , , , , , , , , , 
microsoft-windows-security-auditing,success audit,other object access events,gcken0400.global.com,127.0.0.1,MSWinEventLog	1	Security	863949	Tue May  2 18:02:50 2017	4656	Microsoft-Windows-Security-Auditing	N/A	N/A	Success Audit	gcKEN0400.global.com	Other Object Access Events		A handle to an object was requested.    Subject:   Security ID:  S-1-5-18   Account Name:  gcKEN0400$   Account Domain:  globalcom   Logon ID:  0x3e7    Object:   Object Server:  PlugPlayManager   Object Type:  Security   Object Name:  PlugPlaySecurityObject   Handle ID:  0x0    Process Information:   Process ID:  0x2d8   Process Name:  C:\Windows\System32\svchost.exe    Access Request Information:   Transaction ID:  {00000000-0000-0000-0000-000000000000}   Accesses:  Unknown specific access (bit 1)         Access Reasons:  -   Access Mask:  0x2   Privileges Used for Access Check: -   Restricted SID Count: 0	145963454,a handle to an object was requested,"auth,windows",2017-05-02T15:02:23.911Z,55560,172.20.46.23,ms_windows_event-1655484026,846,<14>May  2 18:02:50 gcKEN0400.global.com ,4357197671,1,0.0.0.0/514/tcp,2agc-103b58f67,11007,gcken0400.global.com, ,4656,ms_windows_event,security,fe30148b-3aed-4b2b-9ad2-dca56b6ec0d6#1967,"{""id"":""fe30148b-3aed-4b2b-9ad2-dca56b6ec0d6#1967"",""num_events"":2736,""data_type"":""passthrough"",""batch_id"":""fe30148b-3aed-4b2b-9ad2-dca56b6ec0d6"",""batch_segment"":0,""customer_id"":""lga03"",""sequence_number"":1966,""source_type"":""json"",""target_index"":""""}",11007,s-1-5-18,gcken0400$,{00000000-0000-0000-0000-000000000000},plugplaymanager,0x2d8,c:\windows\system32\svchost.exe,-,0x3e7,unknown specific access (bit 1)         access reasons:  -,0,plugplaysecurityobject,globalcom, , , , , , , , , , , , , , , , , , , , , , , , , , , , , 
microsoft-windows-security-auditing,success audit,logon,gcsmq0000.global.com,127.0.0.1,MSWinEventLog	1	Security	1629823	Tue May  2 11:02:29 2017	4648	Microsoft-Windows-Security-Auditing	N/A	N/A	Success Audit	gcSMQ0000.global.com	Logon		N/A	186394912,n/a,"auth,windows",2017-05-02T15:02:31.598Z,51131,172.21.14.20,ms_windows_event-175608790,209,<14>May  2 11:02:29 gcSMQ0000.global.com ,27946630314,0,0.0.0.0/514/tcp,2b03-681bfbcaa,11011,gcsmq0000.global.com,2017-05-02T11:02:29.000Z,4648,ms_windows_event,security,fe30148b-3aed-4b2b-9ad2-dca56b6ec0d6#2008,"{""id"":""fe30148b-3aed-4b2b-9ad2-dca56b6ec0d6#2008"",""num_events"":2736,""data_type"":""passthrough"",""batch_id"":""fe30148b-3aed-4b2b-9ad2-dca56b6ec0d6"",""batch_segment"":0,""customer_id"":""lga03"",""sequence_number"":2007,""source_type"":""json"",""target_index"":""""}",11011, , , , , , , , , , , , , , , , , , , , , , , , , , , , , , , , , , , , , , , , , 
microsoft-windows-security-auditing,failure audit,kerberos service ticket operations,gcsmq0000.global.com,127.0.0.1,MSWinEventLog	3	Security	1629826	Tue May  2 11:02:29 2017	4769	Microsoft-Windows-Security-Auditing	N/A	N/A	Failure Audit	gcSMQ0000.global.com	Kerberos Service Ticket Operations		N/A	186394915,n/a,"auth,windows",2017-05-02T15:02:31.599Z,51131,172.21.14.20,ms_windows_event-2408821607,238,<11>May  2 11:02:29 gcSMQ0000.global.com ,27946630318,0,0.0.0.0/514/tcp,2b03-681bfbcae,11011,gcsmq0000.global.com,2017-05-02T11:02:29.000Z,4769,ms_windows_event,security,fe30148b-3aed-4b2b-9ad2-dca56b6ec0d6#2009,"{""id"":""fe30148b-3aed-4b2b-9ad2-dca56b6ec0d6#2009"",""num_events"":2736,""data_type"":""passthrough"",""batch_id"":""fe30148b-3aed-4b2b-9ad2-dca56b6ec0d6"",""batch_segment"":0,""customer_id"":""lga03"",""sequence_number"":2008,""source_type"":""json"",""target_index"":""""}",11011, , , , , , , , , , , , , , , , , , , , , , , , , , , , , , , , , , , , , , , , , 
microsoft-windows-security-auditing,success audit,logogc,gcbrw0000.global.com,127.0.0.1,MSWinEventLog	1	Security	796204	Tue May  2 11:02:32 2017	4634	Microsoft-Windows-Security-Auditing	N/A	N/A	Success Audit	gcBRW0000.global.com	Logogc		An account was logged ogc.    Subject:   Security ID:  S-1-5-21-2029550947-1910908428-336986018-23974   Account Name:  E.Oleary   Account Domain:  globalcom   Logon ID:  0x9F8035C    Logon Type:   3    This event is generated when a logon session is destroyed. It may be positively correlated with a logon event using the Logon ID value. Logon IDs are only unique between reboots on the same computer.	64590913,an account was logged ogc,"auth,windows",2017-05-02T15:04:29.809Z,54837,172.24.19.20,ms_windows_event-3012490973,611,<14>May  2 11:02:32 gcBRW0000.global.com ,3969010043,1,0.0.0.0/514/tcp,2b04-ec92497b,11012,gcbrw0000.global.com,2017-05-02T11:02:32.000Z,4634,ms_windows_event,security,fe30148b-3aed-4b2b-9ad2-dca56b6ec0d6#2076,"{""id"":""fe30148b-3aed-4b2b-9ad2-dca56b6ec0d6#2076"",""num_events"":2736,""data_type"":""passthrough"",""batch_id"":""fe30148b-3aed-4b2b-9ad2-dca56b6ec0d6"",""batch_segment"":0,""customer_id"":""lga03"",""sequence_number"":2075,""source_type"":""json"",""target_index"":""""}",11012,s-1-5-21-2029550947-1910908428-336986018-23974,e.oleary, , , , , ,0x9f8035c, , , ,globalcom, , , , , , , ,3,this event is generated when a logon session is destroyed, , , , , , , , , , , , , , , , , , , , 
microsoft-windows-security-auditing,success audit,filtering platform connection,gcken0400.global.com,127.0.0.1,MSWinEventLog	1	Security	863982	Tue May  2 18:02:52 2017	5158	Microsoft-Windows-Security-Auditing	N/A	N/A	Success Audit	gcKEN0400.global.com	Filtering Platform Connection		The Windows Filtering Platform has permitted a bind to a local port.    Application Information:   Process ID:  1180   Application Name: \device\harddiskvolume2\windows\system32\svchost.exe    Network Information:   Source Address:  0.0.0.0   Source Port:  53043   Protocol:  17    Filter Information:   Filter Run-Time ID: 0   Layer Name:  Resource Assignment   Layer Run-Time ID: 36	145963487,the windows filtering platform has permitted a bind to a local port,"auth,windows",2017-05-02T15:02:25.911Z,55560,172.20.46.23,ms_windows_event-1072601665,613,<14>May  2 18:02:52 gcKEN0400.global.com ,4357197864,1,0.0.0.0/514/tcp,2agc-103b59028,11007,gcken0400.global.com,2017-05-02T18:02:52.000Z,5158,ms_windows_event,security,fe30148b-3aed-4b2b-9ad2-dca56b6ec0d6#2195,"{""id"":""fe30148b-3aed-4b2b-9ad2-dca56b6ec0d6#2195"",""num_events"":2705,""data_type"":""passthrough"",""batch_id"":""fe30148b-3aed-4b2b-9ad2-dca56b6ec0d6"",""batch_segment"":0,""customer_id"":""lga03"",""sequence_number"":2194,""source_type"":""json"",""target_index"":""""}",11007, , , , , , , , , , , , , ,53043,0.0.0.0,17,\device\harddiskvolume2\windows\system32\svchost.exe,broadcast rfc1700,rsv, , , , , , , , , , , , , , , , , , , , , , 
microsoft-windows-security-auditing,success audit,other object access events,gcken0400.global.com,127.0.0.1,MSWinEventLog	1	Security	863992	Tue May  2 18:02:52 2017	4656	Microsoft-Windows-Security-Auditing	N/A	N/A	Success Audit	gcKEN0400.global.com	Other Object Access Events		A handle to an object was requested.    Subject:   Security ID:  S-1-5-18   Account Name:  gcKEN0400$   Account Domain:  globalcom   Logon ID:  0x3e7    Object:   Object Server:  PlugPlayManager   Object Type:  Security   Object Name:  PlugPlaySecurityObject   Handle ID:  0x0    Process Information:   Process ID:  0x2d8   Process Name:  C:\Windows\System32\svchost.exe    Access Request Information:   Transaction ID:  {00000000-0000-0000-0000-000000000000}   Accesses:  Unknown specific access (bit 1)         Access Reasons:  -   Access Mask:  0x2   Privileges Used for Access Check: -   Restricted SID Count: 0	145963497,a handle to an object was requested,"auth,windows",2017-05-02T15:02:25.916Z,55560,172.20.46.23,ms_windows_event-1655484026,846,<14>May  2 18:02:52 gcKEN0400.global.com ,4357197870,1,0.0.0.0/514/tcp,2agc-103b5902e,11007,gcken0400.global.com, ,4656,ms_windows_event,security,fe30148b-3aed-4b2b-9ad2-dca56b6ec0d6#2196,"{""id"":""fe30148b-3aed-4b2b-9ad2-dca56b6ec0d6#2196"",""num_events"":2705,""data_type"":""passthrough"",""batch_id"":""fe30148b-3aed-4b2b-9ad2-dca56b6ec0d6"",""batch_segment"":0,""customer_id"":""lga03"",""sequence_number"":2195,""source_type"":""json"",""target_index"":""""}",11007,s-1-5-18,gcken0400$,{00000000-0000-0000-0000-000000000000},plugplaymanager,0x2d8,c:\windows\system32\svchost.exe,-,0x3e7,unknown specific access (bit 1)         access reasons:  -,0,plugplaysecurityobject,globalcom, , , , , , , , , , , , , , , , , , , , , , , , , , , , , 
microsoft-windows-security-auditing,success audit,process termination,gcsmq0602.global.com,127.0.0.1,MSWinEventLog	1	Security	1160088	Tue May  2 11:02:30 2017	4689	Microsoft-Windows-Security-Auditing	N/A	N/A	Success Audit	gcSMQ0602.global.com	Process Termination		A process has exited.    Subject:   Security ID:  S-1-5-80-3958276243-2739099675-334681800-2039304502-2384811254   Account Name:  semsrv   Account Domain:  NT SERVICE   Logon ID:  0x3530a    Process Information:   Process ID: 0x1b98   Process Name: D:\Program Files (x86)\Symantec\Symantec Endpoint Protection Manager\bin\USNWash.exe   Exit Status: 0x400001d7	1210041800,a process has exited,"auth,windows",2017-05-02T15:02:32.278Z,54131,172.21.25.20,ms_windows_event-268340335,580,<14>May  2 11:02:30 gcSMQ0602.global.com ,27946630436,0,0.0.0.0/514/tcp,2b03-681bfbd24,11011,gcsmq0602.global.com,2017-05-02T11:02:30.000Z,4689,ms_windows_event,security,fe30148b-3aed-4b2b-9ad2-dca56b6ec0d6#2236,"{""id"":""fe30148b-3aed-4b2b-9ad2-dca56b6ec0d6#2236"",""num_events"":2705,""data_type"":""passthrough"",""batch_id"":""fe30148b-3aed-4b2b-9ad2-dca56b6ec0d6"",""batch_segment"":0,""customer_id"":""lga03"",""sequence_number"":2235,""source_type"":""json"",""target_index"":""""}",11011, ,semsrv, , ,0x1b98,d:\program files (x86)\symantec\symantec endpoint protection manager\bin\usnwash.exe, ,0x3530a, , , ,nt, , , , , , , , , , , , , , , , , , , , , , , , , , , , , 
microsoft-windows-security-auditing,success audit,filtering platform connection,gcmex0400.global.com,127.0.0.1,MSWinEventLog	1	Security	773413	Tue May  2 10:02:30 2017	5156	Microsoft-Windows-Security-Auditing	N/A	N/A	Success Audit	gcMEX0400.global.com	Filtering Platform Connection		The Windows Filtering Platform has permitted a connection.    Application Information:   Process ID:  1744   Application Name: \device\harddiskvolume2\windows\system32\svchost.exe    Network Information:   Direction:  Inbound   Source Address:  255.255.255.255   Source Port:  68   Destination Address: 172.20.32.23   Destination Port:  67   Protocol:  17    Filter Information:   Filter Run-Time ID: 150322   Layer Name:  Receive/Accept   Layer Run-Time ID: 44	376831458,the windows filtering platform has permitted a connection,"auth,windows",2017-05-02T15:02:32.129Z,64651,172.20.32.23,ms_windows_event-820008369,690,<14>May  2 10:02:30 gcMEX0400.global.com ,2661096453,1,0.0.0.0/514/tcp,2b00-9e9d1c05,11008,gcmex0400.global.com, ,5156,ms_windows_event,security,fe30148b-3aed-4b2b-9ad2-dca56b6ec0d6#2248,"{""id"":""fe30148b-3aed-4b2b-9ad2-dca56b6ec0d6#2248"",""num_events"":2705,""data_type"":""passthrough"",""batch_id"":""fe30148b-3aed-4b2b-9ad2-dca56b6ec0d6"",""batch_segment"":0,""customer_id"":""lga03"",""sequence_number"":2247,""source_type"":""json"",""target_index"":""""}",11008, , , , ,1744, , , , , , , , ,68,255.255.255.255,17,\device\harddiskvolume2\windows\system32\svchost.exe,reserved rfc3330,rsv, , , , , , , , , ,67,172.20.32.23,inbound,private ip address lan,rsv, , , , , , , , 
microsoft-windows-security-auditing,success audit,filtering platform connection,gcken0400.global.com,127.0.0.1,MSWinEventLog	1	Security	863988	Tue May  2 18:02:52 2017	5158	Microsoft-Windows-Security-Auditing	N/A	N/A	Success Audit	gcKEN0400.global.com	Filtering Platform Connection		The Windows Filtering Platform has permitted a bind to a local port.    Application Information:   Process ID:  3012   Application Name: \device\harddiskvolume2\windows\system32\svchost.exe    Network Information:   Source Address:  0.0.0.0   Source Port:  63907   Protocol:  6    Filter Information:   Filter Run-Time ID: 0   Layer Name:  Resource Assignment   Layer Run-Time ID: 36	145963493,the windows filtering platform has permitted a bind to a local port,"auth,windows",2017-05-02T15:02:25.914Z,55560,172.20.46.23,ms_windows_event-1072601665,612,<14>May  2 18:02:52 gcKEN0400.global.com ,4357197867,1,0.0.0.0/514/tcp,2agc-103b5902b,11007,gcken0400.global.com,2017-05-02T18:02:52.000Z,5158,ms_windows_event,security,fe30148b-3aed-4b2b-9ad2-dca56b6ec0d6#2336,"{""id"":""fe30148b-3aed-4b2b-9ad2-dca56b6ec0d6#2336"",""num_events"":2688,""data_type"":""passthrough"",""batch_id"":""fe30148b-3aed-4b2b-9ad2-dca56b6ec0d6"",""batch_segment"":0,""customer_id"":""lga03"",""sequence_number"":2335,""source_type"":""json"",""target_index"":""""}",11007, , , , , , , , , , , , , ,63907,0.0.0.0,6,\device\harddiskvolume2\windows\system32\svchost.exe,broadcast rfc1700,rsv, , , , , , , , , , , , , , , , , , , , , , 
microsoft-windows-security-auditing,success audit,other object access events,gcken0400.global.com,127.0.0.1,MSWinEventLog	1	Security	863995	Tue May  2 18:02:52 2017	4656	Microsoft-Windows-Security-Auditing	N/A	N/A	Success Audit	gcKEN0400.global.com	Other Object Access Events		A handle to an object was requested.    Subject:   Security ID:  S-1-5-18   Account Name:  gcKEN0400$   Account Domain:  globalcom   Logon ID:  0x3e7    Object:   Object Server:  PlugPlayManager   Object Type:  Security   Object Name:  PlugPlaySecurityObject   Handle ID:  0x0    Process Information:   Process ID:  0x2d8   Process Name:  C:\Windows\System32\svchost.exe    Access Request Information:   Transaction ID:  {00000000-0000-0000-0000-000000000000}   Accesses:  Unknown specific access (bit 1)         Access Reasons:  -   Access Mask:  0x2   Privileges Used for Access Check: -   Restricted SID Count: 0	145963500,a handle to an object was requested,"auth,windows",2017-05-02T15:02:25.918Z,55560,172.20.46.23,ms_windows_event-1655484026,846,<14>May  2 18:02:52 gcKEN0400.global.com ,4357197873,1,0.0.0.0/514/tcp,2agc-103b59031,11007,gcken0400.global.com, ,4656,ms_windows_event,security,fe30148b-3aed-4b2b-9ad2-dca56b6ec0d6#2337,"{""id"":""fe30148b-3aed-4b2b-9ad2-dca56b6ec0d6#2337"",""num_events"":2688,""data_type"":""passthrough"",""batch_id"":""fe30148b-3aed-4b2b-9ad2-dca56b6ec0d6"",""batch_segment"":0,""customer_id"":""lga03"",""sequence_number"":2336,""source_type"":""json"",""target_index"":""""}",11007,s-1-5-18,gcken0400$,{00000000-0000-0000-0000-000000000000},plugplaymanager,0x2d8,c:\windows\system32\svchost.exe,-,0x3e7,unknown specific access (bit 1)         access reasons:  -,0,plugplaysecurityobject,globalcom, , , , , , , , , , , , , , , , , , , , , , , , , , , , , 
microsoft-windows-security-auditing,success audit,filtering platform connection,gcmex0400.global.com,127.0.0.1,MSWinEventLog	1	Security	773415	Tue May  2 10:02:32 2017	5156	Microsoft-Windows-Security-Auditing	N/A	N/A	Success Audit	gcMEX0400.global.com	Filtering Platform Connection		The Windows Filtering Platform has permitted a connection.    Application Information:   Process ID:  844   Application Name: \device\harddiskvolume2\windows\system32\svchost.exe    Network Information:   Direction:  Inbound   Source Address:  172.20.32.23   Source Port:  135   Destination Address: 172.21.19.25   Destination Port:  64657   Protocol:  6    Filter Information:   Filter Run-Time ID: 0   Layer Name:  Receive/Accept   Layer Run-Time ID: 44	376831460,the windows filtering platform has permitted a connection,"auth,windows",2017-05-02T15:02:34.156Z,64651,172.20.32.23,ms_windows_event-820008369,684,<14>May  2 10:02:32 gcMEX0400.global.com ,2661096600,1,0.0.0.0/514/tcp,2b00-9e9d1c98,11008,gcmex0400.global.com, ,5156,ms_windows_event,security,fe30148b-3aed-4b2b-9ad2-dca56b6ec0d6#2649,"{""id"":""fe30148b-3aed-4b2b-9ad2-dca56b6ec0d6#2649"",""num_events"":2664,""data_type"":""passthrough"",""batch_id"":""fe30148b-3aed-4b2b-9ad2-dca56b6ec0d6"",""batch_segment"":0,""customer_id"":""lga03"",""sequence_number"":2648,""source_type"":""json"",""target_index"":""""}",11008, , , , ,844, , , , , , , , ,135,172.20.32.23,6,\device\harddiskvolume2\windows\system32\svchost.exe,private ip address lan,rsv, , , , , , , , , ,64657,172.21.19.25,inbound,private ip address lan,rsv, , , , , , , , 
microsoft-windows-security-auditing,success audit,logon,gcsmq0002.global.com,127.0.0.1,MSWinEventLog	1	Security	2131582	Tue May  2 11:02:32 2017	4624	Microsoft-Windows-Security-Auditing	N/A	N/A	Success Audit	gcSMQ0002.global.com	Logon		N/A	304321139,n/a,"auth,windows",2017-05-02T15:02:34.195Z,50165,172.21.14.21,ms_windows_event-796723568,209,<14>May  2 11:02:32 gcSMQ0002.global.com ,27946631219,0,0.0.0.0/514/tcp,2b03-681bfc033,11011,gcsmq0002.global.com,2017-05-02T11:02:32.000Z,4624,ms_windows_event,security,fe30148b-3aed-4b2b-9ad2-dca56b6ec0d6#2668,"{""id"":""fe30148b-3aed-4b2b-9ad2-dca56b6ec0d6#2668"",""num_events"":2664,""data_type"":""passthrough"",""batch_id"":""fe30148b-3aed-4b2b-9ad2-dca56b6ec0d6"",""batch_segment"":0,""customer_id"":""lga03"",""sequence_number"":2667,""source_type"":""json"",""target_index"":""""}",11011, , , , , , , , , , , , , , , , , , , , , , , , , , , , , , , , , , , , , , , , , 
microsoft-windows-security-auditing,success audit,logon,gcmex0400.global.com,127.0.0.1,"MSWinEventLog	1	Security	773421	Tue May  2 10:02:32 2017	4624	Microsoft-Windows-Security-Auditing	N/A	N/A	Success Audit	gcMEX0400.global.com	Logon		An account was successfully logged on.    Subject:   Security ID:  S-1-0-0   Account Name:  -   Account Domain:  -   Logon ID:  0x0    Logon Type:   3    New Logon:   Security ID:  S-1-5-21-2029550947-1910908428-336986018-27183   Account Name:  gcSMQ0601$   Account Domain:  globalcom   Logon ID:  0xe77e402   Logon GUID:  {9B652D89-A41A-E08D-F959-D1E737AC3455}    Process Information:   Process ID:  0x0   Process Name:  -    Network Information:   Workstation Name:    Source Network Address: 172.21.19.25   Source Port:  64657    Detailed Authentication Information:   Logon Process:  Kerberos   Authentication Package: Kerberos   Transited Services: -   Package Name (NTLM only): -   Key Length:  0    This event is generated when a logon session is created. It is generated on the computer that was accessed.    The subject fields indicate the account on the local system which requested the logon. This is most commonly a service such as the Server service, or a local process such as Winlogon.exe or Services.exe.    The logon type field indicates the kind of logon that occurred. The most common types are 2 (interactive) and 3 (network).    The New Logon fields indicate the account for whom the new logon was created, i.e. the account that was logged on.    The network fields indicate where a remote logon request originated. Workstation name is not always available and may be left blank in some cases.    The authentication information fields provide detailed information about this specific logon request.   - Logon GUID is a unique identifier that can be used to correlate this event with a KDC event.   - Transited services indicate which intermediate services have participated in this logon request.   - Package name indicates which sub-protocol was used among the NTLM protocols.   - Key length indicates the length of the generated session key. This will be 0 if no session key was requested.	376831466",an account was successfully logged on,"auth,windows",2017-05-02T15:02:34.160Z,64651,172.20.32.23,ms_windows_event-3795724934,2122,<14>May  2 10:02:32 gcMEX0400.global.com ,2661096606,1,0.0.0.0/514/tcp,2b00-9e9d1c9e,11008,gcmex0400.global.com,2017-05-02T10:02:32.000Z,4624,ms_windows_event,security,fe30148b-3aed-4b2b-9ad2-dca56b6ec0d6#2682,"{""id"":""fe30148b-3aed-4b2b-9ad2-dca56b6ec0d6#2682"",""num_events"":2664,""data_type"":""passthrough"",""batch_id"":""fe30148b-3aed-4b2b-9ad2-dca56b6ec0d6"",""batch_segment"":0,""customer_id"":""lga03"",""sequence_number"":2681,""source_type"":""json"",""target_index"":""""}",11008,s-1-5-21-2029550947-1910908428-336986018-27183,gcsmq0601$, , ,0x0,-, ,0xe77e402, , , ,globalcom, ,64657,172.21.19.25, , ,private ip address lan,rsv,3,this event is generated when a logon session is created, ,,kerberos,"[""1.1.1521""]", , , , , , , , , , , , , , , , 
microsoft-windows-security-auditing,success audit,special logon,gcmex0400.global.com,127.0.0.1,MSWinEventLog	1	Security	773416	Tue May  2 10:02:32 2017	4672	Microsoft-Windows-Security-Auditing	N/A	N/A	Success Audit	gcMEX0400.global.com	Special Logon		Special privileges assigned to new logon.    Subject:   Security ID:  S-1-5-21-2029550947-1910908428-336986018-27183   Account Name:  gcSMQ0601$   Account Domain:  globalcom   Logon ID:  0xe77e402    Privileges:  SeSecurityPrivilege     SeBackupPrivilege     SeRestorePrivilege     SeTakeOwnershipPrivilege     SeDebugPrivilege     SeSystemEnvironmentPrivilege     SeLoadDriverPrivilege     SeImpersonatePrivilege     SeTcbPrivilege     SeCreateTokenPrivilege     SeAuditPrivilege     SeEnableDelegationPrivilege	376831461,special privileges assigned to new logon,"auth,windows",2017-05-02T15:02:34.157Z,64651,172.20.32.23,ms_windows_event-2006199550,730,<14>May  2 10:02:32 gcMEX0400.global.com ,2661096601,1,0.0.0.0/514/tcp,2b00-9e9d1c99,11008,gcmex0400.global.com, ,4672,ms_windows_event,security,fe30148b-3aed-4b2b-9ad2-dca56b6ec0d6#2683,"{""id"":""fe30148b-3aed-4b2b-9ad2-dca56b6ec0d6#2683"",""num_events"":2664,""data_type"":""passthrough"",""batch_id"":""fe30148b-3aed-4b2b-9ad2-dca56b6ec0d6"",""batch_segment"":0,""customer_id"":""lga03"",""sequence_number"":2682,""source_type"":""json"",""target_index"":""""}",11008,s-1-5-21-2029550947-1910908428-336986018-27183,gcsmq0601$ , , , , ,sesecurityprivilege     sebackupprivilege     serestoreprivilege     setakeownershipprivilege     sedebugprivilege     sesystemenvironmentprivilege     seloaddriverprivilege     seimpersonateprivilege     setcbprivilege     secreatetokenprivilege     seauditprivilege     seenabledelegationprivilege,0xe77e402, , , ,globalcom, , , , , , , , , , , , , , , , , , , , , , , , , , , , , 
microsoft-windows-security-auditing,success audit,logogc,gcsmq0002.global.com,127.0.0.1,MSWinEventLog	1	Security	2131533	Tue May  2 11:02:30 2017	4634	Microsoft-Windows-Security-Auditing	N/A	N/A	Success Audit	gcSMQ0002.global.com	Logogc		N/A	304321090,n/a,"auth,windows",2017-05-02T15:02:32.186Z,50165,172.21.14.21,ms_windows_event-1377334112,210,<14>May  2 11:02:30 gcSMQ0002.global.com ,27946630387,0,0.0.0.0/514/tcp,2b03-681bfbcf3,11011,gcsmq0002.global.com,2017-05-02T11:02:30.000Z,4634,ms_windows_event,security,d1e11542-1bd7-4219-b229-b1664e8d6061#246,"{""id"":""d1e11542-1bd7-4219-b229-b1664e8d6061#246"",""num_events"":2954,""data_type"":""passthrough"",""batch_id"":""d1e11542-1bd7-4219-b229-b1664e8d6061"",""batch_segment"":0,""customer_id"":""lga03"",""sequence_number"":245,""source_type"":""json"",""target_index"":""""}",11011, , , , , , , , , , , , , , , , , , , , , , , , , , , , , , , , , , , , , , , , , 
