microsoft-windows-security-auditing,success audit,other object access events,gcmex0400.global.com,127.0.0.1,MSWinEventLog	1	Security	773344	Tue May  2 10:02:26 2017	4656	Microsoft-Windows-Security-Auditing	N/A	N/A	Success Audit	gcMEX0400.global.com	Other Object Access Events		A handle to an object was requested.    Subject:   Security ID:  S-1-5-18   Account Name:  gcMEX0400$   Account Domain:  globalcom   Logon ID:  0x3e7    Object:   Object Server:  PlugPlayManager   Object Type:  Security   Object Name:  PlugPlaySecurityObject   Handle ID:  0x0    Process Information:   Process ID:  0x2e0   Process Name:  C:\Windows\System32\svchost.exe    Access Request Information:   Transaction ID:  {00000000-0000-0000-0000-000000000000}   Accesses:  Unknown specific access (bit 1)         Access Reasons:  -   Access Mask:  0x2   Privileges Used for Access Check: -   Restricted SID Count: 0	376831389,a handle to an object was requested,"auth,windows",2017-05-02T15:02:28.047Z,64651,172.20.32.23,ms_windows_event-1655484026,846,<14>May  2 10:02:26 gcMEX0400.global.com ,2661093884,1,0.0.0.0/514/tcp,2b00-9e9d11fc,11008,gcmex0400.global.com, ,4656,ms_windows_event,security,00f5a207-d250-465a-943f-f7b6bac5548a#1095,"{""id"":""00f5a207-d250-465a-943f-f7b6bac5548a#1095"",""num_events"":3000,""data_type"":""passthrough"",""batch_id"":""00f5a207-d250-465a-943f-f7b6bac5548a"",""batch_segment"":0,""customer_id"":""lga03"",""sequence_number"":1094,""source_type"":""json"",""target_index"":""""}",11008,s-1-5-18,gcmex0400$,{00000000-0000-0000-0000-000000000000},plugplaymanager,0x2e0,c:\windows\system32\svchost.exe,-,0x3e7,unknown specific access (bit 1)         access reasons:  -,0,plugplaysecurityobject,globalcom, , , , , , , , , , , , , , , , , , , , , , , , , , , , , 
microsoft-windows-security-auditing,success audit,other object access events,gcmex0400.global.com,127.0.0.1,MSWinEventLog	1	Security	773348	Tue May  2 10:02:26 2017	4656	Microsoft-Windows-Security-Auditing	N/A	N/A	Success Audit	gcMEX0400.global.com	Other Object Access Events		A handle to an object was requested.    Subject:   Security ID:  S-1-5-18   Account Name:  gcMEX0400$   Account Domain:  globalcom   Logon ID:  0x3e7    Object:   Object Server:  PlugPlayManager   Object Type:  Security   Object Name:  PlugPlaySecurityObject   Handle ID:  0x0    Process Information:   Process ID:  0x2e0   Process Name:  C:\Windows\System32\svchost.exe    Access Request Information:   Transaction ID:  {00000000-0000-0000-0000-000000000000}   Accesses:  Unknown specific access (bit 1)         Access Reasons:  -   Access Mask:  0x2   Privileges Used for Access Check: -   Restricted SID Count: 0	376831393,a handle to an object was requested,"auth,windows",2017-05-02T15:02:28.050Z,64651,172.20.32.23,ms_windows_event-1655484026,846,<14>May  2 10:02:26 gcMEX0400.global.com ,2661093888,1,0.0.0.0/514/tcp,2b00-9e9d1200,11008,gcmex0400.global.com, ,4656,ms_windows_event,security,00f5a207-d250-465a-943f-f7b6bac5548a#1096,"{""id"":""00f5a207-d250-465a-943f-f7b6bac5548a#1096"",""num_events"":3000,""data_type"":""passthrough"",""batch_id"":""00f5a207-d250-465a-943f-f7b6bac5548a"",""batch_segment"":0,""customer_id"":""lga03"",""sequence_number"":1095,""source_type"":""json"",""target_index"":""""}",11008,s-1-5-18,gcmex0400$,{00000000-0000-0000-0000-000000000000},plugplaymanager,0x2e0,c:\windows\system32\svchost.exe,-,0x3e7,unknown specific access (bit 1)         access reasons:  -,0,plugplaysecurityobject,globalcom, , , , , , , , , , , , , , , , , , , , , , , , , , , , , 
microsoft-windows-security-auditing,success audit,other object access events,gcmex0400.global.com,127.0.0.1,MSWinEventLog	1	Security	773352	Tue May  2 10:02:26 2017	4656	Microsoft-Windows-Security-Auditing	N/A	N/A	Success Audit	gcMEX0400.global.com	Other Object Access Events		A handle to an object was requested.    Subject:   Security ID:  S-1-5-18   Account Name:  gcMEX0400$   Account Domain:  globalcom   Logon ID:  0x3e7    Object:   Object Server:  PlugPlayManager   Object Type:  Security   Object Name:  PlugPlaySecurityObject   Handle ID:  0x0    Process Information:   Process ID:  0x2e0   Process Name:  C:\Windows\System32\svchost.exe    Access Request Information:   Transaction ID:  {00000000-0000-0000-0000-000000000000}   Accesses:  Unknown specific access (bit 1)         Access Reasons:  -   Access Mask:  0x2   Privileges Used for Access Check: -   Restricted SID Count: 0	376831397,a handle to an object was requested,"auth,windows",2017-05-02T15:02:28.053Z,64651,172.20.32.23,ms_windows_event-1655484026,846,<14>May  2 10:02:26 gcMEX0400.global.com ,2661093892,1,0.0.0.0/514/tcp,2b00-9e9d1204,11008,gcmex0400.global.com, ,4656,ms_windows_event,security,00f5a207-d250-465a-943f-f7b6bac5548a#1097,"{""id"":""00f5a207-d250-465a-943f-f7b6bac5548a#1097"",""num_events"":3000,""data_type"":""passthrough"",""batch_id"":""00f5a207-d250-465a-943f-f7b6bac5548a"",""batch_segment"":0,""customer_id"":""lga03"",""sequence_number"":1096,""source_type"":""json"",""target_index"":""""}",11008,s-1-5-18,gcmex0400$,{00000000-0000-0000-0000-000000000000},plugplaymanager,0x2e0,c:\windows\system32\svchost.exe,-,0x3e7,unknown specific access (bit 1)         access reasons:  -,0,plugplaysecurityobject,globalcom, , , , , , , , , , , , , , , , , , , , , , , , , , , , , 
microsoft-windows-security-auditing,success audit,other object access events,gcmex0400.global.com,127.0.0.1,MSWinEventLog	1	Security	773356	Tue May  2 10:02:26 2017	4656	Microsoft-Windows-Security-Auditing	N/A	N/A	Success Audit	gcMEX0400.global.com	Other Object Access Events		A handle to an object was requested.    Subject:   Security ID:  S-1-5-18   Account Name:  gcMEX0400$   Account Domain:  globalcom   Logon ID:  0x3e7    Object:   Object Server:  PlugPlayManager   Object Type:  Security   Object Name:  PlugPlaySecurityObject   Handle ID:  0x0    Process Information:   Process ID:  0x2e0   Process Name:  C:\Windows\System32\svchost.exe    Access Request Information:   Transaction ID:  {00000000-0000-0000-0000-000000000000}   Accesses:  Unknown specific access (bit 1)         Access Reasons:  -   Access Mask:  0x2   Privileges Used for Access Check: -   Restricted SID Count: 0	376831401,a handle to an object was requested,"auth,windows",2017-05-02T15:02:28.055Z,64651,172.20.32.23,ms_windows_event-1655484026,846,<14>May  2 10:02:26 gcMEX0400.global.com ,2661093896,1,0.0.0.0/514/tcp,2b00-9e9d1208,11008,gcmex0400.global.com, ,4656,ms_windows_event,security,00f5a207-d250-465a-943f-f7b6bac5548a#1098,"{""id"":""00f5a207-d250-465a-943f-f7b6bac5548a#1098"",""num_events"":3000,""data_type"":""passthrough"",""batch_id"":""00f5a207-d250-465a-943f-f7b6bac5548a"",""batch_segment"":0,""customer_id"":""lga03"",""sequence_number"":1097,""source_type"":""json"",""target_index"":""""}",11008,s-1-5-18,gcmex0400$,{00000000-0000-0000-0000-000000000000},plugplaymanager,0x2e0,c:\windows\system32\svchost.exe,-,0x3e7,unknown specific access (bit 1)         access reasons:  -,0,plugplaysecurityobject,globalcom, , , , , , , , , , , , , , , , , , , , , , , , , , , , , 
microsoft-windows-security-auditing,success audit,other object access events,gcmex0400.global.com,127.0.0.1,MSWinEventLog	1	Security	773366	Tue May  2 10:02:26 2017	4656	Microsoft-Windows-Security-Auditing	N/A	N/A	Success Audit	gcMEX0400.global.com	Other Object Access Events		A handle to an object was requested.    Subject:   Security ID:  S-1-5-18   Account Name:  gcMEX0400$   Account Domain:  globalcom   Logon ID:  0x3e7    Object:   Object Server:  PlugPlayManager   Object Type:  Security   Object Name:  PlugPlaySecurityObject   Handle ID:  0x0    Process Information:   Process ID:  0x2e0   Process Name:  C:\Windows\System32\svchost.exe    Access Request Information:   Transaction ID:  {00000000-0000-0000-0000-000000000000}   Accesses:  Unknown specific access (bit 1)         Access Reasons:  -   Access Mask:  0x2   Privileges Used for Access Check: -   Restricted SID Count: 0	376831411,a handle to an object was requested,"auth,windows",2017-05-02T15:02:28.060Z,64651,172.20.32.23,ms_windows_event-1655484026,846,<14>May  2 10:02:26 gcMEX0400.global.com ,2661093906,1,0.0.0.0/514/tcp,2b00-9e9d1212,11008,gcmex0400.global.com, ,4656,ms_windows_event,security,00f5a207-d250-465a-943f-f7b6bac5548a#1101,"{""id"":""00f5a207-d250-465a-943f-f7b6bac5548a#1101"",""num_events"":3000,""data_type"":""passthrough"",""batch_id"":""00f5a207-d250-465a-943f-f7b6bac5548a"",""batch_segment"":0,""customer_id"":""lga03"",""sequence_number"":1100,""source_type"":""json"",""target_index"":""""}",11008,s-1-5-18,gcmex0400$,{00000000-0000-0000-0000-000000000000},plugplaymanager,0x2e0,c:\windows\system32\svchost.exe,-,0x3e7,unknown specific access (bit 1)         access reasons:  -,0,plugplaysecurityobject,globalcom, , , , , , , , , , , , , , , , , , , , , , , , , , , , , 
microsoft-windows-security-auditing,success audit,logogc,gcsmq0020.global.com,127.0.0.1,MSWinEventLog	1	Security	472273	Tue May  2 11:02:27 2017	4634	Microsoft-Windows-Security-Auditing	N/A	N/A	Success Audit	gcSMQ0020.global.com	Logogc		N/A	64136843,n/a,"auth,windows",2017-05-02T15:02:28.677Z,60856,172.21.220.20,ms_windows_event-1377334112,208,<14>May  2 11:02:27 gcSMQ0020.global.com ,27946628155,0,0.0.0.0/514/tcp,2b03-681bfb43b,11011,gcsmq0020.global.com,2017-05-02T11:02:27.000Z,4634,ms_windows_event,security,00f5a207-d250-465a-943f-f7b6bac5548a#1248,"{""id"":""00f5a207-d250-465a-943f-f7b6bac5548a#1248"",""num_events"":3000,""data_type"":""passthrough"",""batch_id"":""00f5a207-d250-465a-943f-f7b6bac5548a"",""batch_segment"":0,""customer_id"":""lga03"",""sequence_number"":1247,""source_type"":""json"",""target_index"":""""}",11011, , , , , , , , , , , , , , , , , , , , , , , , , , , , , , , , , , , , , , , , , 
microsoft-windows-security-auditing,success audit,special logon,gcsmq0601.global.com,127.0.0.1,MSWinEventLog	1	Security	3424678	Tue May  2 11:02:28 2017	4672	Microsoft-Windows-Security-Auditing	N/A	N/A	Success Audit	gcsmq0601.global.com	Special Logon		Special privileges assigned to new logon.    Subject:   Security ID:  S-1-5-21-2029550947-1910908428-336986018-38176   Account Name:  COLLT5533$   Account Domain:  globalcom   Logon ID:  0x1b5ec8f4    Privileges:  SeTcbPrivilege	1445129569,special privileges assigned to new logon,"auth,windows",2017-05-02T15:02:29.164Z,49941,172.21.19.25,ms_windows_event-2006199550,448,<14>May  2 11:02:28 gcsmq0601.global.com ,27946628292,0,0.0.0.0/514/tcp,2b03-681bfb4c4,11011,gcsmq0601.global.com, ,4672,ms_windows_event,security,00f5a207-d250-465a-943f-f7b6bac5548a#1325,"{""id"":""00f5a207-d250-465a-943f-f7b6bac5548a#1325"",""num_events"":3000,""data_type"":""passthrough"",""batch_id"":""00f5a207-d250-465a-943f-f7b6bac5548a"",""batch_segment"":0,""customer_id"":""lga03"",""sequence_number"":1324,""source_type"":""json"",""target_index"":""""}",11011,s-1-5-21-2029550947-1910908428-336986018-38176,collt5533$ , , , , ,setcbprivilege,0x1b5ec8f4, , , ,globalcom, , , , , , , , , , , , , , , , , , , , , , , , , , , , , 
microsoft-windows-security-auditing,success audit,logon,gcsmq0000.global.com,127.0.0.1,MSWinEventLog	1	Security	1629817	Tue May  2 11:02:28 2017	4624	Microsoft-Windows-Security-Auditing	N/A	N/A	Success Audit	gcSMQ0000.global.com	Logon		N/A	186394906,n/a,"auth,windows",2017-05-02T15:02:29.583Z,51131,172.21.14.20,ms_windows_event-796723568,209,<14>May  2 11:02:28 gcSMQ0000.global.com ,27946628455,0,0.0.0.0/514/tcp,2b03-681bfb567,11011,gcsmq0000.global.com,2017-05-02T11:02:28.000Z,4624,ms_windows_event,security,00f5a207-d250-465a-943f-f7b6bac5548a#1421,"{""id"":""00f5a207-d250-465a-943f-f7b6bac5548a#1421"",""num_events"":3000,""data_type"":""passthrough"",""batch_id"":""00f5a207-d250-465a-943f-f7b6bac5548a"",""batch_segment"":0,""customer_id"":""lga03"",""sequence_number"":1420,""source_type"":""json"",""target_index"":""""}",11011, , , , , , , , , , , , , , , , , , , , , , , , , , , , , , , , , , , , , , , , , 
microsoft-windows-security-auditing,success audit,logon,gcsmq0020.global.com,127.0.0.1,MSWinEventLog	1	Security	472276	Tue May  2 11:02:28 2017	4624	Microsoft-Windows-Security-Auditing	N/A	N/A	Success Audit	gcSMQ0020.global.com	Logon		N/A	64136846,n/a,"auth,windows",2017-05-02T15:02:29.677Z,60856,172.21.220.20,ms_windows_event-796723568,207,<14>May  2 11:02:28 gcSMQ0020.global.com ,27946628461,0,0.0.0.0/514/tcp,2b03-681bfb56d,11011,gcsmq0020.global.com,2017-05-02T11:02:28.000Z,4624,ms_windows_event,security,00f5a207-d250-465a-943f-f7b6bac5548a#1422,"{""id"":""00f5a207-d250-465a-943f-f7b6bac5548a#1422"",""num_events"":3000,""data_type"":""passthrough"",""batch_id"":""00f5a207-d250-465a-943f-f7b6bac5548a"",""batch_segment"":0,""customer_id"":""lga03"",""sequence_number"":1421,""source_type"":""json"",""target_index"":""""}",11011, , , , , , , , , , , , , , , , , , , , , , , , , , , , , , , , , , , , , , , , , 
microsoft-windows-security-auditing,success audit,kerberos service ticket operations,gcsmq0002.global.com,127.0.0.1,MSWinEventLog	1	Security	2131467	Tue May  2 11:02:28 2017	4769	Microsoft-Windows-Security-Auditing	N/A	N/A	Success Audit	gcSMQ0002.global.com	Kerberos Service Ticket Operations		N/A	304321024,n/a,"auth,windows",2017-05-02T15:02:29.156Z,50165,172.21.14.21,ms_windows_event-2408821607,238,<14>May  2 11:02:28 gcSMQ0002.global.com ,27946628272,0,0.0.0.0/514/tcp,2b03-681bfb4b0,11011,gcsmq0002.global.com,2017-05-02T11:02:28.000Z,4769,ms_windows_event,security,00f5a207-d250-465a-943f-f7b6bac5548a#1487,"{""id"":""00f5a207-d250-465a-943f-f7b6bac5548a#1487"",""num_events"":3000,""data_type"":""passthrough"",""batch_id"":""00f5a207-d250-465a-943f-f7b6bac5548a"",""batch_segment"":0,""customer_id"":""lga03"",""sequence_number"":1486,""source_type"":""json"",""target_index"":""""}",11011, , , , , , , , , , , , , , , , , , , , , , , , , , , , , , , , , , , , , , , , , 
microsoft-windows-security-auditing,success audit,logon,gcsmq0002.global.com,127.0.0.1,MSWinEventLog	1	Security	2131472	Tue May  2 11:02:28 2017	4624	Microsoft-Windows-Security-Auditing	N/A	N/A	Success Audit	gcSMQ0002.global.com	Logon		N/A	304321029,n/a,"auth,windows",2017-05-02T15:02:29.156Z,50165,172.21.14.21,ms_windows_event-796723568,209,<14>May  2 11:02:28 gcSMQ0002.global.com ,27946628277,0,0.0.0.0/514/tcp,2b03-681bfb4b5,11011,gcsmq0002.global.com,2017-05-02T11:02:28.000Z,4624,ms_windows_event,security,00f5a207-d250-465a-943f-f7b6bac5548a#1489,"{""id"":""00f5a207-d250-465a-943f-f7b6bac5548a#1489"",""num_events"":3000,""data_type"":""passthrough"",""batch_id"":""00f5a207-d250-465a-943f-f7b6bac5548a"",""batch_segment"":0,""customer_id"":""lga03"",""sequence_number"":1488,""source_type"":""json"",""target_index"":""""}",11011, , , , , , , , , , , , , , , , , , , , , , , , , , , , , , , , , , , , , , , , , 
microsoft-windows-security-auditing,success audit,logogc,gcbrw0000.global.com,127.0.0.1,MSWinEventLog	1	Security	796164	Tue May  2 11:02:26 2017	4634	Microsoft-Windows-Security-Auditing	N/A	N/A	Success Audit	gcBRW0000.global.com	Logogc		An account was logged ogc.    Subject:   Security ID:  S-1-5-21-2029550947-1910908428-336986018-23974   Account Name:  E.Oleary   Account Domain:  globalcom   Logon ID:  0x9F7F8D7    Logon Type:   3    This event is generated when a logon session is destroyed. It may be positively correlated with a logon event using the Logon ID value. Logon IDs are only unique between reboots on the same computer.	64590873,an account was logged ogc,"auth,windows",2017-05-02T15:04:24.808Z,54837,172.24.19.20,ms_windows_event-3012490973,611,<14>May  2 11:02:26 gcBRW0000.global.com ,3969006770,1,0.0.0.0/514/tcp,2b04-ec923cb2,11012,gcbrw0000.global.com,2017-05-02T11:02:26.000Z,4634,ms_windows_event,security,00f5a207-d250-465a-943f-f7b6bac5548a#1569,"{""id"":""00f5a207-d250-465a-943f-f7b6bac5548a#1569"",""num_events"":3000,""data_type"":""passthrough"",""batch_id"":""00f5a207-d250-465a-943f-f7b6bac5548a"",""batch_segment"":0,""customer_id"":""lga03"",""sequence_number"":1568,""source_type"":""json"",""target_index"":""""}",11012,s-1-5-21-2029550947-1910908428-336986018-23974,e.oleary, , , , , ,0x9f7f8d7, , , ,globalcom, , , , , , , ,3,this event is generated when a logon session is destroyed, , , , , , , , , , , , , , , , , , , , 
microsoft-windows-security-auditing,success audit,filtering platform connection,gcegy0400.global.com,127.0.0.1,MSWinEventLog	1	Security	1078832	Tue May  2 17:02:26 2017	5158	Microsoft-Windows-Security-Auditing	N/A	N/A	Success Audit	gcEGY0400.global.com	Filtering Platform Connection		The Windows Filtering Platform has permitted a bind to a local port.    Application Information:   Process ID:  636   Application Name: \device\harddiskvolume2\windows\system32\lsass.exe    Network Information:   Source Address:  0.0.0.0   Source Port:  60069   Protocol:  17    Filter Information:   Filter Run-Time ID: 0   Layer Name:  Resource Assignment   Layer Run-Time ID: 36	169322672,the windows filtering platform has permitted a bind to a local port,"auth,windows",2017-05-02T15:02:28.731Z,62367,172.20.40.23,ms_windows_event-1072601665,611,<14>May  2 17:02:26 gcEGY0400.global.com ,192247940,1,0.0.0.0/514/tcp,2afc-b757884,11004,gcegy0400.global.com,2017-05-02T17:02:26.000Z,5158,ms_windows_event,security,00f5a207-d250-465a-943f-f7b6bac5548a#1659,"{""id"":""00f5a207-d250-465a-943f-f7b6bac5548a#1659"",""num_events"":3000,""data_type"":""passthrough"",""batch_id"":""00f5a207-d250-465a-943f-f7b6bac5548a"",""batch_segment"":0,""customer_id"":""lga03"",""sequence_number"":1658,""source_type"":""json"",""target_index"":""""}",11004, , , , , , , , , , , , , ,60069,0.0.0.0,17,\device\harddiskvolume2\windows\system32\lsass.exe,broadcast rfc1700,rsv, , , , , , , , , , , , , , , , , , , , , , 
microsoft-windows-security-auditing,success audit,filtering platform connection,gcegy0400.global.com,127.0.0.1,MSWinEventLog	1	Security	1078840	Tue May  2 17:02:27 2017	5158	Microsoft-Windows-Security-Auditing	N/A	N/A	Success Audit	gcEGY0400.global.com	Filtering Platform Connection		The Windows Filtering Platform has permitted a bind to a local port.    Application Information:   Process ID:  1020   Application Name: \device\harddiskvolume2\windows\system32\svchost.exe    Network Information:   Source Address:  0.0.0.0   Source Port:  54838   Protocol:  6    Filter Information:   Filter Run-Time ID: 0   Layer Name:  Resource Assignment   Layer Run-Time ID: 36	169322680,the windows filtering platform has permitted a bind to a local port,"auth,windows",2017-05-02T15:02:28.755Z,62367,172.20.40.23,ms_windows_event-1072601665,613,<14>May  2 17:02:27 gcEGY0400.global.com ,192247944,1,0.0.0.0/514/tcp,2afc-b757888,11004,gcegy0400.global.com,2017-05-02T17:02:27.000Z,5158,ms_windows_event,security,00f5a207-d250-465a-943f-f7b6bac5548a#1660,"{""id"":""00f5a207-d250-465a-943f-f7b6bac5548a#1660"",""num_events"":3000,""data_type"":""passthrough"",""batch_id"":""00f5a207-d250-465a-943f-f7b6bac5548a"",""batch_segment"":0,""customer_id"":""lga03"",""sequence_number"":1659,""source_type"":""json"",""target_index"":""""}",11004, , , , , , , , , , , , , ,54838,0.0.0.0,6,\device\harddiskvolume2\windows\system32\svchost.exe,broadcast rfc1700,rsv, , , , , , , , , , , , , , , , , , , , , , 
microsoft-windows-security-auditing,success audit,kerberos service ticket operations,gcsmq0002.global.com,127.0.0.1,MSWinEventLog	1	Security	2131463	Tue May  2 11:02:28 2017	4769	Microsoft-Windows-Security-Auditing	N/A	N/A	Success Audit	gcSMQ0002.global.com	Kerberos Service Ticket Operations		N/A	304321020,n/a,"auth,windows",2017-05-02T15:02:29.150Z,50165,172.21.14.21,ms_windows_event-2408821607,238,<14>May  2 11:02:28 gcSMQ0002.global.com ,27946628268,0,0.0.0.0/514/tcp,2b03-681bfb4ac,11011,gcsmq0002.global.com,2017-05-02T11:02:28.000Z,4769,ms_windows_event,security,00f5a207-d250-465a-943f-f7b6bac5548a#1667,"{""id"":""00f5a207-d250-465a-943f-f7b6bac5548a#1667"",""num_events"":3000,""data_type"":""passthrough"",""batch_id"":""00f5a207-d250-465a-943f-f7b6bac5548a"",""batch_segment"":0,""customer_id"":""lga03"",""sequence_number"":1666,""source_type"":""json"",""target_index"":""""}",11011, , , , , , , , , , , , , , , , , , , , , , , , , , , , , , , , , , , , , , , , , 
microsoft-windows-security-auditing,success audit,logon,gcsmq0000.global.com,127.0.0.1,MSWinEventLog	1	Security	1629819	Tue May  2 11:02:28 2017	4624	Microsoft-Windows-Security-Auditing	N/A	N/A	Success Audit	gcSMQ0000.global.com	Logon		N/A	186394908,n/a,"auth,windows",2017-05-02T15:02:29.585Z,51131,172.21.14.20,ms_windows_event-796723568,209,<14>May  2 11:02:28 gcSMQ0000.global.com ,27946628457,0,0.0.0.0/514/tcp,2b03-681bfb569,11011,gcsmq0000.global.com,2017-05-02T11:02:28.000Z,4624,ms_windows_event,security,00f5a207-d250-465a-943f-f7b6bac5548a#1707,"{""id"":""00f5a207-d250-465a-943f-f7b6bac5548a#1707"",""num_events"":3000,""data_type"":""passthrough"",""batch_id"":""00f5a207-d250-465a-943f-f7b6bac5548a"",""batch_segment"":0,""customer_id"":""lga03"",""sequence_number"":1706,""source_type"":""json"",""target_index"":""""}",11011, , , , , , , , , , , , , , , , , , , , , , , , , , , , , , , , , , , , , , , , , 
microsoft-windows-security-auditing,success audit,logogc,gcsmq0020.global.com,127.0.0.1,MSWinEventLog	1	Security	472275	Tue May  2 11:02:28 2017	4634	Microsoft-Windows-Security-Auditing	N/A	N/A	Success Audit	gcSMQ0020.global.com	Logogc		N/A	64136845,n/a,"auth,windows",2017-05-02T15:02:29.676Z,60856,172.21.220.20,ms_windows_event-1377334112,208,<14>May  2 11:02:28 gcSMQ0020.global.com ,27946628460,0,0.0.0.0/514/tcp,2b03-681bfb56c,11011,gcsmq0020.global.com,2017-05-02T11:02:28.000Z,4634,ms_windows_event,security,00f5a207-d250-465a-943f-f7b6bac5548a#1708,"{""id"":""00f5a207-d250-465a-943f-f7b6bac5548a#1708"",""num_events"":3000,""data_type"":""passthrough"",""batch_id"":""00f5a207-d250-465a-943f-f7b6bac5548a"",""batch_segment"":0,""customer_id"":""lga03"",""sequence_number"":1707,""source_type"":""json"",""target_index"":""""}",11011, , , , , , , , , , , , , , , , , , , , , , , , , , , , , , , , , , , , , , , , , 
microsoft-windows-security-auditing,success audit,other object access events,gcmex0400.global.com,127.0.0.1,MSWinEventLog	1	Security	773400	Tue May  2 10:02:26 2017	4656	Microsoft-Windows-Security-Auditing	N/A	N/A	Success Audit	gcMEX0400.global.com	Other Object Access Events		A handle to an object was requested.    Subject:   Security ID:  S-1-5-18   Account Name:  gcMEX0400$   Account Domain:  globalcom   Logon ID:  0x3e7    Object:   Object Server:  PlugPlayManager   Object Type:  Security   Object Name:  PlugPlaySecurityObject   Handle ID:  0x0    Process Information:   Process ID:  0x2e0   Process Name:  C:\Windows\System32\svchost.exe    Access Request Information:   Transaction ID:  {00000000-0000-0000-0000-000000000000}   Accesses:  Unknown specific access (bit 1)         Access Reasons:  -   Access Mask:  0x2   Privileges Used for Access Check: -   Restricted SID Count: 0	376831445,a handle to an object was requested,"auth,windows",2017-05-02T15:02:28.078Z,64651,172.20.32.23,ms_windows_event-1655484026,846,<14>May  2 10:02:26 gcMEX0400.global.com ,2661093940,1,0.0.0.0/514/tcp,2b00-9e9d1234,11008,gcmex0400.global.com, ,4656,ms_windows_event,security,00f5a207-d250-465a-943f-f7b6bac5548a#1760,"{""id"":""00f5a207-d250-465a-943f-f7b6bac5548a#1760"",""num_events"":3000,""data_type"":""passthrough"",""batch_id"":""00f5a207-d250-465a-943f-f7b6bac5548a"",""batch_segment"":0,""customer_id"":""lga03"",""sequence_number"":1759,""source_type"":""json"",""target_index"":""""}",11008,s-1-5-18,gcmex0400$,{00000000-0000-0000-0000-000000000000},plugplaymanager,0x2e0,c:\windows\system32\svchost.exe,-,0x3e7,unknown specific access (bit 1)         access reasons:  -,0,plugplaysecurityobject,globalcom, , , , , , , , , , , , , , , , , , , , , , , , , , , , , 
microsoft-windows-security-auditing,success audit,other object access events,gcmex0400.global.com,127.0.0.1,MSWinEventLog	1	Security	773406	Tue May  2 10:02:26 2017	4656	Microsoft-Windows-Security-Auditing	N/A	N/A	Success Audit	gcMEX0400.global.com	Other Object Access Events		A handle to an object was requested.    Subject:   Security ID:  S-1-5-18   Account Name:  gcMEX0400$   Account Domain:  globalcom   Logon ID:  0x3e7    Object:   Object Server:  PlugPlayManager   Object Type:  Security   Object Name:  PlugPlaySecurityObject   Handle ID:  0x0    Process Information:   Process ID:  0x2e0   Process Name:  C:\Windows\System32\svchost.exe    Access Request Information:   Transaction ID:  {00000000-0000-0000-0000-000000000000}   Accesses:  Unknown specific access (bit 1)         Access Reasons:  -   Access Mask:  0x2   Privileges Used for Access Check: -   Restricted SID Count: 0	376831451,a handle to an object was requested,"auth,windows",2017-05-02T15:02:28.080Z,64651,172.20.32.23,ms_windows_event-1655484026,846,<14>May  2 10:02:26 gcMEX0400.global.com ,2661093946,1,0.0.0.0/514/tcp,2b00-9e9d123a,11008,gcmex0400.global.com, ,4656,ms_windows_event,security,00f5a207-d250-465a-943f-f7b6bac5548a#1761,"{""id"":""00f5a207-d250-465a-943f-f7b6bac5548a#1761"",""num_events"":3000,""data_type"":""passthrough"",""batch_id"":""00f5a207-d250-465a-943f-f7b6bac5548a"",""batch_segment"":0,""customer_id"":""lga03"",""sequence_number"":1760,""source_type"":""json"",""target_index"":""""}",11008,s-1-5-18,gcmex0400$,{00000000-0000-0000-0000-000000000000},plugplaymanager,0x2e0,c:\windows\system32\svchost.exe,-,0x3e7,unknown specific access (bit 1)         access reasons:  -,0,plugplaysecurityobject,globalcom, , , , , , , , , , , , , , , , , , , , , , , , , , , , , 
microsoft-windows-security-auditing,success audit,logon,gcegy0000.global.com,127.0.0.1,MSWinEventLog	1	Security	139717	Tue May  2 17:02:28 2017	4624	Microsoft-Windows-Security-Auditing	N/A	N/A	Success Audit	gcEGY0000.global.com	Logon		N/A	18650888,n/a,"auth,windows",2017-05-02T15:02:30.131Z,51416,172.20.40.22,ms_windows_event-796723568,207,<14>May  2 17:02:28 gcEGY0000.global.com ,192247999,1,0.0.0.0/514/tcp,2afc-b7578bf,11004,gcegy0000.global.com,2017-05-02T17:02:28.000Z,4624,ms_windows_event,security,00f5a207-d250-465a-943f-f7b6bac5548a#1896,"{""id"":""00f5a207-d250-465a-943f-f7b6bac5548a#1896"",""num_events"":3000,""data_type"":""passthrough"",""batch_id"":""00f5a207-d250-465a-943f-f7b6bac5548a"",""batch_segment"":0,""customer_id"":""lga03"",""sequence_number"":1895,""source_type"":""json"",""target_index"":""""}",11004, , , , , , , , , , , , , , , , , , , , , , , , , , , , , , , , , , , , , , , , , 
microsoft-windows-security-auditing,success audit,filtering platform connection,gcind0400.global.com,127.0.0.1,MSWinEventLog	1	Security	1535104	Tue May  2 20:30:43 2017	5158	Microsoft-Windows-Security-Auditing	N/A	N/A	Success Audit	gcIND0400.global.com	Filtering Platform Connection		The Windows Filtering Platform has permitted a bind to a local port.    Application Information:   Process ID:  1452   Application Name: \device\harddiskvolume2\windows\system32\spoolsv.exe    Network Information:   Source Address:  0.0.0.0   Source Port:  58808   Protocol:  6    Filter Information:   Filter Run-Time ID: 0   Layer Name:  Resource Assignment   Layer Run-Time ID: 36	671456057,the windows filtering platform has permitted a bind to a local port,"auth,windows",2017-05-02T15:02:30.058Z,63364,172.20.42.23,ms_windows_event-1072601665,613,<14>May  2 20:30:43 gcIND0400.global.com ,285062889,1,0.0.0.0/514/tcp,2afe-10fdb6e9,11006,gcind0400.global.com,2017-05-02T20:30:43.000Z,5158,ms_windows_event,security,00f5a207-d250-465a-943f-f7b6bac5548a#1936,"{""id"":""00f5a207-d250-465a-943f-f7b6bac5548a#1936"",""num_events"":3000,""data_type"":""passthrough"",""batch_id"":""00f5a207-d250-465a-943f-f7b6bac5548a"",""batch_segment"":0,""customer_id"":""lga03"",""sequence_number"":1935,""source_type"":""json"",""target_index"":""""}",11006, , , , , , , , , , , , , ,58808,0.0.0.0,6,\device\harddiskvolume2\windows\system32\spoolsv.exe,broadcast rfc1700,rsv, , , , , , , , , , , , , , , , , , , , , , 
microsoft-windows-security-auditing,success audit,filtering platform connection,gcind0400.global.com,127.0.0.1,MSWinEventLog	1	Security	1535112	Tue May  2 20:30:43 2017	5158	Microsoft-Windows-Security-Auditing	N/A	N/A	Success Audit	gcIND0400.global.com	Filtering Platform Connection		The Windows Filtering Platform has permitted a bind to a local port.    Application Information:   Process ID:  640   Application Name: \device\harddiskvolume2\windows\system32\lsass.exe    Network Information:   Source Address:  0.0.0.0   Source Port:  58810   Protocol:  6    Filter Information:   Filter Run-Time ID: 0   Layer Name:  Resource Assignment   Layer Run-Time ID: 36	671456065,the windows filtering platform has permitted a bind to a local port,"auth,windows",2017-05-02T15:02:30.062Z,63364,172.20.42.23,ms_windows_event-1072601665,610,<14>May  2 20:30:43 gcIND0400.global.com ,285062893,1,0.0.0.0/514/tcp,2afe-10fdb6ed,11006,gcind0400.global.com,2017-05-02T20:30:43.000Z,5158,ms_windows_event,security,00f5a207-d250-465a-943f-f7b6bac5548a#1937,"{""id"":""00f5a207-d250-465a-943f-f7b6bac5548a#1937"",""num_events"":3000,""data_type"":""passthrough"",""batch_id"":""00f5a207-d250-465a-943f-f7b6bac5548a"",""batch_segment"":0,""customer_id"":""lga03"",""sequence_number"":1936,""source_type"":""json"",""target_index"":""""}",11006, , , , , , , , , , , , , ,58810,0.0.0.0,6,\device\harddiskvolume2\windows\system32\lsass.exe,broadcast rfc1700,rsv, , , , , , , , , , , , , , , , , , , , , , 
microsoft-windows-security-auditing,success audit,detailed file share,gcind0400.global.com,127.0.0.1,MSWinEventLog	1	Security	1535128	Tue May  2 20:30:44 2017	5145	Microsoft-Windows-Security-Auditing	N/A	N/A	Success Audit	gcIND0400.global.com	Detailed File Share		A network share object was checked to see whether client can be granted desired access.     Subject:   Security ID:  S-1-5-19   Account Name:  LOCAL SERVICE   Account Domain:  NT AUTHORITY   Logon ID:  0x3e5    Network Information:    Object Type:  File   Source Address:  fe80::d804:454c:b911:c796   Source Port:  58812     Share Information:   Share Name:  \\*\SMPSTOREU_FE3A15E2$   Share Path:  \??\U:\Windows 10 Migration User Data\SMPSTOREU_FE3A15E2$   Relative Target Name: \    Access Request Information:   Access Mask:  0x20080   Accesses:  READ_CONTROL      ReadAttributes        Access Check Results:   -  	671456081,a network share object was checked to see whether client can be granted desired access.     subject:   security id:  s-1-5-19   account name:  local service   account domain:  nt authority   logon id:  0x3e5    network information:    object type:  file   source address:  fe80::d804:454c:b911:c796   source port:  58812     share information:   share name:  \\*\smpstoreu_fe3a15e2$   share path:  \??\u:\windows 10 migration user data\smpstoreu_fe3a15e2$   relative target name: \    access request information:   access mask:  0x20080   accesses:  read_control      readattributes        access check results:   -,"auth,windows",2017-05-02T15:02:30.071Z,63364,172.20.42.23,ms_windows_event-2048817195,837,<14>May  2 20:30:44 gcIND0400.global.com ,285062905,1,0.0.0.0/514/tcp,2afe-10fdb6f9,11006,gcind0400.global.com,2017-05-02T20:30:44.000Z,5145,ms_windows_event,security,00f5a207-d250-465a-943f-f7b6bac5548a#2109,"{""id"":""00f5a207-d250-465a-943f-f7b6bac5548a#2109"",""num_events"":3000,""data_type"":""passthrough"",""batch_id"":""00f5a207-d250-465a-943f-f7b6bac5548a"",""batch_segment"":0,""customer_id"":""lga03"",""sequence_number"":2108,""source_type"":""json"",""target_index"":""""}",11006, , , , , , , , , , , , , , , , , , , , , , , , , , , , , , , , , , , , , , , , , 
microsoft-windows-security-auditing,success audit,credential validation,gcsmq0002.global.com,127.0.0.1,MSWinEventLog	1	Security	2131424	Tue May  2 11:02:27 2017	4776	Microsoft-Windows-Security-Auditing	N/A	N/A	Success Audit	gcSMQ0002.global.com	Credential Validation		N/A	304320981,n/a,"auth,windows",2017-05-02T15:02:28.136Z,50165,172.21.14.21,ms_windows_event-2768218977,225,<14>May  2 11:02:27 gcSMQ0002.global.com ,27946627842,0,0.0.0.0/514/tcp,2b03-681bfb302,11011,gcsmq0002.global.com,2017-05-02T11:02:27.000Z,4776,ms_windows_event,security,00f5a207-d250-465a-943f-f7b6bac5548a#2161,"{""id"":""00f5a207-d250-465a-943f-f7b6bac5548a#2161"",""num_events"":3000,""data_type"":""passthrough"",""batch_id"":""00f5a207-d250-465a-943f-f7b6bac5548a"",""batch_segment"":0,""customer_id"":""lga03"",""sequence_number"":2160,""source_type"":""json"",""target_index"":""""}",11011, , , , , , , , , , , , , , , , , , , , , , , , , , , , , , , , , , , , , , , , , 
microsoft-windows-security-auditing,failure audit,kerberos service ticket operations,gcsmq0002.global.com,127.0.0.1,MSWinEventLog	3	Security	2131426	Tue May  2 11:02:27 2017	4769	Microsoft-Windows-Security-Auditing	N/A	N/A	Failure Audit	gcSMQ0002.global.com	Kerberos Service Ticket Operations		N/A	304320983,n/a,"auth,windows",2017-05-02T15:02:28.137Z,50165,172.21.14.21,ms_windows_event-2408821607,238,<11>May  2 11:02:27 gcSMQ0002.global.com ,27946627845,0,0.0.0.0/514/tcp,2b03-681bfb305,11011,gcsmq0002.global.com,2017-05-02T11:02:27.000Z,4769,ms_windows_event,security,00f5a207-d250-465a-943f-f7b6bac5548a#2162,"{""id"":""00f5a207-d250-465a-943f-f7b6bac5548a#2162"",""num_events"":3000,""data_type"":""passthrough"",""batch_id"":""00f5a207-d250-465a-943f-f7b6bac5548a"",""batch_segment"":0,""customer_id"":""lga03"",""sequence_number"":2161,""source_type"":""json"",""target_index"":""""}",11011, , , , , , , , , , , , , , , , , , , , , , , , , , , , , , , , , , , , , , , , , 
microsoft-windows-security-auditing,success audit,special logon,gcsmq0601.global.com,127.0.0.1,MSWinEventLog	1	Security	3424699	Tue May  2 11:02:30 2017	4672	Microsoft-Windows-Security-Auditing	N/A	N/A	Success Audit	gcsmq0601.global.com	Special Logon		Special privileges assigned to new logon.    Subject:   Security ID:  S-1-5-21-2029550947-1910908428-336986018-41777   Account Name:  COLLT5532$   Account Domain:  globalcom   Logon ID:  0x1b5ed7f6    Privileges:  SeTcbPrivilege	1445129590,special privileges assigned to new logon,"auth,windows",2017-05-02T15:02:31.172Z,49941,172.21.19.25,ms_windows_event-2006199550,448,<14>May  2 11:02:30 gcsmq0601.global.com ,27946630051,0,0.0.0.0/514/tcp,2b03-681bfbba3,11011,gcsmq0601.global.com, ,4672,ms_windows_event,security,00f5a207-d250-465a-943f-f7b6bac5548a#2228,"{""id"":""00f5a207-d250-465a-943f-f7b6bac5548a#2228"",""num_events"":3000,""data_type"":""passthrough"",""batch_id"":""00f5a207-d250-465a-943f-f7b6bac5548a"",""batch_segment"":0,""customer_id"":""lga03"",""sequence_number"":2227,""source_type"":""json"",""target_index"":""""}",11011,s-1-5-21-2029550947-1910908428-336986018-41777,collt5532$ , , , , ,setcbprivilege,0x1b5ed7f6, , , ,globalcom, , , , , , , , , , , , , , , , , , , , , , , , , , , , , 
microsoft-windows-security-auditing,success audit,logogc,gcsmq0002.global.com,127.0.0.1,MSWinEventLog	1	Security	2131506	Tue May  2 11:02:30 2017	4634	Microsoft-Windows-Security-Auditing	N/A	N/A	Success Audit	gcSMQ0002.global.com	Logogc		N/A	304321063,n/a,"auth,windows",2017-05-02T15:02:31.174Z,50165,172.21.14.21,ms_windows_event-1377334112,210,<14>May  2 11:02:30 gcSMQ0002.global.com ,27946630058,0,0.0.0.0/514/tcp,2b03-681bfbbaa,11011,gcsmq0002.global.com,2017-05-02T11:02:30.000Z,4634,ms_windows_event,security,00f5a207-d250-465a-943f-f7b6bac5548a#2230,"{""id"":""00f5a207-d250-465a-943f-f7b6bac5548a#2230"",""num_events"":3000,""data_type"":""passthrough"",""batch_id"":""00f5a207-d250-465a-943f-f7b6bac5548a"",""batch_segment"":0,""customer_id"":""lga03"",""sequence_number"":2229,""source_type"":""json"",""target_index"":""""}",11011, , , , , , , , , , , , , , , , , , , , , , , , , , , , , , , , , , , , , , , , , 
microsoft-windows-security-auditing,success audit,logon,gcsmq0002.global.com,127.0.0.1,MSWinEventLog	1	Security	2131513	Tue May  2 11:02:30 2017	4624	Microsoft-Windows-Security-Auditing	N/A	N/A	Success Audit	gcSMQ0002.global.com	Logon		N/A	304321070,n/a,"auth,windows",2017-05-02T15:02:31.176Z,50165,172.21.14.21,ms_windows_event-796723568,209,<14>May  2 11:02:30 gcSMQ0002.global.com ,27946630066,0,0.0.0.0/514/tcp,2b03-681bfbbb2,11011,gcsmq0002.global.com,2017-05-02T11:02:30.000Z,4624,ms_windows_event,security,00f5a207-d250-465a-943f-f7b6bac5548a#2232,"{""id"":""00f5a207-d250-465a-943f-f7b6bac5548a#2232"",""num_events"":3000,""data_type"":""passthrough"",""batch_id"":""00f5a207-d250-465a-943f-f7b6bac5548a"",""batch_segment"":0,""customer_id"":""lga03"",""sequence_number"":2231,""source_type"":""json"",""target_index"":""""}",11011, , , , , , , , , , , , , , , , , , , , , , , , , , , , , , , , , , , , , , , , , 
microsoft-windows-security-auditing,success audit,kerberos service ticket operations,gcbrw0000.global.com,127.0.0.1,"MSWinEventLog	1	Security	796168	Tue May  2 11:02:27 2017	4769	Microsoft-Windows-Security-Auditing	N/A	N/A	Success Audit	gcBRW0000.global.com	Kerberos Service Ticket Operations		A Kerberos service ticket was requested.    Account Information:   Account Name:  l.mowers@global.com   Account Domain:  global.com   Logon GUID:  {DCBFD7EF-C5CB-0D65-0311-328EA97C8F80}    Service Information:   Service Name:  krbtgt_6246   Service ID:  S-1-5-21-2029550947-1910908428-336986018-41663    Network Information:   Client Address:  ::gcgc:172.24.33.148   Client Port:  49498    Additional Information:   Ticket Options:  0x60000000   Ticket Encryption Type: 0x12   Failure Code:  0x0   Transited Services: -    This event is generated every time access is requested to a resource such as a computer or a Windows service.  The service name indicates the resource to which access was requested.    This event can be correlated with Windows logon events by comparing the Logon GUID fields in each event.  The logon event occurs on the machine that was accessed, which is often a digcerent machine than the domain controller which issued the service ticket.    Ticket options, encryption types, and failure codes are defined in RFC 4120.	64590877",a kerberos service ticket was requested,"auth,windows",2017-05-02T15:04:25.804Z,54837,172.24.19.20,ms_windows_event-504109373,1284,<14>May  2 11:02:27 gcBRW0000.global.com ,3969007055,1,0.0.0.0/514/tcp,2b04-ec923dcf,11012,gcbrw0000.global.com, ,4769,ms_windows_event,security,00f5a207-d250-465a-943f-f7b6bac5548a#2441,"{""id"":""00f5a207-d250-465a-943f-f7b6bac5548a#2441"",""num_events"":2974,""data_type"":""passthrough"",""batch_id"":""00f5a207-d250-465a-943f-f7b6bac5548a"",""batch_segment"":0,""customer_id"":""lga03"",""sequence_number"":2440,""source_type"":""json"",""target_index"":""""}",11012, ,l.mowers@global.com, , , , , , , , , ,global.com, ,49498, , , , , , ,this event is generated every time access is requested to a resource such as a computer or a windows service,::gcgc:172.24.33.148, , , , , , , , , , , , , , , , , , , 
workplace agent service,information,n/a,gcgcp0201.global.com,127.0.0.1,"MSWinEventLog	1	WorkPlace Agent Service	108456	Tue May  2 11:02:30 2017	0	WorkPlace Agent Service	N/A	N/A	Information	gcgcp0201.global.com	N/A		eMail Approval Event Scheduled Next at: May 02, 2017 11:02:41 AM	4759236","email approval event scheduled next at: may 02, 2017 11:02:41 am","auth,windows",2017-05-02T15:02:30.734Z,49403,172.25.0.15,ms_windows_event-3053450971,263,<14>May  2 11:02:30 gcgcp0201.global.com ,27946629438,0,0.0.0.0/514/tcp,2b03-681bfb93e,11011,gcgcp0201.global.com,2017-05-02T11:02:30.000Z,0,ms_windows_event,workplace agent service,00f5a207-d250-465a-943f-f7b6bac5548a#2508,"{""id"":""00f5a207-d250-465a-943f-f7b6bac5548a#2508"",""num_events"":2974,""data_type"":""passthrough"",""batch_id"":""00f5a207-d250-465a-943f-f7b6bac5548a"",""batch_segment"":0,""customer_id"":""lga03"",""sequence_number"":2507,""source_type"":""json"",""target_index"":""""}",11011, , , , , , , , , , , , , , , , , , , , , , , , , , , , , , , , , , , , , , , , , 
microsoft-windows-security-auditing,success audit,logon,gcsmq0601.global.com,127.0.0.1,"MSWinEventLog	1	Security	3424669	Tue May  2 11:02:27 2017	4624	Microsoft-Windows-Security-Auditing	N/A	N/A	Success Audit	gcsmq0601.global.com	Logon		An account was successfully logged on.    Subject:   Security ID:  S-1-0-0   Account Name:  -   Account Domain:  -   Logon ID:  0x0    Logon Type:   3    New Logon:   Security ID:  S-1-5-21-2029550947-1910908428-336986018-38176   Account Name:  COLLT5533$   Account Domain:  globalcom   Logon ID:  0x1b5ebe94   Logon GUID:  {6DD68137-D84E-407F-3EED-7C9BF561990E}    Process Information:   Process ID:  0x0   Process Name:  -    Network Information:   Workstation Name:    Source Network Address: 172.21.215.133   Source Port:  50905    Detailed Authentication Information:   Logon Process:  Kerberos   Authentication Package: Kerberos   Transited Services: -   Package Name (NTLM only): -   Key Length:  0    This event is generated when a logon session is created. It is generated on the computer that was accessed.    The subject fields indicate the account on the local system which requested the logon. This is most commonly a service such as the Server service, or a local process such as Winlogon.exe or Services.exe.    The logon type field indicates the kind of logon that occurred. The most common types are 2 (interactive) and 3 (network).    The New Logon fields indicate the account for whom the new logon was created, i.e. the account that was logged on.    The network fields indicate where a remote logon request originated. Workstation name is not always available and may be left blank in some cases.    The authentication information fields provide detailed information about this specific logon request.   - Logon GUID is a unique identifier that can be used to correlate this event with a KDC event.   - Transited services indicate which intermediate services have participated in this logon request.   - Package name indicates which sub-protocol was used among the NTLM protocols.   - Key length indicates the length of the generated session key. This will be 0 if no session key was requested.	1445129560",an account was successfully logged on,"auth,windows",2017-05-02T15:02:29.160Z,49941,172.21.19.25,ms_windows_event-3795724934,2127,<14>May  2 11:02:27 gcsmq0601.global.com ,27946628287,0,0.0.0.0/514/tcp,2b03-681bfb4bf,11011,gcsmq0601.global.com,2017-05-02T11:02:27.000Z,4624,ms_windows_event,security,00f5a207-d250-465a-943f-f7b6bac5548a#2553,"{""id"":""00f5a207-d250-465a-943f-f7b6bac5548a#2553"",""num_events"":2974,""data_type"":""passthrough"",""batch_id"":""00f5a207-d250-465a-943f-f7b6bac5548a"",""batch_segment"":0,""customer_id"":""lga03"",""sequence_number"":2552,""source_type"":""json"",""target_index"":""""}",11011,s-1-5-21-2029550947-1910908428-336986018-38176,collt5533$, , ,0x0,-, ,0x1b5ebe94, , , ,globalcom, ,50905,172.21.215.133, , ,private ip address lan,rsv,3,this event is generated when a logon session is created, ,,kerberos,"[""1.1.1521""]", , , , , , , , , , , , , , , , 
microsoft-windows-security-auditing,success audit,other object access events,gcken0400.global.com,127.0.0.1,MSWinEventLog	1	Security	863892	Tue May  2 18:02:49 2017	4656	Microsoft-Windows-Security-Auditing	N/A	N/A	Success Audit	gcKEN0400.global.com	Other Object Access Events		A handle to an object was requested.    Subject:   Security ID:  S-1-5-18   Account Name:  gcKEN0400$   Account Domain:  globalcom   Logon ID:  0x3e7    Object:   Object Server:  PlugPlayManager   Object Type:  Security   Object Name:  PlugPlaySecurityObject   Handle ID:  0x0    Process Information:   Process ID:  0x2d8   Process Name:  C:\Windows\System32\svchost.exe    Access Request Information:   Transaction ID:  {00000000-0000-0000-0000-000000000000}   Accesses:  Unknown specific access (bit 1)         Access Reasons:  -   Access Mask:  0x2   Privileges Used for Access Check: -   Restricted SID Count: 0	145963397,a handle to an object was requested,"auth,windows",2017-05-02T15:02:23.884Z,55560,172.20.46.23,ms_windows_event-1655484026,846,<14>May  2 18:02:49 gcKEN0400.global.com ,4357197611,1,0.0.0.0/514/tcp,2agc-103b58f2b,11007,gcken0400.global.com, ,4656,ms_windows_event,security,00f5a207-d250-465a-943f-f7b6bac5548a#2766,"{""id"":""00f5a207-d250-465a-943f-f7b6bac5548a#2766"",""num_events"":2946,""data_type"":""passthrough"",""batch_id"":""00f5a207-d250-465a-943f-f7b6bac5548a"",""batch_segment"":0,""customer_id"":""lga03"",""sequence_number"":2765,""source_type"":""json"",""target_index"":""""}",11007,s-1-5-18,gcken0400$,{00000000-0000-0000-0000-000000000000},plugplaymanager,0x2d8,c:\windows\system32\svchost.exe,-,0x3e7,unknown specific access (bit 1)         access reasons:  -,0,plugplaysecurityobject,globalcom, , , , , , , , , , , , , , , , , , , , , , , , , , , , , 
microsoft-windows-security-auditing,success audit,other object access events,gcken0400.global.com,127.0.0.1,MSWinEventLog	1	Security	863909	Tue May  2 18:02:49 2017	4656	Microsoft-Windows-Security-Auditing	N/A	N/A	Success Audit	gcKEN0400.global.com	Other Object Access Events		A handle to an object was requested.    Subject:   Security ID:  S-1-5-18   Account Name:  gcKEN0400$   Account Domain:  globalcom   Logon ID:  0x3e7    Object:   Object Server:  PlugPlayManager   Object Type:  Security   Object Name:  PlugPlaySecurityObject   Handle ID:  0x0    Process Information:   Process ID:  0x2d8   Process Name:  C:\Windows\System32\svchost.exe    Access Request Information:   Transaction ID:  {00000000-0000-0000-0000-000000000000}   Accesses:  Unknown specific access (bit 1)         Access Reasons:  -   Access Mask:  0x2   Privileges Used for Access Check: -   Restricted SID Count: 0	145963414,a handle to an object was requested,"auth,windows",2017-05-02T15:02:23.893Z,55560,172.20.46.23,ms_windows_event-1655484026,846,<14>May  2 18:02:49 gcKEN0400.global.com ,4357197629,1,0.0.0.0/514/tcp,2agc-103b58f3d,11007,gcken0400.global.com, ,4656,ms_windows_event,security,00f5a207-d250-465a-943f-f7b6bac5548a#2768,"{""id"":""00f5a207-d250-465a-943f-f7b6bac5548a#2768"",""num_events"":2946,""data_type"":""passthrough"",""batch_id"":""00f5a207-d250-465a-943f-f7b6bac5548a"",""batch_segment"":0,""customer_id"":""lga03"",""sequence_number"":2767,""source_type"":""json"",""target_index"":""""}",11007,s-1-5-18,gcken0400$,{00000000-0000-0000-0000-000000000000},plugplaymanager,0x2d8,c:\windows\system32\svchost.exe,-,0x3e7,unknown specific access (bit 1)         access reasons:  -,0,plugplaysecurityobject,globalcom, , , , , , , , , , , , , , , , , , , , , , , , , , , , , 
microsoft-windows-security-auditing,success audit,other object access events,gcken0400.global.com,127.0.0.1,MSWinEventLog	1	Security	863929	Tue May  2 18:02:49 2017	4656	Microsoft-Windows-Security-Auditing	N/A	N/A	Success Audit	gcKEN0400.global.com	Other Object Access Events		A handle to an object was requested.    Subject:   Security ID:  S-1-5-18   Account Name:  gcKEN0400$   Account Domain:  globalcom   Logon ID:  0x3e7    Object:   Object Server:  PlugPlayManager   Object Type:  Security   Object Name:  PlugPlaySecurityObject   Handle ID:  0x0    Process Information:   Process ID:  0x2d8   Process Name:  C:\Windows\System32\svchost.exe    Access Request Information:   Transaction ID:  {00000000-0000-0000-0000-000000000000}   Accesses:  Unknown specific access (bit 1)         Access Reasons:  -   Access Mask:  0x2   Privileges Used for Access Check: -   Restricted SID Count: 0	145963434,a handle to an object was requested,"auth,windows",2017-05-02T15:02:23.902Z,55560,172.20.46.23,ms_windows_event-1655484026,846,<14>May  2 18:02:49 gcKEN0400.global.com ,4357197649,1,0.0.0.0/514/tcp,2agc-103b58f51,11007,gcken0400.global.com, ,4656,ms_windows_event,security,00f5a207-d250-465a-943f-f7b6bac5548a#2769,"{""id"":""00f5a207-d250-465a-943f-f7b6bac5548a#2769"",""num_events"":2946,""data_type"":""passthrough"",""batch_id"":""00f5a207-d250-465a-943f-f7b6bac5548a"",""batch_segment"":0,""customer_id"":""lga03"",""sequence_number"":2768,""source_type"":""json"",""target_index"":""""}",11007,s-1-5-18,gcken0400$,{00000000-0000-0000-0000-000000000000},plugplaymanager,0x2d8,c:\windows\system32\svchost.exe,-,0x3e7,unknown specific access (bit 1)         access reasons:  -,0,plugplaysecurityobject,globalcom, , , , , , , , , , , , , , , , , , , , , , , , , , , , , 
