microsoft-windows-security-auditing,failure audit,kerberos service ticket operations,gcbrw0000.global.com,127.0.0.1,"MSWinEventLog	3	Security	796391	Tue May  2 11:02:46 2017	4769	Microsoft-Windows-Security-Auditing	N/A	N/A	Failure Audit	gcBRW0000.global.com	Kerberos Service Ticket Operations		A Kerberos service ticket was requested.    Account Information:   Account Name:     Account Domain:     Logon GUID:  {00000000-0000-0000-0000-000000000000}    Service Information:   Service Name:     Service ID:  S-1-0-0    Network Information:   Client Address:  ::gcgc:172.24.32.122   Client Port:  52048    Additional Information:   Ticket Options:  0x40810000   Ticket Encryption Type: 0xgcgcgcgc   Failure Code:  0x14   Transited Services: -    This event is generated every time access is requested to a resource such as a computer or a Windows service.  The service name indicates the resource to which access was requested.    This event can be correlated with Windows logon events by comparing the Logon GUID fields in each event.  The logon event occurs on the machine that was accessed, which is often a digcerent machine than the domain controller which issued the service ticket.    Ticket options, encryption types, and failure codes are defined in RFC 4120.	64591100",a kerberos service ticket was requested,"auth,windows",2017-05-02T15:04:44.836Z,54837,172.24.19.20,ms_windows_event-1517866548,1206,<11>May  2 11:02:46 gcBRW0000.global.com ,3969019452,1,0.0.0.0/514/tcp,2b04-ec926e3c,11012,gcbrw0000.global.com, ,4769,ms_windows_event,security,58565d1f-8eba-45c1-b5a1-b3824a45aedf#928,"{""id"":""58565d1f-8eba-45c1-b5a1-b3824a45aedf#928"",""num_events"":2862,""data_type"":""passthrough"",""batch_id"":""58565d1f-8eba-45c1-b5a1-b3824a45aedf"",""batch_segment"":0,""customer_id"":""lga03"",""sequence_number"":927,""source_type"":""json"",""target_index"":""""}",11012, ,account, , , , , , , , , , , ,52048,172.24.32.122, , ,private ip address lan,rsv, , , , , , , , , , , , , , , , , , , , , , 
microsoft-windows-security-auditing,success audit,logogc,gcsmq0002.global.com,127.0.0.1,MSWinEventLog	1	Security	2131947	Tue May  2 11:02:45 2017	4634	Microsoft-Windows-Security-Auditing	N/A	N/A	Success Audit	gcSMQ0002.global.com	Logogc		N/A	304321499,n/a,"auth,windows",2017-05-02T15:02:46.389Z,50165,172.21.14.21,ms_windows_event-1377334112,210,<14>May  2 11:02:45 gcSMQ0002.global.com ,27946635694,0,0.0.0.0/514/tcp,2b03-681bfd1ae,11011,gcsmq0002.global.com,2017-05-02T11:02:45.000Z,4634,ms_windows_event,security,58565d1f-8eba-45c1-b5a1-b3824a45aedf#968,"{""id"":""58565d1f-8eba-45c1-b5a1-b3824a45aedf#968"",""num_events"":2854,""data_type"":""passthrough"",""batch_id"":""58565d1f-8eba-45c1-b5a1-b3824a45aedf"",""batch_segment"":0,""customer_id"":""lga03"",""sequence_number"":967,""source_type"":""json"",""target_index"":""""}",11011, , , , , , , , , , , , , , , , , , , , , , , , , , , , , , , , , , , , , , , , , 
microsoft-windows-security-auditing,success audit,logogc,gcsmq0002.global.com,127.0.0.1,MSWinEventLog	1	Security	2131951	Tue May  2 11:02:45 2017	4634	Microsoft-Windows-Security-Auditing	N/A	N/A	Success Audit	gcSMQ0002.global.com	Logogc		N/A	304321503,n/a,"auth,windows",2017-05-02T15:02:46.391Z,50165,172.21.14.21,ms_windows_event-1377334112,210,<14>May  2 11:02:45 gcSMQ0002.global.com ,27946635698,0,0.0.0.0/514/tcp,2b03-681bfd1b2,11011,gcsmq0002.global.com,2017-05-02T11:02:45.000Z,4634,ms_windows_event,security,58565d1f-8eba-45c1-b5a1-b3824a45aedf#969,"{""id"":""58565d1f-8eba-45c1-b5a1-b3824a45aedf#969"",""num_events"":2854,""data_type"":""passthrough"",""batch_id"":""58565d1f-8eba-45c1-b5a1-b3824a45aedf"",""batch_segment"":0,""customer_id"":""lga03"",""sequence_number"":968,""source_type"":""json"",""target_index"":""""}",11011, , , , , , , , , , , , , , , , , , , , , , , , , , , , , , , , , , , , , , , , , 
microsoft-windows-security-auditing,success audit,logon,gcsmq0002.global.com,127.0.0.1,MSWinEventLog	1	Security	2131954	Tue May  2 11:02:45 2017	4624	Microsoft-Windows-Security-Auditing	N/A	N/A	Success Audit	gcSMQ0002.global.com	Logon		N/A	304321506,n/a,"auth,windows",2017-05-02T15:02:46.392Z,50165,172.21.14.21,ms_windows_event-796723568,209,<14>May  2 11:02:45 gcSMQ0002.global.com ,27946635701,0,0.0.0.0/514/tcp,2b03-681bfd1b5,11011,gcsmq0002.global.com,2017-05-02T11:02:45.000Z,4624,ms_windows_event,security,58565d1f-8eba-45c1-b5a1-b3824a45aedf#970,"{""id"":""58565d1f-8eba-45c1-b5a1-b3824a45aedf#970"",""num_events"":2854,""data_type"":""passthrough"",""batch_id"":""58565d1f-8eba-45c1-b5a1-b3824a45aedf"",""batch_segment"":0,""customer_id"":""lga03"",""sequence_number"":969,""source_type"":""json"",""target_index"":""""}",11011, , , , , , , , , , , , , , , , , , , , , , , , , , , , , , , , , , , , , , , , , 
microsoft-windows-security-auditing,success audit,logogc,gcsmq0002.global.com,127.0.0.1,MSWinEventLog	1	Security	2131958	Tue May  2 11:02:45 2017	4634	Microsoft-Windows-Security-Auditing	N/A	N/A	Success Audit	gcSMQ0002.global.com	Logogc		N/A	304321510,n/a,"auth,windows",2017-05-02T15:02:46.395Z,50165,172.21.14.21,ms_windows_event-1377334112,210,<14>May  2 11:02:45 gcSMQ0002.global.com ,27946635705,0,0.0.0.0/514/tcp,2b03-681bfd1b9,11011,gcsmq0002.global.com,2017-05-02T11:02:45.000Z,4634,ms_windows_event,security,58565d1f-8eba-45c1-b5a1-b3824a45aedf#971,"{""id"":""58565d1f-8eba-45c1-b5a1-b3824a45aedf#971"",""num_events"":2854,""data_type"":""passthrough"",""batch_id"":""58565d1f-8eba-45c1-b5a1-b3824a45aedf"",""batch_segment"":0,""customer_id"":""lga03"",""sequence_number"":970,""source_type"":""json"",""target_index"":""""}",11011, , , , , , , , , , , , , , , , , , , , , , , , , , , , , , , , , , , , , , , , , 
microsoft-windows-security-auditing,success audit,kerberos authentication service,gcbrw0000.global.com,127.0.0.1,"MSWinEventLog	1	Security	796268	Tue May  2 11:02:40 2017	4768	Microsoft-Windows-Security-Auditing	N/A	N/A	Success Audit	gcBRW0000.global.com	Kerberos Authentication Service		A Kerberos authentication ticket (TGT) was requested.    Account Information:   Account Name:  NYCLT5179$   Supplied Realm Name: global.com   User ID:   S-1-5-21-2029550947-1910908428-336986018-33780    Service Information:   Service Name:  krbtgt_6246   Service ID:  S-1-5-21-2029550947-1910908428-336986018-41663    Network Information:   Client Address:  ::gcgc:172.24.40.23   Client Port:  51326    Additional Information:   Ticket Options:  0x40810010   Result Code:  0x0   Ticket Encryption Type: 0x12   Pre-Authentication Type: 2    Certificate Information:   Certificate Issuer Name:     Certificate Serial Number:    Certificate Thumbprint:      Certificate information is only provided if a certificate was used for pre-authentication.    Pre-authentication types, ticket options, encryption types and result codes are defined in RFC 4120.	64590977",a kerberos authentication ticket (tgt) was requested,"auth,windows",2017-05-02T15:04:38.822Z,54837,172.24.19.20,ms_windows_event-1517866548,1082,<14>May  2 11:02:40 gcBRW0000.global.com ,3969015550,1,0.0.0.0/514/tcp,2b04-ec925efe,11012,gcbrw0000.global.com, ,4768,ms_windows_event,security,58565d1f-8eba-45c1-b5a1-b3824a45aedf#1047,"{""id"":""58565d1f-8eba-45c1-b5a1-b3824a45aedf#1047"",""num_events"":2854,""data_type"":""passthrough"",""batch_id"":""58565d1f-8eba-45c1-b5a1-b3824a45aedf"",""batch_segment"":0,""customer_id"":""lga03"",""sequence_number"":1046,""source_type"":""json"",""target_index"":""""}",11012, ,nyclt5179$, , , , , , , , , , , ,51326,172.24.40.23, , ,private ip address lan,rsv, , , , , ,"[""1.1.1521""]", , , , , , , , , , , , , , , , 
microsoft-windows-security-auditing,success audit,filtering platform connection,gcbra0400.global.com,127.0.0.1,MSWinEventLog	1	Security	566816	Tue May  2 12:02:39 2017	5158	Microsoft-Windows-Security-Auditing	N/A	N/A	Success Audit	gcBRA0400.global.com	Filtering Platform Connection		The Windows Filtering Platform has permitted a bind to a local port.    Application Information:   Process ID:  1628   Application Name: \device\harddiskvolume2\windows\carbonblack\cb.exe    Network Information:   Source Address:  0.0.0.0   Source Port:  54934   Protocol:  6    Filter Information:   Filter Run-Time ID: 0   Layer Name:  Resource Assignment   Layer Run-Time ID: 36	457188693,the windows filtering platform has permitted a bind to a local port,"auth,windows",2017-05-02T15:02:41.029Z,50311,172.20.36.23,ms_windows_event-1072601665,610,<14>May  2 12:02:39 gcBRA0400.global.com ,6500394341,1,0.0.0.0/514/tcp,2af9-183742565,11001,gcbra0400.global.com,2017-05-02T12:02:39.000Z,5158,ms_windows_event,security,58565d1f-8eba-45c1-b5a1-b3824a45aedf#1076,"{""id"":""58565d1f-8eba-45c1-b5a1-b3824a45aedf#1076"",""num_events"":2854,""data_type"":""passthrough"",""batch_id"":""58565d1f-8eba-45c1-b5a1-b3824a45aedf"",""batch_segment"":0,""customer_id"":""lga03"",""sequence_number"":1075,""source_type"":""json"",""target_index"":""""}",11001, , , , , , , , , , , , , ,54934,0.0.0.0,6,\device\harddiskvolume2\windows\carbonblack\cb.exe,broadcast rfc1700,rsv, , , , , , , , , , , , , , , , , , , , , , 
microsoft-windows-security-auditing,success audit,logogc,gcsmq0002.global.com,127.0.0.1,MSWinEventLog	1	Security	2131896	Tue May  2 11:02:43 2017	4634	Microsoft-Windows-Security-Auditing	N/A	N/A	Success Audit	gcSMQ0002.global.com	Logogc		N/A	304321448,n/a,"auth,windows",2017-05-02T15:02:45.356Z,50165,172.21.14.21,ms_windows_event-1377334112,210,<14>May  2 11:02:43 gcSMQ0002.global.com ,27946635532,0,0.0.0.0/514/tcp,2b03-681bfd10c,11011,gcsmq0002.global.com,2017-05-02T11:02:43.000Z,4634,ms_windows_event,security,58565d1f-8eba-45c1-b5a1-b3824a45aedf#1150,"{""id"":""58565d1f-8eba-45c1-b5a1-b3824a45aedf#1150"",""num_events"":2837,""data_type"":""passthrough"",""batch_id"":""58565d1f-8eba-45c1-b5a1-b3824a45aedf"",""batch_segment"":0,""customer_id"":""lga03"",""sequence_number"":1149,""source_type"":""json"",""target_index"":""""}",11011, , , , , , , , , , , , , , , , , , , , , , , , , , , , , , , , , , , , , , , , , 
microsoft-windows-security-auditing,success audit,logon,gcsmq0002.global.com,127.0.0.1,MSWinEventLog	1	Security	2131973	Tue May  2 11:02:46 2017	4624	Microsoft-Windows-Security-Auditing	N/A	N/A	Success Audit	gcSMQ0002.global.com	Logon		N/A	304321525,n/a,"auth,windows",2017-05-02T15:02:47.407Z,50165,172.21.14.21,ms_windows_event-796723568,209,<14>May  2 11:02:46 gcSMQ0002.global.com ,27946635842,0,0.0.0.0/514/tcp,2b03-681bfd242,11011,gcsmq0002.global.com,2017-05-02T11:02:46.000Z,4624,ms_windows_event,security,58565d1f-8eba-45c1-b5a1-b3824a45aedf#1163,"{""id"":""58565d1f-8eba-45c1-b5a1-b3824a45aedf#1163"",""num_events"":2837,""data_type"":""passthrough"",""batch_id"":""58565d1f-8eba-45c1-b5a1-b3824a45aedf"",""batch_segment"":0,""customer_id"":""lga03"",""sequence_number"":1162,""source_type"":""json"",""target_index"":""""}",11011, , , , , , , , , , , , , , , , , , , , , , , , , , , , , , , , , , , , , , , , , 
microsoft-windows-security-auditing,success audit,logogc,gcsmq0002.global.com,127.0.0.1,MSWinEventLog	1	Security	2131985	Tue May  2 11:02:46 2017	4634	Microsoft-Windows-Security-Auditing	N/A	N/A	Success Audit	gcSMQ0002.global.com	Logogc		N/A	304321537,n/a,"auth,windows",2017-05-02T15:02:47.413Z,50165,172.21.14.21,ms_windows_event-1377334112,210,<14>May  2 11:02:46 gcSMQ0002.global.com ,27946635854,0,0.0.0.0/514/tcp,2b03-681bfd24e,11011,gcsmq0002.global.com,2017-05-02T11:02:46.000Z,4634,ms_windows_event,security,58565d1f-8eba-45c1-b5a1-b3824a45aedf#1166,"{""id"":""58565d1f-8eba-45c1-b5a1-b3824a45aedf#1166"",""num_events"":2837,""data_type"":""passthrough"",""batch_id"":""58565d1f-8eba-45c1-b5a1-b3824a45aedf"",""batch_segment"":0,""customer_id"":""lga03"",""sequence_number"":1165,""source_type"":""json"",""target_index"":""""}",11011, , , , , , , , , , , , , , , , , , , , , , , , , , , , , , , , , , , , , , , , , 
microsoft-windows-security-auditing,success audit,kerberos service ticket operations,gcbrw0000.global.com,127.0.0.1,"MSWinEventLog	1	Security	796379	Tue May  2 11:02:46 2017	4769	Microsoft-Windows-Security-Auditing	N/A	N/A	Success Audit	gcBRW0000.global.com	Kerberos Service Ticket Operations		A Kerberos service ticket was requested.    Account Information:   Account Name:  NYCLT5179$@global.com   Account Domain:  global.com   Logon GUID:  {FBE26DF2-1D12-0777-CB39-3E51A5EB2B1B}    Service Information:   Service Name:  NYCLT5179$   Service ID:  S-1-5-21-2029550947-1910908428-336986018-33780    Network Information:   Client Address:  ::gcgc:172.24.40.23   Client Port:  51335    Additional Information:   Ticket Options:  0x40810000   Ticket Encryption Type: 0x12   Failure Code:  0x0   Transited Services: -    This event is generated every time access is requested to a resource such as a computer or a Windows service.  The service name indicates the resource to which access was requested.    This event can be correlated with Windows logon events by comparing the Logon GUID fields in each event.  The logon event occurs on the machine that was accessed, which is often a digcerent machine than the domain controller which issued the service ticket.    Ticket options, encryption types, and failure codes are defined in RFC 4120.	64591088",a kerberos service ticket was requested,"auth,windows",2017-05-02T15:04:44.832Z,54837,172.24.19.20,ms_windows_event-504109373,1284,<14>May  2 11:02:46 gcBRW0000.global.com ,3969019440,1,0.0.0.0/514/tcp,2b04-ec926e30,11012,gcbrw0000.global.com, ,4769,ms_windows_event,security,58565d1f-8eba-45c1-b5a1-b3824a45aedf#1172,"{""id"":""58565d1f-8eba-45c1-b5a1-b3824a45aedf#1172"",""num_events"":2837,""data_type"":""passthrough"",""batch_id"":""58565d1f-8eba-45c1-b5a1-b3824a45aedf"",""batch_segment"":0,""customer_id"":""lga03"",""sequence_number"":1171,""source_type"":""json"",""target_index"":""""}",11012, ,nyclt5179$@global.com, , , , , , , , , ,global.com, ,51335, , , , , , ,this event is generated every time access is requested to a resource such as a computer or a windows service,::gcgc:172.24.40.23, , , , , , , , , , , , , , , , , , , 
microsoft-windows-security-auditing,success audit,logon,gcsmq0000.global.com,127.0.0.1,MSWinEventLog	1	Security	1629975	Tue May  2 11:02:46 2017	4624	Microsoft-Windows-Security-Auditing	N/A	N/A	Success Audit	gcSMQ0000.global.com	Logon		N/A	186395064,n/a,"auth,windows",2017-05-02T15:02:47.615Z,51131,172.21.14.20,ms_windows_event-796723568,209,<14>May  2 11:02:46 gcSMQ0000.global.com ,27946635889,0,0.0.0.0/514/tcp,2b03-681bfd271,11011,gcsmq0000.global.com,2017-05-02T11:02:46.000Z,4624,ms_windows_event,security,58565d1f-8eba-45c1-b5a1-b3824a45aedf#1188,"{""id"":""58565d1f-8eba-45c1-b5a1-b3824a45aedf#1188"",""num_events"":2837,""data_type"":""passthrough"",""batch_id"":""58565d1f-8eba-45c1-b5a1-b3824a45aedf"",""batch_segment"":0,""customer_id"":""lga03"",""sequence_number"":1187,""source_type"":""json"",""target_index"":""""}",11011, , , , , , , , , , , , , , , , , , , , , , , , , , , , , , , , , , , , , , , , , 
microsoft-windows-security-auditing,success audit,logon,gcsmq0020.global.com,127.0.0.1,MSWinEventLog	1	Security	472294	Tue May  2 11:02:46 2017	4624	Microsoft-Windows-Security-Auditing	N/A	N/A	Success Audit	gcSMQ0020.global.com	Logon		N/A	64136864,n/a,"auth,windows",2017-05-02T15:02:47.697Z,60856,172.21.220.20,ms_windows_event-796723568,207,<14>May  2 11:02:46 gcSMQ0020.global.com ,27946635899,0,0.0.0.0/514/tcp,2b03-681bfd27b,11011,gcsmq0020.global.com,2017-05-02T11:02:46.000Z,4624,ms_windows_event,security,58565d1f-8eba-45c1-b5a1-b3824a45aedf#1190,"{""id"":""58565d1f-8eba-45c1-b5a1-b3824a45aedf#1190"",""num_events"":2837,""data_type"":""passthrough"",""batch_id"":""58565d1f-8eba-45c1-b5a1-b3824a45aedf"",""batch_segment"":0,""customer_id"":""lga03"",""sequence_number"":1189,""source_type"":""json"",""target_index"":""""}",11011, , , , , , , , , , , , , , , , , , , , , , , , , , , , , , , , , , , , , , , , , 
microsoft-windows-security-auditing,success audit,logogc,gcbrw0000.global.com,127.0.0.1,MSWinEventLog	1	Security	796405	Tue May  2 11:02:47 2017	4634	Microsoft-Windows-Security-Auditing	N/A	N/A	Success Audit	gcBRW0000.global.com	Logogc		An account was logged ogc.    Subject:   Security ID:  S-1-5-21-2029550947-1910908428-336986018-33780   Account Name:  NYCLT5179$   Account Domain:  globalcom   Logon ID:  0x9F838A4    Logon Type:   3    This event is generated when a logon session is destroyed. It may be positively correlated with a logon event using the Logon ID value. Logon IDs are only unique between reboots on the same computer.	64591114,an account was logged ogc,"auth,windows",2017-05-02T15:04:45.836Z,54837,172.24.19.20,ms_windows_event-3012490973,613,<14>May  2 11:02:47 gcBRW0000.global.com ,3969019875,1,0.0.0.0/514/tcp,2b04-ec926fe3,11012,gcbrw0000.global.com,2017-05-02T11:02:47.000Z,4634,ms_windows_event,security,58565d1f-8eba-45c1-b5a1-b3824a45aedf#1200,"{""id"":""58565d1f-8eba-45c1-b5a1-b3824a45aedf#1200"",""num_events"":2837,""data_type"":""passthrough"",""batch_id"":""58565d1f-8eba-45c1-b5a1-b3824a45aedf"",""batch_segment"":0,""customer_id"":""lga03"",""sequence_number"":1199,""source_type"":""json"",""target_index"":""""}",11012,s-1-5-21-2029550947-1910908428-336986018-33780,nyclt5179$, , , , , ,0x9f838a4, , , ,globalcom, , , , , , , ,3,this event is generated when a logon session is destroyed, , , , , , , , , , , , , , , , , , , , 
microsoft-windows-security-auditing,success audit,other object access events,gcnga0400.global.com,127.0.0.1,MSWinEventLog	1	Security	995064	Tue May  2 16:02:41 2017	4656	Microsoft-Windows-Security-Auditing	N/A	N/A	Success Audit	gcNGA0400.global.com	Other Object Access Events		A handle to an object was requested.    Subject:   Security ID:  S-1-5-18   Account Name:  gcNGA0400$   Account Domain:  globalcom   Logon ID:  0x3e7    Object:   Object Server:  PlugPlayManager   Object Type:  Security   Object Name:  PlugPlaySecurityObject   Handle ID:  0x0    Process Information:   Process ID:  0x2ec   Process Name:  C:\Windows\System32\svchost.exe    Access Request Information:   Transaction ID:  {00000000-0000-0000-0000-000000000000}   Accesses:  Unknown specific access (bit 1)         Access Reasons:  -   Access Mask:  0x2   Privileges Used for Access Check: -   Restricted SID Count: 0	189124644,a handle to an object was requested,"auth,windows",2017-05-02T15:02:42.070Z,52104,172.20.48.23,ms_windows_event-1655484026,846,<14>May  2 16:02:41 gcNGA0400.global.com ,4073158971,1,0.0.0.0/514/tcp,2b01-f2c7793b,11009,gcnga0400.global.com, ,4656,ms_windows_event,security,58565d1f-8eba-45c1-b5a1-b3824a45aedf#1205,"{""id"":""58565d1f-8eba-45c1-b5a1-b3824a45aedf#1205"",""num_events"":2837,""data_type"":""passthrough"",""batch_id"":""58565d1f-8eba-45c1-b5a1-b3824a45aedf"",""batch_segment"":0,""customer_id"":""lga03"",""sequence_number"":1204,""source_type"":""json"",""target_index"":""""}",11009,s-1-5-18,gcnga0400$,{00000000-0000-0000-0000-000000000000},plugplaymanager,0x2ec,c:\windows\system32\svchost.exe,-,0x3e7,unknown specific access (bit 1)         access reasons:  -,0,plugplaysecurityobject,globalcom, , , , , , , , , , , , , , , , , , , , , , , , , , , , , 
microsoft-windows-security-auditing,success audit,other object access events,gcnga0400.global.com,127.0.0.1,MSWinEventLog	1	Security	995072	Tue May  2 16:02:41 2017	4656	Microsoft-Windows-Security-Auditing	N/A	N/A	Success Audit	gcNGA0400.global.com	Other Object Access Events		A handle to an object was requested.    Subject:   Security ID:  S-1-5-18   Account Name:  gcNGA0400$   Account Domain:  globalcom   Logon ID:  0x3e7    Object:   Object Server:  PlugPlayManager   Object Type:  Security   Object Name:  PlugPlaySecurityObject   Handle ID:  0x0    Process Information:   Process ID:  0x2ec   Process Name:  C:\Windows\System32\svchost.exe    Access Request Information:   Transaction ID:  {00000000-0000-0000-0000-000000000000}   Accesses:  Unknown specific access (bit 1)         Access Reasons:  -   Access Mask:  0x2   Privileges Used for Access Check: -   Restricted SID Count: 0	189124652,a handle to an object was requested,"auth,windows",2017-05-02T15:02:42.075Z,52104,172.20.48.23,ms_windows_event-1655484026,846,<14>May  2 16:02:41 gcNGA0400.global.com ,4073158979,1,0.0.0.0/514/tcp,2b01-f2c77943,11009,gcnga0400.global.com, ,4656,ms_windows_event,security,58565d1f-8eba-45c1-b5a1-b3824a45aedf#1206,"{""id"":""58565d1f-8eba-45c1-b5a1-b3824a45aedf#1206"",""num_events"":2837,""data_type"":""passthrough"",""batch_id"":""58565d1f-8eba-45c1-b5a1-b3824a45aedf"",""batch_segment"":0,""customer_id"":""lga03"",""sequence_number"":1205,""source_type"":""json"",""target_index"":""""}",11009,s-1-5-18,gcnga0400$,{00000000-0000-0000-0000-000000000000},plugplaymanager,0x2ec,c:\windows\system32\svchost.exe,-,0x3e7,unknown specific access (bit 1)         access reasons:  -,0,plugplaysecurityobject,globalcom, , , , , , , , , , , , , , , , , , , , , , , , , , , , , 
microsoft-windows-security-auditing,success audit,other object access events,gcchn0400.global.com,127.0.0.1,MSWinEventLog	1	Security	2487554	Tue May  2 23:03:25 2017	4656	Microsoft-Windows-Security-Auditing	N/A	N/A	Success Audit	gcCHN0400.global.com	Other Object Access Events		A handle to an object was requested.    Subject:   Security ID:  S-1-5-18   Account Name:  gcCHN0400$   Account Domain:  globalcom   Logon ID:  0x3e7    Object:   Object Server:  PlugPlayManager   Object Type:  Security   Object Name:  PlugPlaySecurityObject   Handle ID:  0x0    Process Information:   Process ID:  0x2d0   Process Name:  C:\Windows\System32\svchost.exe    Access Request Information:   Transaction ID:  {00000000-0000-0000-0000-000000000000}   Accesses:  Unknown specific access (bit 1)         Access Reasons:  -   Access Mask:  0x2   Privileges Used for Access Check: -   Restricted SID Count: 0	251461633,a handle to an object was requested,"auth,windows",2017-05-02T15:02:42.147Z,49348,172.20.38.23,ms_windows_event-1655484026,847,<14>May  2 23:03:25 gcCHN0400.global.com ,106197310,1,0.0.0.0/514/tcp,2afb-654713e,11003,gcchn0400.global.com, ,4656,ms_windows_event,security,58565d1f-8eba-45c1-b5a1-b3824a45aedf#1246,"{""id"":""58565d1f-8eba-45c1-b5a1-b3824a45aedf#1246"",""num_events"":2837,""data_type"":""passthrough"",""batch_id"":""58565d1f-8eba-45c1-b5a1-b3824a45aedf"",""batch_segment"":0,""customer_id"":""lga03"",""sequence_number"":1245,""source_type"":""json"",""target_index"":""""}",11003,s-1-5-18,gcchn0400$,{00000000-0000-0000-0000-000000000000},plugplaymanager,0x2d0,c:\windows\system32\svchost.exe,-,0x3e7,unknown specific access (bit 1)         access reasons:  -,0,plugplaysecurityobject,globalcom, , , , , , , , , , , , , , , , , , , , , , , , , , , , , 
microsoft-windows-security-auditing,success audit,other object access events,gcnga0400.global.com,127.0.0.1,MSWinEventLog	1	Security	995039	Tue May  2 16:02:41 2017	4656	Microsoft-Windows-Security-Auditing	N/A	N/A	Success Audit	gcNGA0400.global.com	Other Object Access Events		A handle to an object was requested.    Subject:   Security ID:  S-1-5-18   Account Name:  gcNGA0400$   Account Domain:  globalcom   Logon ID:  0x3e7    Object:   Object Server:  PlugPlayManager   Object Type:  Security   Object Name:  PlugPlaySecurityObject   Handle ID:  0x0    Process Information:   Process ID:  0x2ec   Process Name:  C:\Windows\System32\svchost.exe    Access Request Information:   Transaction ID:  {00000000-0000-0000-0000-000000000000}   Accesses:  Unknown specific access (bit 1)         Access Reasons:  -   Access Mask:  0x2   Privileges Used for Access Check: -   Restricted SID Count: 0	189124619,a handle to an object was requested,"auth,windows",2017-05-02T15:02:42.052Z,52104,172.20.48.23,ms_windows_event-1655484026,846,<14>May  2 16:02:41 gcNGA0400.global.com ,4073158946,1,0.0.0.0/514/tcp,2b01-f2c77922,11009,gcnga0400.global.com, ,4656,ms_windows_event,security,58565d1f-8eba-45c1-b5a1-b3824a45aedf#1274,"{""id"":""58565d1f-8eba-45c1-b5a1-b3824a45aedf#1274"",""num_events"":2837,""data_type"":""passthrough"",""batch_id"":""58565d1f-8eba-45c1-b5a1-b3824a45aedf"",""batch_segment"":0,""customer_id"":""lga03"",""sequence_number"":1273,""source_type"":""json"",""target_index"":""""}",11009,s-1-5-18,gcnga0400$,{00000000-0000-0000-0000-000000000000},plugplaymanager,0x2ec,c:\windows\system32\svchost.exe,-,0x3e7,unknown specific access (bit 1)         access reasons:  -,0,plugplaysecurityobject,globalcom, , , , , , , , , , , , , , , , , , , , , , , , , , , , , 
microsoft-windows-security-auditing,success audit,other object access events,gcnga0400.global.com,127.0.0.1,MSWinEventLog	1	Security	995045	Tue May  2 16:02:41 2017	4656	Microsoft-Windows-Security-Auditing	N/A	N/A	Success Audit	gcNGA0400.global.com	Other Object Access Events		A handle to an object was requested.    Subject:   Security ID:  S-1-5-18   Account Name:  gcNGA0400$   Account Domain:  globalcom   Logon ID:  0x3e7    Object:   Object Server:  PlugPlayManager   Object Type:  Security   Object Name:  PlugPlaySecurityObject   Handle ID:  0x0    Process Information:   Process ID:  0x2ec   Process Name:  C:\Windows\System32\svchost.exe    Access Request Information:   Transaction ID:  {00000000-0000-0000-0000-000000000000}   Accesses:  Unknown specific access (bit 1)         Access Reasons:  -   Access Mask:  0x2   Privileges Used for Access Check: -   Restricted SID Count: 0	189124625,a handle to an object was requested,"auth,windows",2017-05-02T15:02:42.057Z,52104,172.20.48.23,ms_windows_event-1655484026,846,<14>May  2 16:02:41 gcNGA0400.global.com ,4073158952,1,0.0.0.0/514/tcp,2b01-f2c77928,11009,gcnga0400.global.com, ,4656,ms_windows_event,security,58565d1f-8eba-45c1-b5a1-b3824a45aedf#1275,"{""id"":""58565d1f-8eba-45c1-b5a1-b3824a45aedf#1275"",""num_events"":2837,""data_type"":""passthrough"",""batch_id"":""58565d1f-8eba-45c1-b5a1-b3824a45aedf"",""batch_segment"":0,""customer_id"":""lga03"",""sequence_number"":1274,""source_type"":""json"",""target_index"":""""}",11009,s-1-5-18,gcnga0400$,{00000000-0000-0000-0000-000000000000},plugplaymanager,0x2ec,c:\windows\system32\svchost.exe,-,0x3e7,unknown specific access (bit 1)         access reasons:  -,0,plugplaysecurityobject,globalcom, , , , , , , , , , , , , , , , , , , , , , , , , , , , , 
microsoft-windows-security-auditing,success audit,other object access events,gcnga0400.global.com,127.0.0.1,MSWinEventLog	1	Security	995054	Tue May  2 16:02:41 2017	4656	Microsoft-Windows-Security-Auditing	N/A	N/A	Success Audit	gcNGA0400.global.com	Other Object Access Events		A handle to an object was requested.    Subject:   Security ID:  S-1-5-18   Account Name:  gcNGA0400$   Account Domain:  globalcom   Logon ID:  0x3e7    Object:   Object Server:  PlugPlayManager   Object Type:  Security   Object Name:  PlugPlaySecurityObject   Handle ID:  0x0    Process Information:   Process ID:  0x2ec   Process Name:  C:\Windows\System32\svchost.exe    Access Request Information:   Transaction ID:  {00000000-0000-0000-0000-000000000000}   Accesses:  Unknown specific access (bit 1)         Access Reasons:  -   Access Mask:  0x2   Privileges Used for Access Check: -   Restricted SID Count: 0	189124634,a handle to an object was requested,"auth,windows",2017-05-02T15:02:42.063Z,52104,172.20.48.23,ms_windows_event-1655484026,846,<14>May  2 16:02:41 gcNGA0400.global.com ,4073158961,1,0.0.0.0/514/tcp,2b01-f2c77931,11009,gcnga0400.global.com, ,4656,ms_windows_event,security,58565d1f-8eba-45c1-b5a1-b3824a45aedf#1276,"{""id"":""58565d1f-8eba-45c1-b5a1-b3824a45aedf#1276"",""num_events"":2837,""data_type"":""passthrough"",""batch_id"":""58565d1f-8eba-45c1-b5a1-b3824a45aedf"",""batch_segment"":0,""customer_id"":""lga03"",""sequence_number"":1275,""source_type"":""json"",""target_index"":""""}",11009,s-1-5-18,gcnga0400$,{00000000-0000-0000-0000-000000000000},plugplaymanager,0x2ec,c:\windows\system32\svchost.exe,-,0x3e7,unknown specific access (bit 1)         access reasons:  -,0,plugplaysecurityobject,globalcom, , , , , , , , , , , , , , , , , , , , , , , , , , , , , 
microsoft-windows-security-auditing,success audit,logogc,gcsmq0002.global.com,127.0.0.1,MSWinEventLog	1	Security	2131900	Tue May  2 11:02:43 2017	4634	Microsoft-Windows-Security-Auditing	N/A	N/A	Success Audit	gcSMQ0002.global.com	Logogc		N/A	304321452,n/a,"auth,windows",2017-05-02T15:02:45.357Z,50165,172.21.14.21,ms_windows_event-1377334112,210,<14>May  2 11:02:43 gcSMQ0002.global.com ,27946635536,0,0.0.0.0/514/tcp,2b03-681bfd110,11011,gcsmq0002.global.com,2017-05-02T11:02:43.000Z,4634,ms_windows_event,security,58565d1f-8eba-45c1-b5a1-b3824a45aedf#1299,"{""id"":""58565d1f-8eba-45c1-b5a1-b3824a45aedf#1299"",""num_events"":2837,""data_type"":""passthrough"",""batch_id"":""58565d1f-8eba-45c1-b5a1-b3824a45aedf"",""batch_segment"":0,""customer_id"":""lga03"",""sequence_number"":1298,""source_type"":""json"",""target_index"":""""}",11011, , , , , , , , , , , , , , , , , , , , , , , , , , , , , , , , , , , , , , , , , 
microsoft-windows-security-auditing,success audit,logon,gcsmq0002.global.com,127.0.0.1,MSWinEventLog	1	Security	2131904	Tue May  2 11:02:43 2017	4624	Microsoft-Windows-Security-Auditing	N/A	N/A	Success Audit	gcSMQ0002.global.com	Logon		N/A	304321456,n/a,"auth,windows",2017-05-02T15:02:45.359Z,50165,172.21.14.21,ms_windows_event-796723568,209,<14>May  2 11:02:43 gcSMQ0002.global.com ,27946635540,0,0.0.0.0/514/tcp,2b03-681bfd114,11011,gcsmq0002.global.com,2017-05-02T11:02:43.000Z,4624,ms_windows_event,security,58565d1f-8eba-45c1-b5a1-b3824a45aedf#1300,"{""id"":""58565d1f-8eba-45c1-b5a1-b3824a45aedf#1300"",""num_events"":2837,""data_type"":""passthrough"",""batch_id"":""58565d1f-8eba-45c1-b5a1-b3824a45aedf"",""batch_segment"":0,""customer_id"":""lga03"",""sequence_number"":1299,""source_type"":""json"",""target_index"":""""}",11011, , , , , , , , , , , , , , , , , , , , , , , , , , , , , , , , , , , , , , , , , 
microsoft-windows-security-auditing,failure audit,kerberos authentication service,gcsmq0002.global.com,127.0.0.1,MSWinEventLog	3	Security	2131912	Tue May  2 11:02:44 2017	4768	Microsoft-Windows-Security-Auditing	N/A	N/A	Failure Audit	gcSMQ0002.global.com	Kerberos Authentication Service		N/A	304321464,n/a,"auth,windows",2017-05-02T15:02:45.363Z,50165,172.21.14.21,ms_windows_event-3984003816,235,<11>May  2 11:02:44 gcSMQ0002.global.com ,27946635548,0,0.0.0.0/514/tcp,2b03-681bfd11c,11011,gcsmq0002.global.com,2017-05-02T11:02:44.000Z,4768,ms_windows_event,security,58565d1f-8eba-45c1-b5a1-b3824a45aedf#1302,"{""id"":""58565d1f-8eba-45c1-b5a1-b3824a45aedf#1302"",""num_events"":2837,""data_type"":""passthrough"",""batch_id"":""58565d1f-8eba-45c1-b5a1-b3824a45aedf"",""batch_segment"":0,""customer_id"":""lga03"",""sequence_number"":1301,""source_type"":""json"",""target_index"":""""}",11011, , , , , , , , , , , , , , , , , , , , , , , , , , , , , , , , , , , , , , , , , 
microsoft-windows-security-auditing,success audit,n/a,gcsmq0002.global.com,127.0.0.1,MSWinEventLog	1	Security	2131916	Tue May  2 11:02:44 2017	4662	Microsoft-Windows-Security-Auditing	N/A	N/A	Success Audit	gcSMQ0002.global.com	N/A		N/A	304321468,n/a,"auth,windows",2017-05-02T15:02:45.365Z,50165,172.21.14.21,ms_windows_event-2494768146,207,<14>May  2 11:02:44 gcSMQ0002.global.com ,27946635552,0,0.0.0.0/514/tcp,2b03-681bfd120,11011,gcsmq0002.global.com,2017-05-02T11:02:44.000Z,4662,ms_windows_event,security,58565d1f-8eba-45c1-b5a1-b3824a45aedf#1303,"{""id"":""58565d1f-8eba-45c1-b5a1-b3824a45aedf#1303"",""num_events"":2837,""data_type"":""passthrough"",""batch_id"":""58565d1f-8eba-45c1-b5a1-b3824a45aedf"",""batch_segment"":0,""customer_id"":""lga03"",""sequence_number"":1302,""source_type"":""json"",""target_index"":""""}",11011, , , , , , , , , , , , , , , , , , , , , , , , , , , , , , , , , , , , , , , , , 
microsoft-windows-security-auditing,success audit,other object access events,gcchn0400.global.com,127.0.0.1,MSWinEventLog	1	Security	2487581	Tue May  2 23:03:25 2017	4656	Microsoft-Windows-Security-Auditing	N/A	N/A	Success Audit	gcCHN0400.global.com	Other Object Access Events		A handle to an object was requested.    Subject:   Security ID:  S-1-5-18   Account Name:  gcCHN0400$   Account Domain:  globalcom   Logon ID:  0x3e7    Object:   Object Server:  PlugPlayManager   Object Type:  Security   Object Name:  PlugPlaySecurityObject   Handle ID:  0x0    Process Information:   Process ID:  0x2d0   Process Name:  C:\Windows\System32\svchost.exe    Access Request Information:   Transaction ID:  {00000000-0000-0000-0000-000000000000}   Accesses:  Unknown specific access (bit 1)         Access Reasons:  -   Access Mask:  0x2   Privileges Used for Access Check: -   Restricted SID Count: 0	251461660,a handle to an object was requested,"auth,windows",2017-05-02T15:02:42.160Z,49348,172.20.38.23,ms_windows_event-1655484026,847,<14>May  2 23:03:25 gcCHN0400.global.com ,106197337,1,0.0.0.0/514/tcp,2afb-6547159,11003,gcchn0400.global.com, ,4656,ms_windows_event,security,58565d1f-8eba-45c1-b5a1-b3824a45aedf#1408,"{""id"":""58565d1f-8eba-45c1-b5a1-b3824a45aedf#1408"",""num_events"":2819,""data_type"":""passthrough"",""batch_id"":""58565d1f-8eba-45c1-b5a1-b3824a45aedf"",""batch_segment"":0,""customer_id"":""lga03"",""sequence_number"":1407,""source_type"":""json"",""target_index"":""""}",11003,s-1-5-18,gcchn0400$,{00000000-0000-0000-0000-000000000000},plugplaymanager,0x2d0,c:\windows\system32\svchost.exe,-,0x3e7,unknown specific access (bit 1)         access reasons:  -,0,plugplaysecurityobject,globalcom, , , , , , , , , , , , , , , , , , , , , , , , , , , , , 
microsoft-windows-security-auditing,success audit,logogc,gcbrw0000.global.com,127.0.0.1,MSWinEventLog	1	Security	796279	Tue May  2 11:02:42 2017	4634	Microsoft-Windows-Security-Auditing	N/A	N/A	Success Audit	gcBRW0000.global.com	Logogc		An account was logged ogc.    Subject:   Security ID:  S-1-5-21-2029550947-1910908428-336986018-23974   Account Name:  E.Oleary   Account Domain:  globalcom   Logon ID:  0x9F80EF7    Logon Type:   3    This event is generated when a logon session is destroyed. It may be positively correlated with a logon event using the Logon ID value. Logon IDs are only unique between reboots on the same computer.	64590988,an account was logged ogc,"auth,windows",2017-05-02T15:04:40.827Z,54837,172.24.19.20,ms_windows_event-3012490973,611,<14>May  2 11:02:42 gcBRW0000.global.com ,3969016369,1,0.0.0.0/514/tcp,2b04-ec926231,11012,gcbrw0000.global.com,2017-05-02T11:02:42.000Z,4634,ms_windows_event,security,58565d1f-8eba-45c1-b5a1-b3824a45aedf#1433,"{""id"":""58565d1f-8eba-45c1-b5a1-b3824a45aedf#1433"",""num_events"":2819,""data_type"":""passthrough"",""batch_id"":""58565d1f-8eba-45c1-b5a1-b3824a45aedf"",""batch_segment"":0,""customer_id"":""lga03"",""sequence_number"":1432,""source_type"":""json"",""target_index"":""""}",11012,s-1-5-21-2029550947-1910908428-336986018-23974,e.oleary, , , , , ,0x9f80ef7, , , ,globalcom, , , , , , , ,3,this event is generated when a logon session is destroyed, , , , , , , , , , , , , , , , , , , , 
microsoft-windows-security-auditing,success audit,filtering platform connection,gcind0400.global.com,127.0.0.1,MSWinEventLog	1	Security	1535160	Tue May  2 20:30:55 2017	5158	Microsoft-Windows-Security-Auditing	N/A	N/A	Success Audit	gcIND0400.global.com	Filtering Platform Connection		The Windows Filtering Platform has permitted a bind to a local port.    Application Information:   Process ID:  1268   Application Name: \device\harddiskvolume2\program files\agent-5.8.3\jre\bin\java.exe    Network Information:   Source Address:  0.0.0.0   Source Port:  58816   Protocol:  6    Filter Information:   Filter Run-Time ID: 0   Layer Name:  Resource Assignment   Layer Run-Time ID: 36	671456113,the windows filtering platform has permitted a bind to a local port,"auth,windows",2017-05-02T15:02:42.602Z,63364,172.20.42.23,ms_windows_event-1072601665,627,<14>May  2 20:30:55 gcIND0400.global.com ,285063382,1,0.0.0.0/514/tcp,2afe-10fdb8d6,11006,gcind0400.global.com,2017-05-02T20:30:55.000Z,5158,ms_windows_event,security,58565d1f-8eba-45c1-b5a1-b3824a45aedf#1437,"{""id"":""58565d1f-8eba-45c1-b5a1-b3824a45aedf#1437"",""num_events"":2819,""data_type"":""passthrough"",""batch_id"":""58565d1f-8eba-45c1-b5a1-b3824a45aedf"",""batch_segment"":0,""customer_id"":""lga03"",""sequence_number"":1436,""source_type"":""json"",""target_index"":""""}",11006, , , , , , , , , , , , , ,58816,0.0.0.0,6,\device\harddiskvolume2\program files\agent-5.8.3\jre\bin\java.exe,broadcast rfc1700,rsv, , , , , , , , , , , , , , , , , , , , , , 
microsoft-windows-security-auditing,success audit,other object access events,gcbra0400.global.com,127.0.0.1,MSWinEventLog	1	Security	566844	Tue May  2 12:02:40 2017	4656	Microsoft-Windows-Security-Auditing	N/A	N/A	Success Audit	gcBRA0400.global.com	Other Object Access Events		A handle to an object was requested.    Subject:   Security ID:  S-1-5-18   Account Name:  gcBRA0400$   Account Domain:  globalcom   Logon ID:  0x3e7    Object:   Object Server:  PlugPlayManager   Object Type:  Security   Object Name:  PlugPlaySecurityObject   Handle ID:  0x0    Process Information:   Process ID:  0x2dc   Process Name:  C:\Windows\System32\svchost.exe    Access Request Information:   Transaction ID:  {00000000-0000-0000-0000-000000000000}   Accesses:  Unknown specific access (bit 1)         Access Reasons:  -   Access Mask:  0x2   Privileges Used for Access Check: -   Restricted SID Count: 0	457188721,a handle to an object was requested,"auth,windows",2017-05-02T15:02:43.077Z,50311,172.20.36.23,ms_windows_event-1655484026,846,<14>May  2 12:02:40 gcBRA0400.global.com ,6500394410,1,0.0.0.0/514/tcp,2af9-1837425aa,11001,gcbra0400.global.com, ,4656,ms_windows_event,security,58565d1f-8eba-45c1-b5a1-b3824a45aedf#1442,"{""id"":""58565d1f-8eba-45c1-b5a1-b3824a45aedf#1442"",""num_events"":2819,""data_type"":""passthrough"",""batch_id"":""58565d1f-8eba-45c1-b5a1-b3824a45aedf"",""batch_segment"":0,""customer_id"":""lga03"",""sequence_number"":1441,""source_type"":""json"",""target_index"":""""}",11001,s-1-5-18,gcbra0400$,{00000000-0000-0000-0000-000000000000},plugplaymanager,0x2dc,c:\windows\system32\svchost.exe,-,0x3e7,unknown specific access (bit 1)         access reasons:  -,0,plugplaysecurityobject,globalcom, , , , , , , , , , , , , , , , , , , , , , , , , , , , , 
microsoft-windows-security-auditing,success audit,other object access events,gcbra0400.global.com,127.0.0.1,MSWinEventLog	1	Security	566849	Tue May  2 12:02:40 2017	4656	Microsoft-Windows-Security-Auditing	N/A	N/A	Success Audit	gcBRA0400.global.com	Other Object Access Events		A handle to an object was requested.    Subject:   Security ID:  S-1-5-18   Account Name:  gcBRA0400$   Account Domain:  globalcom   Logon ID:  0x3e7    Object:   Object Server:  PlugPlayManager   Object Type:  Security   Object Name:  PlugPlaySecurityObject   Handle ID:  0x0    Process Information:   Process ID:  0x2dc   Process Name:  C:\Windows\System32\svchost.exe    Access Request Information:   Transaction ID:  {00000000-0000-0000-0000-000000000000}   Accesses:  Unknown specific access (bit 1)         Access Reasons:  -   Access Mask:  0x2   Privileges Used for Access Check: -   Restricted SID Count: 0	457188726,a handle to an object was requested,"auth,windows",2017-05-02T15:02:43.080Z,50311,172.20.36.23,ms_windows_event-1655484026,846,<14>May  2 12:02:40 gcBRA0400.global.com ,6500394415,1,0.0.0.0/514/tcp,2af9-1837425af,11001,gcbra0400.global.com, ,4656,ms_windows_event,security,58565d1f-8eba-45c1-b5a1-b3824a45aedf#1443,"{""id"":""58565d1f-8eba-45c1-b5a1-b3824a45aedf#1443"",""num_events"":2819,""data_type"":""passthrough"",""batch_id"":""58565d1f-8eba-45c1-b5a1-b3824a45aedf"",""batch_segment"":0,""customer_id"":""lga03"",""sequence_number"":1442,""source_type"":""json"",""target_index"":""""}",11001,s-1-5-18,gcbra0400$,{00000000-0000-0000-0000-000000000000},plugplaymanager,0x2dc,c:\windows\system32\svchost.exe,-,0x3e7,unknown specific access (bit 1)         access reasons:  -,0,plugplaysecurityobject,globalcom, , , , , , , , , , , , , , , , , , , , , , , , , , , , , 
microsoft-windows-security-auditing,success audit,other object access events,gcchn0400.global.com,127.0.0.1,MSWinEventLog	1	Security	2487505	Tue May  2 23:03:25 2017	4656	Microsoft-Windows-Security-Auditing	N/A	N/A	Success Audit	gcCHN0400.global.com	Other Object Access Events		A handle to an object was requested.    Subject:   Security ID:  S-1-5-18   Account Name:  gcCHN0400$   Account Domain:  globalcom   Logon ID:  0x3e7    Object:   Object Server:  PlugPlayManager   Object Type:  Security   Object Name:  PlugPlaySecurityObject   Handle ID:  0x0    Process Information:   Process ID:  0x2d0   Process Name:  C:\Windows\System32\svchost.exe    Access Request Information:   Transaction ID:  {00000000-0000-0000-0000-000000000000}   Accesses:  Unknown specific access (bit 1)         Access Reasons:  -   Access Mask:  0x2   Privileges Used for Access Check: -   Restricted SID Count: 0	251461584,a handle to an object was requested,"auth,windows",2017-05-02T15:02:42.112Z,49348,172.20.38.23,ms_windows_event-1655484026,847,<14>May  2 23:03:25 gcCHN0400.global.com ,106197261,1,0.0.0.0/514/tcp,2afb-654710d,11003,gcchn0400.global.com, ,4656,ms_windows_event,security,58565d1f-8eba-45c1-b5a1-b3824a45aedf#1451,"{""id"":""58565d1f-8eba-45c1-b5a1-b3824a45aedf#1451"",""num_events"":2819,""data_type"":""passthrough"",""batch_id"":""58565d1f-8eba-45c1-b5a1-b3824a45aedf"",""batch_segment"":0,""customer_id"":""lga03"",""sequence_number"":1450,""source_type"":""json"",""target_index"":""""}",11003,s-1-5-18,gcchn0400$,{00000000-0000-0000-0000-000000000000},plugplaymanager,0x2d0,c:\windows\system32\svchost.exe,-,0x3e7,unknown specific access (bit 1)         access reasons:  -,0,plugplaysecurityobject,globalcom, , , , , , , , , , , , , , , , , , , , , , , , , , , , , 
microsoft-windows-security-auditing,success audit,other object access events,gcchn0400.global.com,127.0.0.1,MSWinEventLog	1	Security	2487517	Tue May  2 23:03:25 2017	4656	Microsoft-Windows-Security-Auditing	N/A	N/A	Success Audit	gcCHN0400.global.com	Other Object Access Events		A handle to an object was requested.    Subject:   Security ID:  S-1-5-18   Account Name:  gcCHN0400$   Account Domain:  globalcom   Logon ID:  0x3e7    Object:   Object Server:  PlugPlayManager   Object Type:  Security   Object Name:  PlugPlaySecurityObject   Handle ID:  0x0    Process Information:   Process ID:  0x2d0   Process Name:  C:\Windows\System32\svchost.exe    Access Request Information:   Transaction ID:  {00000000-0000-0000-0000-000000000000}   Accesses:  Unknown specific access (bit 1)         Access Reasons:  -   Access Mask:  0x2   Privileges Used for Access Check: -   Restricted SID Count: 0	251461596,a handle to an object was requested,"auth,windows",2017-05-02T15:02:42.121Z,49348,172.20.38.23,ms_windows_event-1655484026,847,<14>May  2 23:03:25 gcCHN0400.global.com ,106197273,1,0.0.0.0/514/tcp,2afb-6547119,11003,gcchn0400.global.com, ,4656,ms_windows_event,security,58565d1f-8eba-45c1-b5a1-b3824a45aedf#1452,"{""id"":""58565d1f-8eba-45c1-b5a1-b3824a45aedf#1452"",""num_events"":2819,""data_type"":""passthrough"",""batch_id"":""58565d1f-8eba-45c1-b5a1-b3824a45aedf"",""batch_segment"":0,""customer_id"":""lga03"",""sequence_number"":1451,""source_type"":""json"",""target_index"":""""}",11003,s-1-5-18,gcchn0400$,{00000000-0000-0000-0000-000000000000},plugplaymanager,0x2d0,c:\windows\system32\svchost.exe,-,0x3e7,unknown specific access (bit 1)         access reasons:  -,0,plugplaysecurityobject,globalcom, , , , , , , , , , , , , , , , , , , , , , , , , , , , , 
microsoft-windows-security-auditing,success audit,other object access events,gcchn0400.global.com,127.0.0.1,MSWinEventLog	1	Security	2487522	Tue May  2 23:03:25 2017	4656	Microsoft-Windows-Security-Auditing	N/A	N/A	Success Audit	gcCHN0400.global.com	Other Object Access Events		A handle to an object was requested.    Subject:   Security ID:  S-1-5-18   Account Name:  gcCHN0400$   Account Domain:  globalcom   Logon ID:  0x3e7    Object:   Object Server:  PlugPlayManager   Object Type:  Security   Object Name:  PlugPlaySecurityObject   Handle ID:  0x0    Process Information:   Process ID:  0x2d0   Process Name:  C:\Windows\System32\svchost.exe    Access Request Information:   Transaction ID:  {00000000-0000-0000-0000-000000000000}   Accesses:  Unknown specific access (bit 1)         Access Reasons:  -   Access Mask:  0x2   Privileges Used for Access Check: -   Restricted SID Count: 0	251461601,a handle to an object was requested,"auth,windows",2017-05-02T15:02:42.126Z,49348,172.20.38.23,ms_windows_event-1655484026,847,<14>May  2 23:03:25 gcCHN0400.global.com ,106197278,1,0.0.0.0/514/tcp,2afb-654711e,11003,gcchn0400.global.com, ,4656,ms_windows_event,security,58565d1f-8eba-45c1-b5a1-b3824a45aedf#1453,"{""id"":""58565d1f-8eba-45c1-b5a1-b3824a45aedf#1453"",""num_events"":2819,""data_type"":""passthrough"",""batch_id"":""58565d1f-8eba-45c1-b5a1-b3824a45aedf"",""batch_segment"":0,""customer_id"":""lga03"",""sequence_number"":1452,""source_type"":""json"",""target_index"":""""}",11003,s-1-5-18,gcchn0400$,{00000000-0000-0000-0000-000000000000},plugplaymanager,0x2d0,c:\windows\system32\svchost.exe,-,0x3e7,unknown specific access (bit 1)         access reasons:  -,0,plugplaysecurityobject,globalcom, , , , , , , , , , , , , , , , , , , , , , , , , , , , , 
microsoft-windows-security-auditing,success audit,other object access events,gcchn0400.global.com,127.0.0.1,MSWinEventLog	1	Security	2487530	Tue May  2 23:03:25 2017	4656	Microsoft-Windows-Security-Auditing	N/A	N/A	Success Audit	gcCHN0400.global.com	Other Object Access Events		A handle to an object was requested.    Subject:   Security ID:  S-1-5-18   Account Name:  gcCHN0400$   Account Domain:  globalcom   Logon ID:  0x3e7    Object:   Object Server:  PlugPlayManager   Object Type:  Security   Object Name:  PlugPlaySecurityObject   Handle ID:  0x0    Process Information:   Process ID:  0x2d0   Process Name:  C:\Windows\System32\svchost.exe    Access Request Information:   Transaction ID:  {00000000-0000-0000-0000-000000000000}   Accesses:  Unknown specific access (bit 1)         Access Reasons:  -   Access Mask:  0x2   Privileges Used for Access Check: -   Restricted SID Count: 0	251461609,a handle to an object was requested,"auth,windows",2017-05-02T15:02:42.131Z,49348,172.20.38.23,ms_windows_event-1655484026,847,<14>May  2 23:03:25 gcCHN0400.global.com ,106197286,1,0.0.0.0/514/tcp,2afb-6547126,11003,gcchn0400.global.com, ,4656,ms_windows_event,security,58565d1f-8eba-45c1-b5a1-b3824a45aedf#1454,"{""id"":""58565d1f-8eba-45c1-b5a1-b3824a45aedf#1454"",""num_events"":2819,""data_type"":""passthrough"",""batch_id"":""58565d1f-8eba-45c1-b5a1-b3824a45aedf"",""batch_segment"":0,""customer_id"":""lga03"",""sequence_number"":1453,""source_type"":""json"",""target_index"":""""}",11003,s-1-5-18,gcchn0400$,{00000000-0000-0000-0000-000000000000},plugplaymanager,0x2d0,c:\windows\system32\svchost.exe,-,0x3e7,unknown specific access (bit 1)         access reasons:  -,0,plugplaysecurityobject,globalcom, , , , , , , , , , , , , , , , , , , , , , , , , , , , , 
microsoft-windows-security-auditing,success audit,other object access events,gcchn0400.global.com,127.0.0.1,MSWinEventLog	1	Security	2487564	Tue May  2 23:03:25 2017	4656	Microsoft-Windows-Security-Auditing	N/A	N/A	Success Audit	gcCHN0400.global.com	Other Object Access Events		A handle to an object was requested.    Subject:   Security ID:  S-1-5-18   Account Name:  gcCHN0400$   Account Domain:  globalcom   Logon ID:  0x3e7    Object:   Object Server:  PlugPlayManager   Object Type:  Security   Object Name:  PlugPlaySecurityObject   Handle ID:  0x0    Process Information:   Process ID:  0x2d0   Process Name:  C:\Windows\System32\svchost.exe    Access Request Information:   Transaction ID:  {00000000-0000-0000-0000-000000000000}   Accesses:  Unknown specific access (bit 1)         Access Reasons:  -   Access Mask:  0x2   Privileges Used for Access Check: -   Restricted SID Count: 0	251461643,a handle to an object was requested,"auth,windows",2017-05-02T15:02:42.152Z,49348,172.20.38.23,ms_windows_event-1655484026,847,<14>May  2 23:03:25 gcCHN0400.global.com ,106197320,1,0.0.0.0/514/tcp,2afb-6547148,11003,gcchn0400.global.com, ,4656,ms_windows_event,security,58565d1f-8eba-45c1-b5a1-b3824a45aedf#1458,"{""id"":""58565d1f-8eba-45c1-b5a1-b3824a45aedf#1458"",""num_events"":2819,""data_type"":""passthrough"",""batch_id"":""58565d1f-8eba-45c1-b5a1-b3824a45aedf"",""batch_segment"":0,""customer_id"":""lga03"",""sequence_number"":1457,""source_type"":""json"",""target_index"":""""}",11003,s-1-5-18,gcchn0400$,{00000000-0000-0000-0000-000000000000},plugplaymanager,0x2d0,c:\windows\system32\svchost.exe,-,0x3e7,unknown specific access (bit 1)         access reasons:  -,0,plugplaysecurityobject,globalcom, , , , , , , , , , , , , , , , , , , , , , , , , , , , , 
