microsoft-windows-security-auditing,success audit,kerberos service ticket operations,gcbrw0000.global.com,127.0.0.1,"MSWinEventLog	1	Security	796187	Tue May  2 11:02:30 2017	4769	Microsoft-Windows-Security-Auditing	N/A	N/A	Success Audit	gcBRW0000.global.com	Kerberos Service Ticket Operations		A Kerberos service ticket was requested.    Account Information:   Account Name:  NYCLT4861$@global.com   Account Domain:  global.com   Logon GUID:  {1E7C3F7B-D05F-9E01-7D32-FC3BD2AE7315}    Service Information:   Service Name:  gcBRW0000$   Service ID:  S-1-5-21-2029550947-1910908428-336986018-41659    Network Information:   Client Address:  ::gcgc:172.24.32.110   Client Port:  60449    Additional Information:   Ticket Options:  0x40810000   Ticket Encryption Type: 0x12   Failure Code:  0x0   Transited Services: -    This event is generated every time access is requested to a resource such as a computer or a Windows service.  The service name indicates the resource to which access was requested.    This event can be correlated with Windows logon events by comparing the Logon GUID fields in each event.  The logon event occurs on the machine that was accessed, which is often a digcerent machine than the domain controller which issued the service ticket.    Ticket options, encryption types, and failure codes are defined in RFC 4120.	64590896",a kerberos service ticket was requested,"auth,windows",2017-05-02T15:04:28.807Z,54837,172.24.19.20,ms_windows_event-504109373,1285,<14>May  2 11:02:30 gcBRW0000.global.com ,3969009713,1,0.0.0.0/514/tcp,2b04-ec924831,11012,gcbrw0000.global.com, ,4769,ms_windows_event,security,d83f1d51-d2b1-43f3-a686-47d0835b2501#299,"{""id"":""d83f1d51-d2b1-43f3-a686-47d0835b2501#299"",""num_events"":2979,""data_type"":""passthrough"",""batch_id"":""d83f1d51-d2b1-43f3-a686-47d0835b2501"",""batch_segment"":0,""customer_id"":""lga03"",""sequence_number"":298,""source_type"":""json"",""target_index"":""""}",11012, ,nyclt4861$@global.com, , , , , , , , , ,global.com, ,60449, , , , , , ,this event is generated every time access is requested to a resource such as a computer or a windows service,::gcgc:172.24.32.110, , , , , , , , , , , , , , , , , , , 
microsoft-windows-security-auditing,success audit,logon,gcbrw0000.global.com,127.0.0.1,"MSWinEventLog	1	Security	796190	Tue May  2 11:02:30 2017	4624	Microsoft-Windows-Security-Auditing	N/A	N/A	Success Audit	gcBRW0000.global.com	Logon		An account was successfully logged on.    Subject:   Security ID:  S-1-0-0   Account Name:  -   Account Domain:  -   Logon ID:  0x0    Logon Type:   3    Impersonation Level:  Impersonation    New Logon:   Security ID:  S-1-5-21-2029550947-1910908428-336986018-41172   Account Name:  gcBRW0403$   Account Domain:  globalcom   Logon ID:  0x9F80184   Logon GUID:  {11697F8B-32EC-32A3-39F8-C8D023D67565}    Process Information:   Process ID:  0x0   Process Name:  -    Network Information:   Workstation Name:    Source Network Address: 172.24.19.27   Source Port:  51019    Detailed Authentication Information:   Logon Process:  Kerberos   Authentication Package: Kerberos   Transited Services: -   Package Name (NTLM only): -   Key Length:  0    This event is generated when a logon session is created. It is generated on the computer that was accessed.    The subject fields indicate the account on the local system which requested the logon. This is most commonly a service such as the Server service, or a local process such as Winlogon.exe or Services.exe.    The logon type field indicates the kind of logon that occurred. The most common types are 2 (interactive) and 3 (network).    The New Logon fields indicate the account for whom the new logon was created, i.e. the account that was logged on.    The network fields indicate where a remote logon request originated. Workstation name is not always available and may be left blank in some cases.    The impersonation level field indicates the extent to which a process in the logon session can impersonate.    The authentication information fields provide detailed information about this specific logon request.   - Logon GUID is a unique identifier that can be used to correlate this event with a KDC event.   - Transited services indicate which intermediate services have participated in this logon request.   - Package name indicates which sub-protocol was used among the NTLM protocols.   - Key length indicates the length of the generated session key. This will be 0 if no session key was requested.	64590899",an account was successfully logged on,"auth,windows",2017-05-02T15:04:28.809Z,54837,172.24.19.20,ms_windows_event-3795724934,2271,<14>May  2 11:02:30 gcBRW0000.global.com ,3969009716,1,0.0.0.0/514/tcp,2b04-ec924834,11012,gcbrw0000.global.com,2017-05-02T11:02:30.000Z,4624,ms_windows_event,security,d83f1d51-d2b1-43f3-a686-47d0835b2501#300,"{""id"":""d83f1d51-d2b1-43f3-a686-47d0835b2501#300"",""num_events"":2979,""data_type"":""passthrough"",""batch_id"":""d83f1d51-d2b1-43f3-a686-47d0835b2501"",""batch_segment"":0,""customer_id"":""lga03"",""sequence_number"":299,""source_type"":""json"",""target_index"":""""}",11012,s-1-5-21-2029550947-1910908428-336986018-41172,gcbrw0403$, , ,0x0,-, ,0x9f80184, , , ,globalcom, ,51019,172.24.19.27, , ,private ip address lan,rsv,3,this event is generated when a logon session is created, ,,kerberos,"[""1.1.1521""]", , , , , , , , , , , , , , , , 
microsoft-windows-security-auditing,success audit,special logon,gcbra0000.global.com,127.0.0.1,MSWinEventLog	1	Security	98967	Tue May  2 12:02:31 2017	4672	Microsoft-Windows-Security-Auditing	N/A	N/A	Success Audit	gcBRA0000.global.com	Special Logon		N/A	19816042,n/a,"auth,windows",2017-05-02T15:02:32.612Z,64485,172.20.36.22,ms_windows_event-3923140098,214,<14>May  2 12:02:31 gcBRA0000.global.com ,6500393649,1,0.0.0.0/514/tcp,2af9-1837422b1,11001,gcbra0000.global.com,2017-05-02T12:02:31.000Z,4672,ms_windows_event,security,d83f1d51-d2b1-43f3-a686-47d0835b2501#333,"{""id"":""d83f1d51-d2b1-43f3-a686-47d0835b2501#333"",""num_events"":2979,""data_type"":""passthrough"",""batch_id"":""d83f1d51-d2b1-43f3-a686-47d0835b2501"",""batch_segment"":0,""customer_id"":""lga03"",""sequence_number"":332,""source_type"":""json"",""target_index"":""""}",11001, , , , , , , , , , , , , , , , , , , , , , , , , , , , , , , , , , , , , , , , , 
microsoft-windows-security-auditing,success audit,detailed file share,gcind0400.global.com,127.0.0.1,MSWinEventLog	1	Security	1535120	Tue May  2 20:30:44 2017	5145	Microsoft-Windows-Security-Auditing	N/A	N/A	Success Audit	gcIND0400.global.com	Detailed File Share		A network share object was checked to see whether client can be granted desired access.     Subject:   Security ID:  S-1-5-19   Account Name:  LOCAL SERVICE   Account Domain:  NT AUTHORITY   Logon ID:  0x3e5    Network Information:    Object Type:  File   Source Address:  fe80::d804:454c:b911:c796   Source Port:  58812     Share Information:   Share Name:  \\*\SMPSTOREU_FE3A15E2$   Share Path:  \??\U:\Windows 10 Migration User Data\SMPSTOREU_FE3A15E2$   Relative Target Name: FBC02D2321401636EFBD99756C5AAF338C3D018C06B9724EB56B409163928473    Access Request Information:   Access Mask:  0x20080   Accesses:  READ_CONTROL      ReadAttributes        Access Check Results:   -  	671456073,a network share object was checked to see whether client can be granted desired access.     subject:   security id:  s-1-5-19   account name:  local service   account domain:  nt authority   logon id:  0x3e5    network information:    object type:  file   source address:  fe80::d804:454c:b911:c796   source port:  58812     share information:   share name:  \\*\smpstoreu_fe3a15e2$   share path:  \??\u:\windows 10 migration user data\smpstoreu_fe3a15e2$   relative target name: fbc02d2321401636efbd99756c5aaf338c3d018c06b9724eb56b409163928473    access request information:   access mask:  0x20080   accesses:  read_control      readattributes        access check results:   -,"auth,windows",2017-05-02T15:02:30.065Z,63364,172.20.42.23,ms_windows_event-2048817195,900,<14>May  2 20:30:44 gcIND0400.global.com ,285062897,1,0.0.0.0/514/tcp,2afe-10fdb6f1,11006,gcind0400.global.com,2017-05-02T20:30:44.000Z,5145,ms_windows_event,security,d83f1d51-d2b1-43f3-a686-47d0835b2501#402,"{""id"":""d83f1d51-d2b1-43f3-a686-47d0835b2501#402"",""num_events"":2979,""data_type"":""passthrough"",""batch_id"":""d83f1d51-d2b1-43f3-a686-47d0835b2501"",""batch_segment"":0,""customer_id"":""lga03"",""sequence_number"":401,""source_type"":""json"",""target_index"":""""}",11006, , , , , , , , , , , , , , , , , , , , , , , , , , , , , , , , , , , , , , , , , 
microsoft-windows-security-auditing,success audit,special logon,gcbra0000.global.com,127.0.0.1,MSWinEventLog	1	Security	98996	Tue May  2 12:02:35 2017	4672	Microsoft-Windows-Security-Auditing	N/A	N/A	Success Audit	gcBRA0000.global.com	Special Logon		N/A	19816071,n/a,"auth,windows",2017-05-02T15:02:36.711Z,64485,172.20.36.22,ms_windows_event-3923140098,214,<14>May  2 12:02:35 gcBRA0000.global.com ,6500393924,1,0.0.0.0/514/tcp,2af9-1837423c4,11001,gcbra0000.global.com,2017-05-02T12:02:35.000Z,4672,ms_windows_event,security,d83f1d51-d2b1-43f3-a686-47d0835b2501#480,"{""id"":""d83f1d51-d2b1-43f3-a686-47d0835b2501#480"",""num_events"":2979,""data_type"":""passthrough"",""batch_id"":""d83f1d51-d2b1-43f3-a686-47d0835b2501"",""batch_segment"":0,""customer_id"":""lga03"",""sequence_number"":479,""source_type"":""json"",""target_index"":""""}",11001, , , , , , , , , , , , , , , , , , , , , , , , , , , , , , , , , , , , , , , , , 
microsoft-windows-security-auditing,success audit,logon,gcbra0000.global.com,127.0.0.1,MSWinEventLog	1	Security	99015	Tue May  2 12:02:36 2017	4624	Microsoft-Windows-Security-Auditing	N/A	N/A	Success Audit	gcBRA0000.global.com	Logon		N/A	19816090,n/a,"auth,windows",2017-05-02T15:02:36.721Z,64485,172.20.36.22,ms_windows_event-796723568,206,<14>May  2 12:02:36 gcBRA0000.global.com ,6500393943,1,0.0.0.0/514/tcp,2af9-1837423d7,11001,gcbra0000.global.com,2017-05-02T12:02:36.000Z,4624,ms_windows_event,security,d83f1d51-d2b1-43f3-a686-47d0835b2501#483,"{""id"":""d83f1d51-d2b1-43f3-a686-47d0835b2501#483"",""num_events"":2979,""data_type"":""passthrough"",""batch_id"":""d83f1d51-d2b1-43f3-a686-47d0835b2501"",""batch_segment"":0,""customer_id"":""lga03"",""sequence_number"":482,""source_type"":""json"",""target_index"":""""}",11001, , , , , , , , , , , , , , , , , , , , , , , , , , , , , , , , , , , , , , , , , 
microsoft-windows-security-auditing,success audit,detailed file share,gcbra0400.global.com,127.0.0.1,MSWinEventLog	1	Security	566810	Tue May  2 12:02:30 2017	5145	Microsoft-Windows-Security-Auditing	N/A	N/A	Success Audit	gcBRA0400.global.com	Detailed File Share		A network share object was checked to see whether client can be granted desired access.     Subject:   Security ID:  S-1-5-19   Account Name:  LOCAL SERVICE   Account Domain:  NT AUTHORITY   Logon ID:  0x3e5    Network Information:    Object Type:  File   Source Address:  ::1   Source Port:  54933     Share Information:   Share Name:  \\*\SMPSTOREU_FE3A15E2$   Share Path:  \??\U:\Windows 10 Migration User Data\SMPSTOREU_FE3A15E2$   Relative Target Name: FBC02D2321401636EFBD99756C5AAF338C3D018C06B9724EB56B409163928473    Access Request Information:   Access Mask:  0x100081   Accesses:  SYNCHRONIZE      ReadData (or ListDirectory)      ReadAttributes        Access Check Results:   -  	457188687,a network share object was checked to see whether client can be granted desired access.     subject:   security id:  s-1-5-19   account name:  local service   account domain:  nt authority   logon id:  0x3e5    network information:    object type:  file   source address:  ::1   source port:  54933     share information:   share name:  \\*\smpstoreu_fe3a15e2$   share path:  \??\u:\windows 10 migration user data\smpstoreu_fe3a15e2$   relative target name: fbc02d2321401636efbd99756c5aaf338c3d018c06b9724eb56b409163928473    access request information:   access mask:  0x100081   accesses:  synchronize      readdata (or listdirectory)      readattributes        access check results:   -,"auth,windows",2017-05-02T15:02:32.925Z,50311,172.20.36.23,ms_windows_event-2048817195,910,<14>May  2 12:02:30 gcBRA0400.global.com ,6500393668,1,0.0.0.0/514/tcp,2af9-1837422c4,11001,gcbra0400.global.com,2017-05-02T12:02:30.000Z,5145,ms_windows_event,security,d83f1d51-d2b1-43f3-a686-47d0835b2501#530,"{""id"":""d83f1d51-d2b1-43f3-a686-47d0835b2501#530"",""num_events"":2979,""data_type"":""passthrough"",""batch_id"":""d83f1d51-d2b1-43f3-a686-47d0835b2501"",""batch_segment"":0,""customer_id"":""lga03"",""sequence_number"":529,""source_type"":""json"",""target_index"":""""}",11001, , , , , , , , , , , , , , , , , , , , , , , , , , , , , , , , , , , , , , , , , 
microsoft-windows-security-auditing,success audit,logogc,gcsmq0002.global.com,127.0.0.1,MSWinEventLog	1	Security	2131635	Tue May  2 11:02:35 2017	4634	Microsoft-Windows-Security-Auditing	N/A	N/A	Success Audit	gcSMQ0002.global.com	Logogc		N/A	304321192,n/a,"auth,windows",2017-05-02T15:02:36.214Z,50165,172.21.14.21,ms_windows_event-1377334112,210,<14>May  2 11:02:35 gcSMQ0002.global.com ,27946632724,0,0.0.0.0/514/tcp,2b03-681bfc614,11011,gcsmq0002.global.com,2017-05-02T11:02:35.000Z,4634,ms_windows_event,security,d83f1d51-d2b1-43f3-a686-47d0835b2501#567,"{""id"":""d83f1d51-d2b1-43f3-a686-47d0835b2501#567"",""num_events"":2979,""data_type"":""passthrough"",""batch_id"":""d83f1d51-d2b1-43f3-a686-47d0835b2501"",""batch_segment"":0,""customer_id"":""lga03"",""sequence_number"":566,""source_type"":""json"",""target_index"":""""}",11011, , , , , , , , , , , , , , , , , , , , , , , , , , , , , , , , , , , , , , , , , 
microsoft-windows-security-auditing,success audit,logogc,gcsmq0002.global.com,127.0.0.1,MSWinEventLog	1	Security	2131639	Tue May  2 11:02:35 2017	4634	Microsoft-Windows-Security-Auditing	N/A	N/A	Success Audit	gcSMQ0002.global.com	Logogc		N/A	304321196,n/a,"auth,windows",2017-05-02T15:02:36.217Z,50165,172.21.14.21,ms_windows_event-1377334112,210,<14>May  2 11:02:35 gcSMQ0002.global.com ,27946632728,0,0.0.0.0/514/tcp,2b03-681bfc618,11011,gcsmq0002.global.com,2017-05-02T11:02:35.000Z,4634,ms_windows_event,security,d83f1d51-d2b1-43f3-a686-47d0835b2501#568,"{""id"":""d83f1d51-d2b1-43f3-a686-47d0835b2501#568"",""num_events"":2979,""data_type"":""passthrough"",""batch_id"":""d83f1d51-d2b1-43f3-a686-47d0835b2501"",""batch_segment"":0,""customer_id"":""lga03"",""sequence_number"":567,""source_type"":""json"",""target_index"":""""}",11011, , , , , , , , , , , , , , , , , , , , , , , , , , , , , , , , , , , , , , , , , 
microsoft-windows-security-auditing,success audit,process creation,gcind0000.global.com,127.0.0.1,MSWinEventLog	1	Security	198047	Tue May  2 20:32:34 2017	4688	Microsoft-Windows-Security-Auditing	N/A	N/A	Success Audit	gcIND0000.global.com	Process Creation		N/A	26489902,n/a,"auth,windows",2017-05-02T15:02:36.229Z,53489,172.20.42.22,ms_windows_event-4231416995,218,<14>May  2 20:32:34 gcIND0000.global.com ,285063088,1,0.0.0.0/514/tcp,2afe-10fdb7b0,11006,gcind0000.global.com,2017-05-02T20:32:34.000Z,4688,ms_windows_event,security,d83f1d51-d2b1-43f3-a686-47d0835b2501#579,"{""id"":""d83f1d51-d2b1-43f3-a686-47d0835b2501#579"",""num_events"":2979,""data_type"":""passthrough"",""batch_id"":""d83f1d51-d2b1-43f3-a686-47d0835b2501"",""batch_segment"":0,""customer_id"":""lga03"",""sequence_number"":578,""source_type"":""json"",""target_index"":""""}",11006, , , , , , , , , , , , , , , , , , , , , , , , , , , , , , , , , , , , , , , , , 
microsoft-windows-security-auditing,success audit,logogc,gcculad02.global.com,127.0.0.1,MSWinEventLog	1	Security	512781	Tue May  2 11:02:29 2017	4634	Microsoft-Windows-Security-Auditing	N/A	N/A	Success Audit	gcCULAD02.global.com	Logogc		An account was logged ogc.    Subject:   Security ID:  S-1-5-21-2029550947-1910908428-336986018-31105   Account Name:  gcCULEXCH01$   Account Domain:  globalcom   Logon ID:  0x1aa4cbdc    Logon Type:   3    This event is generated when a logon session is destroyed. It may be positively correlated with a logon event using the Logon ID value. Logon IDs are only unique between reboots on the same computer.	181450455,an account was logged ogc,"auth,windows",2017-05-02T15:02:30.795Z,60971,172.22.19.16,ms_windows_event-3012490973,617,<14>May  2 11:02:29 gcCULAD02.global.com ,27946629814,0,0.0.0.0/514/tcp,2b03-681bfbab6,11011,gcculad02.global.com,2017-05-02T11:02:29.000Z,4634,ms_windows_event,security,d83f1d51-d2b1-43f3-a686-47d0835b2501#610,"{""id"":""d83f1d51-d2b1-43f3-a686-47d0835b2501#610"",""num_events"":2979,""data_type"":""passthrough"",""batch_id"":""d83f1d51-d2b1-43f3-a686-47d0835b2501"",""batch_segment"":0,""customer_id"":""lga03"",""sequence_number"":609,""source_type"":""json"",""target_index"":""""}",11011,s-1-5-21-2029550947-1910908428-336986018-31105,gcculexch01$, , , , , ,0x1aa4cbdc, , , ,globalcom, , , , , , , ,3,this event is generated when a logon session is destroyed, , , , , , , , , , , , , , , , , , , , 
microsoft-windows-security-auditing,success audit,logogc,gcbrw0000.global.com,127.0.0.1,MSWinEventLog	1	Security	796210	Tue May  2 11:02:32 2017	4634	Microsoft-Windows-Security-Auditing	N/A	N/A	Success Audit	gcBRW0000.global.com	Logogc		An account was logged ogc.    Subject:   Security ID:  S-1-5-21-2029550947-1910908428-336986018-15977   Account Name:  s.gheerow   Account Domain:  globalcom   Logon ID:  0x9F803AA    Logon Type:   3    This event is generated when a logon session is destroyed. It may be positively correlated with a logon event using the Logon ID value. Logon IDs are only unique between reboots on the same computer.	64590919,an account was logged ogc,"auth,windows",2017-05-02T15:04:30.805Z,54837,172.24.19.20,ms_windows_event-3012490973,612,<14>May  2 11:02:32 gcBRW0000.global.com ,3969010376,1,0.0.0.0/514/tcp,2b04-ec924ac8,11012,gcbrw0000.global.com,2017-05-02T11:02:32.000Z,4634,ms_windows_event,security,d83f1d51-d2b1-43f3-a686-47d0835b2501#702,"{""id"":""d83f1d51-d2b1-43f3-a686-47d0835b2501#702"",""num_events"":2979,""data_type"":""passthrough"",""batch_id"":""d83f1d51-d2b1-43f3-a686-47d0835b2501"",""batch_segment"":0,""customer_id"":""lga03"",""sequence_number"":701,""source_type"":""json"",""target_index"":""""}",11012,s-1-5-21-2029550947-1910908428-336986018-15977,s.gheerow, , , , , ,0x9f803aa, , , ,globalcom, , , , , , , ,3,this event is generated when a logon session is destroyed, , , , , , , , , , , , , , , , , , , , 
microsoft-windows-security-auditing,success audit,special logon,gcculad02.global.com,127.0.0.1,MSWinEventLog	1	Security	512784	Tue May  2 11:02:30 2017	4672	Microsoft-Windows-Security-Auditing	N/A	N/A	Success Audit	gcCULAD02.global.com	Special Logon		Special privileges assigned to new logon.    Subject:   Security ID:  S-1-5-21-2029550947-1910908428-336986018-31105   Account Name:  gcCULEXCH01$   Account Domain:  globalcom   Logon ID:  0x1aa4cc01    Privileges:  SeSecurityPrivilege	181450458,special privileges assigned to new logon,"auth,windows",2017-05-02T15:02:30.796Z,60971,172.22.19.16,ms_windows_event-2006199550,453,<14>May  2 11:02:30 gcCULAD02.global.com ,27946629817,0,0.0.0.0/514/tcp,2b03-681bfbab9,11011,gcculad02.global.com, ,4672,ms_windows_event,security,d83f1d51-d2b1-43f3-a686-47d0835b2501#842,"{""id"":""d83f1d51-d2b1-43f3-a686-47d0835b2501#842"",""num_events"":2979,""data_type"":""passthrough"",""batch_id"":""d83f1d51-d2b1-43f3-a686-47d0835b2501"",""batch_segment"":0,""customer_id"":""lga03"",""sequence_number"":841,""source_type"":""json"",""target_index"":""""}",11011,s-1-5-21-2029550947-1910908428-336986018-31105,gcculexch01$ , , , , ,sesecurityprivilege,0x1aa4cc01, , , ,globalcom, , , , , , , , , , , , , , , , , , , , , , , , , , , , , 
microsoft-windows-security-auditing,failure audit,kerberos service ticket operations,gcnyc-60-010.global.com,127.0.0.1,MSWinEventLog	3	Security	1354605	Tue May  2 11:02:29 2017	4769	Microsoft-Windows-Security-Auditing	N/A	N/A	Failure Audit	gcNYC-60-010.global.com	Kerberos Service Ticket Operations		N/A	153578585,n/a,"auth,windows",2017-05-02T15:02:30.918Z,59147,172.21.14.26,ms_windows_event-2408821607,244,<11>May  2 11:02:29 gcNYC-60-010.global.com ,27946629884,0,0.0.0.0/514/tcp,2b03-681bfbafc,11011,gcnyc-60-010.global.com,2017-05-02T11:02:29.000Z,4769,ms_windows_event,security,d83f1d51-d2b1-43f3-a686-47d0835b2501#846,"{""id"":""d83f1d51-d2b1-43f3-a686-47d0835b2501#846"",""num_events"":2979,""data_type"":""passthrough"",""batch_id"":""d83f1d51-d2b1-43f3-a686-47d0835b2501"",""batch_segment"":0,""customer_id"":""lga03"",""sequence_number"":845,""source_type"":""json"",""target_index"":""""}",11011, , , , , , , , , , , , , , , , , , , , , , , , , , , , , , , , , , , , , , , , , 
microsoft-windows-security-auditing,success audit,logogc,gcnyc-60-010.global.com,127.0.0.1,MSWinEventLog	1	Security	1354609	Tue May  2 11:02:30 2017	4634	Microsoft-Windows-Security-Auditing	N/A	N/A	Success Audit	gcNYC-60-010.global.com	Logogc		N/A	153578589,n/a,"auth,windows",2017-05-02T15:02:30.920Z,59147,172.21.14.26,ms_windows_event-1377334112,216,<14>May  2 11:02:30 gcNYC-60-010.global.com ,27946629888,0,0.0.0.0/514/tcp,2b03-681bfbb00,11011,gcnyc-60-010.global.com,2017-05-02T11:02:30.000Z,4634,ms_windows_event,security,d83f1d51-d2b1-43f3-a686-47d0835b2501#847,"{""id"":""d83f1d51-d2b1-43f3-a686-47d0835b2501#847"",""num_events"":2979,""data_type"":""passthrough"",""batch_id"":""d83f1d51-d2b1-43f3-a686-47d0835b2501"",""batch_segment"":0,""customer_id"":""lga03"",""sequence_number"":846,""source_type"":""json"",""target_index"":""""}",11011, , , , , , , , , , , , , , , , , , , , , , , , , , , , , , , , , , , , , , , , , 
microsoft-windows-security-auditing,success audit,logon,gcsmq0002.global.com,127.0.0.1,MSWinEventLog	1	Security	2131632	Tue May  2 11:02:35 2017	4624	Microsoft-Windows-Security-Auditing	N/A	N/A	Success Audit	gcSMQ0002.global.com	Logon		N/A	304321189,n/a,"auth,windows",2017-05-02T15:02:36.213Z,50165,172.21.14.21,ms_windows_event-796723568,209,<14>May  2 11:02:35 gcSMQ0002.global.com ,27946632721,0,0.0.0.0/514/tcp,2b03-681bfc611,11011,gcsmq0002.global.com,2017-05-02T11:02:35.000Z,4624,ms_windows_event,security,d83f1d51-d2b1-43f3-a686-47d0835b2501#955,"{""id"":""d83f1d51-d2b1-43f3-a686-47d0835b2501#955"",""num_events"":2968,""data_type"":""passthrough"",""batch_id"":""d83f1d51-d2b1-43f3-a686-47d0835b2501"",""batch_segment"":0,""customer_id"":""lga03"",""sequence_number"":954,""source_type"":""json"",""target_index"":""""}",11011, , , , , , , , , , , , , , , , , , , , , , , , , , , , , , , , , , , , , , , , , 
microsoft-windows-security-auditing,success audit,logon,gcsmq0002.global.com,127.0.0.1,MSWinEventLog	1	Security	2131636	Tue May  2 11:02:35 2017	4624	Microsoft-Windows-Security-Auditing	N/A	N/A	Success Audit	gcSMQ0002.global.com	Logon		N/A	304321193,n/a,"auth,windows",2017-05-02T15:02:36.215Z,50165,172.21.14.21,ms_windows_event-796723568,209,<14>May  2 11:02:35 gcSMQ0002.global.com ,27946632725,0,0.0.0.0/514/tcp,2b03-681bfc615,11011,gcsmq0002.global.com,2017-05-02T11:02:35.000Z,4624,ms_windows_event,security,d83f1d51-d2b1-43f3-a686-47d0835b2501#956,"{""id"":""d83f1d51-d2b1-43f3-a686-47d0835b2501#956"",""num_events"":2968,""data_type"":""passthrough"",""batch_id"":""d83f1d51-d2b1-43f3-a686-47d0835b2501"",""batch_segment"":0,""customer_id"":""lga03"",""sequence_number"":955,""source_type"":""json"",""target_index"":""""}",11011, , , , , , , , , , , , , , , , , , , , , , , , , , , , , , , , , , , , , , , , , 
microsoft-windows-security-auditing,success audit,logogc,gcsmq0002.global.com,127.0.0.1,MSWinEventLog	1	Security	2131642	Tue May  2 11:02:35 2017	4634	Microsoft-Windows-Security-Auditing	N/A	N/A	Success Audit	gcSMQ0002.global.com	Logogc		N/A	304321199,n/a,"auth,windows",2017-05-02T15:02:36.218Z,50165,172.21.14.21,ms_windows_event-1377334112,210,<14>May  2 11:02:35 gcSMQ0002.global.com ,27946632731,0,0.0.0.0/514/tcp,2b03-681bfc61b,11011,gcsmq0002.global.com,2017-05-02T11:02:35.000Z,4634,ms_windows_event,security,d83f1d51-d2b1-43f3-a686-47d0835b2501#957,"{""id"":""d83f1d51-d2b1-43f3-a686-47d0835b2501#957"",""num_events"":2968,""data_type"":""passthrough"",""batch_id"":""d83f1d51-d2b1-43f3-a686-47d0835b2501"",""batch_segment"":0,""customer_id"":""lga03"",""sequence_number"":956,""source_type"":""json"",""target_index"":""""}",11011, , , , , , , , , , , , , , , , , , , , , , , , , , , , , , , , , , , , , , , , , 
microsoft-windows-security-auditing,success audit,logon,gcsmq0002.global.com,127.0.0.1,MSWinEventLog	1	Security	2131648	Tue May  2 11:02:35 2017	4624	Microsoft-Windows-Security-Auditing	N/A	N/A	Success Audit	gcSMQ0002.global.com	Logon		N/A	304321205,n/a,"auth,windows",2017-05-02T15:02:36.225Z,50165,172.21.14.21,ms_windows_event-796723568,209,<14>May  2 11:02:35 gcSMQ0002.global.com ,27946632737,0,0.0.0.0/514/tcp,2b03-681bfc621,11011,gcsmq0002.global.com,2017-05-02T11:02:35.000Z,4624,ms_windows_event,security,d83f1d51-d2b1-43f3-a686-47d0835b2501#958,"{""id"":""d83f1d51-d2b1-43f3-a686-47d0835b2501#958"",""num_events"":2968,""data_type"":""passthrough"",""batch_id"":""d83f1d51-d2b1-43f3-a686-47d0835b2501"",""batch_segment"":0,""customer_id"":""lga03"",""sequence_number"":957,""source_type"":""json"",""target_index"":""""}",11011, , , , , , , , , , , , , , , , , , , , , , , , , , , , , , , , , , , , , , , , , 
microsoft-windows-security-auditing,success audit,logogc,gcsmq0002.global.com,127.0.0.1,MSWinEventLog	1	Security	2131653	Tue May  2 11:02:35 2017	4634	Microsoft-Windows-Security-Auditing	N/A	N/A	Success Audit	gcSMQ0002.global.com	Logogc		N/A	304321210,n/a,"auth,windows",2017-05-02T15:02:36.225Z,50165,172.21.14.21,ms_windows_event-1377334112,210,<14>May  2 11:02:35 gcSMQ0002.global.com ,27946632742,0,0.0.0.0/514/tcp,2b03-681bfc626,11011,gcsmq0002.global.com,2017-05-02T11:02:35.000Z,4634,ms_windows_event,security,d83f1d51-d2b1-43f3-a686-47d0835b2501#959,"{""id"":""d83f1d51-d2b1-43f3-a686-47d0835b2501#959"",""num_events"":2968,""data_type"":""passthrough"",""batch_id"":""d83f1d51-d2b1-43f3-a686-47d0835b2501"",""batch_segment"":0,""customer_id"":""lga03"",""sequence_number"":958,""source_type"":""json"",""target_index"":""""}",11011, , , , , , , , , , , , , , , , , , , , , , , , , , , , , , , , , , , , , , , , , 
microsoft-windows-security-auditing,success audit,logogc,gcsmq0002.global.com,127.0.0.1,MSWinEventLog	1	Security	2131667	Tue May  2 11:02:35 2017	4634	Microsoft-Windows-Security-Auditing	N/A	N/A	Success Audit	gcSMQ0002.global.com	Logogc		N/A	304321224,n/a,"auth,windows",2017-05-02T15:02:36.230Z,50165,172.21.14.21,ms_windows_event-1377334112,210,<14>May  2 11:02:35 gcSMQ0002.global.com ,27946632756,0,0.0.0.0/514/tcp,2b03-681bfc634,11011,gcsmq0002.global.com,2017-05-02T11:02:35.000Z,4634,ms_windows_event,security,d83f1d51-d2b1-43f3-a686-47d0835b2501#962,"{""id"":""d83f1d51-d2b1-43f3-a686-47d0835b2501#962"",""num_events"":2968,""data_type"":""passthrough"",""batch_id"":""d83f1d51-d2b1-43f3-a686-47d0835b2501"",""batch_segment"":0,""customer_id"":""lga03"",""sequence_number"":961,""source_type"":""json"",""target_index"":""""}",11011, , , , , , , , , , , , , , , , , , , , , , , , , , , , , , , , , , , , , , , , , 
microsoft-windows-security-auditing,success audit,n/a,gcsmq0002.global.com,127.0.0.1,MSWinEventLog	1	Security	2131674	Tue May  2 11:02:35 2017	4662	Microsoft-Windows-Security-Auditing	N/A	N/A	Success Audit	gcSMQ0002.global.com	N/A		N/A	304321231,n/a,"auth,windows",2017-05-02T15:02:36.234Z,50165,172.21.14.21,ms_windows_event-2494768146,207,<14>May  2 11:02:35 gcSMQ0002.global.com ,27946632763,0,0.0.0.0/514/tcp,2b03-681bfc63b,11011,gcsmq0002.global.com,2017-05-02T11:02:35.000Z,4662,ms_windows_event,security,d83f1d51-d2b1-43f3-a686-47d0835b2501#964,"{""id"":""d83f1d51-d2b1-43f3-a686-47d0835b2501#964"",""num_events"":2968,""data_type"":""passthrough"",""batch_id"":""d83f1d51-d2b1-43f3-a686-47d0835b2501"",""batch_segment"":0,""customer_id"":""lga03"",""sequence_number"":963,""source_type"":""json"",""target_index"":""""}",11011, , , , , , , , , , , , , , , , , , , , , , , , , , , , , , , , , , , , , , , , , 
microsoft-windows-security-auditing,success audit,logon,gcsmq0002.global.com,127.0.0.1,MSWinEventLog	1	Security	2131677	Tue May  2 11:02:35 2017	4624	Microsoft-Windows-Security-Auditing	N/A	N/A	Success Audit	gcSMQ0002.global.com	Logon		N/A	304321234,n/a,"auth,windows",2017-05-02T15:02:36.234Z,50165,172.21.14.21,ms_windows_event-796723568,209,<14>May  2 11:02:35 gcSMQ0002.global.com ,27946632766,0,0.0.0.0/514/tcp,2b03-681bfc63e,11011,gcsmq0002.global.com,2017-05-02T11:02:35.000Z,4624,ms_windows_event,security,d83f1d51-d2b1-43f3-a686-47d0835b2501#965,"{""id"":""d83f1d51-d2b1-43f3-a686-47d0835b2501#965"",""num_events"":2968,""data_type"":""passthrough"",""batch_id"":""d83f1d51-d2b1-43f3-a686-47d0835b2501"",""batch_segment"":0,""customer_id"":""lga03"",""sequence_number"":964,""source_type"":""json"",""target_index"":""""}",11011, , , , , , , , , , , , , , , , , , , , , , , , , , , , , , , , , , , , , , , , , 
microsoft-windows-security-auditing,success audit,logon,gcsmq0002.global.com,127.0.0.1,MSWinEventLog	1	Security	2131679	Tue May  2 11:02:35 2017	4624	Microsoft-Windows-Security-Auditing	N/A	N/A	Success Audit	gcSMQ0002.global.com	Logon		N/A	304321236,n/a,"auth,windows",2017-05-02T15:02:36.234Z,50165,172.21.14.21,ms_windows_event-796723568,209,<14>May  2 11:02:35 gcSMQ0002.global.com ,27946632768,0,0.0.0.0/514/tcp,2b03-681bfc640,11011,gcsmq0002.global.com,2017-05-02T11:02:35.000Z,4624,ms_windows_event,security,d83f1d51-d2b1-43f3-a686-47d0835b2501#966,"{""id"":""d83f1d51-d2b1-43f3-a686-47d0835b2501#966"",""num_events"":2968,""data_type"":""passthrough"",""batch_id"":""d83f1d51-d2b1-43f3-a686-47d0835b2501"",""batch_segment"":0,""customer_id"":""lga03"",""sequence_number"":965,""source_type"":""json"",""target_index"":""""}",11011, , , , , , , , , , , , , , , , , , , , , , , , , , , , , , , , , , , , , , , , , 
microsoft-windows-security-auditing,success audit,logon,gcsmq0002.global.com,127.0.0.1,MSWinEventLog	1	Security	2131682	Tue May  2 11:02:35 2017	4624	Microsoft-Windows-Security-Auditing	N/A	N/A	Success Audit	gcSMQ0002.global.com	Logon		N/A	304321239,n/a,"auth,windows",2017-05-02T15:02:36.244Z,50165,172.21.14.21,ms_windows_event-796723568,209,<14>May  2 11:02:35 gcSMQ0002.global.com ,27946632771,0,0.0.0.0/514/tcp,2b03-681bfc643,11011,gcsmq0002.global.com,2017-05-02T11:02:35.000Z,4624,ms_windows_event,security,d83f1d51-d2b1-43f3-a686-47d0835b2501#967,"{""id"":""d83f1d51-d2b1-43f3-a686-47d0835b2501#967"",""num_events"":2968,""data_type"":""passthrough"",""batch_id"":""d83f1d51-d2b1-43f3-a686-47d0835b2501"",""batch_segment"":0,""customer_id"":""lga03"",""sequence_number"":966,""source_type"":""json"",""target_index"":""""}",11011, , , , , , , , , , , , , , , , , , , , , , , , , , , , , , , , , , , , , , , , , 
microsoft-windows-security-auditing,failure audit,kerberos service ticket operations,gcsmq0000.global.com,127.0.0.1,MSWinEventLog	3	Security	1629849	Tue May  2 11:02:35 2017	4769	Microsoft-Windows-Security-Auditing	N/A	N/A	Failure Audit	gcSMQ0000.global.com	Kerberos Service Ticket Operations		N/A	186394938,n/a,"auth,windows",2017-05-02T15:02:36.615Z,51131,172.21.14.20,ms_windows_event-2408821607,238,<11>May  2 11:02:35 gcSMQ0000.global.com ,27946632861,0,0.0.0.0/514/tcp,2b03-681bfc69d,11011,gcsmq0000.global.com,2017-05-02T11:02:35.000Z,4769,ms_windows_event,security,d83f1d51-d2b1-43f3-a686-47d0835b2501#979,"{""id"":""d83f1d51-d2b1-43f3-a686-47d0835b2501#979"",""num_events"":2968,""data_type"":""passthrough"",""batch_id"":""d83f1d51-d2b1-43f3-a686-47d0835b2501"",""batch_segment"":0,""customer_id"":""lga03"",""sequence_number"":978,""source_type"":""json"",""target_index"":""""}",11011, , , , , , , , , , , , , , , , , , , , , , , , , , , , , , , , , , , , , , , , , 
microsoft-windows-security-auditing,success audit,n/a,gcsmq0002.global.com,127.0.0.1,MSWinEventLog	1	Security	2131487	Tue May  2 11:02:29 2017	4662	Microsoft-Windows-Security-Auditing	N/A	N/A	Success Audit	gcSMQ0002.global.com	N/A		N/A	304321044,n/a,"auth,windows",2017-05-02T15:02:31.168Z,50165,172.21.14.21,ms_windows_event-2494768146,207,<14>May  2 11:02:29 gcSMQ0002.global.com ,27946630027,0,0.0.0.0/514/tcp,2b03-681bfbb8b,11011,gcsmq0002.global.com,2017-05-02T11:02:29.000Z,4662,ms_windows_event,security,d83f1d51-d2b1-43f3-a686-47d0835b2501#1011,"{""id"":""d83f1d51-d2b1-43f3-a686-47d0835b2501#1011"",""num_events"":2968,""data_type"":""passthrough"",""batch_id"":""d83f1d51-d2b1-43f3-a686-47d0835b2501"",""batch_segment"":0,""customer_id"":""lga03"",""sequence_number"":1010,""source_type"":""json"",""target_index"":""""}",11011, , , , , , , , , , , , , , , , , , , , , , , , , , , , , , , , , , , , , , , , , 
microsoft-windows-security-auditing,success audit,logon,gcegy0000.global.com,127.0.0.1,MSWinEventLog	1	Security	139715	Tue May  2 17:02:27 2017	4624	Microsoft-Windows-Security-Auditing	N/A	N/A	Success Audit	gcEGY0000.global.com	Logon		N/A	18650886,n/a,"auth,windows",2017-05-02T15:02:29.118Z,51416,172.20.40.22,ms_windows_event-796723568,207,<14>May  2 17:02:27 gcEGY0000.global.com ,192247970,1,0.0.0.0/514/tcp,2afc-b7578a2,11004,gcegy0000.global.com,2017-05-02T17:02:27.000Z,4624,ms_windows_event,security,d83f1d51-d2b1-43f3-a686-47d0835b2501#1120,"{""id"":""d83f1d51-d2b1-43f3-a686-47d0835b2501#1120"",""num_events"":2958,""data_type"":""passthrough"",""batch_id"":""d83f1d51-d2b1-43f3-a686-47d0835b2501"",""batch_segment"":0,""customer_id"":""lga03"",""sequence_number"":1119,""source_type"":""json"",""target_index"":""""}",11004, , , , , , , , , , , , , , , , , , , , , , , , , , , , , , , , , , , , , , , , , 
microsoft-windows-security-auditing,success audit,logogc,gcbra0000.global.com,127.0.0.1,MSWinEventLog	1	Security	99010	Tue May  2 12:02:36 2017	4634	Microsoft-Windows-Security-Auditing	N/A	N/A	Success Audit	gcBRA0000.global.com	Logogc		N/A	19816085,n/a,"auth,windows",2017-05-02T15:02:36.718Z,64485,172.20.36.22,ms_windows_event-1377334112,207,<14>May  2 12:02:36 gcBRA0000.global.com ,6500393938,1,0.0.0.0/514/tcp,2af9-1837423d2,11001,gcbra0000.global.com,2017-05-02T12:02:36.000Z,4634,ms_windows_event,security,d83f1d51-d2b1-43f3-a686-47d0835b2501#1509,"{""id"":""d83f1d51-d2b1-43f3-a686-47d0835b2501#1509"",""num_events"":2911,""data_type"":""passthrough"",""batch_id"":""d83f1d51-d2b1-43f3-a686-47d0835b2501"",""batch_segment"":0,""customer_id"":""lga03"",""sequence_number"":1508,""source_type"":""json"",""target_index"":""""}",11001, , , , , , , , , , , , , , , , , , , , , , , , , , , , , , , , , , , , , , , , , 
microsoft-windows-security-auditing,failure audit,kerberos service ticket operations,gcsmq0000.global.com,127.0.0.1,MSWinEventLog	3	Security	1629886	Tue May  2 11:02:37 2017	4769	Microsoft-Windows-Security-Auditing	N/A	N/A	Failure Audit	gcSMQ0000.global.com	Kerberos Service Ticket Operations		N/A	186394975,n/a,"auth,windows",2017-05-02T15:02:37.626Z,51131,172.21.14.20,ms_windows_event-2408821607,238,<11>May  2 11:02:37 gcSMQ0000.global.com ,27946632982,0,0.0.0.0/514/tcp,2b03-681bfc716,11011,gcsmq0000.global.com,2017-05-02T11:02:37.000Z,4769,ms_windows_event,security,d83f1d51-d2b1-43f3-a686-47d0835b2501#1558,"{""id"":""d83f1d51-d2b1-43f3-a686-47d0835b2501#1558"",""num_events"":2909,""data_type"":""passthrough"",""batch_id"":""d83f1d51-d2b1-43f3-a686-47d0835b2501"",""batch_segment"":0,""customer_id"":""lga03"",""sequence_number"":1557,""source_type"":""json"",""target_index"":""""}",11011, , , , , , , , , , , , , , , , , , , , , , , , , , , , , , , , , , , , , , , , , 
microsoft-windows-security-auditing,success audit,logon,gcsmq0002.global.com,127.0.0.1,MSWinEventLog	1	Security	2131695	Tue May  2 11:02:36 2017	4624	Microsoft-Windows-Security-Auditing	N/A	N/A	Success Audit	gcSMQ0002.global.com	Logon		N/A	304321252,n/a,"auth,windows",2017-05-02T15:02:37.246Z,50165,172.21.14.21,ms_windows_event-796723568,209,<14>May  2 11:02:36 gcSMQ0002.global.com ,27946632914,0,0.0.0.0/514/tcp,2b03-681bfc6d2,11011,gcsmq0002.global.com,2017-05-02T11:02:36.000Z,4624,ms_windows_event,security,d83f1d51-d2b1-43f3-a686-47d0835b2501#1576,"{""id"":""d83f1d51-d2b1-43f3-a686-47d0835b2501#1576"",""num_events"":2909,""data_type"":""passthrough"",""batch_id"":""d83f1d51-d2b1-43f3-a686-47d0835b2501"",""batch_segment"":0,""customer_id"":""lga03"",""sequence_number"":1575,""source_type"":""json"",""target_index"":""""}",11011, , , , , , , , , , , , , , , , , , , , , , , , , , , , , , , , , , , , , , , , , 
microsoft-windows-security-auditing,success audit,logogc,gcsmq0002.global.com,127.0.0.1,MSWinEventLog	1	Security	2131699	Tue May  2 11:02:36 2017	4634	Microsoft-Windows-Security-Auditing	N/A	N/A	Success Audit	gcSMQ0002.global.com	Logogc		N/A	304321256,n/a,"auth,windows",2017-05-02T15:02:37.247Z,50165,172.21.14.21,ms_windows_event-1377334112,210,<14>May  2 11:02:36 gcSMQ0002.global.com ,27946632918,0,0.0.0.0/514/tcp,2b03-681bfc6d6,11011,gcsmq0002.global.com,2017-05-02T11:02:36.000Z,4634,ms_windows_event,security,d83f1d51-d2b1-43f3-a686-47d0835b2501#1577,"{""id"":""d83f1d51-d2b1-43f3-a686-47d0835b2501#1577"",""num_events"":2909,""data_type"":""passthrough"",""batch_id"":""d83f1d51-d2b1-43f3-a686-47d0835b2501"",""batch_segment"":0,""customer_id"":""lga03"",""sequence_number"":1576,""source_type"":""json"",""target_index"":""""}",11011, , , , , , , , , , , , , , , , , , , , , , , , , , , , , , , , , , , , , , , , , 
microsoft-windows-security-auditing,success audit,logon,gcsmq0601.global.com,127.0.0.1,"MSWinEventLog	1	Security	3424914	Tue May  2 11:02:35 2017	4624	Microsoft-Windows-Security-Auditing	N/A	N/A	Success Audit	gcsmq0601.global.com	Logon		An account was successfully logged on.    Subject:   Security ID:  S-1-0-0   Account Name:  -   Account Domain:  -   Logon ID:  0x0    Logon Type:   3    New Logon:   Security ID:  S-1-5-21-2029550947-1910908428-336986018-38176   Account Name:  COLLT5533$   Account Domain:  globalcom   Logon ID:  0x1b5f16ba   Logon GUID:  {6DD68137-D84E-407F-3EED-7C9BF561990E}    Process Information:   Process ID:  0x0   Process Name:  -    Network Information:   Workstation Name:    Source Network Address: 172.21.215.133   Source Port:  50905    Detailed Authentication Information:   Logon Process:  Kerberos   Authentication Package: Kerberos   Transited Services: -   Package Name (NTLM only): -   Key Length:  0    This event is generated when a logon session is created. It is generated on the computer that was accessed.    The subject fields indicate the account on the local system which requested the logon. This is most commonly a service such as the Server service, or a local process such as Winlogon.exe or Services.exe.    The logon type field indicates the kind of logon that occurred. The most common types are 2 (interactive) and 3 (network).    The New Logon fields indicate the account for whom the new logon was created, i.e. the account that was logged on.    The network fields indicate where a remote logon request originated. Workstation name is not always available and may be left blank in some cases.    The authentication information fields provide detailed information about this specific logon request.   - Logon GUID is a unique identifier that can be used to correlate this event with a KDC event.   - Transited services indicate which intermediate services have participated in this logon request.   - Package name indicates which sub-protocol was used among the NTLM protocols.   - Key length indicates the length of the generated session key. This will be 0 if no session key was requested.	1445129805",an account was successfully logged on,"auth,windows",2017-05-02T15:02:37.289Z,49941,172.21.19.25,ms_windows_event-3795724934,2127,<14>May  2 11:02:35 gcsmq0601.global.com ,27946632922,0,0.0.0.0/514/tcp,2b03-681bfc6da,11011,gcsmq0601.global.com,2017-05-02T11:02:35.000Z,4624,ms_windows_event,security,d83f1d51-d2b1-43f3-a686-47d0835b2501#1578,"{""id"":""d83f1d51-d2b1-43f3-a686-47d0835b2501#1578"",""num_events"":2909,""data_type"":""passthrough"",""batch_id"":""d83f1d51-d2b1-43f3-a686-47d0835b2501"",""batch_segment"":0,""customer_id"":""lga03"",""sequence_number"":1577,""source_type"":""json"",""target_index"":""""}",11011,s-1-5-21-2029550947-1910908428-336986018-38176,collt5533$, , ,0x0,-, ,0x1b5f16ba, , , ,globalcom, ,50905,172.21.215.133, , ,private ip address lan,rsv,3,this event is generated when a logon session is created, ,,kerberos,"[""1.1.1521""]", , , , , , , , , , , , , , , , 
microsoft-windows-security-auditing,success audit,logogc,gcsmq0601.global.com,127.0.0.1,MSWinEventLog	1	Security	3424924	Tue May  2 11:02:35 2017	4634	Microsoft-Windows-Security-Auditing	N/A	N/A	Success Audit	gcsmq0601.global.com	Logogc		An account was logged ogc.    Subject:   Security ID:  S-1-5-21-2029550947-1910908428-336986018-41777   Account Name:  COLLT5532$   Account Domain:  globalcom   Logon ID:  0x1b5f1840    Logon Type:   3    This event is generated when a logon session is destroyed. It may be positively correlated with a logon event using the Logon ID value. Logon IDs are only unique between reboots on the same computer.	1445129815,an account was logged ogc,"auth,windows",2017-05-02T15:02:37.293Z,49941,172.21.19.25,ms_windows_event-3012490973,617,<14>May  2 11:02:35 gcsmq0601.global.com ,27946632926,0,0.0.0.0/514/tcp,2b03-681bfc6de,11011,gcsmq0601.global.com,2017-05-02T11:02:35.000Z,4634,ms_windows_event,security,d83f1d51-d2b1-43f3-a686-47d0835b2501#1579,"{""id"":""d83f1d51-d2b1-43f3-a686-47d0835b2501#1579"",""num_events"":2909,""data_type"":""passthrough"",""batch_id"":""d83f1d51-d2b1-43f3-a686-47d0835b2501"",""batch_segment"":0,""customer_id"":""lga03"",""sequence_number"":1578,""source_type"":""json"",""target_index"":""""}",11011,s-1-5-21-2029550947-1910908428-336986018-41777,collt5532$, , , , , ,0x1b5f1840, , , ,globalcom, , , , , , , ,3,this event is generated when a logon session is destroyed, , , , , , , , , , , , , , , , , , , , 
microsoft-windows-security-auditing,success audit,logogc,gcnyc-60-010.global.com,127.0.0.1,MSWinEventLog	1	Security	1354635	Tue May  2 11:02:36 2017	4634	Microsoft-Windows-Security-Auditing	N/A	N/A	Success Audit	gcNYC-60-010.global.com	Logogc		N/A	153578615,n/a,"auth,windows",2017-05-02T15:02:37.918Z,59147,172.21.14.26,ms_windows_event-1377334112,216,<14>May  2 11:02:36 gcNYC-60-010.global.com ,27946633026,0,0.0.0.0/514/tcp,2b03-681bfc742,11011,gcnyc-60-010.global.com,2017-05-02T11:02:36.000Z,4634,ms_windows_event,security,d83f1d51-d2b1-43f3-a686-47d0835b2501#1583,"{""id"":""d83f1d51-d2b1-43f3-a686-47d0835b2501#1583"",""num_events"":2909,""data_type"":""passthrough"",""batch_id"":""d83f1d51-d2b1-43f3-a686-47d0835b2501"",""batch_segment"":0,""customer_id"":""lga03"",""sequence_number"":1582,""source_type"":""json"",""target_index"":""""}",11011, , , , , , , , , , , , , , , , , , , , , , , , , , , , , , , , , , , , , , , , , 
microsoft-windows-security-auditing,success audit,logogc,gcnyc-60-010.global.com,127.0.0.1,MSWinEventLog	1	Security	1354638	Tue May  2 11:02:36 2017	4634	Microsoft-Windows-Security-Auditing	N/A	N/A	Success Audit	gcNYC-60-010.global.com	Logogc		N/A	153578618,n/a,"auth,windows",2017-05-02T15:02:37.920Z,59147,172.21.14.26,ms_windows_event-1377334112,216,<14>May  2 11:02:36 gcNYC-60-010.global.com ,27946633029,0,0.0.0.0/514/tcp,2b03-681bfc745,11011,gcnyc-60-010.global.com,2017-05-02T11:02:36.000Z,4634,ms_windows_event,security,d83f1d51-d2b1-43f3-a686-47d0835b2501#1584,"{""id"":""d83f1d51-d2b1-43f3-a686-47d0835b2501#1584"",""num_events"":2909,""data_type"":""passthrough"",""batch_id"":""d83f1d51-d2b1-43f3-a686-47d0835b2501"",""batch_segment"":0,""customer_id"":""lga03"",""sequence_number"":1583,""source_type"":""json"",""target_index"":""""}",11011, , , , , , , , , , , , , , , , , , , , , , , , , , , , , , , , , , , , , , , , , 
microsoft-windows-security-auditing,success audit,logogc,gcbrw0000.global.com,127.0.0.1,MSWinEventLog	1	Security	796242	Tue May  2 11:02:35 2017	4634	Microsoft-Windows-Security-Auditing	N/A	N/A	Success Audit	gcBRW0000.global.com	Logogc		An account was logged ogc.    Subject:   Security ID:  S-1-5-21-2029550947-1910908428-336986018-39703   Account Name:  NYCLT5367C$   Account Domain:  globalcom   Logon ID:  0x9F80887    Logon Type:   3    This event is generated when a logon session is destroyed. It may be positively correlated with a logon event using the Logon ID value. Logon IDs are only unique between reboots on the same computer.	64590951,an account was logged ogc,"auth,windows",2017-05-02T15:04:34.821Z,54837,172.24.19.20,ms_windows_event-3012490973,614,<14>May  2 11:02:35 gcBRW0000.global.com ,3969012120,1,0.0.0.0/514/tcp,2b04-ec925198,11012,gcbrw0000.global.com,2017-05-02T11:02:35.000Z,4634,ms_windows_event,security,d83f1d51-d2b1-43f3-a686-47d0835b2501#1594,"{""id"":""d83f1d51-d2b1-43f3-a686-47d0835b2501#1594"",""num_events"":2909,""data_type"":""passthrough"",""batch_id"":""d83f1d51-d2b1-43f3-a686-47d0835b2501"",""batch_segment"":0,""customer_id"":""lga03"",""sequence_number"":1593,""source_type"":""json"",""target_index"":""""}",11012,s-1-5-21-2029550947-1910908428-336986018-39703,nyclt5367c$, , , , , ,0x9f80887, , , ,globalcom, , , , , , , ,3,this event is generated when a logon session is destroyed, , , , , , , , , , , , , , , , , , , , 
microsoft-windows-security-auditing,success audit,logogc,gcsmq0002.global.com,127.0.0.1,MSWinEventLog	1	Security	2131483	Tue May  2 11:02:29 2017	4634	Microsoft-Windows-Security-Auditing	N/A	N/A	Success Audit	gcSMQ0002.global.com	Logogc		N/A	304321040,n/a,"auth,windows",2017-05-02T15:02:31.166Z,50165,172.21.14.21,ms_windows_event-1377334112,210,<14>May  2 11:02:29 gcSMQ0002.global.com ,27946630022,0,0.0.0.0/514/tcp,2b03-681bfbb86,11011,gcsmq0002.global.com,2017-05-02T11:02:29.000Z,4634,ms_windows_event,security,d83f1d51-d2b1-43f3-a686-47d0835b2501#1633,"{""id"":""d83f1d51-d2b1-43f3-a686-47d0835b2501#1633"",""num_events"":2899,""data_type"":""passthrough"",""batch_id"":""d83f1d51-d2b1-43f3-a686-47d0835b2501"",""batch_segment"":0,""customer_id"":""lga03"",""sequence_number"":1632,""source_type"":""json"",""target_index"":""""}",11011, , , , , , , , , , , , , , , , , , , , , , , , , , , , , , , , , , , , , , , , , 
microsoft-windows-security-auditing,success audit,logon,gcsmq0002.global.com,127.0.0.1,MSWinEventLog	1	Security	2131490	Tue May  2 11:02:29 2017	4624	Microsoft-Windows-Security-Auditing	N/A	N/A	Success Audit	gcSMQ0002.global.com	Logon		N/A	304321047,n/a,"auth,windows",2017-05-02T15:02:31.168Z,50165,172.21.14.21,ms_windows_event-796723568,209,<14>May  2 11:02:29 gcSMQ0002.global.com ,27946630030,0,0.0.0.0/514/tcp,2b03-681bfbb8e,11011,gcsmq0002.global.com,2017-05-02T11:02:29.000Z,4624,ms_windows_event,security,d83f1d51-d2b1-43f3-a686-47d0835b2501#1635,"{""id"":""d83f1d51-d2b1-43f3-a686-47d0835b2501#1635"",""num_events"":2899,""data_type"":""passthrough"",""batch_id"":""d83f1d51-d2b1-43f3-a686-47d0835b2501"",""batch_segment"":0,""customer_id"":""lga03"",""sequence_number"":1634,""source_type"":""json"",""target_index"":""""}",11011, , , , , , , , , , , , , , , , , , , , , , , , , , , , , , , , , , , , , , , , , 
