microsoft-windows-security-auditing,success audit,other object access events,gcbra0400.global.com,127.0.0.1,MSWinEventLog	1	Security	566900	Tue May  2 12:02:46 2017	4656	Microsoft-Windows-Security-Auditing	N/A	N/A	Success Audit	gcBRA0400.global.com	Other Object Access Events		A handle to an object was requested.    Subject:   Security ID:  S-1-5-18   Account Name:  gcBRA0400$   Account Domain:  globalcom   Logon ID:  0x3e7    Object:   Object Server:  PlugPlayManager   Object Type:  Security   Object Name:  PlugPlaySecurityObject   Handle ID:  0x0    Process Information:   Process ID:  0x2dc   Process Name:  C:\Windows\System32\svchost.exe    Access Request Information:   Transaction ID:  {00000000-0000-0000-0000-000000000000}   Accesses:  Unknown specific access (bit 1)         Access Reasons:  -   Access Mask:  0x2   Privileges Used for Access Check: -   Restricted SID Count: 0	457188777,a handle to an object was requested,"auth,windows",2017-05-02T15:02:46.157Z,50311,172.20.36.23,ms_windows_event-1655484026,846,<14>May  2 12:02:46 gcBRA0400.global.com ,6500394587,1,0.0.0.0/514/tcp,2af9-18374265b,11001,gcbra0400.global.com, ,4656,ms_windows_event,security,58565d1f-8eba-45c1-b5a1-b3824a45aedf#2057,"{""id"":""58565d1f-8eba-45c1-b5a1-b3824a45aedf#2057"",""num_events"":2767,""data_type"":""passthrough"",""batch_id"":""58565d1f-8eba-45c1-b5a1-b3824a45aedf"",""batch_segment"":0,""customer_id"":""lga03"",""sequence_number"":2056,""source_type"":""json"",""target_index"":""""}",11001,s-1-5-18,gcbra0400$,{00000000-0000-0000-0000-000000000000},plugplaymanager,0x2dc,c:\windows\system32\svchost.exe,-,0x3e7,unknown specific access (bit 1)         access reasons:  -,0,plugplaysecurityobject,globalcom, , , , , , , , , , , , , , , , , , , , , , , , , , , , , 
microsoft-windows-security-auditing,success audit,other object access events,gcbra0400.global.com,127.0.0.1,MSWinEventLog	1	Security	566920	Tue May  2 12:02:46 2017	4656	Microsoft-Windows-Security-Auditing	N/A	N/A	Success Audit	gcBRA0400.global.com	Other Object Access Events		A handle to an object was requested.    Subject:   Security ID:  S-1-5-18   Account Name:  gcBRA0400$   Account Domain:  globalcom   Logon ID:  0x3e7    Object:   Object Server:  PlugPlayManager   Object Type:  Security   Object Name:  PlugPlaySecurityObject   Handle ID:  0x0    Process Information:   Process ID:  0x2dc   Process Name:  C:\Windows\System32\svchost.exe    Access Request Information:   Transaction ID:  {00000000-0000-0000-0000-000000000000}   Accesses:  Unknown specific access (bit 1)         Access Reasons:  -   Access Mask:  0x2   Privileges Used for Access Check: -   Restricted SID Count: 0	457188797,a handle to an object was requested,"auth,windows",2017-05-02T15:02:46.169Z,50311,172.20.36.23,ms_windows_event-1655484026,846,<14>May  2 12:02:46 gcBRA0400.global.com ,6500394607,1,0.0.0.0/514/tcp,2af9-18374266f,11001,gcbra0400.global.com, ,4656,ms_windows_event,security,58565d1f-8eba-45c1-b5a1-b3824a45aedf#2059,"{""id"":""58565d1f-8eba-45c1-b5a1-b3824a45aedf#2059"",""num_events"":2767,""data_type"":""passthrough"",""batch_id"":""58565d1f-8eba-45c1-b5a1-b3824a45aedf"",""batch_segment"":0,""customer_id"":""lga03"",""sequence_number"":2058,""source_type"":""json"",""target_index"":""""}",11001,s-1-5-18,gcbra0400$,{00000000-0000-0000-0000-000000000000},plugplaymanager,0x2dc,c:\windows\system32\svchost.exe,-,0x3e7,unknown specific access (bit 1)         access reasons:  -,0,plugplaysecurityobject,globalcom, , , , , , , , , , , , , , , , , , , , , , , , , , , , , 
microsoft-windows-security-auditing,success audit,other object access events,gcbra0400.global.com,127.0.0.1,MSWinEventLog	1	Security	566946	Tue May  2 12:02:46 2017	4656	Microsoft-Windows-Security-Auditing	N/A	N/A	Success Audit	gcBRA0400.global.com	Other Object Access Events		A handle to an object was requested.    Subject:   Security ID:  S-1-5-18   Account Name:  gcBRA0400$   Account Domain:  globalcom   Logon ID:  0x3e7    Object:   Object Server:  PlugPlayManager   Object Type:  Security   Object Name:  PlugPlaySecurityObject   Handle ID:  0x0    Process Information:   Process ID:  0x2dc   Process Name:  C:\Windows\System32\svchost.exe    Access Request Information:   Transaction ID:  {00000000-0000-0000-0000-000000000000}   Accesses:  Unknown specific access (bit 1)         Access Reasons:  -   Access Mask:  0x2   Privileges Used for Access Check: -   Restricted SID Count: 0	457188823,a handle to an object was requested,"auth,windows",2017-05-02T15:02:46.183Z,50311,172.20.36.23,ms_windows_event-1655484026,846,<14>May  2 12:02:46 gcBRA0400.global.com ,6500394633,1,0.0.0.0/514/tcp,2af9-183742689,11001,gcbra0400.global.com, ,4656,ms_windows_event,security,58565d1f-8eba-45c1-b5a1-b3824a45aedf#2062,"{""id"":""58565d1f-8eba-45c1-b5a1-b3824a45aedf#2062"",""num_events"":2767,""data_type"":""passthrough"",""batch_id"":""58565d1f-8eba-45c1-b5a1-b3824a45aedf"",""batch_segment"":0,""customer_id"":""lga03"",""sequence_number"":2061,""source_type"":""json"",""target_index"":""""}",11001,s-1-5-18,gcbra0400$,{00000000-0000-0000-0000-000000000000},plugplaymanager,0x2dc,c:\windows\system32\svchost.exe,-,0x3e7,unknown specific access (bit 1)         access reasons:  -,0,plugplaysecurityobject,globalcom, , , , , , , , , , , , , , , , , , , , , , , , , , , , , 
microsoft-windows-security-auditing,success audit,file share,gcegy0400.global.com,127.0.0.1,MSWinEventLog	1	Security	1079004	Tue May  2 17:02:46 2017	5140	Microsoft-Windows-Security-Auditing	N/A	N/A	Success Audit	gcEGY0400.global.com	File Share		A network share object was accessed.     Subject:   Security ID:  S-1-5-21-2029550947-1910908428-336986018-29776   Account Name:  A.Goh   Account Domain:  globalcom   Logon ID:  0xgcf61c1    Network Information:    Object Type:  File   Source Address:  172.24.33.53   Source Port:  49915     Share Information:   Share Name:  \\*\IPC$   Share Path:      Access Request Information:   Access Mask:  0x1   Accesses:  ReadData (or ListDirectory)        	169322844,a network share object was accessed,"auth,windows",2017-05-02T15:02:46.150Z,62367,172.20.40.23,ms_windows_event-1294570325,666,<14>May  2 17:02:46 gcEGY0400.global.com ,192249001,1,0.0.0.0/514/tcp,2afc-b757ca9,11004,gcegy0400.global.com,2017-05-02T17:02:46.000Z,5140,ms_windows_event,security,58565d1f-8eba-45c1-b5a1-b3824a45aedf#2066,"{""id"":""58565d1f-8eba-45c1-b5a1-b3824a45aedf#2066"",""num_events"":2767,""data_type"":""passthrough"",""batch_id"":""58565d1f-8eba-45c1-b5a1-b3824a45aedf"",""batch_segment"":0,""customer_id"":""lga03"",""sequence_number"":2065,""source_type"":""json"",""target_index"":""""}",11004,s-1-5-21-2029550947-1910908428-336986018-29776, , , , , , ,0xgcf61c1,readdata (or listdirectory), ,\\*\ipc$,globalcom, ,49915,172.24.33.53, , ,private ip address lan,rsv, , , , , , , , , , , , , , , , , , , , , ,a.goh
microsoft-windows-security-auditing,success audit,logogc,gcbrw0000.global.com,127.0.0.1,MSWinEventLog	1	Security	796335	Tue May  2 11:02:45 2017	4634	Microsoft-Windows-Security-Auditing	N/A	N/A	Success Audit	gcBRW0000.global.com	Logogc		An account was logged ogc.    Subject:   Security ID:  S-1-5-21-2029550947-1910908428-336986018-40766   Account Name:  gcBRW0402$   Account Domain:  globalcom   Logon ID:  0x9F80553    Logon Type:   3    This event is generated when a logon session is destroyed. It may be positively correlated with a logon event using the Logon ID value. Logon IDs are only unique between reboots on the same computer.	64591044,an account was logged ogc,"auth,windows",2017-05-02T15:04:43.825Z,54837,172.24.19.20,ms_windows_event-3012490973,613,<14>May  2 11:02:45 gcBRW0000.global.com ,3969018773,1,0.0.0.0/514/tcp,2b04-ec926b95,11012,gcbrw0000.global.com,2017-05-02T11:02:45.000Z,4634,ms_windows_event,security,58565d1f-8eba-45c1-b5a1-b3824a45aedf#2071,"{""id"":""58565d1f-8eba-45c1-b5a1-b3824a45aedf#2071"",""num_events"":2767,""data_type"":""passthrough"",""batch_id"":""58565d1f-8eba-45c1-b5a1-b3824a45aedf"",""batch_segment"":0,""customer_id"":""lga03"",""sequence_number"":2070,""source_type"":""json"",""target_index"":""""}",11012,s-1-5-21-2029550947-1910908428-336986018-40766,gcbrw0402$, , , , , ,0x9f80553, , , ,globalcom, , , , , , , ,3,this event is generated when a logon session is destroyed, , , , , , , , , , , , , , , , , , , , 
microsoft-windows-security-auditing,success audit,logogc,gcbrw0000.global.com,127.0.0.1,MSWinEventLog	1	Security	796397	Tue May  2 11:02:46 2017	4634	Microsoft-Windows-Security-Auditing	N/A	N/A	Success Audit	gcBRW0000.global.com	Logogc		An account was logged ogc.    Subject:   Security ID:  S-1-5-7   Account Name:  ANONYMOUS LOGON   Account Domain:  NT AUTHORITY   Logon ID:  0x9F83927    Logon Type:   3    This event is generated when a logon session is destroyed. It may be positively correlated with a logon event using the Logon ID value. Logon IDs are only unique between reboots on the same computer.	64591106,an account was logged ogc,"auth,windows",2017-05-02T15:04:44.838Z,54837,172.24.19.20,ms_windows_event-3012490973,577,<14>May  2 11:02:46 gcBRW0000.global.com ,3969019458,1,0.0.0.0/514/tcp,2b04-ec926e42,11012,gcbrw0000.global.com,2017-05-02T11:02:46.000Z,4634,ms_windows_event,security,58565d1f-8eba-45c1-b5a1-b3824a45aedf#2104,"{""id"":""58565d1f-8eba-45c1-b5a1-b3824a45aedf#2104"",""num_events"":2767,""data_type"":""passthrough"",""batch_id"":""58565d1f-8eba-45c1-b5a1-b3824a45aedf"",""batch_segment"":0,""customer_id"":""lga03"",""sequence_number"":2103,""source_type"":""json"",""target_index"":""""}",11012,s-1-5-7,anonymous logon, , , , , ,0x9f83927, , , ,nt authority, , , , , , , ,3,this event is generated when a logon session is destroyed, , , , , , , , , , , , , , , , , , , , 
microsoft-windows-security-auditing,success audit,kerberos service ticket operations,gcnyc-60-010.global.com,127.0.0.1,MSWinEventLog	1	Security	1354724	Tue May  2 11:02:46 2017	4769	Microsoft-Windows-Security-Auditing	N/A	N/A	Success Audit	gcNYC-60-010.global.com	Kerberos Service Ticket Operations		N/A	153578704,n/a,"auth,windows",2017-05-02T15:02:47.919Z,59147,172.21.14.26,ms_windows_event-2408821607,244,<14>May  2 11:02:46 gcNYC-60-010.global.com ,27946635905,0,0.0.0.0/514/tcp,2b03-681bfd281,11011,gcnyc-60-010.global.com,2017-05-02T11:02:46.000Z,4769,ms_windows_event,security,58565d1f-8eba-45c1-b5a1-b3824a45aedf#2124,"{""id"":""58565d1f-8eba-45c1-b5a1-b3824a45aedf#2124"",""num_events"":2767,""data_type"":""passthrough"",""batch_id"":""58565d1f-8eba-45c1-b5a1-b3824a45aedf"",""batch_segment"":0,""customer_id"":""lga03"",""sequence_number"":2123,""source_type"":""json"",""target_index"":""""}",11011, , , , , , , , , , , , , , , , , , , , , , , , , , , , , , , , , , , , , , , , , 
microsoft-windows-security-auditing,success audit,directory service replication,gcnyc-60-010.global.com,127.0.0.1,MSWinEventLog	1	Security	1354736	Tue May  2 11:02:47 2017	4932	Microsoft-Windows-Security-Auditing	N/A	N/A	Success Audit	gcNYC-60-010.global.com	Directory Service Replication		N/A	153578716,n/a,"auth,windows",2017-05-02T15:02:47.926Z,59147,172.21.14.26,ms_windows_event-2014729129,239,<14>May  2 11:02:47 gcNYC-60-010.global.com ,27946635917,0,0.0.0.0/514/tcp,2b03-681bfd28d,11011,gcnyc-60-010.global.com,2017-05-02T11:02:47.000Z,4932,ms_windows_event,security,58565d1f-8eba-45c1-b5a1-b3824a45aedf#2127,"{""id"":""58565d1f-8eba-45c1-b5a1-b3824a45aedf#2127"",""num_events"":2767,""data_type"":""passthrough"",""batch_id"":""58565d1f-8eba-45c1-b5a1-b3824a45aedf"",""batch_segment"":0,""customer_id"":""lga03"",""sequence_number"":2126,""source_type"":""json"",""target_index"":""""}",11011, , , , , , , , , , , , , , , , , , , , , , , , , , , , , , , , , , , , , , , , , 
microsoft-windows-security-auditing,success audit,logon,gcbrw0000.global.com,127.0.0.1,"MSWinEventLog	1	Security	796406	Tue May  2 11:02:47 2017	4624	Microsoft-Windows-Security-Auditing	N/A	N/A	Success Audit	gcBRW0000.global.com	Logon		An account was successfully logged on.    Subject:   Security ID:  S-1-0-0   Account Name:  -   Account Domain:  -   Logon ID:  0x0    Logon Type:   3    Impersonation Level:  Impersonation    New Logon:   Security ID:  S-1-5-21-2029550947-1910908428-336986018-4817   Account Name:  I.Tsamblakos   Account Domain:  globalcom   Logon ID:  0x9F839E2   Logon GUID:  {842C35E0-B084-6A6F-B8A2-5C6244C4C71B}    Process Information:   Process ID:  0x0   Process Name:  -    Network Information:   Workstation Name:    Source Network Address: 172.24.32.204   Source Port:  49264    Detailed Authentication Information:   Logon Process:  Kerberos   Authentication Package: Kerberos   Transited Services: -   Package Name (NTLM only): -   Key Length:  0    This event is generated when a logon session is created. It is generated on the computer that was accessed.    The subject fields indicate the account on the local system which requested the logon. This is most commonly a service such as the Server service, or a local process such as Winlogon.exe or Services.exe.    The logon type field indicates the kind of logon that occurred. The most common types are 2 (interactive) and 3 (network).    The New Logon fields indicate the account for whom the new logon was created, i.e. the account that was logged on.    The network fields indicate where a remote logon request originated. Workstation name is not always available and may be left blank in some cases.    The impersonation level field indicates the extent to which a process in the logon session can impersonate.    The authentication information fields provide detailed information about this specific logon request.   - Logon GUID is a unique identifier that can be used to correlate this event with a KDC event.   - Transited services indicate which intermediate services have participated in this logon request.   - Package name indicates which sub-protocol was used among the NTLM protocols.   - Key length indicates the length of the generated session key. This will be 0 if no session key was requested.	64591115",an account was successfully logged on,"auth,windows",2017-05-02T15:04:45.837Z,54837,172.24.19.20,ms_windows_event-3795724934,2273,<14>May  2 11:02:47 gcBRW0000.global.com ,3969019876,1,0.0.0.0/514/tcp,2b04-ec926fe4,11012,gcbrw0000.global.com,2017-05-02T11:02:47.000Z,4624,ms_windows_event,security,58565d1f-8eba-45c1-b5a1-b3824a45aedf#2235,"{""id"":""58565d1f-8eba-45c1-b5a1-b3824a45aedf#2235"",""num_events"":2767,""data_type"":""passthrough"",""batch_id"":""58565d1f-8eba-45c1-b5a1-b3824a45aedf"",""batch_segment"":0,""customer_id"":""lga03"",""sequence_number"":2234,""source_type"":""json"",""target_index"":""""}",11012,s-1-5-21-2029550947-1910908428-336986018-4817,i.tsamblakos, , ,0x0,-, ,0x9f839e2, , , ,globalcom, ,49264,172.24.32.204, , ,private ip address lan,rsv,3,this event is generated when a logon session is created, ,,kerberos,"[""1.1.1521"",""1.1.1552""]", , , , , , , , , , , , , , , , 
microsoft-windows-security-auditing,success audit,logon,gcbrw0000.global.com,127.0.0.1,"MSWinEventLog	1	Security	796417	Tue May  2 11:02:47 2017	4624	Microsoft-Windows-Security-Auditing	N/A	N/A	Success Audit	gcBRW0000.global.com	Logon		An account was successfully logged on.    Subject:   Security ID:  S-1-0-0   Account Name:  -   Account Domain:  -   Logon ID:  0x0    Logon Type:   3    Impersonation Level:  Impersonation    New Logon:   Security ID:  S-1-5-21-2029550947-1910908428-336986018-23974   Account Name:  E.Oleary   Account Domain:  globalcom   Logon ID:  0x9F83AD4   Logon GUID:  {FB1CBB26-ABB7-4953-82D5-69776810549E}    Process Information:   Process ID:  0x0   Process Name:  -    Network Information:   Workstation Name:    Source Network Address: 172.24.40.44   Source Port:  51595    Detailed Authentication Information:   Logon Process:  Kerberos   Authentication Package: Kerberos   Transited Services: -   Package Name (NTLM only): -   Key Length:  0    This event is generated when a logon session is created. It is generated on the computer that was accessed.    The subject fields indicate the account on the local system which requested the logon. This is most commonly a service such as the Server service, or a local process such as Winlogon.exe or Services.exe.    The logon type field indicates the kind of logon that occurred. The most common types are 2 (interactive) and 3 (network).    The New Logon fields indicate the account for whom the new logon was created, i.e. the account that was logged on.    The network fields indicate where a remote logon request originated. Workstation name is not always available and may be left blank in some cases.    The impersonation level field indicates the extent to which a process in the logon session can impersonate.    The authentication information fields provide detailed information about this specific logon request.   - Logon GUID is a unique identifier that can be used to correlate this event with a KDC event.   - Transited services indicate which intermediate services have participated in this logon request.   - Package name indicates which sub-protocol was used among the NTLM protocols.   - Key length indicates the length of the generated session key. This will be 0 if no session key was requested.	64591126",an account was successfully logged on,"auth,windows",2017-05-02T15:04:45.841Z,54837,172.24.19.20,ms_windows_event-3795724934,2269,<14>May  2 11:02:47 gcBRW0000.global.com ,3969019889,1,0.0.0.0/514/tcp,2b04-ec926gc1,11012,gcbrw0000.global.com,2017-05-02T11:02:47.000Z,4624,ms_windows_event,security,58565d1f-8eba-45c1-b5a1-b3824a45aedf#2236,"{""id"":""58565d1f-8eba-45c1-b5a1-b3824a45aedf#2236"",""num_events"":2767,""data_type"":""passthrough"",""batch_id"":""58565d1f-8eba-45c1-b5a1-b3824a45aedf"",""batch_segment"":0,""customer_id"":""lga03"",""sequence_number"":2235,""source_type"":""json"",""target_index"":""""}",11012,s-1-5-21-2029550947-1910908428-336986018-23974,e.oleary, , ,0x0,-, ,0x9f83ad4, , , ,globalcom, ,51595,172.24.40.44, , ,private ip address lan,rsv,3,this event is generated when a logon session is created, ,,kerberos,"[""1.1.1521"",""1.1.1552""]", , , , , , , , , , , , , , , , 
microsoft-windows-security-auditing,failure audit,kerberos service ticket operations,gcsmq0000.global.com,127.0.0.1,MSWinEventLog	3	Security	1629988	Tue May  2 11:02:47 2017	4769	Microsoft-Windows-Security-Auditing	N/A	N/A	Failure Audit	gcSMQ0000.global.com	Kerberos Service Ticket Operations		N/A	186395077,n/a,"auth,windows",2017-05-02T15:02:48.618Z,51131,172.21.14.20,ms_windows_event-2408821607,238,<11>May  2 11:02:47 gcSMQ0000.global.com ,27946636012,0,0.0.0.0/514/tcp,2b03-681bfd2ec,11011,gcsmq0000.global.com,2017-05-02T11:02:47.000Z,4769,ms_windows_event,security,58565d1f-8eba-45c1-b5a1-b3824a45aedf#2301,"{""id"":""58565d1f-8eba-45c1-b5a1-b3824a45aedf#2301"",""num_events"":2767,""data_type"":""passthrough"",""batch_id"":""58565d1f-8eba-45c1-b5a1-b3824a45aedf"",""batch_segment"":0,""customer_id"":""lga03"",""sequence_number"":2300,""source_type"":""json"",""target_index"":""""}",11011, , , , , , , , , , , , , , , , , , , , , , , , , , , , , , , , , , , , , , , , , 
microsoft-windows-security-auditing,success audit,logon,gcsmq0000.global.com,127.0.0.1,MSWinEventLog	1	Security	1629992	Tue May  2 11:02:47 2017	4624	Microsoft-Windows-Security-Auditing	N/A	N/A	Success Audit	gcSMQ0000.global.com	Logon		N/A	186395081,n/a,"auth,windows",2017-05-02T15:02:48.619Z,51131,172.21.14.20,ms_windows_event-796723568,209,<14>May  2 11:02:47 gcSMQ0000.global.com ,27946636016,0,0.0.0.0/514/tcp,2b03-681bfd2f0,11011,gcsmq0000.global.com,2017-05-02T11:02:47.000Z,4624,ms_windows_event,security,58565d1f-8eba-45c1-b5a1-b3824a45aedf#2302,"{""id"":""58565d1f-8eba-45c1-b5a1-b3824a45aedf#2302"",""num_events"":2767,""data_type"":""passthrough"",""batch_id"":""58565d1f-8eba-45c1-b5a1-b3824a45aedf"",""batch_segment"":0,""customer_id"":""lga03"",""sequence_number"":2301,""source_type"":""json"",""target_index"":""""}",11011, , , , , , , , , , , , , , , , , , , , , , , , , , , , , , , , , , , , , , , , , 
microsoft-windows-security-auditing,success audit,logon,gcsmq0000.global.com,127.0.0.1,MSWinEventLog	1	Security	1630004	Tue May  2 11:02:48 2017	4648	Microsoft-Windows-Security-Auditing	N/A	N/A	Success Audit	gcSMQ0000.global.com	Logon		N/A	186395093,n/a,"auth,windows",2017-05-02T15:02:48.625Z,51131,172.21.14.20,ms_windows_event-175608790,209,<14>May  2 11:02:48 gcSMQ0000.global.com ,27946636028,0,0.0.0.0/514/tcp,2b03-681bfd2fc,11011,gcsmq0000.global.com,2017-05-02T11:02:48.000Z,4648,ms_windows_event,security,58565d1f-8eba-45c1-b5a1-b3824a45aedf#2305,"{""id"":""58565d1f-8eba-45c1-b5a1-b3824a45aedf#2305"",""num_events"":2767,""data_type"":""passthrough"",""batch_id"":""58565d1f-8eba-45c1-b5a1-b3824a45aedf"",""batch_segment"":0,""customer_id"":""lga03"",""sequence_number"":2304,""source_type"":""json"",""target_index"":""""}",11011, , , , , , , , , , , , , , , , , , , , , , , , , , , , , , , , , , , , , , , , , 
microsoft-windows-security-auditing,success audit,registry,gcegy0400.global.com,127.0.0.1,MSWinEventLog	1	Security	1078956	Tue May  2 17:02:40 2017	4658	Microsoft-Windows-Security-Auditing	N/A	N/A	Success Audit	gcEGY0400.global.com	Registry		The handle to an object was closed.    Subject :   Security ID:  S-1-5-18   Account Name:  gcEGY0400$   Account Domain:  globalcom   Logon ID:  0x3e7    Object:   Object Server:  Security   Handle ID:  0x6cc    Process Information:   Process ID:  0x270   Process Name:  C:\Windows\System32\services.exe	169322796,the handle to an object was closed,"auth,windows",2017-05-02T15:02:42.065Z,62367,172.20.40.23,ms_windows_event-259117541,516,<14>May  2 17:02:40 gcEGY0400.global.com ,192248812,1,0.0.0.0/514/tcp,2afc-b757bec,11004,gcegy0400.global.com,2017-05-02T17:02:40.000Z,4658,ms_windows_event,security,58565d1f-8eba-45c1-b5a1-b3824a45aedf#2367,"{""id"":""58565d1f-8eba-45c1-b5a1-b3824a45aedf#2367"",""num_events"":2767,""data_type"":""passthrough"",""batch_id"":""58565d1f-8eba-45c1-b5a1-b3824a45aedf"",""batch_segment"":0,""customer_id"":""lga03"",""sequence_number"":2366,""source_type"":""json"",""target_index"":""""}",11004, ,gcegy0400$, ,security,0x270,c:\windows\system32\services.exe, ,0x3e7, ,1740, ,globalcom, , , , , , , , , , , , , , , , , , , , , , , , , , , , , 
microsoft-windows-security-auditing,success audit,filtering platform connection,gcegy0400.global.com,127.0.0.1,MSWinEventLog	1	Security	1078964	Tue May  2 17:02:40 2017	5158	Microsoft-Windows-Security-Auditing	N/A	N/A	Success Audit	gcEGY0400.global.com	Filtering Platform Connection		The Windows Filtering Platform has permitted a bind to a local port.    Application Information:   Process ID:  1100   Application Name: \device\harddiskvolume2\windows\system32\svchost.exe    Network Information:   Source Address:  0.0.0.0   Source Port:  5355   Protocol:  17    Filter Information:   Filter Run-Time ID: 0   Layer Name:  Resource Assignment   Layer Run-Time ID: 36	169322804,the windows filtering platform has permitted a bind to a local port,"auth,windows",2017-05-02T15:02:42.072Z,62367,172.20.40.23,ms_windows_event-1072601665,613,<14>May  2 17:02:40 gcEGY0400.global.com ,192248818,1,0.0.0.0/514/tcp,2afc-b757bf2,11004,gcegy0400.global.com,2017-05-02T17:02:40.000Z,5158,ms_windows_event,security,58565d1f-8eba-45c1-b5a1-b3824a45aedf#2368,"{""id"":""58565d1f-8eba-45c1-b5a1-b3824a45aedf#2368"",""num_events"":2767,""data_type"":""passthrough"",""batch_id"":""58565d1f-8eba-45c1-b5a1-b3824a45aedf"",""batch_segment"":0,""customer_id"":""lga03"",""sequence_number"":2367,""source_type"":""json"",""target_index"":""""}",11004, , , , , , , , , , , , , ,5355,0.0.0.0,17,\device\harddiskvolume2\windows\system32\svchost.exe,broadcast rfc1700,rsv, , , , , , , , , , , , , , , , , , , , , , 
microsoft-windows-security-auditing,success audit,other object access events,gcchn0400.global.com,127.0.0.1,MSWinEventLog	1	Security	2487504	Tue May  2 23:03:25 2017	4656	Microsoft-Windows-Security-Auditing	N/A	N/A	Success Audit	gcCHN0400.global.com	Other Object Access Events		A handle to an object was requested.    Subject:   Security ID:  S-1-5-18   Account Name:  gcCHN0400$   Account Domain:  globalcom   Logon ID:  0x3e7    Object:   Object Server:  PlugPlayManager   Object Type:  Security   Object Name:  PlugPlaySecurityObject   Handle ID:  0x0    Process Information:   Process ID:  0x2d0   Process Name:  C:\Windows\System32\svchost.exe    Access Request Information:   Transaction ID:  {00000000-0000-0000-0000-000000000000}   Accesses:  Unknown specific access (bit 1)         Access Reasons:  -   Access Mask:  0x2   Privileges Used for Access Check: -   Restricted SID Count: 0	251461583,a handle to an object was requested,"auth,windows",2017-05-02T15:02:42.111Z,49348,172.20.38.23,ms_windows_event-1655484026,847,<14>May  2 23:03:25 gcCHN0400.global.com ,106197260,1,0.0.0.0/514/tcp,2afb-654710c,11003,gcchn0400.global.com, ,4656,ms_windows_event,security,58565d1f-8eba-45c1-b5a1-b3824a45aedf#2382,"{""id"":""58565d1f-8eba-45c1-b5a1-b3824a45aedf#2382"",""num_events"":2767,""data_type"":""passthrough"",""batch_id"":""58565d1f-8eba-45c1-b5a1-b3824a45aedf"",""batch_segment"":0,""customer_id"":""lga03"",""sequence_number"":2381,""source_type"":""json"",""target_index"":""""}",11003,s-1-5-18,gcchn0400$,{00000000-0000-0000-0000-000000000000},plugplaymanager,0x2d0,c:\windows\system32\svchost.exe,-,0x3e7,unknown specific access (bit 1)         access reasons:  -,0,plugplaysecurityobject,globalcom, , , , , , , , , , , , , , , , , , , , , , , , , , , , , 
microsoft-windows-security-auditing,success audit,other object access events,gcchn0400.global.com,127.0.0.1,MSWinEventLog	1	Security	2487521	Tue May  2 23:03:25 2017	4656	Microsoft-Windows-Security-Auditing	N/A	N/A	Success Audit	gcCHN0400.global.com	Other Object Access Events		A handle to an object was requested.    Subject:   Security ID:  S-1-5-18   Account Name:  gcCHN0400$   Account Domain:  globalcom   Logon ID:  0x3e7    Object:   Object Server:  PlugPlayManager   Object Type:  Security   Object Name:  PlugPlaySecurityObject   Handle ID:  0x0    Process Information:   Process ID:  0x2d0   Process Name:  C:\Windows\System32\svchost.exe    Access Request Information:   Transaction ID:  {00000000-0000-0000-0000-000000000000}   Accesses:  Unknown specific access (bit 1)         Access Reasons:  -   Access Mask:  0x2   Privileges Used for Access Check: -   Restricted SID Count: 0	251461600,a handle to an object was requested,"auth,windows",2017-05-02T15:02:42.124Z,49348,172.20.38.23,ms_windows_event-1655484026,847,<14>May  2 23:03:25 gcCHN0400.global.com ,106197277,1,0.0.0.0/514/tcp,2afb-654711d,11003,gcchn0400.global.com, ,4656,ms_windows_event,security,58565d1f-8eba-45c1-b5a1-b3824a45aedf#2384,"{""id"":""58565d1f-8eba-45c1-b5a1-b3824a45aedf#2384"",""num_events"":2767,""data_type"":""passthrough"",""batch_id"":""58565d1f-8eba-45c1-b5a1-b3824a45aedf"",""batch_segment"":0,""customer_id"":""lga03"",""sequence_number"":2383,""source_type"":""json"",""target_index"":""""}",11003,s-1-5-18,gcchn0400$,{00000000-0000-0000-0000-000000000000},plugplaymanager,0x2d0,c:\windows\system32\svchost.exe,-,0x3e7,unknown specific access (bit 1)         access reasons:  -,0,plugplaysecurityobject,globalcom, , , , , , , , , , , , , , , , , , , , , , , , , , , , , 
microsoft-windows-security-auditing,success audit,other object access events,gcchn0400.global.com,127.0.0.1,MSWinEventLog	1	Security	2487553	Tue May  2 23:03:25 2017	4656	Microsoft-Windows-Security-Auditing	N/A	N/A	Success Audit	gcCHN0400.global.com	Other Object Access Events		A handle to an object was requested.    Subject:   Security ID:  S-1-5-18   Account Name:  gcCHN0400$   Account Domain:  globalcom   Logon ID:  0x3e7    Object:   Object Server:  PlugPlayManager   Object Type:  Security   Object Name:  PlugPlaySecurityObject   Handle ID:  0x0    Process Information:   Process ID:  0x2d0   Process Name:  C:\Windows\System32\svchost.exe    Access Request Information:   Transaction ID:  {00000000-0000-0000-0000-000000000000}   Accesses:  Unknown specific access (bit 1)         Access Reasons:  -   Access Mask:  0x2   Privileges Used for Access Check: -   Restricted SID Count: 0	251461632,a handle to an object was requested,"auth,windows",2017-05-02T15:02:42.146Z,49348,172.20.38.23,ms_windows_event-1655484026,847,<14>May  2 23:03:25 gcCHN0400.global.com ,106197309,1,0.0.0.0/514/tcp,2afb-654713d,11003,gcchn0400.global.com, ,4656,ms_windows_event,security,58565d1f-8eba-45c1-b5a1-b3824a45aedf#2388,"{""id"":""58565d1f-8eba-45c1-b5a1-b3824a45aedf#2388"",""num_events"":2767,""data_type"":""passthrough"",""batch_id"":""58565d1f-8eba-45c1-b5a1-b3824a45aedf"",""batch_segment"":0,""customer_id"":""lga03"",""sequence_number"":2387,""source_type"":""json"",""target_index"":""""}",11003,s-1-5-18,gcchn0400$,{00000000-0000-0000-0000-000000000000},plugplaymanager,0x2d0,c:\windows\system32\svchost.exe,-,0x3e7,unknown specific access (bit 1)         access reasons:  -,0,plugplaysecurityobject,globalcom, , , , , , , , , , , , , , , , , , , , , , , , , , , , , 
microsoft-windows-security-auditing,success audit,other policy change events,gcind0400.global.com,127.0.0.1,MSWinEventLog	1	Security	1535153	Tue May  2 20:30:54 2017	5447	Microsoft-Windows-Security-Auditing	N/A	N/A	Success Audit	gcIND0400.global.com	Other Policy Change Events		A Windows Filtering Platform filter has been changed.     Subject:   Security ID:  S-1-5-19   Account Name:  NT AUTHORITY\LOCAL SERVICE    Process Information:   Process ID: 1196    Provider Information:   ID:  {4B153735-1049-4480-AAB4-D1B9BDC03710}   Name:  Microsoft Corporation    Change Information:   Change Type: Add    Filter Information:   ID:  {43241672-0D6B-4437-8B08-F84DD72BF2A4}   Name:  An inbound rule to allow tragcic to the IPv6 Dynamic Host Control Protocol Server. [UDP 547]   Type:  Not persistent   Run-Time ID: 153577    Layer Information:   ID:  {E1CD9FE7-F4B5-4273-96C0-592E487B8650}   Name:  ALE Receive/Accept v4 Layer   Run-Time ID: 44    Callout Information:   ID:  {00000000-0000-0000-0000-000000000000}   Name:  -    Additional Information:   Weight: 2111886959050752    Conditions:   Condition ID: {d78e1e87-8644-4ea5-9437-d809ecefc971}  Match value: Equal to  Condition value:      00000000  5c 00 64 00 65 00 76 00-69 00 63 00 65 00 5c 00  \.d.e.v.i.c.e.\.     00000010  68 00 61 00 72 00 64 00-64 00 69 00 73 00 6b 00  h.a.r.d.d.i.s.k.     00000020  76 00 6f 00 6c 00 75 00-6d 00 65 00 32 00 5c 00  v.o.l.u.m.e.2.\.     00000030  77 00 69 00 6e 00 64 00-6f 00 77 00 73 00 5c 00  w.i.n.d.o.w.s.\.     00000040  73 00 79 00 73 00 74 00-65 00 6d 00 33 00 32 00  s.y.s.t.e.m.3.2.     00000050  5c 00 73 00 76 00 63 00-68 00 6f 00 73 00 74 00  \.s.v.c.h.o.s.t.     00000060  2e 00 65 00 78 00 65 00-00 00                    ..e.x.e...    Condition ID: {af043a0a-b34d-4f86-979c-c90371af6e66}  Match value: Equal to  Condition value:  O:SYG:SYD:(A;;CCRC;;;S-1-5-80-3273805168-4048181553-3172130058-210131473-390205191)    Condition ID: {0c1ba1af-5765-453f-af22-a8f791ac775b}  Match value: Equal to  Condition value: 0x0087   Condition ID: {3971ef2b-623e-4f9a-8cb1-6e79b806b9a7}  Match value: Equal to  Condition value: 0x06    Filter Action: Permit	671456106,a windows filtering platform filter has been changed,"auth,windows",2017-05-02T15:02:42.583Z,63364,172.20.42.23,ms_windows_event-1173465555,2102,<14>May  2 20:30:54 gcIND0400.global.com ,285063378,1,0.0.0.0/514/tcp,2afe-10fdb8d2,11006,gcind0400.global.com,2017-05-02T20:30:54.000Z,5447,ms_windows_event,security,58565d1f-8eba-45c1-b5a1-b3824a45aedf#2391,"{""id"":""58565d1f-8eba-45c1-b5a1-b3824a45aedf#2391"",""num_events"":2767,""data_type"":""passthrough"",""batch_id"":""58565d1f-8eba-45c1-b5a1-b3824a45aedf"",""batch_segment"":0,""customer_id"":""lga03"",""sequence_number"":2390,""source_type"":""json"",""target_index"":""""}",11006,s-1-5-19,nt authority\local service  , , ,1196, , , , , , , , , , , , , , , , , , , , , , , , , , , , ,"""2111886959050752""",microsoft corporation,permit, , , , , 
microsoft-windows-security-auditing,success audit,logon,gcken0400.global.com,127.0.0.1,"MSWinEventLog	1	Security	864040	Tue May  2 18:03:15 2017	4624	Microsoft-Windows-Security-Auditing	N/A	N/A	Success Audit	gcKEN0400.global.com	Logon		An account was successfully logged on.    Subject:   Security ID:  S-1-0-0   Account Name:  -   Account Domain:  -   Logon ID:  0x0    Logon Type:   3    New Logon:   Security ID:  S-1-5-21-2029550947-1910908428-336986018-27183   Account Name:  gcSMQ0601$   Account Domain:  globalcom   Logon ID:  0xa8f7296   Logon GUID:  {71B20E15-5ABB-F7F6-F00F-B0194E058799}    Process Information:   Process ID:  0x0   Process Name:  -    Network Information:   Workstation Name:    Source Network Address: 172.21.19.25   Source Port:  64694    Detailed Authentication Information:   Logon Process:  Kerberos   Authentication Package: Kerberos   Transited Services: -   Package Name (NTLM only): -   Key Length:  0    This event is generated when a logon session is created. It is generated on the computer that was accessed.    The subject fields indicate the account on the local system which requested the logon. This is most commonly a service such as the Server service, or a local process such as Winlogon.exe or Services.exe.    The logon type field indicates the kind of logon that occurred. The most common types are 2 (interactive) and 3 (network).    The New Logon fields indicate the account for whom the new logon was created, i.e. the account that was logged on.    The network fields indicate where a remote logon request originated. Workstation name is not always available and may be left blank in some cases.    The authentication information fields provide detailed information about this specific logon request.   - Logon GUID is a unique identifier that can be used to correlate this event with a KDC event.   - Transited services indicate which intermediate services have participated in this logon request.   - Package name indicates which sub-protocol was used among the NTLM protocols.   - Key length indicates the length of the generated session key. This will be 0 if no session key was requested.	145963545",an account was successfully logged on,"auth,windows",2017-05-02T15:02:49.050Z,55560,172.20.46.23,ms_windows_event-3795724934,2122,<14>May  2 18:03:15 gcKEN0400.global.com ,4357199023,1,0.0.0.0/514/tcp,2agc-103b594af,11007,gcken0400.global.com,2017-05-02T18:03:15.000Z,4624,ms_windows_event,security,58565d1f-8eba-45c1-b5a1-b3824a45aedf#2434,"{""id"":""58565d1f-8eba-45c1-b5a1-b3824a45aedf#2434"",""num_events"":2767,""data_type"":""passthrough"",""batch_id"":""58565d1f-8eba-45c1-b5a1-b3824a45aedf"",""batch_segment"":0,""customer_id"":""lga03"",""sequence_number"":2433,""source_type"":""json"",""target_index"":""""}",11007,s-1-5-21-2029550947-1910908428-336986018-27183,gcsmq0601$, , ,0x0,-, ,0xa8f7296, , , ,globalcom, ,64694,172.21.19.25, , ,private ip address lan,rsv,3,this event is generated when a logon session is created, ,,kerberos,"[""1.1.1521""]", , , , , , , , , , , , , , , , 
microsoft-windows-security-auditing,success audit,logogc,gcbrw0000.global.com,127.0.0.1,MSWinEventLog	1	Security	796428	Tue May  2 11:02:48 2017	4634	Microsoft-Windows-Security-Auditing	N/A	N/A	Success Audit	gcBRW0000.global.com	Logogc		An account was logged ogc.    Subject:   Security ID:  S-1-5-21-2029550947-1910908428-336986018-39703   Account Name:  NYCLT5367C$   Account Domain:  globalcom   Logon ID:  0x9F83B91    Logon Type:   3    This event is generated when a logon session is destroyed. It may be positively correlated with a logon event using the Logon ID value. Logon IDs are only unique between reboots on the same computer.	64591137,an account was logged ogc,"auth,windows",2017-05-02T15:04:46.836Z,54837,172.24.19.20,ms_windows_event-3012490973,614,<14>May  2 11:02:48 gcBRW0000.global.com ,3969020323,1,0.0.0.0/514/tcp,2b04-ec9271a3,11012,gcbrw0000.global.com,2017-05-02T11:02:48.000Z,4634,ms_windows_event,security,58565d1f-8eba-45c1-b5a1-b3824a45aedf#2445,"{""id"":""58565d1f-8eba-45c1-b5a1-b3824a45aedf#2445"",""num_events"":2767,""data_type"":""passthrough"",""batch_id"":""58565d1f-8eba-45c1-b5a1-b3824a45aedf"",""batch_segment"":0,""customer_id"":""lga03"",""sequence_number"":2444,""source_type"":""json"",""target_index"":""""}",11012,s-1-5-21-2029550947-1910908428-336986018-39703,nyclt5367c$, , , , , ,0x9f83b91, , , ,globalcom, , , , , , , ,3,this event is generated when a logon session is destroyed, , , , , , , , , , , , , , , , , , , , 
microsoft-windows-security-auditing,success audit,logon,gccol0000.global.com,127.0.0.1,MSWinEventLog	1	Security	82098	Tue May  2 11:02:46 2017	4624	Microsoft-Windows-Security-Auditing	N/A	N/A	Success Audit	gcCOL0000.global.com	Logon		N/A	8771160,n/a,"auth,windows",2017-05-02T15:02:48.111Z,53990,172.20.80.22,ms_windows_event-796723568,205,<14>May  2 11:02:46 gcCOL0000.global.com ,12041424845,1,0.0.0.0/514/tcp,2b05-2cdb98fcd,11013,gccol0000.global.com,2017-05-02T11:02:46.000Z,4624,ms_windows_event,security,58565d1f-8eba-45c1-b5a1-b3824a45aedf#2476,"{""id"":""58565d1f-8eba-45c1-b5a1-b3824a45aedf#2476"",""num_events"":2767,""data_type"":""passthrough"",""batch_id"":""58565d1f-8eba-45c1-b5a1-b3824a45aedf"",""batch_segment"":0,""customer_id"":""lga03"",""sequence_number"":2475,""source_type"":""json"",""target_index"":""""}",11013, , , , , , , , , , , , , , , , , , , , , , , , , , , , , , , , , , , , , , , , , 
microsoft-windows-security-auditing,success audit,logogc,gcbrw0000.global.com,127.0.0.1,MSWinEventLog	1	Security	796281	Tue May  2 11:02:42 2017	4634	Microsoft-Windows-Security-Auditing	N/A	N/A	Success Audit	gcBRW0000.global.com	Logogc		An account was logged ogc.    Subject:   Security ID:  S-1-5-21-2029550947-1910908428-336986018-23974   Account Name:  E.Oleary   Account Domain:  globalcom   Logon ID:  0x9F80F24    Logon Type:   3    This event is generated when a logon session is destroyed. It may be positively correlated with a logon event using the Logon ID value. Logon IDs are only unique between reboots on the same computer.	64590990,an account was logged ogc,"auth,windows",2017-05-02T15:04:40.827Z,54837,172.24.19.20,ms_windows_event-3012490973,611,<14>May  2 11:02:42 gcBRW0000.global.com ,3969016371,1,0.0.0.0/514/tcp,2b04-ec926233,11012,gcbrw0000.global.com,2017-05-02T11:02:42.000Z,4634,ms_windows_event,security,58565d1f-8eba-45c1-b5a1-b3824a45aedf#2559,"{""id"":""58565d1f-8eba-45c1-b5a1-b3824a45aedf#2559"",""num_events"":2767,""data_type"":""passthrough"",""batch_id"":""58565d1f-8eba-45c1-b5a1-b3824a45aedf"",""batch_segment"":0,""customer_id"":""lga03"",""sequence_number"":2558,""source_type"":""json"",""target_index"":""""}",11012,s-1-5-21-2029550947-1910908428-336986018-23974,e.oleary, , , , , ,0x9f80f24, , , ,globalcom, , , , , , , ,3,this event is generated when a logon session is destroyed, , , , , , , , , , , , , , , , , , , , 
microsoft-windows-security-auditing,failure audit,filtering platform packet drop,gcind0400.global.com,127.0.0.1,MSWinEventLog	3	Security	1535162	Tue May  2 20:30:55 2017	5152	Microsoft-Windows-Security-Auditing	N/A	N/A	Failure Audit	gcIND0400.global.com	Filtering Platform Packet Drop		The Windows Filtering Platform has blocked a packet.    Application Information:   Process ID:  976   Application Name: \device\harddiskvolume2\windows\system32\svchost.exe    Network Information:   Direction:  Inbound   Source Address:  172.21.18.13   Source Port:  7080   Destination Address: 172.20.42.23   Destination Port:  58815   Protocol:  6    Filter Information:   Filter Run-Time ID: 152942   Layer Name:  Receive/Accept   Layer Run-Time ID: 44	671456115,the windows filtering platform has blocked a packet,"auth,windows",2017-05-02T15:02:42.602Z,63364,172.20.42.23,ms_windows_event-820008369,686,<11>May  2 20:30:55 gcIND0400.global.com ,285063383,1,0.0.0.0/514/tcp,2afe-10fdb8d7,11006,gcind0400.global.com, ,5152,ms_windows_event,security,58565d1f-8eba-45c1-b5a1-b3824a45aedf#2562,"{""id"":""58565d1f-8eba-45c1-b5a1-b3824a45aedf#2562"",""num_events"":2767,""data_type"":""passthrough"",""batch_id"":""58565d1f-8eba-45c1-b5a1-b3824a45aedf"",""batch_segment"":0,""customer_id"":""lga03"",""sequence_number"":2561,""source_type"":""json"",""target_index"":""""}",11006, , , , ,976, , , , , , , , ,7080,172.21.18.13,6,\device\harddiskvolume2\windows\system32\svchost.exe,private ip address lan,rsv, , , , , , , , , ,58815,172.20.42.23,inbound,private ip address lan,rsv, , , , , , , , 
microsoft-windows-security-auditing,success audit,other object access events,gcbra0400.global.com,127.0.0.1,MSWinEventLog	1	Security	566825	Tue May  2 12:02:40 2017	4656	Microsoft-Windows-Security-Auditing	N/A	N/A	Success Audit	gcBRA0400.global.com	Other Object Access Events		A handle to an object was requested.    Subject:   Security ID:  S-1-5-18   Account Name:  gcBRA0400$   Account Domain:  globalcom   Logon ID:  0x3e7    Object:   Object Server:  PlugPlayManager   Object Type:  Security   Object Name:  PlugPlaySecurityObject   Handle ID:  0x0    Process Information:   Process ID:  0x2dc   Process Name:  C:\Windows\System32\svchost.exe    Access Request Information:   Transaction ID:  {00000000-0000-0000-0000-000000000000}   Accesses:  Unknown specific access (bit 1)         Access Reasons:  -   Access Mask:  0x2   Privileges Used for Access Check: -   Restricted SID Count: 0	457188702,a handle to an object was requested,"auth,windows",2017-05-02T15:02:43.064Z,50311,172.20.36.23,ms_windows_event-1655484026,846,<14>May  2 12:02:40 gcBRA0400.global.com ,6500394391,1,0.0.0.0/514/tcp,2af9-183742597,11001,gcbra0400.global.com, ,4656,ms_windows_event,security,58565d1f-8eba-45c1-b5a1-b3824a45aedf#2564,"{""id"":""58565d1f-8eba-45c1-b5a1-b3824a45aedf#2564"",""num_events"":2767,""data_type"":""passthrough"",""batch_id"":""58565d1f-8eba-45c1-b5a1-b3824a45aedf"",""batch_segment"":0,""customer_id"":""lga03"",""sequence_number"":2563,""source_type"":""json"",""target_index"":""""}",11001,s-1-5-18,gcbra0400$,{00000000-0000-0000-0000-000000000000},plugplaymanager,0x2dc,c:\windows\system32\svchost.exe,-,0x3e7,unknown specific access (bit 1)         access reasons:  -,0,plugplaysecurityobject,globalcom, , , , , , , , , , , , , , , , , , , , , , , , , , , , , 
microsoft-windows-security-auditing,success audit,other object access events,gcbra0400.global.com,127.0.0.1,MSWinEventLog	1	Security	566831	Tue May  2 12:02:40 2017	4656	Microsoft-Windows-Security-Auditing	N/A	N/A	Success Audit	gcBRA0400.global.com	Other Object Access Events		A handle to an object was requested.    Subject:   Security ID:  S-1-5-18   Account Name:  gcBRA0400$   Account Domain:  globalcom   Logon ID:  0x3e7    Object:   Object Server:  PlugPlayManager   Object Type:  Security   Object Name:  PlugPlaySecurityObject   Handle ID:  0x0    Process Information:   Process ID:  0x2dc   Process Name:  C:\Windows\System32\svchost.exe    Access Request Information:   Transaction ID:  {00000000-0000-0000-0000-000000000000}   Accesses:  Unknown specific access (bit 1)         Access Reasons:  -   Access Mask:  0x2   Privileges Used for Access Check: -   Restricted SID Count: 0	457188708,a handle to an object was requested,"auth,windows",2017-05-02T15:02:43.069Z,50311,172.20.36.23,ms_windows_event-1655484026,846,<14>May  2 12:02:40 gcBRA0400.global.com ,6500394397,1,0.0.0.0/514/tcp,2af9-18374259d,11001,gcbra0400.global.com, ,4656,ms_windows_event,security,58565d1f-8eba-45c1-b5a1-b3824a45aedf#2565,"{""id"":""58565d1f-8eba-45c1-b5a1-b3824a45aedf#2565"",""num_events"":2767,""data_type"":""passthrough"",""batch_id"":""58565d1f-8eba-45c1-b5a1-b3824a45aedf"",""batch_segment"":0,""customer_id"":""lga03"",""sequence_number"":2564,""source_type"":""json"",""target_index"":""""}",11001,s-1-5-18,gcbra0400$,{00000000-0000-0000-0000-000000000000},plugplaymanager,0x2dc,c:\windows\system32\svchost.exe,-,0x3e7,unknown specific access (bit 1)         access reasons:  -,0,plugplaysecurityobject,globalcom, , , , , , , , , , , , , , , , , , , , , , , , , , , , , 
microsoft-windows-security-auditing,success audit,other object access events,gcbra0400.global.com,127.0.0.1,MSWinEventLog	1	Security	566837	Tue May  2 12:02:40 2017	4656	Microsoft-Windows-Security-Auditing	N/A	N/A	Success Audit	gcBRA0400.global.com	Other Object Access Events		A handle to an object was requested.    Subject:   Security ID:  S-1-5-18   Account Name:  gcBRA0400$   Account Domain:  globalcom   Logon ID:  0x3e7    Object:   Object Server:  PlugPlayManager   Object Type:  Security   Object Name:  PlugPlaySecurityObject   Handle ID:  0x0    Process Information:   Process ID:  0x2dc   Process Name:  C:\Windows\System32\svchost.exe    Access Request Information:   Transaction ID:  {00000000-0000-0000-0000-000000000000}   Accesses:  Unknown specific access (bit 1)         Access Reasons:  -   Access Mask:  0x2   Privileges Used for Access Check: -   Restricted SID Count: 0	457188714,a handle to an object was requested,"auth,windows",2017-05-02T15:02:43.073Z,50311,172.20.36.23,ms_windows_event-1655484026,846,<14>May  2 12:02:40 gcBRA0400.global.com ,6500394403,1,0.0.0.0/514/tcp,2af9-1837425a3,11001,gcbra0400.global.com, ,4656,ms_windows_event,security,58565d1f-8eba-45c1-b5a1-b3824a45aedf#2566,"{""id"":""58565d1f-8eba-45c1-b5a1-b3824a45aedf#2566"",""num_events"":2767,""data_type"":""passthrough"",""batch_id"":""58565d1f-8eba-45c1-b5a1-b3824a45aedf"",""batch_segment"":0,""customer_id"":""lga03"",""sequence_number"":2565,""source_type"":""json"",""target_index"":""""}",11001,s-1-5-18,gcbra0400$,{00000000-0000-0000-0000-000000000000},plugplaymanager,0x2dc,c:\windows\system32\svchost.exe,-,0x3e7,unknown specific access (bit 1)         access reasons:  -,0,plugplaysecurityobject,globalcom, , , , , , , , , , , , , , , , , , , , , , , , , , , , , 
microsoft-windows-security-auditing,success audit,other object access events,gcbra0400.global.com,127.0.0.1,MSWinEventLog	1	Security	566847	Tue May  2 12:02:40 2017	4656	Microsoft-Windows-Security-Auditing	N/A	N/A	Success Audit	gcBRA0400.global.com	Other Object Access Events		A handle to an object was requested.    Subject:   Security ID:  S-1-5-18   Account Name:  gcBRA0400$   Account Domain:  globalcom   Logon ID:  0x3e7    Object:   Object Server:  PlugPlayManager   Object Type:  Security   Object Name:  PlugPlaySecurityObject   Handle ID:  0x0    Process Information:   Process ID:  0x2dc   Process Name:  C:\Windows\System32\svchost.exe    Access Request Information:   Transaction ID:  {00000000-0000-0000-0000-000000000000}   Accesses:  Unknown specific access (bit 1)         Access Reasons:  -   Access Mask:  0x2   Privileges Used for Access Check: -   Restricted SID Count: 0	457188724,a handle to an object was requested,"auth,windows",2017-05-02T15:02:43.079Z,50311,172.20.36.23,ms_windows_event-1655484026,846,<14>May  2 12:02:40 gcBRA0400.global.com ,6500394413,1,0.0.0.0/514/tcp,2af9-1837425ad,11001,gcbra0400.global.com, ,4656,ms_windows_event,security,58565d1f-8eba-45c1-b5a1-b3824a45aedf#2568,"{""id"":""58565d1f-8eba-45c1-b5a1-b3824a45aedf#2568"",""num_events"":2767,""data_type"":""passthrough"",""batch_id"":""58565d1f-8eba-45c1-b5a1-b3824a45aedf"",""batch_segment"":0,""customer_id"":""lga03"",""sequence_number"":2567,""source_type"":""json"",""target_index"":""""}",11001,s-1-5-18,gcbra0400$,{00000000-0000-0000-0000-000000000000},plugplaymanager,0x2dc,c:\windows\system32\svchost.exe,-,0x3e7,unknown specific access (bit 1)         access reasons:  -,0,plugplaysecurityobject,globalcom, , , , , , , , , , , , , , , , , , , , , , , , , , , , , 
microsoft-windows-security-auditing,success audit,directory service replication,gccol0000.global.com,127.0.0.1,MSWinEventLog	1	Security	82095	Tue May  2 11:02:42 2017	4932	Microsoft-Windows-Security-Auditing	N/A	N/A	Success Audit	gcCOL0000.global.com	Directory Service Replication		N/A	8771157,n/a,"auth,windows",2017-05-02T15:02:44.092Z,53990,172.20.80.22,ms_windows_event-2014729129,229,<14>May  2 11:02:42 gcCOL0000.global.com ,12041424834,1,0.0.0.0/514/tcp,2b05-2cdb98fc2,11013,gccol0000.global.com,2017-05-02T11:02:42.000Z,4932,ms_windows_event,security,58565d1f-8eba-45c1-b5a1-b3824a45aedf#2587,"{""id"":""58565d1f-8eba-45c1-b5a1-b3824a45aedf#2587"",""num_events"":2767,""data_type"":""passthrough"",""batch_id"":""58565d1f-8eba-45c1-b5a1-b3824a45aedf"",""batch_segment"":0,""customer_id"":""lga03"",""sequence_number"":2586,""source_type"":""json"",""target_index"":""""}",11013, , , , , , , , , , , , , , , , , , , , , , , , , , , , , , , , , , , , , , , , , 
microsoft-windows-security-auditing,success audit,logogc,gcbra0000.global.com,127.0.0.1,MSWinEventLog	1	Security	99053	Tue May  2 12:02:42 2017	4634	Microsoft-Windows-Security-Auditing	N/A	N/A	Success Audit	gcBRA0000.global.com	Logogc		N/A	19816128,n/a,"auth,windows",2017-05-02T15:02:43.776Z,64485,172.20.36.22,ms_windows_event-1377334112,207,<14>May  2 12:02:42 gcBRA0000.global.com ,6500394453,1,0.0.0.0/514/tcp,2af9-1837425d5,11001,gcbra0000.global.com,2017-05-02T12:02:42.000Z,4634,ms_windows_event,security,58565d1f-8eba-45c1-b5a1-b3824a45aedf#2590,"{""id"":""58565d1f-8eba-45c1-b5a1-b3824a45aedf#2590"",""num_events"":2767,""data_type"":""passthrough"",""batch_id"":""58565d1f-8eba-45c1-b5a1-b3824a45aedf"",""batch_segment"":0,""customer_id"":""lga03"",""sequence_number"":2589,""source_type"":""json"",""target_index"":""""}",11001, , , , , , , , , , , , , , , , , , , , , , , , , , , , , , , , , , , , , , , , , 
