source,severity,service,rawmsghostname,rawmsghostipv4,rawmsg,msg,metaclass,meta_ts,meta_sp,meta_sip4,meta_rule,meta_oml,meta_omh,meta_mid,meta_iid,meta_i,meta_cid,meta_cbid,hostname,eventtime,eventid,class,category,_eventid,__metadata__,meta_cbname,usersecurityid,username,transactionid,server,processid,process,privileges,logonid,info,handleid,filename,accountdomain,sessionid,srcport,srcipv4,protoid,application,srcisp,srcusagetype,logontypeid,description,srcipv6,srchost,authmethod,msr_ruleids,filepath,creatorprocessid,args,dstport,dstipv4,direction,dstisp,dstusagetype,weight,manufacturer,action,type,ttl,srczone,statuscode,accountname
xtia,information,n/a,gcgcp0500.global.com,127.0.0.1,MSWinEventLog	1	Application	390403	Tue May  2 11:02:26 2017	0	xTIA	N/A	N/A	Information	gcgcp0500.global.com	N/A		 >> Process integration xTIA SourceSystem 4 >> 	47950004,>> process integration xtia sourcesystem 4 >>,"auth,windows",2017-05-02T15:02:27.611Z,60470,172.25.0.7,ms_windows_event-3053450971,216,<14>May  2 11:02:26 gcgcp0500.global.com ,27946627571,0,0.0.0.0/514/tcp,2b03-681bfb1f3,11011,gcgcp0500.global.com,2017-05-02T11:02:26.000Z,0,ms_windows_event,application,00f5a207-d250-465a-943f-f7b6bac5548a#443,"{""id"":""00f5a207-d250-465a-943f-f7b6bac5548a#443"",""num_events"":3000,""data_type"":""passthrough"",""batch_id"":""00f5a207-d250-465a-943f-f7b6bac5548a"",""batch_segment"":0,""customer_id"":""lga03"",""sequence_number"":442,""source_type"":""json"",""target_index"":""""}",11011, , , , , , , , , , , , , , , , , , , , , , , , , , , , , , , , , , , , , , , , , 
microsoft-windows-security-auditing,success audit,logogc,gcsmq0002.global.com,127.0.0.1,MSWinEventLog	1	Security	2131335	Tue May  2 11:02:24 2017	4634	Microsoft-Windows-Security-Auditing	N/A	N/A	Success Audit	gcSMQ0002.global.com	Logogc		N/A	304320892,n/a,"auth,windows",2017-05-02T15:02:25.088Z,50165,172.21.14.21,ms_windows_event-1377334112,210,<14>May  2 11:02:24 gcSMQ0002.global.com ,27946626885,0,0.0.0.0/514/tcp,2b03-681bfaf45,11011,gcsmq0002.global.com,2017-05-02T11:02:24.000Z,4634,ms_windows_event,security,00f5a207-d250-465a-943f-f7b6bac5548a#526,"{""id"":""00f5a207-d250-465a-943f-f7b6bac5548a#526"",""num_events"":3000,""data_type"":""passthrough"",""batch_id"":""00f5a207-d250-465a-943f-f7b6bac5548a"",""batch_segment"":0,""customer_id"":""lga03"",""sequence_number"":525,""source_type"":""json"",""target_index"":""""}",11011, , , , , , , , , , , , , , , , , , , , , , , , , , , , , , , , , , , , , , , , , 
microsoft-windows-security-auditing,success audit,logon,gcsmq0002.global.com,127.0.0.1,MSWinEventLog	1	Security	2131338	Tue May  2 11:02:24 2017	4624	Microsoft-Windows-Security-Auditing	N/A	N/A	Success Audit	gcSMQ0002.global.com	Logon		N/A	304320895,n/a,"auth,windows",2017-05-02T15:02:25.089Z,50165,172.21.14.21,ms_windows_event-796723568,209,<14>May  2 11:02:24 gcSMQ0002.global.com ,27946626889,0,0.0.0.0/514/tcp,2b03-681bfaf49,11011,gcsmq0002.global.com,2017-05-02T11:02:24.000Z,4624,ms_windows_event,security,00f5a207-d250-465a-943f-f7b6bac5548a#527,"{""id"":""00f5a207-d250-465a-943f-f7b6bac5548a#527"",""num_events"":3000,""data_type"":""passthrough"",""batch_id"":""00f5a207-d250-465a-943f-f7b6bac5548a"",""batch_segment"":0,""customer_id"":""lga03"",""sequence_number"":526,""source_type"":""json"",""target_index"":""""}",11011, , , , , , , , , , , , , , , , , , , , , , , , , , , , , , , , , , , , , , , , , 
microsoft-windows-security-auditing,success audit,logon,gcsmq0002.global.com,127.0.0.1,MSWinEventLog	1	Security	2131340	Tue May  2 11:02:24 2017	4624	Microsoft-Windows-Security-Auditing	N/A	N/A	Success Audit	gcSMQ0002.global.com	Logon		N/A	304320897,n/a,"auth,windows",2017-05-02T15:02:25.090Z,50165,172.21.14.21,ms_windows_event-796723568,209,<14>May  2 11:02:24 gcSMQ0002.global.com ,27946626893,0,0.0.0.0/514/tcp,2b03-681bfaf4d,11011,gcsmq0002.global.com,2017-05-02T11:02:24.000Z,4624,ms_windows_event,security,00f5a207-d250-465a-943f-f7b6bac5548a#528,"{""id"":""00f5a207-d250-465a-943f-f7b6bac5548a#528"",""num_events"":3000,""data_type"":""passthrough"",""batch_id"":""00f5a207-d250-465a-943f-f7b6bac5548a"",""batch_segment"":0,""customer_id"":""lga03"",""sequence_number"":527,""source_type"":""json"",""target_index"":""""}",11011, , , , , , , , , , , , , , , , , , , , , , , , , , , , , , , , , , , , , , , , , 
microsoft-windows-security-auditing,success audit,logon,gcsmq0000.global.com,127.0.0.1,MSWinEventLog	1	Security	1629809	Tue May  2 11:02:24 2017	4624	Microsoft-Windows-Security-Auditing	N/A	N/A	Success Audit	gcSMQ0000.global.com	Logon		N/A	186394898,n/a,"auth,windows",2017-05-02T15:02:25.582Z,51131,172.21.14.20,ms_windows_event-796723568,209,<14>May  2 11:02:24 gcSMQ0000.global.com ,27946626929,0,0.0.0.0/514/tcp,2b03-681bfaf71,11011,gcsmq0000.global.com,2017-05-02T11:02:24.000Z,4624,ms_windows_event,security,00f5a207-d250-465a-943f-f7b6bac5548a#596,"{""id"":""00f5a207-d250-465a-943f-f7b6bac5548a#596"",""num_events"":3000,""data_type"":""passthrough"",""batch_id"":""00f5a207-d250-465a-943f-f7b6bac5548a"",""batch_segment"":0,""customer_id"":""lga03"",""sequence_number"":595,""source_type"":""json"",""target_index"":""""}",11011, , , , , , , , , , , , , , , , , , , , , , , , , , , , , , , , , , , , , , , , , 
microsoft-windows-security-auditing,success audit,logon,gcsmq0002.global.com,127.0.0.1,MSWinEventLog	1	Security	2131438	Tue May  2 11:02:27 2017	4624	Microsoft-Windows-Security-Auditing	N/A	N/A	Success Audit	gcSMQ0002.global.com	Logon		N/A	304320995,n/a,"auth,windows",2017-05-02T15:02:28.141Z,50165,172.21.14.21,ms_windows_event-796723568,209,<14>May  2 11:02:27 gcSMQ0002.global.com ,27946627858,0,0.0.0.0/514/tcp,2b03-681bfb312,11011,gcsmq0002.global.com,2017-05-02T11:02:27.000Z,4624,ms_windows_event,security,00f5a207-d250-465a-943f-f7b6bac5548a#616,"{""id"":""00f5a207-d250-465a-943f-f7b6bac5548a#616"",""num_events"":3000,""data_type"":""passthrough"",""batch_id"":""00f5a207-d250-465a-943f-f7b6bac5548a"",""batch_segment"":0,""customer_id"":""lga03"",""sequence_number"":615,""source_type"":""json"",""target_index"":""""}",11011, , , , , , , , , , , , , , , , , , , , , , , , , , , , , , , , , , , , , , , , , 
microsoft-windows-security-auditing,success audit,logon,gcsmq0002.global.com,127.0.0.1,MSWinEventLog	1	Security	2131446	Tue May  2 11:02:27 2017	4624	Microsoft-Windows-Security-Auditing	N/A	N/A	Success Audit	gcSMQ0002.global.com	Logon		N/A	304321003,n/a,"auth,windows",2017-05-02T15:02:28.145Z,50165,172.21.14.21,ms_windows_event-796723568,209,<14>May  2 11:02:27 gcSMQ0002.global.com ,27946627867,0,0.0.0.0/514/tcp,2b03-681bfb31b,11011,gcsmq0002.global.com,2017-05-02T11:02:27.000Z,4624,ms_windows_event,security,00f5a207-d250-465a-943f-f7b6bac5548a#618,"{""id"":""00f5a207-d250-465a-943f-f7b6bac5548a#618"",""num_events"":3000,""data_type"":""passthrough"",""batch_id"":""00f5a207-d250-465a-943f-f7b6bac5548a"",""batch_segment"":0,""customer_id"":""lga03"",""sequence_number"":617,""source_type"":""json"",""target_index"":""""}",11011, , , , , , , , , , , , , , , , , , , , , , , , , , , , , , , , , , , , , , , , , 
microsoft-windows-security-auditing,success audit,kerberos service ticket operations,gcsmq0002.global.com,127.0.0.1,MSWinEventLog	1	Security	2131448	Tue May  2 11:02:27 2017	4769	Microsoft-Windows-Security-Auditing	N/A	N/A	Success Audit	gcSMQ0002.global.com	Kerberos Service Ticket Operations		N/A	304321005,n/a,"auth,windows",2017-05-02T15:02:28.147Z,50165,172.21.14.21,ms_windows_event-2408821607,238,<14>May  2 11:02:27 gcSMQ0002.global.com ,27946627870,0,0.0.0.0/514/tcp,2b03-681bfb31e,11011,gcsmq0002.global.com,2017-05-02T11:02:27.000Z,4769,ms_windows_event,security,00f5a207-d250-465a-943f-f7b6bac5548a#619,"{""id"":""00f5a207-d250-465a-943f-f7b6bac5548a#619"",""num_events"":3000,""data_type"":""passthrough"",""batch_id"":""00f5a207-d250-465a-943f-f7b6bac5548a"",""batch_segment"":0,""customer_id"":""lga03"",""sequence_number"":618,""source_type"":""json"",""target_index"":""""}",11011, , , , , , , , , , , , , , , , , , , , , , , , , , , , , , , , , , , , , , , , , 
microsoft-windows-security-auditing,success audit,other object access events,gcmex0400.global.com,127.0.0.1,MSWinEventLog	1	Security	773388	Tue May  2 10:02:26 2017	4656	Microsoft-Windows-Security-Auditing	N/A	N/A	Success Audit	gcMEX0400.global.com	Other Object Access Events		A handle to an object was requested.    Subject:   Security ID:  S-1-5-18   Account Name:  gcMEX0400$   Account Domain:  globalcom   Logon ID:  0x3e7    Object:   Object Server:  PlugPlayManager   Object Type:  Security   Object Name:  PlugPlaySecurityObject   Handle ID:  0x0    Process Information:   Process ID:  0x2e0   Process Name:  C:\Windows\System32\svchost.exe    Access Request Information:   Transaction ID:  {00000000-0000-0000-0000-000000000000}   Accesses:  Unknown specific access (bit 1)         Access Reasons:  -   Access Mask:  0x2   Privileges Used for Access Check: -   Restricted SID Count: 0	376831433,a handle to an object was requested,"auth,windows",2017-05-02T15:02:28.072Z,64651,172.20.32.23,ms_windows_event-1655484026,846,<14>May  2 10:02:26 gcMEX0400.global.com ,2661093928,1,0.0.0.0/514/tcp,2b00-9e9d1228,11008,gcmex0400.global.com, ,4656,ms_windows_event,security,00f5a207-d250-465a-943f-f7b6bac5548a#638,"{""id"":""00f5a207-d250-465a-943f-f7b6bac5548a#638"",""num_events"":3000,""data_type"":""passthrough"",""batch_id"":""00f5a207-d250-465a-943f-f7b6bac5548a"",""batch_segment"":0,""customer_id"":""lga03"",""sequence_number"":637,""source_type"":""json"",""target_index"":""""}",11008,s-1-5-18,gcmex0400$,{00000000-0000-0000-0000-000000000000},plugplaymanager,0x2e0,c:\windows\system32\svchost.exe,-,0x3e7,unknown specific access (bit 1)         access reasons:  -,0,plugplaysecurityobject,globalcom, , , , , , , , , , , , , , , , , , , , , , , , , , , , , 
microsoft-windows-security-auditing,success audit,other object access events,gcmex0400.global.com,127.0.0.1,MSWinEventLog	1	Security	773394	Tue May  2 10:02:26 2017	4656	Microsoft-Windows-Security-Auditing	N/A	N/A	Success Audit	gcMEX0400.global.com	Other Object Access Events		A handle to an object was requested.    Subject:   Security ID:  S-1-5-18   Account Name:  gcMEX0400$   Account Domain:  globalcom   Logon ID:  0x3e7    Object:   Object Server:  PlugPlayManager   Object Type:  Security   Object Name:  PlugPlaySecurityObject   Handle ID:  0x0    Process Information:   Process ID:  0x2e0   Process Name:  C:\Windows\System32\svchost.exe    Access Request Information:   Transaction ID:  {00000000-0000-0000-0000-000000000000}   Accesses:  Unknown specific access (bit 1)         Access Reasons:  -   Access Mask:  0x2   Privileges Used for Access Check: -   Restricted SID Count: 0	376831439,a handle to an object was requested,"auth,windows",2017-05-02T15:02:28.074Z,64651,172.20.32.23,ms_windows_event-1655484026,846,<14>May  2 10:02:26 gcMEX0400.global.com ,2661093934,1,0.0.0.0/514/tcp,2b00-9e9d122e,11008,gcmex0400.global.com, ,4656,ms_windows_event,security,00f5a207-d250-465a-943f-f7b6bac5548a#794,"{""id"":""00f5a207-d250-465a-943f-f7b6bac5548a#794"",""num_events"":3000,""data_type"":""passthrough"",""batch_id"":""00f5a207-d250-465a-943f-f7b6bac5548a"",""batch_segment"":0,""customer_id"":""lga03"",""sequence_number"":793,""source_type"":""json"",""target_index"":""""}",11008,s-1-5-18,gcmex0400$,{00000000-0000-0000-0000-000000000000},plugplaymanager,0x2e0,c:\windows\system32\svchost.exe,-,0x3e7,unknown specific access (bit 1)         access reasons:  -,0,plugplaysecurityobject,globalcom, , , , , , , , , , , , , , , , , , , , , , , , , , , , , 
microsoft-windows-security-auditing,success audit,other object access events,gcmex0400.global.com,127.0.0.1,MSWinEventLog	1	Security	773397	Tue May  2 10:02:26 2017	4656	Microsoft-Windows-Security-Auditing	N/A	N/A	Success Audit	gcMEX0400.global.com	Other Object Access Events		A handle to an object was requested.    Subject:   Security ID:  S-1-5-18   Account Name:  gcMEX0400$   Account Domain:  globalcom   Logon ID:  0x3e7    Object:   Object Server:  PlugPlayManager   Object Type:  Security   Object Name:  PlugPlaySecurityObject   Handle ID:  0x0    Process Information:   Process ID:  0x2e0   Process Name:  C:\Windows\System32\svchost.exe    Access Request Information:   Transaction ID:  {00000000-0000-0000-0000-000000000000}   Accesses:  Unknown specific access (bit 1)         Access Reasons:  -   Access Mask:  0x2   Privileges Used for Access Check: -   Restricted SID Count: 0	376831442,a handle to an object was requested,"auth,windows",2017-05-02T15:02:28.076Z,64651,172.20.32.23,ms_windows_event-1655484026,846,<14>May  2 10:02:26 gcMEX0400.global.com ,2661093937,1,0.0.0.0/514/tcp,2b00-9e9d1231,11008,gcmex0400.global.com, ,4656,ms_windows_event,security,00f5a207-d250-465a-943f-f7b6bac5548a#795,"{""id"":""00f5a207-d250-465a-943f-f7b6bac5548a#795"",""num_events"":3000,""data_type"":""passthrough"",""batch_id"":""00f5a207-d250-465a-943f-f7b6bac5548a"",""batch_segment"":0,""customer_id"":""lga03"",""sequence_number"":794,""source_type"":""json"",""target_index"":""""}",11008,s-1-5-18,gcmex0400$,{00000000-0000-0000-0000-000000000000},plugplaymanager,0x2e0,c:\windows\system32\svchost.exe,-,0x3e7,unknown specific access (bit 1)         access reasons:  -,0,plugplaysecurityobject,globalcom, , , , , , , , , , , , , , , , , , , , , , , , , , , , , 
microsoft-windows-security-auditing,success audit,other object access events,gcmex0400.global.com,127.0.0.1,MSWinEventLog	1	Security	773401	Tue May  2 10:02:26 2017	4656	Microsoft-Windows-Security-Auditing	N/A	N/A	Success Audit	gcMEX0400.global.com	Other Object Access Events		A handle to an object was requested.    Subject:   Security ID:  S-1-5-18   Account Name:  gcMEX0400$   Account Domain:  globalcom   Logon ID:  0x3e7    Object:   Object Server:  PlugPlayManager   Object Type:  Security   Object Name:  PlugPlaySecurityObject   Handle ID:  0x0    Process Information:   Process ID:  0x2e0   Process Name:  C:\Windows\System32\svchost.exe    Access Request Information:   Transaction ID:  {00000000-0000-0000-0000-000000000000}   Accesses:  Unknown specific access (bit 1)         Access Reasons:  -   Access Mask:  0x2   Privileges Used for Access Check: -   Restricted SID Count: 0	376831446,a handle to an object was requested,"auth,windows",2017-05-02T15:02:28.078Z,64651,172.20.32.23,ms_windows_event-1655484026,846,<14>May  2 10:02:26 gcMEX0400.global.com ,2661093941,1,0.0.0.0/514/tcp,2b00-9e9d1235,11008,gcmex0400.global.com, ,4656,ms_windows_event,security,00f5a207-d250-465a-943f-f7b6bac5548a#796,"{""id"":""00f5a207-d250-465a-943f-f7b6bac5548a#796"",""num_events"":3000,""data_type"":""passthrough"",""batch_id"":""00f5a207-d250-465a-943f-f7b6bac5548a"",""batch_segment"":0,""customer_id"":""lga03"",""sequence_number"":795,""source_type"":""json"",""target_index"":""""}",11008,s-1-5-18,gcmex0400$,{00000000-0000-0000-0000-000000000000},plugplaymanager,0x2e0,c:\windows\system32\svchost.exe,-,0x3e7,unknown specific access (bit 1)         access reasons:  -,0,plugplaysecurityobject,globalcom, , , , , , , , , , , , , , , , , , , , , , , , , , , , , 
microsoft-windows-security-auditing,success audit,other object access events,gcmex0400.global.com,127.0.0.1,MSWinEventLog	1	Security	773404	Tue May  2 10:02:26 2017	4656	Microsoft-Windows-Security-Auditing	N/A	N/A	Success Audit	gcMEX0400.global.com	Other Object Access Events		A handle to an object was requested.    Subject:   Security ID:  S-1-5-18   Account Name:  gcMEX0400$   Account Domain:  globalcom   Logon ID:  0x3e7    Object:   Object Server:  PlugPlayManager   Object Type:  Security   Object Name:  PlugPlaySecurityObject   Handle ID:  0x0    Process Information:   Process ID:  0x2e0   Process Name:  C:\Windows\System32\svchost.exe    Access Request Information:   Transaction ID:  {00000000-0000-0000-0000-000000000000}   Accesses:  Unknown specific access (bit 1)         Access Reasons:  -   Access Mask:  0x2   Privileges Used for Access Check: -   Restricted SID Count: 0	376831449,a handle to an object was requested,"auth,windows",2017-05-02T15:02:28.079Z,64651,172.20.32.23,ms_windows_event-1655484026,846,<14>May  2 10:02:26 gcMEX0400.global.com ,2661093944,1,0.0.0.0/514/tcp,2b00-9e9d1238,11008,gcmex0400.global.com, ,4656,ms_windows_event,security,00f5a207-d250-465a-943f-f7b6bac5548a#797,"{""id"":""00f5a207-d250-465a-943f-f7b6bac5548a#797"",""num_events"":3000,""data_type"":""passthrough"",""batch_id"":""00f5a207-d250-465a-943f-f7b6bac5548a"",""batch_segment"":0,""customer_id"":""lga03"",""sequence_number"":796,""source_type"":""json"",""target_index"":""""}",11008,s-1-5-18,gcmex0400$,{00000000-0000-0000-0000-000000000000},plugplaymanager,0x2e0,c:\windows\system32\svchost.exe,-,0x3e7,unknown specific access (bit 1)         access reasons:  -,0,plugplaysecurityobject,globalcom, , , , , , , , , , , , , , , , , , , , , , , , , , , , , 
microsoft-windows-security-auditing,success audit,other object access events,gcmex0400.global.com,127.0.0.1,MSWinEventLog	1	Security	773407	Tue May  2 10:02:26 2017	4656	Microsoft-Windows-Security-Auditing	N/A	N/A	Success Audit	gcMEX0400.global.com	Other Object Access Events		A handle to an object was requested.    Subject:   Security ID:  S-1-5-18   Account Name:  gcMEX0400$   Account Domain:  globalcom   Logon ID:  0x3e7    Object:   Object Server:  PlugPlayManager   Object Type:  Security   Object Name:  PlugPlaySecurityObject   Handle ID:  0x0    Process Information:   Process ID:  0x2e0   Process Name:  C:\Windows\System32\svchost.exe    Access Request Information:   Transaction ID:  {00000000-0000-0000-0000-000000000000}   Accesses:  Unknown specific access (bit 1)         Access Reasons:  -   Access Mask:  0x2   Privileges Used for Access Check: -   Restricted SID Count: 0	376831452,a handle to an object was requested,"auth,windows",2017-05-02T15:02:28.080Z,64651,172.20.32.23,ms_windows_event-1655484026,846,<14>May  2 10:02:26 gcMEX0400.global.com ,2661093947,1,0.0.0.0/514/tcp,2b00-9e9d123b,11008,gcmex0400.global.com, ,4656,ms_windows_event,security,00f5a207-d250-465a-943f-f7b6bac5548a#798,"{""id"":""00f5a207-d250-465a-943f-f7b6bac5548a#798"",""num_events"":3000,""data_type"":""passthrough"",""batch_id"":""00f5a207-d250-465a-943f-f7b6bac5548a"",""batch_segment"":0,""customer_id"":""lga03"",""sequence_number"":797,""source_type"":""json"",""target_index"":""""}",11008,s-1-5-18,gcmex0400$,{00000000-0000-0000-0000-000000000000},plugplaymanager,0x2e0,c:\windows\system32\svchost.exe,-,0x3e7,unknown specific access (bit 1)         access reasons:  -,0,plugplaysecurityobject,globalcom, , , , , , , , , , , , , , , , , , , , , , , , , , , , , 
microsoft-windows-security-auditing,success audit,logogc,gcsmq0002.global.com,127.0.0.1,MSWinEventLog	1	Security	2131439	Tue May  2 11:02:27 2017	4634	Microsoft-Windows-Security-Auditing	N/A	N/A	Success Audit	gcSMQ0002.global.com	Logogc		N/A	304320996,n/a,"auth,windows",2017-05-02T15:02:28.142Z,50165,172.21.14.21,ms_windows_event-1377334112,210,<14>May  2 11:02:27 gcSMQ0002.global.com ,27946627859,0,0.0.0.0/514/tcp,2b03-681bfb313,11011,gcsmq0002.global.com,2017-05-02T11:02:27.000Z,4634,ms_windows_event,security,00f5a207-d250-465a-943f-f7b6bac5548a#802,"{""id"":""00f5a207-d250-465a-943f-f7b6bac5548a#802"",""num_events"":3000,""data_type"":""passthrough"",""batch_id"":""00f5a207-d250-465a-943f-f7b6bac5548a"",""batch_segment"":0,""customer_id"":""lga03"",""sequence_number"":801,""source_type"":""json"",""target_index"":""""}",11011, , , , , , , , , , , , , , , , , , , , , , , , , , , , , , , , , , , , , , , , , 
microsoft-windows-security-auditing,success audit,logogc,gcsmq0002.global.com,127.0.0.1,MSWinEventLog	1	Security	2131441	Tue May  2 11:02:27 2017	4634	Microsoft-Windows-Security-Auditing	N/A	N/A	Success Audit	gcSMQ0002.global.com	Logogc		N/A	304320998,n/a,"auth,windows",2017-05-02T15:02:28.143Z,50165,172.21.14.21,ms_windows_event-1377334112,210,<14>May  2 11:02:27 gcSMQ0002.global.com ,27946627862,0,0.0.0.0/514/tcp,2b03-681bfb316,11011,gcsmq0002.global.com,2017-05-02T11:02:27.000Z,4634,ms_windows_event,security,00f5a207-d250-465a-943f-f7b6bac5548a#803,"{""id"":""00f5a207-d250-465a-943f-f7b6bac5548a#803"",""num_events"":3000,""data_type"":""passthrough"",""batch_id"":""00f5a207-d250-465a-943f-f7b6bac5548a"",""batch_segment"":0,""customer_id"":""lga03"",""sequence_number"":802,""source_type"":""json"",""target_index"":""""}",11011, , , , , , , , , , , , , , , , , , , , , , , , , , , , , , , , , , , , , , , , , 
microsoft-windows-security-auditing,success audit,logogc,gcsmq0002.global.com,127.0.0.1,MSWinEventLog	1	Security	2131445	Tue May  2 11:02:27 2017	4634	Microsoft-Windows-Security-Auditing	N/A	N/A	Success Audit	gcSMQ0002.global.com	Logogc		N/A	304321002,n/a,"auth,windows",2017-05-02T15:02:28.144Z,50165,172.21.14.21,ms_windows_event-1377334112,210,<14>May  2 11:02:27 gcSMQ0002.global.com ,27946627866,0,0.0.0.0/514/tcp,2b03-681bfb31a,11011,gcsmq0002.global.com,2017-05-02T11:02:27.000Z,4634,ms_windows_event,security,00f5a207-d250-465a-943f-f7b6bac5548a#804,"{""id"":""00f5a207-d250-465a-943f-f7b6bac5548a#804"",""num_events"":3000,""data_type"":""passthrough"",""batch_id"":""00f5a207-d250-465a-943f-f7b6bac5548a"",""batch_segment"":0,""customer_id"":""lga03"",""sequence_number"":803,""source_type"":""json"",""target_index"":""""}",11011, , , , , , , , , , , , , , , , , , , , , , , , , , , , , , , , , , , , , , , , , 
microsoft-windows-security-auditing,success audit,directory service replication,gcculad02.global.com,127.0.0.1,"MSWinEventLog	1	Security	512777	Tue May  2 11:02:27 2017	4932	Microsoft-Windows-Security-Auditing	N/A	N/A	Success Audit	gcCULAD02.global.com	Directory Service Replication		Synchronization of a replica of an Active Directory naming context has begun.    Destination DRA: CN=NTDS Settings,CN=gcCULAD02,CN=Servers,CN=gcCUL-site,CN=Sites,CN=Configuration,DC=global,DC=com  Source DRA: CN=NTDS Settings,CN=gcCULAD01,CN=Servers,CN=gcCUL-site,CN=Sites,CN=Configuration,DC=global,DC=com  Naming Context: DC=global,DC=com  Options:  19  Session ID: 13854  Start USN: 72768112	181450451",synchronization of a replica of an active directory naming context has begun,"auth,windows",2017-05-02T15:02:27.794Z,60971,172.22.19.16,ms_windows_event-489001414,632,<14>May  2 11:02:27 gcCULAD02.global.com ,27946627689,0,0.0.0.0/514/tcp,2b03-681bfb269,11011,gcculad02.global.com,2017-05-02T11:02:27.000Z,4932,ms_windows_event,security,00f5a207-d250-465a-943f-f7b6bac5548a#819,"{""id"":""00f5a207-d250-465a-943f-f7b6bac5548a#819"",""num_events"":3000,""data_type"":""passthrough"",""batch_id"":""00f5a207-d250-465a-943f-f7b6bac5548a"",""batch_segment"":0,""customer_id"":""lga03"",""sequence_number"":818,""source_type"":""json"",""target_index"":""""}",11011, , , , , , , , , , , , ,13854, , , , , , , , , , , , , , , , , , , , , , , , , , , , 
microsoft-windows-security-auditing,success audit,logon,gcsmq0002.global.com,127.0.0.1,MSWinEventLog	1	Security	2131452	Tue May  2 11:02:27 2017	4624	Microsoft-Windows-Security-Auditing	N/A	N/A	Success Audit	gcSMQ0002.global.com	Logon		N/A	304321009,n/a,"auth,windows",2017-05-02T15:02:28.147Z,50165,172.21.14.21,ms_windows_event-796723568,209,<14>May  2 11:02:27 gcSMQ0002.global.com ,27946627874,0,0.0.0.0/514/tcp,2b03-681bfb322,11011,gcsmq0002.global.com,2017-05-02T11:02:27.000Z,4624,ms_windows_event,security,00f5a207-d250-465a-943f-f7b6bac5548a#823,"{""id"":""00f5a207-d250-465a-943f-f7b6bac5548a#823"",""num_events"":3000,""data_type"":""passthrough"",""batch_id"":""00f5a207-d250-465a-943f-f7b6bac5548a"",""batch_segment"":0,""customer_id"":""lga03"",""sequence_number"":822,""source_type"":""json"",""target_index"":""""}",11011, , , , , , , , , , , , , , , , , , , , , , , , , , , , , , , , , , , , , , , , , 
microsoft-windows-security-auditing,success audit,logogc,gcsmq0002.global.com,127.0.0.1,MSWinEventLog	1	Security	2131455	Tue May  2 11:02:27 2017	4634	Microsoft-Windows-Security-Auditing	N/A	N/A	Success Audit	gcSMQ0002.global.com	Logogc		N/A	304321012,n/a,"auth,windows",2017-05-02T15:02:28.148Z,50165,172.21.14.21,ms_windows_event-1377334112,210,<14>May  2 11:02:27 gcSMQ0002.global.com ,27946627877,0,0.0.0.0/514/tcp,2b03-681bfb325,11011,gcsmq0002.global.com,2017-05-02T11:02:27.000Z,4634,ms_windows_event,security,00f5a207-d250-465a-943f-f7b6bac5548a#824,"{""id"":""00f5a207-d250-465a-943f-f7b6bac5548a#824"",""num_events"":3000,""data_type"":""passthrough"",""batch_id"":""00f5a207-d250-465a-943f-f7b6bac5548a"",""batch_segment"":0,""customer_id"":""lga03"",""sequence_number"":823,""source_type"":""json"",""target_index"":""""}",11011, , , , , , , , , , , , , , , , , , , , , , , , , , , , , , , , , , , , , , , , , 
microsoft-windows-security-auditing,success audit,other object access events,gcmex0400.global.com,127.0.0.1,MSWinEventLog	1	Security	773375	Tue May  2 10:02:26 2017	4656	Microsoft-Windows-Security-Auditing	N/A	N/A	Success Audit	gcMEX0400.global.com	Other Object Access Events		A handle to an object was requested.    Subject:   Security ID:  S-1-5-18   Account Name:  gcMEX0400$   Account Domain:  globalcom   Logon ID:  0x3e7    Object:   Object Server:  PlugPlayManager   Object Type:  Security   Object Name:  PlugPlaySecurityObject   Handle ID:  0x0    Process Information:   Process ID:  0x2e0   Process Name:  C:\Windows\System32\svchost.exe    Access Request Information:   Transaction ID:  {00000000-0000-0000-0000-000000000000}   Accesses:  Unknown specific access (bit 1)         Access Reasons:  -   Access Mask:  0x2   Privileges Used for Access Check: -   Restricted SID Count: 0	376831420,a handle to an object was requested,"auth,windows",2017-05-02T15:02:28.065Z,64651,172.20.32.23,ms_windows_event-1655484026,846,<14>May  2 10:02:26 gcMEX0400.global.com ,2661093915,1,0.0.0.0/514/tcp,2b00-9e9d121b,11008,gcmex0400.global.com, ,4656,ms_windows_event,security,00f5a207-d250-465a-943f-f7b6bac5548a#832,"{""id"":""00f5a207-d250-465a-943f-f7b6bac5548a#832"",""num_events"":3000,""data_type"":""passthrough"",""batch_id"":""00f5a207-d250-465a-943f-f7b6bac5548a"",""batch_segment"":0,""customer_id"":""lga03"",""sequence_number"":831,""source_type"":""json"",""target_index"":""""}",11008,s-1-5-18,gcmex0400$,{00000000-0000-0000-0000-000000000000},plugplaymanager,0x2e0,c:\windows\system32\svchost.exe,-,0x3e7,unknown specific access (bit 1)         access reasons:  -,0,plugplaysecurityobject,globalcom, , , , , , , , , , , , , , , , , , , , , , , , , , , , , 
microsoft-windows-security-auditing,success audit,other object access events,gcmex0400.global.com,127.0.0.1,MSWinEventLog	1	Security	773387	Tue May  2 10:02:26 2017	4656	Microsoft-Windows-Security-Auditing	N/A	N/A	Success Audit	gcMEX0400.global.com	Other Object Access Events		A handle to an object was requested.    Subject:   Security ID:  S-1-5-18   Account Name:  gcMEX0400$   Account Domain:  globalcom   Logon ID:  0x3e7    Object:   Object Server:  PlugPlayManager   Object Type:  Security   Object Name:  PlugPlaySecurityObject   Handle ID:  0x0    Process Information:   Process ID:  0x2e0   Process Name:  C:\Windows\System32\svchost.exe    Access Request Information:   Transaction ID:  {00000000-0000-0000-0000-000000000000}   Accesses:  Unknown specific access (bit 1)         Access Reasons:  -   Access Mask:  0x2   Privileges Used for Access Check: -   Restricted SID Count: 0	376831432,a handle to an object was requested,"auth,windows",2017-05-02T15:02:28.071Z,64651,172.20.32.23,ms_windows_event-1655484026,846,<14>May  2 10:02:26 gcMEX0400.global.com ,2661093927,1,0.0.0.0/514/tcp,2b00-9e9d1227,11008,gcmex0400.global.com, ,4656,ms_windows_event,security,00f5a207-d250-465a-943f-f7b6bac5548a#835,"{""id"":""00f5a207-d250-465a-943f-f7b6bac5548a#835"",""num_events"":3000,""data_type"":""passthrough"",""batch_id"":""00f5a207-d250-465a-943f-f7b6bac5548a"",""batch_segment"":0,""customer_id"":""lga03"",""sequence_number"":834,""source_type"":""json"",""target_index"":""""}",11008,s-1-5-18,gcmex0400$,{00000000-0000-0000-0000-000000000000},plugplaymanager,0x2e0,c:\windows\system32\svchost.exe,-,0x3e7,unknown specific access (bit 1)         access reasons:  -,0,plugplaysecurityobject,globalcom, , , , , , , , , , , , , , , , , , , , , , , , , , , , , 
microsoft-windows-security-auditing,success audit,other object access events,gcmex0400.global.com,127.0.0.1,MSWinEventLog	1	Security	773393	Tue May  2 10:02:26 2017	4656	Microsoft-Windows-Security-Auditing	N/A	N/A	Success Audit	gcMEX0400.global.com	Other Object Access Events		A handle to an object was requested.    Subject:   Security ID:  S-1-5-18   Account Name:  gcMEX0400$   Account Domain:  globalcom   Logon ID:  0x3e7    Object:   Object Server:  PlugPlayManager   Object Type:  Security   Object Name:  PlugPlaySecurityObject   Handle ID:  0x0    Process Information:   Process ID:  0x2e0   Process Name:  C:\Windows\System32\svchost.exe    Access Request Information:   Transaction ID:  {00000000-0000-0000-0000-000000000000}   Accesses:  Unknown specific access (bit 1)         Access Reasons:  -   Access Mask:  0x2   Privileges Used for Access Check: -   Restricted SID Count: 0	376831438,a handle to an object was requested,"auth,windows",2017-05-02T15:02:28.074Z,64651,172.20.32.23,ms_windows_event-1655484026,846,<14>May  2 10:02:26 gcMEX0400.global.com ,2661093933,1,0.0.0.0/514/tcp,2b00-9e9d122d,11008,gcmex0400.global.com, ,4656,ms_windows_event,security,00f5a207-d250-465a-943f-f7b6bac5548a#836,"{""id"":""00f5a207-d250-465a-943f-f7b6bac5548a#836"",""num_events"":3000,""data_type"":""passthrough"",""batch_id"":""00f5a207-d250-465a-943f-f7b6bac5548a"",""batch_segment"":0,""customer_id"":""lga03"",""sequence_number"":835,""source_type"":""json"",""target_index"":""""}",11008,s-1-5-18,gcmex0400$,{00000000-0000-0000-0000-000000000000},plugplaymanager,0x2e0,c:\windows\system32\svchost.exe,-,0x3e7,unknown specific access (bit 1)         access reasons:  -,0,plugplaysecurityobject,globalcom, , , , , , , , , , , , , , , , , , , , , , , , , , , , , 
microsoft-windows-security-auditing,success audit,filtering platform connection,gcnga0400.global.com,127.0.0.1,MSWinEventLog	1	Security	995025	Tue May  2 16:02:26 2017	5158	Microsoft-Windows-Security-Auditing	N/A	N/A	Success Audit	gcNGA0400.global.com	Filtering Platform Connection		The Windows Filtering Platform has permitted a bind to a local port.    Application Information:   Process ID:  1156   Application Name: \device\harddiskvolume2\windows\system32\svchost.exe    Network Information:   Source Address:  0.0.0.0   Source Port:  64103   Protocol:  17    Filter Information:   Filter Run-Time ID: 0   Layer Name:  Resource Assignment   Layer Run-Time ID: 36	189124605,the windows filtering platform has permitted a bind to a local port,"auth,windows",2017-05-02T15:02:27.852Z,52104,172.20.48.23,ms_windows_event-1072601665,613,<14>May  2 16:02:26 gcNGA0400.global.com ,4073158507,1,0.0.0.0/514/tcp,2b01-f2c7776b,11009,gcnga0400.global.com,2017-05-02T16:02:26.000Z,5158,ms_windows_event,security,00f5a207-d250-465a-943f-f7b6bac5548a#838,"{""id"":""00f5a207-d250-465a-943f-f7b6bac5548a#838"",""num_events"":3000,""data_type"":""passthrough"",""batch_id"":""00f5a207-d250-465a-943f-f7b6bac5548a"",""batch_segment"":0,""customer_id"":""lga03"",""sequence_number"":837,""source_type"":""json"",""target_index"":""""}",11009, , , , , , , , , , , , , ,64103,0.0.0.0,17,\device\harddiskvolume2\windows\system32\svchost.exe,broadcast rfc1700,rsv, , , , , , , , , , , , , , , , , , , , , , 
microsoft-windows-security-auditing,success audit,logon,gcsmq0002.global.com,127.0.0.1,MSWinEventLog	1	Security	2131393	Tue May  2 11:02:25 2017	4624	Microsoft-Windows-Security-Auditing	N/A	N/A	Success Audit	gcSMQ0002.global.com	Logon		N/A	304320950,n/a,"auth,windows",2017-05-02T15:02:26.119Z,50165,172.21.14.21,ms_windows_event-796723568,209,<14>May  2 11:02:25 gcSMQ0002.global.com ,27946627021,0,0.0.0.0/514/tcp,2b03-681bfafcd,11011,gcsmq0002.global.com,2017-05-02T11:02:25.000Z,4624,ms_windows_event,security,00f5a207-d250-465a-943f-f7b6bac5548a#881,"{""id"":""00f5a207-d250-465a-943f-f7b6bac5548a#881"",""num_events"":3000,""data_type"":""passthrough"",""batch_id"":""00f5a207-d250-465a-943f-f7b6bac5548a"",""batch_segment"":0,""customer_id"":""lga03"",""sequence_number"":880,""source_type"":""json"",""target_index"":""""}",11011, , , , , , , , , , , , , , , , , , , , , , , , , , , , , , , , , , , , , , , , , 
microsoft-windows-security-auditing,success audit,logon,gcsmq0002.global.com,127.0.0.1,MSWinEventLog	1	Security	2131397	Tue May  2 11:02:25 2017	4624	Microsoft-Windows-Security-Auditing	N/A	N/A	Success Audit	gcSMQ0002.global.com	Logon		N/A	304320954,n/a,"auth,windows",2017-05-02T15:02:26.121Z,50165,172.21.14.21,ms_windows_event-796723568,209,<14>May  2 11:02:25 gcSMQ0002.global.com ,27946627025,0,0.0.0.0/514/tcp,2b03-681bfafd1,11011,gcsmq0002.global.com,2017-05-02T11:02:25.000Z,4624,ms_windows_event,security,00f5a207-d250-465a-943f-f7b6bac5548a#882,"{""id"":""00f5a207-d250-465a-943f-f7b6bac5548a#882"",""num_events"":3000,""data_type"":""passthrough"",""batch_id"":""00f5a207-d250-465a-943f-f7b6bac5548a"",""batch_segment"":0,""customer_id"":""lga03"",""sequence_number"":881,""source_type"":""json"",""target_index"":""""}",11011, , , , , , , , , , , , , , , , , , , , , , , , , , , , , , , , , , , , , , , , , 
microsoft-windows-security-auditing,success audit,logogc,gcsmq0002.global.com,127.0.0.1,MSWinEventLog	1	Security	2131398	Tue May  2 11:02:25 2017	4634	Microsoft-Windows-Security-Auditing	N/A	N/A	Success Audit	gcSMQ0002.global.com	Logogc		N/A	304320955,n/a,"auth,windows",2017-05-02T15:02:26.121Z,50165,172.21.14.21,ms_windows_event-1377334112,210,<14>May  2 11:02:25 gcSMQ0002.global.com ,27946627026,0,0.0.0.0/514/tcp,2b03-681bfafd2,11011,gcsmq0002.global.com,2017-05-02T11:02:25.000Z,4634,ms_windows_event,security,00f5a207-d250-465a-943f-f7b6bac5548a#886,"{""id"":""00f5a207-d250-465a-943f-f7b6bac5548a#886"",""num_events"":3000,""data_type"":""passthrough"",""batch_id"":""00f5a207-d250-465a-943f-f7b6bac5548a"",""batch_segment"":0,""customer_id"":""lga03"",""sequence_number"":885,""source_type"":""json"",""target_index"":""""}",11011, , , , , , , , , , , , , , , , , , , , , , , , , , , , , , , , , , , , , , , , , 
microsoft-windows-security-auditing,success audit,filtering platform connection,gcegy0400.global.com,127.0.0.1,MSWinEventLog	1	Security	1078826	Tue May  2 17:02:25 2017	5158	Microsoft-Windows-Security-Auditing	N/A	N/A	Success Audit	gcEGY0400.global.com	Filtering Platform Connection		The Windows Filtering Platform has permitted a bind to a local port.    Application Information:   Process ID:  636   Application Name: \device\harddiskvolume2\windows\system32\lsass.exe    Network Information:   Source Address:  0.0.0.0   Source Port:  54835   Protocol:  6    Filter Information:   Filter Run-Time ID: 0   Layer Name:  Resource Assignment   Layer Run-Time ID: 36	169322666,the windows filtering platform has permitted a bind to a local port,"auth,windows",2017-05-02T15:02:26.695Z,62367,172.20.40.23,ms_windows_event-1072601665,610,<14>May  2 17:02:25 gcEGY0400.global.com ,192247776,1,0.0.0.0/514/tcp,2afc-b7577e0,11004,gcegy0400.global.com,2017-05-02T17:02:25.000Z,5158,ms_windows_event,security,00f5a207-d250-465a-943f-f7b6bac5548a#927,"{""id"":""00f5a207-d250-465a-943f-f7b6bac5548a#927"",""num_events"":3000,""data_type"":""passthrough"",""batch_id"":""00f5a207-d250-465a-943f-f7b6bac5548a"",""batch_segment"":0,""customer_id"":""lga03"",""sequence_number"":926,""source_type"":""json"",""target_index"":""""}",11004, , , , , , , , , , , , , ,54835,0.0.0.0,6,\device\harddiskvolume2\windows\system32\lsass.exe,broadcast rfc1700,rsv, , , , , , , , , , , , , , , , , , , , , , 
microsoft-windows-security-auditing,success audit,other object access events,gcmex0400.global.com,127.0.0.1,MSWinEventLog	1	Security	773368	Tue May  2 10:02:26 2017	4656	Microsoft-Windows-Security-Auditing	N/A	N/A	Success Audit	gcMEX0400.global.com	Other Object Access Events		A handle to an object was requested.    Subject:   Security ID:  S-1-5-18   Account Name:  gcMEX0400$   Account Domain:  globalcom   Logon ID:  0x3e7    Object:   Object Server:  PlugPlayManager   Object Type:  Security   Object Name:  PlugPlaySecurityObject   Handle ID:  0x0    Process Information:   Process ID:  0x2e0   Process Name:  C:\Windows\System32\svchost.exe    Access Request Information:   Transaction ID:  {00000000-0000-0000-0000-000000000000}   Accesses:  Unknown specific access (bit 1)         Access Reasons:  -   Access Mask:  0x2   Privileges Used for Access Check: -   Restricted SID Count: 0	376831413,a handle to an object was requested,"auth,windows",2017-05-02T15:02:28.061Z,64651,172.20.32.23,ms_windows_event-1655484026,846,<14>May  2 10:02:26 gcMEX0400.global.com ,2661093908,1,0.0.0.0/514/tcp,2b00-9e9d1214,11008,gcmex0400.global.com, ,4656,ms_windows_event,security,00f5a207-d250-465a-943f-f7b6bac5548a#984,"{""id"":""00f5a207-d250-465a-943f-f7b6bac5548a#984"",""num_events"":3000,""data_type"":""passthrough"",""batch_id"":""00f5a207-d250-465a-943f-f7b6bac5548a"",""batch_segment"":0,""customer_id"":""lga03"",""sequence_number"":983,""source_type"":""json"",""target_index"":""""}",11008,s-1-5-18,gcmex0400$,{00000000-0000-0000-0000-000000000000},plugplaymanager,0x2e0,c:\windows\system32\svchost.exe,-,0x3e7,unknown specific access (bit 1)         access reasons:  -,0,plugplaysecurityobject,globalcom, , , , , , , , , , , , , , , , , , , , , , , , , , , , , 
microsoft-windows-security-auditing,success audit,other object access events,gcmex0400.global.com,127.0.0.1,MSWinEventLog	1	Security	773371	Tue May  2 10:02:26 2017	4656	Microsoft-Windows-Security-Auditing	N/A	N/A	Success Audit	gcMEX0400.global.com	Other Object Access Events		A handle to an object was requested.    Subject:   Security ID:  S-1-5-18   Account Name:  gcMEX0400$   Account Domain:  globalcom   Logon ID:  0x3e7    Object:   Object Server:  PlugPlayManager   Object Type:  Security   Object Name:  PlugPlaySecurityObject   Handle ID:  0x0    Process Information:   Process ID:  0x2e0   Process Name:  C:\Windows\System32\svchost.exe    Access Request Information:   Transaction ID:  {00000000-0000-0000-0000-000000000000}   Accesses:  Unknown specific access (bit 1)         Access Reasons:  -   Access Mask:  0x2   Privileges Used for Access Check: -   Restricted SID Count: 0	376831416,a handle to an object was requested,"auth,windows",2017-05-02T15:02:28.062Z,64651,172.20.32.23,ms_windows_event-1655484026,846,<14>May  2 10:02:26 gcMEX0400.global.com ,2661093911,1,0.0.0.0/514/tcp,2b00-9e9d1217,11008,gcmex0400.global.com, ,4656,ms_windows_event,security,00f5a207-d250-465a-943f-f7b6bac5548a#985,"{""id"":""00f5a207-d250-465a-943f-f7b6bac5548a#985"",""num_events"":3000,""data_type"":""passthrough"",""batch_id"":""00f5a207-d250-465a-943f-f7b6bac5548a"",""batch_segment"":0,""customer_id"":""lga03"",""sequence_number"":984,""source_type"":""json"",""target_index"":""""}",11008,s-1-5-18,gcmex0400$,{00000000-0000-0000-0000-000000000000},plugplaymanager,0x2e0,c:\windows\system32\svchost.exe,-,0x3e7,unknown specific access (bit 1)         access reasons:  -,0,plugplaysecurityobject,globalcom, , , , , , , , , , , , , , , , , , , , , , , , , , , , , 
microsoft-windows-security-auditing,success audit,other object access events,gcmex0400.global.com,127.0.0.1,MSWinEventLog	1	Security	773382	Tue May  2 10:02:26 2017	4656	Microsoft-Windows-Security-Auditing	N/A	N/A	Success Audit	gcMEX0400.global.com	Other Object Access Events		A handle to an object was requested.    Subject:   Security ID:  S-1-5-18   Account Name:  gcMEX0400$   Account Domain:  globalcom   Logon ID:  0x3e7    Object:   Object Server:  PlugPlayManager   Object Type:  Security   Object Name:  PlugPlaySecurityObject   Handle ID:  0x0    Process Information:   Process ID:  0x2e0   Process Name:  C:\Windows\System32\svchost.exe    Access Request Information:   Transaction ID:  {00000000-0000-0000-0000-000000000000}   Accesses:  Unknown specific access (bit 1)         Access Reasons:  -   Access Mask:  0x2   Privileges Used for Access Check: -   Restricted SID Count: 0	376831427,a handle to an object was requested,"auth,windows",2017-05-02T15:02:28.068Z,64651,172.20.32.23,ms_windows_event-1655484026,846,<14>May  2 10:02:26 gcMEX0400.global.com ,2661093922,1,0.0.0.0/514/tcp,2b00-9e9d1222,11008,gcmex0400.global.com, ,4656,ms_windows_event,security,00f5a207-d250-465a-943f-f7b6bac5548a#988,"{""id"":""00f5a207-d250-465a-943f-f7b6bac5548a#988"",""num_events"":3000,""data_type"":""passthrough"",""batch_id"":""00f5a207-d250-465a-943f-f7b6bac5548a"",""batch_segment"":0,""customer_id"":""lga03"",""sequence_number"":987,""source_type"":""json"",""target_index"":""""}",11008,s-1-5-18,gcmex0400$,{00000000-0000-0000-0000-000000000000},plugplaymanager,0x2e0,c:\windows\system32\svchost.exe,-,0x3e7,unknown specific access (bit 1)         access reasons:  -,0,plugplaysecurityobject,globalcom, , , , , , , , , , , , , , , , , , , , , , , , , , , , , 
microsoft-windows-security-auditing,success audit,kerberos service ticket operations,gcsmq0002.global.com,127.0.0.1,MSWinEventLog	1	Security	2131409	Tue May  2 11:02:26 2017	4769	Microsoft-Windows-Security-Auditing	N/A	N/A	Success Audit	gcSMQ0002.global.com	Kerberos Service Ticket Operations		N/A	304320966,n/a,"auth,windows",2017-05-02T15:02:27.123Z,50165,172.21.14.21,ms_windows_event-2408821607,238,<14>May  2 11:02:26 gcSMQ0002.global.com ,27946627178,0,0.0.0.0/514/tcp,2b03-681bfb06a,11011,gcsmq0002.global.com,2017-05-02T11:02:26.000Z,4769,ms_windows_event,security,00f5a207-d250-465a-943f-f7b6bac5548a#1029,"{""id"":""00f5a207-d250-465a-943f-f7b6bac5548a#1029"",""num_events"":3000,""data_type"":""passthrough"",""batch_id"":""00f5a207-d250-465a-943f-f7b6bac5548a"",""batch_segment"":0,""customer_id"":""lga03"",""sequence_number"":1028,""source_type"":""json"",""target_index"":""""}",11011, , , , , , , , , , , , , , , , , , , , , , , , , , , , , , , , , , , , , , , , , 
microsoft-windows-security-auditing,success audit,logon,gcsmq0002.global.com,127.0.0.1,MSWinEventLog	1	Security	2131410	Tue May  2 11:02:26 2017	4624	Microsoft-Windows-Security-Auditing	N/A	N/A	Success Audit	gcSMQ0002.global.com	Logon		N/A	304320967,n/a,"auth,windows",2017-05-02T15:02:27.123Z,50165,172.21.14.21,ms_windows_event-796723568,209,<14>May  2 11:02:26 gcSMQ0002.global.com ,27946627179,0,0.0.0.0/514/tcp,2b03-681bfb06b,11011,gcsmq0002.global.com,2017-05-02T11:02:26.000Z,4624,ms_windows_event,security,00f5a207-d250-465a-943f-f7b6bac5548a#1055,"{""id"":""00f5a207-d250-465a-943f-f7b6bac5548a#1055"",""num_events"":3000,""data_type"":""passthrough"",""batch_id"":""00f5a207-d250-465a-943f-f7b6bac5548a"",""batch_segment"":0,""customer_id"":""lga03"",""sequence_number"":1054,""source_type"":""json"",""target_index"":""""}",11011, , , , , , , , , , , , , , , , , , , , , , , , , , , , , , , , , , , , , , , , , 
microsoft-windows-security-auditing,success audit,logon,gcsmq0002.global.com,127.0.0.1,MSWinEventLog	1	Security	2131414	Tue May  2 11:02:26 2017	4624	Microsoft-Windows-Security-Auditing	N/A	N/A	Success Audit	gcSMQ0002.global.com	Logon		N/A	304320971,n/a,"auth,windows",2017-05-02T15:02:27.124Z,50165,172.21.14.21,ms_windows_event-796723568,209,<14>May  2 11:02:26 gcSMQ0002.global.com ,27946627186,0,0.0.0.0/514/tcp,2b03-681bfb072,11011,gcsmq0002.global.com,2017-05-02T11:02:26.000Z,4624,ms_windows_event,security,00f5a207-d250-465a-943f-f7b6bac5548a#1057,"{""id"":""00f5a207-d250-465a-943f-f7b6bac5548a#1057"",""num_events"":3000,""data_type"":""passthrough"",""batch_id"":""00f5a207-d250-465a-943f-f7b6bac5548a"",""batch_segment"":0,""customer_id"":""lga03"",""sequence_number"":1056,""source_type"":""json"",""target_index"":""""}",11011, , , , , , , , , , , , , , , , , , , , , , , , , , , , , , , , , , , , , , , , , 
microsoft-windows-security-auditing,success audit,other object access events,gcmex0400.global.com,127.0.0.1,MSWinEventLog	1	Security	773343	Tue May  2 10:02:26 2017	4656	Microsoft-Windows-Security-Auditing	N/A	N/A	Success Audit	gcMEX0400.global.com	Other Object Access Events		A handle to an object was requested.    Subject:   Security ID:  S-1-5-18   Account Name:  gcMEX0400$   Account Domain:  globalcom   Logon ID:  0x3e7    Object:   Object Server:  PlugPlayManager   Object Type:  Security   Object Name:  PlugPlaySecurityObject   Handle ID:  0x0    Process Information:   Process ID:  0x2e0   Process Name:  C:\Windows\System32\svchost.exe    Access Request Information:   Transaction ID:  {00000000-0000-0000-0000-000000000000}   Accesses:  Unknown specific access (bit 1)         Access Reasons:  -   Access Mask:  0x2   Privileges Used for Access Check: -   Restricted SID Count: 0	376831388,a handle to an object was requested,"auth,windows",2017-05-02T15:02:28.047Z,64651,172.20.32.23,ms_windows_event-1655484026,846,<14>May  2 10:02:26 gcMEX0400.global.com ,2661093883,1,0.0.0.0/514/tcp,2b00-9e9d11fb,11008,gcmex0400.global.com, ,4656,ms_windows_event,security,00f5a207-d250-465a-943f-f7b6bac5548a#1084,"{""id"":""00f5a207-d250-465a-943f-f7b6bac5548a#1084"",""num_events"":3000,""data_type"":""passthrough"",""batch_id"":""00f5a207-d250-465a-943f-f7b6bac5548a"",""batch_segment"":0,""customer_id"":""lga03"",""sequence_number"":1083,""source_type"":""json"",""target_index"":""""}",11008,s-1-5-18,gcmex0400$,{00000000-0000-0000-0000-000000000000},plugplaymanager,0x2e0,c:\windows\system32\svchost.exe,-,0x3e7,unknown specific access (bit 1)         access reasons:  -,0,plugplaysecurityobject,globalcom, , , , , , , , , , , , , , , , , , , , , , , , , , , , , 
microsoft-windows-security-auditing,success audit,other object access events,gcmex0400.global.com,127.0.0.1,MSWinEventLog	1	Security	773351	Tue May  2 10:02:26 2017	4656	Microsoft-Windows-Security-Auditing	N/A	N/A	Success Audit	gcMEX0400.global.com	Other Object Access Events		A handle to an object was requested.    Subject:   Security ID:  S-1-5-18   Account Name:  gcMEX0400$   Account Domain:  globalcom   Logon ID:  0x3e7    Object:   Object Server:  PlugPlayManager   Object Type:  Security   Object Name:  PlugPlaySecurityObject   Handle ID:  0x0    Process Information:   Process ID:  0x2e0   Process Name:  C:\Windows\System32\svchost.exe    Access Request Information:   Transaction ID:  {00000000-0000-0000-0000-000000000000}   Accesses:  Unknown specific access (bit 1)         Access Reasons:  -   Access Mask:  0x2   Privileges Used for Access Check: -   Restricted SID Count: 0	376831396,a handle to an object was requested,"auth,windows",2017-05-02T15:02:28.052Z,64651,172.20.32.23,ms_windows_event-1655484026,846,<14>May  2 10:02:26 gcMEX0400.global.com ,2661093891,1,0.0.0.0/514/tcp,2b00-9e9d1203,11008,gcmex0400.global.com, ,4656,ms_windows_event,security,00f5a207-d250-465a-943f-f7b6bac5548a#1086,"{""id"":""00f5a207-d250-465a-943f-f7b6bac5548a#1086"",""num_events"":3000,""data_type"":""passthrough"",""batch_id"":""00f5a207-d250-465a-943f-f7b6bac5548a"",""batch_segment"":0,""customer_id"":""lga03"",""sequence_number"":1085,""source_type"":""json"",""target_index"":""""}",11008,s-1-5-18,gcmex0400$,{00000000-0000-0000-0000-000000000000},plugplaymanager,0x2e0,c:\windows\system32\svchost.exe,-,0x3e7,unknown specific access (bit 1)         access reasons:  -,0,plugplaysecurityobject,globalcom, , , , , , , , , , , , , , , , , , , , , , , , , , , , , 
microsoft-windows-security-auditing,success audit,other object access events,gcmex0400.global.com,127.0.0.1,MSWinEventLog	1	Security	773359	Tue May  2 10:02:26 2017	4656	Microsoft-Windows-Security-Auditing	N/A	N/A	Success Audit	gcMEX0400.global.com	Other Object Access Events		A handle to an object was requested.    Subject:   Security ID:  S-1-5-18   Account Name:  gcMEX0400$   Account Domain:  globalcom   Logon ID:  0x3e7    Object:   Object Server:  PlugPlayManager   Object Type:  Security   Object Name:  PlugPlaySecurityObject   Handle ID:  0x0    Process Information:   Process ID:  0x2e0   Process Name:  C:\Windows\System32\svchost.exe    Access Request Information:   Transaction ID:  {00000000-0000-0000-0000-000000000000}   Accesses:  Unknown specific access (bit 1)         Access Reasons:  -   Access Mask:  0x2   Privileges Used for Access Check: -   Restricted SID Count: 0	376831404,a handle to an object was requested,"auth,windows",2017-05-02T15:02:28.056Z,64651,172.20.32.23,ms_windows_event-1655484026,846,<14>May  2 10:02:26 gcMEX0400.global.com ,2661093899,1,0.0.0.0/514/tcp,2b00-9e9d120b,11008,gcmex0400.global.com, ,4656,ms_windows_event,security,00f5a207-d250-465a-943f-f7b6bac5548a#1088,"{""id"":""00f5a207-d250-465a-943f-f7b6bac5548a#1088"",""num_events"":3000,""data_type"":""passthrough"",""batch_id"":""00f5a207-d250-465a-943f-f7b6bac5548a"",""batch_segment"":0,""customer_id"":""lga03"",""sequence_number"":1087,""source_type"":""json"",""target_index"":""""}",11008,s-1-5-18,gcmex0400$,{00000000-0000-0000-0000-000000000000},plugplaymanager,0x2e0,c:\windows\system32\svchost.exe,-,0x3e7,unknown specific access (bit 1)         access reasons:  -,0,plugplaysecurityobject,globalcom, , , , , , , , , , , , , , , , , , , , , , , , , , , , , 
