microsoft-windows-security-auditing,success audit,logogc,gcbra0000.global.com,127.0.0.1,MSWinEventLog	1	Security	99059	Tue May  2 12:02:42 2017	4634	Microsoft-Windows-Security-Auditing	N/A	N/A	Success Audit	gcBRA0000.global.com	Logogc		N/A	19816134,n/a,"auth,windows",2017-05-02T15:02:43.778Z,64485,172.20.36.22,ms_windows_event-1377334112,207,<14>May  2 12:02:42 gcBRA0000.global.com ,6500394459,1,0.0.0.0/514/tcp,2af9-1837425db,11001,gcbra0000.global.com,2017-05-02T12:02:42.000Z,4634,ms_windows_event,security,58565d1f-8eba-45c1-b5a1-b3824a45aedf#2591,"{""id"":""58565d1f-8eba-45c1-b5a1-b3824a45aedf#2591"",""num_events"":2767,""data_type"":""passthrough"",""batch_id"":""58565d1f-8eba-45c1-b5a1-b3824a45aedf"",""batch_segment"":0,""customer_id"":""lga03"",""sequence_number"":2590,""source_type"":""json"",""target_index"":""""}",11001, , , , , , , , , , , , , , , , , , , , , , , , , , , , , , , , , , , , , , , , , 
microsoft-windows-security-auditing,success audit,detailed file share,gcbra0400.global.com,127.0.0.1,MSWinEventLog	1	Security	566868	Tue May  2 12:02:43 2017	5145	Microsoft-Windows-Security-Auditing	N/A	N/A	Success Audit	gcBRA0400.global.com	Detailed File Share		A network share object was checked to see whether client can be granted desired access.     Subject:   Security ID:  S-1-5-21-2029550947-1910908428-336986018-27183   Account Name:  gcSMQ0601$   Account Domain:  globalcom   Logon ID:  0x6706309    Network Information:    Object Type:  File   Source Address:  172.21.19.25   Source Port:  58169     Share Information:   Share Name:  \\*\U$   Share Path:  \??\U:\   Relative Target Name: SMS    Access Request Information:   Access Mask:  0x100081   Accesses:  SYNCHRONIZE      ReadData (or ListDirectory)      ReadAttributes        Access Check Results:   -  	457188745,a network share object was checked to see whether client can be granted desired access,"auth,windows",2017-05-02T15:02:44.107Z,50311,172.20.36.23,ms_windows_event-527129100,832,<14>May  2 12:02:43 gcBRA0400.global.com ,6500394485,1,0.0.0.0/514/tcp,2af9-1837425f5,11001,gcbra0400.global.com,2017-05-02T12:02:43.000Z,5145,ms_windows_event,security,58565d1f-8eba-45c1-b5a1-b3824a45aedf#2597,"{""id"":""58565d1f-8eba-45c1-b5a1-b3824a45aedf#2597"",""num_events"":2767,""data_type"":""passthrough"",""batch_id"":""58565d1f-8eba-45c1-b5a1-b3824a45aedf"",""batch_segment"":0,""customer_id"":""lga03"",""sequence_number"":2596,""source_type"":""json"",""target_index"":""""}",11001,s-1-5-21-2029550947-1910908428-336986018-27183,gcsmq0601$, , , , , ,0x6706309,synchronize      readdata (or listdirectory)      readattributes, ,\\*\u$,globalcom, ,58169,172.21.19.25, , ,private ip address lan,rsv, , , , , , ,\??\u:\, , , , , , , , , , , , , , , 
microsoft-windows-security-auditing,success audit,logon,gcbrw0000.global.com,127.0.0.1,"MSWinEventLog	1	Security	796466	Tue May  2 11:02:49 2017	4624	Microsoft-Windows-Security-Auditing	N/A	N/A	Success Audit	gcBRW0000.global.com	Logon		An account was successfully logged on.    Subject:   Security ID:  S-1-0-0   Account Name:  -   Account Domain:  -   Logon ID:  0x0    Logon Type:   3    Impersonation Level:  Impersonation    New Logon:   Security ID:  S-1-5-21-2029550947-1910908428-336986018-39703   Account Name:  NYCLT5367C$   Account Domain:  globalcom   Logon ID:  0x9F8407E   Logon GUID:  {A2F6BCAC-6076-3F6B-D265-8402B4268CBD}    Process Information:   Process ID:  0x0   Process Name:  -    Network Information:   Workstation Name:    Source Network Address: 172.24.32.138   Source Port:  51214    Detailed Authentication Information:   Logon Process:  Kerberos   Authentication Package: Kerberos   Transited Services: -   Package Name (NTLM only): -   Key Length:  0    This event is generated when a logon session is created. It is generated on the computer that was accessed.    The subject fields indicate the account on the local system which requested the logon. This is most commonly a service such as the Server service, or a local process such as Winlogon.exe or Services.exe.    The logon type field indicates the kind of logon that occurred. The most common types are 2 (interactive) and 3 (network).    The New Logon fields indicate the account for whom the new logon was created, i.e. the account that was logged on.    The network fields indicate where a remote logon request originated. Workstation name is not always available and may be left blank in some cases.    The impersonation level field indicates the extent to which a process in the logon session can impersonate.    The authentication information fields provide detailed information about this specific logon request.   - Logon GUID is a unique identifier that can be used to correlate this event with a KDC event.   - Transited services indicate which intermediate services have participated in this logon request.   - Package name indicates which sub-protocol was used among the NTLM protocols.   - Key length indicates the length of the generated session key. This will be 0 if no session key was requested.	64591175",an account was successfully logged on,"auth,windows",2017-05-02T15:04:47.852Z,54837,172.24.19.20,ms_windows_event-3795724934,2273,<14>May  2 11:02:49 gcBRW0000.global.com ,3969020694,1,0.0.0.0/514/tcp,2b04-ec927316,11012,gcbrw0000.global.com,2017-05-02T11:02:49.000Z,4624,ms_windows_event,security,58565d1f-8eba-45c1-b5a1-b3824a45aedf#2637,"{""id"":""58565d1f-8eba-45c1-b5a1-b3824a45aedf#2637"",""num_events"":2759,""data_type"":""passthrough"",""batch_id"":""58565d1f-8eba-45c1-b5a1-b3824a45aedf"",""batch_segment"":0,""customer_id"":""lga03"",""sequence_number"":2636,""source_type"":""json"",""target_index"":""""}",11012,s-1-5-21-2029550947-1910908428-336986018-39703,nyclt5367c$, , ,0x0,-, ,0x9f8407e, , , ,globalcom, ,51214,172.24.32.138, , ,private ip address lan,rsv,3,this event is generated when a logon session is created, ,,kerberos,"[""1.1.1521""]", , , , , , , , , , , , , , , , 
microsoft-windows-security-auditing,success audit,logon,gcbrw0000.global.com,127.0.0.1,"MSWinEventLog	1	Security	796434	Tue May  2 11:02:48 2017	4624	Microsoft-Windows-Security-Auditing	N/A	N/A	Success Audit	gcBRW0000.global.com	Logon		An account was successfully logged on.    Subject:   Security ID:  S-1-0-0   Account Name:  -   Account Domain:  -   Logon ID:  0x0    Logon Type:   3    Impersonation Level:  Impersonation    New Logon:   Security ID:  S-1-5-21-2029550947-1910908428-336986018-24690   Account Name:  w.kelley   Account Domain:  globalcom   Logon ID:  0x9F83BE9   Logon GUID:  {CD67102A-6BC9-917B-1604-7A080EEFA89D}    Process Information:   Process ID:  0x0   Process Name:  -    Network Information:   Workstation Name:    Source Network Address: 172.24.32.122   Source Port:  52059    Detailed Authentication Information:   Logon Process:  Kerberos   Authentication Package: Kerberos   Transited Services: -   Package Name (NTLM only): -   Key Length:  0    This event is generated when a logon session is created. It is generated on the computer that was accessed.    The subject fields indicate the account on the local system which requested the logon. This is most commonly a service such as the Server service, or a local process such as Winlogon.exe or Services.exe.    The logon type field indicates the kind of logon that occurred. The most common types are 2 (interactive) and 3 (network).    The New Logon fields indicate the account for whom the new logon was created, i.e. the account that was logged on.    The network fields indicate where a remote logon request originated. Workstation name is not always available and may be left blank in some cases.    The impersonation level field indicates the extent to which a process in the logon session can impersonate.    The authentication information fields provide detailed information about this specific logon request.   - Logon GUID is a unique identifier that can be used to correlate this event with a KDC event.   - Transited services indicate which intermediate services have participated in this logon request.   - Package name indicates which sub-protocol was used among the NTLM protocols.   - Key length indicates the length of the generated session key. This will be 0 if no session key was requested.	64591143",an account was successfully logged on,"auth,windows",2017-05-02T15:04:46.839Z,54837,172.24.19.20,ms_windows_event-3795724934,2270,<14>May  2 11:02:48 gcBRW0000.global.com ,3969020329,1,0.0.0.0/514/tcp,2b04-ec9271a9,11012,gcbrw0000.global.com,2017-05-02T11:02:48.000Z,4624,ms_windows_event,security,58565d1f-8eba-45c1-b5a1-b3824a45aedf#2667,"{""id"":""58565d1f-8eba-45c1-b5a1-b3824a45aedf#2667"",""num_events"":2759,""data_type"":""passthrough"",""batch_id"":""58565d1f-8eba-45c1-b5a1-b3824a45aedf"",""batch_segment"":0,""customer_id"":""lga03"",""sequence_number"":2666,""source_type"":""json"",""target_index"":""""}",11012,s-1-5-21-2029550947-1910908428-336986018-24690,w.kelley, , ,0x0,-, ,0x9f83be9, , , ,globalcom, ,52059,172.24.32.122, , ,private ip address lan,rsv,3,this event is generated when a logon session is created, ,,kerberos,"[""1.1.1521"",""1.1.1552""]", , , , , , , , , , , , , , , , 
microsoft-windows-security-auditing,success audit,logon,gcbrw0000.global.com,127.0.0.1,"MSWinEventLog	1	Security	796439	Tue May  2 11:02:48 2017	4624	Microsoft-Windows-Security-Auditing	N/A	N/A	Success Audit	gcBRW0000.global.com	Logon		An account was successfully logged on.    Subject:   Security ID:  S-1-0-0   Account Name:  -   Account Domain:  -   Logon ID:  0x0    Logon Type:   3    Impersonation Level:  Impersonation    New Logon:   Security ID:  S-1-5-21-2029550947-1910908428-336986018-23974   Account Name:  E.Oleary   Account Domain:  globalcom   Logon ID:  0x9F83C20   Logon GUID:  {FB1CBB26-ABB7-4953-82D5-69776810549E}    Process Information:   Process ID:  0x0   Process Name:  -    Network Information:   Workstation Name:    Source Network Address: 172.24.40.44   Source Port:  51604    Detailed Authentication Information:   Logon Process:  Kerberos   Authentication Package: Kerberos   Transited Services: -   Package Name (NTLM only): -   Key Length:  0    This event is generated when a logon session is created. It is generated on the computer that was accessed.    The subject fields indicate the account on the local system which requested the logon. This is most commonly a service such as the Server service, or a local process such as Winlogon.exe or Services.exe.    The logon type field indicates the kind of logon that occurred. The most common types are 2 (interactive) and 3 (network).    The New Logon fields indicate the account for whom the new logon was created, i.e. the account that was logged on.    The network fields indicate where a remote logon request originated. Workstation name is not always available and may be left blank in some cases.    The impersonation level field indicates the extent to which a process in the logon session can impersonate.    The authentication information fields provide detailed information about this specific logon request.   - Logon GUID is a unique identifier that can be used to correlate this event with a KDC event.   - Transited services indicate which intermediate services have participated in this logon request.   - Package name indicates which sub-protocol was used among the NTLM protocols.   - Key length indicates the length of the generated session key. This will be 0 if no session key was requested.	64591148",an account was successfully logged on,"auth,windows",2017-05-02T15:04:46.842Z,54837,172.24.19.20,ms_windows_event-3795724934,2269,<14>May  2 11:02:48 gcBRW0000.global.com ,3969020335,1,0.0.0.0/514/tcp,2b04-ec9271af,11012,gcbrw0000.global.com,2017-05-02T11:02:48.000Z,4624,ms_windows_event,security,58565d1f-8eba-45c1-b5a1-b3824a45aedf#2668,"{""id"":""58565d1f-8eba-45c1-b5a1-b3824a45aedf#2668"",""num_events"":2759,""data_type"":""passthrough"",""batch_id"":""58565d1f-8eba-45c1-b5a1-b3824a45aedf"",""batch_segment"":0,""customer_id"":""lga03"",""sequence_number"":2667,""source_type"":""json"",""target_index"":""""}",11012,s-1-5-21-2029550947-1910908428-336986018-23974,e.oleary, , ,0x0,-, ,0x9f83c20, , , ,globalcom, ,51604,172.24.40.44, , ,private ip address lan,rsv,3,this event is generated when a logon session is created, ,,kerberos,"[""1.1.1521"",""1.1.1552""]", , , , , , , , , , , , , , , , 
microsoft-windows-security-auditing,success audit,logon,gcbrw0000.global.com,127.0.0.1,"MSWinEventLog	1	Security	796447	Tue May  2 11:02:48 2017	4624	Microsoft-Windows-Security-Auditing	N/A	N/A	Success Audit	gcBRW0000.global.com	Logon		An account was successfully logged on.    Subject:   Security ID:  S-1-0-0   Account Name:  -   Account Domain:  -   Logon ID:  0x0    Logon Type:   3    Impersonation Level:  Impersonation    New Logon:   Security ID:  S-1-5-21-2029550947-1910908428-336986018-24690   Account Name:  w.kelley   Account Domain:  globalcom   Logon ID:  0x9F83CC0   Logon GUID:  {CD67102A-6BC9-917B-1604-7A080EEFA89D}    Process Information:   Process ID:  0x0   Process Name:  -    Network Information:   Workstation Name:    Source Network Address: 172.24.32.122   Source Port:  52061    Detailed Authentication Information:   Logon Process:  Kerberos   Authentication Package: Kerberos   Transited Services: -   Package Name (NTLM only): -   Key Length:  0    This event is generated when a logon session is created. It is generated on the computer that was accessed.    The subject fields indicate the account on the local system which requested the logon. This is most commonly a service such as the Server service, or a local process such as Winlogon.exe or Services.exe.    The logon type field indicates the kind of logon that occurred. The most common types are 2 (interactive) and 3 (network).    The New Logon fields indicate the account for whom the new logon was created, i.e. the account that was logged on.    The network fields indicate where a remote logon request originated. Workstation name is not always available and may be left blank in some cases.    The impersonation level field indicates the extent to which a process in the logon session can impersonate.    The authentication information fields provide detailed information about this specific logon request.   - Logon GUID is a unique identifier that can be used to correlate this event with a KDC event.   - Transited services indicate which intermediate services have participated in this logon request.   - Package name indicates which sub-protocol was used among the NTLM protocols.   - Key length indicates the length of the generated session key. This will be 0 if no session key was requested.	64591156",an account was successfully logged on,"auth,windows",2017-05-02T15:04:46.846Z,54837,172.24.19.20,ms_windows_event-3795724934,2270,<14>May  2 11:02:48 gcBRW0000.global.com ,3969020343,1,0.0.0.0/514/tcp,2b04-ec9271b7,11012,gcbrw0000.global.com,2017-05-02T11:02:48.000Z,4624,ms_windows_event,security,58565d1f-8eba-45c1-b5a1-b3824a45aedf#2669,"{""id"":""58565d1f-8eba-45c1-b5a1-b3824a45aedf#2669"",""num_events"":2759,""data_type"":""passthrough"",""batch_id"":""58565d1f-8eba-45c1-b5a1-b3824a45aedf"",""batch_segment"":0,""customer_id"":""lga03"",""sequence_number"":2668,""source_type"":""json"",""target_index"":""""}",11012,s-1-5-21-2029550947-1910908428-336986018-24690,w.kelley, , ,0x0,-, ,0x9f83cc0, , , ,globalcom, ,52061,172.24.32.122, , ,private ip address lan,rsv,3,this event is generated when a logon session is created, ,,kerberos,"[""1.1.1521"",""1.1.1552""]", , , , , , , , , , , , , , , , 
microsoft-windows-security-auditing,success audit,n/a,gcsmq0002.global.com,127.0.0.1,MSWinEventLog	1	Security	2132009	Tue May  2 11:02:47 2017	4662	Microsoft-Windows-Security-Auditing	N/A	N/A	Success Audit	gcSMQ0002.global.com	N/A		N/A	304321560,n/a,"auth,windows",2017-05-02T15:02:49.431Z,50165,172.21.14.21,ms_windows_event-2494768146,207,<14>May  2 11:02:47 gcSMQ0002.global.com ,27946636249,0,0.0.0.0/514/tcp,2b03-681bfd3d9,11011,gcsmq0002.global.com,2017-05-02T11:02:47.000Z,4662,ms_windows_event,security,58565d1f-8eba-45c1-b5a1-b3824a45aedf#2726,"{""id"":""58565d1f-8eba-45c1-b5a1-b3824a45aedf#2726"",""num_events"":2759,""data_type"":""passthrough"",""batch_id"":""58565d1f-8eba-45c1-b5a1-b3824a45aedf"",""batch_segment"":0,""customer_id"":""lga03"",""sequence_number"":2725,""source_type"":""json"",""target_index"":""""}",11011, , , , , , , , , , , , , , , , , , , , , , , , , , , , , , , , , , , , , , , , , 
microsoft-windows-security-auditing,success audit,logon,gcsmq0002.global.com,127.0.0.1,MSWinEventLog	1	Security	2132015	Tue May  2 11:02:48 2017	4624	Microsoft-Windows-Security-Auditing	N/A	N/A	Success Audit	gcSMQ0002.global.com	Logon		N/A	304321566,n/a,"auth,windows",2017-05-02T15:02:49.433Z,50165,172.21.14.21,ms_windows_event-796723568,209,<14>May  2 11:02:48 gcSMQ0002.global.com ,27946636262,0,0.0.0.0/514/tcp,2b03-681bfd3e6,11011,gcsmq0002.global.com,2017-05-02T11:02:48.000Z,4624,ms_windows_event,security,58565d1f-8eba-45c1-b5a1-b3824a45aedf#2729,"{""id"":""58565d1f-8eba-45c1-b5a1-b3824a45aedf#2729"",""num_events"":2759,""data_type"":""passthrough"",""batch_id"":""58565d1f-8eba-45c1-b5a1-b3824a45aedf"",""batch_segment"":0,""customer_id"":""lga03"",""sequence_number"":2728,""source_type"":""json"",""target_index"":""""}",11011, , , , , , , , , , , , , , , , , , , , , , , , , , , , , , , , , , , , , , , , , 
microsoft-windows-security-auditing,failure audit,kerberos service ticket operations,gcsmq0000.global.com,127.0.0.1,MSWinEventLog	3	Security	1630019	Tue May  2 11:02:48 2017	4769	Microsoft-Windows-Security-Auditing	N/A	N/A	Failure Audit	gcSMQ0000.global.com	Kerberos Service Ticket Operations		N/A	186395108,n/a,"auth,windows",2017-05-02T15:02:49.620Z,51131,172.21.14.20,ms_windows_event-2408821607,238,<11>May  2 11:02:48 gcSMQ0000.global.com ,27946636298,0,0.0.0.0/514/tcp,2b03-681bfd40a,11011,gcsmq0000.global.com,2017-05-02T11:02:48.000Z,4769,ms_windows_event,security,58565d1f-8eba-45c1-b5a1-b3824a45aedf#2731,"{""id"":""58565d1f-8eba-45c1-b5a1-b3824a45aedf#2731"",""num_events"":2759,""data_type"":""passthrough"",""batch_id"":""58565d1f-8eba-45c1-b5a1-b3824a45aedf"",""batch_segment"":0,""customer_id"":""lga03"",""sequence_number"":2730,""source_type"":""json"",""target_index"":""""}",11011, , , , , , , , , , , , , , , , , , , , , , , , , , , , , , , , , , , , , , , , , 
xtia,information,n/a,gcgcp0500.global.com,127.0.0.1,MSWinEventLog	1	Application	390425	Tue May  2 11:02:49 2017	0	xTIA	N/A	N/A	Information	gcgcp0500.global.com	N/A		 >> Process integration xTIA SourceSystem 4 >> 	47950025,>> process integration xtia sourcesystem 4 >>,"auth,windows",2017-05-02T15:02:49.830Z,60470,172.25.0.7,ms_windows_event-3053450971,216,<14>May  2 11:02:49 gcgcp0500.global.com ,27946636340,0,0.0.0.0/514/tcp,2b03-681bfd434,11011,gcgcp0500.global.com,2017-05-02T11:02:49.000Z,0,ms_windows_event,application,58565d1f-8eba-45c1-b5a1-b3824a45aedf#2748,"{""id"":""58565d1f-8eba-45c1-b5a1-b3824a45aedf#2748"",""num_events"":2759,""data_type"":""passthrough"",""batch_id"":""58565d1f-8eba-45c1-b5a1-b3824a45aedf"",""batch_segment"":0,""customer_id"":""lga03"",""sequence_number"":2747,""source_type"":""json"",""target_index"":""""}",11011, , , , , , , , , , , , , , , , , , , , , , , , , , , , , , , , , , , , , , , , , 
microsoft-windows-security-auditing,success audit,detailed file share,gcbra0400.global.com,127.0.0.1,MSWinEventLog	1	Security	566869	Tue May  2 12:02:44 2017	5145	Microsoft-Windows-Security-Auditing	N/A	N/A	Success Audit	gcBRA0400.global.com	Detailed File Share		A network share object was checked to see whether client can be granted desired access.     Subject:   Security ID:  S-1-5-21-2029550947-1910908428-336986018-27183   Account Name:  gcSMQ0601$   Account Domain:  globalcom   Logon ID:  0x6706309    Network Information:    Object Type:  File   Source Address:  172.21.19.25   Source Port:  58169     Share Information:   Share Name:  \\*\U$   Share Path:  \??\U:\   Relative Target Name: \    Access Request Information:   Access Mask:  0x100081   Accesses:  SYNCHRONIZE      ReadData (or ListDirectory)      ReadAttributes        Access Check Results:   -  	457188746,a network share object was checked to see whether client can be granted desired access,"auth,windows",2017-05-02T15:02:44.108Z,50311,172.20.36.23,ms_windows_event-527129100,830,<14>May  2 12:02:44 gcBRA0400.global.com ,6500394486,1,0.0.0.0/514/tcp,2af9-1837425f6,11001,gcbra0400.global.com,2017-05-02T12:02:44.000Z,5145,ms_windows_event,security,58565d1f-8eba-45c1-b5a1-b3824a45aedf#2756,"{""id"":""58565d1f-8eba-45c1-b5a1-b3824a45aedf#2756"",""num_events"":2759,""data_type"":""passthrough"",""batch_id"":""58565d1f-8eba-45c1-b5a1-b3824a45aedf"",""batch_segment"":0,""customer_id"":""lga03"",""sequence_number"":2755,""source_type"":""json"",""target_index"":""""}",11001,s-1-5-21-2029550947-1910908428-336986018-27183,gcsmq0601$, , , , , ,0x6706309,synchronize      readdata (or listdirectory)      readattributes, ,\\*\u$,globalcom, ,58169,172.21.19.25, , ,private ip address lan,rsv, , , , , , ,\??\u:\, , , , , , , , , , , , , , , 
microsoft-windows-security-auditing,success audit,detailed file share,gcegy0400.global.com,127.0.0.1,MSWinEventLog	1	Security	1079026	Tue May  2 17:02:48 2017	5145	Microsoft-Windows-Security-Auditing	N/A	N/A	Success Audit	gcEGY0400.global.com	Detailed File Share		A network share object was checked to see whether client can be granted desired access.     Subject:   Security ID:  S-1-5-21-2029550947-1910908428-336986018-29776   Account Name:  A.Goh   Account Domain:  globalcom   Logon ID:  0xgcf61c1    Network Information:    Object Type:  File   Source Address:  172.24.33.53   Source Port:  49915     Share Information:   Share Name:  \\*\IPC$   Share Path:     Relative Target Name: spoolss    Access Request Information:   Access Mask:  0x12019f   Accesses:  READ_CONTROL      SYNCHRONIZE      ReadData (or ListDirectory)      WriteData (or AddFile)      AppendData (or AddSubdirectory or CreatePipeInstance)      ReadEA      WriteEA      ReadAttributes      WriteAttributes        Access Check Results:   -  	169322866,a network share object was checked to see whether client can be granted desired access,"auth,windows",2017-05-02T15:02:50.219Z,62367,172.20.40.23,ms_windows_event-581143289,978,<14>May  2 17:02:48 gcEGY0400.global.com ,192249130,1,0.0.0.0/514/tcp,2afc-b757d2a,11004,gcegy0400.global.com,2017-05-02T17:02:48.000Z,5145,ms_windows_event,security,58565d1f-8eba-45c1-b5a1-b3824a45aedf#2868,"{""id"":""58565d1f-8eba-45c1-b5a1-b3824a45aedf#2868"",""num_events"":2743,""data_type"":""passthrough"",""batch_id"":""58565d1f-8eba-45c1-b5a1-b3824a45aedf"",""batch_segment"":0,""customer_id"":""lga03"",""sequence_number"":2867,""source_type"":""json"",""target_index"":""""}",11004,s-1-5-21-2029550947-1910908428-336986018-29776,a.goh, , , , , ,0xgcf61c1,read_control      synchronize      readdata (or listdirectory)      writedata (or addfile)      appenddata (or addsubdirectory or createpipeinstance)      readea      writeea      readattributes      writeattributes, ,\\*\ipc$,globalcom, ,49915,172.24.33.53, , ,private ip address lan,rsv, , , , , , , , , , , , , , , , , , , , , , 
microsoft-windows-security-auditing,success audit,logogc,gcsmq0002.global.com,127.0.0.1,MSWinEventLog	1	Security	2132018	Tue May  2 11:02:48 2017	4634	Microsoft-Windows-Security-Auditing	N/A	N/A	Success Audit	gcSMQ0002.global.com	Logogc		N/A	304321569,n/a,"auth,windows",2017-05-02T15:02:49.435Z,50165,172.21.14.21,ms_windows_event-1377334112,210,<14>May  2 11:02:48 gcSMQ0002.global.com ,27946636265,0,0.0.0.0/514/tcp,2b03-681bfd3e9,11011,gcsmq0002.global.com,2017-05-02T11:02:48.000Z,4634,ms_windows_event,security,58565d1f-8eba-45c1-b5a1-b3824a45aedf#2920,"{""id"":""58565d1f-8eba-45c1-b5a1-b3824a45aedf#2920"",""num_events"":2743,""data_type"":""passthrough"",""batch_id"":""58565d1f-8eba-45c1-b5a1-b3824a45aedf"",""batch_segment"":0,""customer_id"":""lga03"",""sequence_number"":2919,""source_type"":""json"",""target_index"":""""}",11011, , , , , , , , , , , , , , , , , , , , , , , , , , , , , , , , , , , , , , , , , 
microsoft-windows-security-auditing,success audit,logogc,gcsmq0601.global.com,127.0.0.1,MSWinEventLog	1	Security	3425319	Tue May  2 11:02:47 2017	4634	Microsoft-Windows-Security-Auditing	N/A	N/A	Success Audit	gcsmq0601.global.com	Logogc		An account was logged ogc.    Subject:   Security ID:  S-1-5-21-2029550947-1910908428-336986018-41777   Account Name:  COLLT5532$   Account Domain:  globalcom   Logon ID:  0x1b5f927b    Logon Type:   3    This event is generated when a logon session is destroyed. It may be positively correlated with a logon event using the Logon ID value. Logon IDs are only unique between reboots on the same computer.	1445130210,an account was logged ogc,"auth,windows",2017-05-02T15:02:49.583Z,49941,172.21.19.25,ms_windows_event-3012490973,617,<14>May  2 11:02:47 gcsmq0601.global.com ,27946636277,0,0.0.0.0/514/tcp,2b03-681bfd3f5,11011,gcsmq0601.global.com,2017-05-02T11:02:47.000Z,4634,ms_windows_event,security,58565d1f-8eba-45c1-b5a1-b3824a45aedf#2924,"{""id"":""58565d1f-8eba-45c1-b5a1-b3824a45aedf#2924"",""num_events"":2743,""data_type"":""passthrough"",""batch_id"":""58565d1f-8eba-45c1-b5a1-b3824a45aedf"",""batch_segment"":0,""customer_id"":""lga03"",""sequence_number"":2923,""source_type"":""json"",""target_index"":""""}",11011,s-1-5-21-2029550947-1910908428-336986018-41777,collt5532$, , , , , ,0x1b5f927b, , , ,globalcom, , , , , , , ,3,this event is generated when a logon session is destroyed, , , , , , , , , , , , , , , , , , , , 
xtia,information,n/a,gcgcp0500.global.com,127.0.0.1,MSWinEventLog	1	Application	390418	Tue May  2 11:02:48 2017	0	xTIA	N/A	N/A	Information	gcgcp0500.global.com	N/A		 >> Process GetIntegration >> 	47950018,>> process getintegration >>,"auth,windows",2017-05-02T15:02:49.809Z,60470,172.25.0.7,ms_windows_event-3053450971,199,<14>May  2 11:02:48 gcgcp0500.global.com ,27946636332,0,0.0.0.0/514/tcp,2b03-681bfd42c,11011,gcgcp0500.global.com,2017-05-02T11:02:48.000Z,0,ms_windows_event,application,58565d1f-8eba-45c1-b5a1-b3824a45aedf#2925,"{""id"":""58565d1f-8eba-45c1-b5a1-b3824a45aedf#2925"",""num_events"":2743,""data_type"":""passthrough"",""batch_id"":""58565d1f-8eba-45c1-b5a1-b3824a45aedf"",""batch_segment"":0,""customer_id"":""lga03"",""sequence_number"":2924,""source_type"":""json"",""target_index"":""""}",11011, , , , , , , , , , , , , , , , , , , , , , , , , , , , , , , , , , , , , , , , , 
xtia,information,n/a,gcgcp0500.global.com,127.0.0.1,MSWinEventLog	1	Application	390422	Tue May  2 11:02:48 2017	0	xTIA	N/A	N/A	Information	gcgcp0500.global.com	N/A		 >> Process BuildIntegrationObjects >> 	47950022,>> process buildintegrationobjects >>,"auth,windows",2017-05-02T15:02:49.811Z,60470,172.25.0.7,ms_windows_event-3053450971,208,<14>May  2 11:02:48 gcgcp0500.global.com ,27946636336,0,0.0.0.0/514/tcp,2b03-681bfd430,11011,gcgcp0500.global.com,2017-05-02T11:02:48.000Z,0,ms_windows_event,application,58565d1f-8eba-45c1-b5a1-b3824a45aedf#2926,"{""id"":""58565d1f-8eba-45c1-b5a1-b3824a45aedf#2926"",""num_events"":2743,""data_type"":""passthrough"",""batch_id"":""58565d1f-8eba-45c1-b5a1-b3824a45aedf"",""batch_segment"":0,""customer_id"":""lga03"",""sequence_number"":2925,""source_type"":""json"",""target_index"":""""}",11011, , , , , , , , , , , , , , , , , , , , , , , , , , , , , , , , , , , , , , , , , 
microsoft-windows-security-auditing,success audit,logon,gcnyc-60-010.global.com,127.0.0.1,MSWinEventLog	1	Security	1354740	Tue May  2 11:02:48 2017	4624	Microsoft-Windows-Security-Auditing	N/A	N/A	Success Audit	gcNYC-60-010.global.com	Logon		N/A	153578720,n/a,"auth,windows",2017-05-02T15:02:49.926Z,59147,172.21.14.26,ms_windows_event-796723568,215,<14>May  2 11:02:48 gcNYC-60-010.global.com ,27946636459,0,0.0.0.0/514/tcp,2b03-681bfd4ab,11011,gcnyc-60-010.global.com,2017-05-02T11:02:48.000Z,4624,ms_windows_event,security,58565d1f-8eba-45c1-b5a1-b3824a45aedf#2937,"{""id"":""58565d1f-8eba-45c1-b5a1-b3824a45aedf#2937"",""num_events"":2743,""data_type"":""passthrough"",""batch_id"":""58565d1f-8eba-45c1-b5a1-b3824a45aedf"",""batch_segment"":0,""customer_id"":""lga03"",""sequence_number"":2936,""source_type"":""json"",""target_index"":""""}",11011, , , , , , , , , , , , , , , , , , , , , , , , , , , , , , , , , , , , , , , , , 
microsoft-windows-security-auditing,success audit,other object access events,gcbra0400.global.com,127.0.0.1,MSWinEventLog	1	Security	566935	Tue May  2 12:02:46 2017	4656	Microsoft-Windows-Security-Auditing	N/A	N/A	Success Audit	gcBRA0400.global.com	Other Object Access Events		A handle to an object was requested.    Subject:   Security ID:  S-1-5-18   Account Name:  gcBRA0400$   Account Domain:  globalcom   Logon ID:  0x3e7    Object:   Object Server:  PlugPlayManager   Object Type:  Security   Object Name:  PlugPlaySecurityObject   Handle ID:  0x0    Process Information:   Process ID:  0x2dc   Process Name:  C:\Windows\System32\svchost.exe    Access Request Information:   Transaction ID:  {00000000-0000-0000-0000-000000000000}   Accesses:  Unknown specific access (bit 1)         Access Reasons:  -   Access Mask:  0x2   Privileges Used for Access Check: -   Restricted SID Count: 0	457188812,a handle to an object was requested,"auth,windows",2017-05-02T15:02:46.178Z,50311,172.20.36.23,ms_windows_event-1655484026,846,<14>May  2 12:02:46 gcBRA0400.global.com ,6500394622,1,0.0.0.0/514/tcp,2af9-18374267e,11001,gcbra0400.global.com, ,4656,ms_windows_event,security,58565d1f-8eba-45c1-b5a1-b3824a45aedf#2952,"{""id"":""58565d1f-8eba-45c1-b5a1-b3824a45aedf#2952"",""num_events"":2740,""data_type"":""passthrough"",""batch_id"":""58565d1f-8eba-45c1-b5a1-b3824a45aedf"",""batch_segment"":0,""customer_id"":""lga03"",""sequence_number"":2951,""source_type"":""json"",""target_index"":""""}",11001,s-1-5-18,gcbra0400$,{00000000-0000-0000-0000-000000000000},plugplaymanager,0x2dc,c:\windows\system32\svchost.exe,-,0x3e7,unknown specific access (bit 1)         access reasons:  -,0,plugplaysecurityobject,globalcom, , , , , , , , , , , , , , , , , , , , , , , , , , , , , 
microsoft-windows-security-auditing,success audit,other object access events,gcbra0400.global.com,127.0.0.1,MSWinEventLog	1	Security	566875	Tue May  2 12:02:45 2017	4656	Microsoft-Windows-Security-Auditing	N/A	N/A	Success Audit	gcBRA0400.global.com	Other Object Access Events		A handle to an object was requested.    Subject:   Security ID:  S-1-5-18   Account Name:  gcBRA0400$   Account Domain:  globalcom   Logon ID:  0x3e7    Object:   Object Server:  PlugPlayManager   Object Type:  Security   Object Name:  PlugPlaySecurityObject   Handle ID:  0x0    Process Information:   Process ID:  0x2dc   Process Name:  C:\Windows\System32\svchost.exe    Access Request Information:   Transaction ID:  {00000000-0000-0000-0000-000000000000}   Accesses:  Unknown specific access (bit 1)         Access Reasons:  -   Access Mask:  0x2   Privileges Used for Access Check: -   Restricted SID Count: 0	457188752,a handle to an object was requested,"auth,windows",2017-05-02T15:02:46.141Z,50311,172.20.36.23,ms_windows_event-1655484026,846,<14>May  2 12:02:45 gcBRA0400.global.com ,6500394558,1,0.0.0.0/514/tcp,2af9-18374263e,11001,gcbra0400.global.com, ,4656,ms_windows_event,security,58565d1f-8eba-45c1-b5a1-b3824a45aedf#2955,"{""id"":""58565d1f-8eba-45c1-b5a1-b3824a45aedf#2955"",""num_events"":2740,""data_type"":""passthrough"",""batch_id"":""58565d1f-8eba-45c1-b5a1-b3824a45aedf"",""batch_segment"":0,""customer_id"":""lga03"",""sequence_number"":2954,""source_type"":""json"",""target_index"":""""}",11001,s-1-5-18,gcbra0400$,{00000000-0000-0000-0000-000000000000},plugplaymanager,0x2dc,c:\windows\system32\svchost.exe,-,0x3e7,unknown specific access (bit 1)         access reasons:  -,0,plugplaysecurityobject,globalcom, , , , , , , , , , , , , , , , , , , , , , , , , , , , , 
