microsoft-windows-security-auditing,failure audit,kerberos authentication service,gcbrw0000.global.com,127.0.0.1,"MSWinEventLog	3	Security	796195	Tue May  2 11:02:31 2017	4768	Microsoft-Windows-Security-Auditing	N/A	N/A	Failure Audit	gcBRW0000.global.com	Kerberos Authentication Service		A Kerberos authentication ticket (TGT) was requested.    Account Information:   Account Name:  nycmlt4990c$   Supplied Realm Name: global.com   User ID:   S-1-0-0    Service Information:   Service Name:  krbtgt/global.com   Service ID:  S-1-0-0    Network Information:   Client Address:  172.24.40.31   Client Port:  57652    Additional Information:   Ticket Options:  0x40000000   Result Code:  0x6   Ticket Encryption Type: 0xgcgcgcgc   Pre-Authentication Type: -    Certificate Information:   Certificate Issuer Name:     Certificate Serial Number:    Certificate Thumbprint:      Certificate information is only provided if a certificate was used for pre-authentication.    Pre-authentication types, ticket options, encryption types and result codes are defined in RFC 4120.	64590904",a kerberos authentication ticket (tgt) was requested,"auth,windows",2017-05-02T15:04:29.805Z,54837,172.24.19.20,ms_windows_event-1517866548,1014,<11>May  2 11:02:31 gcBRW0000.global.com ,3969010034,1,0.0.0.0/514/tcp,2b04-ec924972,11012,gcbrw0000.global.com, ,4768,ms_windows_event,security,d83f1d51-d2b1-43f3-a686-47d0835b2501#2223,"{""id"":""d83f1d51-d2b1-43f3-a686-47d0835b2501#2223"",""num_events"":2814,""data_type"":""passthrough"",""batch_id"":""d83f1d51-d2b1-43f3-a686-47d0835b2501"",""batch_segment"":0,""customer_id"":""lga03"",""sequence_number"":2222,""source_type"":""json"",""target_index"":""""}",11012, ,nycmlt4990c$, , , , , , , , , , , ,57652,172.24.40.31, , ,private ip address lan,rsv, , , , , ,"[""1.1.1521""]", , , , , , , , , , , , , , , , 
microsoft-windows-security-auditing,success audit,logon,gcsmq0002.global.com,127.0.0.1,MSWinEventLog	1	Security	2131581	Tue May  2 11:02:32 2017	4624	Microsoft-Windows-Security-Auditing	N/A	N/A	Success Audit	gcSMQ0002.global.com	Logon		N/A	304321138,n/a,"auth,windows",2017-05-02T15:02:33.200Z,50165,172.21.14.21,ms_windows_event-796723568,209,<14>May  2 11:02:32 gcSMQ0002.global.com ,27946630614,0,0.0.0.0/514/tcp,2b03-681bfbdd6,11011,gcsmq0002.global.com,2017-05-02T11:02:32.000Z,4624,ms_windows_event,security,d83f1d51-d2b1-43f3-a686-47d0835b2501#2239,"{""id"":""d83f1d51-d2b1-43f3-a686-47d0835b2501#2239"",""num_events"":2814,""data_type"":""passthrough"",""batch_id"":""d83f1d51-d2b1-43f3-a686-47d0835b2501"",""batch_segment"":0,""customer_id"":""lga03"",""sequence_number"":2238,""source_type"":""json"",""target_index"":""""}",11011, , , , , , , , , , , , , , , , , , , , , , , , , , , , , , , , , , , , , , , , , 
microsoft-windows-security-auditing,success audit,logon,gcbrw0000.global.com,127.0.0.1,"MSWinEventLog	1	Security	796179	Tue May  2 11:02:29 2017	4624	Microsoft-Windows-Security-Auditing	N/A	N/A	Success Audit	gcBRW0000.global.com	Logon		An account was successfully logged on.    Subject:   Security ID:  S-1-0-0   Account Name:  -   Account Domain:  -   Logon ID:  0x0    Logon Type:   3    Impersonation Level:  Impersonation    New Logon:   Security ID:  S-1-5-21-2029550947-1910908428-336986018-40210   Account Name:  NYCLT5356D$   Account Domain:  globalcom   Logon ID:  0x9F7gc70   Logon GUID:  {965A96EF-EAF8-6E57-5B63-E113A5F4E15C}    Process Information:   Process ID:  0x0   Process Name:  -    Network Information:   Workstation Name:    Source Network Address: 172.24.32.235   Source Port:  56466    Detailed Authentication Information:   Logon Process:  Kerberos   Authentication Package: Kerberos   Transited Services: -   Package Name (NTLM only): -   Key Length:  0    This event is generated when a logon session is created. It is generated on the computer that was accessed.    The subject fields indicate the account on the local system which requested the logon. This is most commonly a service such as the Server service, or a local process such as Winlogon.exe or Services.exe.    The logon type field indicates the kind of logon that occurred. The most common types are 2 (interactive) and 3 (network).    The New Logon fields indicate the account for whom the new logon was created, i.e. the account that was logged on.    The network fields indicate where a remote logon request originated. Workstation name is not always available and may be left blank in some cases.    The impersonation level field indicates the extent to which a process in the logon session can impersonate.    The authentication information fields provide detailed information about this specific logon request.   - Logon GUID is a unique identifier that can be used to correlate this event with a KDC event.   - Transited services indicate which intermediate services have participated in this logon request.   - Package name indicates which sub-protocol was used among the NTLM protocols.   - Key length indicates the length of the generated session key. This will be 0 if no session key was requested.	64590888",an account was successfully logged on,"auth,windows",2017-05-02T15:04:27.804Z,54837,172.24.19.20,ms_windows_event-3795724934,2273,<14>May  2 11:02:29 gcBRW0000.global.com ,3969007745,1,0.0.0.0/514/tcp,2b04-ec924081,11012,gcbrw0000.global.com,2017-05-02T11:02:29.000Z,4624,ms_windows_event,security,d83f1d51-d2b1-43f3-a686-47d0835b2501#2317,"{""id"":""d83f1d51-d2b1-43f3-a686-47d0835b2501#2317"",""num_events"":2792,""data_type"":""passthrough"",""batch_id"":""d83f1d51-d2b1-43f3-a686-47d0835b2501"",""batch_segment"":0,""customer_id"":""lga03"",""sequence_number"":2316,""source_type"":""json"",""target_index"":""""}",11012,s-1-5-21-2029550947-1910908428-336986018-40210,nyclt5356d$, , ,0x0,-, ,0x9f7gc70, , , ,globalcom, ,56466,172.24.32.235, , ,private ip address lan,rsv,3,this event is generated when a logon session is created, ,,kerberos,"[""1.1.1521""]", , , , , , , , , , , , , , , , 
microsoft-windows-security-auditing,success audit,logogc,gcbrw0000.global.com,127.0.0.1,MSWinEventLog	1	Security	796180	Tue May  2 11:02:29 2017	4634	Microsoft-Windows-Security-Auditing	N/A	N/A	Success Audit	gcBRW0000.global.com	Logogc		An account was logged ogc.    Subject:   Security ID:  S-1-5-21-2029550947-1910908428-336986018-33766   Account Name:  NYCLT5384$   Account Domain:  globalcom   Logon ID:  0x9F7F095    Logon Type:   3    This event is generated when a logon session is destroyed. It may be positively correlated with a logon event using the Logon ID value. Logon IDs are only unique between reboots on the same computer.	64590889,an account was logged ogc,"auth,windows",2017-05-02T15:04:27.804Z,54837,172.24.19.20,ms_windows_event-3012490973,613,<14>May  2 11:02:29 gcBRW0000.global.com ,3969007746,1,0.0.0.0/514/tcp,2b04-ec924082,11012,gcbrw0000.global.com,2017-05-02T11:02:29.000Z,4634,ms_windows_event,security,d83f1d51-d2b1-43f3-a686-47d0835b2501#2337,"{""id"":""d83f1d51-d2b1-43f3-a686-47d0835b2501#2337"",""num_events"":2792,""data_type"":""passthrough"",""batch_id"":""d83f1d51-d2b1-43f3-a686-47d0835b2501"",""batch_segment"":0,""customer_id"":""lga03"",""sequence_number"":2336,""source_type"":""json"",""target_index"":""""}",11012,s-1-5-21-2029550947-1910908428-336986018-33766,nyclt5384$, , , , , ,0x9f7f095, , , ,globalcom, , , , , , , ,3,this event is generated when a logon session is destroyed, , , , , , , , , , , , , , , , , , , , 
microsoft-windows-security-auditing,success audit,process termination,gcsmq0530.global.com,127.0.0.1,MSWinEventLog	1	Security	2191563	Tue May  2 11:02:32 2017	4689	Microsoft-Windows-Security-Auditing	N/A	N/A	Success Audit	gcSMQ0530.global.com	Process Termination		A process has exited.    Subject:   Security ID:  S-1-5-21-2029550947-1910908428-336986018-30060   Account Name:  s.tableau   Account Domain:  globalcom   Logon ID:  0x2afd4    Process Information:   Process ID: 0x2bb8   Process Name: D:\Tableau\Tableau Server\10.1\pgsql\bin\postgres.exe   Exit Status: 0x0	-211189526,a process has exited,"auth,windows",2017-05-02T15:02:34.074Z,52161,172.21.19.221,ms_windows_event-268340335,533,<14>May  2 11:02:32 gcSMQ0530.global.com ,27946631064,0,0.0.0.0/514/tcp,2b03-681bfbf98,11011,gcsmq0530.global.com,2017-05-02T11:02:32.000Z,4689,ms_windows_event,security,d83f1d51-d2b1-43f3-a686-47d0835b2501#2366,"{""id"":""d83f1d51-d2b1-43f3-a686-47d0835b2501#2366"",""num_events"":2785,""data_type"":""passthrough"",""batch_id"":""d83f1d51-d2b1-43f3-a686-47d0835b2501"",""batch_segment"":0,""customer_id"":""lga03"",""sequence_number"":2365,""source_type"":""json"",""target_index"":""""}",11011, ,s.tableau, , ,0x2bb8,d:\tableau\tableau server\10.1\pgsql\bin\postgres.exe, ,0x2afd4, , , ,globalcom, , , , , , , , , , , , , , , , , , , , , , , , , , , , , 
microsoft-windows-security-auditing,success audit,filtering platform connection,gcmex0400.global.com,127.0.0.1,MSWinEventLog	1	Security	773418	Tue May  2 10:02:32 2017	5156	Microsoft-Windows-Security-Auditing	N/A	N/A	Success Audit	gcMEX0400.global.com	Filtering Platform Connection		The Windows Filtering Platform has permitted a connection.    Application Information:   Process ID:  628   Application Name: \device\harddiskvolume2\windows\system32\lsass.exe    Network Information:   Direction:  Outbound   Source Address:  172.20.32.23   Source Port:  50729   Destination Address: 172.20.32.22   Destination Port:  88   Protocol:  6    Filter Information:   Filter Run-Time ID: 0   Layer Name:  Connect   Layer Run-Time ID: 48	376831463,the windows filtering platform has permitted a connection,"auth,windows",2017-05-02T15:02:34.158Z,64651,172.20.32.23,ms_windows_event-820008369,675,<14>May  2 10:02:32 gcMEX0400.global.com ,2661096603,1,0.0.0.0/514/tcp,2b00-9e9d1c9b,11008,gcmex0400.global.com, ,5156,ms_windows_event,security,d83f1d51-d2b1-43f3-a686-47d0835b2501#2594,"{""id"":""d83f1d51-d2b1-43f3-a686-47d0835b2501#2594"",""num_events"":2765,""data_type"":""passthrough"",""batch_id"":""d83f1d51-d2b1-43f3-a686-47d0835b2501"",""batch_segment"":0,""customer_id"":""lga03"",""sequence_number"":2593,""source_type"":""json"",""target_index"":""""}",11008, , , , ,628, , , , , , , , ,50729,172.20.32.23,6,\device\harddiskvolume2\windows\system32\lsass.exe,private ip address lan,rsv, , , , , , , , , ,88,172.20.32.22,outbound,private ip address lan,rsv, , , , , , , , 
microsoft-windows-security-auditing,success audit,filtering platform connection,gcmex0400.global.com,127.0.0.1,MSWinEventLog	1	Security	773422	Tue May  2 10:02:32 2017	5156	Microsoft-Windows-Security-Auditing	N/A	N/A	Success Audit	gcMEX0400.global.com	Filtering Platform Connection		The Windows Filtering Platform has permitted a connection.    Application Information:   Process ID:  844   Application Name: \device\harddiskvolume2\windows\system32\svchost.exe    Network Information:   Direction:  Inbound   Source Address:  172.20.32.23   Source Port:  135   Destination Address: 172.21.19.25   Destination Port:  64659   Protocol:  6    Filter Information:   Filter Run-Time ID: 0   Layer Name:  Receive/Accept   Layer Run-Time ID: 44	376831467,the windows filtering platform has permitted a connection,"auth,windows",2017-05-02T15:02:34.161Z,64651,172.20.32.23,ms_windows_event-820008369,684,<14>May  2 10:02:32 gcMEX0400.global.com ,2661096607,1,0.0.0.0/514/tcp,2b00-9e9d1c9f,11008,gcmex0400.global.com, ,5156,ms_windows_event,security,d83f1d51-d2b1-43f3-a686-47d0835b2501#2595,"{""id"":""d83f1d51-d2b1-43f3-a686-47d0835b2501#2595"",""num_events"":2765,""data_type"":""passthrough"",""batch_id"":""d83f1d51-d2b1-43f3-a686-47d0835b2501"",""batch_segment"":0,""customer_id"":""lga03"",""sequence_number"":2594,""source_type"":""json"",""target_index"":""""}",11008, , , , ,844, , , , , , , , ,135,172.20.32.23,6,\device\harddiskvolume2\windows\system32\svchost.exe,private ip address lan,rsv, , , , , , , , , ,64659,172.21.19.25,inbound,private ip address lan,rsv, , , , , , , , 
microsoft-windows-security-auditing,success audit,logon,gcsmq0000.global.com,127.0.0.1,MSWinEventLog	1	Security	1629841	Tue May  2 11:02:32 2017	4624	Microsoft-Windows-Security-Auditing	N/A	N/A	Success Audit	gcSMQ0000.global.com	Logon		N/A	186394930,n/a,"auth,windows",2017-05-02T15:02:33.598Z,51131,172.21.14.20,ms_windows_event-796723568,209,<14>May  2 11:02:32 gcSMQ0000.global.com ,27946630674,0,0.0.0.0/514/tcp,2b03-681bfbe12,11011,gcsmq0000.global.com,2017-05-02T11:02:32.000Z,4624,ms_windows_event,security,d83f1d51-d2b1-43f3-a686-47d0835b2501#2616,"{""id"":""d83f1d51-d2b1-43f3-a686-47d0835b2501#2616"",""num_events"":2765,""data_type"":""passthrough"",""batch_id"":""d83f1d51-d2b1-43f3-a686-47d0835b2501"",""batch_segment"":0,""customer_id"":""lga03"",""sequence_number"":2615,""source_type"":""json"",""target_index"":""""}",11011, , , , , , , , , , , , , , , , , , , , , , , , , , , , , , , , , , , , , , , , , 
microsoft-windows-security-auditing,success audit,logogc,gcnyc-60-010.global.com,127.0.0.1,MSWinEventLog	1	Security	1354627	Tue May  2 11:02:33 2017	4634	Microsoft-Windows-Security-Auditing	N/A	N/A	Success Audit	gcNYC-60-010.global.com	Logogc		N/A	153578607,n/a,"auth,windows",2017-05-02T15:02:33.920Z,59147,172.21.14.26,ms_windows_event-1377334112,216,<14>May  2 11:02:33 gcNYC-60-010.global.com ,27946630821,0,0.0.0.0/514/tcp,2b03-681bfbea5,11011,gcnyc-60-010.global.com,2017-05-02T11:02:33.000Z,4634,ms_windows_event,security,d83f1d51-d2b1-43f3-a686-47d0835b2501#2636,"{""id"":""d83f1d51-d2b1-43f3-a686-47d0835b2501#2636"",""num_events"":2765,""data_type"":""passthrough"",""batch_id"":""d83f1d51-d2b1-43f3-a686-47d0835b2501"",""batch_segment"":0,""customer_id"":""lga03"",""sequence_number"":2635,""source_type"":""json"",""target_index"":""""}",11011, , , , , , , , , , , , , , , , , , , , , , , , , , , , , , , , , , , , , , , , , 
microsoft-windows-security-auditing,success audit,logon,gcbra0000.global.com,127.0.0.1,MSWinEventLog	1	Security	98962	Tue May  2 12:02:31 2017	4624	Microsoft-Windows-Security-Auditing	N/A	N/A	Success Audit	gcBRA0000.global.com	Logon		N/A	19816037,n/a,"auth,windows",2017-05-02T15:02:32.608Z,64485,172.20.36.22,ms_windows_event-796723568,206,<14>May  2 12:02:31 gcBRA0000.global.com ,6500393643,1,0.0.0.0/514/tcp,2af9-1837422ab,11001,gcbra0000.global.com,2017-05-02T12:02:31.000Z,4624,ms_windows_event,security,d83f1d51-d2b1-43f3-a686-47d0835b2501#2653,"{""id"":""d83f1d51-d2b1-43f3-a686-47d0835b2501#2653"",""num_events"":2765,""data_type"":""passthrough"",""batch_id"":""d83f1d51-d2b1-43f3-a686-47d0835b2501"",""batch_segment"":0,""customer_id"":""lga03"",""sequence_number"":2652,""source_type"":""json"",""target_index"":""""}",11001, , , , , , , , , , , , , , , , , , , , , , , , , , , , , , , , , , , , , , , , , 
microsoft-windows-security-auditing,success audit,special logon,gcbra0000.global.com,127.0.0.1,MSWinEventLog	1	Security	98970	Tue May  2 12:02:31 2017	4672	Microsoft-Windows-Security-Auditing	N/A	N/A	Success Audit	gcBRA0000.global.com	Special Logon		N/A	19816045,n/a,"auth,windows",2017-05-02T15:02:32.612Z,64485,172.20.36.22,ms_windows_event-3923140098,214,<14>May  2 12:02:31 gcBRA0000.global.com ,6500393652,1,0.0.0.0/514/tcp,2af9-1837422b4,11001,gcbra0000.global.com,2017-05-02T12:02:31.000Z,4672,ms_windows_event,security,d83f1d51-d2b1-43f3-a686-47d0835b2501#2654,"{""id"":""d83f1d51-d2b1-43f3-a686-47d0835b2501#2654"",""num_events"":2765,""data_type"":""passthrough"",""batch_id"":""d83f1d51-d2b1-43f3-a686-47d0835b2501"",""batch_segment"":0,""customer_id"":""lga03"",""sequence_number"":2653,""source_type"":""json"",""target_index"":""""}",11001, , , , , , , , , , , , , , , , , , , , , , , , , , , , , , , , , , , , , , , , , 
microsoft-windows-security-auditing,success audit,logogc,gcbra0000.global.com,127.0.0.1,MSWinEventLog	1	Security	98976	Tue May  2 12:02:32 2017	4634	Microsoft-Windows-Security-Auditing	N/A	N/A	Success Audit	gcBRA0000.global.com	Logogc		N/A	19816051,n/a,"auth,windows",2017-05-02T15:02:32.615Z,64485,172.20.36.22,ms_windows_event-1377334112,207,<14>May  2 12:02:32 gcBRA0000.global.com ,6500393658,1,0.0.0.0/514/tcp,2af9-1837422ba,11001,gcbra0000.global.com,2017-05-02T12:02:32.000Z,4634,ms_windows_event,security,d83f1d51-d2b1-43f3-a686-47d0835b2501#2655,"{""id"":""d83f1d51-d2b1-43f3-a686-47d0835b2501#2655"",""num_events"":2765,""data_type"":""passthrough"",""batch_id"":""d83f1d51-d2b1-43f3-a686-47d0835b2501"",""batch_segment"":0,""customer_id"":""lga03"",""sequence_number"":2654,""source_type"":""json"",""target_index"":""""}",11001, , , , , , , , , , , , , , , , , , , , , , , , , , , , , , , , , , , , , , , , , 
microsoft-windows-security-auditing,success audit,kerberos service ticket operations,gcbrw0000.global.com,127.0.0.1,"MSWinEventLog	1	Security	796191	Tue May  2 11:02:31 2017	4769	Microsoft-Windows-Security-Auditing	N/A	N/A	Success Audit	gcBRW0000.global.com	Kerberos Service Ticket Operations		A Kerberos service ticket was requested.    Account Information:   Account Name:  D.Barth@global.com   Account Domain:  global.com   Logon GUID:  {03B1FA36-007E-F68F-F8DC-0154E1D5B137}    Service Information:   Service Name:  gcBRW0000$   Service ID:  S-1-5-21-2029550947-1910908428-336986018-41659    Network Information:   Client Address:  ::gcgc:172.24.34.96   Client Port:  59554    Additional Information:   Ticket Options:  0x40800000   Ticket Encryption Type: 0x12   Failure Code:  0x0   Transited Services: -    This event is generated every time access is requested to a resource such as a computer or a Windows service.  The service name indicates the resource to which access was requested.    This event can be correlated with Windows logon events by comparing the Logon GUID fields in each event.  The logon event occurs on the machine that was accessed, which is often a digcerent machine than the domain controller which issued the service ticket.    Ticket options, encryption types, and failure codes are defined in RFC 4120.	64590900",a kerberos service ticket was requested,"auth,windows",2017-05-02T15:04:29.804Z,54837,172.24.19.20,ms_windows_event-504109373,1281,<14>May  2 11:02:31 gcBRW0000.global.com ,3969010030,1,0.0.0.0/514/tcp,2b04-ec92496e,11012,gcbrw0000.global.com, ,4769,ms_windows_event,security,d83f1d51-d2b1-43f3-a686-47d0835b2501#2670,"{""id"":""d83f1d51-d2b1-43f3-a686-47d0835b2501#2670"",""num_events"":2765,""data_type"":""passthrough"",""batch_id"":""d83f1d51-d2b1-43f3-a686-47d0835b2501"",""batch_segment"":0,""customer_id"":""lga03"",""sequence_number"":2669,""source_type"":""json"",""target_index"":""""}",11012, ,d.barth@global.com, , , , , , , , , ,global.com, ,59554, , , , , , ,this event is generated every time access is requested to a resource such as a computer or a windows service,::gcgc:172.24.34.96, , , , , , , , , , , , , , , , , , , 
microsoft-windows-security-auditing,failure audit,kerberos authentication service,gcbrw0000.global.com,127.0.0.1,"MSWinEventLog	3	Security	796196	Tue May  2 11:02:31 2017	4768	Microsoft-Windows-Security-Auditing	N/A	N/A	Failure Audit	gcBRW0000.global.com	Kerberos Authentication Service		A Kerberos authentication ticket (TGT) was requested.    Account Information:   Account Name:  nycmlt4990c$   Supplied Realm Name: global.com   User ID:   S-1-0-0    Service Information:   Service Name:  krbtgt/global.com   Service ID:  S-1-0-0    Network Information:   Client Address:  172.24.40.31   Client Port:  59607    Additional Information:   Ticket Options:  0x40000000   Result Code:  0x6   Ticket Encryption Type: 0xgcgcgcgc   Pre-Authentication Type: -    Certificate Information:   Certificate Issuer Name:     Certificate Serial Number:    Certificate Thumbprint:      Certificate information is only provided if a certificate was used for pre-authentication.    Pre-authentication types, ticket options, encryption types and result codes are defined in RFC 4120.	64590905",a kerberos authentication ticket (tgt) was requested,"auth,windows",2017-05-02T15:04:29.806Z,54837,172.24.19.20,ms_windows_event-1517866548,1014,<11>May  2 11:02:31 gcBRW0000.global.com ,3969010035,1,0.0.0.0/514/tcp,2b04-ec924973,11012,gcbrw0000.global.com, ,4768,ms_windows_event,security,d83f1d51-d2b1-43f3-a686-47d0835b2501#2680,"{""id"":""d83f1d51-d2b1-43f3-a686-47d0835b2501#2680"",""num_events"":2765,""data_type"":""passthrough"",""batch_id"":""d83f1d51-d2b1-43f3-a686-47d0835b2501"",""batch_segment"":0,""customer_id"":""lga03"",""sequence_number"":2679,""source_type"":""json"",""target_index"":""""}",11012, ,nycmlt4990c$, , , , , , , , , , , ,59607,172.24.40.31, , ,private ip address lan,rsv, , , , , ,"[""1.1.1521""]", , , , , , , , , , , , , , , , 
microsoft-windows-security-auditing,success audit,logon,gcsmq0002.global.com,127.0.0.1,MSWinEventLog	1	Security	2131494	Tue May  2 11:02:29 2017	4624	Microsoft-Windows-Security-Auditing	N/A	N/A	Success Audit	gcSMQ0002.global.com	Logon		N/A	304321051,n/a,"auth,windows",2017-05-02T15:02:31.170Z,50165,172.21.14.21,ms_windows_event-796723568,209,<14>May  2 11:02:29 gcSMQ0002.global.com ,27946630036,0,0.0.0.0/514/tcp,2b03-681bfbb94,11011,gcsmq0002.global.com,2017-05-02T11:02:29.000Z,4624,ms_windows_event,security,a9dc2d85-55e2-461d-aa69-e6cacc73bd5c#37,"{""id"":""a9dc2d85-55e2-461d-aa69-e6cacc73bd5c#37"",""num_events"":2989,""data_type"":""passthrough"",""batch_id"":""a9dc2d85-55e2-461d-aa69-e6cacc73bd5c"",""batch_segment"":0,""customer_id"":""lga03"",""sequence_number"":36,""source_type"":""json"",""target_index"":""""}",11011, , , , , , , , , , , , , , , , , , , , , , , , , , , , , , , , , , , , , , , , , 
microsoft-windows-security-auditing,success audit,logon,gcsmq0002.global.com,127.0.0.1,MSWinEventLog	1	Security	2131498	Tue May  2 11:02:30 2017	4624	Microsoft-Windows-Security-Auditing	N/A	N/A	Success Audit	gcSMQ0002.global.com	Logon		N/A	304321055,n/a,"auth,windows",2017-05-02T15:02:31.171Z,50165,172.21.14.21,ms_windows_event-796723568,209,<14>May  2 11:02:30 gcSMQ0002.global.com ,27946630043,0,0.0.0.0/514/tcp,2b03-681bfbb9b,11011,gcsmq0002.global.com,2017-05-02T11:02:30.000Z,4624,ms_windows_event,security,a9dc2d85-55e2-461d-aa69-e6cacc73bd5c#39,"{""id"":""a9dc2d85-55e2-461d-aa69-e6cacc73bd5c#39"",""num_events"":2989,""data_type"":""passthrough"",""batch_id"":""a9dc2d85-55e2-461d-aa69-e6cacc73bd5c"",""batch_segment"":0,""customer_id"":""lga03"",""sequence_number"":38,""source_type"":""json"",""target_index"":""""}",11011, , , , , , , , , , , , , , , , , , , , , , , , , , , , , , , , , , , , , , , , , 
microsoft-windows-security-auditing,success audit,file system,gcegy0400.global.com,127.0.0.1,MSWinEventLog	1	Security	1078900	Tue May  2 17:02:37 2017	4658	Microsoft-Windows-Security-Auditing	N/A	N/A	Success Audit	gcEGY0400.global.com	File System		The handle to an object was closed.    Subject :   Security ID:  S-1-5-18   Account Name:  gcEGY0400$   Account Domain:  globalcom   Logon ID:  0x3e7    Object:   Object Server:  Security   Handle ID:  0x620    Process Information:   Process ID:  0x270   Process Name:  C:\Windows\System32\services.exe	169322740,the handle to an object was closed,"auth,windows",2017-05-02T15:02:37.938Z,62367,172.20.40.23,ms_windows_event-259117541,519,<14>May  2 17:02:37 gcEGY0400.global.com ,192248628,1,0.0.0.0/514/tcp,2afc-b757b34,11004,gcegy0400.global.com,2017-05-02T17:02:37.000Z,4658,ms_windows_event,security,a9dc2d85-55e2-461d-aa69-e6cacc73bd5c#135,"{""id"":""a9dc2d85-55e2-461d-aa69-e6cacc73bd5c#135"",""num_events"":2967,""data_type"":""passthrough"",""batch_id"":""a9dc2d85-55e2-461d-aa69-e6cacc73bd5c"",""batch_segment"":0,""customer_id"":""lga03"",""sequence_number"":134,""source_type"":""json"",""target_index"":""""}",11004, ,gcegy0400$, ,security,0x270,c:\windows\system32\services.exe, ,0x3e7, ,1568, ,globalcom, , , , , , , , , , , , , , , , , , , , , , , , , , , , , 
microsoft-windows-security-auditing,success audit,handle manipulation,gcegy0400.global.com,127.0.0.1,MSWinEventLog	1	Security	1078918	Tue May  2 17:02:37 2017	4690	Microsoft-Windows-Security-Auditing	N/A	N/A	Success Audit	gcEGY0400.global.com	Handle Manipulation		An attempt was made to duplicate a handle to an object.    Subject:   Security ID:  S-1-5-18   Account Name:  gcEGY0400$   Account Domain:  globalcom   Logon ID:  0x3e7    Source Handle Information:   Source Handle ID: 0x620   Source Process ID: 0x270    New Handle Information:   Target Handle ID: 0x6cc   Target Process ID: 0x270	169322758,an attempt was made to duplicate a handle to an object,"auth,windows",2017-05-02T15:02:37.949Z,62367,172.20.40.23,ms_windows_event-4170594564,556,<14>May  2 17:02:37 gcEGY0400.global.com ,192248646,1,0.0.0.0/514/tcp,2afc-b757b46,11004,gcegy0400.global.com,2017-05-02T17:02:37.000Z,4690,ms_windows_event,security,a9dc2d85-55e2-461d-aa69-e6cacc73bd5c#136,"{""id"":""a9dc2d85-55e2-461d-aa69-e6cacc73bd5c#136"",""num_events"":2967,""data_type"":""passthrough"",""batch_id"":""a9dc2d85-55e2-461d-aa69-e6cacc73bd5c"",""batch_segment"":0,""customer_id"":""lga03"",""sequence_number"":135,""source_type"":""json"",""target_index"":""""}",11004,s-1-5-18,gcegy0400$, , ,0x270, , ,0x3e7, ,1568, ,globalcom, , , , , , , , , , , , , , , , , , , , , , , , , , , , , 
microsoft-windows-security-auditing,success audit,kerberos service ticket operations,gcsmq0002.global.com,127.0.0.1,MSWinEventLog	1	Security	2131711	Tue May  2 11:02:37 2017	4769	Microsoft-Windows-Security-Auditing	N/A	N/A	Success Audit	gcSMQ0002.global.com	Kerberos Service Ticket Operations		N/A	304321267,n/a,"auth,windows",2017-05-02T15:02:38.246Z,50165,172.21.14.21,ms_windows_event-2408821607,238,<14>May  2 11:02:37 gcSMQ0002.global.com ,27946633052,0,0.0.0.0/514/tcp,2b03-681bfc75c,11011,gcsmq0002.global.com,2017-05-02T11:02:37.000Z,4769,ms_windows_event,security,a9dc2d85-55e2-461d-aa69-e6cacc73bd5c#169,"{""id"":""a9dc2d85-55e2-461d-aa69-e6cacc73bd5c#169"",""num_events"":2967,""data_type"":""passthrough"",""batch_id"":""a9dc2d85-55e2-461d-aa69-e6cacc73bd5c"",""batch_segment"":0,""customer_id"":""lga03"",""sequence_number"":168,""source_type"":""json"",""target_index"":""""}",11011, , , , , , , , , , , , , , , , , , , , , , , , , , , , , , , , , , , , , , , , , 
microsoft-windows-security-auditing,success audit,logogc,gcsmq0002.global.com,127.0.0.1,MSWinEventLog	1	Security	2131723	Tue May  2 11:02:38 2017	4634	Microsoft-Windows-Security-Auditing	N/A	N/A	Success Audit	gcSMQ0002.global.com	Logogc		N/A	304321279,n/a,"auth,windows",2017-05-02T15:02:38.251Z,50165,172.21.14.21,ms_windows_event-1377334112,210,<14>May  2 11:02:38 gcSMQ0002.global.com ,27946633064,0,0.0.0.0/514/tcp,2b03-681bfc768,11011,gcsmq0002.global.com,2017-05-02T11:02:38.000Z,4634,ms_windows_event,security,a9dc2d85-55e2-461d-aa69-e6cacc73bd5c#172,"{""id"":""a9dc2d85-55e2-461d-aa69-e6cacc73bd5c#172"",""num_events"":2967,""data_type"":""passthrough"",""batch_id"":""a9dc2d85-55e2-461d-aa69-e6cacc73bd5c"",""batch_segment"":0,""customer_id"":""lga03"",""sequence_number"":171,""source_type"":""json"",""target_index"":""""}",11011, , , , , , , , , , , , , , , , , , , , , , , , , , , , , , , , , , , , , , , , , 
microsoft-windows-security-auditing,success audit,special logon,gcmex0400.global.com,127.0.0.1,MSWinEventLog	1	Security	773438	Tue May  2 10:02:36 2017	4672	Microsoft-Windows-Security-Auditing	N/A	N/A	Success Audit	gcMEX0400.global.com	Special Logon		Special privileges assigned to new logon.    Subject:   Security ID:  S-1-5-21-2029550947-1910908428-336986018-27183   Account Name:  gcSMQ0601$   Account Domain:  globalcom   Logon ID:  0xe77f415    Privileges:  SeSecurityPrivilege     SeBackupPrivilege     SeRestorePrivilege     SeTakeOwnershipPrivilege     SeDebugPrivilege     SeSystemEnvironmentPrivilege     SeLoadDriverPrivilege     SeImpersonatePrivilege     SeTcbPrivilege     SeCreateTokenPrivilege     SeAuditPrivilege     SeEnableDelegationPrivilege	376831483,special privileges assigned to new logon,"auth,windows",2017-05-02T15:02:38.212Z,64651,172.20.32.23,ms_windows_event-2006199550,730,<14>May  2 10:02:36 gcMEX0400.global.com ,2661097213,1,0.0.0.0/514/tcp,2b00-9e9d1efd,11008,gcmex0400.global.com, ,4672,ms_windows_event,security,a9dc2d85-55e2-461d-aa69-e6cacc73bd5c#182,"{""id"":""a9dc2d85-55e2-461d-aa69-e6cacc73bd5c#182"",""num_events"":2967,""data_type"":""passthrough"",""batch_id"":""a9dc2d85-55e2-461d-aa69-e6cacc73bd5c"",""batch_segment"":0,""customer_id"":""lga03"",""sequence_number"":181,""source_type"":""json"",""target_index"":""""}",11008,s-1-5-21-2029550947-1910908428-336986018-27183,gcsmq0601$ , , , , ,sesecurityprivilege     sebackupprivilege     serestoreprivilege     setakeownershipprivilege     sedebugprivilege     sesystemenvironmentprivilege     seloaddriverprivilege     seimpersonateprivilege     setcbprivilege     secreatetokenprivilege     seauditprivilege     seenabledelegationprivilege,0xe77f415, , , ,globalcom, , , , , , , , , , , , , , , , , , , , , , , , , , , , , 
microsoft-windows-security-auditing,success audit,kerberos service ticket operations,gcsmq0000.global.com,127.0.0.1,MSWinEventLog	1	Security	1629829	Tue May  2 11:02:29 2017	4769	Microsoft-Windows-Security-Auditing	N/A	N/A	Success Audit	gcSMQ0000.global.com	Kerberos Service Ticket Operations		N/A	186394918,n/a,"auth,windows",2017-05-02T15:02:31.602Z,51131,172.21.14.20,ms_windows_event-2408821607,238,<14>May  2 11:02:29 gcSMQ0000.global.com ,27946630322,0,0.0.0.0/514/tcp,2b03-681bfbcb2,11011,gcsmq0000.global.com,2017-05-02T11:02:29.000Z,4769,ms_windows_event,security,a9dc2d85-55e2-461d-aa69-e6cacc73bd5c#214,"{""id"":""a9dc2d85-55e2-461d-aa69-e6cacc73bd5c#214"",""num_events"":2967,""data_type"":""passthrough"",""batch_id"":""a9dc2d85-55e2-461d-aa69-e6cacc73bd5c"",""batch_segment"":0,""customer_id"":""lga03"",""sequence_number"":213,""source_type"":""json"",""target_index"":""""}",11011, , , , , , , , , , , , , , , , , , , , , , , , , , , , , , , , , , , , , , , , , 
microsoft-windows-security-auditing,success audit,filtering platform connection,gcegy0400.global.com,127.0.0.1,MSWinEventLog	1	Security	1078849	Tue May  2 17:02:28 2017	5158	Microsoft-Windows-Security-Auditing	N/A	N/A	Success Audit	gcEGY0400.global.com	Filtering Platform Connection		The Windows Filtering Platform has permitted a bind to a local port.    Application Information:   Process ID:  1600   Application Name: \device\harddiskvolume2\windows\carbonblack\cb.exe    Network Information:   Source Address:  0.0.0.0   Source Port:  54840   Protocol:  6    Filter Information:   Filter Run-Time ID: 0   Layer Name:  Resource Assignment   Layer Run-Time ID: 36	169322689,the windows filtering platform has permitted a bind to a local port,"auth,windows",2017-05-02T15:02:30.782Z,62367,172.20.40.23,ms_windows_event-1072601665,611,<14>May  2 17:02:28 gcEGY0400.global.com ,192248028,1,0.0.0.0/514/tcp,2afc-b7578dc,11004,gcegy0400.global.com,2017-05-02T17:02:28.000Z,5158,ms_windows_event,security,a9dc2d85-55e2-461d-aa69-e6cacc73bd5c#341,"{""id"":""a9dc2d85-55e2-461d-aa69-e6cacc73bd5c#341"",""num_events"":2934,""data_type"":""passthrough"",""batch_id"":""a9dc2d85-55e2-461d-aa69-e6cacc73bd5c"",""batch_segment"":0,""customer_id"":""lga03"",""sequence_number"":340,""source_type"":""json"",""target_index"":""""}",11004, , , , , , , , , , , , , ,54840,0.0.0.0,6,\device\harddiskvolume2\windows\carbonblack\cb.exe,broadcast rfc1700,rsv, , , , , , , , , , , , , , , , , , , , , , 
microsoft-windows-security-auditing,success audit,logogc,gcsmq0002.global.com,127.0.0.1,MSWinEventLog	1	Security	2131704	Tue May  2 11:02:37 2017	4634	Microsoft-Windows-Security-Auditing	N/A	N/A	Success Audit	gcSMQ0002.global.com	Logogc		N/A	304321260,n/a,"auth,windows",2017-05-02T15:02:38.243Z,50165,172.21.14.21,ms_windows_event-1377334112,210,<14>May  2 11:02:37 gcSMQ0002.global.com ,27946633045,0,0.0.0.0/514/tcp,2b03-681bfc755,11011,gcsmq0002.global.com,2017-05-02T11:02:37.000Z,4634,ms_windows_event,security,a9dc2d85-55e2-461d-aa69-e6cacc73bd5c#356,"{""id"":""a9dc2d85-55e2-461d-aa69-e6cacc73bd5c#356"",""num_events"":2934,""data_type"":""passthrough"",""batch_id"":""a9dc2d85-55e2-461d-aa69-e6cacc73bd5c"",""batch_segment"":0,""customer_id"":""lga03"",""sequence_number"":355,""source_type"":""json"",""target_index"":""""}",11011, , , , , , , , , , , , , , , , , , , , , , , , , , , , , , , , , , , , , , , , , 
microsoft-windows-security-auditing,success audit,n/a,gcsmq0002.global.com,127.0.0.1,MSWinEventLog	1	Security	2131708	Tue May  2 11:02:37 2017	4662	Microsoft-Windows-Security-Auditing	N/A	N/A	Success Audit	gcSMQ0002.global.com	N/A		N/A	304321264,n/a,"auth,windows",2017-05-02T15:02:38.245Z,50165,172.21.14.21,ms_windows_event-2494768146,207,<14>May  2 11:02:37 gcSMQ0002.global.com ,27946633049,0,0.0.0.0/514/tcp,2b03-681bfc759,11011,gcsmq0002.global.com,2017-05-02T11:02:37.000Z,4662,ms_windows_event,security,a9dc2d85-55e2-461d-aa69-e6cacc73bd5c#357,"{""id"":""a9dc2d85-55e2-461d-aa69-e6cacc73bd5c#357"",""num_events"":2934,""data_type"":""passthrough"",""batch_id"":""a9dc2d85-55e2-461d-aa69-e6cacc73bd5c"",""batch_segment"":0,""customer_id"":""lga03"",""sequence_number"":356,""source_type"":""json"",""target_index"":""""}",11011, , , , , , , , , , , , , , , , , , , , , , , , , , , , , , , , , , , , , , , , , 
microsoft-windows-security-auditing,success audit,kerberos service ticket operations,gcsmq0002.global.com,127.0.0.1,MSWinEventLog	1	Security	2131716	Tue May  2 11:02:37 2017	4769	Microsoft-Windows-Security-Auditing	N/A	N/A	Success Audit	gcSMQ0002.global.com	Kerberos Service Ticket Operations		N/A	304321272,n/a,"auth,windows",2017-05-02T15:02:38.248Z,50165,172.21.14.21,ms_windows_event-2408821607,238,<14>May  2 11:02:37 gcSMQ0002.global.com ,27946633057,0,0.0.0.0/514/tcp,2b03-681bfc761,11011,gcsmq0002.global.com,2017-05-02T11:02:37.000Z,4769,ms_windows_event,security,a9dc2d85-55e2-461d-aa69-e6cacc73bd5c#359,"{""id"":""a9dc2d85-55e2-461d-aa69-e6cacc73bd5c#359"",""num_events"":2934,""data_type"":""passthrough"",""batch_id"":""a9dc2d85-55e2-461d-aa69-e6cacc73bd5c"",""batch_segment"":0,""customer_id"":""lga03"",""sequence_number"":358,""source_type"":""json"",""target_index"":""""}",11011, , , , , , , , , , , , , , , , , , , , , , , , , , , , , , , , , , , , , , , , , 
microsoft-windows-security-auditing,success audit,logogc,gcbrw0000.global.com,127.0.0.1,MSWinEventLog	1	Security	796182	Tue May  2 11:02:30 2017	4634	Microsoft-Windows-Security-Auditing	N/A	N/A	Success Audit	gcBRW0000.global.com	Logogc		An account was logged ogc.    Subject:   Security ID:  S-1-5-21-2029550947-1910908428-336986018-34328   Account Name:  C.Vidal   Account Domain:  globalcom   Logon ID:  0x9F800DC    Logon Type:   3    This event is generated when a logon session is destroyed. It may be positively correlated with a logon event using the Logon ID value. Logon IDs are only unique between reboots on the same computer.	64590891,an account was logged ogc,"auth,windows",2017-05-02T15:04:28.806Z,54837,172.24.19.20,ms_windows_event-3012490973,610,<14>May  2 11:02:30 gcBRW0000.global.com ,3969009708,1,0.0.0.0/514/tcp,2b04-ec92482c,11012,gcbrw0000.global.com,2017-05-02T11:02:30.000Z,4634,ms_windows_event,security,a9dc2d85-55e2-461d-aa69-e6cacc73bd5c#435,"{""id"":""a9dc2d85-55e2-461d-aa69-e6cacc73bd5c#435"",""num_events"":2934,""data_type"":""passthrough"",""batch_id"":""a9dc2d85-55e2-461d-aa69-e6cacc73bd5c"",""batch_segment"":0,""customer_id"":""lga03"",""sequence_number"":434,""source_type"":""json"",""target_index"":""""}",11012,s-1-5-21-2029550947-1910908428-336986018-34328,c.vidal, , , , , ,0x9f800dc, , , ,globalcom, , , , , , , ,3,this event is generated when a logon session is destroyed, , , , , , , , , , , , , , , , , , , , 
microsoft-windows-security-auditing,success audit,logon,gcbrw0000.global.com,127.0.0.1,"MSWinEventLog	1	Security	796176	Tue May  2 11:02:28 2017	4624	Microsoft-Windows-Security-Auditing	N/A	N/A	Success Audit	gcBRW0000.global.com	Logon		An account was successfully logged on.    Subject:   Security ID:  S-1-0-0   Account Name:  -   Account Domain:  -   Logon ID:  0x0    Logon Type:   3    Impersonation Level:  Impersonation    New Logon:   Security ID:  S-1-5-21-2029550947-1910908428-336986018-39703   Account Name:  NYCLT5367C$   Account Domain:  globalcom   Logon ID:  0x9F7FB72   Logon GUID:  {8097A7EC-8769-4C14-3037-0BCBF2B41EE8}    Process Information:   Process ID:  0x0   Process Name:  -    Network Information:   Workstation Name:    Source Network Address: 172.24.32.138   Source Port:  51192    Detailed Authentication Information:   Logon Process:  Kerberos   Authentication Package: Kerberos   Transited Services: -   Package Name (NTLM only): -   Key Length:  0    This event is generated when a logon session is created. It is generated on the computer that was accessed.    The subject fields indicate the account on the local system which requested the logon. This is most commonly a service such as the Server service, or a local process such as Winlogon.exe or Services.exe.    The logon type field indicates the kind of logon that occurred. The most common types are 2 (interactive) and 3 (network).    The New Logon fields indicate the account for whom the new logon was created, i.e. the account that was logged on.    The network fields indicate where a remote logon request originated. Workstation name is not always available and may be left blank in some cases.    The impersonation level field indicates the extent to which a process in the logon session can impersonate.    The authentication information fields provide detailed information about this specific logon request.   - Logon GUID is a unique identifier that can be used to correlate this event with a KDC event.   - Transited services indicate which intermediate services have participated in this logon request.   - Package name indicates which sub-protocol was used among the NTLM protocols.   - Key length indicates the length of the generated session key. This will be 0 if no session key was requested.	64590885",an account was successfully logged on,"auth,windows",2017-05-02T15:04:26.805Z,54837,172.24.19.20,ms_windows_event-3795724934,2273,<14>May  2 11:02:28 gcBRW0000.global.com ,3969007438,1,0.0.0.0/514/tcp,2b04-ec923f4e,11012,gcbrw0000.global.com,2017-05-02T11:02:28.000Z,4624,ms_windows_event,security,a9dc2d85-55e2-461d-aa69-e6cacc73bd5c#539,"{""id"":""a9dc2d85-55e2-461d-aa69-e6cacc73bd5c#539"",""num_events"":2911,""data_type"":""passthrough"",""batch_id"":""a9dc2d85-55e2-461d-aa69-e6cacc73bd5c"",""batch_segment"":0,""customer_id"":""lga03"",""sequence_number"":538,""source_type"":""json"",""target_index"":""""}",11012,s-1-5-21-2029550947-1910908428-336986018-39703,nyclt5367c$, , ,0x0,-, ,0x9f7fb72, , , ,globalcom, ,51192,172.24.32.138, , ,private ip address lan,rsv,3,this event is generated when a logon session is created, ,,kerberos,"[""1.1.1521""]", , , , , , , , , , , , , , , , 
microsoft-windows-security-auditing,success audit,logon,gcbrw0000.global.com,127.0.0.1,"MSWinEventLog	1	Security	796218	Tue May  2 11:02:33 2017	4624	Microsoft-Windows-Security-Auditing	N/A	N/A	Success Audit	gcBRW0000.global.com	Logon		An account was successfully logged on.    Subject:   Security ID:  S-1-0-0   Account Name:  -   Account Domain:  -   Logon ID:  0x0    Logon Type:   3    Impersonation Level:  Impersonation    New Logon:   Security ID:  S-1-5-21-2029550947-1910908428-336986018-34328   Account Name:  C.Vidal   Account Domain:  globalcom   Logon ID:  0x9F8048B   Logon GUID:  {2B3F9794-7714-E5D5-9328-5753A0611DF3}    Process Information:   Process ID:  0x0   Process Name:  -    Network Information:   Workstation Name:    Source Network Address: 172.24.32.156   Source Port:  51567    Detailed Authentication Information:   Logon Process:  Kerberos   Authentication Package: Kerberos   Transited Services: -   Package Name (NTLM only): -   Key Length:  0    This event is generated when a logon session is created. It is generated on the computer that was accessed.    The subject fields indicate the account on the local system which requested the logon. This is most commonly a service such as the Server service, or a local process such as Winlogon.exe or Services.exe.    The logon type field indicates the kind of logon that occurred. The most common types are 2 (interactive) and 3 (network).    The New Logon fields indicate the account for whom the new logon was created, i.e. the account that was logged on.    The network fields indicate where a remote logon request originated. Workstation name is not always available and may be left blank in some cases.    The impersonation level field indicates the extent to which a process in the logon session can impersonate.    The authentication information fields provide detailed information about this specific logon request.   - Logon GUID is a unique identifier that can be used to correlate this event with a KDC event.   - Transited services indicate which intermediate services have participated in this logon request.   - Package name indicates which sub-protocol was used among the NTLM protocols.   - Key length indicates the length of the generated session key. This will be 0 if no session key was requested.	64590927",an account was successfully logged on,"auth,windows",2017-05-02T15:04:30.809Z,54837,172.24.19.20,ms_windows_event-3795724934,2269,<14>May  2 11:02:33 gcBRW0000.global.com ,3969010384,1,0.0.0.0/514/tcp,2b04-ec924ad0,11012,gcbrw0000.global.com,2017-05-02T11:02:33.000Z,4624,ms_windows_event,security,a9dc2d85-55e2-461d-aa69-e6cacc73bd5c#560,"{""id"":""a9dc2d85-55e2-461d-aa69-e6cacc73bd5c#560"",""num_events"":2911,""data_type"":""passthrough"",""batch_id"":""a9dc2d85-55e2-461d-aa69-e6cacc73bd5c"",""batch_segment"":0,""customer_id"":""lga03"",""sequence_number"":559,""source_type"":""json"",""target_index"":""""}",11012,s-1-5-21-2029550947-1910908428-336986018-34328,c.vidal, , ,0x0,-, ,0x9f8048b, , , ,globalcom, ,51567,172.24.32.156, , ,private ip address lan,rsv,3,this event is generated when a logon session is created, ,,kerberos,"[""1.1.1521"",""1.1.1552""]", , , , , , , , , , , , , , , , 
microsoft-windows-security-auditing,success audit,logogc,gcsmq0002.global.com,127.0.0.1,MSWinEventLog	1	Security	2131570	Tue May  2 11:02:31 2017	4634	Microsoft-Windows-Security-Auditing	N/A	N/A	Success Audit	gcSMQ0002.global.com	Logogc		N/A	304321127,n/a,"auth,windows",2017-05-02T15:02:33.196Z,50165,172.21.14.21,ms_windows_event-1377334112,210,<14>May  2 11:02:31 gcSMQ0002.global.com ,27946630600,0,0.0.0.0/514/tcp,2b03-681bfbdc8,11011,gcsmq0002.global.com,2017-05-02T11:02:31.000Z,4634,ms_windows_event,security,a9dc2d85-55e2-461d-aa69-e6cacc73bd5c#566,"{""id"":""a9dc2d85-55e2-461d-aa69-e6cacc73bd5c#566"",""num_events"":2911,""data_type"":""passthrough"",""batch_id"":""a9dc2d85-55e2-461d-aa69-e6cacc73bd5c"",""batch_segment"":0,""customer_id"":""lga03"",""sequence_number"":565,""source_type"":""json"",""target_index"":""""}",11011, , , , , , , , , , , , , , , , , , , , , , , , , , , , , , , , , , , , , , , , , 
microsoft-windows-security-auditing,success audit,logon,gcsmq0002.global.com,127.0.0.1,MSWinEventLog	1	Security	2131578	Tue May  2 11:02:32 2017	4624	Microsoft-Windows-Security-Auditing	N/A	N/A	Success Audit	gcSMQ0002.global.com	Logon		N/A	304321135,n/a,"auth,windows",2017-05-02T15:02:33.199Z,50165,172.21.14.21,ms_windows_event-796723568,209,<14>May  2 11:02:32 gcSMQ0002.global.com ,27946630611,0,0.0.0.0/514/tcp,2b03-681bfbdd3,11011,gcsmq0002.global.com,2017-05-02T11:02:32.000Z,4624,ms_windows_event,security,a9dc2d85-55e2-461d-aa69-e6cacc73bd5c#569,"{""id"":""a9dc2d85-55e2-461d-aa69-e6cacc73bd5c#569"",""num_events"":2911,""data_type"":""passthrough"",""batch_id"":""a9dc2d85-55e2-461d-aa69-e6cacc73bd5c"",""batch_segment"":0,""customer_id"":""lga03"",""sequence_number"":568,""source_type"":""json"",""target_index"":""""}",11011, , , , , , , , , , , , , , , , , , , , , , , , , , , , , , , , , , , , , , , , , 
microsoft-windows-security-auditing,success audit,filtering platform connection,gcmex0400.global.com,127.0.0.1,MSWinEventLog	1	Security	773411	Tue May  2 10:02:30 2017	5156	Microsoft-Windows-Security-Auditing	N/A	N/A	Success Audit	gcMEX0400.global.com	Filtering Platform Connection		The Windows Filtering Platform has permitted a connection.    Application Information:   Process ID:  1744   Application Name: \device\harddiskvolume2\windows\system32\svchost.exe    Network Information:   Direction:  Inbound   Source Address:  255.255.255.255   Source Port:  67   Destination Address: 172.20.32.166   Destination Port:  68   Protocol:  17    Filter Information:   Filter Run-Time ID: 150334   Layer Name:  Receive/Accept   Layer Run-Time ID: 44	376831456,the windows filtering platform has permitted a connection,"auth,windows",2017-05-02T15:02:32.127Z,64651,172.20.32.23,ms_windows_event-820008369,691,<14>May  2 10:02:30 gcMEX0400.global.com ,2661096451,1,0.0.0.0/514/tcp,2b00-9e9d1c03,11008,gcmex0400.global.com, ,5156,ms_windows_event,security,a9dc2d85-55e2-461d-aa69-e6cacc73bd5c#612,"{""id"":""a9dc2d85-55e2-461d-aa69-e6cacc73bd5c#612"",""num_events"":2911,""data_type"":""passthrough"",""batch_id"":""a9dc2d85-55e2-461d-aa69-e6cacc73bd5c"",""batch_segment"":0,""customer_id"":""lga03"",""sequence_number"":611,""source_type"":""json"",""target_index"":""""}",11008, , , , ,1744, , , , , , , , ,67,255.255.255.255,17,\device\harddiskvolume2\windows\system32\svchost.exe,reserved rfc3330,rsv, , , , , , , , , ,68,172.20.32.166,inbound,private ip address lan,rsv, , , , , , , , 
microsoft-windows-security-auditing,success audit,process termination,gcsmq0602.global.com,127.0.0.1,MSWinEventLog	1	Security	1160089	Tue May  2 11:02:30 2017	4689	Microsoft-Windows-Security-Auditing	N/A	N/A	Success Audit	gcSMQ0602.global.com	Process Termination		A process has exited.    Subject:   Security ID:  S-1-5-80-3958276243-2739099675-334681800-2039304502-2384811254   Account Name:  semsrv   Account Domain:  NT SERVICE   Logon ID:  0x3530a    Process Information:   Process ID: 0x6c0   Process Name: C:\Windows\System32\conhost.exe   Exit Status: 0x0	1210041801,a process has exited,"auth,windows",2017-05-02T15:02:32.278Z,54131,172.21.25.20,ms_windows_event-268340335,519,<14>May  2 11:02:30 gcSMQ0602.global.com ,27946630437,0,0.0.0.0/514/tcp,2b03-681bfbd25,11011,gcsmq0602.global.com,2017-05-02T11:02:30.000Z,4689,ms_windows_event,security,a9dc2d85-55e2-461d-aa69-e6cacc73bd5c#614,"{""id"":""a9dc2d85-55e2-461d-aa69-e6cacc73bd5c#614"",""num_events"":2911,""data_type"":""passthrough"",""batch_id"":""a9dc2d85-55e2-461d-aa69-e6cacc73bd5c"",""batch_segment"":0,""customer_id"":""lga03"",""sequence_number"":613,""source_type"":""json"",""target_index"":""""}",11011, ,semsrv, , ,0x6c0,c:\windows\system32\conhost.exe, ,0x3530a, , , ,nt, , , , , , , , , , , , , , , , , , , , , , , , , , , , , 
microsoft-windows-security-auditing,success audit,logon,gcsmq0002.global.com,127.0.0.1,MSWinEventLog	1	Security	2131566	Tue May  2 11:02:31 2017	4624	Microsoft-Windows-Security-Auditing	N/A	N/A	Success Audit	gcSMQ0002.global.com	Logon		N/A	304321123,n/a,"auth,windows",2017-05-02T15:02:32.197Z,50165,172.21.14.21,ms_windows_event-796723568,209,<14>May  2 11:02:31 gcSMQ0002.global.com ,27946630420,0,0.0.0.0/514/tcp,2b03-681bfbd14,11011,gcsmq0002.global.com,2017-05-02T11:02:31.000Z,4624,ms_windows_event,security,a9dc2d85-55e2-461d-aa69-e6cacc73bd5c#617,"{""id"":""a9dc2d85-55e2-461d-aa69-e6cacc73bd5c#617"",""num_events"":2911,""data_type"":""passthrough"",""batch_id"":""a9dc2d85-55e2-461d-aa69-e6cacc73bd5c"",""batch_segment"":0,""customer_id"":""lga03"",""sequence_number"":616,""source_type"":""json"",""target_index"":""""}",11011, , , , , , , , , , , , , , , , , , , , , , , , , , , , , , , , , , , , , , , , , 
microsoft-windows-security-auditing,success audit,special logon,gcsmq0601.global.com,127.0.0.1,MSWinEventLog	1	Security	3424742	Tue May  2 11:02:32 2017	4672	Microsoft-Windows-Security-Auditing	N/A	N/A	Success Audit	gcsmq0601.global.com	Special Logon		Special privileges assigned to new logon.    Subject:   Security ID:  S-1-5-21-2029550947-1910908428-336986018-38176   Account Name:  COLLT5533$   Account Domain:  globalcom   Logon ID:  0x1b5eeb36    Privileges:  SeTcbPrivilege	1445129633,special privileges assigned to new logon,"auth,windows",2017-05-02T15:02:33.189Z,49941,172.21.19.25,ms_windows_event-2006199550,448,<14>May  2 11:02:32 gcsmq0601.global.com ,27946630595,0,0.0.0.0/514/tcp,2b03-681bfbdc3,11011,gcsmq0601.global.com, ,4672,ms_windows_event,security,a9dc2d85-55e2-461d-aa69-e6cacc73bd5c#635,"{""id"":""a9dc2d85-55e2-461d-aa69-e6cacc73bd5c#635"",""num_events"":2911,""data_type"":""passthrough"",""batch_id"":""a9dc2d85-55e2-461d-aa69-e6cacc73bd5c"",""batch_segment"":0,""customer_id"":""lga03"",""sequence_number"":634,""source_type"":""json"",""target_index"":""""}",11011,s-1-5-21-2029550947-1910908428-336986018-38176,collt5533$ , , , , ,setcbprivilege,0x1b5eeb36, , , ,globalcom, , , , , , , , , , , , , , , , , , , , , , , , , , , , , 
microsoft-windows-security-auditing,success audit,logon,gcsmq0002.global.com,127.0.0.1,MSWinEventLog	1	Security	2131569	Tue May  2 11:02:31 2017	4624	Microsoft-Windows-Security-Auditing	N/A	N/A	Success Audit	gcSMQ0002.global.com	Logon		N/A	304321126,n/a,"auth,windows",2017-05-02T15:02:33.196Z,50165,172.21.14.21,ms_windows_event-796723568,209,<14>May  2 11:02:31 gcSMQ0002.global.com ,27946630599,0,0.0.0.0/514/tcp,2b03-681bfbdc7,11011,gcsmq0002.global.com,2017-05-02T11:02:31.000Z,4624,ms_windows_event,security,a9dc2d85-55e2-461d-aa69-e6cacc73bd5c#636,"{""id"":""a9dc2d85-55e2-461d-aa69-e6cacc73bd5c#636"",""num_events"":2911,""data_type"":""passthrough"",""batch_id"":""a9dc2d85-55e2-461d-aa69-e6cacc73bd5c"",""batch_segment"":0,""customer_id"":""lga03"",""sequence_number"":635,""source_type"":""json"",""target_index"":""""}",11011, , , , , , , , , , , , , , , , , , , , , , , , , , , , , , , , , , , , , , , , , 
