microsoft-windows-security-auditing,success audit,other object access events,gcchn0400.global.com,127.0.0.1,MSWinEventLog	1	Security	2487511	Tue May  2 23:03:25 2017	4656	Microsoft-Windows-Security-Auditing	N/A	N/A	Success Audit	gcCHN0400.global.com	Other Object Access Events		A handle to an object was requested.    Subject:   Security ID:  S-1-5-18   Account Name:  gcCHN0400$   Account Domain:  globalcom   Logon ID:  0x3e7    Object:   Object Server:  PlugPlayManager   Object Type:  Security   Object Name:  PlugPlaySecurityObject   Handle ID:  0x0    Process Information:   Process ID:  0x2d0   Process Name:  C:\Windows\System32\svchost.exe    Access Request Information:   Transaction ID:  {00000000-0000-0000-0000-000000000000}   Accesses:  Unknown specific access (bit 1)         Access Reasons:  -   Access Mask:  0x2   Privileges Used for Access Check: -   Restricted SID Count: 0	251461590,a handle to an object was requested,"auth,windows",2017-05-02T15:02:42.117Z,49348,172.20.38.23,ms_windows_event-1655484026,847,<14>May  2 23:03:25 gcCHN0400.global.com ,106197267,1,0.0.0.0/514/tcp,2afb-6547113,11003,gcchn0400.global.com, ,4656,ms_windows_event,security,9b86e025-c25e-4888-8e5f-1476e850455a#2900,"{""id"":""9b86e025-c25e-4888-8e5f-1476e850455a#2900"",""num_events"":2618,""data_type"":""passthrough"",""batch_id"":""9b86e025-c25e-4888-8e5f-1476e850455a"",""batch_segment"":0,""customer_id"":""lga03"",""sequence_number"":2899,""source_type"":""json"",""target_index"":""""}",11003,s-1-5-18,gcchn0400$,{00000000-0000-0000-0000-000000000000},plugplaymanager,0x2d0,c:\windows\system32\svchost.exe,-,0x3e7,unknown specific access (bit 1)         access reasons:  -,0,plugplaysecurityobject,globalcom, , , , , , , , , , , , , , , , , , , , , , , , , , , , , 
microsoft-windows-security-auditing,success audit,other object access events,gcchn0400.global.com,127.0.0.1,MSWinEventLog	1	Security	2487524	Tue May  2 23:03:25 2017	4656	Microsoft-Windows-Security-Auditing	N/A	N/A	Success Audit	gcCHN0400.global.com	Other Object Access Events		A handle to an object was requested.    Subject:   Security ID:  S-1-5-18   Account Name:  gcCHN0400$   Account Domain:  globalcom   Logon ID:  0x3e7    Object:   Object Server:  PlugPlayManager   Object Type:  Security   Object Name:  PlugPlaySecurityObject   Handle ID:  0x0    Process Information:   Process ID:  0x2d0   Process Name:  C:\Windows\System32\svchost.exe    Access Request Information:   Transaction ID:  {00000000-0000-0000-0000-000000000000}   Accesses:  Unknown specific access (bit 1)         Access Reasons:  -   Access Mask:  0x2   Privileges Used for Access Check: -   Restricted SID Count: 0	251461603,a handle to an object was requested,"auth,windows",2017-05-02T15:02:42.126Z,49348,172.20.38.23,ms_windows_event-1655484026,847,<14>May  2 23:03:25 gcCHN0400.global.com ,106197280,1,0.0.0.0/514/tcp,2afb-6547120,11003,gcchn0400.global.com, ,4656,ms_windows_event,security,9b86e025-c25e-4888-8e5f-1476e850455a#2902,"{""id"":""9b86e025-c25e-4888-8e5f-1476e850455a#2902"",""num_events"":2618,""data_type"":""passthrough"",""batch_id"":""9b86e025-c25e-4888-8e5f-1476e850455a"",""batch_segment"":0,""customer_id"":""lga03"",""sequence_number"":2901,""source_type"":""json"",""target_index"":""""}",11003,s-1-5-18,gcchn0400$,{00000000-0000-0000-0000-000000000000},plugplaymanager,0x2d0,c:\windows\system32\svchost.exe,-,0x3e7,unknown specific access (bit 1)         access reasons:  -,0,plugplaysecurityobject,globalcom, , , , , , , , , , , , , , , , , , , , , , , , , , , , , 
microsoft-windows-security-auditing,success audit,other object access events,gcchn0400.global.com,127.0.0.1,MSWinEventLog	1	Security	2487550	Tue May  2 23:03:25 2017	4656	Microsoft-Windows-Security-Auditing	N/A	N/A	Success Audit	gcCHN0400.global.com	Other Object Access Events		A handle to an object was requested.    Subject:   Security ID:  S-1-5-18   Account Name:  gcCHN0400$   Account Domain:  globalcom   Logon ID:  0x3e7    Object:   Object Server:  PlugPlayManager   Object Type:  Security   Object Name:  PlugPlaySecurityObject   Handle ID:  0x0    Process Information:   Process ID:  0x2d0   Process Name:  C:\Windows\System32\svchost.exe    Access Request Information:   Transaction ID:  {00000000-0000-0000-0000-000000000000}   Accesses:  Unknown specific access (bit 1)         Access Reasons:  -   Access Mask:  0x2   Privileges Used for Access Check: -   Restricted SID Count: 0	251461629,a handle to an object was requested,"auth,windows",2017-05-02T15:02:42.144Z,49348,172.20.38.23,ms_windows_event-1655484026,847,<14>May  2 23:03:25 gcCHN0400.global.com ,106197306,1,0.0.0.0/514/tcp,2afb-654713a,11003,gcchn0400.global.com, ,4656,ms_windows_event,security,9b86e025-c25e-4888-8e5f-1476e850455a#2905,"{""id"":""9b86e025-c25e-4888-8e5f-1476e850455a#2905"",""num_events"":2618,""data_type"":""passthrough"",""batch_id"":""9b86e025-c25e-4888-8e5f-1476e850455a"",""batch_segment"":0,""customer_id"":""lga03"",""sequence_number"":2904,""source_type"":""json"",""target_index"":""""}",11003,s-1-5-18,gcchn0400$,{00000000-0000-0000-0000-000000000000},plugplaymanager,0x2d0,c:\windows\system32\svchost.exe,-,0x3e7,unknown specific access (bit 1)         access reasons:  -,0,plugplaysecurityobject,globalcom, , , , , , , , , , , , , , , , , , , , , , , , , , , , , 
microsoft-windows-security-auditing,success audit,other object access events,gcchn0400.global.com,127.0.0.1,MSWinEventLog	1	Security	2487562	Tue May  2 23:03:25 2017	4656	Microsoft-Windows-Security-Auditing	N/A	N/A	Success Audit	gcCHN0400.global.com	Other Object Access Events		A handle to an object was requested.    Subject:   Security ID:  S-1-5-18   Account Name:  gcCHN0400$   Account Domain:  globalcom   Logon ID:  0x3e7    Object:   Object Server:  PlugPlayManager   Object Type:  Security   Object Name:  PlugPlaySecurityObject   Handle ID:  0x0    Process Information:   Process ID:  0x2d0   Process Name:  C:\Windows\System32\svchost.exe    Access Request Information:   Transaction ID:  {00000000-0000-0000-0000-000000000000}   Accesses:  Unknown specific access (bit 1)         Access Reasons:  -   Access Mask:  0x2   Privileges Used for Access Check: -   Restricted SID Count: 0	251461641,a handle to an object was requested,"auth,windows",2017-05-02T15:02:42.151Z,49348,172.20.38.23,ms_windows_event-1655484026,847,<14>May  2 23:03:25 gcCHN0400.global.com ,106197318,1,0.0.0.0/514/tcp,2afb-6547146,11003,gcchn0400.global.com, ,4656,ms_windows_event,security,9b86e025-c25e-4888-8e5f-1476e850455a#2906,"{""id"":""9b86e025-c25e-4888-8e5f-1476e850455a#2906"",""num_events"":2618,""data_type"":""passthrough"",""batch_id"":""9b86e025-c25e-4888-8e5f-1476e850455a"",""batch_segment"":0,""customer_id"":""lga03"",""sequence_number"":2905,""source_type"":""json"",""target_index"":""""}",11003,s-1-5-18,gcchn0400$,{00000000-0000-0000-0000-000000000000},plugplaymanager,0x2d0,c:\windows\system32\svchost.exe,-,0x3e7,unknown specific access (bit 1)         access reasons:  -,0,plugplaysecurityobject,globalcom, , , , , , , , , , , , , , , , , , , , , , , , , , , , , 
microsoft-windows-security-auditing,success audit,registry,gcegy0400.global.com,127.0.0.1,MSWinEventLog	1	Security	1078954	Tue May  2 17:02:40 2017	4656	Microsoft-Windows-Security-Auditing	N/A	N/A	Success Audit	gcEGY0400.global.com	Registry		A handle to an object was requested.    Subject:   Security ID:  S-1-5-18   Account Name:  gcEGY0400$   Account Domain:  globalcom   Logon ID:  0x3e7    Object:   Object Server:  Security   Object Type:  Key   Object Name:  \REGISTRY\MACHINE\SYSTEM\ControlSet001\services\eventlog\Security   Handle ID:  0x6cc    Process Information:   Process ID:  0x270   Process Name:  C:\Windows\System32\services.exe    Access Request Information:   Transaction ID:  {00000000-0000-0000-0000-000000000000}   Accesses:  Set key value         Access Reasons:  -   Access Mask:  0x2   Privileges Used for Access Check: -   Restricted SID Count: 0	169322794,a handle to an object was requested,"auth,windows",2017-05-02T15:02:42.063Z,62367,172.20.40.23,ms_windows_event-1655484026,845,<14>May  2 17:02:40 gcEGY0400.global.com ,192248810,1,0.0.0.0/514/tcp,2afc-b757bea,11004,gcegy0400.global.com, ,4656,ms_windows_event,security,9b86e025-c25e-4888-8e5f-1476e850455a#2911,"{""id"":""9b86e025-c25e-4888-8e5f-1476e850455a#2911"",""num_events"":2618,""data_type"":""passthrough"",""batch_id"":""9b86e025-c25e-4888-8e5f-1476e850455a"",""batch_segment"":0,""customer_id"":""lga03"",""sequence_number"":2910,""source_type"":""json"",""target_index"":""""}",11004,s-1-5-18,gcegy0400$,{00000000-0000-0000-0000-000000000000},security,0x270,c:\windows\system32\services.exe,-,0x3e7,set key value         access reasons:  -,1740,\registry\machine\system\controlset001\services\eventlog\security,globalcom, , , , , , , , , , , , , , , , , , , , , , , , , , , , , 
microsoft-windows-security-auditing,success audit,other object access events,gcchn0400.global.com,127.0.0.1,MSWinEventLog	1	Security	2487573	Tue May  2 23:03:25 2017	4656	Microsoft-Windows-Security-Auditing	N/A	N/A	Success Audit	gcCHN0400.global.com	Other Object Access Events		A handle to an object was requested.    Subject:   Security ID:  S-1-5-18   Account Name:  gcCHN0400$   Account Domain:  globalcom   Logon ID:  0x3e7    Object:   Object Server:  PlugPlayManager   Object Type:  Security   Object Name:  PlugPlaySecurityObject   Handle ID:  0x0    Process Information:   Process ID:  0x2d0   Process Name:  C:\Windows\System32\svchost.exe    Access Request Information:   Transaction ID:  {00000000-0000-0000-0000-000000000000}   Accesses:  Unknown specific access (bit 1)         Access Reasons:  -   Access Mask:  0x2   Privileges Used for Access Check: -   Restricted SID Count: 0	251461652,a handle to an object was requested,"auth,windows",2017-05-02T15:02:42.156Z,49348,172.20.38.23,ms_windows_event-1655484026,847,<14>May  2 23:03:25 gcCHN0400.global.com ,106197329,1,0.0.0.0/514/tcp,2afb-6547151,11003,gcchn0400.global.com, ,4656,ms_windows_event,security,9b86e025-c25e-4888-8e5f-1476e850455a#2927,"{""id"":""9b86e025-c25e-4888-8e5f-1476e850455a#2927"",""num_events"":2618,""data_type"":""passthrough"",""batch_id"":""9b86e025-c25e-4888-8e5f-1476e850455a"",""batch_segment"":0,""customer_id"":""lga03"",""sequence_number"":2926,""source_type"":""json"",""target_index"":""""}",11003,s-1-5-18,gcchn0400$,{00000000-0000-0000-0000-000000000000},plugplaymanager,0x2d0,c:\windows\system32\svchost.exe,-,0x3e7,unknown specific access (bit 1)         access reasons:  -,0,plugplaysecurityobject,globalcom, , , , , , , , , , , , , , , , , , , , , , , , , , , , , 
microsoft-windows-security-auditing,success audit,logogc,gcnyc-60-010.global.com,127.0.0.1,MSWinEventLog	1	Security	1354753	Tue May  2 11:02:48 2017	4634	Microsoft-Windows-Security-Auditing	N/A	N/A	Success Audit	gcNYC-60-010.global.com	Logogc		N/A	153578733,n/a,"auth,windows",2017-05-02T15:02:49.927Z,59147,172.21.14.26,ms_windows_event-1377334112,216,<14>May  2 11:02:48 gcNYC-60-010.global.com ,27946636472,0,0.0.0.0/514/tcp,2b03-681bfd4b8,11011,gcnyc-60-010.global.com,2017-05-02T11:02:48.000Z,4634,ms_windows_event,security,96c48028-9603-40be-b7ed-f0089f3cc16b#102,"{""id"":""96c48028-9603-40be-b7ed-f0089f3cc16b#102"",""num_events"":758,""data_type"":""passthrough"",""batch_id"":""96c48028-9603-40be-b7ed-f0089f3cc16b"",""batch_segment"":0,""customer_id"":""lga03"",""sequence_number"":101,""source_type"":""json"",""target_index"":""""}",11011, , , , , , , , , , , , , , , , , , , , , , , , , , , , , , , , , , , , , , , , , 
microsoft-windows-security-auditing,success audit,logon,gcnyc-60-010.global.com,127.0.0.1,MSWinEventLog	1	Security	1354756	Tue May  2 11:02:48 2017	4624	Microsoft-Windows-Security-Auditing	N/A	N/A	Success Audit	gcNYC-60-010.global.com	Logon		N/A	153578736,n/a,"auth,windows",2017-05-02T15:02:49.927Z,59147,172.21.14.26,ms_windows_event-796723568,215,<14>May  2 11:02:48 gcNYC-60-010.global.com ,27946636475,0,0.0.0.0/514/tcp,2b03-681bfd4bb,11011,gcnyc-60-010.global.com,2017-05-02T11:02:48.000Z,4624,ms_windows_event,security,96c48028-9603-40be-b7ed-f0089f3cc16b#103,"{""id"":""96c48028-9603-40be-b7ed-f0089f3cc16b#103"",""num_events"":758,""data_type"":""passthrough"",""batch_id"":""96c48028-9603-40be-b7ed-f0089f3cc16b"",""batch_segment"":0,""customer_id"":""lga03"",""sequence_number"":102,""source_type"":""json"",""target_index"":""""}",11011, , , , , , , , , , , , , , , , , , , , , , , , , , , , , , , , , , , , , , , , , 
microsoft-windows-security-auditing,success audit,logogc,gcbrw0000.global.com,127.0.0.1,MSWinEventLog	1	Security	796438	Tue May  2 11:02:48 2017	4634	Microsoft-Windows-Security-Auditing	N/A	N/A	Success Audit	gcBRW0000.global.com	Logogc		An account was logged ogc.    Subject:   Security ID:  S-1-5-21-2029550947-1910908428-336986018-23974   Account Name:  E.Oleary   Account Domain:  globalcom   Logon ID:  0x9F83BCF    Logon Type:   3    This event is generated when a logon session is destroyed. It may be positively correlated with a logon event using the Logon ID value. Logon IDs are only unique between reboots on the same computer.	64591147,an account was logged ogc,"auth,windows",2017-05-02T15:04:46.841Z,54837,172.24.19.20,ms_windows_event-3012490973,611,<14>May  2 11:02:48 gcBRW0000.global.com ,3969020334,1,0.0.0.0/514/tcp,2b04-ec9271ae,11012,gcbrw0000.global.com,2017-05-02T11:02:48.000Z,4634,ms_windows_event,security,96c48028-9603-40be-b7ed-f0089f3cc16b#120,"{""id"":""96c48028-9603-40be-b7ed-f0089f3cc16b#120"",""num_events"":758,""data_type"":""passthrough"",""batch_id"":""96c48028-9603-40be-b7ed-f0089f3cc16b"",""batch_segment"":0,""customer_id"":""lga03"",""sequence_number"":119,""source_type"":""json"",""target_index"":""""}",11012,s-1-5-21-2029550947-1910908428-336986018-23974,e.oleary, , , , , ,0x9f83bcf, , , ,globalcom, , , , , , , ,3,this event is generated when a logon session is destroyed, , , , , , , , , , , , , , , , , , , , 
microsoft-windows-security-auditing,success audit,logon,gcbrw0000.global.com,127.0.0.1,"MSWinEventLog	1	Security	796442	Tue May  2 11:02:48 2017	4624	Microsoft-Windows-Security-Auditing	N/A	N/A	Success Audit	gcBRW0000.global.com	Logon		An account was successfully logged on.    Subject:   Security ID:  S-1-0-0   Account Name:  -   Account Domain:  -   Logon ID:  0x0    Logon Type:   3    Impersonation Level:  Impersonation    New Logon:   Security ID:  S-1-5-21-2029550947-1910908428-336986018-41821   Account Name:  NYCLT5020$   Account Domain:  globalcom   Logon ID:  0x9F83C6F   Logon GUID:  {D7A0C019-234D-F082-10C6-D886EDC1F484}    Process Information:   Process ID:  0x0   Process Name:  -    Network Information:   Workstation Name:    Source Network Address: 172.24.33.137   Source Port:  52339    Detailed Authentication Information:   Logon Process:  Kerberos   Authentication Package: Kerberos   Transited Services: -   Package Name (NTLM only): -   Key Length:  0    This event is generated when a logon session is created. It is generated on the computer that was accessed.    The subject fields indicate the account on the local system which requested the logon. This is most commonly a service such as the Server service, or a local process such as Winlogon.exe or Services.exe.    The logon type field indicates the kind of logon that occurred. The most common types are 2 (interactive) and 3 (network).    The New Logon fields indicate the account for whom the new logon was created, i.e. the account that was logged on.    The network fields indicate where a remote logon request originated. Workstation name is not always available and may be left blank in some cases.    The impersonation level field indicates the extent to which a process in the logon session can impersonate.    The authentication information fields provide detailed information about this specific logon request.   - Logon GUID is a unique identifier that can be used to correlate this event with a KDC event.   - Transited services indicate which intermediate services have participated in this logon request.   - Package name indicates which sub-protocol was used among the NTLM protocols.   - Key length indicates the length of the generated session key. This will be 0 if no session key was requested.	64591151",an account was successfully logged on,"auth,windows",2017-05-02T15:04:46.843Z,54837,172.24.19.20,ms_windows_event-3795724934,2272,<14>May  2 11:02:48 gcBRW0000.global.com ,3969020338,1,0.0.0.0/514/tcp,2b04-ec9271b2,11012,gcbrw0000.global.com,2017-05-02T11:02:48.000Z,4624,ms_windows_event,security,96c48028-9603-40be-b7ed-f0089f3cc16b#121,"{""id"":""96c48028-9603-40be-b7ed-f0089f3cc16b#121"",""num_events"":758,""data_type"":""passthrough"",""batch_id"":""96c48028-9603-40be-b7ed-f0089f3cc16b"",""batch_segment"":0,""customer_id"":""lga03"",""sequence_number"":120,""source_type"":""json"",""target_index"":""""}",11012,s-1-5-21-2029550947-1910908428-336986018-41821,nyclt5020$, , ,0x0,-, ,0x9f83c6f, , , ,globalcom, ,52339,172.24.33.137, , ,private ip address lan,rsv,3,this event is generated when a logon session is created, ,,kerberos,"[""1.1.1521""]", , , , , , , , , , , , , , , , 
microsoft-windows-security-auditing,success audit,logogc,gcbrw0000.global.com,127.0.0.1,MSWinEventLog	1	Security	796365	Tue May  2 11:02:46 2017	4634	Microsoft-Windows-Security-Auditing	N/A	N/A	Success Audit	gcBRW0000.global.com	Logogc		An account was logged ogc.    Subject:   Security ID:  S-1-5-21-2029550947-1910908428-336986018-27940   Account Name:  NYCLT4963-0443$   Account Domain:  globalcom   Logon ID:  0x9F804A9    Logon Type:   3    This event is generated when a logon session is destroyed. It may be positively correlated with a logon event using the Logon ID value. Logon IDs are only unique between reboots on the same computer.	64591074,an account was logged ogc,"auth,windows",2017-05-02T15:04:44.828Z,54837,172.24.19.20,ms_windows_event-3012490973,618,<14>May  2 11:02:46 gcBRW0000.global.com ,3969019426,1,0.0.0.0/514/tcp,2b04-ec926e22,11012,gcbrw0000.global.com,2017-05-02T11:02:46.000Z,4634,ms_windows_event,security,96c48028-9603-40be-b7ed-f0089f3cc16b#171,"{""id"":""96c48028-9603-40be-b7ed-f0089f3cc16b#171"",""num_events"":758,""data_type"":""passthrough"",""batch_id"":""96c48028-9603-40be-b7ed-f0089f3cc16b"",""batch_segment"":0,""customer_id"":""lga03"",""sequence_number"":170,""source_type"":""json"",""target_index"":""""}",11012,s-1-5-21-2029550947-1910908428-336986018-27940,nyclt4963-0443$, , , , , ,0x9f804a9, , , ,globalcom, , , , , , , ,3,this event is generated when a logon session is destroyed, , , , , , , , , , , , , , , , , , , , 
microsoft-windows-security-auditing,success audit,detailed file share,gcegy0400.global.com,127.0.0.1,MSWinEventLog	1	Security	1079015	Tue May  2 17:02:47 2017	5145	Microsoft-Windows-Security-Auditing	N/A	N/A	Success Audit	gcEGY0400.global.com	Detailed File Share		A network share object was checked to see whether client can be granted desired access.     Subject:   Security ID:  S-1-5-21-2029550947-1910908428-336986018-29776   Account Name:  A.Goh   Account Domain:  globalcom   Logon ID:  0xgcf61c1    Network Information:    Object Type:  File   Source Address:  172.24.33.53   Source Port:  49915     Share Information:   Share Name:  \\*\IPC$   Share Path:     Relative Target Name: spoolss    Access Request Information:   Access Mask:  0x12019f   Accesses:  READ_CONTROL      SYNCHRONIZE      ReadData (or ListDirectory)      WriteData (or AddFile)      AppendData (or AddSubdirectory or CreatePipeInstance)      ReadEA      WriteEA      ReadAttributes      WriteAttributes        Access Check Results:   -  	169322855,a network share object was checked to see whether client can be granted desired access,"auth,windows",2017-05-02T15:02:48.182Z,62367,172.20.40.23,ms_windows_event-581143289,978,<14>May  2 17:02:47 gcEGY0400.global.com ,192249084,1,0.0.0.0/514/tcp,2afc-b757cfc,11004,gcegy0400.global.com,2017-05-02T17:02:47.000Z,5145,ms_windows_event,security,96c48028-9603-40be-b7ed-f0089f3cc16b#194,"{""id"":""96c48028-9603-40be-b7ed-f0089f3cc16b#194"",""num_events"":758,""data_type"":""passthrough"",""batch_id"":""96c48028-9603-40be-b7ed-f0089f3cc16b"",""batch_segment"":0,""customer_id"":""lga03"",""sequence_number"":193,""source_type"":""json"",""target_index"":""""}",11004,s-1-5-21-2029550947-1910908428-336986018-29776,a.goh, , , , , ,0xgcf61c1,read_control      synchronize      readdata (or listdirectory)      writedata (or addfile)      appenddata (or addsubdirectory or createpipeinstance)      readea      writeea      readattributes      writeattributes, ,\\*\ipc$,globalcom, ,49915,172.24.33.53, , ,private ip address lan,rsv, , , , , , , , , , , , , , , , , , , , , , 
microsoft-windows-security-auditing,success audit,logon,gcnyc-60-010.global.com,127.0.0.1,MSWinEventLog	1	Security	1354742	Tue May  2 11:02:48 2017	4624	Microsoft-Windows-Security-Auditing	N/A	N/A	Success Audit	gcNYC-60-010.global.com	Logon		N/A	153578722,n/a,"auth,windows",2017-05-02T15:02:49.926Z,59147,172.21.14.26,ms_windows_event-796723568,215,<14>May  2 11:02:48 gcNYC-60-010.global.com ,27946636461,0,0.0.0.0/514/tcp,2b03-681bfd4ad,11011,gcnyc-60-010.global.com,2017-05-02T11:02:48.000Z,4624,ms_windows_event,security,96c48028-9603-40be-b7ed-f0089f3cc16b#305,"{""id"":""96c48028-9603-40be-b7ed-f0089f3cc16b#305"",""num_events"":716,""data_type"":""passthrough"",""batch_id"":""96c48028-9603-40be-b7ed-f0089f3cc16b"",""batch_segment"":0,""customer_id"":""lga03"",""sequence_number"":304,""source_type"":""json"",""target_index"":""""}",11011, , , , , , , , , , , , , , , , , , , , , , , , , , , , , , , , , , , , , , , , , 
microsoft-windows-security-auditing,success audit,logogc,gcnyc-60-010.global.com,127.0.0.1,MSWinEventLog	1	Security	1354749	Tue May  2 11:02:48 2017	4634	Microsoft-Windows-Security-Auditing	N/A	N/A	Success Audit	gcNYC-60-010.global.com	Logogc		N/A	153578729,n/a,"auth,windows",2017-05-02T15:02:49.927Z,59147,172.21.14.26,ms_windows_event-1377334112,216,<14>May  2 11:02:48 gcNYC-60-010.global.com ,27946636468,0,0.0.0.0/514/tcp,2b03-681bfd4b4,11011,gcnyc-60-010.global.com,2017-05-02T11:02:48.000Z,4634,ms_windows_event,security,96c48028-9603-40be-b7ed-f0089f3cc16b#307,"{""id"":""96c48028-9603-40be-b7ed-f0089f3cc16b#307"",""num_events"":716,""data_type"":""passthrough"",""batch_id"":""96c48028-9603-40be-b7ed-f0089f3cc16b"",""batch_segment"":0,""customer_id"":""lga03"",""sequence_number"":306,""source_type"":""json"",""target_index"":""""}",11011, , , , , , , , , , , , , , , , , , , , , , , , , , , , , , , , , , , , , , , , , 
microsoft-windows-security-auditing,success audit,kerberos service ticket operations,gcnyc-60-010.global.com,127.0.0.1,MSWinEventLog	1	Security	1354754	Tue May  2 11:02:48 2017	4769	Microsoft-Windows-Security-Auditing	N/A	N/A	Success Audit	gcNYC-60-010.global.com	Kerberos Service Ticket Operations		N/A	153578734,n/a,"auth,windows",2017-05-02T15:02:49.927Z,59147,172.21.14.26,ms_windows_event-2408821607,244,<14>May  2 11:02:48 gcNYC-60-010.global.com ,27946636473,0,0.0.0.0/514/tcp,2b03-681bfd4b9,11011,gcnyc-60-010.global.com,2017-05-02T11:02:48.000Z,4769,ms_windows_event,security,96c48028-9603-40be-b7ed-f0089f3cc16b#308,"{""id"":""96c48028-9603-40be-b7ed-f0089f3cc16b#308"",""num_events"":716,""data_type"":""passthrough"",""batch_id"":""96c48028-9603-40be-b7ed-f0089f3cc16b"",""batch_segment"":0,""customer_id"":""lga03"",""sequence_number"":307,""source_type"":""json"",""target_index"":""""}",11011, , , , , , , , , , , , , , , , , , , , , , , , , , , , , , , , , , , , , , , , , 
microsoft-windows-security-auditing,success audit,logon,gcsmq0002.global.com,127.0.0.1,MSWinEventLog	1	Security	2132055	Tue May  2 11:02:49 2017	4624	Microsoft-Windows-Security-Auditing	N/A	N/A	Success Audit	gcSMQ0002.global.com	Logon		N/A	304321600,n/a,"auth,windows",2017-05-02T15:02:50.446Z,50165,172.21.14.21,ms_windows_event-796723568,209,<14>May  2 11:02:49 gcSMQ0002.global.com ,27946636662,0,0.0.0.0/514/tcp,2b03-681bfd576,11011,gcsmq0002.global.com,2017-05-02T11:02:49.000Z,4624,ms_windows_event,security,96c48028-9603-40be-b7ed-f0089f3cc16b#327,"{""id"":""96c48028-9603-40be-b7ed-f0089f3cc16b#327"",""num_events"":716,""data_type"":""passthrough"",""batch_id"":""96c48028-9603-40be-b7ed-f0089f3cc16b"",""batch_segment"":0,""customer_id"":""lga03"",""sequence_number"":326,""source_type"":""json"",""target_index"":""""}",11011, , , , , , , , , , , , , , , , , , , , , , , , , , , , , , , , , , , , , , , , , 
microsoft-windows-security-auditing,success audit,logon,gcsmq0002.global.com,127.0.0.1,MSWinEventLog	1	Security	2132063	Tue May  2 11:02:49 2017	4624	Microsoft-Windows-Security-Auditing	N/A	N/A	Success Audit	gcSMQ0002.global.com	Logon		N/A	304321606,n/a,"auth,windows",2017-05-02T15:02:50.450Z,50165,172.21.14.21,ms_windows_event-796723568,209,<14>May  2 11:02:49 gcSMQ0002.global.com ,27946636670,0,0.0.0.0/514/tcp,2b03-681bfd57e,11011,gcsmq0002.global.com,2017-05-02T11:02:49.000Z,4624,ms_windows_event,security,96c48028-9603-40be-b7ed-f0089f3cc16b#329,"{""id"":""96c48028-9603-40be-b7ed-f0089f3cc16b#329"",""num_events"":716,""data_type"":""passthrough"",""batch_id"":""96c48028-9603-40be-b7ed-f0089f3cc16b"",""batch_segment"":0,""customer_id"":""lga03"",""sequence_number"":328,""source_type"":""json"",""target_index"":""""}",11011, , , , , , , , , , , , , , , , , , , , , , , , , , , , , , , , , , , , , , , , , 
microsoft-windows-security-auditing,success audit,logon,gcsmq0002.global.com,127.0.0.1,MSWinEventLog	1	Security	2132067	Tue May  2 11:02:49 2017	4624	Microsoft-Windows-Security-Auditing	N/A	N/A	Success Audit	gcSMQ0002.global.com	Logon		N/A	304321607,n/a,"auth,windows",2017-05-02T15:02:50.452Z,50165,172.21.14.21,ms_windows_event-796723568,209,<14>May  2 11:02:49 gcSMQ0002.global.com ,27946636674,0,0.0.0.0/514/tcp,2b03-681bfd582,11011,gcsmq0002.global.com,2017-05-02T11:02:49.000Z,4624,ms_windows_event,security,96c48028-9603-40be-b7ed-f0089f3cc16b#330,"{""id"":""96c48028-9603-40be-b7ed-f0089f3cc16b#330"",""num_events"":716,""data_type"":""passthrough"",""batch_id"":""96c48028-9603-40be-b7ed-f0089f3cc16b"",""batch_segment"":0,""customer_id"":""lga03"",""sequence_number"":329,""source_type"":""json"",""target_index"":""""}",11011, , , , , , , , , , , , , , , , , , , , , , , , , , , , , , , , , , , , , , , , , 
microsoft-windows-security-auditing,success audit,logon,gcsmq0002.global.com,127.0.0.1,MSWinEventLog	1	Security	2132071	Tue May  2 11:02:49 2017	4624	Microsoft-Windows-Security-Auditing	N/A	N/A	Success Audit	gcSMQ0002.global.com	Logon		N/A	304321610,n/a,"auth,windows",2017-05-02T15:02:50.453Z,50165,172.21.14.21,ms_windows_event-796723568,209,<14>May  2 11:02:49 gcSMQ0002.global.com ,27946636678,0,0.0.0.0/514/tcp,2b03-681bfd586,11011,gcsmq0002.global.com,2017-05-02T11:02:49.000Z,4624,ms_windows_event,security,96c48028-9603-40be-b7ed-f0089f3cc16b#331,"{""id"":""96c48028-9603-40be-b7ed-f0089f3cc16b#331"",""num_events"":716,""data_type"":""passthrough"",""batch_id"":""96c48028-9603-40be-b7ed-f0089f3cc16b"",""batch_segment"":0,""customer_id"":""lga03"",""sequence_number"":330,""source_type"":""json"",""target_index"":""""}",11011, , , , , , , , , , , , , , , , , , , , , , , , , , , , , , , , , , , , , , , , , 
microsoft-windows-security-auditing,success audit,file system,gcsmq0002.global.com,127.0.0.1,MSWinEventLog	1	Security	2132080	Tue May  2 11:02:49 2017	4985	Microsoft-Windows-Security-Auditing	N/A	N/A	Success Audit	gcSMQ0002.global.com	File System		N/A	304321614,n/a,"auth,windows",2017-05-02T15:02:50.465Z,50165,172.21.14.21,ms_windows_event-3019350328,215,<14>May  2 11:02:49 gcSMQ0002.global.com ,27946636688,0,0.0.0.0/514/tcp,2b03-681bfd590,11011,gcsmq0002.global.com,2017-05-02T11:02:49.000Z,4985,ms_windows_event,security,96c48028-9603-40be-b7ed-f0089f3cc16b#334,"{""id"":""96c48028-9603-40be-b7ed-f0089f3cc16b#334"",""num_events"":716,""data_type"":""passthrough"",""batch_id"":""96c48028-9603-40be-b7ed-f0089f3cc16b"",""batch_segment"":0,""customer_id"":""lga03"",""sequence_number"":333,""source_type"":""json"",""target_index"":""""}",11011, , , , , , , , , , , , , , , , , , , , , , , , , , , , , , , , , , , , , , , , , 
microsoft-windows-security-auditing,success audit,kerberos service ticket operations,gcsmq0002.global.com,127.0.0.1,MSWinEventLog	1	Security	2132084	Tue May  2 11:02:49 2017	4769	Microsoft-Windows-Security-Auditing	N/A	N/A	Success Audit	gcSMQ0002.global.com	Kerberos Service Ticket Operations		N/A	304321618,n/a,"auth,windows",2017-05-02T15:02:50.467Z,50165,172.21.14.21,ms_windows_event-2408821607,238,<14>May  2 11:02:49 gcSMQ0002.global.com ,27946636692,0,0.0.0.0/514/tcp,2b03-681bfd594,11011,gcsmq0002.global.com,2017-05-02T11:02:49.000Z,4769,ms_windows_event,security,96c48028-9603-40be-b7ed-f0089f3cc16b#335,"{""id"":""96c48028-9603-40be-b7ed-f0089f3cc16b#335"",""num_events"":716,""data_type"":""passthrough"",""batch_id"":""96c48028-9603-40be-b7ed-f0089f3cc16b"",""batch_segment"":0,""customer_id"":""lga03"",""sequence_number"":334,""source_type"":""json"",""target_index"":""""}",11011, , , , , , , , , , , , , , , , , , , , , , , , , , , , , , , , , , , , , , , , , 
microsoft-windows-security-auditing,success audit,logon,gcsmq0002.global.com,127.0.0.1,MSWinEventLog	1	Security	2132088	Tue May  2 11:02:49 2017	4624	Microsoft-Windows-Security-Auditing	N/A	N/A	Success Audit	gcSMQ0002.global.com	Logon		N/A	304321622,n/a,"auth,windows",2017-05-02T15:02:50.470Z,50165,172.21.14.21,ms_windows_event-796723568,209,<14>May  2 11:02:49 gcSMQ0002.global.com ,27946636696,0,0.0.0.0/514/tcp,2b03-681bfd598,11011,gcsmq0002.global.com,2017-05-02T11:02:49.000Z,4624,ms_windows_event,security,96c48028-9603-40be-b7ed-f0089f3cc16b#336,"{""id"":""96c48028-9603-40be-b7ed-f0089f3cc16b#336"",""num_events"":716,""data_type"":""passthrough"",""batch_id"":""96c48028-9603-40be-b7ed-f0089f3cc16b"",""batch_segment"":0,""customer_id"":""lga03"",""sequence_number"":335,""source_type"":""json"",""target_index"":""""}",11011, , , , , , , , , , , , , , , , , , , , , , , , , , , , , , , , , , , , , , , , , 
microsoft-windows-taskscheduler,information,created task process,gcsmq0002.global.com,127.0.0.1,"MSWinEventLog	1	Microsoft-Windows-TaskScheduler/Operational	2132023	Tue May  2 11:02:48 2017	129	Microsoft-Windows-TaskScheduler	SYSTEM	User	Information	gcSMQ0002.global.com	Created Task Process		Task Scheduler launch task ""\Microsoft\Windows\TaskScheduler\Maintenance Configurator"" , instance ""taskhostex.exe""  with process ID 1764.	6908153","task scheduler launch task ""\microsoft\windows\taskscheduler\maintenance configurator"" , instance ""taskhostex.exe""  with process id 1764","auth,windows",2017-05-02T15:02:50.432Z,50165,172.21.14.21,ms_windows_event-1941980642,388,<14>May  2 11:02:48 gcSMQ0002.global.com ,27946636629,0,0.0.0.0/514/tcp,2b03-681bfd555,11011,gcsmq0002.global.com,2017-05-02T11:02:48.000Z,129,ms_windows_event,microsoft-windows-taskscheduler/operational,96c48028-9603-40be-b7ed-f0089f3cc16b#346,"{""id"":""96c48028-9603-40be-b7ed-f0089f3cc16b#346"",""num_events"":716,""data_type"":""passthrough"",""batch_id"":""96c48028-9603-40be-b7ed-f0089f3cc16b"",""batch_segment"":0,""customer_id"":""lga03"",""sequence_number"":345,""source_type"":""json"",""target_index"":""""}",11011, , , , , , , , , , , , , , , , , , , , , , , , , , , , , , , , , , , , , , , , , 
microsoft-windows-security-auditing,success audit,logon,gcsmq0002.global.com,127.0.0.1,MSWinEventLog	1	Security	2132031	Tue May  2 11:02:48 2017	4624	Microsoft-Windows-Security-Auditing	N/A	N/A	Success Audit	gcSMQ0002.global.com	Logon		N/A	304321579,n/a,"auth,windows",2017-05-02T15:02:50.435Z,50165,172.21.14.21,ms_windows_event-796723568,209,<14>May  2 11:02:48 gcSMQ0002.global.com ,27946636637,0,0.0.0.0/514/tcp,2b03-681bfd55d,11011,gcsmq0002.global.com,2017-05-02T11:02:48.000Z,4624,ms_windows_event,security,96c48028-9603-40be-b7ed-f0089f3cc16b#348,"{""id"":""96c48028-9603-40be-b7ed-f0089f3cc16b#348"",""num_events"":716,""data_type"":""passthrough"",""batch_id"":""96c48028-9603-40be-b7ed-f0089f3cc16b"",""batch_segment"":0,""customer_id"":""lga03"",""sequence_number"":347,""source_type"":""json"",""target_index"":""""}",11011, , , , , , , , , , , , , , , , , , , , , , , , , , , , , , , , , , , , , , , , , 
microsoft-windows-security-auditing,success audit,logon,gcsmq0002.global.com,127.0.0.1,MSWinEventLog	1	Security	2132035	Tue May  2 11:02:48 2017	4624	Microsoft-Windows-Security-Auditing	N/A	N/A	Success Audit	gcSMQ0002.global.com	Logon		N/A	304321583,n/a,"auth,windows",2017-05-02T15:02:50.437Z,50165,172.21.14.21,ms_windows_event-796723568,209,<14>May  2 11:02:48 gcSMQ0002.global.com ,27946636641,0,0.0.0.0/514/tcp,2b03-681bfd561,11011,gcsmq0002.global.com,2017-05-02T11:02:48.000Z,4624,ms_windows_event,security,96c48028-9603-40be-b7ed-f0089f3cc16b#349,"{""id"":""96c48028-9603-40be-b7ed-f0089f3cc16b#349"",""num_events"":716,""data_type"":""passthrough"",""batch_id"":""96c48028-9603-40be-b7ed-f0089f3cc16b"",""batch_segment"":0,""customer_id"":""lga03"",""sequence_number"":348,""source_type"":""json"",""target_index"":""""}",11011, , , , , , , , , , , , , , , , , , , , , , , , , , , , , , , , , , , , , , , , , 
microsoft-windows-security-auditing,success audit,logogc,gcbrw0000.global.com,127.0.0.1,MSWinEventLog	1	Security	796410	Tue May  2 11:02:47 2017	4634	Microsoft-Windows-Security-Auditing	N/A	N/A	Success Audit	gcBRW0000.global.com	Logogc		An account was logged ogc.    Subject:   Security ID:  S-1-5-21-2029550947-1910908428-336986018-4817   Account Name:  I.Tsamblakos   Account Domain:  globalcom   Logon ID:  0x9F839E2    Logon Type:   3    This event is generated when a logon session is destroyed. It may be positively correlated with a logon event using the Logon ID value. Logon IDs are only unique between reboots on the same computer.	64591119,an account was logged ogc,"auth,windows",2017-05-02T15:04:45.838Z,54837,172.24.19.20,ms_windows_event-3012490973,614,<14>May  2 11:02:47 gcBRW0000.global.com ,3969019880,1,0.0.0.0/514/tcp,2b04-ec926fe8,11012,gcbrw0000.global.com,2017-05-02T11:02:47.000Z,4634,ms_windows_event,security,96c48028-9603-40be-b7ed-f0089f3cc16b#365,"{""id"":""96c48028-9603-40be-b7ed-f0089f3cc16b#365"",""num_events"":716,""data_type"":""passthrough"",""batch_id"":""96c48028-9603-40be-b7ed-f0089f3cc16b"",""batch_segment"":0,""customer_id"":""lga03"",""sequence_number"":364,""source_type"":""json"",""target_index"":""""}",11012,s-1-5-21-2029550947-1910908428-336986018-4817,i.tsamblakos, , , , , ,0x9f839e2, , , ,globalcom, , , , , , , ,3,this event is generated when a logon session is destroyed, , , , , , , , , , , , , , , , , , , , 
microsoft-windows-security-auditing,success audit,process termination,gcsmq0602.global.com,127.0.0.1,MSWinEventLog	1	Security	1160127	Tue May  2 11:02:42 2017	4689	Microsoft-Windows-Security-Auditing	N/A	N/A	Success Audit	gcSMQ0602.global.com	Process Termination		A process has exited.    Subject:   Security ID:  S-1-5-80-3958276243-2739099675-334681800-2039304502-2384811254   Account Name:  semsrv   Account Domain:  NT SERVICE   Logon ID:  0x3530a    Process Information:   Process ID: 0x18f8   Process Name: D:\Program Files (x86)\Symantec\Symantec Endpoint Protection Manager\bin\USNWash.exe   Exit Status: 0x40000031	1210041839,a process has exited,"auth,windows",2017-05-02T15:02:44.443Z,54131,172.21.25.20,ms_windows_event-268340335,580,<14>May  2 11:02:42 gcSMQ0602.global.com ,27946635184,0,0.0.0.0/514/tcp,2b03-681bfcfb0,11011,gcsmq0602.global.com,2017-05-02T11:02:42.000Z,4689,ms_windows_event,security,96c48028-9603-40be-b7ed-f0089f3cc16b#463,"{""id"":""96c48028-9603-40be-b7ed-f0089f3cc16b#463"",""num_events"":712,""data_type"":""passthrough"",""batch_id"":""96c48028-9603-40be-b7ed-f0089f3cc16b"",""batch_segment"":0,""customer_id"":""lga03"",""sequence_number"":462,""source_type"":""json"",""target_index"":""""}",11011, ,semsrv, , ,0x18f8,d:\program files (x86)\symantec\symantec endpoint protection manager\bin\usnwash.exe, ,0x3530a, , , ,nt, , , , , , , , , , , , , , , , , , , , , , , , , , , , , 
microsoft-windows-security-auditing,success audit,logogc,gcsmq0002.global.com,127.0.0.1,MSWinEventLog	1	Security	2132038	Tue May  2 11:02:49 2017	4634	Microsoft-Windows-Security-Auditing	N/A	N/A	Success Audit	gcSMQ0002.global.com	Logogc		N/A	304321586,n/a,"auth,windows",2017-05-02T15:02:50.438Z,50165,172.21.14.21,ms_windows_event-1377334112,210,<14>May  2 11:02:49 gcSMQ0002.global.com ,27946636645,0,0.0.0.0/514/tcp,2b03-681bfd565,11011,gcsmq0002.global.com,2017-05-02T11:02:49.000Z,4634,ms_windows_event,security,96c48028-9603-40be-b7ed-f0089f3cc16b#470,"{""id"":""96c48028-9603-40be-b7ed-f0089f3cc16b#470"",""num_events"":712,""data_type"":""passthrough"",""batch_id"":""96c48028-9603-40be-b7ed-f0089f3cc16b"",""batch_segment"":0,""customer_id"":""lga03"",""sequence_number"":469,""source_type"":""json"",""target_index"":""""}",11011, , , , , , , , , , , , , , , , , , , , , , , , , , , , , , , , , , , , , , , , , 
microsoft-windows-security-auditing,success audit,filtering platform connection,gcegy0400.global.com,127.0.0.1,MSWinEventLog	1	Security	1079027	Tue May  2 17:02:48 2017	5158	Microsoft-Windows-Security-Auditing	N/A	N/A	Success Audit	gcEGY0400.global.com	Filtering Platform Connection		The Windows Filtering Platform has permitted a bind to a local port.    Application Information:   Process ID:  1100   Application Name: \device\harddiskvolume2\windows\system32\svchost.exe    Network Information:   Source Address:  0.0.0.0   Source Port:  64665   Protocol:  17    Filter Information:   Filter Run-Time ID: 0   Layer Name:  Resource Assignment   Layer Run-Time ID: 36	169322867,the windows filtering platform has permitted a bind to a local port,"auth,windows",2017-05-02T15:02:50.221Z,62367,172.20.40.23,ms_windows_event-1072601665,614,<14>May  2 17:02:48 gcEGY0400.global.com ,192249131,1,0.0.0.0/514/tcp,2afc-b757d2b,11004,gcegy0400.global.com,2017-05-02T17:02:48.000Z,5158,ms_windows_event,security,96c48028-9603-40be-b7ed-f0089f3cc16b#474,"{""id"":""96c48028-9603-40be-b7ed-f0089f3cc16b#474"",""num_events"":712,""data_type"":""passthrough"",""batch_id"":""96c48028-9603-40be-b7ed-f0089f3cc16b"",""batch_segment"":0,""customer_id"":""lga03"",""sequence_number"":473,""source_type"":""json"",""target_index"":""""}",11004, , , , , , , , , , , , , ,64665,0.0.0.0,17,\device\harddiskvolume2\windows\system32\svchost.exe,broadcast rfc1700,rsv, , , , , , , , , , , , , , , , , , , , , , 
microsoft-windows-security-auditing,success audit,kerberos service ticket operations,gcbrw0000.global.com,127.0.0.1,"MSWinEventLog	1	Security	796465	Tue May  2 11:02:49 2017	4769	Microsoft-Windows-Security-Auditing	N/A	N/A	Success Audit	gcBRW0000.global.com	Kerberos Service Ticket Operations		A Kerberos service ticket was requested.    Account Information:   Account Name:  NYCLT5367C$@global.com   Account Domain:  global.com   Logon GUID:  {058BE146-CF96-3ABD-B416-BC862B7EFEEA}    Service Information:   Service Name:  NYCLT5367C$   Service ID:  S-1-5-21-2029550947-1910908428-336986018-39703    Network Information:   Client Address:  ::gcgc:172.24.32.138   Client Port:  51213    Additional Information:   Ticket Options:  0x40810000   Ticket Encryption Type: 0x12   Failure Code:  0x0   Transited Services: -    This event is generated every time access is requested to a resource such as a computer or a Windows service.  The service name indicates the resource to which access was requested.    This event can be correlated with Windows logon events by comparing the Logon GUID fields in each event.  The logon event occurs on the machine that was accessed, which is often a digcerent machine than the domain controller which issued the service ticket.    Ticket options, encryption types, and failure codes are defined in RFC 4120.	64591174",a kerberos service ticket was requested,"auth,windows",2017-05-02T15:04:47.852Z,54837,172.24.19.20,ms_windows_event-504109373,1287,<14>May  2 11:02:49 gcBRW0000.global.com ,3969020693,1,0.0.0.0/514/tcp,2b04-ec927315,11012,gcbrw0000.global.com, ,4769,ms_windows_event,security,96c48028-9603-40be-b7ed-f0089f3cc16b#540,"{""id"":""96c48028-9603-40be-b7ed-f0089f3cc16b#540"",""num_events"":709,""data_type"":""passthrough"",""batch_id"":""96c48028-9603-40be-b7ed-f0089f3cc16b"",""batch_segment"":0,""customer_id"":""lga03"",""sequence_number"":539,""source_type"":""json"",""target_index"":""""}",11012, ,nyclt5367c$@global.com, , , , , , , , , ,global.com, ,51213, , , , , , ,this event is generated every time access is requested to a resource such as a computer or a windows service,::gcgc:172.24.32.138, , , , , , , , , , , , , , , , , , , 
microsoft-windows-security-auditing,success audit,logon,gcbrw0000.global.com,127.0.0.1,"MSWinEventLog	1	Security	796432	Tue May  2 11:02:48 2017	4624	Microsoft-Windows-Security-Auditing	N/A	N/A	Success Audit	gcBRW0000.global.com	Logon		An account was successfully logged on.    Subject:   Security ID:  S-1-0-0   Account Name:  -   Account Domain:  -   Logon ID:  0x0    Logon Type:   3    Impersonation Level:  Impersonation    New Logon:   Security ID:  S-1-5-21-2029550947-1910908428-336986018-23974   Account Name:  E.Oleary   Account Domain:  globalcom   Logon ID:  0x9F83BCF   Logon GUID:  {804DBE99-00F5-A4BF-50CD-1B4DA573E2F9}    Process Information:   Process ID:  0x0   Process Name:  -    Network Information:   Workstation Name:    Source Network Address: 172.24.40.44   Source Port:  51603    Detailed Authentication Information:   Logon Process:  Kerberos   Authentication Package: Kerberos   Transited Services: -   Package Name (NTLM only): -   Key Length:  0    This event is generated when a logon session is created. It is generated on the computer that was accessed.    The subject fields indicate the account on the local system which requested the logon. This is most commonly a service such as the Server service, or a local process such as Winlogon.exe or Services.exe.    The logon type field indicates the kind of logon that occurred. The most common types are 2 (interactive) and 3 (network).    The New Logon fields indicate the account for whom the new logon was created, i.e. the account that was logged on.    The network fields indicate where a remote logon request originated. Workstation name is not always available and may be left blank in some cases.    The impersonation level field indicates the extent to which a process in the logon session can impersonate.    The authentication information fields provide detailed information about this specific logon request.   - Logon GUID is a unique identifier that can be used to correlate this event with a KDC event.   - Transited services indicate which intermediate services have participated in this logon request.   - Package name indicates which sub-protocol was used among the NTLM protocols.   - Key length indicates the length of the generated session key. This will be 0 if no session key was requested.	64591141",an account was successfully logged on,"auth,windows",2017-05-02T15:04:46.838Z,54837,172.24.19.20,ms_windows_event-3795724934,2269,<14>May  2 11:02:48 gcBRW0000.global.com ,3969020327,1,0.0.0.0/514/tcp,2b04-ec9271a7,11012,gcbrw0000.global.com,2017-05-02T11:02:48.000Z,4624,ms_windows_event,security,96c48028-9603-40be-b7ed-f0089f3cc16b#572,"{""id"":""96c48028-9603-40be-b7ed-f0089f3cc16b#572"",""num_events"":709,""data_type"":""passthrough"",""batch_id"":""96c48028-9603-40be-b7ed-f0089f3cc16b"",""batch_segment"":0,""customer_id"":""lga03"",""sequence_number"":571,""source_type"":""json"",""target_index"":""""}",11012,s-1-5-21-2029550947-1910908428-336986018-23974,e.oleary, , ,0x0,-, ,0x9f83bcf, , , ,globalcom, ,51603,172.24.40.44, , ,private ip address lan,rsv,3,this event is generated when a logon session is created, ,,kerberos,"[""1.1.1521"",""1.1.1552""]", , , , , , , , , , , , , , , , 
microsoft-windows-security-auditing,success audit,kerberos service ticket operations,gcbrw0000.global.com,127.0.0.1,"MSWinEventLog	1	Security	796443	Tue May  2 11:02:48 2017	4769	Microsoft-Windows-Security-Auditing	N/A	N/A	Success Audit	gcBRW0000.global.com	Kerberos Service Ticket Operations		A Kerberos service ticket was requested.    Account Information:   Account Name:  l.mowers@global.com   Account Domain:  global.com   Logon GUID:  {E2CA4BFA-D2BB-05F8-9D7A-4B4952C6510B}    Service Information:   Service Name:  krbtgt_6246   Service ID:  S-1-5-21-2029550947-1910908428-336986018-41663    Network Information:   Client Address:  ::gcgc:172.24.33.148   Client Port:  49525    Additional Information:   Ticket Options:  0x60000000   Ticket Encryption Type: 0x12   Failure Code:  0x0   Transited Services: -    This event is generated every time access is requested to a resource such as a computer or a Windows service.  The service name indicates the resource to which access was requested.    This event can be correlated with Windows logon events by comparing the Logon GUID fields in each event.  The logon event occurs on the machine that was accessed, which is often a digcerent machine than the domain controller which issued the service ticket.    Ticket options, encryption types, and failure codes are defined in RFC 4120.	64591152",a kerberos service ticket was requested,"auth,windows",2017-05-02T15:04:46.843Z,54837,172.24.19.20,ms_windows_event-504109373,1284,<14>May  2 11:02:48 gcBRW0000.global.com ,3969020339,1,0.0.0.0/514/tcp,2b04-ec9271b3,11012,gcbrw0000.global.com, ,4769,ms_windows_event,security,96c48028-9603-40be-b7ed-f0089f3cc16b#573,"{""id"":""96c48028-9603-40be-b7ed-f0089f3cc16b#573"",""num_events"":709,""data_type"":""passthrough"",""batch_id"":""96c48028-9603-40be-b7ed-f0089f3cc16b"",""batch_segment"":0,""customer_id"":""lga03"",""sequence_number"":572,""source_type"":""json"",""target_index"":""""}",11012, ,l.mowers@global.com, , , , , , , , , ,global.com, ,49525, , , , , , ,this event is generated every time access is requested to a resource such as a computer or a windows service,::gcgc:172.24.33.148, , , , , , , , , , , , , , , , , , , 
microsoft-windows-security-auditing,success audit,kerberos service ticket operations,gcbrw0000.global.com,127.0.0.1,"MSWinEventLog	1	Security	796449	Tue May  2 11:02:48 2017	4769	Microsoft-Windows-Security-Auditing	N/A	N/A	Success Audit	gcBRW0000.global.com	Kerberos Service Ticket Operations		A Kerberos service ticket was requested.    Account Information:   Account Name:  l.mowers@global.com   Account Domain:  global.com   Logon GUID:  {E2CA4BFA-D2BB-05F8-9D7A-4B4952C6510B}    Service Information:   Service Name:  krbtgt_6246   Service ID:  S-1-5-21-2029550947-1910908428-336986018-41663    Network Information:   Client Address:  ::gcgc:172.24.33.148   Client Port:  49527    Additional Information:   Ticket Options:  0x60000000   Ticket Encryption Type: 0x12   Failure Code:  0x0   Transited Services: -    This event is generated every time access is requested to a resource such as a computer or a Windows service.  The service name indicates the resource to which access was requested.    This event can be correlated with Windows logon events by comparing the Logon GUID fields in each event.  The logon event occurs on the machine that was accessed, which is often a digcerent machine than the domain controller which issued the service ticket.    Ticket options, encryption types, and failure codes are defined in RFC 4120.	64591158",a kerberos service ticket was requested,"auth,windows",2017-05-02T15:04:46.846Z,54837,172.24.19.20,ms_windows_event-504109373,1284,<14>May  2 11:02:48 gcBRW0000.global.com ,3969020345,1,0.0.0.0/514/tcp,2b04-ec9271b9,11012,gcbrw0000.global.com, ,4769,ms_windows_event,security,96c48028-9603-40be-b7ed-f0089f3cc16b#574,"{""id"":""96c48028-9603-40be-b7ed-f0089f3cc16b#574"",""num_events"":709,""data_type"":""passthrough"",""batch_id"":""96c48028-9603-40be-b7ed-f0089f3cc16b"",""batch_segment"":0,""customer_id"":""lga03"",""sequence_number"":573,""source_type"":""json"",""target_index"":""""}",11012, ,l.mowers@global.com, , , , , , , , , ,global.com, ,49527, , , , , , ,this event is generated every time access is requested to a resource such as a computer or a windows service,::gcgc:172.24.33.148, , , , , , , , , , , , , , , , , , , 
