microsoft-windows-security-auditing,success audit,logon,gcsmq0601.global.com,127.0.0.1,"MSWinEventLog	1	Security	3424692	Tue May  2 11:02:29 2017	4624	Microsoft-Windows-Security-Auditing	N/A	N/A	Success Audit	gcsmq0601.global.com	Logon		An account was successfully logged on.    Subject:   Security ID:  S-1-0-0   Account Name:  -   Account Domain:  -   Logon ID:  0x0    Logon Type:   3    New Logon:   Security ID:  S-1-5-21-2029550947-1910908428-336986018-41777   Account Name:  COLLT5532$   Account Domain:  globalcom   Logon ID:  0x1b5ed1fc   Logon GUID:  {5DB6AAA2-C3DF-B472-FBD1-CDB9A3296BCA}    Process Information:   Process ID:  0x0   Process Name:  -    Network Information:   Workstation Name:    Source Network Address: 172.20.80.133   Source Port:  51052    Detailed Authentication Information:   Logon Process:  Kerberos   Authentication Package: Kerberos   Transited Services: -   Package Name (NTLM only): -   Key Length:  0    This event is generated when a logon session is created. It is generated on the computer that was accessed.    The subject fields indicate the account on the local system which requested the logon. This is most commonly a service such as the Server service, or a local process such as Winlogon.exe or Services.exe.    The logon type field indicates the kind of logon that occurred. The most common types are 2 (interactive) and 3 (network).    The New Logon fields indicate the account for whom the new logon was created, i.e. the account that was logged on.    The network fields indicate where a remote logon request originated. Workstation name is not always available and may be left blank in some cases.    The authentication information fields provide detailed information about this specific logon request.   - Logon GUID is a unique identifier that can be used to correlate this event with a KDC event.   - Transited services indicate which intermediate services have participated in this logon request.   - Package name indicates which sub-protocol was used among the NTLM protocols.   - Key length indicates the length of the generated session key. This will be 0 if no session key was requested.	1445129583",an account was successfully logged on,"auth,windows",2017-05-02T15:02:31.170Z,49941,172.21.19.25,ms_windows_event-3795724934,2126,<14>May  2 11:02:29 gcsmq0601.global.com ,27946630038,0,0.0.0.0/514/tcp,2b03-681bfbb96,11011,gcsmq0601.global.com,2017-05-02T11:02:29.000Z,4624,ms_windows_event,security,d83f1d51-d2b1-43f3-a686-47d0835b2501#1637,"{""id"":""d83f1d51-d2b1-43f3-a686-47d0835b2501#1637"",""num_events"":2899,""data_type"":""passthrough"",""batch_id"":""d83f1d51-d2b1-43f3-a686-47d0835b2501"",""batch_segment"":0,""customer_id"":""lga03"",""sequence_number"":1636,""source_type"":""json"",""target_index"":""""}",11011,s-1-5-21-2029550947-1910908428-336986018-41777,collt5532$, , ,0x0,-, ,0x1b5ed1fc, , , ,globalcom, ,51052,172.20.80.133, , ,private ip address lan,rsv,3,this event is generated when a logon session is created, ,,kerberos,"[""1.1.1521""]", , , , , , , , , , , , , , , , 
microsoft-windows-security-auditing,success audit,special logon,gcsmq0601.global.com,127.0.0.1,MSWinEventLog	1	Security	3424694	Tue May  2 11:02:29 2017	4672	Microsoft-Windows-Security-Auditing	N/A	N/A	Success Audit	gcsmq0601.global.com	Special Logon		Special privileges assigned to new logon.    Subject:   Security ID:  S-1-5-21-2029550947-1910908428-336986018-38176   Account Name:  COLLT5533$   Account Domain:  globalcom   Logon ID:  0x1b5ed629    Privileges:  SeTcbPrivilege	1445129585,special privileges assigned to new logon,"auth,windows",2017-05-02T15:02:31.171Z,49941,172.21.19.25,ms_windows_event-2006199550,448,<14>May  2 11:02:29 gcsmq0601.global.com ,27946630042,0,0.0.0.0/514/tcp,2b03-681bfbb9a,11011,gcsmq0601.global.com, ,4672,ms_windows_event,security,d83f1d51-d2b1-43f3-a686-47d0835b2501#1638,"{""id"":""d83f1d51-d2b1-43f3-a686-47d0835b2501#1638"",""num_events"":2899,""data_type"":""passthrough"",""batch_id"":""d83f1d51-d2b1-43f3-a686-47d0835b2501"",""batch_segment"":0,""customer_id"":""lga03"",""sequence_number"":1637,""source_type"":""json"",""target_index"":""""}",11011,s-1-5-21-2029550947-1910908428-336986018-38176,collt5533$ , , , , ,setcbprivilege,0x1b5ed629, , , ,globalcom, , , , , , , , , , , , , , , , , , , , , , , , , , , , , 
microsoft-windows-security-auditing,success audit,logon,gcbrw0000.global.com,127.0.0.1,"MSWinEventLog	1	Security	796241	Tue May  2 11:02:35 2017	4624	Microsoft-Windows-Security-Auditing	N/A	N/A	Success Audit	gcBRW0000.global.com	Logon		An account was successfully logged on.    Subject:   Security ID:  S-1-0-0   Account Name:  -   Account Domain:  -   Logon ID:  0x0    Logon Type:   3    Impersonation Level:  Impersonation    New Logon:   Security ID:  S-1-5-21-2029550947-1910908428-336986018-39703   Account Name:  NYCLT5367C$   Account Domain:  globalcom   Logon ID:  0x9F80887   Logon GUID:  {8097A7EC-8769-4C14-3037-0BCBF2B41EE8}    Process Information:   Process ID:  0x0   Process Name:  -    Network Information:   Workstation Name:    Source Network Address: 172.24.32.138   Source Port:  51195    Detailed Authentication Information:   Logon Process:  Kerberos   Authentication Package: Kerberos   Transited Services: -   Package Name (NTLM only): -   Key Length:  0    This event is generated when a logon session is created. It is generated on the computer that was accessed.    The subject fields indicate the account on the local system which requested the logon. This is most commonly a service such as the Server service, or a local process such as Winlogon.exe or Services.exe.    The logon type field indicates the kind of logon that occurred. The most common types are 2 (interactive) and 3 (network).    The New Logon fields indicate the account for whom the new logon was created, i.e. the account that was logged on.    The network fields indicate where a remote logon request originated. Workstation name is not always available and may be left blank in some cases.    The impersonation level field indicates the extent to which a process in the logon session can impersonate.    The authentication information fields provide detailed information about this specific logon request.   - Logon GUID is a unique identifier that can be used to correlate this event with a KDC event.   - Transited services indicate which intermediate services have participated in this logon request.   - Package name indicates which sub-protocol was used among the NTLM protocols.   - Key length indicates the length of the generated session key. This will be 0 if no session key was requested.	64590950",an account was successfully logged on,"auth,windows",2017-05-02T15:04:34.821Z,54837,172.24.19.20,ms_windows_event-3795724934,2273,<14>May  2 11:02:35 gcBRW0000.global.com ,3969012119,1,0.0.0.0/514/tcp,2b04-ec925197,11012,gcbrw0000.global.com,2017-05-02T11:02:35.000Z,4624,ms_windows_event,security,d83f1d51-d2b1-43f3-a686-47d0835b2501#1700,"{""id"":""d83f1d51-d2b1-43f3-a686-47d0835b2501#1700"",""num_events"":2873,""data_type"":""passthrough"",""batch_id"":""d83f1d51-d2b1-43f3-a686-47d0835b2501"",""batch_segment"":0,""customer_id"":""lga03"",""sequence_number"":1699,""source_type"":""json"",""target_index"":""""}",11012,s-1-5-21-2029550947-1910908428-336986018-39703,nyclt5367c$, , ,0x0,-, ,0x9f80887, , , ,globalcom, ,51195,172.24.32.138, , ,private ip address lan,rsv,3,this event is generated when a logon session is created, ,,kerberos,"[""1.1.1521""]", , , , , , , , , , , , , , , , 
microsoft-windows-security-auditing,success audit,logon,gcbra0000.global.com,127.0.0.1,MSWinEventLog	1	Security	99021	Tue May  2 12:02:36 2017	4624	Microsoft-Windows-Security-Auditing	N/A	N/A	Success Audit	gcBRA0000.global.com	Logon		N/A	19816096,n/a,"auth,windows",2017-05-02T15:02:37.713Z,64485,172.20.36.22,ms_windows_event-796723568,206,<14>May  2 12:02:36 gcBRA0000.global.com ,6500393980,1,0.0.0.0/514/tcp,2af9-1837423fc,11001,gcbra0000.global.com,2017-05-02T12:02:36.000Z,4624,ms_windows_event,security,d83f1d51-d2b1-43f3-a686-47d0835b2501#1717,"{""id"":""d83f1d51-d2b1-43f3-a686-47d0835b2501#1717"",""num_events"":2873,""data_type"":""passthrough"",""batch_id"":""d83f1d51-d2b1-43f3-a686-47d0835b2501"",""batch_segment"":0,""customer_id"":""lga03"",""sequence_number"":1716,""source_type"":""json"",""target_index"":""""}",11001, , , , , , , , , , , , , , , , , , , , , , , , , , , , , , , , , , , , , , , , , 
microsoft-windows-security-auditing,success audit,other object access events,gcegy0400.global.com,127.0.0.1,MSWinEventLog	1	Security	1078863	Tue May  2 17:02:37 2017	4658	Microsoft-Windows-Security-Auditing	N/A	N/A	Success Audit	gcEGY0400.global.com	Other Object Access Events		The handle to an object was closed.    Subject :   Security ID:  S-1-5-18   Account Name:  gcEGY0400$   Account Domain:  globalcom   Logon ID:  0x3e7    Object:   Object Server:  Security Account Manager   Handle ID:  0x1d2d930    Process Information:   Process ID:  0x27c   Process Name:  C:\Windows\System32\lsass.exe	169322703,the handle to an object was closed,"auth,windows",2017-05-02T15:02:37.917Z,62367,172.20.40.23,ms_windows_event-259117541,551,<14>May  2 17:02:37 gcEGY0400.global.com ,192248591,1,0.0.0.0/514/tcp,2afc-b757b0f,11004,gcegy0400.global.com,2017-05-02T17:02:37.000Z,4658,ms_windows_event,security,d83f1d51-d2b1-43f3-a686-47d0835b2501#1731,"{""id"":""d83f1d51-d2b1-43f3-a686-47d0835b2501#1731"",""num_events"":2873,""data_type"":""passthrough"",""batch_id"":""d83f1d51-d2b1-43f3-a686-47d0835b2501"",""batch_segment"":0,""customer_id"":""lga03"",""sequence_number"":1730,""source_type"":""json"",""target_index"":""""}",11004, ,gcegy0400$, ,security account manager,0x27c,c:\windows\system32\lsass.exe, ,0x3e7, ,30595376, ,globalcom, , , , , , , , , , , , , , , , , , , , , , , , , , , , , 
microsoft-windows-security-auditing,success audit,file system,gcegy0400.global.com,127.0.0.1,MSWinEventLog	1	Security	1078872	Tue May  2 17:02:37 2017	4658	Microsoft-Windows-Security-Auditing	N/A	N/A	Success Audit	gcEGY0400.global.com	File System		The handle to an object was closed.    Subject :   Security ID:  S-1-5-18   Account Name:  gcEGY0400$   Account Domain:  globalcom   Logon ID:  0x3e7    Object:   Object Server:  Security   Handle ID:  0x620    Process Information:   Process ID:  0x270   Process Name:  C:\Windows\System32\services.exe	169322712,the handle to an object was closed,"auth,windows",2017-05-02T15:02:37.923Z,62367,172.20.40.23,ms_windows_event-259117541,519,<14>May  2 17:02:37 gcEGY0400.global.com ,192248600,1,0.0.0.0/514/tcp,2afc-b757b18,11004,gcegy0400.global.com,2017-05-02T17:02:37.000Z,4658,ms_windows_event,security,d83f1d51-d2b1-43f3-a686-47d0835b2501#1732,"{""id"":""d83f1d51-d2b1-43f3-a686-47d0835b2501#1732"",""num_events"":2873,""data_type"":""passthrough"",""batch_id"":""d83f1d51-d2b1-43f3-a686-47d0835b2501"",""batch_segment"":0,""customer_id"":""lga03"",""sequence_number"":1731,""source_type"":""json"",""target_index"":""""}",11004, ,gcegy0400$, ,security,0x270,c:\windows\system32\services.exe, ,0x3e7, ,1568, ,globalcom, , , , , , , , , , , , , , , , , , , , , , , , , , , , , 
microsoft-windows-security-auditing,success audit,file system,gcegy0400.global.com,127.0.0.1,MSWinEventLog	1	Security	1078888	Tue May  2 17:02:37 2017	4658	Microsoft-Windows-Security-Auditing	N/A	N/A	Success Audit	gcEGY0400.global.com	File System		The handle to an object was closed.    Subject :   Security ID:  S-1-5-18   Account Name:  gcEGY0400$   Account Domain:  globalcom   Logon ID:  0x3e7    Object:   Object Server:  Security   Handle ID:  0x620    Process Information:   Process ID:  0x270   Process Name:  C:\Windows\System32\services.exe	169322728,the handle to an object was closed,"auth,windows",2017-05-02T15:02:37.931Z,62367,172.20.40.23,ms_windows_event-259117541,519,<14>May  2 17:02:37 gcEGY0400.global.com ,192248616,1,0.0.0.0/514/tcp,2afc-b757b28,11004,gcegy0400.global.com,2017-05-02T17:02:37.000Z,4658,ms_windows_event,security,d83f1d51-d2b1-43f3-a686-47d0835b2501#1733,"{""id"":""d83f1d51-d2b1-43f3-a686-47d0835b2501#1733"",""num_events"":2873,""data_type"":""passthrough"",""batch_id"":""d83f1d51-d2b1-43f3-a686-47d0835b2501"",""batch_segment"":0,""customer_id"":""lga03"",""sequence_number"":1732,""source_type"":""json"",""target_index"":""""}",11004, ,gcegy0400$, ,security,0x270,c:\windows\system32\services.exe, ,0x3e7, ,1568, ,globalcom, , , , , , , , , , , , , , , , , , , , , , , , , , , , , 
microsoft-windows-security-auditing,success audit,file system,gcegy0400.global.com,127.0.0.1,MSWinEventLog	1	Security	1078897	Tue May  2 17:02:37 2017	4656	Microsoft-Windows-Security-Auditing	N/A	N/A	Success Audit	gcEGY0400.global.com	File System		A handle to an object was requested.    Subject:   Security ID:  S-1-5-18   Account Name:  gcEGY0400$   Account Domain:  globalcom   Logon ID:  0x3e7    Object:   Object Server:  Security   Object Type:  File   Object Name:  C:\Windows\System32\netsh.exe   Handle ID:  0x620    Process Information:   Process ID:  0x270   Process Name:  C:\Windows\System32\services.exe    Access Request Information:   Transaction ID:  {00000000-0000-0000-0000-000000000000}   Accesses:  READ_CONTROL      WRITE_DAC         Access Reasons:  READ_CONTROL: Granted by Ownership      WRITE_DAC: Granted by Ownership         Access Mask:  0x60000   Privileges Used for Access Check: -   Restricted SID Count: 0	169322737,a handle to an object was requested,"auth,windows",2017-05-02T15:02:37.936Z,62367,172.20.40.23,ms_windows_event-1655484026,907,<14>May  2 17:02:37 gcEGY0400.global.com ,192248625,1,0.0.0.0/514/tcp,2afc-b757b31,11004,gcegy0400.global.com, ,4656,ms_windows_event,security,d83f1d51-d2b1-43f3-a686-47d0835b2501#1734,"{""id"":""d83f1d51-d2b1-43f3-a686-47d0835b2501#1734"",""num_events"":2873,""data_type"":""passthrough"",""batch_id"":""d83f1d51-d2b1-43f3-a686-47d0835b2501"",""batch_segment"":0,""customer_id"":""lga03"",""sequence_number"":1733,""source_type"":""json"",""target_index"":""""}",11004,s-1-5-18,gcegy0400$,{00000000-0000-0000-0000-000000000000},security,0x270,c:\windows\system32\services.exe,-,0x3e7,read_control      write_dac         access reasons:  read_control: granted by ownership      write_dac: granted by ownership,1568,c:\windows\system32\netsh.exe,globalcom, , , , , , , , , , , , , , , , , , , , , , , , , , , , , 
microsoft-windows-security-auditing,success audit,file system,gcegy0400.global.com,127.0.0.1,MSWinEventLog	1	Security	1078909	Tue May  2 17:02:37 2017	4656	Microsoft-Windows-Security-Auditing	N/A	N/A	Success Audit	gcEGY0400.global.com	File System		A handle to an object was requested.    Subject:   Security ID:  S-1-5-18   Account Name:  gcEGY0400$   Account Domain:  globalcom   Logon ID:  0x3e7    Object:   Object Server:  Security   Object Type:  File   Object Name:  C:\Windows\System32\regsvr32.exe   Handle ID:  0x620    Process Information:   Process ID:  0x270   Process Name:  C:\Windows\System32\services.exe    Access Request Information:   Transaction ID:  {00000000-0000-0000-0000-000000000000}   Accesses:  READ_CONTROL      WRITE_DAC         Access Reasons:  READ_CONTROL: Granted by Ownership      WRITE_DAC: Granted by Ownership         Access Mask:  0x60000   Privileges Used for Access Check: -   Restricted SID Count: 0	169322749,a handle to an object was requested,"auth,windows",2017-05-02T15:02:37.944Z,62367,172.20.40.23,ms_windows_event-1655484026,910,<14>May  2 17:02:37 gcEGY0400.global.com ,192248637,1,0.0.0.0/514/tcp,2afc-b757b3d,11004,gcegy0400.global.com, ,4656,ms_windows_event,security,d83f1d51-d2b1-43f3-a686-47d0835b2501#1735,"{""id"":""d83f1d51-d2b1-43f3-a686-47d0835b2501#1735"",""num_events"":2873,""data_type"":""passthrough"",""batch_id"":""d83f1d51-d2b1-43f3-a686-47d0835b2501"",""batch_segment"":0,""customer_id"":""lga03"",""sequence_number"":1734,""source_type"":""json"",""target_index"":""""}",11004,s-1-5-18,gcegy0400$,{00000000-0000-0000-0000-000000000000},security,0x270,c:\windows\system32\services.exe,-,0x3e7,read_control      write_dac         access reasons:  read_control: granted by ownership      write_dac: granted by ownership,1568,c:\windows\system32\regsvr32.exe,globalcom, , , , , , , , , , , , , , , , , , , , , , , , , , , , , 
microsoft-windows-security-auditing,success audit,file system,gcegy0400.global.com,127.0.0.1,MSWinEventLog	1	Security	1078927	Tue May  2 17:02:37 2017	4658	Microsoft-Windows-Security-Auditing	N/A	N/A	Success Audit	gcEGY0400.global.com	File System		The handle to an object was closed.    Subject :   Security ID:  S-1-5-18   Account Name:  gcEGY0400$   Account Domain:  globalcom   Logon ID:  0x3e7    Object:   Object Server:  Security   Handle ID:  0x6cc    Process Information:   Process ID:  0x270   Process Name:  C:\Windows\System32\services.exe	169322767,the handle to an object was closed,"auth,windows",2017-05-02T15:02:38.002Z,62367,172.20.40.23,ms_windows_event-259117541,519,<14>May  2 17:02:37 gcEGY0400.global.com ,192248656,1,0.0.0.0/514/tcp,2afc-b757b50,11004,gcegy0400.global.com,2017-05-02T17:02:37.000Z,4658,ms_windows_event,security,d83f1d51-d2b1-43f3-a686-47d0835b2501#1737,"{""id"":""d83f1d51-d2b1-43f3-a686-47d0835b2501#1737"",""num_events"":2873,""data_type"":""passthrough"",""batch_id"":""d83f1d51-d2b1-43f3-a686-47d0835b2501"",""batch_segment"":0,""customer_id"":""lga03"",""sequence_number"":1736,""source_type"":""json"",""target_index"":""""}",11004, ,gcegy0400$, ,security,0x270,c:\windows\system32\services.exe, ,0x3e7, ,1740, ,globalcom, , , , , , , , , , , , , , , , , , , , , , , , , , , , , 
microsoft-windows-security-auditing,success audit,logon,gcsmq0002.global.com,127.0.0.1,MSWinEventLog	1	Security	2131705	Tue May  2 11:02:37 2017	4624	Microsoft-Windows-Security-Auditing	N/A	N/A	Success Audit	gcSMQ0002.global.com	Logon		N/A	304321261,n/a,"auth,windows",2017-05-02T15:02:38.244Z,50165,172.21.14.21,ms_windows_event-796723568,209,<14>May  2 11:02:37 gcSMQ0002.global.com ,27946633046,0,0.0.0.0/514/tcp,2b03-681bfc756,11011,gcsmq0002.global.com,2017-05-02T11:02:37.000Z,4624,ms_windows_event,security,d83f1d51-d2b1-43f3-a686-47d0835b2501#1767,"{""id"":""d83f1d51-d2b1-43f3-a686-47d0835b2501#1767"",""num_events"":2873,""data_type"":""passthrough"",""batch_id"":""d83f1d51-d2b1-43f3-a686-47d0835b2501"",""batch_segment"":0,""customer_id"":""lga03"",""sequence_number"":1766,""source_type"":""json"",""target_index"":""""}",11011, , , , , , , , , , , , , , , , , , , , , , , , , , , , , , , , , , , , , , , , , 
microsoft-windows-security-auditing,success audit,logogc,gcsmq0002.global.com,127.0.0.1,MSWinEventLog	1	Security	2131709	Tue May  2 11:02:37 2017	4634	Microsoft-Windows-Security-Auditing	N/A	N/A	Success Audit	gcSMQ0002.global.com	Logogc		N/A	304321265,n/a,"auth,windows",2017-05-02T15:02:38.246Z,50165,172.21.14.21,ms_windows_event-1377334112,210,<14>May  2 11:02:37 gcSMQ0002.global.com ,27946633050,0,0.0.0.0/514/tcp,2b03-681bfc75a,11011,gcsmq0002.global.com,2017-05-02T11:02:37.000Z,4634,ms_windows_event,security,d83f1d51-d2b1-43f3-a686-47d0835b2501#1768,"{""id"":""d83f1d51-d2b1-43f3-a686-47d0835b2501#1768"",""num_events"":2873,""data_type"":""passthrough"",""batch_id"":""d83f1d51-d2b1-43f3-a686-47d0835b2501"",""batch_segment"":0,""customer_id"":""lga03"",""sequence_number"":1767,""source_type"":""json"",""target_index"":""""}",11011, , , , , , , , , , , , , , , , , , , , , , , , , , , , , , , , , , , , , , , , , 
microsoft-windows-security-auditing,success audit,kerberos service ticket operations,gcsmq0002.global.com,127.0.0.1,MSWinEventLog	1	Security	2131713	Tue May  2 11:02:37 2017	4769	Microsoft-Windows-Security-Auditing	N/A	N/A	Success Audit	gcSMQ0002.global.com	Kerberos Service Ticket Operations		N/A	304321269,n/a,"auth,windows",2017-05-02T15:02:38.247Z,50165,172.21.14.21,ms_windows_event-2408821607,238,<14>May  2 11:02:37 gcSMQ0002.global.com ,27946633054,0,0.0.0.0/514/tcp,2b03-681bfc75e,11011,gcsmq0002.global.com,2017-05-02T11:02:37.000Z,4769,ms_windows_event,security,d83f1d51-d2b1-43f3-a686-47d0835b2501#1769,"{""id"":""d83f1d51-d2b1-43f3-a686-47d0835b2501#1769"",""num_events"":2873,""data_type"":""passthrough"",""batch_id"":""d83f1d51-d2b1-43f3-a686-47d0835b2501"",""batch_segment"":0,""customer_id"":""lga03"",""sequence_number"":1768,""source_type"":""json"",""target_index"":""""}",11011, , , , , , , , , , , , , , , , , , , , , , , , , , , , , , , , , , , , , , , , , 
microsoft-windows-security-auditing,success audit,logon,gcsmq0002.global.com,127.0.0.1,MSWinEventLog	1	Security	2131717	Tue May  2 11:02:38 2017	4624	Microsoft-Windows-Security-Auditing	N/A	N/A	Success Audit	gcSMQ0002.global.com	Logon		N/A	304321273,n/a,"auth,windows",2017-05-02T15:02:38.248Z,50165,172.21.14.21,ms_windows_event-796723568,209,<14>May  2 11:02:38 gcSMQ0002.global.com ,27946633058,0,0.0.0.0/514/tcp,2b03-681bfc762,11011,gcsmq0002.global.com,2017-05-02T11:02:38.000Z,4624,ms_windows_event,security,d83f1d51-d2b1-43f3-a686-47d0835b2501#1770,"{""id"":""d83f1d51-d2b1-43f3-a686-47d0835b2501#1770"",""num_events"":2873,""data_type"":""passthrough"",""batch_id"":""d83f1d51-d2b1-43f3-a686-47d0835b2501"",""batch_segment"":0,""customer_id"":""lga03"",""sequence_number"":1769,""source_type"":""json"",""target_index"":""""}",11011, , , , , , , , , , , , , , , , , , , , , , , , , , , , , , , , , , , , , , , , , 
microsoft-windows-security-auditing,success audit,kerberos service ticket operations,gcsmq0002.global.com,127.0.0.1,MSWinEventLog	1	Security	2131721	Tue May  2 11:02:38 2017	4769	Microsoft-Windows-Security-Auditing	N/A	N/A	Success Audit	gcSMQ0002.global.com	Kerberos Service Ticket Operations		N/A	304321277,n/a,"auth,windows",2017-05-02T15:02:38.250Z,50165,172.21.14.21,ms_windows_event-2408821607,238,<14>May  2 11:02:38 gcSMQ0002.global.com ,27946633062,0,0.0.0.0/514/tcp,2b03-681bfc766,11011,gcsmq0002.global.com,2017-05-02T11:02:38.000Z,4769,ms_windows_event,security,d83f1d51-d2b1-43f3-a686-47d0835b2501#1771,"{""id"":""d83f1d51-d2b1-43f3-a686-47d0835b2501#1771"",""num_events"":2873,""data_type"":""passthrough"",""batch_id"":""d83f1d51-d2b1-43f3-a686-47d0835b2501"",""batch_segment"":0,""customer_id"":""lga03"",""sequence_number"":1770,""source_type"":""json"",""target_index"":""""}",11011, , , , , , , , , , , , , , , , , , , , , , , , , , , , , , , , , , , , , , , , , 
microsoft-windows-security-auditing,success audit,logogc,gcsmq0002.global.com,127.0.0.1,MSWinEventLog	1	Security	2131725	Tue May  2 11:02:38 2017	4634	Microsoft-Windows-Security-Auditing	N/A	N/A	Success Audit	gcSMQ0002.global.com	Logogc		N/A	304321281,n/a,"auth,windows",2017-05-02T15:02:38.252Z,50165,172.21.14.21,ms_windows_event-1377334112,210,<14>May  2 11:02:38 gcSMQ0002.global.com ,27946633066,0,0.0.0.0/514/tcp,2b03-681bfc76a,11011,gcsmq0002.global.com,2017-05-02T11:02:38.000Z,4634,ms_windows_event,security,d83f1d51-d2b1-43f3-a686-47d0835b2501#1772,"{""id"":""d83f1d51-d2b1-43f3-a686-47d0835b2501#1772"",""num_events"":2873,""data_type"":""passthrough"",""batch_id"":""d83f1d51-d2b1-43f3-a686-47d0835b2501"",""batch_segment"":0,""customer_id"":""lga03"",""sequence_number"":1771,""source_type"":""json"",""target_index"":""""}",11011, , , , , , , , , , , , , , , , , , , , , , , , , , , , , , , , , , , , , , , , , 
microsoft-windows-security-auditing,success audit,logogc,gcsmq0000.global.com,127.0.0.1,MSWinEventLog	1	Security	1629825	Tue May  2 11:02:29 2017	4634	Microsoft-Windows-Security-Auditing	N/A	N/A	Success Audit	gcSMQ0000.global.com	Logogc		N/A	186394914,n/a,"auth,windows",2017-05-02T15:02:31.599Z,51131,172.21.14.20,ms_windows_event-1377334112,210,<14>May  2 11:02:29 gcSMQ0000.global.com ,27946630317,0,0.0.0.0/514/tcp,2b03-681bfbcad,11011,gcsmq0000.global.com,2017-05-02T11:02:29.000Z,4634,ms_windows_event,security,d83f1d51-d2b1-43f3-a686-47d0835b2501#1812,"{""id"":""d83f1d51-d2b1-43f3-a686-47d0835b2501#1812"",""num_events"":2873,""data_type"":""passthrough"",""batch_id"":""d83f1d51-d2b1-43f3-a686-47d0835b2501"",""batch_segment"":0,""customer_id"":""lga03"",""sequence_number"":1811,""source_type"":""json"",""target_index"":""""}",11011, , , , , , , , , , , , , , , , , , , , , , , , , , , , , , , , , , , , , , , , , 
microsoft-windows-security-auditing,success audit,filtering platform connection,gcegy0400.global.com,127.0.0.1,MSWinEventLog	1	Security	1078845	Tue May  2 17:02:28 2017	5158	Microsoft-Windows-Security-Auditing	N/A	N/A	Success Audit	gcEGY0400.global.com	Filtering Platform Connection		The Windows Filtering Platform has permitted a bind to a local port.    Application Information:   Process ID:  4   Application Name: System    Network Information:   Source Address:  0.0.0.0   Source Port:  54839   Protocol:  6    Filter Information:   Filter Run-Time ID: 0   Layer Name:  Resource Assignment   Layer Run-Time ID: 36	169322685,the windows filtering platform has permitted a bind to a local port,"auth,windows",2017-05-02T15:02:30.780Z,62367,172.20.40.23,ms_windows_event-1072601665,564,<14>May  2 17:02:28 gcEGY0400.global.com ,192248026,1,0.0.0.0/514/tcp,2afc-b7578da,11004,gcegy0400.global.com,2017-05-02T17:02:28.000Z,5158,ms_windows_event,security,d83f1d51-d2b1-43f3-a686-47d0835b2501#1940,"{""id"":""d83f1d51-d2b1-43f3-a686-47d0835b2501#1940"",""num_events"":2840,""data_type"":""passthrough"",""batch_id"":""d83f1d51-d2b1-43f3-a686-47d0835b2501"",""batch_segment"":0,""customer_id"":""lga03"",""sequence_number"":1939,""source_type"":""json"",""target_index"":""""}",11004, , , , , , , , , , , , , ,54839,0.0.0.0,6,system,broadcast rfc1700,rsv, , , , , , , , , , , , , , , , , , , , , , 
microsoft-windows-wmi-activity,information,n/a,gcsmq0002.global.com,127.0.0.1,MSWinEventLog	1	Microsoft-Windows-WMI-Activity/Operational	2131702	Tue May  2 11:02:36 2017	5857	Microsoft-Windows-WMI-Activity	NETWORK SERVICE	Well Known Group	Information	gcSMQ0002.global.com	N/A		Win32_WIN32_TERMINALSERVICE_Prov provider started with result code 0x0. HostProcess = wmiprvse.exe; ProcessID = 3428; ProviderPath = %SystemRoot%\system32\tscfgwmi.dll	5718214,win32_win32_terminalservice_prov provider started with result code 0x0,"auth,windows",2017-05-02T15:02:38.243Z,50165,172.21.14.21,ms_windows_event-1320725749,421,<14>May  2 11:02:36 gcSMQ0002.global.com ,27946633043,0,0.0.0.0/514/tcp,2b03-681bfc753,11011,gcsmq0002.global.com,2017-05-02T11:02:36.000Z,5857,ms_windows_event,microsoft-windows-wmi-activity/operational,d83f1d51-d2b1-43f3-a686-47d0835b2501#1955,"{""id"":""d83f1d51-d2b1-43f3-a686-47d0835b2501#1955"",""num_events"":2840,""data_type"":""passthrough"",""batch_id"":""d83f1d51-d2b1-43f3-a686-47d0835b2501"",""batch_segment"":0,""customer_id"":""lga03"",""sequence_number"":1954,""source_type"":""json"",""target_index"":""""}",11011, , , , ,3428,wmiprvse.exe, , , , , , , , , , , , , , , , , , , ,%systemroot%\system32\tscfgwmi.dll, , , , , , , , , , , , , , , 
microsoft-windows-security-auditing,success audit,logogc,gcsmq0002.global.com,127.0.0.1,MSWinEventLog	1	Security	2131706	Tue May  2 11:02:37 2017	4634	Microsoft-Windows-Security-Auditing	N/A	N/A	Success Audit	gcSMQ0002.global.com	Logogc		N/A	304321262,n/a,"auth,windows",2017-05-02T15:02:38.244Z,50165,172.21.14.21,ms_windows_event-1377334112,210,<14>May  2 11:02:37 gcSMQ0002.global.com ,27946633047,0,0.0.0.0/514/tcp,2b03-681bfc757,11011,gcsmq0002.global.com,2017-05-02T11:02:37.000Z,4634,ms_windows_event,security,d83f1d51-d2b1-43f3-a686-47d0835b2501#1956,"{""id"":""d83f1d51-d2b1-43f3-a686-47d0835b2501#1956"",""num_events"":2840,""data_type"":""passthrough"",""batch_id"":""d83f1d51-d2b1-43f3-a686-47d0835b2501"",""batch_segment"":0,""customer_id"":""lga03"",""sequence_number"":1955,""source_type"":""json"",""target_index"":""""}",11011, , , , , , , , , , , , , , , , , , , , , , , , , , , , , , , , , , , , , , , , , 
microsoft-windows-security-auditing,success audit,logon,gcsmq0002.global.com,127.0.0.1,MSWinEventLog	1	Security	2131722	Tue May  2 11:02:38 2017	4624	Microsoft-Windows-Security-Auditing	N/A	N/A	Success Audit	gcSMQ0002.global.com	Logon		N/A	304321278,n/a,"auth,windows",2017-05-02T15:02:38.251Z,50165,172.21.14.21,ms_windows_event-796723568,209,<14>May  2 11:02:38 gcSMQ0002.global.com ,27946633063,0,0.0.0.0/514/tcp,2b03-681bfc767,11011,gcsmq0002.global.com,2017-05-02T11:02:38.000Z,4624,ms_windows_event,security,d83f1d51-d2b1-43f3-a686-47d0835b2501#1960,"{""id"":""d83f1d51-d2b1-43f3-a686-47d0835b2501#1960"",""num_events"":2840,""data_type"":""passthrough"",""batch_id"":""d83f1d51-d2b1-43f3-a686-47d0835b2501"",""batch_segment"":0,""customer_id"":""lga03"",""sequence_number"":1959,""source_type"":""json"",""target_index"":""""}",11011, , , , , , , , , , , , , , , , , , , , , , , , , , , , , , , , , , , , , , , , , 
microsoft-windows-security-auditing,failure audit,kerberos service ticket operations,gcsmq0002.global.com,127.0.0.1,MSWinEventLog	3	Security	2131726	Tue May  2 11:02:38 2017	4769	Microsoft-Windows-Security-Auditing	N/A	N/A	Failure Audit	gcSMQ0002.global.com	Kerberos Service Ticket Operations		N/A	304321282,n/a,"auth,windows",2017-05-02T15:02:38.252Z,50165,172.21.14.21,ms_windows_event-2408821607,238,<11>May  2 11:02:38 gcSMQ0002.global.com ,27946633067,0,0.0.0.0/514/tcp,2b03-681bfc76b,11011,gcsmq0002.global.com,2017-05-02T11:02:38.000Z,4769,ms_windows_event,security,d83f1d51-d2b1-43f3-a686-47d0835b2501#1961,"{""id"":""d83f1d51-d2b1-43f3-a686-47d0835b2501#1961"",""num_events"":2840,""data_type"":""passthrough"",""batch_id"":""d83f1d51-d2b1-43f3-a686-47d0835b2501"",""batch_segment"":0,""customer_id"":""lga03"",""sequence_number"":1960,""source_type"":""json"",""target_index"":""""}",11011, , , , , , , , , , , , , , , , , , , , , , , , , , , , , , , , , , , , , , , , , 
microsoft-windows-security-auditing,success audit,logon,gcbrw0000.global.com,127.0.0.1,"MSWinEventLog	1	Security	796185	Tue May  2 11:02:30 2017	4624	Microsoft-Windows-Security-Auditing	N/A	N/A	Success Audit	gcBRW0000.global.com	Logon		An account was successfully logged on.    Subject:   Security ID:  S-1-0-0   Account Name:  -   Account Domain:  -   Logon ID:  0x0    Logon Type:   3    Impersonation Level:  Impersonation    New Logon:   Security ID:  S-1-5-21-2029550947-1910908428-336986018-34328   Account Name:  C.Vidal   Account Domain:  globalcom   Logon ID:  0x9F80119   Logon GUID:  {2B3F9794-7714-E5D5-9328-5753A0611DF3}    Process Information:   Process ID:  0x0   Process Name:  -    Network Information:   Workstation Name:    Source Network Address: 172.24.32.156   Source Port:  51564    Detailed Authentication Information:   Logon Process:  Kerberos   Authentication Package: Kerberos   Transited Services: -   Package Name (NTLM only): -   Key Length:  0    This event is generated when a logon session is created. It is generated on the computer that was accessed.    The subject fields indicate the account on the local system which requested the logon. This is most commonly a service such as the Server service, or a local process such as Winlogon.exe or Services.exe.    The logon type field indicates the kind of logon that occurred. The most common types are 2 (interactive) and 3 (network).    The New Logon fields indicate the account for whom the new logon was created, i.e. the account that was logged on.    The network fields indicate where a remote logon request originated. Workstation name is not always available and may be left blank in some cases.    The impersonation level field indicates the extent to which a process in the logon session can impersonate.    The authentication information fields provide detailed information about this specific logon request.   - Logon GUID is a unique identifier that can be used to correlate this event with a KDC event.   - Transited services indicate which intermediate services have participated in this logon request.   - Package name indicates which sub-protocol was used among the NTLM protocols.   - Key length indicates the length of the generated session key. This will be 0 if no session key was requested.	64590894",an account was successfully logged on,"auth,windows",2017-05-02T15:04:28.807Z,54837,172.24.19.20,ms_windows_event-3795724934,2269,<14>May  2 11:02:30 gcBRW0000.global.com ,3969009711,1,0.0.0.0/514/tcp,2b04-ec92482f,11012,gcbrw0000.global.com,2017-05-02T11:02:30.000Z,4624,ms_windows_event,security,d83f1d51-d2b1-43f3-a686-47d0835b2501#2035,"{""id"":""d83f1d51-d2b1-43f3-a686-47d0835b2501#2035"",""num_events"":2840,""data_type"":""passthrough"",""batch_id"":""d83f1d51-d2b1-43f3-a686-47d0835b2501"",""batch_segment"":0,""customer_id"":""lga03"",""sequence_number"":2034,""source_type"":""json"",""target_index"":""""}",11012,s-1-5-21-2029550947-1910908428-336986018-34328,c.vidal, , ,0x0,-, ,0x9f80119, , , ,globalcom, ,51564,172.24.32.156, , ,private ip address lan,rsv,3,this event is generated when a logon session is created, ,,kerberos,"[""1.1.1521"",""1.1.1552""]", , , , , , , , , , , , , , , , 
microsoft-windows-security-auditing,success audit,filtering platform connection,gcmex0400.global.com,127.0.0.1,MSWinEventLog	1	Security	773412	Tue May  2 10:02:30 2017	5156	Microsoft-Windows-Security-Auditing	N/A	N/A	Success Audit	gcMEX0400.global.com	Filtering Platform Connection		The Windows Filtering Platform has permitted a connection.    Application Information:   Process ID:  1744   Application Name: \device\harddiskvolume2\windows\system32\svchost.exe    Network Information:   Direction:  Outbound   Source Address:  172.20.32.23   Source Port:  67   Destination Address: 255.255.255.255   Destination Port:  68   Protocol:  17    Filter Information:   Filter Run-Time ID: 150318   Layer Name:  Connect   Layer Run-Time ID: 48	376831457,the windows filtering platform has permitted a connection,"auth,windows",2017-05-02T15:02:32.128Z,64651,172.20.32.23,ms_windows_event-820008369,684,<14>May  2 10:02:30 gcMEX0400.global.com ,2661096452,1,0.0.0.0/514/tcp,2b00-9e9d1c04,11008,gcmex0400.global.com, ,5156,ms_windows_event,security,d83f1d51-d2b1-43f3-a686-47d0835b2501#2041,"{""id"":""d83f1d51-d2b1-43f3-a686-47d0835b2501#2041"",""num_events"":2840,""data_type"":""passthrough"",""batch_id"":""d83f1d51-d2b1-43f3-a686-47d0835b2501"",""batch_segment"":0,""customer_id"":""lga03"",""sequence_number"":2040,""source_type"":""json"",""target_index"":""""}",11008, , , , ,1744, , , , , , , , ,67,172.20.32.23,17,\device\harddiskvolume2\windows\system32\svchost.exe,private ip address lan,rsv, , , , , , , , , ,68,255.255.255.255,outbound,reserved rfc3330,rsv, , , , , , , , 
microsoft-windows-security-auditing,success audit,kerberos service ticket operations,gcbrw0000.global.com,127.0.0.1,"MSWinEventLog	1	Security	796178	Tue May  2 11:02:28 2017	4769	Microsoft-Windows-Security-Auditing	N/A	N/A	Success Audit	gcBRW0000.global.com	Kerberos Service Ticket Operations		A Kerberos service ticket was requested.    Account Information:   Account Name:  l.mowers@global.com   Account Domain:  global.com   Logon GUID:  {A188FEFC-0DCD-5FD6-86C5-BD60ACBDF929}    Service Information:   Service Name:  krbtgt_6246   Service ID:  S-1-5-21-2029550947-1910908428-336986018-41663    Network Information:   Client Address:  ::gcgc:172.24.33.148   Client Port:  49506    Additional Information:   Ticket Options:  0x60000000   Ticket Encryption Type: 0x12   Failure Code:  0x0   Transited Services: -    This event is generated every time access is requested to a resource such as a computer or a Windows service.  The service name indicates the resource to which access was requested.    This event can be correlated with Windows logon events by comparing the Logon GUID fields in each event.  The logon event occurs on the machine that was accessed, which is often a digcerent machine than the domain controller which issued the service ticket.    Ticket options, encryption types, and failure codes are defined in RFC 4120.	64590887",a kerberos service ticket was requested,"auth,windows",2017-05-02T15:04:26.805Z,54837,172.24.19.20,ms_windows_event-504109373,1284,<14>May  2 11:02:28 gcBRW0000.global.com ,3969007440,1,0.0.0.0/514/tcp,2b04-ec923f50,11012,gcbrw0000.global.com, ,4769,ms_windows_event,security,d83f1d51-d2b1-43f3-a686-47d0835b2501#2139,"{""id"":""d83f1d51-d2b1-43f3-a686-47d0835b2501#2139"",""num_events"":2814,""data_type"":""passthrough"",""batch_id"":""d83f1d51-d2b1-43f3-a686-47d0835b2501"",""batch_segment"":0,""customer_id"":""lga03"",""sequence_number"":2138,""source_type"":""json"",""target_index"":""""}",11012, ,l.mowers@global.com, , , , , , , , , ,global.com, ,49506, , , , , , ,this event is generated every time access is requested to a resource such as a computer or a windows service,::gcgc:172.24.33.148, , , , , , , , , , , , , , , , , , , 
microsoft-windows-security-auditing,success audit,logon,gcbrw0000.global.com,127.0.0.1,"MSWinEventLog	1	Security	796221	Tue May  2 11:02:33 2017	4624	Microsoft-Windows-Security-Auditing	N/A	N/A	Success Audit	gcBRW0000.global.com	Logon		An account was successfully logged on.    Subject:   Security ID:  S-1-0-0   Account Name:  -   Account Domain:  -   Logon ID:  0x0    Logon Type:   3    Impersonation Level:  Impersonation    New Logon:   Security ID:  S-1-5-21-2029550947-1910908428-336986018-34328   Account Name:  C.Vidal   Account Domain:  globalcom   Logon ID:  0x9F804CC   Logon GUID:  {2B3F9794-7714-E5D5-9328-5753A0611DF3}    Process Information:   Process ID:  0x0   Process Name:  -    Network Information:   Workstation Name:    Source Network Address: 172.24.32.156   Source Port:  51572    Detailed Authentication Information:   Logon Process:  Kerberos   Authentication Package: Kerberos   Transited Services: -   Package Name (NTLM only): -   Key Length:  0    This event is generated when a logon session is created. It is generated on the computer that was accessed.    The subject fields indicate the account on the local system which requested the logon. This is most commonly a service such as the Server service, or a local process such as Winlogon.exe or Services.exe.    The logon type field indicates the kind of logon that occurred. The most common types are 2 (interactive) and 3 (network).    The New Logon fields indicate the account for whom the new logon was created, i.e. the account that was logged on.    The network fields indicate where a remote logon request originated. Workstation name is not always available and may be left blank in some cases.    The impersonation level field indicates the extent to which a process in the logon session can impersonate.    The authentication information fields provide detailed information about this specific logon request.   - Logon GUID is a unique identifier that can be used to correlate this event with a KDC event.   - Transited services indicate which intermediate services have participated in this logon request.   - Package name indicates which sub-protocol was used among the NTLM protocols.   - Key length indicates the length of the generated session key. This will be 0 if no session key was requested.	64590930",an account was successfully logged on,"auth,windows",2017-05-02T15:04:30.811Z,54837,172.24.19.20,ms_windows_event-3795724934,2269,<14>May  2 11:02:33 gcBRW0000.global.com ,3969010387,1,0.0.0.0/514/tcp,2b04-ec924ad3,11012,gcbrw0000.global.com,2017-05-02T11:02:33.000Z,4624,ms_windows_event,security,d83f1d51-d2b1-43f3-a686-47d0835b2501#2160,"{""id"":""d83f1d51-d2b1-43f3-a686-47d0835b2501#2160"",""num_events"":2814,""data_type"":""passthrough"",""batch_id"":""d83f1d51-d2b1-43f3-a686-47d0835b2501"",""batch_segment"":0,""customer_id"":""lga03"",""sequence_number"":2159,""source_type"":""json"",""target_index"":""""}",11012,s-1-5-21-2029550947-1910908428-336986018-34328,c.vidal, , ,0x0,-, ,0x9f804cc, , , ,globalcom, ,51572,172.24.32.156, , ,private ip address lan,rsv,3,this event is generated when a logon session is created, ,,kerberos,"[""1.1.1521"",""1.1.1552""]", , , , , , , , , , , , , , , , 
microsoft-windows-security-auditing,success audit,n/a,gcsmq0002.global.com,127.0.0.1,MSWinEventLog	1	Security	2131568	Tue May  2 11:02:31 2017	4662	Microsoft-Windows-Security-Auditing	N/A	N/A	Success Audit	gcSMQ0002.global.com	N/A		N/A	304321125,n/a,"auth,windows",2017-05-02T15:02:33.196Z,50165,172.21.14.21,ms_windows_event-2494768146,207,<14>May  2 11:02:31 gcSMQ0002.global.com ,27946630598,0,0.0.0.0/514/tcp,2b03-681bfbdc6,11011,gcsmq0002.global.com,2017-05-02T11:02:31.000Z,4662,ms_windows_event,security,d83f1d51-d2b1-43f3-a686-47d0835b2501#2165,"{""id"":""d83f1d51-d2b1-43f3-a686-47d0835b2501#2165"",""num_events"":2814,""data_type"":""passthrough"",""batch_id"":""d83f1d51-d2b1-43f3-a686-47d0835b2501"",""batch_segment"":0,""customer_id"":""lga03"",""sequence_number"":2164,""source_type"":""json"",""target_index"":""""}",11011, , , , , , , , , , , , , , , , , , , , , , , , , , , , , , , , , , , , , , , , , 
microsoft-windows-security-auditing,failure audit,kerberos authentication service,gcsmq0002.global.com,127.0.0.1,MSWinEventLog	3	Security	2131571	Tue May  2 11:02:31 2017	4768	Microsoft-Windows-Security-Auditing	N/A	N/A	Failure Audit	gcSMQ0002.global.com	Kerberos Authentication Service		N/A	304321128,n/a,"auth,windows",2017-05-02T15:02:33.197Z,50165,172.21.14.21,ms_windows_event-3984003816,235,<11>May  2 11:02:31 gcSMQ0002.global.com ,27946630602,0,0.0.0.0/514/tcp,2b03-681bfbdca,11011,gcsmq0002.global.com,2017-05-02T11:02:31.000Z,4768,ms_windows_event,security,d83f1d51-d2b1-43f3-a686-47d0835b2501#2166,"{""id"":""d83f1d51-d2b1-43f3-a686-47d0835b2501#2166"",""num_events"":2814,""data_type"":""passthrough"",""batch_id"":""d83f1d51-d2b1-43f3-a686-47d0835b2501"",""batch_segment"":0,""customer_id"":""lga03"",""sequence_number"":2165,""source_type"":""json"",""target_index"":""""}",11011, , , , , , , , , , , , , , , , , , , , , , , , , , , , , , , , , , , , , , , , , 
microsoft-windows-security-auditing,success audit,logogc,gcsmq0601.global.com,127.0.0.1,MSWinEventLog	1	Security	3424761	Tue May  2 11:02:32 2017	4634	Microsoft-Windows-Security-Auditing	N/A	N/A	Success Audit	gcsmq0601.global.com	Logogc		An account was logged ogc.    Subject:   Security ID:  S-1-5-21-2029550947-1910908428-336986018-38176   Account Name:  COLLT5533$   Account Domain:  globalcom   Logon ID:  0x1b5eef4d    Logon Type:   3    This event is generated when a logon session is destroyed. It may be positively correlated with a logon event using the Logon ID value. Logon IDs are only unique between reboots on the same computer.	1445129652,an account was logged ogc,"auth,windows",2017-05-02T15:02:33.197Z,49941,172.21.19.25,ms_windows_event-3012490973,617,<14>May  2 11:02:32 gcsmq0601.global.com ,27946630605,0,0.0.0.0/514/tcp,2b03-681bfbdcd,11011,gcsmq0601.global.com,2017-05-02T11:02:32.000Z,4634,ms_windows_event,security,d83f1d51-d2b1-43f3-a686-47d0835b2501#2167,"{""id"":""d83f1d51-d2b1-43f3-a686-47d0835b2501#2167"",""num_events"":2814,""data_type"":""passthrough"",""batch_id"":""d83f1d51-d2b1-43f3-a686-47d0835b2501"",""batch_segment"":0,""customer_id"":""lga03"",""sequence_number"":2166,""source_type"":""json"",""target_index"":""""}",11011,s-1-5-21-2029550947-1910908428-336986018-38176,collt5533$, , , , , ,0x1b5eef4d, , , ,globalcom, , , , , , , ,3,this event is generated when a logon session is destroyed, , , , , , , , , , , , , , , , , , , , 
microsoft-windows-security-auditing,success audit,credential validation,gcsmq0002.global.com,127.0.0.1,MSWinEventLog	1	Security	2131576	Tue May  2 11:02:32 2017	4776	Microsoft-Windows-Security-Auditing	N/A	N/A	Success Audit	gcSMQ0002.global.com	Credential Validation		N/A	304321133,n/a,"auth,windows",2017-05-02T15:02:33.198Z,50165,172.21.14.21,ms_windows_event-2768218977,225,<14>May  2 11:02:32 gcSMQ0002.global.com ,27946630609,0,0.0.0.0/514/tcp,2b03-681bfbdd1,11011,gcsmq0002.global.com,2017-05-02T11:02:32.000Z,4776,ms_windows_event,security,d83f1d51-d2b1-43f3-a686-47d0835b2501#2168,"{""id"":""d83f1d51-d2b1-43f3-a686-47d0835b2501#2168"",""num_events"":2814,""data_type"":""passthrough"",""batch_id"":""d83f1d51-d2b1-43f3-a686-47d0835b2501"",""batch_segment"":0,""customer_id"":""lga03"",""sequence_number"":2167,""source_type"":""json"",""target_index"":""""}",11011, , , , , , , , , , , , , , , , , , , , , , , , , , , , , , , , , , , , , , , , , 
microsoft-windows-security-auditing,success audit,logogc,gcsmq0002.global.com,127.0.0.1,MSWinEventLog	1	Security	2131580	Tue May  2 11:02:32 2017	4634	Microsoft-Windows-Security-Auditing	N/A	N/A	Success Audit	gcSMQ0002.global.com	Logogc		N/A	304321137,n/a,"auth,windows",2017-05-02T15:02:33.199Z,50165,172.21.14.21,ms_windows_event-1377334112,210,<14>May  2 11:02:32 gcSMQ0002.global.com ,27946630613,0,0.0.0.0/514/tcp,2b03-681bfbdd5,11011,gcsmq0002.global.com,2017-05-02T11:02:32.000Z,4634,ms_windows_event,security,d83f1d51-d2b1-43f3-a686-47d0835b2501#2169,"{""id"":""d83f1d51-d2b1-43f3-a686-47d0835b2501#2169"",""num_events"":2814,""data_type"":""passthrough"",""batch_id"":""d83f1d51-d2b1-43f3-a686-47d0835b2501"",""batch_segment"":0,""customer_id"":""lga03"",""sequence_number"":2168,""source_type"":""json"",""target_index"":""""}",11011, , , , , , , , , , , , , , , , , , , , , , , , , , , , , , , , , , , , , , , , , 
microsoft-windows-security-auditing,success audit,logogc,gcsmq0601.global.com,127.0.0.1,MSWinEventLog	1	Security	3424776	Tue May  2 11:02:33 2017	4634	Microsoft-Windows-Security-Auditing	N/A	N/A	Success Audit	gcsmq0601.global.com	Logogc		An account was logged ogc.    Subject:   Security ID:  S-1-5-21-2029550947-1910908428-336986018-41777   Account Name:  COLLT5532$   Account Domain:  globalcom   Logon ID:  0x1b5ef491    Logon Type:   3    This event is generated when a logon session is destroyed. It may be positively correlated with a logon event using the Logon ID value. Logon IDs are only unique between reboots on the same computer.	1445129667,an account was logged ogc,"auth,windows",2017-05-02T15:02:33.204Z,49941,172.21.19.25,ms_windows_event-3012490973,617,<14>May  2 11:02:33 gcsmq0601.global.com ,27946630617,0,0.0.0.0/514/tcp,2b03-681bfbdd9,11011,gcsmq0601.global.com,2017-05-02T11:02:33.000Z,4634,ms_windows_event,security,d83f1d51-d2b1-43f3-a686-47d0835b2501#2170,"{""id"":""d83f1d51-d2b1-43f3-a686-47d0835b2501#2170"",""num_events"":2814,""data_type"":""passthrough"",""batch_id"":""d83f1d51-d2b1-43f3-a686-47d0835b2501"",""batch_segment"":0,""customer_id"":""lga03"",""sequence_number"":2169,""source_type"":""json"",""target_index"":""""}",11011,s-1-5-21-2029550947-1910908428-336986018-41777,collt5532$, , , , , ,0x1b5ef491, , , ,globalcom, , , , , , , ,3,this event is generated when a logon session is destroyed, , , , , , , , , , , , , , , , , , , , 
microsoft-windows-security-auditing,success audit,filtering platform connection,gcmex0400.global.com,127.0.0.1,MSWinEventLog	1	Security	773414	Tue May  2 10:02:30 2017	5156	Microsoft-Windows-Security-Auditing	N/A	N/A	Success Audit	gcMEX0400.global.com	Filtering Platform Connection		The Windows Filtering Platform has permitted a connection.    Application Information:   Process ID:  1744   Application Name: \device\harddiskvolume2\windows\system32\svchost.exe    Network Information:   Direction:  Outbound   Source Address:  172.20.32.23   Source Port:  67   Destination Address: 172.20.32.130   Destination Port:  68   Protocol:  17    Filter Information:   Filter Run-Time ID: 150318   Layer Name:  Connect   Layer Run-Time ID: 48	376831459,the windows filtering platform has permitted a connection,"auth,windows",2017-05-02T15:02:32.129Z,64651,172.20.32.23,ms_windows_event-820008369,682,<14>May  2 10:02:30 gcMEX0400.global.com ,2661096454,1,0.0.0.0/514/tcp,2b00-9e9d1c06,11008,gcmex0400.global.com, ,5156,ms_windows_event,security,d83f1d51-d2b1-43f3-a686-47d0835b2501#2212,"{""id"":""d83f1d51-d2b1-43f3-a686-47d0835b2501#2212"",""num_events"":2814,""data_type"":""passthrough"",""batch_id"":""d83f1d51-d2b1-43f3-a686-47d0835b2501"",""batch_segment"":0,""customer_id"":""lga03"",""sequence_number"":2211,""source_type"":""json"",""target_index"":""""}",11008, , , , ,1744, , , , , , , , ,67,172.20.32.23,17,\device\harddiskvolume2\windows\system32\svchost.exe,private ip address lan,rsv, , , , , , , , , ,68,172.20.32.130,outbound,private ip address lan,rsv, , , , , , , , 
microsoft-windows-security-auditing,success audit,logogc,gcsmq0002.global.com,127.0.0.1,MSWinEventLog	1	Security	2131567	Tue May  2 11:02:31 2017	4634	Microsoft-Windows-Security-Auditing	N/A	N/A	Success Audit	gcSMQ0002.global.com	Logogc		N/A	304321124,n/a,"auth,windows",2017-05-02T15:02:32.197Z,50165,172.21.14.21,ms_windows_event-1377334112,210,<14>May  2 11:02:31 gcSMQ0002.global.com ,27946630422,0,0.0.0.0/514/tcp,2b03-681bfbd16,11011,gcsmq0002.global.com,2017-05-02T11:02:31.000Z,4634,ms_windows_event,security,d83f1d51-d2b1-43f3-a686-47d0835b2501#2217,"{""id"":""d83f1d51-d2b1-43f3-a686-47d0835b2501#2217"",""num_events"":2814,""data_type"":""passthrough"",""batch_id"":""d83f1d51-d2b1-43f3-a686-47d0835b2501"",""batch_segment"":0,""customer_id"":""lga03"",""sequence_number"":2216,""source_type"":""json"",""target_index"":""""}",11011, , , , , , , , , , , , , , , , , , , , , , , , , , , , , , , , , , , , , , , , , 
