microsoft-windows-security-auditing,success audit,filtering platform connection,gcmex0400.global.com,127.0.0.1,MSWinEventLog	1	Security	773417	Tue May  2 10:02:32 2017	5158	Microsoft-Windows-Security-Auditing	N/A	N/A	Success Audit	gcMEX0400.global.com	Filtering Platform Connection		The Windows Filtering Platform has permitted a bind to a local port.    Application Information:   Process ID:  628   Application Name: \device\harddiskvolume2\windows\system32\lsass.exe    Network Information:   Source Address:  0.0.0.0   Source Port:  50729   Protocol:  6    Filter Information:   Filter Run-Time ID: 0   Layer Name:  Resource Assignment   Layer Run-Time ID: 36	376831462,the windows filtering platform has permitted a bind to a local port,"auth,windows",2017-05-02T15:02:34.157Z,64651,172.20.32.23,ms_windows_event-1072601665,609,<14>May  2 10:02:32 gcMEX0400.global.com ,2661096602,1,0.0.0.0/514/tcp,2b00-9e9d1c9a,11008,gcmex0400.global.com,2017-05-02T10:02:32.000Z,5158,ms_windows_event,security,d1e11542-1bd7-4219-b229-b1664e8d6061#1350,"{""id"":""d1e11542-1bd7-4219-b229-b1664e8d6061#1350"",""num_events"":2819,""data_type"":""passthrough"",""batch_id"":""d1e11542-1bd7-4219-b229-b1664e8d6061"",""batch_segment"":0,""customer_id"":""lga03"",""sequence_number"":1349,""source_type"":""json"",""target_index"":""""}",11008, , , , , , , , , , , , , ,50729,0.0.0.0,6,\device\harddiskvolume2\windows\system32\lsass.exe,broadcast rfc1700,rsv, , , , , , , , , , , , , , , , , , , , , , 
microsoft-windows-security-auditing,success audit,logon,gcbra0000.global.com,127.0.0.1,MSWinEventLog	1	Security	98954	Tue May  2 12:02:30 2017	4624	Microsoft-Windows-Security-Auditing	N/A	N/A	Success Audit	gcBRA0000.global.com	Logon		N/A	19816029,n/a,"auth,windows",2017-05-02T15:02:31.587Z,64485,172.20.36.22,ms_windows_event-796723568,206,<14>May  2 12:02:30 gcBRA0000.global.com ,6500393605,1,0.0.0.0/514/tcp,2af9-183742285,11001,gcbra0000.global.com,2017-05-02T12:02:30.000Z,4624,ms_windows_event,security,d1e11542-1bd7-4219-b229-b1664e8d6061#1489,"{""id"":""d1e11542-1bd7-4219-b229-b1664e8d6061#1489"",""num_events"":2813,""data_type"":""passthrough"",""batch_id"":""d1e11542-1bd7-4219-b229-b1664e8d6061"",""batch_segment"":0,""customer_id"":""lga03"",""sequence_number"":1488,""source_type"":""json"",""target_index"":""""}",11001, , , , , , , , , , , , , , , , , , , , , , , , , , , , , , , , , , , , , , , , , 
microsoft-windows-security-auditing,success audit,logon,gcind0400.global.com,127.0.0.1,"MSWinEventLog	1	Security	1535131	Tue May  2 20:30:44 2017	4624	Microsoft-Windows-Security-Auditing	N/A	N/A	Success Audit	gcIND0400.global.com	Logon		An account was successfully logged on.    Subject:   Security ID:  S-1-0-0   Account Name:  -   Account Domain:  -   Logon ID:  0x0    Logon Type:   3    New Logon:   Security ID:  S-1-5-21-2029550947-1910908428-336986018-27183   Account Name:  gcSMQ0601$   Account Domain:  globalcom   Logon ID:  0xf757f6e   Logon GUID:  {E149CEDD-FDF3-78C7-1E1A-96165E17A609}    Process Information:   Process ID:  0x0   Process Name:  -    Network Information:   Workstation Name:    Source Network Address: 172.21.19.25   Source Port:  64654    Detailed Authentication Information:   Logon Process:  Kerberos   Authentication Package: Kerberos   Transited Services: -   Package Name (NTLM only): -   Key Length:  0    This event is generated when a logon session is created. It is generated on the computer that was accessed.    The subject fields indicate the account on the local system which requested the logon. This is most commonly a service such as the Server service, or a local process such as Winlogon.exe or Services.exe.    The logon type field indicates the kind of logon that occurred. The most common types are 2 (interactive) and 3 (network).    The New Logon fields indicate the account for whom the new logon was created, i.e. the account that was logged on.    The network fields indicate where a remote logon request originated. Workstation name is not always available and may be left blank in some cases.    The authentication information fields provide detailed information about this specific logon request.   - Logon GUID is a unique identifier that can be used to correlate this event with a KDC event.   - Transited services indicate which intermediate services have participated in this logon request.   - Package name indicates which sub-protocol was used among the NTLM protocols.   - Key length indicates the length of the generated session key. This will be 0 if no session key was requested.	671456084",an account was successfully logged on,"auth,windows",2017-05-02T15:02:30.072Z,63364,172.20.42.23,ms_windows_event-3795724934,2123,<14>May  2 20:30:44 gcIND0400.global.com ,285062908,1,0.0.0.0/514/tcp,2afe-10fdb6fc,11006,gcind0400.global.com,2017-05-02T20:30:44.000Z,4624,ms_windows_event,security,d1e11542-1bd7-4219-b229-b1664e8d6061#1525,"{""id"":""d1e11542-1bd7-4219-b229-b1664e8d6061#1525"",""num_events"":2813,""data_type"":""passthrough"",""batch_id"":""d1e11542-1bd7-4219-b229-b1664e8d6061"",""batch_segment"":0,""customer_id"":""lga03"",""sequence_number"":1524,""source_type"":""json"",""target_index"":""""}",11006,s-1-5-21-2029550947-1910908428-336986018-27183,gcsmq0601$, , ,0x0,-, ,0xf757f6e, , , ,globalcom, ,64654,172.21.19.25, , ,private ip address lan,rsv,3,this event is generated when a logon session is created, ,,kerberos,"[""1.1.1521""]", , , , , , , , , , , , , , , , 
microsoft-windows-security-auditing,success audit,credential validation,gcsmq0002.global.com,127.0.0.1,MSWinEventLog	1	Security	2131589	Tue May  2 11:02:32 2017	4776	Microsoft-Windows-Security-Auditing	N/A	N/A	Success Audit	gcSMQ0002.global.com	Credential Validation		N/A	304321146,n/a,"auth,windows",2017-05-02T15:02:34.197Z,50165,172.21.14.21,ms_windows_event-2768218977,225,<14>May  2 11:02:32 gcSMQ0002.global.com ,27946631227,0,0.0.0.0/514/tcp,2b03-681bfc03b,11011,gcsmq0002.global.com,2017-05-02T11:02:32.000Z,4776,ms_windows_event,security,d1e11542-1bd7-4219-b229-b1664e8d6061#1550,"{""id"":""d1e11542-1bd7-4219-b229-b1664e8d6061#1550"",""num_events"":2812,""data_type"":""passthrough"",""batch_id"":""d1e11542-1bd7-4219-b229-b1664e8d6061"",""batch_segment"":0,""customer_id"":""lga03"",""sequence_number"":1549,""source_type"":""json"",""target_index"":""""}",11011, , , , , , , , , , , , , , , , , , , , , , , , , , , , , , , , , , , , , , , , , 
microsoft-windows-security-auditing,success audit,logogc,gcsmq0002.global.com,127.0.0.1,MSWinEventLog	1	Security	2131597	Tue May  2 11:02:33 2017	4634	Microsoft-Windows-Security-Auditing	N/A	N/A	Success Audit	gcSMQ0002.global.com	Logogc		N/A	304321154,n/a,"auth,windows",2017-05-02T15:02:35.197Z,50165,172.21.14.21,ms_windows_event-1377334112,210,<14>May  2 11:02:33 gcSMQ0002.global.com ,27946631580,0,0.0.0.0/514/tcp,2b03-681bfc19c,11011,gcsmq0002.global.com,2017-05-02T11:02:33.000Z,4634,ms_windows_event,security,d1e11542-1bd7-4219-b229-b1664e8d6061#1607,"{""id"":""d1e11542-1bd7-4219-b229-b1664e8d6061#1607"",""num_events"":2812,""data_type"":""passthrough"",""batch_id"":""d1e11542-1bd7-4219-b229-b1664e8d6061"",""batch_segment"":0,""customer_id"":""lga03"",""sequence_number"":1606,""source_type"":""json"",""target_index"":""""}",11011, , , , , , , , , , , , , , , , , , , , , , , , , , , , , , , , , , , , , , , , , 
microsoft-windows-security-auditing,success audit,logogc,gcsmq0002.global.com,127.0.0.1,MSWinEventLog	1	Security	2131601	Tue May  2 11:02:34 2017	4634	Microsoft-Windows-Security-Auditing	N/A	N/A	Success Audit	gcSMQ0002.global.com	Logogc		N/A	304321158,n/a,"auth,windows",2017-05-02T15:02:35.198Z,50165,172.21.14.21,ms_windows_event-1377334112,210,<14>May  2 11:02:34 gcSMQ0002.global.com ,27946631584,0,0.0.0.0/514/tcp,2b03-681bfc1a0,11011,gcsmq0002.global.com,2017-05-02T11:02:34.000Z,4634,ms_windows_event,security,d1e11542-1bd7-4219-b229-b1664e8d6061#1608,"{""id"":""d1e11542-1bd7-4219-b229-b1664e8d6061#1608"",""num_events"":2812,""data_type"":""passthrough"",""batch_id"":""d1e11542-1bd7-4219-b229-b1664e8d6061"",""batch_segment"":0,""customer_id"":""lga03"",""sequence_number"":1607,""source_type"":""json"",""target_index"":""""}",11011, , , , , , , , , , , , , , , , , , , , , , , , , , , , , , , , , , , , , , , , , 
microsoft-windows-security-auditing,success audit,logon,gcsmq0002.global.com,127.0.0.1,MSWinEventLog	1	Security	2131614	Tue May  2 11:02:34 2017	4624	Microsoft-Windows-Security-Auditing	N/A	N/A	Success Audit	gcSMQ0002.global.com	Logon		N/A	304321171,n/a,"auth,windows",2017-05-02T15:02:35.204Z,50165,172.21.14.21,ms_windows_event-796723568,209,<14>May  2 11:02:34 gcSMQ0002.global.com ,27946631597,0,0.0.0.0/514/tcp,2b03-681bfc1ad,11011,gcsmq0002.global.com,2017-05-02T11:02:34.000Z,4624,ms_windows_event,security,d1e11542-1bd7-4219-b229-b1664e8d6061#1611,"{""id"":""d1e11542-1bd7-4219-b229-b1664e8d6061#1611"",""num_events"":2812,""data_type"":""passthrough"",""batch_id"":""d1e11542-1bd7-4219-b229-b1664e8d6061"",""batch_segment"":0,""customer_id"":""lga03"",""sequence_number"":1610,""source_type"":""json"",""target_index"":""""}",11011, , , , , , , , , , , , , , , , , , , , , , , , , , , , , , , , , , , , , , , , , 
microsoft-windows-security-auditing,success audit,logon,gcsmq0002.global.com,127.0.0.1,MSWinEventLog	1	Security	2131618	Tue May  2 11:02:34 2017	4624	Microsoft-Windows-Security-Auditing	N/A	N/A	Success Audit	gcSMQ0002.global.com	Logon		N/A	304321175,n/a,"auth,windows",2017-05-02T15:02:35.205Z,50165,172.21.14.21,ms_windows_event-796723568,209,<14>May  2 11:02:34 gcSMQ0002.global.com ,27946631601,0,0.0.0.0/514/tcp,2b03-681bfc1b1,11011,gcsmq0002.global.com,2017-05-02T11:02:34.000Z,4624,ms_windows_event,security,d1e11542-1bd7-4219-b229-b1664e8d6061#1612,"{""id"":""d1e11542-1bd7-4219-b229-b1664e8d6061#1612"",""num_events"":2812,""data_type"":""passthrough"",""batch_id"":""d1e11542-1bd7-4219-b229-b1664e8d6061"",""batch_segment"":0,""customer_id"":""lga03"",""sequence_number"":1611,""source_type"":""json"",""target_index"":""""}",11011, , , , , , , , , , , , , , , , , , , , , , , , , , , , , , , , , , , , , , , , , 
microsoft-windows-security-auditing,success audit,logon,gcsmq0002.global.com,127.0.0.1,MSWinEventLog	1	Security	2131626	Tue May  2 11:02:34 2017	4624	Microsoft-Windows-Security-Auditing	N/A	N/A	Success Audit	gcSMQ0002.global.com	Logon		N/A	304321183,n/a,"auth,windows",2017-05-02T15:02:35.208Z,50165,172.21.14.21,ms_windows_event-796723568,209,<14>May  2 11:02:34 gcSMQ0002.global.com ,27946631609,0,0.0.0.0/514/tcp,2b03-681bfc1b9,11011,gcsmq0002.global.com,2017-05-02T11:02:34.000Z,4624,ms_windows_event,security,d1e11542-1bd7-4219-b229-b1664e8d6061#1614,"{""id"":""d1e11542-1bd7-4219-b229-b1664e8d6061#1614"",""num_events"":2812,""data_type"":""passthrough"",""batch_id"":""d1e11542-1bd7-4219-b229-b1664e8d6061"",""batch_segment"":0,""customer_id"":""lga03"",""sequence_number"":1613,""source_type"":""json"",""target_index"":""""}",11011, , , , , , , , , , , , , , , , , , , , , , , , , , , , , , , , , , , , , , , , , 
microsoft-windows-security-auditing,success audit,logon,gcsmq0002.global.com,127.0.0.1,MSWinEventLog	1	Security	2131596	Tue May  2 11:02:33 2017	4624	Microsoft-Windows-Security-Auditing	N/A	N/A	Success Audit	gcSMQ0002.global.com	Logon		N/A	304321153,n/a,"auth,windows",2017-05-02T15:02:35.196Z,50165,172.21.14.21,ms_windows_event-796723568,209,<14>May  2 11:02:33 gcSMQ0002.global.com ,27946631579,0,0.0.0.0/514/tcp,2b03-681bfc19b,11011,gcsmq0002.global.com,2017-05-02T11:02:33.000Z,4624,ms_windows_event,security,d1e11542-1bd7-4219-b229-b1664e8d6061#1640,"{""id"":""d1e11542-1bd7-4219-b229-b1664e8d6061#1640"",""num_events"":2812,""data_type"":""passthrough"",""batch_id"":""d1e11542-1bd7-4219-b229-b1664e8d6061"",""batch_segment"":0,""customer_id"":""lga03"",""sequence_number"":1639,""source_type"":""json"",""target_index"":""""}",11011, , , , , , , , , , , , , , , , , , , , , , , , , , , , , , , , , , , , , , , , , 
microsoft-windows-security-auditing,failure audit,kerberos authentication service,gcbrw0000.global.com,127.0.0.1,"MSWinEventLog	3	Security	796194	Tue May  2 11:02:31 2017	4768	Microsoft-Windows-Security-Auditing	N/A	N/A	Failure Audit	gcBRW0000.global.com	Kerberos Authentication Service		A Kerberos authentication ticket (TGT) was requested.    Account Information:   Account Name:  nycmlt4990c$   Supplied Realm Name: global.com   User ID:   S-1-0-0    Service Information:   Service Name:  krbtgt/global.com   Service ID:  S-1-0-0    Network Information:   Client Address:  172.24.40.31   Client Port:  51705    Additional Information:   Ticket Options:  0x40000000   Result Code:  0x6   Ticket Encryption Type: 0xgcgcgcgc   Pre-Authentication Type: -    Certificate Information:   Certificate Issuer Name:     Certificate Serial Number:    Certificate Thumbprint:      Certificate information is only provided if a certificate was used for pre-authentication.    Pre-authentication types, ticket options, encryption types and result codes are defined in RFC 4120.	64590903",a kerberos authentication ticket (tgt) was requested,"auth,windows",2017-05-02T15:04:29.805Z,54837,172.24.19.20,ms_windows_event-1517866548,1014,<11>May  2 11:02:31 gcBRW0000.global.com ,3969010033,1,0.0.0.0/514/tcp,2b04-ec924971,11012,gcbrw0000.global.com, ,4768,ms_windows_event,security,d1e11542-1bd7-4219-b229-b1664e8d6061#1670,"{""id"":""d1e11542-1bd7-4219-b229-b1664e8d6061#1670"",""num_events"":2812,""data_type"":""passthrough"",""batch_id"":""d1e11542-1bd7-4219-b229-b1664e8d6061"",""batch_segment"":0,""customer_id"":""lga03"",""sequence_number"":1669,""source_type"":""json"",""target_index"":""""}",11012, ,nycmlt4990c$, , , , , , , , , , , ,51705,172.24.40.31, , ,private ip address lan,rsv, , , , , ,"[""1.1.1521""]", , , , , , , , , , , , , , , , 
microsoft-windows-security-auditing,success audit,logogc,gcbrw0000.global.com,127.0.0.1,MSWinEventLog	1	Security	796206	Tue May  2 11:02:32 2017	4634	Microsoft-Windows-Security-Auditing	N/A	N/A	Success Audit	gcBRW0000.global.com	Logogc		An account was logged ogc.    Subject:   Security ID:  S-1-5-21-2029550947-1910908428-336986018-23974   Account Name:  E.Oleary   Account Domain:  globalcom   Logon ID:  0x9F80375    Logon Type:   3    This event is generated when a logon session is destroyed. It may be positively correlated with a logon event using the Logon ID value. Logon IDs are only unique between reboots on the same computer.	64590915,an account was logged ogc,"auth,windows",2017-05-02T15:04:29.810Z,54837,172.24.19.20,ms_windows_event-3012490973,611,<14>May  2 11:02:32 gcBRW0000.global.com ,3969010045,1,0.0.0.0/514/tcp,2b04-ec92497d,11012,gcbrw0000.global.com,2017-05-02T11:02:32.000Z,4634,ms_windows_event,security,d1e11542-1bd7-4219-b229-b1664e8d6061#1671,"{""id"":""d1e11542-1bd7-4219-b229-b1664e8d6061#1671"",""num_events"":2812,""data_type"":""passthrough"",""batch_id"":""d1e11542-1bd7-4219-b229-b1664e8d6061"",""batch_segment"":0,""customer_id"":""lga03"",""sequence_number"":1670,""source_type"":""json"",""target_index"":""""}",11012,s-1-5-21-2029550947-1910908428-336986018-23974,e.oleary, , , , , ,0x9f80375, , , ,globalcom, , , , , , , ,3,this event is generated when a logon session is destroyed, , , , , , , , , , , , , , , , , , , , 
microsoft-windows-security-auditing,success audit,detailed file share,gcbra0400.global.com,127.0.0.1,MSWinEventLog	1	Security	566813	Tue May  2 12:02:30 2017	5145	Microsoft-Windows-Security-Auditing	N/A	N/A	Success Audit	gcBRA0400.global.com	Detailed File Share		A network share object was checked to see whether client can be granted desired access.     Subject:   Security ID:  S-1-5-19   Account Name:  LOCAL SERVICE   Account Domain:  NT AUTHORITY   Logon ID:  0x3e5    Network Information:    Object Type:  File   Source Address:  ::1   Source Port:  54933     Share Information:   Share Name:  \\*\SMPSTOREU_FE3A15E2$   Share Path:  \??\U:\Windows 10 Migration User Data\SMPSTOREU_FE3A15E2$   Relative Target Name: \    Access Request Information:   Access Mask:  0x20080   Accesses:  READ_CONTROL      ReadAttributes        Access Check Results:   -  	457188690,a network share object was checked to see whether client can be granted desired access.     subject:   security id:  s-1-5-19   account name:  local service   account domain:  nt authority   logon id:  0x3e5    network information:    object type:  file   source address:  ::1   source port:  54933     share information:   share name:  \\*\smpstoreu_fe3a15e2$   share path:  \??\u:\windows 10 migration user data\smpstoreu_fe3a15e2$   relative target name: \    access request information:   access mask:  0x20080   accesses:  read_control      readattributes        access check results:   -,"auth,windows",2017-05-02T15:02:32.927Z,50311,172.20.36.23,ms_windows_event-2048817195,814,<14>May  2 12:02:30 gcBRA0400.global.com ,6500393671,1,0.0.0.0/514/tcp,2af9-1837422c7,11001,gcbra0400.global.com,2017-05-02T12:02:30.000Z,5145,ms_windows_event,security,d1e11542-1bd7-4219-b229-b1664e8d6061#1687,"{""id"":""d1e11542-1bd7-4219-b229-b1664e8d6061#1687"",""num_events"":2810,""data_type"":""passthrough"",""batch_id"":""d1e11542-1bd7-4219-b229-b1664e8d6061"",""batch_segment"":0,""customer_id"":""lga03"",""sequence_number"":1686,""source_type"":""json"",""target_index"":""""}",11001, , , , , , , , , , , , , , , , , , , , , , , , , , , , , , , , , , , , , , , , , 
microsoft-windows-security-auditing,success audit,logogc,gcbrw0000.global.com,127.0.0.1,MSWinEventLog	1	Security	796193	Tue May  2 11:02:31 2017	4634	Microsoft-Windows-Security-Auditing	N/A	N/A	Success Audit	gcBRW0000.global.com	Logogc		An account was logged ogc.    Subject:   Security ID:  S-1-5-21-2029550947-1910908428-336986018-40232   Account Name:  NYCLT5204D$   Account Domain:  globalcom   Logon ID:  0x9F7BE8E    Logon Type:   3    This event is generated when a logon session is destroyed. It may be positively correlated with a logon event using the Logon ID value. Logon IDs are only unique between reboots on the same computer.	64590902,an account was logged ogc,"auth,windows",2017-05-02T15:04:29.805Z,54837,172.24.19.20,ms_windows_event-3012490973,614,<14>May  2 11:02:31 gcBRW0000.global.com ,3969010032,1,0.0.0.0/514/tcp,2b04-ec924970,11012,gcbrw0000.global.com,2017-05-02T11:02:31.000Z,4634,ms_windows_event,security,d1e11542-1bd7-4219-b229-b1664e8d6061#1688,"{""id"":""d1e11542-1bd7-4219-b229-b1664e8d6061#1688"",""num_events"":2810,""data_type"":""passthrough"",""batch_id"":""d1e11542-1bd7-4219-b229-b1664e8d6061"",""batch_segment"":0,""customer_id"":""lga03"",""sequence_number"":1687,""source_type"":""json"",""target_index"":""""}",11012,s-1-5-21-2029550947-1910908428-336986018-40232,nyclt5204d$, , , , , ,0x9f7be8e, , , ,globalcom, , , , , , , ,3,this event is generated when a logon session is destroyed, , , , , , , , , , , , , , , , , , , , 
microsoft-windows-security-auditing,success audit,logogc,gcbrw0000.global.com,127.0.0.1,MSWinEventLog	1	Security	796202	Tue May  2 11:02:32 2017	4634	Microsoft-Windows-Security-Auditing	N/A	N/A	Success Audit	gcBRW0000.global.com	Logogc		An account was logged ogc.    Subject:   Security ID:  S-1-5-21-2029550947-1910908428-336986018-23974   Account Name:  E.Oleary   Account Domain:  globalcom   Logon ID:  0x9F8033B    Logon Type:   3    This event is generated when a logon session is destroyed. It may be positively correlated with a logon event using the Logon ID value. Logon IDs are only unique between reboots on the same computer.	64590911,an account was logged ogc,"auth,windows",2017-05-02T15:04:29.808Z,54837,172.24.19.20,ms_windows_event-3012490973,611,<14>May  2 11:02:32 gcBRW0000.global.com ,3969010041,1,0.0.0.0/514/tcp,2b04-ec924979,11012,gcbrw0000.global.com,2017-05-02T11:02:32.000Z,4634,ms_windows_event,security,d1e11542-1bd7-4219-b229-b1664e8d6061#1689,"{""id"":""d1e11542-1bd7-4219-b229-b1664e8d6061#1689"",""num_events"":2810,""data_type"":""passthrough"",""batch_id"":""d1e11542-1bd7-4219-b229-b1664e8d6061"",""batch_segment"":0,""customer_id"":""lga03"",""sequence_number"":1688,""source_type"":""json"",""target_index"":""""}",11012,s-1-5-21-2029550947-1910908428-336986018-23974,e.oleary, , , , , ,0x9f8033b, , , ,globalcom, , , , , , , ,3,this event is generated when a logon session is destroyed, , , , , , , , , , , , , , , , , , , , 
microsoft-windows-security-auditing,success audit,logogc,gcsmq0002.global.com,127.0.0.1,MSWinEventLog	1	Security	2131604	Tue May  2 11:02:34 2017	4634	Microsoft-Windows-Security-Auditing	N/A	N/A	Success Audit	gcSMQ0002.global.com	Logogc		N/A	304321161,n/a,"auth,windows",2017-05-02T15:02:35.200Z,50165,172.21.14.21,ms_windows_event-1377334112,210,<14>May  2 11:02:34 gcSMQ0002.global.com ,27946631587,0,0.0.0.0/514/tcp,2b03-681bfc1a3,11011,gcsmq0002.global.com,2017-05-02T11:02:34.000Z,4634,ms_windows_event,security,d1e11542-1bd7-4219-b229-b1664e8d6061#1730,"{""id"":""d1e11542-1bd7-4219-b229-b1664e8d6061#1730"",""num_events"":2795,""data_type"":""passthrough"",""batch_id"":""d1e11542-1bd7-4219-b229-b1664e8d6061"",""batch_segment"":0,""customer_id"":""lga03"",""sequence_number"":1729,""source_type"":""json"",""target_index"":""""}",11011, , , , , , , , , , , , , , , , , , , , , , , , , , , , , , , , , , , , , , , , , 
microsoft-windows-security-auditing,success audit,logon,gcsmq0002.global.com,127.0.0.1,MSWinEventLog	1	Security	2131608	Tue May  2 11:02:34 2017	4624	Microsoft-Windows-Security-Auditing	N/A	N/A	Success Audit	gcSMQ0002.global.com	Logon		N/A	304321165,n/a,"auth,windows",2017-05-02T15:02:35.201Z,50165,172.21.14.21,ms_windows_event-796723568,209,<14>May  2 11:02:34 gcSMQ0002.global.com ,27946631591,0,0.0.0.0/514/tcp,2b03-681bfc1a7,11011,gcsmq0002.global.com,2017-05-02T11:02:34.000Z,4624,ms_windows_event,security,d1e11542-1bd7-4219-b229-b1664e8d6061#1731,"{""id"":""d1e11542-1bd7-4219-b229-b1664e8d6061#1731"",""num_events"":2795,""data_type"":""passthrough"",""batch_id"":""d1e11542-1bd7-4219-b229-b1664e8d6061"",""batch_segment"":0,""customer_id"":""lga03"",""sequence_number"":1730,""source_type"":""json"",""target_index"":""""}",11011, , , , , , , , , , , , , , , , , , , , , , , , , , , , , , , , , , , , , , , , , 
microsoft-windows-security-auditing,success audit,logogc,gcsmq0002.global.com,127.0.0.1,MSWinEventLog	1	Security	2131611	Tue May  2 11:02:34 2017	4634	Microsoft-Windows-Security-Auditing	N/A	N/A	Success Audit	gcSMQ0002.global.com	Logogc		N/A	304321168,n/a,"auth,windows",2017-05-02T15:02:35.203Z,50165,172.21.14.21,ms_windows_event-1377334112,210,<14>May  2 11:02:34 gcSMQ0002.global.com ,27946631594,0,0.0.0.0/514/tcp,2b03-681bfc1aa,11011,gcsmq0002.global.com,2017-05-02T11:02:34.000Z,4634,ms_windows_event,security,d1e11542-1bd7-4219-b229-b1664e8d6061#1732,"{""id"":""d1e11542-1bd7-4219-b229-b1664e8d6061#1732"",""num_events"":2795,""data_type"":""passthrough"",""batch_id"":""d1e11542-1bd7-4219-b229-b1664e8d6061"",""batch_segment"":0,""customer_id"":""lga03"",""sequence_number"":1731,""source_type"":""json"",""target_index"":""""}",11011, , , , , , , , , , , , , , , , , , , , , , , , , , , , , , , , , , , , , , , , , 
microsoft-windows-security-auditing,success audit,logogc,gcsmq0002.global.com,127.0.0.1,MSWinEventLog	1	Security	2131615	Tue May  2 11:02:34 2017	4634	Microsoft-Windows-Security-Auditing	N/A	N/A	Success Audit	gcSMQ0002.global.com	Logogc		N/A	304321172,n/a,"auth,windows",2017-05-02T15:02:35.204Z,50165,172.21.14.21,ms_windows_event-1377334112,210,<14>May  2 11:02:34 gcSMQ0002.global.com ,27946631598,0,0.0.0.0/514/tcp,2b03-681bfc1ae,11011,gcsmq0002.global.com,2017-05-02T11:02:34.000Z,4634,ms_windows_event,security,d1e11542-1bd7-4219-b229-b1664e8d6061#1733,"{""id"":""d1e11542-1bd7-4219-b229-b1664e8d6061#1733"",""num_events"":2795,""data_type"":""passthrough"",""batch_id"":""d1e11542-1bd7-4219-b229-b1664e8d6061"",""batch_segment"":0,""customer_id"":""lga03"",""sequence_number"":1732,""source_type"":""json"",""target_index"":""""}",11011, , , , , , , , , , , , , , , , , , , , , , , , , , , , , , , , , , , , , , , , , 
microsoft-windows-security-auditing,success audit,logogc,gcsmq0002.global.com,127.0.0.1,MSWinEventLog	1	Security	2131619	Tue May  2 11:02:34 2017	4634	Microsoft-Windows-Security-Auditing	N/A	N/A	Success Audit	gcSMQ0002.global.com	Logogc		N/A	304321176,n/a,"auth,windows",2017-05-02T15:02:35.206Z,50165,172.21.14.21,ms_windows_event-1377334112,210,<14>May  2 11:02:34 gcSMQ0002.global.com ,27946631602,0,0.0.0.0/514/tcp,2b03-681bfc1b2,11011,gcsmq0002.global.com,2017-05-02T11:02:34.000Z,4634,ms_windows_event,security,d1e11542-1bd7-4219-b229-b1664e8d6061#1734,"{""id"":""d1e11542-1bd7-4219-b229-b1664e8d6061#1734"",""num_events"":2795,""data_type"":""passthrough"",""batch_id"":""d1e11542-1bd7-4219-b229-b1664e8d6061"",""batch_segment"":0,""customer_id"":""lga03"",""sequence_number"":1733,""source_type"":""json"",""target_index"":""""}",11011, , , , , , , , , , , , , , , , , , , , , , , , , , , , , , , , , , , , , , , , , 
microsoft-windows-security-auditing,success audit,logogc,gcsmq0002.global.com,127.0.0.1,MSWinEventLog	1	Security	2131627	Tue May  2 11:02:34 2017	4634	Microsoft-Windows-Security-Auditing	N/A	N/A	Success Audit	gcSMQ0002.global.com	Logogc		N/A	304321184,n/a,"auth,windows",2017-05-02T15:02:35.209Z,50165,172.21.14.21,ms_windows_event-1377334112,210,<14>May  2 11:02:34 gcSMQ0002.global.com ,27946631610,0,0.0.0.0/514/tcp,2b03-681bfc1ba,11011,gcsmq0002.global.com,2017-05-02T11:02:34.000Z,4634,ms_windows_event,security,d1e11542-1bd7-4219-b229-b1664e8d6061#1736,"{""id"":""d1e11542-1bd7-4219-b229-b1664e8d6061#1736"",""num_events"":2795,""data_type"":""passthrough"",""batch_id"":""d1e11542-1bd7-4219-b229-b1664e8d6061"",""batch_segment"":0,""customer_id"":""lga03"",""sequence_number"":1735,""source_type"":""json"",""target_index"":""""}",11011, , , , , , , , , , , , , , , , , , , , , , , , , , , , , , , , , , , , , , , , , 
microsoft-windows-security-auditing,success audit,logon,gcbrw0000.global.com,127.0.0.1,"MSWinEventLog	1	Security	796219	Tue May  2 11:02:33 2017	4624	Microsoft-Windows-Security-Auditing	N/A	N/A	Success Audit	gcBRW0000.global.com	Logon		An account was successfully logged on.    Subject:   Security ID:  S-1-0-0   Account Name:  -   Account Domain:  -   Logon ID:  0x0    Logon Type:   3    Impersonation Level:  Impersonation    New Logon:   Security ID:  S-1-5-21-2029550947-1910908428-336986018-27940   Account Name:  NYCLT4963-0443$   Account Domain:  globalcom   Logon ID:  0x9F804A9   Logon GUID:  {E3229030-7D90-6381-A3A0-E5D7E9BED3E9}    Process Information:   Process ID:  0x0   Process Name:  -    Network Information:   Workstation Name:    Source Network Address: 172.24.33.124   Source Port:  49963    Detailed Authentication Information:   Logon Process:  Kerberos   Authentication Package: Kerberos   Transited Services: -   Package Name (NTLM only): -   Key Length:  0    This event is generated when a logon session is created. It is generated on the computer that was accessed.    The subject fields indicate the account on the local system which requested the logon. This is most commonly a service such as the Server service, or a local process such as Winlogon.exe or Services.exe.    The logon type field indicates the kind of logon that occurred. The most common types are 2 (interactive) and 3 (network).    The New Logon fields indicate the account for whom the new logon was created, i.e. the account that was logged on.    The network fields indicate where a remote logon request originated. Workstation name is not always available and may be left blank in some cases.    The impersonation level field indicates the extent to which a process in the logon session can impersonate.    The authentication information fields provide detailed information about this specific logon request.   - Logon GUID is a unique identifier that can be used to correlate this event with a KDC event.   - Transited services indicate which intermediate services have participated in this logon request.   - Package name indicates which sub-protocol was used among the NTLM protocols.   - Key length indicates the length of the generated session key. This will be 0 if no session key was requested.	64590928",an account was successfully logged on,"auth,windows",2017-05-02T15:04:30.810Z,54837,172.24.19.20,ms_windows_event-3795724934,2277,<14>May  2 11:02:33 gcBRW0000.global.com ,3969010385,1,0.0.0.0/514/tcp,2b04-ec924ad1,11012,gcbrw0000.global.com,2017-05-02T11:02:33.000Z,4624,ms_windows_event,security,d1e11542-1bd7-4219-b229-b1664e8d6061#1886,"{""id"":""d1e11542-1bd7-4219-b229-b1664e8d6061#1886"",""num_events"":2789,""data_type"":""passthrough"",""batch_id"":""d1e11542-1bd7-4219-b229-b1664e8d6061"",""batch_segment"":0,""customer_id"":""lga03"",""sequence_number"":1885,""source_type"":""json"",""target_index"":""""}",11012,s-1-5-21-2029550947-1910908428-336986018-27940,nyclt4963-0443$, , ,0x0,-, ,0x9f804a9, , , ,globalcom, ,49963,172.24.33.124, , ,private ip address lan,rsv,3,this event is generated when a logon session is created, ,,kerberos,"[""1.1.1521""]", , , , , , , , , , , , , , , , 
microsoft-windows-security-auditing,success audit,logogc,gcsmq0601.global.com,127.0.0.1,MSWinEventLog	1	Security	3424847	Tue May  2 11:02:34 2017	4634	Microsoft-Windows-Security-Auditing	N/A	N/A	Success Audit	gcsmq0601.global.com	Logogc		An account was logged ogc.    Subject:   Security ID:  S-1-5-21-2029550947-1910908428-336986018-41777   Account Name:  COLLT5532$   Account Domain:  globalcom   Logon ID:  0x1b5f0686    Logon Type:   3    This event is generated when a logon session is destroyed. It may be positively correlated with a logon event using the Logon ID value. Logon IDs are only unique between reboots on the same computer.	1445129738,an account was logged ogc,"auth,windows",2017-05-02T15:02:35.242Z,49941,172.21.19.25,ms_windows_event-3012490973,617,<14>May  2 11:02:34 gcsmq0601.global.com ,27946631631,0,0.0.0.0/514/tcp,2b03-681bfc1cf,11011,gcsmq0601.global.com,2017-05-02T11:02:34.000Z,4634,ms_windows_event,security,d1e11542-1bd7-4219-b229-b1664e8d6061#1965,"{""id"":""d1e11542-1bd7-4219-b229-b1664e8d6061#1965"",""num_events"":2766,""data_type"":""passthrough"",""batch_id"":""d1e11542-1bd7-4219-b229-b1664e8d6061"",""batch_segment"":0,""customer_id"":""lga03"",""sequence_number"":1964,""source_type"":""json"",""target_index"":""""}",11011,s-1-5-21-2029550947-1910908428-336986018-41777,collt5532$, , , , , ,0x1b5f0686, , , ,globalcom, , , , , , , ,3,this event is generated when a logon session is destroyed, , , , , , , , , , , , , , , , , , , , 
microsoft-windows-security-auditing,success audit,logon,gcbra0000.global.com,127.0.0.1,MSWinEventLog	1	Security	98982	Tue May  2 12:02:33 2017	4624	Microsoft-Windows-Security-Auditing	N/A	N/A	Success Audit	gcBRA0000.global.com	Logon		N/A	19816057,n/a,"auth,windows",2017-05-02T15:02:34.634Z,64485,172.20.36.22,ms_windows_event-796723568,206,<14>May  2 12:02:33 gcBRA0000.global.com ,6500393799,1,0.0.0.0/514/tcp,2af9-183742347,11001,gcbra0000.global.com,2017-05-02T12:02:33.000Z,4624,ms_windows_event,security,d1e11542-1bd7-4219-b229-b1664e8d6061#2087,"{""id"":""d1e11542-1bd7-4219-b229-b1664e8d6061#2087"",""num_events"":2766,""data_type"":""passthrough"",""batch_id"":""d1e11542-1bd7-4219-b229-b1664e8d6061"",""batch_segment"":0,""customer_id"":""lga03"",""sequence_number"":2086,""source_type"":""json"",""target_index"":""""}",11001, , , , , , , , , , , , , , , , , , , , , , , , , , , , , , , , , , , , , , , , , 
microsoft-windows-security-auditing,success audit,kerberos service ticket operations,gcbrw0000.global.com,127.0.0.1,"MSWinEventLog	1	Security	796236	Tue May  2 11:02:35 2017	4769	Microsoft-Windows-Security-Auditing	N/A	N/A	Success Audit	gcBRW0000.global.com	Kerberos Service Ticket Operations		A Kerberos service ticket was requested.    Account Information:   Account Name:  l.mowers@global.com   Account Domain:  global.com   Logon GUID:  {F64A4449-9536-532C-56A5-3DA65572EEC0}    Service Information:   Service Name:  krbtgt_6246   Service ID:  S-1-5-21-2029550947-1910908428-336986018-41663    Network Information:   Client Address:  ::gcgc:172.24.33.148   Client Port:  49509    Additional Information:   Ticket Options:  0x60000000   Ticket Encryption Type: 0x12   Failure Code:  0x0   Transited Services: -    This event is generated every time access is requested to a resource such as a computer or a Windows service.  The service name indicates the resource to which access was requested.    This event can be correlated with Windows logon events by comparing the Logon GUID fields in each event.  The logon event occurs on the machine that was accessed, which is often a digcerent machine than the domain controller which issued the service ticket.    Ticket options, encryption types, and failure codes are defined in RFC 4120.	64590945",a kerberos service ticket was requested,"auth,windows",2017-05-02T15:04:32.824Z,54837,172.24.19.20,ms_windows_event-504109373,1284,<14>May  2 11:02:35 gcBRW0000.global.com ,3969011250,1,0.0.0.0/514/tcp,2b04-ec924e32,11012,gcbrw0000.global.com, ,4769,ms_windows_event,security,d1e11542-1bd7-4219-b229-b1664e8d6061#2188,"{""id"":""d1e11542-1bd7-4219-b229-b1664e8d6061#2188"",""num_events"":2742,""data_type"":""passthrough"",""batch_id"":""d1e11542-1bd7-4219-b229-b1664e8d6061"",""batch_segment"":0,""customer_id"":""lga03"",""sequence_number"":2187,""source_type"":""json"",""target_index"":""""}",11012, ,l.mowers@global.com, , , , , , , , , ,global.com, ,49509, , , , , , ,this event is generated every time access is requested to a resource such as a computer or a windows service,::gcgc:172.24.33.148, , , , , , , , , , , , , , , , , , , 
microsoft-windows-security-auditing,success audit,logon,gcnyc-60-010.global.com,127.0.0.1,MSWinEventLog	1	Security	1354596	Tue May  2 11:02:28 2017	4624	Microsoft-Windows-Security-Auditing	N/A	N/A	Success Audit	gcNYC-60-010.global.com	Logon		N/A	153578576,n/a,"auth,windows",2017-05-02T15:02:28.920Z,59147,172.21.14.26,ms_windows_event-796723568,215,<14>May  2 11:02:28 gcNYC-60-010.global.com ,27946628235,0,0.0.0.0/514/tcp,2b03-681bfb48b,11011,gcnyc-60-010.global.com,2017-05-02T11:02:28.000Z,4624,ms_windows_event,security,d1e11542-1bd7-4219-b229-b1664e8d6061#2208,"{""id"":""d1e11542-1bd7-4219-b229-b1664e8d6061#2208"",""num_events"":2742,""data_type"":""passthrough"",""batch_id"":""d1e11542-1bd7-4219-b229-b1664e8d6061"",""batch_segment"":0,""customer_id"":""lga03"",""sequence_number"":2207,""source_type"":""json"",""target_index"":""""}",11011, , , , , , , , , , , , , , , , , , , , , , , , , , , , , , , , , , , , , , , , , 
microsoft-windows-security-auditing,success audit,logogc,gcegy0400.global.com,127.0.0.1,MSWinEventLog	1	Security	1078844	Tue May  2 17:02:27 2017	4634	Microsoft-Windows-Security-Auditing	N/A	N/A	Success Audit	gcEGY0400.global.com	Logogc		An account was logged ogc.    Subject:   Security ID:  S-1-5-18   Account Name:  gcEGY0400$   Account Domain:  globalcom   Logon ID:  0xgce8c31    Logon Type:   3    This event is generated when a logon session is destroyed. It may be positively correlated with a logon event using the Logon ID value. Logon IDs are only unique between reboots on the same computer.	169322684,an account was logged ogc,"auth,windows",2017-05-02T15:02:28.756Z,62367,172.20.40.23,ms_windows_event-3012490973,577,<14>May  2 17:02:27 gcEGY0400.global.com ,192247946,1,0.0.0.0/514/tcp,2afc-b75788a,11004,gcegy0400.global.com,2017-05-02T17:02:27.000Z,4634,ms_windows_event,security,d1e11542-1bd7-4219-b229-b1664e8d6061#2415,"{""id"":""d1e11542-1bd7-4219-b229-b1664e8d6061#2415"",""num_events"":2719,""data_type"":""passthrough"",""batch_id"":""d1e11542-1bd7-4219-b229-b1664e8d6061"",""batch_segment"":0,""customer_id"":""lga03"",""sequence_number"":2414,""source_type"":""json"",""target_index"":""""}",11004,s-1-5-18,gcegy0400$, , , , , ,0xgce8c31, , , ,globalcom, , , , , , , ,3,this event is generated when a logon session is destroyed, , , , , , , , , , , , , , , , , , , , 
microsoft-windows-security-auditing,success audit,logon,gcbrw0000.global.com,127.0.0.1,"MSWinEventLog	1	Security	796229	Tue May  2 11:02:35 2017	4624	Microsoft-Windows-Security-Auditing	N/A	N/A	Success Audit	gcBRW0000.global.com	Logon		An account was successfully logged on.    Subject:   Security ID:  S-1-0-0   Account Name:  -   Account Domain:  -   Logon ID:  0x0    Logon Type:   3    Impersonation Level:  Impersonation    New Logon:   Security ID:  S-1-5-21-2029550947-1910908428-336986018-23974   Account Name:  E.Oleary   Account Domain:  globalcom   Logon ID:  0x9F80787   Logon GUID:  {804DBE99-00F5-A4BF-50CD-1B4DA573E2F9}    Process Information:   Process ID:  0x0   Process Name:  -    Network Information:   Workstation Name:    Source Network Address: 172.24.40.44   Source Port:  51558    Detailed Authentication Information:   Logon Process:  Kerberos   Authentication Package: Kerberos   Transited Services: -   Package Name (NTLM only): -   Key Length:  0    This event is generated when a logon session is created. It is generated on the computer that was accessed.    The subject fields indicate the account on the local system which requested the logon. This is most commonly a service such as the Server service, or a local process such as Winlogon.exe or Services.exe.    The logon type field indicates the kind of logon that occurred. The most common types are 2 (interactive) and 3 (network).    The New Logon fields indicate the account for whom the new logon was created, i.e. the account that was logged on.    The network fields indicate where a remote logon request originated. Workstation name is not always available and may be left blank in some cases.    The impersonation level field indicates the extent to which a process in the logon session can impersonate.    The authentication information fields provide detailed information about this specific logon request.   - Logon GUID is a unique identifier that can be used to correlate this event with a KDC event.   - Transited services indicate which intermediate services have participated in this logon request.   - Package name indicates which sub-protocol was used among the NTLM protocols.   - Key length indicates the length of the generated session key. This will be 0 if no session key was requested.	64590938",an account was successfully logged on,"auth,windows",2017-05-02T15:04:32.804Z,54837,172.24.19.20,ms_windows_event-3795724934,2269,<14>May  2 11:02:35 gcBRW0000.global.com ,3969011238,1,0.0.0.0/514/tcp,2b04-ec924e26,11012,gcbrw0000.global.com,2017-05-02T11:02:35.000Z,4624,ms_windows_event,security,d1e11542-1bd7-4219-b229-b1664e8d6061#2450,"{""id"":""d1e11542-1bd7-4219-b229-b1664e8d6061#2450"",""num_events"":2719,""data_type"":""passthrough"",""batch_id"":""d1e11542-1bd7-4219-b229-b1664e8d6061"",""batch_segment"":0,""customer_id"":""lga03"",""sequence_number"":2449,""source_type"":""json"",""target_index"":""""}",11012,s-1-5-21-2029550947-1910908428-336986018-23974,e.oleary, , ,0x0,-, ,0x9f80787, , , ,globalcom, ,51558,172.24.40.44, , ,private ip address lan,rsv,3,this event is generated when a logon session is created, ,,kerberos,"[""1.1.1521"",""1.1.1552""]", , , , , , , , , , , , , , , , 
microsoft-windows-security-auditing,success audit,detailed file share,gcind0400.global.com,127.0.0.1,MSWinEventLog	1	Security	1535140	Tue May  2 20:30:50 2017	5145	Microsoft-Windows-Security-Auditing	N/A	N/A	Success Audit	gcIND0400.global.com	Detailed File Share		A network share object was checked to see whether client can be granted desired access.     Subject:   Security ID:  S-1-5-21-2029550947-1910908428-336986018-27183   Account Name:  gcSMQ0601$   Account Domain:  globalcom   Logon ID:  0xf7473f0    Network Information:    Object Type:  File   Source Address:  172.21.19.25   Source Port:  64572     Share Information:   Share Name:  \\*\I$   Share Path:  \??\I:\   Relative Target Name: \    Access Request Information:   Access Mask:  0x100080   Accesses:  SYNCHRONIZE      ReadAttributes        Access Check Results:   -  	671456093,a network share object was checked to see whether client can be granted desired access,"auth,windows",2017-05-02T15:02:36.268Z,63364,172.20.42.23,ms_windows_event-527129100,798,<14>May  2 20:30:50 gcIND0400.global.com ,285063091,1,0.0.0.0/514/tcp,2afe-10fdb7b3,11006,gcind0400.global.com,2017-05-02T20:30:50.000Z,5145,ms_windows_event,security,d1e11542-1bd7-4219-b229-b1664e8d6061#2489,"{""id"":""d1e11542-1bd7-4219-b229-b1664e8d6061#2489"",""num_events"":2719,""data_type"":""passthrough"",""batch_id"":""d1e11542-1bd7-4219-b229-b1664e8d6061"",""batch_segment"":0,""customer_id"":""lga03"",""sequence_number"":2488,""source_type"":""json"",""target_index"":""""}",11006,s-1-5-21-2029550947-1910908428-336986018-27183,gcsmq0601$, , , , , ,0xf7473f0,synchronize      readattributes, ,\\*\i$,globalcom, ,64572,172.21.19.25, , ,private ip address lan,rsv, , , , , , ,\??\i:\, , , , , , , , , , , , , , , 
microsoft-windows-security-auditing,success audit,kerberos service ticket operations,gcbra0000.global.com,127.0.0.1,MSWinEventLog	1	Security	98953	Tue May  2 12:02:30 2017	4769	Microsoft-Windows-Security-Auditing	N/A	N/A	Success Audit	gcBRA0000.global.com	Kerberos Service Ticket Operations		N/A	19816028,n/a,"auth,windows",2017-05-02T15:02:31.585Z,64485,172.20.36.22,ms_windows_event-2408821607,235,<14>May  2 12:02:30 gcBRA0000.global.com ,6500393604,1,0.0.0.0/514/tcp,2af9-183742284,11001,gcbra0000.global.com,2017-05-02T12:02:30.000Z,4769,ms_windows_event,security,d1e11542-1bd7-4219-b229-b1664e8d6061#2505,"{""id"":""d1e11542-1bd7-4219-b229-b1664e8d6061#2505"",""num_events"":2719,""data_type"":""passthrough"",""batch_id"":""d1e11542-1bd7-4219-b229-b1664e8d6061"",""batch_segment"":0,""customer_id"":""lga03"",""sequence_number"":2504,""source_type"":""json"",""target_index"":""""}",11001, , , , , , , , , , , , , , , , , , , , , , , , , , , , , , , , , , , , , , , , , 
microsoft-windows-security-auditing,success audit,kerberos service ticket operations,gcbrw0000.global.com,127.0.0.1,"MSWinEventLog	1	Security	796189	Tue May  2 11:02:30 2017	4769	Microsoft-Windows-Security-Auditing	N/A	N/A	Success Audit	gcBRW0000.global.com	Kerberos Service Ticket Operations		A Kerberos service ticket was requested.    Account Information:   Account Name:  l.mowers@global.com   Account Domain:  global.com   Logon GUID:  {E71E1FA2-91EC-470C-A4B5-731A09658AA9}    Service Information:   Service Name:  krbtgt_6246   Service ID:  S-1-5-21-2029550947-1910908428-336986018-41663    Network Information:   Client Address:  ::gcgc:172.24.33.148   Client Port:  49507    Additional Information:   Ticket Options:  0x60000000   Ticket Encryption Type: 0x12   Failure Code:  0x0   Transited Services: -    This event is generated every time access is requested to a resource such as a computer or a Windows service.  The service name indicates the resource to which access was requested.    This event can be correlated with Windows logon events by comparing the Logon GUID fields in each event.  The logon event occurs on the machine that was accessed, which is often a digcerent machine than the domain controller which issued the service ticket.    Ticket options, encryption types, and failure codes are defined in RFC 4120.	64590898",a kerberos service ticket was requested,"auth,windows",2017-05-02T15:04:28.808Z,54837,172.24.19.20,ms_windows_event-504109373,1284,<14>May  2 11:02:30 gcBRW0000.global.com ,3969009715,1,0.0.0.0/514/tcp,2b04-ec924833,11012,gcbrw0000.global.com, ,4769,ms_windows_event,security,d1e11542-1bd7-4219-b229-b1664e8d6061#2506,"{""id"":""d1e11542-1bd7-4219-b229-b1664e8d6061#2506"",""num_events"":2719,""data_type"":""passthrough"",""batch_id"":""d1e11542-1bd7-4219-b229-b1664e8d6061"",""batch_segment"":0,""customer_id"":""lga03"",""sequence_number"":2505,""source_type"":""json"",""target_index"":""""}",11012, ,l.mowers@global.com, , , , , , , , , ,global.com, ,49507, , , , , , ,this event is generated every time access is requested to a resource such as a computer or a windows service,::gcgc:172.24.33.148, , , , , , , , , , , , , , , , , , , 
microsoft-windows-security-auditing,success audit,special logon,gcbra0000.global.com,127.0.0.1,MSWinEventLog	1	Security	98958	Tue May  2 12:02:31 2017	4672	Microsoft-Windows-Security-Auditing	N/A	N/A	Success Audit	gcBRA0000.global.com	Special Logon		N/A	19816033,n/a,"auth,windows",2017-05-02T15:02:32.605Z,64485,172.20.36.22,ms_windows_event-3923140098,214,<14>May  2 12:02:31 gcBRA0000.global.com ,6500393639,1,0.0.0.0/514/tcp,2af9-1837422a7,11001,gcbra0000.global.com,2017-05-02T12:02:31.000Z,4672,ms_windows_event,security,d1e11542-1bd7-4219-b229-b1664e8d6061#2530,"{""id"":""d1e11542-1bd7-4219-b229-b1664e8d6061#2530"",""num_events"":2719,""data_type"":""passthrough"",""batch_id"":""d1e11542-1bd7-4219-b229-b1664e8d6061"",""batch_segment"":0,""customer_id"":""lga03"",""sequence_number"":2529,""source_type"":""json"",""target_index"":""""}",11001, , , , , , , , , , , , , , , , , , , , , , , , , , , , , , , , , , , , , , , , , 
microsoft-windows-security-auditing,success audit,logogc,gcbra0000.global.com,127.0.0.1,MSWinEventLog	1	Security	98969	Tue May  2 12:02:31 2017	4634	Microsoft-Windows-Security-Auditing	N/A	N/A	Success Audit	gcBRA0000.global.com	Logogc		N/A	19816044,n/a,"auth,windows",2017-05-02T15:02:32.612Z,64485,172.20.36.22,ms_windows_event-1377334112,207,<14>May  2 12:02:31 gcBRA0000.global.com ,6500393651,1,0.0.0.0/514/tcp,2af9-1837422b3,11001,gcbra0000.global.com,2017-05-02T12:02:31.000Z,4634,ms_windows_event,security,d1e11542-1bd7-4219-b229-b1664e8d6061#2532,"{""id"":""d1e11542-1bd7-4219-b229-b1664e8d6061#2532"",""num_events"":2719,""data_type"":""passthrough"",""batch_id"":""d1e11542-1bd7-4219-b229-b1664e8d6061"",""batch_segment"":0,""customer_id"":""lga03"",""sequence_number"":2531,""source_type"":""json"",""target_index"":""""}",11001, , , , , , , , , , , , , , , , , , , , , , , , , , , , , , , , , , , , , , , , , 
microsoft-windows-security-auditing,success audit,special logon,gcbra0000.global.com,127.0.0.1,MSWinEventLog	1	Security	99005	Tue May  2 12:02:35 2017	4672	Microsoft-Windows-Security-Auditing	N/A	N/A	Success Audit	gcBRA0000.global.com	Special Logon		N/A	19816080,n/a,"auth,windows",2017-05-02T15:02:36.717Z,64485,172.20.36.22,ms_windows_event-3923140098,214,<14>May  2 12:02:35 gcBRA0000.global.com ,6500393933,1,0.0.0.0/514/tcp,2af9-1837423cd,11001,gcbra0000.global.com,2017-05-02T12:02:35.000Z,4672,ms_windows_event,security,d1e11542-1bd7-4219-b229-b1664e8d6061#2680,"{""id"":""d1e11542-1bd7-4219-b229-b1664e8d6061#2680"",""num_events"":2719,""data_type"":""passthrough"",""batch_id"":""d1e11542-1bd7-4219-b229-b1664e8d6061"",""batch_segment"":0,""customer_id"":""lga03"",""sequence_number"":2679,""source_type"":""json"",""target_index"":""""}",11001, , , , , , , , , , , , , , , , , , , , , , , , , , , , , , , , , , , , , , , , , 
microsoft-windows-security-auditing,success audit,logon,gcsmq0002.global.com,127.0.0.1,MSWinEventLog	1	Security	2131640	Tue May  2 11:02:35 2017	4624	Microsoft-Windows-Security-Auditing	N/A	N/A	Success Audit	gcSMQ0002.global.com	Logon		N/A	304321197,n/a,"auth,windows",2017-05-02T15:02:36.217Z,50165,172.21.14.21,ms_windows_event-796723568,209,<14>May  2 11:02:35 gcSMQ0002.global.com ,27946632729,0,0.0.0.0/514/tcp,2b03-681bfc619,11011,gcsmq0002.global.com,2017-05-02T11:02:35.000Z,4624,ms_windows_event,security,d1e11542-1bd7-4219-b229-b1664e8d6061#2767,"{""id"":""d1e11542-1bd7-4219-b229-b1664e8d6061#2767"",""num_events"":2719,""data_type"":""passthrough"",""batch_id"":""d1e11542-1bd7-4219-b229-b1664e8d6061"",""batch_segment"":0,""customer_id"":""lga03"",""sequence_number"":2766,""source_type"":""json"",""target_index"":""""}",11011, , , , , , , , , , , , , , , , , , , , , , , , , , , , , , , , , , , , , , , , , 
microsoft-windows-security-auditing,success audit,logogc,gcsmq0002.global.com,127.0.0.1,MSWinEventLog	1	Security	2131646	Tue May  2 11:02:35 2017	4634	Microsoft-Windows-Security-Auditing	N/A	N/A	Success Audit	gcSMQ0002.global.com	Logogc		N/A	304321203,n/a,"auth,windows",2017-05-02T15:02:36.225Z,50165,172.21.14.21,ms_windows_event-1377334112,210,<14>May  2 11:02:35 gcSMQ0002.global.com ,27946632735,0,0.0.0.0/514/tcp,2b03-681bfc61f,11011,gcsmq0002.global.com,2017-05-02T11:02:35.000Z,4634,ms_windows_event,security,d1e11542-1bd7-4219-b229-b1664e8d6061#2769,"{""id"":""d1e11542-1bd7-4219-b229-b1664e8d6061#2769"",""num_events"":2719,""data_type"":""passthrough"",""batch_id"":""d1e11542-1bd7-4219-b229-b1664e8d6061"",""batch_segment"":0,""customer_id"":""lga03"",""sequence_number"":2768,""source_type"":""json"",""target_index"":""""}",11011, , , , , , , , , , , , , , , , , , , , , , , , , , , , , , , , , , , , , , , , , 
microsoft-windows-security-auditing,success audit,authorization policy change,gcind0000.global.com,127.0.0.1,MSWinEventLog	1	Security	198045	Tue May  2 20:32:34 2017	4670	Microsoft-Windows-Security-Auditing	N/A	N/A	Success Audit	gcIND0000.global.com	Authorization Policy Change		N/A	26489900,n/a,"auth,windows",2017-05-02T15:02:36.228Z,53489,172.20.42.22,ms_windows_event-2089246324,229,<14>May  2 20:32:34 gcIND0000.global.com ,285063086,1,0.0.0.0/514/tcp,2afe-10fdb7ae,11006,gcind0000.global.com,2017-05-02T20:32:34.000Z,4670,ms_windows_event,security,d1e11542-1bd7-4219-b229-b1664e8d6061#2777,"{""id"":""d1e11542-1bd7-4219-b229-b1664e8d6061#2777"",""num_events"":2719,""data_type"":""passthrough"",""batch_id"":""d1e11542-1bd7-4219-b229-b1664e8d6061"",""batch_segment"":0,""customer_id"":""lga03"",""sequence_number"":2776,""source_type"":""json"",""target_index"":""""}",11006, , , , , , , , , , , , , , , , , , , , , , , , , , , , , , , , , , , , , , , , , 
