microsoft-windows-security-auditing,success audit,logon,gcsmq0002.global.com,127.0.0.1,MSWinEventLog	1	Security	2131868	Tue May  2 11:02:42 2017	4624	Microsoft-Windows-Security-Auditing	N/A	N/A	Success Audit	gcSMQ0002.global.com	Logon		N/A	304321420,n/a,"auth,windows",2017-05-02T15:02:44.326Z,50165,172.21.14.21,ms_windows_event-796723568,209,<14>May  2 11:02:42 gcSMQ0002.global.com ,27946635072,0,0.0.0.0/514/tcp,2b03-681bfcf40,11011,gcsmq0002.global.com,2017-05-02T11:02:42.000Z,4624,ms_windows_event,security,9b86e025-c25e-4888-8e5f-1476e850455a#403,"{""id"":""9b86e025-c25e-4888-8e5f-1476e850455a#403"",""num_events"":2982,""data_type"":""passthrough"",""batch_id"":""9b86e025-c25e-4888-8e5f-1476e850455a"",""batch_segment"":0,""customer_id"":""lga03"",""sequence_number"":402,""source_type"":""json"",""target_index"":""""}",11011, , , , , , , , , , , , , , , , , , , , , , , , , , , , , , , , , , , , , , , , , 
microsoft-windows-security-auditing,success audit,logon,gcsmq0002.global.com,127.0.0.1,MSWinEventLog	1	Security	2131877	Tue May  2 11:02:42 2017	4648	Microsoft-Windows-Security-Auditing	N/A	N/A	Success Audit	gcSMQ0002.global.com	Logon		N/A	304321429,n/a,"auth,windows",2017-05-02T15:02:44.330Z,50165,172.21.14.21,ms_windows_event-175608790,209,<14>May  2 11:02:42 gcSMQ0002.global.com ,27946635081,0,0.0.0.0/514/tcp,2b03-681bfcf49,11011,gcsmq0002.global.com,2017-05-02T11:02:42.000Z,4648,ms_windows_event,security,9b86e025-c25e-4888-8e5f-1476e850455a#405,"{""id"":""9b86e025-c25e-4888-8e5f-1476e850455a#405"",""num_events"":2982,""data_type"":""passthrough"",""batch_id"":""9b86e025-c25e-4888-8e5f-1476e850455a"",""batch_segment"":0,""customer_id"":""lga03"",""sequence_number"":404,""source_type"":""json"",""target_index"":""""}",11011, , , , , , , , , , , , , , , , , , , , , , , , , , , , , , , , , , , , , , , , , 
microsoft-windows-security-auditing,success audit,logon,gcsmq0002.global.com,127.0.0.1,MSWinEventLog	1	Security	2131885	Tue May  2 11:02:43 2017	4624	Microsoft-Windows-Security-Auditing	N/A	N/A	Success Audit	gcSMQ0002.global.com	Logon		N/A	304321437,n/a,"auth,windows",2017-05-02T15:02:44.334Z,50165,172.21.14.21,ms_windows_event-796723568,209,<14>May  2 11:02:43 gcSMQ0002.global.com ,27946635089,0,0.0.0.0/514/tcp,2b03-681bfcf51,11011,gcsmq0002.global.com,2017-05-02T11:02:43.000Z,4624,ms_windows_event,security,9b86e025-c25e-4888-8e5f-1476e850455a#407,"{""id"":""9b86e025-c25e-4888-8e5f-1476e850455a#407"",""num_events"":2982,""data_type"":""passthrough"",""batch_id"":""9b86e025-c25e-4888-8e5f-1476e850455a"",""batch_segment"":0,""customer_id"":""lga03"",""sequence_number"":406,""source_type"":""json"",""target_index"":""""}",11011, , , , , , , , , , , , , , , , , , , , , , , , , , , , , , , , , , , , , , , , , 
microsoft-windows-security-auditing,success audit,sensitive privilege use,gcsmq0002.global.com,127.0.0.1,MSWinEventLog	1	Security	2131888	Tue May  2 11:02:43 2017	4673	Microsoft-Windows-Security-Auditing	N/A	N/A	Success Audit	gcSMQ0002.global.com	Sensitive Privilege Use		N/A	304321440,n/a,"auth,windows",2017-05-02T15:02:44.346Z,50165,172.21.14.21,ms_windows_event-2335375245,227,<14>May  2 11:02:43 gcSMQ0002.global.com ,27946635093,0,0.0.0.0/514/tcp,2b03-681bfcf55,11011,gcsmq0002.global.com,2017-05-02T11:02:43.000Z,4673,ms_windows_event,security,9b86e025-c25e-4888-8e5f-1476e850455a#408,"{""id"":""9b86e025-c25e-4888-8e5f-1476e850455a#408"",""num_events"":2982,""data_type"":""passthrough"",""batch_id"":""9b86e025-c25e-4888-8e5f-1476e850455a"",""batch_segment"":0,""customer_id"":""lga03"",""sequence_number"":407,""source_type"":""json"",""target_index"":""""}",11011, , , , , , , , , , , , , , , , , , , , , , , , , , , , , , , , , , , , , , , , , 
microsoft-windows-security-auditing,success audit,registry,gcegy0400.global.com,127.0.0.1,MSWinEventLog	1	Security	1078951	Tue May  2 17:02:40 2017	4656	Microsoft-Windows-Security-Auditing	N/A	N/A	Success Audit	gcEGY0400.global.com	Registry		A handle to an object was requested.    Subject:   Security ID:  S-1-5-18   Account Name:  gcEGY0400$   Account Domain:  globalcom   Logon ID:  0x3e7    Object:   Object Server:  Security   Object Type:  Key   Object Name:  \REGISTRY\MACHINE\SYSTEM\ControlSet001\services\eventlog\Security   Handle ID:  0x6cc    Process Information:   Process ID:  0x270   Process Name:  C:\Windows\System32\services.exe    Access Request Information:   Transaction ID:  {00000000-0000-0000-0000-000000000000}   Accesses:  Set key value         Access Reasons:  -   Access Mask:  0x2   Privileges Used for Access Check: -   Restricted SID Count: 0	169322791,a handle to an object was requested,"auth,windows",2017-05-02T15:02:42.059Z,62367,172.20.40.23,ms_windows_event-1655484026,845,<14>May  2 17:02:40 gcEGY0400.global.com ,192248807,1,0.0.0.0/514/tcp,2afc-b757be7,11004,gcegy0400.global.com, ,4656,ms_windows_event,security,9b86e025-c25e-4888-8e5f-1476e850455a#479,"{""id"":""9b86e025-c25e-4888-8e5f-1476e850455a#479"",""num_events"":2982,""data_type"":""passthrough"",""batch_id"":""9b86e025-c25e-4888-8e5f-1476e850455a"",""batch_segment"":0,""customer_id"":""lga03"",""sequence_number"":478,""source_type"":""json"",""target_index"":""""}",11004,s-1-5-18,gcegy0400$,{00000000-0000-0000-0000-000000000000},security,0x270,c:\windows\system32\services.exe,-,0x3e7,set key value         access reasons:  -,1740,\registry\machine\system\controlset001\services\eventlog\security,globalcom, , , , , , , , , , , , , , , , , , , , , , , , , , , , , 
microsoft-windows-security-auditing,success audit,registry,gcegy0400.global.com,127.0.0.1,MSWinEventLog	1	Security	1078955	Tue May  2 17:02:40 2017	4663	Microsoft-Windows-Security-Auditing	N/A	N/A	Success Audit	gcEGY0400.global.com	Registry		An attempt was made to access an object.    Subject:   Security ID:  S-1-5-18   Account Name:  gcEGY0400$   Account Domain:  globalcom   Logon ID:  0x3e7    Object:   Object Server: Security   Object Type: Key   Object Name: \REGISTRY\MACHINE\SYSTEM\ControlSet001\services\eventlog\Security   Handle ID: 0x6cc    Process Information:   Process ID: 0x270   Process Name: C:\Windows\System32\services.exe    Access Request Information:   Accesses: Set key value         Access Mask: 0x2	169322795,an attempt was made to access an object,"auth,windows",2017-05-02T15:02:42.064Z,62367,172.20.40.23,ms_windows_event-3722015005,698,<14>May  2 17:02:40 gcEGY0400.global.com ,192248811,1,0.0.0.0/514/tcp,2afc-b757beb,11004,gcegy0400.global.com,2017-05-02T17:02:40.000Z,4663,ms_windows_event,security,9b86e025-c25e-4888-8e5f-1476e850455a#480,"{""id"":""9b86e025-c25e-4888-8e5f-1476e850455a#480"",""num_events"":2982,""data_type"":""passthrough"",""batch_id"":""9b86e025-c25e-4888-8e5f-1476e850455a"",""batch_segment"":0,""customer_id"":""lga03"",""sequence_number"":479,""source_type"":""json"",""target_index"":""""}",11004,s-1-5-18,gcegy0400$, ,security,0x270,c:\windows\system32\services.exe, ,0x3e7,set key value,1740,\registry\machine\system\controlset001\services\eventlog\security  ,globalcom, , , , , , , , , , , , , , , , , , , , , , , , , , , , , 
microsoft-windows-security-auditing,success audit,registry,gcegy0400.global.com,127.0.0.1,MSWinEventLog	1	Security	1078959	Tue May  2 17:02:40 2017	4658	Microsoft-Windows-Security-Auditing	N/A	N/A	Success Audit	gcEGY0400.global.com	Registry		The handle to an object was closed.    Subject :   Security ID:  S-1-5-18   Account Name:  gcEGY0400$   Account Domain:  globalcom   Logon ID:  0x3e7    Object:   Object Server:  Security   Handle ID:  0x6cc    Process Information:   Process ID:  0x270   Process Name:  C:\Windows\System32\services.exe	169322799,the handle to an object was closed,"auth,windows",2017-05-02T15:02:42.068Z,62367,172.20.40.23,ms_windows_event-259117541,516,<14>May  2 17:02:40 gcEGY0400.global.com ,192248815,1,0.0.0.0/514/tcp,2afc-b757bef,11004,gcegy0400.global.com,2017-05-02T17:02:40.000Z,4658,ms_windows_event,security,9b86e025-c25e-4888-8e5f-1476e850455a#481,"{""id"":""9b86e025-c25e-4888-8e5f-1476e850455a#481"",""num_events"":2982,""data_type"":""passthrough"",""batch_id"":""9b86e025-c25e-4888-8e5f-1476e850455a"",""batch_segment"":0,""customer_id"":""lga03"",""sequence_number"":480,""source_type"":""json"",""target_index"":""""}",11004, ,gcegy0400$, ,security,0x270,c:\windows\system32\services.exe, ,0x3e7, ,1740, ,globalcom, , , , , , , , , , , , , , , , , , , , , , , , , , , , , 
microsoft-windows-security-auditing,success audit,filtering platform connection,gcegy0400.global.com,127.0.0.1,MSWinEventLog	1	Security	1078965	Tue May  2 17:02:40 2017	5158	Microsoft-Windows-Security-Auditing	N/A	N/A	Success Audit	gcEGY0400.global.com	Filtering Platform Connection		The Windows Filtering Platform has permitted a bind to a local port.    Application Information:   Process ID:  1100   Application Name: \device\harddiskvolume2\windows\system32\svchost.exe    Network Information:   Source Address:  ::   Source Port:  52594   Protocol:  17    Filter Information:   Filter Run-Time ID: 0   Layer Name:  Resource Assignment   Layer Run-Time ID: 38	169322805,the windows filtering platform has permitted a bind to a local port,"auth,windows",2017-05-02T15:02:42.073Z,62367,172.20.40.23,ms_windows_event-4145731664,609,<14>May  2 17:02:40 gcEGY0400.global.com ,192248819,1,0.0.0.0/514/tcp,2afc-b757bf3,11004,gcegy0400.global.com,2017-05-02T17:02:40.000Z,5158,ms_windows_event,security,9b86e025-c25e-4888-8e5f-1476e850455a#482,"{""id"":""9b86e025-c25e-4888-8e5f-1476e850455a#482"",""num_events"":2982,""data_type"":""passthrough"",""batch_id"":""9b86e025-c25e-4888-8e5f-1476e850455a"",""batch_segment"":0,""customer_id"":""lga03"",""sequence_number"":481,""source_type"":""json"",""target_index"":""""}",11004, , , , , , , , , , , , , ,52594, ,17,\device\harddiskvolume2\windows\system32\svchost.exe, , , , ,::, , , , , , , , , , , , , , , , , , , 
microsoft-windows-security-auditing,success audit,file system,gcegy0400.global.com,127.0.0.1,MSWinEventLog	1	Security	1078971	Tue May  2 17:02:40 2017	4985	Microsoft-Windows-Security-Auditing	N/A	N/A	Success Audit	gcEGY0400.global.com	File System		The state of a transaction has changed.    Subject:   Security ID:  S-1-5-18   Account Name:  gcEGY0400$   Account Domain:  globalcom   Logon ID:  0x3e7    Transaction Information:   RM Transaction ID: {DF9AF9DE-2F2D-11E7-8F3E-0050568759E8}   New State:  56   Resource Manager: {A6D43C60-13D0-11E2-A9E8-005056C00008}    Process Information:   Process ID:  0x3fc   Process Name:  C:\Windows\System32\svchost.exe	169322811,the state of a transaction has changed,"auth,windows",2017-05-02T15:02:42.077Z,62367,172.20.40.23,ms_windows_event-2985790357,627,<14>May  2 17:02:40 gcEGY0400.global.com ,192248823,1,0.0.0.0/514/tcp,2afc-b757bf7,11004,gcegy0400.global.com,2017-05-02T17:02:40.000Z,4985,ms_windows_event,security,9b86e025-c25e-4888-8e5f-1476e850455a#483,"{""id"":""9b86e025-c25e-4888-8e5f-1476e850455a#483"",""num_events"":2982,""data_type"":""passthrough"",""batch_id"":""9b86e025-c25e-4888-8e5f-1476e850455a"",""batch_segment"":0,""customer_id"":""lga03"",""sequence_number"":482,""source_type"":""json"",""target_index"":""""}",11004,s-1-5-18,gcegy0400$,{df9af9de-2f2d-11e7-8f3e-0050568759e8}, ,0x3fc,c:\windows\system32\svchost.exe, ,0x3e7, , , ,globalcom, , , , , , , , , , , , , , , , , , , , , , , , , , , , , 
microsoft-windows-security-auditing,success audit,logon,gcbrw0000.global.com,127.0.0.1,"MSWinEventLog	1	Security	796296	Tue May  2 11:02:43 2017	4624	Microsoft-Windows-Security-Auditing	N/A	N/A	Success Audit	gcBRW0000.global.com	Logon		An account was successfully logged on.    Subject:   Security ID:  S-1-0-0   Account Name:  -   Account Domain:  -   Logon ID:  0x0    Logon Type:   3    Impersonation Level:  Impersonation    New Logon:   Security ID:  S-1-5-21-2029550947-1910908428-336986018-41745   Account Name:  NYCLT5395$   Account Domain:  globalcom   Logon ID:  0x9F81D28   Logon GUID:  {231FE3AB-232C-F5DF-1514-339FBDCDEB85}    Process Information:   Process ID:  0x0   Process Name:  -    Network Information:   Workstation Name:    Source Network Address: 172.24.33.87   Source Port:  59499    Detailed Authentication Information:   Logon Process:  Kerberos   Authentication Package: Kerberos   Transited Services: -   Package Name (NTLM only): -   Key Length:  0    This event is generated when a logon session is created. It is generated on the computer that was accessed.    The subject fields indicate the account on the local system which requested the logon. This is most commonly a service such as the Server service, or a local process such as Winlogon.exe or Services.exe.    The logon type field indicates the kind of logon that occurred. The most common types are 2 (interactive) and 3 (network).    The New Logon fields indicate the account for whom the new logon was created, i.e. the account that was logged on.    The network fields indicate where a remote logon request originated. Workstation name is not always available and may be left blank in some cases.    The impersonation level field indicates the extent to which a process in the logon session can impersonate.    The authentication information fields provide detailed information about this specific logon request.   - Logon GUID is a unique identifier that can be used to correlate this event with a KDC event.   - Transited services indicate which intermediate services have participated in this logon request.   - Package name indicates which sub-protocol was used among the NTLM protocols.   - Key length indicates the length of the generated session key. This will be 0 if no session key was requested.	64591005",an account was successfully logged on,"auth,windows",2017-05-02T15:04:41.822Z,54837,172.24.19.20,ms_windows_event-3795724934,2271,<14>May  2 11:02:43 gcBRW0000.global.com ,3969016783,1,0.0.0.0/514/tcp,2b04-ec9263cf,11012,gcbrw0000.global.com,2017-05-02T11:02:43.000Z,4624,ms_windows_event,security,9b86e025-c25e-4888-8e5f-1476e850455a#639,"{""id"":""9b86e025-c25e-4888-8e5f-1476e850455a#639"",""num_events"":2944,""data_type"":""passthrough"",""batch_id"":""9b86e025-c25e-4888-8e5f-1476e850455a"",""batch_segment"":0,""customer_id"":""lga03"",""sequence_number"":638,""source_type"":""json"",""target_index"":""""}",11012,s-1-5-21-2029550947-1910908428-336986018-41745,nyclt5395$, , ,0x0,-, ,0x9f81d28, , , ,globalcom, ,59499,172.24.33.87, , ,private ip address lan,rsv,3,this event is generated when a logon session is created, ,,kerberos,"[""1.1.1521""]", , , , , , , , , , , , , , , , 
microsoft-windows-security-auditing,success audit,logon,gcsmq0002.global.com,127.0.0.1,MSWinEventLog	1	Security	2131829	Tue May  2 11:02:41 2017	4624	Microsoft-Windows-Security-Auditing	N/A	N/A	Success Audit	gcSMQ0002.global.com	Logon		N/A	304321385,n/a,"auth,windows",2017-05-02T15:02:43.308Z,50165,172.21.14.21,ms_windows_event-796723568,209,<14>May  2 11:02:41 gcSMQ0002.global.com ,27946634869,0,0.0.0.0/514/tcp,2b03-681bfce75,11011,gcsmq0002.global.com,2017-05-02T11:02:41.000Z,4624,ms_windows_event,security,9b86e025-c25e-4888-8e5f-1476e850455a#671,"{""id"":""9b86e025-c25e-4888-8e5f-1476e850455a#671"",""num_events"":2942,""data_type"":""passthrough"",""batch_id"":""9b86e025-c25e-4888-8e5f-1476e850455a"",""batch_segment"":0,""customer_id"":""lga03"",""sequence_number"":670,""source_type"":""json"",""target_index"":""""}",11011, , , , , , , , , , , , , , , , , , , , , , , , , , , , , , , , , , , , , , , , , 
microsoft-windows-security-auditing,success audit,logogc,gcsmq0601.global.com,127.0.0.1,MSWinEventLog	1	Security	3425237	Tue May  2 11:02:42 2017	4634	Microsoft-Windows-Security-Auditing	N/A	N/A	Success Audit	gcsmq0601.global.com	Logogc		An account was logged ogc.    Subject:   Security ID:  S-1-5-21-2029550947-1910908428-336986018-41811   Account Name:  gcSMQ0608$   Account Domain:  globalcom   Logon ID:  0x1b5f6e78    Logon Type:   3    This event is generated when a logon session is destroyed. It may be positively correlated with a logon event using the Logon ID value. Logon IDs are only unique between reboots on the same computer.	1445130128,an account was logged ogc,"auth,windows",2017-05-02T15:02:43.537Z,49941,172.21.19.25,ms_windows_event-3012490973,617,<14>May  2 11:02:42 gcsmq0601.global.com ,27946634946,0,0.0.0.0/514/tcp,2b03-681bfcec2,11011,gcsmq0601.global.com,2017-05-02T11:02:42.000Z,4634,ms_windows_event,security,9b86e025-c25e-4888-8e5f-1476e850455a#672,"{""id"":""9b86e025-c25e-4888-8e5f-1476e850455a#672"",""num_events"":2942,""data_type"":""passthrough"",""batch_id"":""9b86e025-c25e-4888-8e5f-1476e850455a"",""batch_segment"":0,""customer_id"":""lga03"",""sequence_number"":671,""source_type"":""json"",""target_index"":""""}",11011,s-1-5-21-2029550947-1910908428-336986018-41811,gcsmq0608$, , , , , ,0x1b5f6e78, , , ,globalcom, , , , , , , ,3,this event is generated when a logon session is destroyed, , , , , , , , , , , , , , , , , , , , 
microsoft-windows-security-auditing,failure audit,kerberos service ticket operations,gcsmq0000.global.com,127.0.0.1,MSWinEventLog	3	Security	1629942	Tue May  2 11:02:41 2017	4769	Microsoft-Windows-Security-Auditing	N/A	N/A	Failure Audit	gcSMQ0000.global.com	Kerberos Service Ticket Operations		N/A	186395031,n/a,"auth,windows",2017-05-02T15:02:43.616Z,51131,172.21.14.20,ms_windows_event-2408821607,238,<11>May  2 11:02:41 gcSMQ0000.global.com ,27946634956,0,0.0.0.0/514/tcp,2b03-681bfcecc,11011,gcsmq0000.global.com,2017-05-02T11:02:41.000Z,4769,ms_windows_event,security,9b86e025-c25e-4888-8e5f-1476e850455a#675,"{""id"":""9b86e025-c25e-4888-8e5f-1476e850455a#675"",""num_events"":2942,""data_type"":""passthrough"",""batch_id"":""9b86e025-c25e-4888-8e5f-1476e850455a"",""batch_segment"":0,""customer_id"":""lga03"",""sequence_number"":674,""source_type"":""json"",""target_index"":""""}",11011, , , , , , , , , , , , , , , , , , , , , , , , , , , , , , , , , , , , , , , , , 
microsoft-windows-security-auditing,success audit,logon,gcnga0400.global.com,127.0.0.1,"MSWinEventLog	1	Security	995128	Tue May  2 16:02:43 2017	4624	Microsoft-Windows-Security-Auditing	N/A	N/A	Success Audit	gcNGA0400.global.com	Logon		An account was successfully logged on.    Subject:   Security ID:  S-1-0-0   Account Name:  -   Account Domain:  -   Logon ID:  0x0    Logon Type:   3    New Logon:   Security ID:  S-1-5-21-2029550947-1910908428-336986018-27183   Account Name:  gcSMQ0601$   Account Domain:  globalcom   Logon ID:  0x16bcd841   Logon GUID:  {F92CC863-0EDD-2392-A9E3-455D859177F8}    Process Information:   Process ID:  0x0   Process Name:  -    Network Information:   Workstation Name:    Source Network Address: 172.21.19.25   Source Port:  64692    Detailed Authentication Information:   Logon Process:  Kerberos   Authentication Package: Kerberos   Transited Services: -   Package Name (NTLM only): -   Key Length:  0    This event is generated when a logon session is created. It is generated on the computer that was accessed.    The subject fields indicate the account on the local system which requested the logon. This is most commonly a service such as the Server service, or a local process such as Winlogon.exe or Services.exe.    The logon type field indicates the kind of logon that occurred. The most common types are 2 (interactive) and 3 (network).    The New Logon fields indicate the account for whom the new logon was created, i.e. the account that was logged on.    The network fields indicate where a remote logon request originated. Workstation name is not always available and may be left blank in some cases.    The authentication information fields provide detailed information about this specific logon request.   - Logon GUID is a unique identifier that can be used to correlate this event with a KDC event.   - Transited services indicate which intermediate services have participated in this logon request.   - Package name indicates which sub-protocol was used among the NTLM protocols.   - Key length indicates the length of the generated session key. This will be 0 if no session key was requested.	189124708",an account was successfully logged on,"auth,windows",2017-05-02T15:02:44.143Z,52104,172.20.48.23,ms_windows_event-3795724934,2123,<14>May  2 16:02:43 gcNGA0400.global.com ,4073159080,1,0.0.0.0/514/tcp,2b01-f2c779a8,11009,gcnga0400.global.com,2017-05-02T16:02:43.000Z,4624,ms_windows_event,security,9b86e025-c25e-4888-8e5f-1476e850455a#740,"{""id"":""9b86e025-c25e-4888-8e5f-1476e850455a#740"",""num_events"":2934,""data_type"":""passthrough"",""batch_id"":""9b86e025-c25e-4888-8e5f-1476e850455a"",""batch_segment"":0,""customer_id"":""lga03"",""sequence_number"":739,""source_type"":""json"",""target_index"":""""}",11009,s-1-5-21-2029550947-1910908428-336986018-27183,gcsmq0601$, , ,0x0,-, ,0x16bcd841, , , ,globalcom, ,64692,172.21.19.25, , ,private ip address lan,rsv,3,this event is generated when a logon session is created, ,,kerberos,"[""1.1.1521""]", , , , , , , , , , , , , , , , 
microsoft-windows-security-auditing,success audit,process termination,gcsmq0602.global.com,127.0.0.1,MSWinEventLog	1	Security	1160123	Tue May  2 11:02:42 2017	4689	Microsoft-Windows-Security-Auditing	N/A	N/A	Success Audit	gcSMQ0602.global.com	Process Termination		A process has exited.    Subject:   Security ID:  S-1-5-80-3958276243-2739099675-334681800-2039304502-2384811254   Account Name:  semsrv   Account Domain:  NT SERVICE   Logon ID:  0x3530a    Process Information:   Process ID: 0x19d0   Process Name: D:\Program Files (x86)\Symantec\Symantec Endpoint Protection Manager\bin\USNWash.exe   Exit Status: 0x0	1210041835,a process has exited,"auth,windows",2017-05-02T15:02:44.441Z,54131,172.21.25.20,ms_windows_event-268340335,573,<14>May  2 11:02:42 gcSMQ0602.global.com ,27946635178,0,0.0.0.0/514/tcp,2b03-681bfcfaa,11011,gcsmq0602.global.com,2017-05-02T11:02:42.000Z,4689,ms_windows_event,security,9b86e025-c25e-4888-8e5f-1476e850455a#768,"{""id"":""9b86e025-c25e-4888-8e5f-1476e850455a#768"",""num_events"":2934,""data_type"":""passthrough"",""batch_id"":""9b86e025-c25e-4888-8e5f-1476e850455a"",""batch_segment"":0,""customer_id"":""lga03"",""sequence_number"":767,""source_type"":""json"",""target_index"":""""}",11011, ,semsrv, , ,0x19d0,d:\program files (x86)\symantec\symantec endpoint protection manager\bin\usnwash.exe, ,0x3530a, , , ,nt, , , , , , , , , , , , , , , , , , , , , , , , , , , , , 
microsoft-windows-security-auditing,success audit,other object access events,gcnga0400.global.com,127.0.0.1,MSWinEventLog	1	Security	995080	Tue May  2 16:02:41 2017	4656	Microsoft-Windows-Security-Auditing	N/A	N/A	Success Audit	gcNGA0400.global.com	Other Object Access Events		A handle to an object was requested.    Subject:   Security ID:  S-1-5-18   Account Name:  gcNGA0400$   Account Domain:  globalcom   Logon ID:  0x3e7    Object:   Object Server:  PlugPlayManager   Object Type:  Security   Object Name:  PlugPlaySecurityObject   Handle ID:  0x0    Process Information:   Process ID:  0x2ec   Process Name:  C:\Windows\System32\svchost.exe    Access Request Information:   Transaction ID:  {00000000-0000-0000-0000-000000000000}   Accesses:  Unknown specific access (bit 1)         Access Reasons:  -   Access Mask:  0x2   Privileges Used for Access Check: -   Restricted SID Count: 0	189124660,a handle to an object was requested,"auth,windows",2017-05-02T15:02:44.113Z,52104,172.20.48.23,ms_windows_event-1655484026,846,<14>May  2 16:02:41 gcNGA0400.global.com ,4073159035,1,0.0.0.0/514/tcp,2b01-f2c7797b,11009,gcnga0400.global.com, ,4656,ms_windows_event,security,9b86e025-c25e-4888-8e5f-1476e850455a#831,"{""id"":""9b86e025-c25e-4888-8e5f-1476e850455a#831"",""num_events"":2915,""data_type"":""passthrough"",""batch_id"":""9b86e025-c25e-4888-8e5f-1476e850455a"",""batch_segment"":0,""customer_id"":""lga03"",""sequence_number"":830,""source_type"":""json"",""target_index"":""""}",11009,s-1-5-18,gcnga0400$,{00000000-0000-0000-0000-000000000000},plugplaymanager,0x2ec,c:\windows\system32\svchost.exe,-,0x3e7,unknown specific access (bit 1)         access reasons:  -,0,plugplaysecurityobject,globalcom, , , , , , , , , , , , , , , , , , , , , , , , , , , , , 
microsoft-windows-security-auditing,success audit,other object access events,gcnga0400.global.com,127.0.0.1,MSWinEventLog	1	Security	995088	Tue May  2 16:02:41 2017	4656	Microsoft-Windows-Security-Auditing	N/A	N/A	Success Audit	gcNGA0400.global.com	Other Object Access Events		A handle to an object was requested.    Subject:   Security ID:  S-1-5-18   Account Name:  gcNGA0400$   Account Domain:  globalcom   Logon ID:  0x3e7    Object:   Object Server:  PlugPlayManager   Object Type:  Security   Object Name:  PlugPlaySecurityObject   Handle ID:  0x0    Process Information:   Process ID:  0x2ec   Process Name:  C:\Windows\System32\svchost.exe    Access Request Information:   Transaction ID:  {00000000-0000-0000-0000-000000000000}   Accesses:  Unknown specific access (bit 1)         Access Reasons:  -   Access Mask:  0x2   Privileges Used for Access Check: -   Restricted SID Count: 0	189124668,a handle to an object was requested,"auth,windows",2017-05-02T15:02:44.119Z,52104,172.20.48.23,ms_windows_event-1655484026,846,<14>May  2 16:02:41 gcNGA0400.global.com ,4073159043,1,0.0.0.0/514/tcp,2b01-f2c77983,11009,gcnga0400.global.com, ,4656,ms_windows_event,security,9b86e025-c25e-4888-8e5f-1476e850455a#833,"{""id"":""9b86e025-c25e-4888-8e5f-1476e850455a#833"",""num_events"":2915,""data_type"":""passthrough"",""batch_id"":""9b86e025-c25e-4888-8e5f-1476e850455a"",""batch_segment"":0,""customer_id"":""lga03"",""sequence_number"":832,""source_type"":""json"",""target_index"":""""}",11009,s-1-5-18,gcnga0400$,{00000000-0000-0000-0000-000000000000},plugplaymanager,0x2ec,c:\windows\system32\svchost.exe,-,0x3e7,unknown specific access (bit 1)         access reasons:  -,0,plugplaysecurityobject,globalcom, , , , , , , , , , , , , , , , , , , , , , , , , , , , , 
microsoft-windows-security-auditing,success audit,other object access events,gcnga0400.global.com,127.0.0.1,MSWinEventLog	1	Security	995092	Tue May  2 16:02:41 2017	4656	Microsoft-Windows-Security-Auditing	N/A	N/A	Success Audit	gcNGA0400.global.com	Other Object Access Events		A handle to an object was requested.    Subject:   Security ID:  S-1-5-18   Account Name:  gcNGA0400$   Account Domain:  globalcom   Logon ID:  0x3e7    Object:   Object Server:  PlugPlayManager   Object Type:  Security   Object Name:  PlugPlaySecurityObject   Handle ID:  0x0    Process Information:   Process ID:  0x2ec   Process Name:  C:\Windows\System32\svchost.exe    Access Request Information:   Transaction ID:  {00000000-0000-0000-0000-000000000000}   Accesses:  Unknown specific access (bit 1)         Access Reasons:  -   Access Mask:  0x2   Privileges Used for Access Check: -   Restricted SID Count: 0	189124672,a handle to an object was requested,"auth,windows",2017-05-02T15:02:44.122Z,52104,172.20.48.23,ms_windows_event-1655484026,846,<14>May  2 16:02:41 gcNGA0400.global.com ,4073159047,1,0.0.0.0/514/tcp,2b01-f2c77987,11009,gcnga0400.global.com, ,4656,ms_windows_event,security,9b86e025-c25e-4888-8e5f-1476e850455a#834,"{""id"":""9b86e025-c25e-4888-8e5f-1476e850455a#834"",""num_events"":2915,""data_type"":""passthrough"",""batch_id"":""9b86e025-c25e-4888-8e5f-1476e850455a"",""batch_segment"":0,""customer_id"":""lga03"",""sequence_number"":833,""source_type"":""json"",""target_index"":""""}",11009,s-1-5-18,gcnga0400$,{00000000-0000-0000-0000-000000000000},plugplaymanager,0x2ec,c:\windows\system32\svchost.exe,-,0x3e7,unknown specific access (bit 1)         access reasons:  -,0,plugplaysecurityobject,globalcom, , , , , , , , , , , , , , , , , , , , , , , , , , , , , 
microsoft-windows-security-auditing,success audit,other object access events,gcnga0400.global.com,127.0.0.1,MSWinEventLog	1	Security	995096	Tue May  2 16:02:41 2017	4656	Microsoft-Windows-Security-Auditing	N/A	N/A	Success Audit	gcNGA0400.global.com	Other Object Access Events		A handle to an object was requested.    Subject:   Security ID:  S-1-5-18   Account Name:  gcNGA0400$   Account Domain:  globalcom   Logon ID:  0x3e7    Object:   Object Server:  PlugPlayManager   Object Type:  Security   Object Name:  PlugPlaySecurityObject   Handle ID:  0x0    Process Information:   Process ID:  0x2ec   Process Name:  C:\Windows\System32\svchost.exe    Access Request Information:   Transaction ID:  {00000000-0000-0000-0000-000000000000}   Accesses:  Unknown specific access (bit 1)         Access Reasons:  -   Access Mask:  0x2   Privileges Used for Access Check: -   Restricted SID Count: 0	189124676,a handle to an object was requested,"auth,windows",2017-05-02T15:02:44.124Z,52104,172.20.48.23,ms_windows_event-1655484026,846,<14>May  2 16:02:41 gcNGA0400.global.com ,4073159051,1,0.0.0.0/514/tcp,2b01-f2c7798b,11009,gcnga0400.global.com, ,4656,ms_windows_event,security,9b86e025-c25e-4888-8e5f-1476e850455a#835,"{""id"":""9b86e025-c25e-4888-8e5f-1476e850455a#835"",""num_events"":2915,""data_type"":""passthrough"",""batch_id"":""9b86e025-c25e-4888-8e5f-1476e850455a"",""batch_segment"":0,""customer_id"":""lga03"",""sequence_number"":834,""source_type"":""json"",""target_index"":""""}",11009,s-1-5-18,gcnga0400$,{00000000-0000-0000-0000-000000000000},plugplaymanager,0x2ec,c:\windows\system32\svchost.exe,-,0x3e7,unknown specific access (bit 1)         access reasons:  -,0,plugplaysecurityobject,globalcom, , , , , , , , , , , , , , , , , , , , , , , , , , , , , 
microsoft-windows-security-auditing,success audit,other object access events,gcnga0400.global.com,127.0.0.1,MSWinEventLog	1	Security	995101	Tue May  2 16:02:41 2017	4656	Microsoft-Windows-Security-Auditing	N/A	N/A	Success Audit	gcNGA0400.global.com	Other Object Access Events		A handle to an object was requested.    Subject:   Security ID:  S-1-5-18   Account Name:  gcNGA0400$   Account Domain:  globalcom   Logon ID:  0x3e7    Object:   Object Server:  PlugPlayManager   Object Type:  Security   Object Name:  PlugPlaySecurityObject   Handle ID:  0x0    Process Information:   Process ID:  0x2ec   Process Name:  C:\Windows\System32\svchost.exe    Access Request Information:   Transaction ID:  {00000000-0000-0000-0000-000000000000}   Accesses:  Unknown specific access (bit 1)         Access Reasons:  -   Access Mask:  0x2   Privileges Used for Access Check: -   Restricted SID Count: 0	189124681,a handle to an object was requested,"auth,windows",2017-05-02T15:02:44.127Z,52104,172.20.48.23,ms_windows_event-1655484026,846,<14>May  2 16:02:41 gcNGA0400.global.com ,4073159056,1,0.0.0.0/514/tcp,2b01-f2c77990,11009,gcnga0400.global.com, ,4656,ms_windows_event,security,9b86e025-c25e-4888-8e5f-1476e850455a#836,"{""id"":""9b86e025-c25e-4888-8e5f-1476e850455a#836"",""num_events"":2915,""data_type"":""passthrough"",""batch_id"":""9b86e025-c25e-4888-8e5f-1476e850455a"",""batch_segment"":0,""customer_id"":""lga03"",""sequence_number"":835,""source_type"":""json"",""target_index"":""""}",11009,s-1-5-18,gcnga0400$,{00000000-0000-0000-0000-000000000000},plugplaymanager,0x2ec,c:\windows\system32\svchost.exe,-,0x3e7,unknown specific access (bit 1)         access reasons:  -,0,plugplaysecurityobject,globalcom, , , , , , , , , , , , , , , , , , , , , , , , , , , , , 
microsoft-windows-security-auditing,success audit,other object access events,gcnga0400.global.com,127.0.0.1,MSWinEventLog	1	Security	995104	Tue May  2 16:02:41 2017	4656	Microsoft-Windows-Security-Auditing	N/A	N/A	Success Audit	gcNGA0400.global.com	Other Object Access Events		A handle to an object was requested.    Subject:   Security ID:  S-1-5-18   Account Name:  gcNGA0400$   Account Domain:  globalcom   Logon ID:  0x3e7    Object:   Object Server:  PlugPlayManager   Object Type:  Security   Object Name:  PlugPlaySecurityObject   Handle ID:  0x0    Process Information:   Process ID:  0x2ec   Process Name:  C:\Windows\System32\svchost.exe    Access Request Information:   Transaction ID:  {00000000-0000-0000-0000-000000000000}   Accesses:  Unknown specific access (bit 1)         Access Reasons:  -   Access Mask:  0x2   Privileges Used for Access Check: -   Restricted SID Count: 0	189124684,a handle to an object was requested,"auth,windows",2017-05-02T15:02:44.129Z,52104,172.20.48.23,ms_windows_event-1655484026,846,<14>May  2 16:02:41 gcNGA0400.global.com ,4073159059,1,0.0.0.0/514/tcp,2b01-f2c77993,11009,gcnga0400.global.com, ,4656,ms_windows_event,security,9b86e025-c25e-4888-8e5f-1476e850455a#837,"{""id"":""9b86e025-c25e-4888-8e5f-1476e850455a#837"",""num_events"":2915,""data_type"":""passthrough"",""batch_id"":""9b86e025-c25e-4888-8e5f-1476e850455a"",""batch_segment"":0,""customer_id"":""lga03"",""sequence_number"":836,""source_type"":""json"",""target_index"":""""}",11009,s-1-5-18,gcnga0400$,{00000000-0000-0000-0000-000000000000},plugplaymanager,0x2ec,c:\windows\system32\svchost.exe,-,0x3e7,unknown specific access (bit 1)         access reasons:  -,0,plugplaysecurityobject,globalcom, , , , , , , , , , , , , , , , , , , , , , , , , , , , , 
microsoft-windows-security-auditing,success audit,kerberos service ticket operations,gcbrw0000.global.com,127.0.0.1,"MSWinEventLog	1	Security	796284	Tue May  2 11:02:42 2017	4769	Microsoft-Windows-Security-Auditing	N/A	N/A	Success Audit	gcBRW0000.global.com	Kerberos Service Ticket Operations		A Kerberos service ticket was requested.    Account Information:   Account Name:  a.ellis@global.com   Account Domain:  global.com   Logon GUID:  {1CDD08E6-D775-5FC4-1706-Agc039C60A43}    Service Information:   Service Name:  gcBRW0000$   Service ID:  S-1-5-21-2029550947-1910908428-336986018-41659    Network Information:   Client Address:  ::gcgc:172.24.33.185   Client Port:  53507    Additional Information:   Ticket Options:  0x40810000   Ticket Encryption Type: 0x12   Failure Code:  0x0   Transited Services: -    This event is generated every time access is requested to a resource such as a computer or a Windows service.  The service name indicates the resource to which access was requested.    This event can be correlated with Windows logon events by comparing the Logon GUID fields in each event.  The logon event occurs on the machine that was accessed, which is often a digcerent machine than the domain controller which issued the service ticket.    Ticket options, encryption types, and failure codes are defined in RFC 4120.	64590993",a kerberos service ticket was requested,"auth,windows",2017-05-02T15:04:40.827Z,54837,172.24.19.20,ms_windows_event-504109373,1282,<14>May  2 11:02:42 gcBRW0000.global.com ,3969016374,1,0.0.0.0/514/tcp,2b04-ec926236,11012,gcbrw0000.global.com, ,4769,ms_windows_event,security,9b86e025-c25e-4888-8e5f-1476e850455a#865,"{""id"":""9b86e025-c25e-4888-8e5f-1476e850455a#865"",""num_events"":2911,""data_type"":""passthrough"",""batch_id"":""9b86e025-c25e-4888-8e5f-1476e850455a"",""batch_segment"":0,""customer_id"":""lga03"",""sequence_number"":864,""source_type"":""json"",""target_index"":""""}",11012, ,a.ellis@global.com, , , , , , , , , ,global.com, ,53507, , , , , , ,this event is generated every time access is requested to a resource such as a computer or a windows service,::gcgc:172.24.33.185, , , , , , , , , , , , , , , , , , , 
microsoft-windows-security-auditing,success audit,kerberos service ticket operations,gcbrw0000.global.com,127.0.0.1,"MSWinEventLog	1	Security	796287	Tue May  2 11:02:42 2017	4769	Microsoft-Windows-Security-Auditing	N/A	N/A	Success Audit	gcBRW0000.global.com	Kerberos Service Ticket Operations		A Kerberos service ticket was requested.    Account Information:   Account Name:  a.ellis@global.com   Account Domain:  global.com   Logon GUID:  {1CDD08E6-D775-5FC4-1706-Agc039C60A43}    Service Information:   Service Name:  gcBRW0000$   Service ID:  S-1-5-21-2029550947-1910908428-336986018-41659    Network Information:   Client Address:  ::gcgc:172.24.33.185   Client Port:  53506    Additional Information:   Ticket Options:  0x40810000   Ticket Encryption Type: 0x12   Failure Code:  0x0   Transited Services: -    This event is generated every time access is requested to a resource such as a computer or a Windows service.  The service name indicates the resource to which access was requested.    This event can be correlated with Windows logon events by comparing the Logon GUID fields in each event.  The logon event occurs on the machine that was accessed, which is often a digcerent machine than the domain controller which issued the service ticket.    Ticket options, encryption types, and failure codes are defined in RFC 4120.	64590996",a kerberos service ticket was requested,"auth,windows",2017-05-02T15:04:40.827Z,54837,172.24.19.20,ms_windows_event-504109373,1282,<14>May  2 11:02:42 gcBRW0000.global.com ,3969016377,1,0.0.0.0/514/tcp,2b04-ec926239,11012,gcbrw0000.global.com, ,4769,ms_windows_event,security,9b86e025-c25e-4888-8e5f-1476e850455a#866,"{""id"":""9b86e025-c25e-4888-8e5f-1476e850455a#866"",""num_events"":2911,""data_type"":""passthrough"",""batch_id"":""9b86e025-c25e-4888-8e5f-1476e850455a"",""batch_segment"":0,""customer_id"":""lga03"",""sequence_number"":865,""source_type"":""json"",""target_index"":""""}",11012, ,a.ellis@global.com, , , , , , , , , ,global.com, ,53506, , , , , , ,this event is generated every time access is requested to a resource such as a computer or a windows service,::gcgc:172.24.33.185, , , , , , , , , , , , , , , , , , , 
microsoft-windows-security-auditing,success audit,logogc,gcsmq0601.global.com,127.0.0.1,MSWinEventLog	1	Security	3425141	Tue May  2 11:02:41 2017	4634	Microsoft-Windows-Security-Auditing	N/A	N/A	Success Audit	gcsmq0601.global.com	Logogc		An account was logged ogc.    Subject:   Security ID:  S-1-5-21-2029550947-1910908428-336986018-38176   Account Name:  COLLT5533$   Account Domain:  globalcom   Logon ID:  0x1b5f59fa    Logon Type:   3    This event is generated when a logon session is destroyed. It may be positively correlated with a logon event using the Logon ID value. Logon IDs are only unique between reboots on the same computer.	1445130032,an account was logged ogc,"auth,windows",2017-05-02T15:02:43.494Z,49941,172.21.19.25,ms_windows_event-3012490973,617,<14>May  2 11:02:41 gcsmq0601.global.com ,27946634903,0,0.0.0.0/514/tcp,2b03-681bfce97,11011,gcsmq0601.global.com,2017-05-02T11:02:41.000Z,4634,ms_windows_event,security,9b86e025-c25e-4888-8e5f-1476e850455a#885,"{""id"":""9b86e025-c25e-4888-8e5f-1476e850455a#885"",""num_events"":2911,""data_type"":""passthrough"",""batch_id"":""9b86e025-c25e-4888-8e5f-1476e850455a"",""batch_segment"":0,""customer_id"":""lga03"",""sequence_number"":884,""source_type"":""json"",""target_index"":""""}",11011,s-1-5-21-2029550947-1910908428-336986018-38176,collt5533$, , , , , ,0x1b5f59fa, , , ,globalcom, , , , , , , ,3,this event is generated when a logon session is destroyed, , , , , , , , , , , , , , , , , , , , 
microsoft-windows-security-auditing,success audit,special logon,gcsmq0601.global.com,127.0.0.1,MSWinEventLog	1	Security	3425204	Tue May  2 11:02:42 2017	4672	Microsoft-Windows-Security-Auditing	N/A	N/A	Success Audit	gcsmq0601.global.com	Special Logon		Special privileges assigned to new logon.    Subject:   Security ID:  S-1-5-21-2029550947-1910908428-336986018-41811   Account Name:  gcSMQ0608$   Account Domain:  globalcom   Logon ID:  0x1b5f6e96    Privileges:  SeTcbPrivilege	1445130095,special privileges assigned to new logon,"auth,windows",2017-05-02T15:02:43.520Z,49941,172.21.19.25,ms_windows_event-2006199550,448,<14>May  2 11:02:42 gcsmq0601.global.com ,27946634920,0,0.0.0.0/514/tcp,2b03-681bfcea8,11011,gcsmq0601.global.com, ,4672,ms_windows_event,security,9b86e025-c25e-4888-8e5f-1476e850455a#889,"{""id"":""9b86e025-c25e-4888-8e5f-1476e850455a#889"",""num_events"":2911,""data_type"":""passthrough"",""batch_id"":""9b86e025-c25e-4888-8e5f-1476e850455a"",""batch_segment"":0,""customer_id"":""lga03"",""sequence_number"":888,""source_type"":""json"",""target_index"":""""}",11011,s-1-5-21-2029550947-1910908428-336986018-41811,gcsmq0608$ , , , , ,setcbprivilege,0x1b5f6e96, , , ,globalcom, , , , , , , , , , , , , , , , , , , , , , , , , , , , , 
microsoft-windows-security-auditing,success audit,logon,gcsmq0601.global.com,127.0.0.1,"MSWinEventLog	1	Security	3425208	Tue May  2 11:02:42 2017	4624	Microsoft-Windows-Security-Auditing	N/A	N/A	Success Audit	gcsmq0601.global.com	Logon		An account was successfully logged on.    Subject:   Security ID:  S-1-0-0   Account Name:  -   Account Domain:  -   Logon ID:  0x0    Logon Type:   3    New Logon:   Security ID:  S-1-5-21-2029550947-1910908428-336986018-41811   Account Name:  gcSMQ0608$   Account Domain:  globalcom   Logon ID:  0x1b5f6e58   Logon GUID:  {B9023BC8-4848-2464-8D16-FBDC96FA72C1}    Process Information:   Process ID:  0x0   Process Name:  -    Network Information:   Workstation Name:    Source Network Address: -   Source Port:  -    Detailed Authentication Information:   Logon Process:  Kerberos   Authentication Package: Kerberos   Transited Services: -   Package Name (NTLM only): -   Key Length:  0    This event is generated when a logon session is created. It is generated on the computer that was accessed.    The subject fields indicate the account on the local system which requested the logon. This is most commonly a service such as the Server service, or a local process such as Winlogon.exe or Services.exe.    The logon type field indicates the kind of logon that occurred. The most common types are 2 (interactive) and 3 (network).    The New Logon fields indicate the account for whom the new logon was created, i.e. the account that was logged on.    The network fields indicate where a remote logon request originated. Workstation name is not always available and may be left blank in some cases.    The authentication information fields provide detailed information about this specific logon request.   - Logon GUID is a unique identifier that can be used to correlate this event with a KDC event.   - Transited services indicate which intermediate services have participated in this logon request.   - Package name indicates which sub-protocol was used among the NTLM protocols.   - Key length indicates the length of the generated session key. This will be 0 if no session key was requested.	1445130099",an account was successfully logged on,"auth,windows",2017-05-02T15:02:43.522Z,49941,172.21.19.25,ms_windows_event-3084426898,2110,<14>May  2 11:02:42 gcsmq0601.global.com ,27946634924,0,0.0.0.0/514/tcp,2b03-681bfceac,11011,gcsmq0601.global.com,2017-05-02T11:02:42.000Z,4624,ms_windows_event,security,9b86e025-c25e-4888-8e5f-1476e850455a#890,"{""id"":""9b86e025-c25e-4888-8e5f-1476e850455a#890"",""num_events"":2911,""data_type"":""passthrough"",""batch_id"":""9b86e025-c25e-4888-8e5f-1476e850455a"",""batch_segment"":0,""customer_id"":""lga03"",""sequence_number"":889,""source_type"":""json"",""target_index"":""""}",11011,s-1-5-21-2029550947-1910908428-336986018-41811,gcsmq0608$, , ,0x0, , ,0x1b5f6e58, , , ,globalcom, , , , , , , ,3,this event is generated when a logon session is created, , ,kerberos,"[""1.1.1521""]", , , , , , , , , , , , , , , , 
microsoft-windows-security-auditing,success audit,logogc,gcsmq0002.global.com,127.0.0.1,MSWinEventLog	1	Security	2131854	Tue May  2 11:02:42 2017	4634	Microsoft-Windows-Security-Auditing	N/A	N/A	Success Audit	gcSMQ0002.global.com	Logogc		N/A	304321406,n/a,"auth,windows",2017-05-02T15:02:44.318Z,50165,172.21.14.21,ms_windows_event-1377334112,210,<14>May  2 11:02:42 gcSMQ0002.global.com ,27946635057,0,0.0.0.0/514/tcp,2b03-681bfcf31,11011,gcsmq0002.global.com,2017-05-02T11:02:42.000Z,4634,ms_windows_event,security,9b86e025-c25e-4888-8e5f-1476e850455a#999,"{""id"":""9b86e025-c25e-4888-8e5f-1476e850455a#999"",""num_events"":2869,""data_type"":""passthrough"",""batch_id"":""9b86e025-c25e-4888-8e5f-1476e850455a"",""batch_segment"":0,""customer_id"":""lga03"",""sequence_number"":998,""source_type"":""json"",""target_index"":""""}",11011, , , , , , , , , , , , , , , , , , , , , , , , , , , , , , , , , , , , , , , , , 
microsoft-windows-security-auditing,success audit,kerberos authentication service,gcmex0000.global.com,127.0.0.1,MSWinEventLog	1	Security	141752	Tue May  2 10:02:43 2017	4768	Microsoft-Windows-Security-Auditing	N/A	N/A	Success Audit	gcMEX0000.global.com	Kerberos Authentication Service		N/A	20688177,n/a,"auth,windows",2017-05-02T15:02:44.067Z,53140,172.20.32.22,ms_windows_event-3984003816,233,<14>May  2 10:02:43 gcMEX0000.global.com ,2661098114,1,0.0.0.0/514/tcp,2b00-9e9d2282,11008,gcmex0000.global.com,2017-05-02T10:02:43.000Z,4768,ms_windows_event,security,9b86e025-c25e-4888-8e5f-1476e850455a#1016,"{""id"":""9b86e025-c25e-4888-8e5f-1476e850455a#1016"",""num_events"":2863,""data_type"":""passthrough"",""batch_id"":""9b86e025-c25e-4888-8e5f-1476e850455a"",""batch_segment"":0,""customer_id"":""lga03"",""sequence_number"":1015,""source_type"":""json"",""target_index"":""""}",11008, , , , , , , , , , , , , , , , , , , , , , , , , , , , , , , , , , , , , , , , , 
microsoft-windows-security-auditing,success audit,logon,gcnyc-60-010.global.com,127.0.0.1,MSWinEventLog	1	Security	1354685	Tue May  2 11:02:43 2017	4624	Microsoft-Windows-Security-Auditing	N/A	N/A	Success Audit	gcNYC-60-010.global.com	Logon		N/A	153578665,n/a,"auth,windows",2017-05-02T15:02:44.919Z,59147,172.21.14.26,ms_windows_event-796723568,215,<14>May  2 11:02:43 gcNYC-60-010.global.com ,27946635495,0,0.0.0.0/514/tcp,2b03-681bfd0e7,11011,gcnyc-60-010.global.com,2017-05-02T11:02:43.000Z,4624,ms_windows_event,security,9b86e025-c25e-4888-8e5f-1476e850455a#1041,"{""id"":""9b86e025-c25e-4888-8e5f-1476e850455a#1041"",""num_events"":2863,""data_type"":""passthrough"",""batch_id"":""9b86e025-c25e-4888-8e5f-1476e850455a"",""batch_segment"":0,""customer_id"":""lga03"",""sequence_number"":1040,""source_type"":""json"",""target_index"":""""}",11011, , , , , , , , , , , , , , , , , , , , , , , , , , , , , , , , , , , , , , , , , 
microsoft-windows-security-auditing,success audit,kerberos service ticket operations,gcnyc-60-010.global.com,127.0.0.1,MSWinEventLog	1	Security	1354689	Tue May  2 11:02:43 2017	4769	Microsoft-Windows-Security-Auditing	N/A	N/A	Success Audit	gcNYC-60-010.global.com	Kerberos Service Ticket Operations		N/A	153578669,n/a,"auth,windows",2017-05-02T15:02:44.921Z,59147,172.21.14.26,ms_windows_event-2408821607,244,<14>May  2 11:02:43 gcNYC-60-010.global.com ,27946635499,0,0.0.0.0/514/tcp,2b03-681bfd0eb,11011,gcnyc-60-010.global.com,2017-05-02T11:02:43.000Z,4769,ms_windows_event,security,9b86e025-c25e-4888-8e5f-1476e850455a#1042,"{""id"":""9b86e025-c25e-4888-8e5f-1476e850455a#1042"",""num_events"":2863,""data_type"":""passthrough"",""batch_id"":""9b86e025-c25e-4888-8e5f-1476e850455a"",""batch_segment"":0,""customer_id"":""lga03"",""sequence_number"":1041,""source_type"":""json"",""target_index"":""""}",11011, , , , , , , , , , , , , , , , , , , , , , , , , , , , , , , , , , , , , , , , , 
microsoft-windows-security-auditing,failure audit,kerberos authentication service,gcnyc-60-010.global.com,127.0.0.1,MSWinEventLog	3	Security	1354693	Tue May  2 11:02:44 2017	4768	Microsoft-Windows-Security-Auditing	N/A	N/A	Failure Audit	gcNYC-60-010.global.com	Kerberos Authentication Service		N/A	153578673,n/a,"auth,windows",2017-05-02T15:02:44.924Z,59147,172.21.14.26,ms_windows_event-3984003816,241,<11>May  2 11:02:44 gcNYC-60-010.global.com ,27946635503,0,0.0.0.0/514/tcp,2b03-681bfd0ef,11011,gcnyc-60-010.global.com,2017-05-02T11:02:44.000Z,4768,ms_windows_event,security,9b86e025-c25e-4888-8e5f-1476e850455a#1043,"{""id"":""9b86e025-c25e-4888-8e5f-1476e850455a#1043"",""num_events"":2863,""data_type"":""passthrough"",""batch_id"":""9b86e025-c25e-4888-8e5f-1476e850455a"",""batch_segment"":0,""customer_id"":""lga03"",""sequence_number"":1042,""source_type"":""json"",""target_index"":""""}",11011, , , , , , , , , , , , , , , , , , , , , , , , , , , , , , , , , , , , , , , , , 
microsoft-windows-security-auditing,success audit,logogc,gcnyc-60-010.global.com,127.0.0.1,MSWinEventLog	1	Security	1354701	Tue May  2 11:02:44 2017	4634	Microsoft-Windows-Security-Auditing	N/A	N/A	Success Audit	gcNYC-60-010.global.com	Logogc		N/A	153578681,n/a,"auth,windows",2017-05-02T15:02:44.930Z,59147,172.21.14.26,ms_windows_event-1377334112,216,<14>May  2 11:02:44 gcNYC-60-010.global.com ,27946635511,0,0.0.0.0/514/tcp,2b03-681bfd0f7,11011,gcnyc-60-010.global.com,2017-05-02T11:02:44.000Z,4634,ms_windows_event,security,9b86e025-c25e-4888-8e5f-1476e850455a#1045,"{""id"":""9b86e025-c25e-4888-8e5f-1476e850455a#1045"",""num_events"":2863,""data_type"":""passthrough"",""batch_id"":""9b86e025-c25e-4888-8e5f-1476e850455a"",""batch_segment"":0,""customer_id"":""lga03"",""sequence_number"":1044,""source_type"":""json"",""target_index"":""""}",11011, , , , , , , , , , , , , , , , , , , , , , , , , , , , , , , , , , , , , , , , , 
