microsoft-windows-security-auditing,success audit,logon,gcsmq0002.global.com,127.0.0.1,MSWinEventLog	1	Security	2131575	Tue May  2 11:02:32 2017	4624	Microsoft-Windows-Security-Auditing	N/A	N/A	Success Audit	gcSMQ0002.global.com	Logon		N/A	304321132,n/a,"auth,windows",2017-05-02T15:02:33.198Z,50165,172.21.14.21,ms_windows_event-796723568,209,<14>May  2 11:02:32 gcSMQ0002.global.com ,27946630608,0,0.0.0.0/514/tcp,2b03-681bfbdd0,11011,gcsmq0002.global.com,2017-05-02T11:02:32.000Z,4624,ms_windows_event,security,a9dc2d85-55e2-461d-aa69-e6cacc73bd5c#638,"{""id"":""a9dc2d85-55e2-461d-aa69-e6cacc73bd5c#638"",""num_events"":2911,""data_type"":""passthrough"",""batch_id"":""a9dc2d85-55e2-461d-aa69-e6cacc73bd5c"",""batch_segment"":0,""customer_id"":""lga03"",""sequence_number"":637,""source_type"":""json"",""target_index"":""""}",11011, , , , , , , , , , , , , , , , , , , , , , , , , , , , , , , , , , , , , , , , , 
microsoft-windows-security-auditing,success audit,logogc,gcsmq0002.global.com,127.0.0.1,MSWinEventLog	1	Security	2131579	Tue May  2 11:02:32 2017	4634	Microsoft-Windows-Security-Auditing	N/A	N/A	Success Audit	gcSMQ0002.global.com	Logogc		N/A	304321136,n/a,"auth,windows",2017-05-02T15:02:33.199Z,50165,172.21.14.21,ms_windows_event-1377334112,210,<14>May  2 11:02:32 gcSMQ0002.global.com ,27946630612,0,0.0.0.0/514/tcp,2b03-681bfbdd4,11011,gcsmq0002.global.com,2017-05-02T11:02:32.000Z,4634,ms_windows_event,security,a9dc2d85-55e2-461d-aa69-e6cacc73bd5c#639,"{""id"":""a9dc2d85-55e2-461d-aa69-e6cacc73bd5c#639"",""num_events"":2911,""data_type"":""passthrough"",""batch_id"":""a9dc2d85-55e2-461d-aa69-e6cacc73bd5c"",""batch_segment"":0,""customer_id"":""lga03"",""sequence_number"":638,""source_type"":""json"",""target_index"":""""}",11011, , , , , , , , , , , , , , , , , , , , , , , , , , , , , , , , , , , , , , , , , 
microsoft-windows-security-auditing,success audit,filtering platform connection,gcmex0400.global.com,127.0.0.1,MSWinEventLog	1	Security	773423	Tue May  2 10:02:33 2017	5156	Microsoft-Windows-Security-Auditing	N/A	N/A	Success Audit	gcMEX0400.global.com	Filtering Platform Connection		The Windows Filtering Platform has permitted a connection.    Application Information:   Process ID:  372   Application Name: \device\harddiskvolume2\windows\system32\svchost.exe    Network Information:   Direction:  Inbound   Source Address:  172.20.32.23   Source Port:  49155   Destination Address: 172.21.19.25   Destination Port:  64661   Protocol:  6    Filter Information:   Filter Run-Time ID: 0   Layer Name:  Receive/Accept   Layer Run-Time ID: 44	376831468,the windows filtering platform has permitted a connection,"auth,windows",2017-05-02T15:02:34.162Z,64651,172.20.32.23,ms_windows_event-820008369,686,<14>May  2 10:02:33 gcMEX0400.global.com ,2661096608,1,0.0.0.0/514/tcp,2b00-9e9d1ca0,11008,gcmex0400.global.com, ,5156,ms_windows_event,security,a9dc2d85-55e2-461d-aa69-e6cacc73bd5c#986,"{""id"":""a9dc2d85-55e2-461d-aa69-e6cacc73bd5c#986"",""num_events"":2855,""data_type"":""passthrough"",""batch_id"":""a9dc2d85-55e2-461d-aa69-e6cacc73bd5c"",""batch_segment"":0,""customer_id"":""lga03"",""sequence_number"":985,""source_type"":""json"",""target_index"":""""}",11008, , , , ,372, , , , , , , , ,49155,172.20.32.23,6,\device\harddiskvolume2\windows\system32\svchost.exe,private ip address lan,rsv, , , , , , , , , ,64661,172.21.19.25,inbound,private ip address lan,rsv, , , , , , , , 
microsoft-windows-security-auditing,success audit,logon,gcsmq0000.global.com,127.0.0.1,MSWinEventLog	1	Security	1629843	Tue May  2 11:02:33 2017	4624	Microsoft-Windows-Security-Auditing	N/A	N/A	Success Audit	gcSMQ0000.global.com	Logon		N/A	186394932,n/a,"auth,windows",2017-05-02T15:02:33.599Z,51131,172.21.14.20,ms_windows_event-796723568,209,<14>May  2 11:02:33 gcSMQ0000.global.com ,27946630676,0,0.0.0.0/514/tcp,2b03-681bfbe14,11011,gcsmq0000.global.com,2017-05-02T11:02:33.000Z,4624,ms_windows_event,security,a9dc2d85-55e2-461d-aa69-e6cacc73bd5c#1017,"{""id"":""a9dc2d85-55e2-461d-aa69-e6cacc73bd5c#1017"",""num_events"":2855,""data_type"":""passthrough"",""batch_id"":""a9dc2d85-55e2-461d-aa69-e6cacc73bd5c"",""batch_segment"":0,""customer_id"":""lga03"",""sequence_number"":1016,""source_type"":""json"",""target_index"":""""}",11011, , , , , , , , , , , , , , , , , , , , , , , , , , , , , , , , , , , , , , , , , 
microsoft-windows-security-auditing,success audit,logon,gcnyc-60-010.global.com,127.0.0.1,MSWinEventLog	1	Security	1354626	Tue May  2 11:02:33 2017	4624	Microsoft-Windows-Security-Auditing	N/A	N/A	Success Audit	gcNYC-60-010.global.com	Logon		N/A	153578606,n/a,"auth,windows",2017-05-02T15:02:33.919Z,59147,172.21.14.26,ms_windows_event-796723568,215,<14>May  2 11:02:33 gcNYC-60-010.global.com ,27946630819,0,0.0.0.0/514/tcp,2b03-681bfbea3,11011,gcnyc-60-010.global.com,2017-05-02T11:02:33.000Z,4624,ms_windows_event,security,a9dc2d85-55e2-461d-aa69-e6cacc73bd5c#1036,"{""id"":""a9dc2d85-55e2-461d-aa69-e6cacc73bd5c#1036"",""num_events"":2855,""data_type"":""passthrough"",""batch_id"":""a9dc2d85-55e2-461d-aa69-e6cacc73bd5c"",""batch_segment"":0,""customer_id"":""lga03"",""sequence_number"":1035,""source_type"":""json"",""target_index"":""""}",11011, , , , , , , , , , , , , , , , , , , , , , , , , , , , , , , , , , , , , , , , , 
microsoft-windows-security-auditing,success audit,logogc,gcbra0000.global.com,127.0.0.1,MSWinEventLog	1	Security	98960	Tue May  2 12:02:31 2017	4634	Microsoft-Windows-Security-Auditing	N/A	N/A	Success Audit	gcBRA0000.global.com	Logogc		N/A	19816035,n/a,"auth,windows",2017-05-02T15:02:32.606Z,64485,172.20.36.22,ms_windows_event-1377334112,207,<14>May  2 12:02:31 gcBRA0000.global.com ,6500393641,1,0.0.0.0/514/tcp,2af9-1837422a9,11001,gcbra0000.global.com,2017-05-02T12:02:31.000Z,4634,ms_windows_event,security,a9dc2d85-55e2-461d-aa69-e6cacc73bd5c#1053,"{""id"":""a9dc2d85-55e2-461d-aa69-e6cacc73bd5c#1053"",""num_events"":2855,""data_type"":""passthrough"",""batch_id"":""a9dc2d85-55e2-461d-aa69-e6cacc73bd5c"",""batch_segment"":0,""customer_id"":""lga03"",""sequence_number"":1052,""source_type"":""json"",""target_index"":""""}",11001, , , , , , , , , , , , , , , , , , , , , , , , , , , , , , , , , , , , , , , , , 
microsoft-windows-security-auditing,success audit,logogc,gcbra0000.global.com,127.0.0.1,MSWinEventLog	1	Security	98972	Tue May  2 12:02:31 2017	4634	Microsoft-Windows-Security-Auditing	N/A	N/A	Success Audit	gcBRA0000.global.com	Logogc		N/A	19816047,n/a,"auth,windows",2017-05-02T15:02:32.613Z,64485,172.20.36.22,ms_windows_event-1377334112,207,<14>May  2 12:02:31 gcBRA0000.global.com ,6500393654,1,0.0.0.0/514/tcp,2af9-1837422b6,11001,gcbra0000.global.com,2017-05-02T12:02:31.000Z,4634,ms_windows_event,security,a9dc2d85-55e2-461d-aa69-e6cacc73bd5c#1055,"{""id"":""a9dc2d85-55e2-461d-aa69-e6cacc73bd5c#1055"",""num_events"":2855,""data_type"":""passthrough"",""batch_id"":""a9dc2d85-55e2-461d-aa69-e6cacc73bd5c"",""batch_segment"":0,""customer_id"":""lga03"",""sequence_number"":1054,""source_type"":""json"",""target_index"":""""}",11001, , , , , , , , , , , , , , , , , , , , , , , , , , , , , , , , , , , , , , , , , 
xtia,information,n/a,gcgcp0500.global.com,127.0.0.1,MSWinEventLog	1	Application	390413	Tue May  2 11:02:34 2017	0	xTIA	N/A	N/A	Information	gcgcp0500.global.com	N/A		 >> Process integration xTIA SourceSystem 7 >> 	47950014,>> process integration xtia sourcesystem 7 >>,"auth,windows",2017-05-02T15:02:34.636Z,60470,172.25.0.7,ms_windows_event-3053450971,216,<14>May  2 11:02:34 gcgcp0500.global.com ,27946631476,0,0.0.0.0/514/tcp,2b03-681bfc134,11011,gcgcp0500.global.com,2017-05-02T11:02:34.000Z,0,ms_windows_event,application,a9dc2d85-55e2-461d-aa69-e6cacc73bd5c#1166,"{""id"":""a9dc2d85-55e2-461d-aa69-e6cacc73bd5c#1166"",""num_events"":2832,""data_type"":""passthrough"",""batch_id"":""a9dc2d85-55e2-461d-aa69-e6cacc73bd5c"",""batch_segment"":0,""customer_id"":""lga03"",""sequence_number"":1165,""source_type"":""json"",""target_index"":""""}",11011, , , , , , , , , , , , , , , , , , , , , , , , , , , , , , , , , , , , , , , , , 
xtia,information,n/a,gcgcp0500.global.com,127.0.0.1,MSWinEventLog	1	Application	390414	Tue May  2 11:02:34 2017	0	xTIA	N/A	N/A	Information	gcgcp0500.global.com	N/A		 >> Process integration xTIA SourceSystem 8 >> 	47950015,>> process integration xtia sourcesystem 8 >>,"auth,windows",2017-05-02T15:02:34.656Z,60470,172.25.0.7,ms_windows_event-3053450971,216,<14>May  2 11:02:34 gcgcp0500.global.com ,27946631480,0,0.0.0.0/514/tcp,2b03-681bfc138,11011,gcgcp0500.global.com,2017-05-02T11:02:34.000Z,0,ms_windows_event,application,a9dc2d85-55e2-461d-aa69-e6cacc73bd5c#1167,"{""id"":""a9dc2d85-55e2-461d-aa69-e6cacc73bd5c#1167"",""num_events"":2832,""data_type"":""passthrough"",""batch_id"":""a9dc2d85-55e2-461d-aa69-e6cacc73bd5c"",""batch_segment"":0,""customer_id"":""lga03"",""sequence_number"":1166,""source_type"":""json"",""target_index"":""""}",11011, , , , , , , , , , , , , , , , , , , , , , , , , , , , , , , , , , , , , , , , , 
microsoft-windows-security-auditing,success audit,credential validation,gcsmq0002.global.com,127.0.0.1,MSWinEventLog	1	Security	2131591	Tue May  2 11:02:33 2017	4776	Microsoft-Windows-Security-Auditing	N/A	N/A	Success Audit	gcSMQ0002.global.com	Credential Validation		N/A	304321148,n/a,"auth,windows",2017-05-02T15:02:34.197Z,50165,172.21.14.21,ms_windows_event-2768218977,225,<14>May  2 11:02:33 gcSMQ0002.global.com ,27946631229,0,0.0.0.0/514/tcp,2b03-681bfc03d,11011,gcsmq0002.global.com,2017-05-02T11:02:33.000Z,4776,ms_windows_event,security,a9dc2d85-55e2-461d-aa69-e6cacc73bd5c#1228,"{""id"":""a9dc2d85-55e2-461d-aa69-e6cacc73bd5c#1228"",""num_events"":2832,""data_type"":""passthrough"",""batch_id"":""a9dc2d85-55e2-461d-aa69-e6cacc73bd5c"",""batch_segment"":0,""customer_id"":""lga03"",""sequence_number"":1227,""source_type"":""json"",""target_index"":""""}",11011, , , , , , , , , , , , , , , , , , , , , , , , , , , , , , , , , , , , , , , , , 
microsoft-windows-security-auditing,success audit,special logon,gcbra0000.global.com,127.0.0.1,MSWinEventLog	1	Security	98981	Tue May  2 12:02:33 2017	4672	Microsoft-Windows-Security-Auditing	N/A	N/A	Success Audit	gcBRA0000.global.com	Special Logon		N/A	19816056,n/a,"auth,windows",2017-05-02T15:02:34.634Z,64485,172.20.36.22,ms_windows_event-3923140098,214,<14>May  2 12:02:33 gcBRA0000.global.com ,6500393798,1,0.0.0.0/514/tcp,2af9-183742346,11001,gcbra0000.global.com,2017-05-02T12:02:33.000Z,4672,ms_windows_event,security,a9dc2d85-55e2-461d-aa69-e6cacc73bd5c#1472,"{""id"":""a9dc2d85-55e2-461d-aa69-e6cacc73bd5c#1472"",""num_events"":2810,""data_type"":""passthrough"",""batch_id"":""a9dc2d85-55e2-461d-aa69-e6cacc73bd5c"",""batch_segment"":0,""customer_id"":""lga03"",""sequence_number"":1471,""source_type"":""json"",""target_index"":""""}",11001, , , , , , , , , , , , , , , , , , , , , , , , , , , , , , , , , , , , , , , , , 
microsoft-windows-security-auditing,success audit,special logon,gcbra0000.global.com,127.0.0.1,MSWinEventLog	1	Security	98987	Tue May  2 12:02:33 2017	4672	Microsoft-Windows-Security-Auditing	N/A	N/A	Success Audit	gcBRA0000.global.com	Special Logon		N/A	19816062,n/a,"auth,windows",2017-05-02T15:02:34.637Z,64485,172.20.36.22,ms_windows_event-3923140098,214,<14>May  2 12:02:33 gcBRA0000.global.com ,6500393804,1,0.0.0.0/514/tcp,2af9-18374234c,11001,gcbra0000.global.com,2017-05-02T12:02:33.000Z,4672,ms_windows_event,security,a9dc2d85-55e2-461d-aa69-e6cacc73bd5c#1473,"{""id"":""a9dc2d85-55e2-461d-aa69-e6cacc73bd5c#1473"",""num_events"":2810,""data_type"":""passthrough"",""batch_id"":""a9dc2d85-55e2-461d-aa69-e6cacc73bd5c"",""batch_segment"":0,""customer_id"":""lga03"",""sequence_number"":1472,""source_type"":""json"",""target_index"":""""}",11001, , , , , , , , , , , , , , , , , , , , , , , , , , , , , , , , , , , , , , , , , 
microsoft-windows-security-auditing,success audit,logogc,gcbrw0000.global.com,127.0.0.1,MSWinEventLog	1	Security	796225	Tue May  2 11:02:33 2017	4634	Microsoft-Windows-Security-Auditing	N/A	N/A	Success Audit	gcBRW0000.global.com	Logogc		An account was logged ogc.    Subject:   Security ID:  S-1-5-21-2029550947-1910908428-336986018-32856   Account Name:  NYCLT4846$   Account Domain:  globalcom   Logon ID:  0x9F7F673    Logon Type:   3    This event is generated when a logon session is destroyed. It may be positively correlated with a logon event using the Logon ID value. Logon IDs are only unique between reboots on the same computer.	64590934,an account was logged ogc,"auth,windows",2017-05-02T15:04:31.805Z,54837,172.24.19.20,ms_windows_event-3012490973,613,<14>May  2 11:02:33 gcBRW0000.global.com ,3969010784,1,0.0.0.0/514/tcp,2b04-ec924c60,11012,gcbrw0000.global.com,2017-05-02T11:02:33.000Z,4634,ms_windows_event,security,a9dc2d85-55e2-461d-aa69-e6cacc73bd5c#1641,"{""id"":""a9dc2d85-55e2-461d-aa69-e6cacc73bd5c#1641"",""num_events"":2775,""data_type"":""passthrough"",""batch_id"":""a9dc2d85-55e2-461d-aa69-e6cacc73bd5c"",""batch_segment"":0,""customer_id"":""lga03"",""sequence_number"":1640,""source_type"":""json"",""target_index"":""""}",11012,s-1-5-21-2029550947-1910908428-336986018-32856,nyclt4846$, , , , , ,0x9f7f673, , , ,globalcom, , , , , , , ,3,this event is generated when a logon session is destroyed, , , , , , , , , , , , , , , , , , , , 
microsoft-windows-security-auditing,success audit,logon,gcbrw0000.global.com,127.0.0.1,"MSWinEventLog	1	Security	796223	Tue May  2 11:02:33 2017	4624	Microsoft-Windows-Security-Auditing	N/A	N/A	Success Audit	gcBRW0000.global.com	Logon		An account was successfully logged on.    Subject:   Security ID:  S-1-0-0   Account Name:  -   Account Domain:  -   Logon ID:  0x0    Logon Type:   3    Impersonation Level:  Impersonation    New Logon:   Security ID:  S-1-5-21-2029550947-1910908428-336986018-34206   Account Name:  R.Mercado   Account Domain:  globalcom   Logon ID:  0x9F804E7   Logon GUID:  {789CF83E-gcED-38B5-6DD5-D149A376AF0E}    Process Information:   Process ID:  0x0   Process Name:  -    Network Information:   Workstation Name:    Source Network Address: 172.24.33.93   Source Port:  64775    Detailed Authentication Information:   Logon Process:  Kerberos   Authentication Package: Kerberos   Transited Services: -   Package Name (NTLM only): -   Key Length:  0    This event is generated when a logon session is created. It is generated on the computer that was accessed.    The subject fields indicate the account on the local system which requested the logon. This is most commonly a service such as the Server service, or a local process such as Winlogon.exe or Services.exe.    The logon type field indicates the kind of logon that occurred. The most common types are 2 (interactive) and 3 (network).    The New Logon fields indicate the account for whom the new logon was created, i.e. the account that was logged on.    The network fields indicate where a remote logon request originated. Workstation name is not always available and may be left blank in some cases.    The impersonation level field indicates the extent to which a process in the logon session can impersonate.    The authentication information fields provide detailed information about this specific logon request.   - Logon GUID is a unique identifier that can be used to correlate this event with a KDC event.   - Transited services indicate which intermediate services have participated in this logon request.   - Package name indicates which sub-protocol was used among the NTLM protocols.   - Key length indicates the length of the generated session key. This will be 0 if no session key was requested.	64590932",an account was successfully logged on,"auth,windows",2017-05-02T15:04:31.804Z,54837,172.24.19.20,ms_windows_event-3795724934,2270,<14>May  2 11:02:33 gcBRW0000.global.com ,3969010778,1,0.0.0.0/514/tcp,2b04-ec924c5a,11012,gcbrw0000.global.com,2017-05-02T11:02:33.000Z,4624,ms_windows_event,security,a9dc2d85-55e2-461d-aa69-e6cacc73bd5c#1663,"{""id"":""a9dc2d85-55e2-461d-aa69-e6cacc73bd5c#1663"",""num_events"":2774,""data_type"":""passthrough"",""batch_id"":""a9dc2d85-55e2-461d-aa69-e6cacc73bd5c"",""batch_segment"":0,""customer_id"":""lga03"",""sequence_number"":1662,""source_type"":""json"",""target_index"":""""}",11012,s-1-5-21-2029550947-1910908428-336986018-34206,r.mercado, , ,0x0,-, ,0x9f804e7, , , ,globalcom, ,64775,172.24.33.93, , ,private ip address lan,rsv,3,this event is generated when a logon session is created, ,,kerberos,"[""1.1.1521"",""1.1.1552""]", , , , , , , , , , , , , , , , 
microsoft-windows-security-auditing,success audit,logon,gcbrw0000.global.com,127.0.0.1,"MSWinEventLog	1	Security	796183	Tue May  2 11:02:30 2017	4624	Microsoft-Windows-Security-Auditing	N/A	N/A	Success Audit	gcBRW0000.global.com	Logon		An account was successfully logged on.    Subject:   Security ID:  S-1-0-0   Account Name:  -   Account Domain:  -   Logon ID:  0x0    Logon Type:   3    Impersonation Level:  Impersonation    New Logon:   Security ID:  S-1-5-21-2029550947-1910908428-336986018-34328   Account Name:  C.Vidal   Account Domain:  globalcom   Logon ID:  0x9F800F6   Logon GUID:  {2B3F9794-7714-E5D5-9328-5753A0611DF3}    Process Information:   Process ID:  0x0   Process Name:  -    Network Information:   Workstation Name:    Source Network Address: 172.24.32.156   Source Port:  51559    Detailed Authentication Information:   Logon Process:  Kerberos   Authentication Package: Kerberos   Transited Services: -   Package Name (NTLM only): -   Key Length:  0    This event is generated when a logon session is created. It is generated on the computer that was accessed.    The subject fields indicate the account on the local system which requested the logon. This is most commonly a service such as the Server service, or a local process such as Winlogon.exe or Services.exe.    The logon type field indicates the kind of logon that occurred. The most common types are 2 (interactive) and 3 (network).    The New Logon fields indicate the account for whom the new logon was created, i.e. the account that was logged on.    The network fields indicate where a remote logon request originated. Workstation name is not always available and may be left blank in some cases.    The impersonation level field indicates the extent to which a process in the logon session can impersonate.    The authentication information fields provide detailed information about this specific logon request.   - Logon GUID is a unique identifier that can be used to correlate this event with a KDC event.   - Transited services indicate which intermediate services have participated in this logon request.   - Package name indicates which sub-protocol was used among the NTLM protocols.   - Key length indicates the length of the generated session key. This will be 0 if no session key was requested.	64590892",an account was successfully logged on,"auth,windows",2017-05-02T15:04:28.806Z,54837,172.24.19.20,ms_windows_event-3795724934,2269,<14>May  2 11:02:30 gcBRW0000.global.com ,3969009709,1,0.0.0.0/514/tcp,2b04-ec92482d,11012,gcbrw0000.global.com,2017-05-02T11:02:30.000Z,4624,ms_windows_event,security,a9dc2d85-55e2-461d-aa69-e6cacc73bd5c#1749,"{""id"":""a9dc2d85-55e2-461d-aa69-e6cacc73bd5c#1749"",""num_events"":2769,""data_type"":""passthrough"",""batch_id"":""a9dc2d85-55e2-461d-aa69-e6cacc73bd5c"",""batch_segment"":0,""customer_id"":""lga03"",""sequence_number"":1748,""source_type"":""json"",""target_index"":""""}",11012,s-1-5-21-2029550947-1910908428-336986018-34328,c.vidal, , ,0x0,-, ,0x9f800f6, , , ,globalcom, ,51559,172.24.32.156, , ,private ip address lan,rsv,3,this event is generated when a logon session is created, ,,kerberos,"[""1.1.1521"",""1.1.1552""]", , , , , , , , , , , , , , , , 
microsoft-windows-security-auditing,success audit,logon,gcsmq0002.global.com,127.0.0.1,MSWinEventLog	1	Security	2131630	Tue May  2 11:02:34 2017	4624	Microsoft-Windows-Security-Auditing	N/A	N/A	Success Audit	gcSMQ0002.global.com	Logon		N/A	304321187,n/a,"auth,windows",2017-05-02T15:02:35.211Z,50165,172.21.14.21,ms_windows_event-796723568,209,<14>May  2 11:02:34 gcSMQ0002.global.com ,27946631613,0,0.0.0.0/514/tcp,2b03-681bfc1bd,11011,gcsmq0002.global.com,2017-05-02T11:02:34.000Z,4624,ms_windows_event,security,a9dc2d85-55e2-461d-aa69-e6cacc73bd5c#1820,"{""id"":""a9dc2d85-55e2-461d-aa69-e6cacc73bd5c#1820"",""num_events"":2769,""data_type"":""passthrough"",""batch_id"":""a9dc2d85-55e2-461d-aa69-e6cacc73bd5c"",""batch_segment"":0,""customer_id"":""lga03"",""sequence_number"":1819,""source_type"":""json"",""target_index"":""""}",11011, , , , , , , , , , , , , , , , , , , , , , , , , , , , , , , , , , , , , , , , , 
microsoft-windows-security-auditing,success audit,filtering platform connection,gcind0400.global.com,127.0.0.1,MSWinEventLog	1	Security	1535133	Tue May  2 20:30:45 2017	5158	Microsoft-Windows-Security-Auditing	N/A	N/A	Success Audit	gcIND0400.global.com	Filtering Platform Connection		The Windows Filtering Platform has permitted a bind to a local port.    Application Information:   Process ID:  1452   Application Name: \device\harddiskvolume2\windows\system32\spoolsv.exe    Network Information:   Source Address:  0.0.0.0   Source Port:  58813   Protocol:  6    Filter Information:   Filter Run-Time ID: 0   Layer Name:  Resource Assignment   Layer Run-Time ID: 36	671456086,the windows filtering platform has permitted a bind to a local port,"auth,windows",2017-05-02T15:02:32.134Z,63364,172.20.42.23,ms_windows_event-1072601665,613,<14>May  2 20:30:45 gcIND0400.global.com ,285062938,1,0.0.0.0/514/tcp,2afe-10fdb71a,11006,gcind0400.global.com,2017-05-02T20:30:45.000Z,5158,ms_windows_event,security,a9dc2d85-55e2-461d-aa69-e6cacc73bd5c#1895,"{""id"":""a9dc2d85-55e2-461d-aa69-e6cacc73bd5c#1895"",""num_events"":2769,""data_type"":""passthrough"",""batch_id"":""a9dc2d85-55e2-461d-aa69-e6cacc73bd5c"",""batch_segment"":0,""customer_id"":""lga03"",""sequence_number"":1894,""source_type"":""json"",""target_index"":""""}",11006, , , , , , , , , , , , , ,58813,0.0.0.0,6,\device\harddiskvolume2\windows\system32\spoolsv.exe,broadcast rfc1700,rsv, , , , , , , , , , , , , , , , , , , , , , 
microsoft-windows-security-auditing,success audit,logon,gcbrw0000.global.com,127.0.0.1,"MSWinEventLog	1	Security	796203	Tue May  2 11:02:32 2017	4624	Microsoft-Windows-Security-Auditing	N/A	N/A	Success Audit	gcBRW0000.global.com	Logon		An account was successfully logged on.    Subject:   Security ID:  S-1-0-0   Account Name:  -   Account Domain:  -   Logon ID:  0x0    Logon Type:   3    Impersonation Level:  Impersonation    New Logon:   Security ID:  S-1-5-21-2029550947-1910908428-336986018-23974   Account Name:  E.Oleary   Account Domain:  globalcom   Logon ID:  0x9F8035C   Logon GUID:  {804DBE99-00F5-A4BF-50CD-1B4DA573E2F9}    Process Information:   Process ID:  0x0   Process Name:  -    Network Information:   Workstation Name:    Source Network Address: 172.24.40.44   Source Port:  51551    Detailed Authentication Information:   Logon Process:  Kerberos   Authentication Package: Kerberos   Transited Services: -   Package Name (NTLM only): -   Key Length:  0    This event is generated when a logon session is created. It is generated on the computer that was accessed.    The subject fields indicate the account on the local system which requested the logon. This is most commonly a service such as the Server service, or a local process such as Winlogon.exe or Services.exe.    The logon type field indicates the kind of logon that occurred. The most common types are 2 (interactive) and 3 (network).    The New Logon fields indicate the account for whom the new logon was created, i.e. the account that was logged on.    The network fields indicate where a remote logon request originated. Workstation name is not always available and may be left blank in some cases.    The impersonation level field indicates the extent to which a process in the logon session can impersonate.    The authentication information fields provide detailed information about this specific logon request.   - Logon GUID is a unique identifier that can be used to correlate this event with a KDC event.   - Transited services indicate which intermediate services have participated in this logon request.   - Package name indicates which sub-protocol was used among the NTLM protocols.   - Key length indicates the length of the generated session key. This will be 0 if no session key was requested.	64590912",an account was successfully logged on,"auth,windows",2017-05-02T15:04:29.809Z,54837,172.24.19.20,ms_windows_event-3795724934,2269,<14>May  2 11:02:32 gcBRW0000.global.com ,3969010042,1,0.0.0.0/514/tcp,2b04-ec92497a,11012,gcbrw0000.global.com,2017-05-02T11:02:32.000Z,4624,ms_windows_event,security,a9dc2d85-55e2-461d-aa69-e6cacc73bd5c#1934,"{""id"":""a9dc2d85-55e2-461d-aa69-e6cacc73bd5c#1934"",""num_events"":2769,""data_type"":""passthrough"",""batch_id"":""a9dc2d85-55e2-461d-aa69-e6cacc73bd5c"",""batch_segment"":0,""customer_id"":""lga03"",""sequence_number"":1933,""source_type"":""json"",""target_index"":""""}",11012,s-1-5-21-2029550947-1910908428-336986018-23974,e.oleary, , ,0x0,-, ,0x9f8035c, , , ,globalcom, ,51551,172.24.40.44, , ,private ip address lan,rsv,3,this event is generated when a logon session is created, ,,kerberos,"[""1.1.1521"",""1.1.1552""]", , , , , , , , , , , , , , , , 
microsoft-windows-security-auditing,success audit,logogc,gcbra0000.global.com,127.0.0.1,MSWinEventLog	1	Security	98957	Tue May  2 12:02:31 2017	4634	Microsoft-Windows-Security-Auditing	N/A	N/A	Success Audit	gcBRA0000.global.com	Logogc		N/A	19816032,n/a,"auth,windows",2017-05-02T15:02:32.604Z,64485,172.20.36.22,ms_windows_event-1377334112,207,<14>May  2 12:02:31 gcBRA0000.global.com ,6500393638,1,0.0.0.0/514/tcp,2af9-1837422a6,11001,gcbra0000.global.com,2017-05-02T12:02:31.000Z,4634,ms_windows_event,security,a9dc2d85-55e2-461d-aa69-e6cacc73bd5c#1948,"{""id"":""a9dc2d85-55e2-461d-aa69-e6cacc73bd5c#1948"",""num_events"":2769,""data_type"":""passthrough"",""batch_id"":""a9dc2d85-55e2-461d-aa69-e6cacc73bd5c"",""batch_segment"":0,""customer_id"":""lga03"",""sequence_number"":1947,""source_type"":""json"",""target_index"":""""}",11001, , , , , , , , , , , , , , , , , , , , , , , , , , , , , , , , , , , , , , , , , 
microsoft-windows-security-auditing,success audit,logon,gcmex0400.global.com,127.0.0.1,"MSWinEventLog	1	Security	773433	Tue May  2 10:02:34 2017	4624	Microsoft-Windows-Security-Auditing	N/A	N/A	Success Audit	gcMEX0400.global.com	Logon		An account was successfully logged on.    Subject:   Security ID:  S-1-0-0   Account Name:  -   Account Domain:  -   Logon ID:  0x0    Logon Type:   3    New Logon:   Security ID:  S-1-5-21-2029550947-1910908428-336986018-27183   Account Name:  gcSMQ0601$   Account Domain:  globalcom   Logon ID:  0xe77ea62   Logon GUID:  {9B652D89-A41A-E08D-F959-D1E737AC3455}    Process Information:   Process ID:  0x0   Process Name:  -    Network Information:   Workstation Name:    Source Network Address: 172.21.19.25   Source Port:  64661    Detailed Authentication Information:   Logon Process:  Kerberos   Authentication Package: Kerberos   Transited Services: -   Package Name (NTLM only): -   Key Length:  0    This event is generated when a logon session is created. It is generated on the computer that was accessed.    The subject fields indicate the account on the local system which requested the logon. This is most commonly a service such as the Server service, or a local process such as Winlogon.exe or Services.exe.    The logon type field indicates the kind of logon that occurred. The most common types are 2 (interactive) and 3 (network).    The New Logon fields indicate the account for whom the new logon was created, i.e. the account that was logged on.    The network fields indicate where a remote logon request originated. Workstation name is not always available and may be left blank in some cases.    The authentication information fields provide detailed information about this specific logon request.   - Logon GUID is a unique identifier that can be used to correlate this event with a KDC event.   - Transited services indicate which intermediate services have participated in this logon request.   - Package name indicates which sub-protocol was used among the NTLM protocols.   - Key length indicates the length of the generated session key. This will be 0 if no session key was requested.	376831478",an account was successfully logged on,"auth,windows",2017-05-02T15:02:36.186Z,64651,172.20.32.23,ms_windows_event-3795724934,2122,<14>May  2 10:02:34 gcMEX0400.global.com ,2661096907,1,0.0.0.0/514/tcp,2b00-9e9d1dcb,11008,gcmex0400.global.com,2017-05-02T10:02:34.000Z,4624,ms_windows_event,security,a9dc2d85-55e2-461d-aa69-e6cacc73bd5c#1956,"{""id"":""a9dc2d85-55e2-461d-aa69-e6cacc73bd5c#1956"",""num_events"":2769,""data_type"":""passthrough"",""batch_id"":""a9dc2d85-55e2-461d-aa69-e6cacc73bd5c"",""batch_segment"":0,""customer_id"":""lga03"",""sequence_number"":1955,""source_type"":""json"",""target_index"":""""}",11008,s-1-5-21-2029550947-1910908428-336986018-27183,gcsmq0601$, , ,0x0,-, ,0xe77ea62, , , ,globalcom, ,64661,172.21.19.25, , ,private ip address lan,rsv,3,this event is generated when a logon session is created, ,,kerberos,"[""1.1.1521""]", , , , , , , , , , , , , , , , 
microsoft-windows-security-auditing,success audit,logogc,gcbra0000.global.com,127.0.0.1,MSWinEventLog	1	Security	99001	Tue May  2 12:02:35 2017	4634	Microsoft-Windows-Security-Auditing	N/A	N/A	Success Audit	gcBRA0000.global.com	Logogc		N/A	19816076,n/a,"auth,windows",2017-05-02T15:02:36.714Z,64485,172.20.36.22,ms_windows_event-1377334112,207,<14>May  2 12:02:35 gcBRA0000.global.com ,6500393929,1,0.0.0.0/514/tcp,2af9-1837423c9,11001,gcbra0000.global.com,2017-05-02T12:02:35.000Z,4634,ms_windows_event,security,a9dc2d85-55e2-461d-aa69-e6cacc73bd5c#2056,"{""id"":""a9dc2d85-55e2-461d-aa69-e6cacc73bd5c#2056"",""num_events"":2769,""data_type"":""passthrough"",""batch_id"":""a9dc2d85-55e2-461d-aa69-e6cacc73bd5c"",""batch_segment"":0,""customer_id"":""lga03"",""sequence_number"":2055,""source_type"":""json"",""target_index"":""""}",11001, , , , , , , , , , , , , , , , , , , , , , , , , , , , , , , , , , , , , , , , , 
microsoft-windows-security-auditing,success audit,other policy change events,gcidn0400.global.com,127.0.0.1,MSWinEventLog	1	Security	837067	Tue May  2 22:02:30 2017	5447	Microsoft-Windows-Security-Auditing	N/A	N/A	Success Audit	gcIDN0400.global.com	Other Policy Change Events		A Windows Filtering Platform filter has been changed.     Subject:   Security ID:  S-1-5-19   Account Name:  NT AUTHORITY\LOCAL SERVICE    Process Information:   Process ID: 1232    Provider Information:   ID:  {4B153735-1049-4480-AAB4-D1B9BDC03710}   Name:  Microsoft Corporation    Change Information:   Change Type: Delete    Filter Information:   ID:  {BE168774-8CE3-4C95-AA91-42D65138BA8D}   Name:  An inbound rule to allow tragcic to the IPv6 Dynamic Host Control Protocol Server. [UDP 547]   Type:  Not persistent   Run-Time ID: 167514    Layer Information:   ID:  {A3B42C97-9F04-4672-B87E-CEE9C483257F}   Name:  ALE Receive/Accept v6 Layer   Run-Time ID: 46    Callout Information:   ID:  {00000000-0000-0000-0000-000000000000}   Name:  -    Additional Information:   Weight: 246496763052032    Conditions:   Condition ID: {d78e1e87-8644-4ea5-9437-d809ecefc971}  Match value: Equal to  Condition value:      00000000  5c 00 64 00 65 00 76 00-69 00 63 00 65 00 5c 00  \.d.e.v.i.c.e.\.     00000010  68 00 61 00 72 00 64 00-64 00 69 00 73 00 6b 00  h.a.r.d.d.i.s.k.     00000020  76 00 6f 00 6c 00 75 00-6d 00 65 00 32 00 5c 00  v.o.l.u.m.e.2.\.     00000030  77 00 69 00 6e 00 64 00-6f 00 77 00 73 00 5c 00  w.i.n.d.o.w.s.\.     00000040  73 00 79 00 73 00 74 00-65 00 6d 00 33 00 32 00  s.y.s.t.e.m.3.2.     00000050  5c 00 73 00 76 00 63 00-68 00 6f 00 73 00 74 00  \.s.v.c.h.o.s.t.     00000060  2e 00 65 00 78 00 65 00-00 00                    ..e.x.e...    Condition ID: {af043a0a-b34d-4f86-979c-c90371af6e66}  Match value: Equal to  Condition value:  O:SYG:SYD:(A;;CCRC;;;S-1-5-80-3273805168-4048181553-3172130058-210131473-390205191)    Condition ID: {0c1ba1af-5765-453f-af22-a8f791ac775b}  Match value: Equal to  Condition value: 0x0087   Condition ID: {3971ef2b-623e-4f9a-8cb1-6e79b806b9a7}  Match value: Equal to  Condition value: 0x06    Filter Action: Permit	177975872,a windows filtering platform filter has been changed,"auth,windows",2017-05-02T15:02:32.315Z,62116,172.20.44.23,ms_windows_event-1173465555,2103,<14>May  2 22:02:30 gcIDN0400.global.com ,6452302845,1,0.0.0.0/514/tcp,2afd-1809653fd,11005,gcidn0400.global.com,2017-05-02T22:02:30.000Z,5447,ms_windows_event,security,a9dc2d85-55e2-461d-aa69-e6cacc73bd5c#2096,"{""id"":""a9dc2d85-55e2-461d-aa69-e6cacc73bd5c#2096"",""num_events"":2769,""data_type"":""passthrough"",""batch_id"":""a9dc2d85-55e2-461d-aa69-e6cacc73bd5c"",""batch_segment"":0,""customer_id"":""lga03"",""sequence_number"":2095,""source_type"":""json"",""target_index"":""""}",11005,s-1-5-19,nt authority\local service  , , ,1232, , , , , , , , , , , , , , , , , , , , , , , , , , , , ,"""246496763052032""",microsoft corporation,permit, , , , , 
microsoft-windows-security-auditing,success audit,detailed file share,gcbra0400.global.com,127.0.0.1,MSWinEventLog	1	Security	566815	Tue May  2 12:02:30 2017	5145	Microsoft-Windows-Security-Auditing	N/A	N/A	Success Audit	gcBRA0400.global.com	Detailed File Share		A network share object was checked to see whether client can be granted desired access.     Subject:   Security ID:  S-1-5-19   Account Name:  LOCAL SERVICE   Account Domain:  NT AUTHORITY   Logon ID:  0x3e5    Network Information:    Object Type:  File   Source Address:  ::1   Source Port:  54933     Share Information:   Share Name:  \\*\SMPSTOREU_FE3A15E2$   Share Path:  \??\U:\Windows 10 Migration User Data\SMPSTOREU_FE3A15E2$   Relative Target Name: FBC02D2321401636EFBD99756C5AAF338C3D018C06B9724EB56B409163928473    Access Request Information:   Access Mask:  0x100081   Accesses:  SYNCHRONIZE      ReadData (or ListDirectory)      ReadAttributes        Access Check Results:   -  	457188692,a network share object was checked to see whether client can be granted desired access.     subject:   security id:  s-1-5-19   account name:  local service   account domain:  nt authority   logon id:  0x3e5    network information:    object type:  file   source address:  ::1   source port:  54933     share information:   share name:  \\*\smpstoreu_fe3a15e2$   share path:  \??\u:\windows 10 migration user data\smpstoreu_fe3a15e2$   relative target name: fbc02d2321401636efbd99756c5aaf338c3d018c06b9724eb56b409163928473    access request information:   access mask:  0x100081   accesses:  synchronize      readdata (or listdirectory)      readattributes        access check results:   -,"auth,windows",2017-05-02T15:02:32.929Z,50311,172.20.36.23,ms_windows_event-2048817195,910,<14>May  2 12:02:30 gcBRA0400.global.com ,6500393673,1,0.0.0.0/514/tcp,2af9-1837422c9,11001,gcbra0400.global.com,2017-05-02T12:02:30.000Z,5145,ms_windows_event,security,a9dc2d85-55e2-461d-aa69-e6cacc73bd5c#2097,"{""id"":""a9dc2d85-55e2-461d-aa69-e6cacc73bd5c#2097"",""num_events"":2769,""data_type"":""passthrough"",""batch_id"":""a9dc2d85-55e2-461d-aa69-e6cacc73bd5c"",""batch_segment"":0,""customer_id"":""lga03"",""sequence_number"":2096,""source_type"":""json"",""target_index"":""""}",11001, , , , , , , , , , , , , , , , , , , , , , , , , , , , , , , , , , , , , , , , , 
microsoft-windows-security-auditing,success audit,logon,gcsmq0002.global.com,127.0.0.1,MSWinEventLog	1	Security	2131661	Tue May  2 11:02:35 2017	4624	Microsoft-Windows-Security-Auditing	N/A	N/A	Success Audit	gcSMQ0002.global.com	Logon		N/A	304321218,n/a,"auth,windows",2017-05-02T15:02:36.225Z,50165,172.21.14.21,ms_windows_event-796723568,209,<14>May  2 11:02:35 gcSMQ0002.global.com ,27946632750,0,0.0.0.0/514/tcp,2b03-681bfc62e,11011,gcsmq0002.global.com,2017-05-02T11:02:35.000Z,4624,ms_windows_event,security,a9dc2d85-55e2-461d-aa69-e6cacc73bd5c#2154,"{""id"":""a9dc2d85-55e2-461d-aa69-e6cacc73bd5c#2154"",""num_events"":2769,""data_type"":""passthrough"",""batch_id"":""a9dc2d85-55e2-461d-aa69-e6cacc73bd5c"",""batch_segment"":0,""customer_id"":""lga03"",""sequence_number"":2153,""source_type"":""json"",""target_index"":""""}",11011, , , , , , , , , , , , , , , , , , , , , , , , , , , , , , , , , , , , , , , , , 
microsoft-windows-security-auditing,success audit,logon,gcsmq0002.global.com,127.0.0.1,MSWinEventLog	1	Security	2131670	Tue May  2 11:02:35 2017	4624	Microsoft-Windows-Security-Auditing	N/A	N/A	Success Audit	gcSMQ0002.global.com	Logon		N/A	304321227,n/a,"auth,windows",2017-05-02T15:02:36.230Z,50165,172.21.14.21,ms_windows_event-796723568,209,<14>May  2 11:02:35 gcSMQ0002.global.com ,27946632759,0,0.0.0.0/514/tcp,2b03-681bfc637,11011,gcsmq0002.global.com,2017-05-02T11:02:35.000Z,4624,ms_windows_event,security,a9dc2d85-55e2-461d-aa69-e6cacc73bd5c#2157,"{""id"":""a9dc2d85-55e2-461d-aa69-e6cacc73bd5c#2157"",""num_events"":2769,""data_type"":""passthrough"",""batch_id"":""a9dc2d85-55e2-461d-aa69-e6cacc73bd5c"",""batch_segment"":0,""customer_id"":""lga03"",""sequence_number"":2156,""source_type"":""json"",""target_index"":""""}",11011, , , , , , , , , , , , , , , , , , , , , , , , , , , , , , , , , , , , , , , , , 
microsoft-windows-security-auditing,success audit,logon,gcsmq0002.global.com,127.0.0.1,MSWinEventLog	1	Security	2131681	Tue May  2 11:02:35 2017	4624	Microsoft-Windows-Security-Auditing	N/A	N/A	Success Audit	gcSMQ0002.global.com	Logon		N/A	304321238,n/a,"auth,windows",2017-05-02T15:02:36.235Z,50165,172.21.14.21,ms_windows_event-796723568,209,<14>May  2 11:02:35 gcSMQ0002.global.com ,27946632770,0,0.0.0.0/514/tcp,2b03-681bfc642,11011,gcsmq0002.global.com,2017-05-02T11:02:35.000Z,4624,ms_windows_event,security,a9dc2d85-55e2-461d-aa69-e6cacc73bd5c#2158,"{""id"":""a9dc2d85-55e2-461d-aa69-e6cacc73bd5c#2158"",""num_events"":2769,""data_type"":""passthrough"",""batch_id"":""a9dc2d85-55e2-461d-aa69-e6cacc73bd5c"",""batch_segment"":0,""customer_id"":""lga03"",""sequence_number"":2157,""source_type"":""json"",""target_index"":""""}",11011, , , , , , , , , , , , , , , , , , , , , , , , , , , , , , , , , , , , , , , , , 
microsoft-windows-security-auditing,success audit,logogc,gcsmq0002.global.com,127.0.0.1,MSWinEventLog	1	Security	2131690	Tue May  2 11:02:35 2017	4634	Microsoft-Windows-Security-Auditing	N/A	N/A	Success Audit	gcSMQ0002.global.com	Logogc		N/A	304321247,n/a,"auth,windows",2017-05-02T15:02:36.246Z,50165,172.21.14.21,ms_windows_event-1377334112,210,<14>May  2 11:02:35 gcSMQ0002.global.com ,27946632779,0,0.0.0.0/514/tcp,2b03-681bfc64b,11011,gcsmq0002.global.com,2017-05-02T11:02:35.000Z,4634,ms_windows_event,security,a9dc2d85-55e2-461d-aa69-e6cacc73bd5c#2169,"{""id"":""a9dc2d85-55e2-461d-aa69-e6cacc73bd5c#2169"",""num_events"":2769,""data_type"":""passthrough"",""batch_id"":""a9dc2d85-55e2-461d-aa69-e6cacc73bd5c"",""batch_segment"":0,""customer_id"":""lga03"",""sequence_number"":2168,""source_type"":""json"",""target_index"":""""}",11011, , , , , , , , , , , , , , , , , , , , , , , , , , , , , , , , , , , , , , , , , 
microsoft-windows-security-auditing,success audit,logogc,gcbra0000.global.com,127.0.0.1,MSWinEventLog	1	Security	99031	Tue May  2 12:02:36 2017	4634	Microsoft-Windows-Security-Auditing	N/A	N/A	Success Audit	gcBRA0000.global.com	Logogc		N/A	19816106,n/a,"auth,windows",2017-05-02T15:02:37.717Z,64485,172.20.36.22,ms_windows_event-1377334112,207,<14>May  2 12:02:36 gcBRA0000.global.com ,6500393990,1,0.0.0.0/514/tcp,2af9-183742406,11001,gcbra0000.global.com,2017-05-02T12:02:36.000Z,4634,ms_windows_event,security,a9dc2d85-55e2-461d-aa69-e6cacc73bd5c#2272,"{""id"":""a9dc2d85-55e2-461d-aa69-e6cacc73bd5c#2272"",""num_events"":2769,""data_type"":""passthrough"",""batch_id"":""a9dc2d85-55e2-461d-aa69-e6cacc73bd5c"",""batch_segment"":0,""customer_id"":""lga03"",""sequence_number"":2271,""source_type"":""json"",""target_index"":""""}",11001, , , , , , , , , , , , , , , , , , , , , , , , , , , , , , , , , , , , , , , , , 
microsoft-windows-security-auditing,success audit,file system,gcegy0400.global.com,127.0.0.1,MSWinEventLog	1	Security	1078867	Tue May  2 17:02:37 2017	4658	Microsoft-Windows-Security-Auditing	N/A	N/A	Success Audit	gcEGY0400.global.com	File System		The handle to an object was closed.    Subject :   Security ID:  S-1-5-18   Account Name:  gcEGY0400$   Account Domain:  globalcom   Logon ID:  0x3e7    Object:   Object Server:  Security   Handle ID:  0x6cc    Process Information:   Process ID:  0x270   Process Name:  C:\Windows\System32\services.exe	169322707,the handle to an object was closed,"auth,windows",2017-05-02T15:02:37.920Z,62367,172.20.40.23,ms_windows_event-259117541,519,<14>May  2 17:02:37 gcEGY0400.global.com ,192248595,1,0.0.0.0/514/tcp,2afc-b757b13,11004,gcegy0400.global.com,2017-05-02T17:02:37.000Z,4658,ms_windows_event,security,a9dc2d85-55e2-461d-aa69-e6cacc73bd5c#2280,"{""id"":""a9dc2d85-55e2-461d-aa69-e6cacc73bd5c#2280"",""num_events"":2769,""data_type"":""passthrough"",""batch_id"":""a9dc2d85-55e2-461d-aa69-e6cacc73bd5c"",""batch_segment"":0,""customer_id"":""lga03"",""sequence_number"":2279,""source_type"":""json"",""target_index"":""""}",11004, ,gcegy0400$, ,security,0x270,c:\windows\system32\services.exe, ,0x3e7, ,1740, ,globalcom, , , , , , , , , , , , , , , , , , , , , , , , , , , , , 
microsoft-windows-security-auditing,success audit,file system,gcegy0400.global.com,127.0.0.1,MSWinEventLog	1	Security	1078876	Tue May  2 17:02:37 2017	4658	Microsoft-Windows-Security-Auditing	N/A	N/A	Success Audit	gcEGY0400.global.com	File System		The handle to an object was closed.    Subject :   Security ID:  S-1-5-18   Account Name:  gcEGY0400$   Account Domain:  globalcom   Logon ID:  0x3e7    Object:   Object Server:  Security   Handle ID:  0x620    Process Information:   Process ID:  0x270   Process Name:  C:\Windows\System32\services.exe	169322716,the handle to an object was closed,"auth,windows",2017-05-02T15:02:37.925Z,62367,172.20.40.23,ms_windows_event-259117541,519,<14>May  2 17:02:37 gcEGY0400.global.com ,192248604,1,0.0.0.0/514/tcp,2afc-b757b1c,11004,gcegy0400.global.com,2017-05-02T17:02:37.000Z,4658,ms_windows_event,security,a9dc2d85-55e2-461d-aa69-e6cacc73bd5c#2281,"{""id"":""a9dc2d85-55e2-461d-aa69-e6cacc73bd5c#2281"",""num_events"":2769,""data_type"":""passthrough"",""batch_id"":""a9dc2d85-55e2-461d-aa69-e6cacc73bd5c"",""batch_segment"":0,""customer_id"":""lga03"",""sequence_number"":2280,""source_type"":""json"",""target_index"":""""}",11004, ,gcegy0400$, ,security,0x270,c:\windows\system32\services.exe, ,0x3e7, ,1568, ,globalcom, , , , , , , , , , , , , , , , , , , , , , , , , , , , , 
microsoft-windows-security-auditing,success audit,file system,gcegy0400.global.com,127.0.0.1,MSWinEventLog	1	Security	1078904	Tue May  2 17:02:37 2017	4658	Microsoft-Windows-Security-Auditing	N/A	N/A	Success Audit	gcEGY0400.global.com	File System		The handle to an object was closed.    Subject :   Security ID:  S-1-5-18   Account Name:  gcEGY0400$   Account Domain:  globalcom   Logon ID:  0x3e7    Object:   Object Server:  Security   Handle ID:  0x620    Process Information:   Process ID:  0x270   Process Name:  C:\Windows\System32\services.exe	169322744,the handle to an object was closed,"auth,windows",2017-05-02T15:02:37.941Z,62367,172.20.40.23,ms_windows_event-259117541,519,<14>May  2 17:02:37 gcEGY0400.global.com ,192248632,1,0.0.0.0/514/tcp,2afc-b757b38,11004,gcegy0400.global.com,2017-05-02T17:02:37.000Z,4658,ms_windows_event,security,a9dc2d85-55e2-461d-aa69-e6cacc73bd5c#2283,"{""id"":""a9dc2d85-55e2-461d-aa69-e6cacc73bd5c#2283"",""num_events"":2769,""data_type"":""passthrough"",""batch_id"":""a9dc2d85-55e2-461d-aa69-e6cacc73bd5c"",""batch_segment"":0,""customer_id"":""lga03"",""sequence_number"":2282,""source_type"":""json"",""target_index"":""""}",11004, ,gcegy0400$, ,security,0x270,c:\windows\system32\services.exe, ,0x3e7, ,1568, ,globalcom, , , , , , , , , , , , , , , , , , , , , , , , , , , , , 
microsoft-windows-security-auditing,success audit,handle manipulation,gcegy0400.global.com,127.0.0.1,MSWinEventLog	1	Security	1078926	Tue May  2 17:02:37 2017	4690	Microsoft-Windows-Security-Auditing	N/A	N/A	Success Audit	gcEGY0400.global.com	Handle Manipulation		An attempt was made to duplicate a handle to an object.    Subject:   Security ID:  S-1-5-18   Account Name:  gcEGY0400$   Account Domain:  globalcom   Logon ID:  0x3e7    Source Handle Information:   Source Handle ID: 0x620   Source Process ID: 0x270    New Handle Information:   Target Handle ID: 0x6cc   Target Process ID: 0x270	169322766,an attempt was made to duplicate a handle to an object,"auth,windows",2017-05-02T15:02:38.001Z,62367,172.20.40.23,ms_windows_event-4170594564,556,<14>May  2 17:02:37 gcEGY0400.global.com ,192248655,1,0.0.0.0/514/tcp,2afc-b757b4f,11004,gcegy0400.global.com,2017-05-02T17:02:37.000Z,4690,ms_windows_event,security,a9dc2d85-55e2-461d-aa69-e6cacc73bd5c#2285,"{""id"":""a9dc2d85-55e2-461d-aa69-e6cacc73bd5c#2285"",""num_events"":2769,""data_type"":""passthrough"",""batch_id"":""a9dc2d85-55e2-461d-aa69-e6cacc73bd5c"",""batch_segment"":0,""customer_id"":""lga03"",""sequence_number"":2284,""source_type"":""json"",""target_index"":""""}",11004,s-1-5-18,gcegy0400$, , ,0x270, , ,0x3e7, ,1568, ,globalcom, , , , , , , , , , , , , , , , , , , , , , , , , , , , , 
microsoft-windows-security-auditing,success audit,special logon,gcbra0000.global.com,127.0.0.1,MSWinEventLog	1	Security	98978	Tue May  2 12:02:33 2017	4672	Microsoft-Windows-Security-Auditing	N/A	N/A	Success Audit	gcBRA0000.global.com	Special Logon		N/A	19816053,n/a,"auth,windows",2017-05-02T15:02:34.632Z,64485,172.20.36.22,ms_windows_event-3923140098,214,<14>May  2 12:02:33 gcBRA0000.global.com ,6500393795,1,0.0.0.0/514/tcp,2af9-183742343,11001,gcbra0000.global.com,2017-05-02T12:02:33.000Z,4672,ms_windows_event,security,a9dc2d85-55e2-461d-aa69-e6cacc73bd5c#2347,"{""id"":""a9dc2d85-55e2-461d-aa69-e6cacc73bd5c#2347"",""num_events"":2769,""data_type"":""passthrough"",""batch_id"":""a9dc2d85-55e2-461d-aa69-e6cacc73bd5c"",""batch_segment"":0,""customer_id"":""lga03"",""sequence_number"":2346,""source_type"":""json"",""target_index"":""""}",11001, , , , , , , , , , , , , , , , , , , , , , , , , , , , , , , , , , , , , , , , , 
microsoft-windows-security-auditing,success audit,logogc,gcbra0000.global.com,127.0.0.1,MSWinEventLog	1	Security	98992	Tue May  2 12:02:33 2017	4634	Microsoft-Windows-Security-Auditing	N/A	N/A	Success Audit	gcBRA0000.global.com	Logogc		N/A	19816067,n/a,"auth,windows",2017-05-02T15:02:34.639Z,64485,172.20.36.22,ms_windows_event-1377334112,207,<14>May  2 12:02:33 gcBRA0000.global.com ,6500393809,1,0.0.0.0/514/tcp,2af9-183742351,11001,gcbra0000.global.com,2017-05-02T12:02:33.000Z,4634,ms_windows_event,security,a9dc2d85-55e2-461d-aa69-e6cacc73bd5c#2349,"{""id"":""a9dc2d85-55e2-461d-aa69-e6cacc73bd5c#2349"",""num_events"":2769,""data_type"":""passthrough"",""batch_id"":""a9dc2d85-55e2-461d-aa69-e6cacc73bd5c"",""batch_segment"":0,""customer_id"":""lga03"",""sequence_number"":2348,""source_type"":""json"",""target_index"":""""}",11001, , , , , , , , , , , , , , , , , , , , , , , , , , , , , , , , , , , , , , , , , 
microsoft-windows-security-auditing,success audit,kerberos authentication service,gcnyc-60-010.global.com,127.0.0.1,MSWinEventLog	1	Security	1354628	Tue May  2 11:02:35 2017	4768	Microsoft-Windows-Security-Auditing	N/A	N/A	Success Audit	gcNYC-60-010.global.com	Kerberos Authentication Service		N/A	153578608,n/a,"auth,windows",2017-05-02T15:02:36.922Z,59147,172.21.14.26,ms_windows_event-3984003816,241,<14>May  2 11:02:35 gcNYC-60-010.global.com ,27946632874,0,0.0.0.0/514/tcp,2b03-681bfc6aa,11011,gcnyc-60-010.global.com,2017-05-02T11:02:35.000Z,4768,ms_windows_event,security,a9dc2d85-55e2-461d-aa69-e6cacc73bd5c#2433,"{""id"":""a9dc2d85-55e2-461d-aa69-e6cacc73bd5c#2433"",""num_events"":2769,""data_type"":""passthrough"",""batch_id"":""a9dc2d85-55e2-461d-aa69-e6cacc73bd5c"",""batch_segment"":0,""customer_id"":""lga03"",""sequence_number"":2432,""source_type"":""json"",""target_index"":""""}",11011, , , , , , , , , , , , , , , , , , , , , , , , , , , , , , , , , , , , , , , , , 
microsoft-windows-security-auditing,success audit,kerberos service ticket operations,gcsmq0000.global.com,127.0.0.1,MSWinEventLog	1	Security	1629883	Tue May  2 11:02:37 2017	4769	Microsoft-Windows-Security-Auditing	N/A	N/A	Success Audit	gcSMQ0000.global.com	Kerberos Service Ticket Operations		N/A	186394972,n/a,"auth,windows",2017-05-02T15:02:37.624Z,51131,172.21.14.20,ms_windows_event-2408821607,238,<14>May  2 11:02:37 gcSMQ0000.global.com ,27946632979,0,0.0.0.0/514/tcp,2b03-681bfc713,11011,gcsmq0000.global.com,2017-05-02T11:02:37.000Z,4769,ms_windows_event,security,a9dc2d85-55e2-461d-aa69-e6cacc73bd5c#2434,"{""id"":""a9dc2d85-55e2-461d-aa69-e6cacc73bd5c#2434"",""num_events"":2769,""data_type"":""passthrough"",""batch_id"":""a9dc2d85-55e2-461d-aa69-e6cacc73bd5c"",""batch_segment"":0,""customer_id"":""lga03"",""sequence_number"":2433,""source_type"":""json"",""target_index"":""""}",11011, , , , , , , , , , , , , , , , , , , , , , , , , , , , , , , , , , , , , , , , , 
