microsoft-windows-security-auditing,success audit,logon,gcbrw0000.global.com,127.0.0.1,"MSWinEventLog	1	Security	796247	Tue May  2 11:02:37 2017	4624	Microsoft-Windows-Security-Auditing	N/A	N/A	Success Audit	gcBRW0000.global.com	Logon		An account was successfully logged on.    Subject:   Security ID:  S-1-0-0   Account Name:  -   Account Domain:  -   Logon ID:  0x0    Logon Type:   3    Impersonation Level:  Impersonation    New Logon:   Security ID:  S-1-5-21-2029550947-1910908428-336986018-23974   Account Name:  E.Oleary   Account Domain:  globalcom   Logon ID:  0x9F80947   Logon GUID:  {804DBE99-00F5-A4BF-50CD-1B4DA573E2F9}    Process Information:   Process ID:  0x0   Process Name:  -    Network Information:   Workstation Name:    Source Network Address: 172.24.40.44   Source Port:  51574    Detailed Authentication Information:   Logon Process:  Kerberos   Authentication Package: Kerberos   Transited Services: -   Package Name (NTLM only): -   Key Length:  0    This event is generated when a logon session is created. It is generated on the computer that was accessed.    The subject fields indicate the account on the local system which requested the logon. This is most commonly a service such as the Server service, or a local process such as Winlogon.exe or Services.exe.    The logon type field indicates the kind of logon that occurred. The most common types are 2 (interactive) and 3 (network).    The New Logon fields indicate the account for whom the new logon was created, i.e. the account that was logged on.    The network fields indicate where a remote logon request originated. Workstation name is not always available and may be left blank in some cases.    The impersonation level field indicates the extent to which a process in the logon session can impersonate.    The authentication information fields provide detailed information about this specific logon request.   - Logon GUID is a unique identifier that can be used to correlate this event with a KDC event.   - Transited services indicate which intermediate services have participated in this logon request.   - Package name indicates which sub-protocol was used among the NTLM protocols.   - Key length indicates the length of the generated session key. This will be 0 if no session key was requested.	64590956",an account was successfully logged on,"auth,windows",2017-05-02T15:04:35.823Z,54837,172.24.19.20,ms_windows_event-3795724934,2269,<14>May  2 11:02:37 gcBRW0000.global.com ,3969012581,1,0.0.0.0/514/tcp,2b04-ec925365,11012,gcbrw0000.global.com,2017-05-02T11:02:37.000Z,4624,ms_windows_event,security,a9dc2d85-55e2-461d-aa69-e6cacc73bd5c#2461,"{""id"":""a9dc2d85-55e2-461d-aa69-e6cacc73bd5c#2461"",""num_events"":2769,""data_type"":""passthrough"",""batch_id"":""a9dc2d85-55e2-461d-aa69-e6cacc73bd5c"",""batch_segment"":0,""customer_id"":""lga03"",""sequence_number"":2460,""source_type"":""json"",""target_index"":""""}",11012,s-1-5-21-2029550947-1910908428-336986018-23974,e.oleary, , ,0x0,-, ,0x9f80947, , , ,globalcom, ,51574,172.24.40.44, , ,private ip address lan,rsv,3,this event is generated when a logon session is created, ,,kerberos,"[""1.1.1521"",""1.1.1552""]", , , , , , , , , , , , , , , , 
microsoft-windows-security-auditing,success audit,logogc,gcbrw0000.global.com,127.0.0.1,MSWinEventLog	1	Security	796246	Tue May  2 11:02:36 2017	4634	Microsoft-Windows-Security-Auditing	N/A	N/A	Success Audit	gcBRW0000.global.com	Logogc		An account was logged ogc.    Subject:   Security ID:  S-1-5-21-2029550947-1910908428-336986018-23974   Account Name:  E.Oleary   Account Domain:  globalcom   Logon ID:  0x9F8091C    Logon Type:   3    This event is generated when a logon session is destroyed. It may be positively correlated with a logon event using the Logon ID value. Logon IDs are only unique between reboots on the same computer.	64590955,an account was logged ogc,"auth,windows",2017-05-02T15:04:35.823Z,54837,172.24.19.20,ms_windows_event-3012490973,611,<14>May  2 11:02:36 gcBRW0000.global.com ,3969012580,1,0.0.0.0/514/tcp,2b04-ec925364,11012,gcbrw0000.global.com,2017-05-02T11:02:36.000Z,4634,ms_windows_event,security,a9dc2d85-55e2-461d-aa69-e6cacc73bd5c#2585,"{""id"":""a9dc2d85-55e2-461d-aa69-e6cacc73bd5c#2585"",""num_events"":2762,""data_type"":""passthrough"",""batch_id"":""a9dc2d85-55e2-461d-aa69-e6cacc73bd5c"",""batch_segment"":0,""customer_id"":""lga03"",""sequence_number"":2584,""source_type"":""json"",""target_index"":""""}",11012,s-1-5-21-2029550947-1910908428-336986018-23974,e.oleary, , , , , ,0x9f8091c, , , ,globalcom, , , , , , , ,3,this event is generated when a logon session is destroyed, , , , , , , , , , , , , , , , , , , , 
microsoft-windows-security-auditing,success audit,logogc,gcbrw0000.global.com,127.0.0.1,MSWinEventLog	1	Security	796250	Tue May  2 11:02:37 2017	4634	Microsoft-Windows-Security-Auditing	N/A	N/A	Success Audit	gcBRW0000.global.com	Logogc		An account was logged ogc.    Subject:   Security ID:  S-1-5-21-2029550947-1910908428-336986018-23974   Account Name:  E.Oleary   Account Domain:  globalcom   Logon ID:  0x9F80965    Logon Type:   3    This event is generated when a logon session is destroyed. It may be positively correlated with a logon event using the Logon ID value. Logon IDs are only unique between reboots on the same computer.	64590959,an account was logged ogc,"auth,windows",2017-05-02T15:04:35.824Z,54837,172.24.19.20,ms_windows_event-3012490973,611,<14>May  2 11:02:37 gcBRW0000.global.com ,3969012584,1,0.0.0.0/514/tcp,2b04-ec925368,11012,gcbrw0000.global.com,2017-05-02T11:02:37.000Z,4634,ms_windows_event,security,a9dc2d85-55e2-461d-aa69-e6cacc73bd5c#2586,"{""id"":""a9dc2d85-55e2-461d-aa69-e6cacc73bd5c#2586"",""num_events"":2762,""data_type"":""passthrough"",""batch_id"":""a9dc2d85-55e2-461d-aa69-e6cacc73bd5c"",""batch_segment"":0,""customer_id"":""lga03"",""sequence_number"":2585,""source_type"":""json"",""target_index"":""""}",11012,s-1-5-21-2029550947-1910908428-336986018-23974,e.oleary, , , , , ,0x9f80965, , , ,globalcom, , , , , , , ,3,this event is generated when a logon session is destroyed, , , , , , , , , , , , , , , , , , , , 
microsoft-windows-security-auditing,success audit,logogc,gcbrw0000.global.com,127.0.0.1,MSWinEventLog	1	Security	796230	Tue May  2 11:02:35 2017	4634	Microsoft-Windows-Security-Auditing	N/A	N/A	Success Audit	gcBRW0000.global.com	Logogc		An account was logged ogc.    Subject:   Security ID:  S-1-5-21-2029550947-1910908428-336986018-23974   Account Name:  E.Oleary   Account Domain:  globalcom   Logon ID:  0x9F80787    Logon Type:   3    This event is generated when a logon session is destroyed. It may be positively correlated with a logon event using the Logon ID value. Logon IDs are only unique between reboots on the same computer.	64590939,an account was logged ogc,"auth,windows",2017-05-02T15:04:32.816Z,54837,172.24.19.20,ms_windows_event-3012490973,611,<14>May  2 11:02:35 gcBRW0000.global.com ,3969011244,1,0.0.0.0/514/tcp,2b04-ec924e2c,11012,gcbrw0000.global.com,2017-05-02T11:02:35.000Z,4634,ms_windows_event,security,a9dc2d85-55e2-461d-aa69-e6cacc73bd5c#2725,"{""id"":""a9dc2d85-55e2-461d-aa69-e6cacc73bd5c#2725"",""num_events"":2762,""data_type"":""passthrough"",""batch_id"":""a9dc2d85-55e2-461d-aa69-e6cacc73bd5c"",""batch_segment"":0,""customer_id"":""lga03"",""sequence_number"":2724,""source_type"":""json"",""target_index"":""""}",11012,s-1-5-21-2029550947-1910908428-336986018-23974,e.oleary, , , , , ,0x9f80787, , , ,globalcom, , , , , , , ,3,this event is generated when a logon session is destroyed, , , , , , , , , , , , , , , , , , , , 
microsoft-windows-security-auditing,success audit,logogc,gcsmq0002.global.com,127.0.0.1,MSWinEventLog	1	Security	2131729	Tue May  2 11:02:38 2017	4634	Microsoft-Windows-Security-Auditing	N/A	N/A	Success Audit	gcSMQ0002.global.com	Logogc		N/A	304321285,n/a,"auth,windows",2017-05-02T15:02:39.260Z,50165,172.21.14.21,ms_windows_event-1377334112,210,<14>May  2 11:02:38 gcSMQ0002.global.com ,27946633231,0,0.0.0.0/514/tcp,2b03-681bfc80f,11011,gcsmq0002.global.com,2017-05-02T11:02:38.000Z,4634,ms_windows_event,security,a9dc2d85-55e2-461d-aa69-e6cacc73bd5c#2753,"{""id"":""a9dc2d85-55e2-461d-aa69-e6cacc73bd5c#2753"",""num_events"":2762,""data_type"":""passthrough"",""batch_id"":""a9dc2d85-55e2-461d-aa69-e6cacc73bd5c"",""batch_segment"":0,""customer_id"":""lga03"",""sequence_number"":2752,""source_type"":""json"",""target_index"":""""}",11011, , , , , , , , , , , , , , , , , , , , , , , , , , , , , , , , , , , , , , , , , 
microsoft-windows-security-auditing,success audit,logon,gcsmq0002.global.com,127.0.0.1,MSWinEventLog	1	Security	2131733	Tue May  2 11:02:38 2017	4624	Microsoft-Windows-Security-Auditing	N/A	N/A	Success Audit	gcSMQ0002.global.com	Logon		N/A	304321289,n/a,"auth,windows",2017-05-02T15:02:39.261Z,50165,172.21.14.21,ms_windows_event-796723568,209,<14>May  2 11:02:38 gcSMQ0002.global.com ,27946633235,0,0.0.0.0/514/tcp,2b03-681bfc813,11011,gcsmq0002.global.com,2017-05-02T11:02:38.000Z,4624,ms_windows_event,security,a9dc2d85-55e2-461d-aa69-e6cacc73bd5c#2754,"{""id"":""a9dc2d85-55e2-461d-aa69-e6cacc73bd5c#2754"",""num_events"":2762,""data_type"":""passthrough"",""batch_id"":""a9dc2d85-55e2-461d-aa69-e6cacc73bd5c"",""batch_segment"":0,""customer_id"":""lga03"",""sequence_number"":2753,""source_type"":""json"",""target_index"":""""}",11011, , , , , , , , , , , , , , , , , , , , , , , , , , , , , , , , , , , , , , , , , 
microsoft-windows-security-auditing,failure audit,kerberos service ticket operations,gcsmq0002.global.com,127.0.0.1,MSWinEventLog	3	Security	2131745	Tue May  2 11:02:38 2017	4769	Microsoft-Windows-Security-Auditing	N/A	N/A	Failure Audit	gcSMQ0002.global.com	Kerberos Service Ticket Operations		N/A	304321301,n/a,"auth,windows",2017-05-02T15:02:39.266Z,50165,172.21.14.21,ms_windows_event-2408821607,238,<11>May  2 11:02:38 gcSMQ0002.global.com ,27946633247,0,0.0.0.0/514/tcp,2b03-681bfc81f,11011,gcsmq0002.global.com,2017-05-02T11:02:38.000Z,4769,ms_windows_event,security,a9dc2d85-55e2-461d-aa69-e6cacc73bd5c#2757,"{""id"":""a9dc2d85-55e2-461d-aa69-e6cacc73bd5c#2757"",""num_events"":2762,""data_type"":""passthrough"",""batch_id"":""a9dc2d85-55e2-461d-aa69-e6cacc73bd5c"",""batch_segment"":0,""customer_id"":""lga03"",""sequence_number"":2756,""source_type"":""json"",""target_index"":""""}",11011, , , , , , , , , , , , , , , , , , , , , , , , , , , , , , , , , , , , , , , , , 
microsoft-windows-security-auditing,success audit,logogc,gcsmq0002.global.com,127.0.0.1,MSWinEventLog	1	Security	2131752	Tue May  2 11:02:38 2017	4634	Microsoft-Windows-Security-Auditing	N/A	N/A	Success Audit	gcSMQ0002.global.com	Logogc		N/A	304321308,n/a,"auth,windows",2017-05-02T15:02:39.269Z,50165,172.21.14.21,ms_windows_event-1377334112,210,<14>May  2 11:02:38 gcSMQ0002.global.com ,27946633254,0,0.0.0.0/514/tcp,2b03-681bfc826,11011,gcsmq0002.global.com,2017-05-02T11:02:38.000Z,4634,ms_windows_event,security,a9dc2d85-55e2-461d-aa69-e6cacc73bd5c#2759,"{""id"":""a9dc2d85-55e2-461d-aa69-e6cacc73bd5c#2759"",""num_events"":2762,""data_type"":""passthrough"",""batch_id"":""a9dc2d85-55e2-461d-aa69-e6cacc73bd5c"",""batch_segment"":0,""customer_id"":""lga03"",""sequence_number"":2758,""source_type"":""json"",""target_index"":""""}",11011, , , , , , , , , , , , , , , , , , , , , , , , , , , , , , , , , , , , , , , , , 
microsoft-windows-security-auditing,success audit,logogc,gcbrw0000.global.com,127.0.0.1,MSWinEventLog	1	Security	796253	Tue May  2 11:02:37 2017	4634	Microsoft-Windows-Security-Auditing	N/A	N/A	Success Audit	gcBRW0000.global.com	Logogc		An account was logged ogc.    Subject:   Security ID:  S-1-5-21-2029550947-1910908428-336986018-33766   Account Name:  NYCLT5384$   Account Domain:  globalcom   Logon ID:  0x9F809B6    Logon Type:   3    This event is generated when a logon session is destroyed. It may be positively correlated with a logon event using the Logon ID value. Logon IDs are only unique between reboots on the same computer.	64590962,an account was logged ogc,"auth,windows",2017-05-02T15:04:35.825Z,54837,172.24.19.20,ms_windows_event-3012490973,613,<14>May  2 11:02:37 gcBRW0000.global.com ,3969012588,1,0.0.0.0/514/tcp,2b04-ec92536c,11012,gcbrw0000.global.com,2017-05-02T11:02:37.000Z,4634,ms_windows_event,security,a9dc2d85-55e2-461d-aa69-e6cacc73bd5c#2865,"{""id"":""a9dc2d85-55e2-461d-aa69-e6cacc73bd5c#2865"",""num_events"":2762,""data_type"":""passthrough"",""batch_id"":""a9dc2d85-55e2-461d-aa69-e6cacc73bd5c"",""batch_segment"":0,""customer_id"":""lga03"",""sequence_number"":2864,""source_type"":""json"",""target_index"":""""}",11012,s-1-5-21-2029550947-1910908428-336986018-33766,nyclt5384$, , , , , ,0x9f809b6, , , ,globalcom, , , , , , , ,3,this event is generated when a logon session is destroyed, , , , , , , , , , , , , , , , , , , , 
microsoft-windows-security-auditing,failure audit,kerberos service ticket operations,gcsmq0000.global.com,127.0.0.1,MSWinEventLog	3	Security	1629888	Tue May  2 11:02:37 2017	4769	Microsoft-Windows-Security-Auditing	N/A	N/A	Failure Audit	gcSMQ0000.global.com	Kerberos Service Ticket Operations		N/A	186394977,n/a,"auth,windows",2017-05-02T15:02:38.615Z,51131,172.21.14.20,ms_windows_event-2408821607,238,<11>May  2 11:02:37 gcSMQ0000.global.com ,27946633155,0,0.0.0.0/514/tcp,2b03-681bfc7c3,11011,gcsmq0000.global.com,2017-05-02T11:02:37.000Z,4769,ms_windows_event,security,a9dc2d85-55e2-461d-aa69-e6cacc73bd5c#2879,"{""id"":""a9dc2d85-55e2-461d-aa69-e6cacc73bd5c#2879"",""num_events"":2762,""data_type"":""passthrough"",""batch_id"":""a9dc2d85-55e2-461d-aa69-e6cacc73bd5c"",""batch_segment"":0,""customer_id"":""lga03"",""sequence_number"":2878,""source_type"":""json"",""target_index"":""""}",11011, , , , , , , , , , , , , , , , , , , , , , , , , , , , , , , , , , , , , , , , , 
microsoft-windows-security-auditing,success audit,kernel object,gcsmq0692.global.com,127.0.0.1,MSWinEventLog	1	Security	364632	Tue May  2 11:02:37 2017	4663	Microsoft-Windows-Security-Auditing	N/A	N/A	Success Audit	gcSMQ0692.global.com	Kernel Object		N/A	79315223,n/a,"auth,windows",2017-05-02T15:02:38.635Z,49557,172.21.220.50,ms_windows_event-483852355,215,<14>May  2 11:02:37 gcSMQ0692.global.com ,27946633175,0,0.0.0.0/514/tcp,2b03-681bfc7d7,11011,gcsmq0692.global.com,2017-05-02T11:02:37.000Z,4663,ms_windows_event,security,a9dc2d85-55e2-461d-aa69-e6cacc73bd5c#2890,"{""id"":""a9dc2d85-55e2-461d-aa69-e6cacc73bd5c#2890"",""num_events"":2762,""data_type"":""passthrough"",""batch_id"":""a9dc2d85-55e2-461d-aa69-e6cacc73bd5c"",""batch_segment"":0,""customer_id"":""lga03"",""sequence_number"":2889,""source_type"":""json"",""target_index"":""""}",11011, , , , , , , , , , , , , , , , , , , , , , , , , , , , , , , , , , , , , , , , , 
microsoft-windows-security-auditing,success audit,authorization policy change,gcind0000.global.com,127.0.0.1,MSWinEventLog	1	Security	198046	Tue May  2 20:32:34 2017	4670	Microsoft-Windows-Security-Auditing	N/A	N/A	Success Audit	gcIND0000.global.com	Authorization Policy Change		N/A	26489901,n/a,"auth,windows",2017-05-02T15:02:36.229Z,53489,172.20.42.22,ms_windows_event-2089246324,229,<14>May  2 20:32:34 gcIND0000.global.com ,285063087,1,0.0.0.0/514/tcp,2afe-10fdb7af,11006,gcind0000.global.com,2017-05-02T20:32:34.000Z,4670,ms_windows_event,security,a9dc2d85-55e2-461d-aa69-e6cacc73bd5c#2908,"{""id"":""a9dc2d85-55e2-461d-aa69-e6cacc73bd5c#2908"",""num_events"":2762,""data_type"":""passthrough"",""batch_id"":""a9dc2d85-55e2-461d-aa69-e6cacc73bd5c"",""batch_segment"":0,""customer_id"":""lga03"",""sequence_number"":2907,""source_type"":""json"",""target_index"":""""}",11006, , , , , , , , , , , , , , , , , , , , , , , , , , , , , , , , , , , , , , , , , 
microsoft-windows-security-auditing,success audit,logon,gcsmq0601.global.com,127.0.0.1,"MSWinEventLog	1	Security	3425050	Tue May  2 11:02:38 2017	4624	Microsoft-Windows-Security-Auditing	N/A	N/A	Success Audit	gcsmq0601.global.com	Logon		An account was successfully logged on.    Subject:   Security ID:  S-1-0-0   Account Name:  -   Account Domain:  -   Logon ID:  0x0    Logon Type:   3    New Logon:   Security ID:  S-1-5-21-2029550947-1910908428-336986018-41777   Account Name:  COLLT5532$   Account Domain:  globalcom   Logon ID:  0x1b5f3e59   Logon GUID:  {5DB6AAA2-C3DF-B472-FBD1-CDB9A3296BCA}    Process Information:   Process ID:  0x0   Process Name:  -    Network Information:   Workstation Name:    Source Network Address: 172.20.80.133   Source Port:  51052    Detailed Authentication Information:   Logon Process:  Kerberos   Authentication Package: Kerberos   Transited Services: -   Package Name (NTLM only): -   Key Length:  0    This event is generated when a logon session is created. It is generated on the computer that was accessed.    The subject fields indicate the account on the local system which requested the logon. This is most commonly a service such as the Server service, or a local process such as Winlogon.exe or Services.exe.    The logon type field indicates the kind of logon that occurred. The most common types are 2 (interactive) and 3 (network).    The New Logon fields indicate the account for whom the new logon was created, i.e. the account that was logged on.    The network fields indicate where a remote logon request originated. Workstation name is not always available and may be left blank in some cases.    The authentication information fields provide detailed information about this specific logon request.   - Logon GUID is a unique identifier that can be used to correlate this event with a KDC event.   - Transited services indicate which intermediate services have participated in this logon request.   - Package name indicates which sub-protocol was used among the NTLM protocols.   - Key length indicates the length of the generated session key. This will be 0 if no session key was requested.	1445129941",an account was successfully logged on,"auth,windows",2017-05-02T15:02:39.343Z,49941,172.21.19.25,ms_windows_event-3795724934,2126,<14>May  2 11:02:38 gcsmq0601.global.com ,27946633269,0,0.0.0.0/514/tcp,2b03-681bfc835,11011,gcsmq0601.global.com,2017-05-02T11:02:38.000Z,4624,ms_windows_event,security,a9dc2d85-55e2-461d-aa69-e6cacc73bd5c#2973,"{""id"":""a9dc2d85-55e2-461d-aa69-e6cacc73bd5c#2973"",""num_events"":2762,""data_type"":""passthrough"",""batch_id"":""a9dc2d85-55e2-461d-aa69-e6cacc73bd5c"",""batch_segment"":0,""customer_id"":""lga03"",""sequence_number"":2972,""source_type"":""json"",""target_index"":""""}",11011,s-1-5-21-2029550947-1910908428-336986018-41777,collt5532$, , ,0x0,-, ,0x1b5f3e59, , , ,globalcom, ,51052,172.20.80.133, , ,private ip address lan,rsv,3,this event is generated when a logon session is created, ,,kerberos,"[""1.1.1521""]", , , , , , , , , , , , , , , , 
microsoft-windows-security-auditing,success audit,logogc,gcsmq0020.global.com,127.0.0.1,MSWinEventLog	1	Security	472284	Tue May  2 11:02:39 2017	4634	Microsoft-Windows-Security-Auditing	N/A	N/A	Success Audit	gcSMQ0020.global.com	Logogc		N/A	64136854,n/a,"auth,windows",2017-05-02T15:02:41.693Z,60856,172.21.220.20,ms_windows_event-1377334112,208,<14>May  2 11:02:39 gcSMQ0020.global.com ,27946634663,0,0.0.0.0/514/tcp,2b03-681bfcda7,11011,gcsmq0020.global.com,2017-05-02T11:02:39.000Z,4634,ms_windows_event,security,efe4e4df-9996-47ec-a22e-46bb949af5b0#123,"{""id"":""efe4e4df-9996-47ec-a22e-46bb949af5b0#123"",""num_events"":748,""data_type"":""passthrough"",""batch_id"":""efe4e4df-9996-47ec-a22e-46bb949af5b0"",""batch_segment"":0,""customer_id"":""lga03"",""sequence_number"":122,""source_type"":""json"",""target_index"":""""}",11011, , , , , , , , , , , , , , , , , , , , , , , , , , , , , , , , , , , , , , , , , 
microsoft-windows-security-auditing,success audit,kerberos service ticket operations,gcbrw0000.global.com,127.0.0.1,"MSWinEventLog	1	Security	796263	Tue May  2 11:02:39 2017	4769	Microsoft-Windows-Security-Auditing	N/A	N/A	Success Audit	gcBRW0000.global.com	Kerberos Service Ticket Operations		A Kerberos service ticket was requested.    Account Information:   Account Name:  l.mowers@global.com   Account Domain:  global.com   Logon GUID:  {gcBFBF42-01C1-E96C-7AE8-D03A7C63F7DB}    Service Information:   Service Name:  krbtgt_6246   Service ID:  S-1-5-21-2029550947-1910908428-336986018-41663    Network Information:   Client Address:  ::gcgc:172.24.33.148   Client Port:  49516    Additional Information:   Ticket Options:  0x60000000   Ticket Encryption Type: 0x12   Failure Code:  0x0   Transited Services: -    This event is generated every time access is requested to a resource such as a computer or a Windows service.  The service name indicates the resource to which access was requested.    This event can be correlated with Windows logon events by comparing the Logon GUID fields in each event.  The logon event occurs on the machine that was accessed, which is often a digcerent machine than the domain controller which issued the service ticket.    Ticket options, encryption types, and failure codes are defined in RFC 4120.	64590972",a kerberos service ticket was requested,"auth,windows",2017-05-02T15:04:38.820Z,54837,172.24.19.20,ms_windows_event-504109373,1284,<14>May  2 11:02:39 gcBRW0000.global.com ,3969015545,1,0.0.0.0/514/tcp,2b04-ec925ef9,11012,gcbrw0000.global.com, ,4769,ms_windows_event,security,efe4e4df-9996-47ec-a22e-46bb949af5b0#124,"{""id"":""efe4e4df-9996-47ec-a22e-46bb949af5b0#124"",""num_events"":748,""data_type"":""passthrough"",""batch_id"":""efe4e4df-9996-47ec-a22e-46bb949af5b0"",""batch_segment"":0,""customer_id"":""lga03"",""sequence_number"":123,""source_type"":""json"",""target_index"":""""}",11012, ,l.mowers@global.com, , , , , , , , , ,global.com, ,49516, , , , , , ,this event is generated every time access is requested to a resource such as a computer or a windows service,::gcgc:172.24.33.148, , , , , , , , , , , , , , , , , , , 
microsoft-windows-security-auditing,success audit,other object access events,gcnga0400.global.com,127.0.0.1,MSWinEventLog	1	Security	995046	Tue May  2 16:02:41 2017	4656	Microsoft-Windows-Security-Auditing	N/A	N/A	Success Audit	gcNGA0400.global.com	Other Object Access Events		A handle to an object was requested.    Subject:   Security ID:  S-1-5-18   Account Name:  gcNGA0400$   Account Domain:  globalcom   Logon ID:  0x3e7    Object:   Object Server:  PlugPlayManager   Object Type:  Security   Object Name:  PlugPlaySecurityObject   Handle ID:  0x0    Process Information:   Process ID:  0x2ec   Process Name:  C:\Windows\System32\svchost.exe    Access Request Information:   Transaction ID:  {00000000-0000-0000-0000-000000000000}   Accesses:  Unknown specific access (bit 1)         Access Reasons:  -   Access Mask:  0x2   Privileges Used for Access Check: -   Restricted SID Count: 0	189124626,a handle to an object was requested,"auth,windows",2017-05-02T15:02:42.057Z,52104,172.20.48.23,ms_windows_event-1655484026,846,<14>May  2 16:02:41 gcNGA0400.global.com ,4073158953,1,0.0.0.0/514/tcp,2b01-f2c77929,11009,gcnga0400.global.com, ,4656,ms_windows_event,security,efe4e4df-9996-47ec-a22e-46bb949af5b0#178,"{""id"":""efe4e4df-9996-47ec-a22e-46bb949af5b0#178"",""num_events"":745,""data_type"":""passthrough"",""batch_id"":""efe4e4df-9996-47ec-a22e-46bb949af5b0"",""batch_segment"":0,""customer_id"":""lga03"",""sequence_number"":177,""source_type"":""json"",""target_index"":""""}",11009,s-1-5-18,gcnga0400$,{00000000-0000-0000-0000-000000000000},plugplaymanager,0x2ec,c:\windows\system32\svchost.exe,-,0x3e7,unknown specific access (bit 1)         access reasons:  -,0,plugplaysecurityobject,globalcom, , , , , , , , , , , , , , , , , , , , , , , , , , , , , 
microsoft-windows-security-auditing,success audit,other object access events,gcnga0400.global.com,127.0.0.1,MSWinEventLog	1	Security	995050	Tue May  2 16:02:41 2017	4656	Microsoft-Windows-Security-Auditing	N/A	N/A	Success Audit	gcNGA0400.global.com	Other Object Access Events		A handle to an object was requested.    Subject:   Security ID:  S-1-5-18   Account Name:  gcNGA0400$   Account Domain:  globalcom   Logon ID:  0x3e7    Object:   Object Server:  PlugPlayManager   Object Type:  Security   Object Name:  PlugPlaySecurityObject   Handle ID:  0x0    Process Information:   Process ID:  0x2ec   Process Name:  C:\Windows\System32\svchost.exe    Access Request Information:   Transaction ID:  {00000000-0000-0000-0000-000000000000}   Accesses:  Unknown specific access (bit 1)         Access Reasons:  -   Access Mask:  0x2   Privileges Used for Access Check: -   Restricted SID Count: 0	189124630,a handle to an object was requested,"auth,windows",2017-05-02T15:02:42.060Z,52104,172.20.48.23,ms_windows_event-1655484026,846,<14>May  2 16:02:41 gcNGA0400.global.com ,4073158957,1,0.0.0.0/514/tcp,2b01-f2c7792d,11009,gcnga0400.global.com, ,4656,ms_windows_event,security,efe4e4df-9996-47ec-a22e-46bb949af5b0#179,"{""id"":""efe4e4df-9996-47ec-a22e-46bb949af5b0#179"",""num_events"":745,""data_type"":""passthrough"",""batch_id"":""efe4e4df-9996-47ec-a22e-46bb949af5b0"",""batch_segment"":0,""customer_id"":""lga03"",""sequence_number"":178,""source_type"":""json"",""target_index"":""""}",11009,s-1-5-18,gcnga0400$,{00000000-0000-0000-0000-000000000000},plugplaymanager,0x2ec,c:\windows\system32\svchost.exe,-,0x3e7,unknown specific access (bit 1)         access reasons:  -,0,plugplaysecurityobject,globalcom, , , , , , , , , , , , , , , , , , , , , , , , , , , , , 
microsoft-windows-security-auditing,success audit,other object access events,gcnga0400.global.com,127.0.0.1,MSWinEventLog	1	Security	995053	Tue May  2 16:02:41 2017	4656	Microsoft-Windows-Security-Auditing	N/A	N/A	Success Audit	gcNGA0400.global.com	Other Object Access Events		A handle to an object was requested.    Subject:   Security ID:  S-1-5-18   Account Name:  gcNGA0400$   Account Domain:  globalcom   Logon ID:  0x3e7    Object:   Object Server:  PlugPlayManager   Object Type:  Security   Object Name:  PlugPlaySecurityObject   Handle ID:  0x0    Process Information:   Process ID:  0x2ec   Process Name:  C:\Windows\System32\svchost.exe    Access Request Information:   Transaction ID:  {00000000-0000-0000-0000-000000000000}   Accesses:  Unknown specific access (bit 1)         Access Reasons:  -   Access Mask:  0x2   Privileges Used for Access Check: -   Restricted SID Count: 0	189124633,a handle to an object was requested,"auth,windows",2017-05-02T15:02:42.063Z,52104,172.20.48.23,ms_windows_event-1655484026,846,<14>May  2 16:02:41 gcNGA0400.global.com ,4073158960,1,0.0.0.0/514/tcp,2b01-f2c77930,11009,gcnga0400.global.com, ,4656,ms_windows_event,security,efe4e4df-9996-47ec-a22e-46bb949af5b0#180,"{""id"":""efe4e4df-9996-47ec-a22e-46bb949af5b0#180"",""num_events"":745,""data_type"":""passthrough"",""batch_id"":""efe4e4df-9996-47ec-a22e-46bb949af5b0"",""batch_segment"":0,""customer_id"":""lga03"",""sequence_number"":179,""source_type"":""json"",""target_index"":""""}",11009,s-1-5-18,gcnga0400$,{00000000-0000-0000-0000-000000000000},plugplaymanager,0x2ec,c:\windows\system32\svchost.exe,-,0x3e7,unknown specific access (bit 1)         access reasons:  -,0,plugplaysecurityobject,globalcom, , , , , , , , , , , , , , , , , , , , , , , , , , , , , 
microsoft-windows-security-auditing,success audit,kerberos service ticket operations,gcsmq0000.global.com,127.0.0.1,MSWinEventLog	1	Security	1629935	Tue May  2 11:02:40 2017	4769	Microsoft-Windows-Security-Auditing	N/A	N/A	Success Audit	gcSMQ0000.global.com	Kerberos Service Ticket Operations		N/A	186395024,n/a,"auth,windows",2017-05-02T15:02:42.621Z,51131,172.21.14.20,ms_windows_event-2408821607,238,<14>May  2 11:02:40 gcSMQ0000.global.com ,27946634752,0,0.0.0.0/514/tcp,2b03-681bfce00,11011,gcsmq0000.global.com,2017-05-02T11:02:40.000Z,4769,ms_windows_event,security,efe4e4df-9996-47ec-a22e-46bb949af5b0#269,"{""id"":""efe4e4df-9996-47ec-a22e-46bb949af5b0#269"",""num_events"":716,""data_type"":""passthrough"",""batch_id"":""efe4e4df-9996-47ec-a22e-46bb949af5b0"",""batch_segment"":0,""customer_id"":""lga03"",""sequence_number"":268,""source_type"":""json"",""target_index"":""""}",11011, , , , , , , , , , , , , , , , , , , , , , , , , , , , , , , , , , , , , , , , , 
microsoft-windows-security-auditing,success audit,other object access events,gcnga0400.global.com,127.0.0.1,MSWinEventLog	1	Security	995065	Tue May  2 16:02:41 2017	4656	Microsoft-Windows-Security-Auditing	N/A	N/A	Success Audit	gcNGA0400.global.com	Other Object Access Events		A handle to an object was requested.    Subject:   Security ID:  S-1-5-18   Account Name:  gcNGA0400$   Account Domain:  globalcom   Logon ID:  0x3e7    Object:   Object Server:  PlugPlayManager   Object Type:  Security   Object Name:  PlugPlaySecurityObject   Handle ID:  0x0    Process Information:   Process ID:  0x2ec   Process Name:  C:\Windows\System32\svchost.exe    Access Request Information:   Transaction ID:  {00000000-0000-0000-0000-000000000000}   Accesses:  Unknown specific access (bit 1)         Access Reasons:  -   Access Mask:  0x2   Privileges Used for Access Check: -   Restricted SID Count: 0	189124645,a handle to an object was requested,"auth,windows",2017-05-02T15:02:42.071Z,52104,172.20.48.23,ms_windows_event-1655484026,846,<14>May  2 16:02:41 gcNGA0400.global.com ,4073158972,1,0.0.0.0/514/tcp,2b01-f2c7793c,11009,gcnga0400.global.com, ,4656,ms_windows_event,security,efe4e4df-9996-47ec-a22e-46bb949af5b0#305,"{""id"":""efe4e4df-9996-47ec-a22e-46bb949af5b0#305"",""num_events"":716,""data_type"":""passthrough"",""batch_id"":""efe4e4df-9996-47ec-a22e-46bb949af5b0"",""batch_segment"":0,""customer_id"":""lga03"",""sequence_number"":304,""source_type"":""json"",""target_index"":""""}",11009,s-1-5-18,gcnga0400$,{00000000-0000-0000-0000-000000000000},plugplaymanager,0x2ec,c:\windows\system32\svchost.exe,-,0x3e7,unknown specific access (bit 1)         access reasons:  -,0,plugplaysecurityobject,globalcom, , , , , , , , , , , , , , , , , , , , , , , , , , , , , 
microsoft-windows-security-auditing,success audit,other object access events,gcnga0400.global.com,127.0.0.1,MSWinEventLog	1	Security	995069	Tue May  2 16:02:41 2017	4656	Microsoft-Windows-Security-Auditing	N/A	N/A	Success Audit	gcNGA0400.global.com	Other Object Access Events		A handle to an object was requested.    Subject:   Security ID:  S-1-5-18   Account Name:  gcNGA0400$   Account Domain:  globalcom   Logon ID:  0x3e7    Object:   Object Server:  PlugPlayManager   Object Type:  Security   Object Name:  PlugPlaySecurityObject   Handle ID:  0x0    Process Information:   Process ID:  0x2ec   Process Name:  C:\Windows\System32\svchost.exe    Access Request Information:   Transaction ID:  {00000000-0000-0000-0000-000000000000}   Accesses:  Unknown specific access (bit 1)         Access Reasons:  -   Access Mask:  0x2   Privileges Used for Access Check: -   Restricted SID Count: 0	189124649,a handle to an object was requested,"auth,windows",2017-05-02T15:02:42.073Z,52104,172.20.48.23,ms_windows_event-1655484026,846,<14>May  2 16:02:41 gcNGA0400.global.com ,4073158976,1,0.0.0.0/514/tcp,2b01-f2c77940,11009,gcnga0400.global.com, ,4656,ms_windows_event,security,efe4e4df-9996-47ec-a22e-46bb949af5b0#306,"{""id"":""efe4e4df-9996-47ec-a22e-46bb949af5b0#306"",""num_events"":716,""data_type"":""passthrough"",""batch_id"":""efe4e4df-9996-47ec-a22e-46bb949af5b0"",""batch_segment"":0,""customer_id"":""lga03"",""sequence_number"":305,""source_type"":""json"",""target_index"":""""}",11009,s-1-5-18,gcnga0400$,{00000000-0000-0000-0000-000000000000},plugplaymanager,0x2ec,c:\windows\system32\svchost.exe,-,0x3e7,unknown specific access (bit 1)         access reasons:  -,0,plugplaysecurityobject,globalcom, , , , , , , , , , , , , , , , , , , , , , , , , , , , , 
microsoft-windows-security-auditing,success audit,filtering platform connection,gcken0400.global.com,127.0.0.1,MSWinEventLog	1	Security	864025	Tue May  2 18:03:07 2017	5158	Microsoft-Windows-Security-Auditing	N/A	N/A	Success Audit	gcKEN0400.global.com	Filtering Platform Connection		The Windows Filtering Platform has permitted a bind to a local port.    Application Information:   Process ID:  1628   Application Name: \device\harddiskvolume2\windows\carbonblack\cb.exe    Network Information:   Source Address:  0.0.0.0   Source Port:  63908   Protocol:  6    Filter Information:   Filter Run-Time ID: 0   Layer Name:  Resource Assignment   Layer Run-Time ID: 36	145963530,the windows filtering platform has permitted a bind to a local port,"auth,windows",2017-05-02T15:02:41.939Z,55560,172.20.46.23,ms_windows_event-1072601665,610,<14>May  2 18:03:07 gcKEN0400.global.com ,4357198849,1,0.0.0.0/514/tcp,2agc-103b59401,11007,gcken0400.global.com,2017-05-02T18:03:07.000Z,5158,ms_windows_event,security,efe4e4df-9996-47ec-a22e-46bb949af5b0#310,"{""id"":""efe4e4df-9996-47ec-a22e-46bb949af5b0#310"",""num_events"":716,""data_type"":""passthrough"",""batch_id"":""efe4e4df-9996-47ec-a22e-46bb949af5b0"",""batch_segment"":0,""customer_id"":""lga03"",""sequence_number"":309,""source_type"":""json"",""target_index"":""""}",11007, , , , , , , , , , , , , ,63908,0.0.0.0,6,\device\harddiskvolume2\windows\carbonblack\cb.exe,broadcast rfc1700,rsv, , , , , , , , , , , , , , , , , , , , , , 
microsoft-windows-security-auditing,success audit,process creation,gcsmq0602.global.com,127.0.0.1,"MSWinEventLog	1	Security	1160114	Tue May  2 11:02:41 2017	4688	Microsoft-Windows-Security-Auditing	N/A	N/A	Success Audit	gcSMQ0602.global.com	Process Creation		A new process has been created.    Subject:   Security ID:  S-1-5-18   Account Name:  gcSMQ0602$   Account Domain:  globalcom   Logon ID:  0x3e7    Process Information:   New Process ID:  0x11c0   New Process Name: C:\Windows\System32\conhost.exe   Token Elevation Type: TokenElevationTypeDefault (1)   Creator Process ID: 0x1bc   Process Command Line:     Token Elevation Type indicates the type of token that was assigned to the new process in accordance with User Account Control policy.    Type 1 is a full token with no privileges removed or groups disabled.  A full token is only used if User Account Control is disabled or if the user is the built-in Administrator account or a service account.    Type 2 is an elevated token with no privileges removed or groups disabled.  An elevated token is used when User Account Control is enabled and the user chooses to start the program using Run as administrator.  An elevated token is also used when an application is configured to always require administrative privilege or to always require maximum privilege, and the user is a member of the Administrators group.    Type 3 is a limited token with administrative privileges removed and administrative groups disabled.  The limited token is used when User Account Control is enabled, the application does not require administrative privilege, and the user does not choose to start the program using Run as administrator.	1210041826",a new process has been created,"auth,windows",2017-05-02T15:02:42.412Z,54131,172.21.25.20,ms_windows_event-3786035194,1645,<14>May  2 11:02:41 gcSMQ0602.global.com ,27946634713,0,0.0.0.0/514/tcp,2b03-681bfcdd9,11011,gcsmq0602.global.com,2017-05-02T11:02:41.000Z,4688,ms_windows_event,security,efe4e4df-9996-47ec-a22e-46bb949af5b0#374,"{""id"":""efe4e4df-9996-47ec-a22e-46bb949af5b0#374"",""num_events"":713,""data_type"":""passthrough"",""batch_id"":""efe4e4df-9996-47ec-a22e-46bb949af5b0"",""batch_segment"":0,""customer_id"":""lga03"",""sequence_number"":373,""source_type"":""json"",""target_index"":""""}",11011, ,gcsmq0602$, , ,0x11c0,c:\windows\system32\conhost.exe, ,0x3e7, , ,conhost.exe,globalcom, , , , , , , , ,type 1 is a full token with no privileges removed or groups disabled, , , , , ,0x1bc,token elevation type indicates the type of token that was assigned to the new process in accordance with user account control policy., , , , , , , , , , , , , 
microsoft-windows-security-auditing,success audit,kerberos authentication service,gcnyc-60-010.global.com,127.0.0.1,MSWinEventLog	1	Security	1354664	Tue May  2 11:02:41 2017	4768	Microsoft-Windows-Security-Auditing	N/A	N/A	Success Audit	gcNYC-60-010.global.com	Kerberos Authentication Service		N/A	153578644,n/a,"auth,windows",2017-05-02T15:02:42.923Z,59147,172.21.14.26,ms_windows_event-3984003816,241,<14>May  2 11:02:41 gcNYC-60-010.global.com ,27946634790,0,0.0.0.0/514/tcp,2b03-681bfce26,11011,gcnyc-60-010.global.com,2017-05-02T11:02:41.000Z,4768,ms_windows_event,security,efe4e4df-9996-47ec-a22e-46bb949af5b0#380,"{""id"":""efe4e4df-9996-47ec-a22e-46bb949af5b0#380"",""num_events"":713,""data_type"":""passthrough"",""batch_id"":""efe4e4df-9996-47ec-a22e-46bb949af5b0"",""batch_segment"":0,""customer_id"":""lga03"",""sequence_number"":379,""source_type"":""json"",""target_index"":""""}",11011, , , , , , , , , , , , , , , , , , , , , , , , , , , , , , , , , , , , , , , , , 
microsoft-windows-security-auditing,success audit,kerberos service ticket operations,gcnyc-60-010.global.com,127.0.0.1,MSWinEventLog	1	Security	1354669	Tue May  2 11:02:42 2017	4769	Microsoft-Windows-Security-Auditing	N/A	N/A	Success Audit	gcNYC-60-010.global.com	Kerberos Service Ticket Operations		N/A	153578649,n/a,"auth,windows",2017-05-02T15:02:42.925Z,59147,172.21.14.26,ms_windows_event-2408821607,244,<14>May  2 11:02:42 gcNYC-60-010.global.com ,27946634795,0,0.0.0.0/514/tcp,2b03-681bfce2b,11011,gcnyc-60-010.global.com,2017-05-02T11:02:42.000Z,4769,ms_windows_event,security,efe4e4df-9996-47ec-a22e-46bb949af5b0#381,"{""id"":""efe4e4df-9996-47ec-a22e-46bb949af5b0#381"",""num_events"":713,""data_type"":""passthrough"",""batch_id"":""efe4e4df-9996-47ec-a22e-46bb949af5b0"",""batch_segment"":0,""customer_id"":""lga03"",""sequence_number"":380,""source_type"":""json"",""target_index"":""""}",11011, , , , , , , , , , , , , , , , , , , , , , , , , , , , , , , , , , , , , , , , , 
microsoft-windows-security-auditing,failure audit,filtering platform packet drop,gcind0400.global.com,127.0.0.1,MSWinEventLog	3	Security	1535149	Tue May  2 20:30:54 2017	5152	Microsoft-Windows-Security-Auditing	N/A	N/A	Failure Audit	gcIND0400.global.com	Filtering Platform Packet Drop		The Windows Filtering Platform has blocked a packet.    Application Information:   Process ID:  976   Application Name: \device\harddiskvolume2\windows\system32\svchost.exe    Network Information:   Direction:  Inbound   Source Address:  0.0.0.0   Source Port:  68   Destination Address: 255.255.255.255   Destination Port:  67   Protocol:  17    Filter Information:   Filter Run-Time ID: 152942   Layer Name:  Receive/Accept   Layer Run-Time ID: 44	671456102,the windows filtering platform has blocked a packet,"auth,windows",2017-05-02T15:02:42.583Z,63364,172.20.42.23,ms_windows_event-820008369,680,<11>May  2 20:30:54 gcIND0400.global.com ,285063374,1,0.0.0.0/514/tcp,2afe-10fdb8ce,11006,gcind0400.global.com, ,5152,ms_windows_event,security,efe4e4df-9996-47ec-a22e-46bb949af5b0#385,"{""id"":""efe4e4df-9996-47ec-a22e-46bb949af5b0#385"",""num_events"":713,""data_type"":""passthrough"",""batch_id"":""efe4e4df-9996-47ec-a22e-46bb949af5b0"",""batch_segment"":0,""customer_id"":""lga03"",""sequence_number"":384,""source_type"":""json"",""target_index"":""""}",11006, , , , ,976, , , , , , , , ,68,0.0.0.0,17,\device\harddiskvolume2\windows\system32\svchost.exe,broadcast rfc1700,rsv, , , , , , , , , ,67,255.255.255.255,inbound,reserved rfc3330,rsv, , , , , , , , 
microsoft-windows-security-auditing,failure audit,filtering platform connection,gcind0400.global.com,127.0.0.1,MSWinEventLog	3	Security	1535152	Tue May  2 20:30:54 2017	5157	Microsoft-Windows-Security-Auditing	N/A	N/A	Failure Audit	gcIND0400.global.com	Filtering Platform Connection		The Windows Filtering Platform has blocked a connection.    Application Information:   Process ID:  976   Application Name: \device\harddiskvolume2\windows\system32\svchost.exe    Network Information:   Direction:  Inbound   Source Address:  255.255.255.255   Source Port:  67   Destination Address: 0.0.0.0   Destination Port:  68   Protocol:  0    Filter Information:   Filter Run-Time ID: 152942   Layer Name:  Receive/Accept   Layer Run-Time ID: 44	671456105,the windows filtering platform has blocked a connection,"auth,windows",2017-05-02T15:02:42.583Z,63364,172.20.42.23,ms_windows_event-820008369,682,<11>May  2 20:30:54 gcIND0400.global.com ,285063377,1,0.0.0.0/514/tcp,2afe-10fdb8d1,11006,gcind0400.global.com, ,5157,ms_windows_event,security,efe4e4df-9996-47ec-a22e-46bb949af5b0#386,"{""id"":""efe4e4df-9996-47ec-a22e-46bb949af5b0#386"",""num_events"":713,""data_type"":""passthrough"",""batch_id"":""efe4e4df-9996-47ec-a22e-46bb949af5b0"",""batch_segment"":0,""customer_id"":""lga03"",""sequence_number"":385,""source_type"":""json"",""target_index"":""""}",11006, , , , ,976, , , , , , , , ,67,255.255.255.255,0,\device\harddiskvolume2\windows\system32\svchost.exe,reserved rfc3330,rsv, , , , , , , , , ,68,0.0.0.0,inbound,broadcast rfc1700,rsv, , , , , , , , 
microsoft-windows-security-auditing,success audit,other policy change events,gcind0400.global.com,127.0.0.1,MSWinEventLog	1	Security	1535155	Tue May  2 20:30:54 2017	5447	Microsoft-Windows-Security-Auditing	N/A	N/A	Success Audit	gcIND0400.global.com	Other Policy Change Events		A Windows Filtering Platform filter has been changed.     Subject:   Security ID:  S-1-5-19   Account Name:  NT AUTHORITY\LOCAL SERVICE    Process Information:   Process ID: 1196    Provider Information:   ID:  {4B153735-1049-4480-AAB4-D1B9BDC03710}   Name:  Microsoft Corporation    Change Information:   Change Type: Delete    Filter Information:   ID:  {D015EB4C-C4A4-4F4D-A4D9-018AE9C44D55}   Name:  An inbound rule to allow tragcic to the IPv6 Dynamic Host Control Protocol Server. [UDP 547]   Type:  Not persistent   Run-Time ID: 153575    Layer Information:   ID:  {E1CD9FE7-F4B5-4273-96C0-592E487B8650}   Name:  ALE Receive/Accept v4 Layer   Run-Time ID: 44    Callout Information:   ID:  {00000000-0000-0000-0000-000000000000}   Name:  -    Additional Information:   Weight: 2111886959050752    Conditions:   Condition ID: {d78e1e87-8644-4ea5-9437-d809ecefc971}  Match value: Equal to  Condition value:      00000000  5c 00 64 00 65 00 76 00-69 00 63 00 65 00 5c 00  \.d.e.v.i.c.e.\.     00000010  68 00 61 00 72 00 64 00-64 00 69 00 73 00 6b 00  h.a.r.d.d.i.s.k.     00000020  76 00 6f 00 6c 00 75 00-6d 00 65 00 32 00 5c 00  v.o.l.u.m.e.2.\.     00000030  77 00 69 00 6e 00 64 00-6f 00 77 00 73 00 5c 00  w.i.n.d.o.w.s.\.     00000040  73 00 79 00 73 00 74 00-65 00 6d 00 33 00 32 00  s.y.s.t.e.m.3.2.     00000050  5c 00 73 00 76 00 63 00-68 00 6f 00 73 00 74 00  \.s.v.c.h.o.s.t.     00000060  2e 00 65 00 78 00 65 00-00 00                    ..e.x.e...    Condition ID: {af043a0a-b34d-4f86-979c-c90371af6e66}  Match value: Equal to  Condition value:  O:SYG:SYD:(A;;CCRC;;;S-1-5-80-3273805168-4048181553-3172130058-210131473-390205191)    Condition ID: {0c1ba1af-5765-453f-af22-a8f791ac775b}  Match value: Equal to  Condition value: 0x0087   Condition ID: {3971ef2b-623e-4f9a-8cb1-6e79b806b9a7}  Match value: Equal to  Condition value: 0x06    Filter Action: Permit	671456108,a windows filtering platform filter has been changed,"auth,windows",2017-05-02T15:02:42.583Z,63364,172.20.42.23,ms_windows_event-1173465555,2105,<14>May  2 20:30:54 gcIND0400.global.com ,285063380,1,0.0.0.0/514/tcp,2afe-10fdb8d4,11006,gcind0400.global.com,2017-05-02T20:30:54.000Z,5447,ms_windows_event,security,efe4e4df-9996-47ec-a22e-46bb949af5b0#387,"{""id"":""efe4e4df-9996-47ec-a22e-46bb949af5b0#387"",""num_events"":713,""data_type"":""passthrough"",""batch_id"":""efe4e4df-9996-47ec-a22e-46bb949af5b0"",""batch_segment"":0,""customer_id"":""lga03"",""sequence_number"":386,""source_type"":""json"",""target_index"":""""}",11006,s-1-5-19,nt authority\local service  , , ,1196, , , , , , , , , , , , , , , , , , , , , , , , , , , , ,"""2111886959050752""",microsoft corporation,permit, , , , , 
microsoft-windows-security-auditing,success audit,filtering platform connection,gcken0400.global.com,127.0.0.1,MSWinEventLog	1	Security	864030	Tue May  2 18:03:11 2017	5158	Microsoft-Windows-Security-Auditing	N/A	N/A	Success Audit	gcKEN0400.global.com	Filtering Platform Connection		The Windows Filtering Platform has permitted a bind to a local port.    Application Information:   Process ID:  2004   Application Name: \device\harddiskvolume2\program files\agent-5.8.3\jre\bin\java.exe    Network Information:   Source Address:  0.0.0.0   Source Port:  63910   Protocol:  6    Filter Information:   Filter Run-Time ID: 0   Layer Name:  Resource Assignment   Layer Run-Time ID: 36	145963535,the windows filtering platform has permitted a bind to a local port,"auth,windows",2017-05-02T15:02:42.968Z,55560,172.20.46.23,ms_windows_event-1072601665,626,<14>May  2 18:03:11 gcKEN0400.global.com ,4357198877,1,0.0.0.0/514/tcp,2agc-103b5941d,11007,gcken0400.global.com,2017-05-02T18:03:11.000Z,5158,ms_windows_event,security,efe4e4df-9996-47ec-a22e-46bb949af5b0#450,"{""id"":""efe4e4df-9996-47ec-a22e-46bb949af5b0#450"",""num_events"":695,""data_type"":""passthrough"",""batch_id"":""efe4e4df-9996-47ec-a22e-46bb949af5b0"",""batch_segment"":0,""customer_id"":""lga03"",""sequence_number"":449,""source_type"":""json"",""target_index"":""""}",11007, , , , , , , , , , , , , ,63910,0.0.0.0,6,\device\harddiskvolume2\program files\agent-5.8.3\jre\bin\java.exe,broadcast rfc1700,rsv, , , , , , , , , , , , , , , , , , , , , , 
microsoft-windows-security-auditing,success audit,kerberos service ticket operations,gcnyc-60-010.global.com,127.0.0.1,MSWinEventLog	1	Security	1354656	Tue May  2 11:02:41 2017	4769	Microsoft-Windows-Security-Auditing	N/A	N/A	Success Audit	gcNYC-60-010.global.com	Kerberos Service Ticket Operations		N/A	153578636,n/a,"auth,windows",2017-05-02T15:02:42.921Z,59147,172.21.14.26,ms_windows_event-2408821607,244,<14>May  2 11:02:41 gcNYC-60-010.global.com ,27946634782,0,0.0.0.0/514/tcp,2b03-681bfce1e,11011,gcnyc-60-010.global.com,2017-05-02T11:02:41.000Z,4769,ms_windows_event,security,efe4e4df-9996-47ec-a22e-46bb949af5b0#457,"{""id"":""efe4e4df-9996-47ec-a22e-46bb949af5b0#457"",""num_events"":695,""data_type"":""passthrough"",""batch_id"":""efe4e4df-9996-47ec-a22e-46bb949af5b0"",""batch_segment"":0,""customer_id"":""lga03"",""sequence_number"":456,""source_type"":""json"",""target_index"":""""}",11011, , , , , , , , , , , , , , , , , , , , , , , , , , , , , , , , , , , , , , , , , 
microsoft-windows-dnsserver,information,dynamic_update,gcsmq0002.global.com,127.0.0.1,"MSWinEventLog	1	Microsoft-Windows-DNSServer/Audit	2131833	Tue May  2 11:02:42 2017	519	Microsoft-Windows-DNSServer	SYSTEM	User	Information	gcSMQ0002.global.com	DYNAMIC_UPDATE		A resource record of type 1, name NYCWS5062, TTL 1200 and RDATA 0xAC182167 was created in scope Default of zone global.com via dynamic update from IP Address 172.24.33.128.	448651",a resource record was created in scope default via dynamic update,"auth,windows",2017-05-02T15:02:43.310Z,50165,172.21.14.21,ms_windows_event-2302141340,405,<14>May  2 11:02:42 gcSMQ0002.global.com ,27946634873,0,0.0.0.0/514/tcp,2b03-681bfce79,11011,gcsmq0002.global.com,2017-05-02T11:02:42.000Z,519,ms_windows_event,microsoft-windows-dnsserver/audit,efe4e4df-9996-47ec-a22e-46bb949af5b0#465,"{""id"":""efe4e4df-9996-47ec-a22e-46bb949af5b0#465"",""num_events"":695,""data_type"":""passthrough"",""batch_id"":""efe4e4df-9996-47ec-a22e-46bb949af5b0"",""batch_segment"":0,""customer_id"":""lga03"",""sequence_number"":464,""source_type"":""json"",""target_index"":""""}",11011, , , , , , , , , , , , , , ,172.24.33.128, , ,private ip address lan,rsv, , , , , , , , , , , , , , , , , ,1,1200,global.com, , 
microsoft-windows-security-auditing,success audit,logogc,gcsmq0002.global.com,127.0.0.1,MSWinEventLog	1	Security	2131837	Tue May  2 11:02:42 2017	4634	Microsoft-Windows-Security-Auditing	N/A	N/A	Success Audit	gcSMQ0002.global.com	Logogc		N/A	304321389,n/a,"auth,windows",2017-05-02T15:02:43.312Z,50165,172.21.14.21,ms_windows_event-1377334112,210,<14>May  2 11:02:42 gcSMQ0002.global.com ,27946634877,0,0.0.0.0/514/tcp,2b03-681bfce7d,11011,gcsmq0002.global.com,2017-05-02T11:02:42.000Z,4634,ms_windows_event,security,efe4e4df-9996-47ec-a22e-46bb949af5b0#466,"{""id"":""efe4e4df-9996-47ec-a22e-46bb949af5b0#466"",""num_events"":695,""data_type"":""passthrough"",""batch_id"":""efe4e4df-9996-47ec-a22e-46bb949af5b0"",""batch_segment"":0,""customer_id"":""lga03"",""sequence_number"":465,""source_type"":""json"",""target_index"":""""}",11011, , , , , , , , , , , , , , , , , , , , , , , , , , , , , , , , , , , , , , , , , 
microsoft-windows-security-auditing,success audit,logon,gcmex0000.global.com,127.0.0.1,MSWinEventLog	1	Security	141745	Tue May  2 10:02:40 2017	4624	Microsoft-Windows-Security-Auditing	N/A	N/A	Success Audit	gcMEX0000.global.com	Logon		N/A	20688170,n/a,"auth,windows",2017-05-02T15:02:42.053Z,53140,172.20.32.22,ms_windows_event-796723568,207,<14>May  2 10:02:40 gcMEX0000.global.com ,2661097790,1,0.0.0.0/514/tcp,2b00-9e9d213e,11008,gcmex0000.global.com,2017-05-02T10:02:40.000Z,4624,ms_windows_event,security,efe4e4df-9996-47ec-a22e-46bb949af5b0#530,"{""id"":""efe4e4df-9996-47ec-a22e-46bb949af5b0#530"",""num_events"":695,""data_type"":""passthrough"",""batch_id"":""efe4e4df-9996-47ec-a22e-46bb949af5b0"",""batch_segment"":0,""customer_id"":""lga03"",""sequence_number"":529,""source_type"":""json"",""target_index"":""""}",11008, , , , , , , , , , , , , , , , , , , , , , , , , , , , , , , , , , , , , , , , , 
